<?xml version="1.0" encoding="UTF-8"?>
<!-- Generated by org.testng.reporters.JUnitXMLReporter -->
<testsuite hostname="GANDHIAN1" name="EVS test" tests="2" failures="0" timestamp="21 Apr 2016 15:30:52 GMT" time="5.48" errors="0">
  <testcase name="@BeforeMethod LoginCheck" time="0.0" classname="newMMIS_Subsystems.EVS">
    <failure type="org.openqa.selenium.NoSuchWindowException" message="Window not found. The browser window may have been closed.
Command duration or timeout: 131 milliseconds
Build info: version: &amp;apos;2.32.0&amp;apos;, revision: &amp;apos;6c40c18&amp;apos;, time: &amp;apos;2013-04-09 17:22:56&amp;apos;
System info: os.name: &amp;apos;Windows 7&amp;apos;, os.arch: &amp;apos;amd64&amp;apos;, os.version: &amp;apos;6.1&amp;apos;, java.version: &amp;apos;1.7.0_21&amp;apos;
Session ID: 28394fa5-75be-404e-89d5-64ec5129410b
Driver info: org.openqa.selenium.firefox.FirefoxDriver
Capabilities [{platform=XP, databaseEnabled=true, cssSelectorsEnabled=true, javascriptEnabled=true, acceptSslCerts=true, handlesAlerts=true, browserName=firefox, browserConnectionEnabled=true, nativeEvents=true, webStorageEnabled=true, rotatable=false, locationContextEnabled=true, applicationCacheEnabled=true, takesScreenshot=true, version=21.0}]">
      <![CDATA[org.openqa.selenium.NoSuchWindowException: Window not found. The browser window may have been closed.
Command duration or timeout: 131 milliseconds
Build info: version: '2.32.0', revision: '6c40c18', time: '2013-04-09 17:22:56'
System info: os.name: 'Windows 7', os.arch: 'amd64', os.version: '6.1', java.version: '1.7.0_21'
Session ID: 28394fa5-75be-404e-89d5-64ec5129410b
Driver info: org.openqa.selenium.firefox.FirefoxDriver
Capabilities [{platform=XP, databaseEnabled=true, cssSelectorsEnabled=true, javascriptEnabled=true, acceptSslCerts=true, handlesAlerts=true, browserName=firefox, browserConnectionEnabled=true, nativeEvents=true, webStorageEnabled=true, rotatable=false, locationContextEnabled=true, applicationCacheEnabled=true, takesScreenshot=true, version=21.0}]
	at org.openqa.selenium.remote.ErrorHandler.createThrowable(ErrorHandler.java:187)
	at org.openqa.selenium.remote.ErrorHandler.throwIfResponseFailed(ErrorHandler.java:145)
	at org.openqa.selenium.remote.RemoteWebDriver.execute(RemoteWebDriver.java:554)
	at org.openqa.selenium.remote.RemoteWebElement.execute(RemoteWebElement.java:268)
	at org.openqa.selenium.remote.RemoteWebElement.clear(RemoteWebElement.java:113)
	at newMMIS_Subsystems.Login.testLoginPortal(Unknown Source)
	at newMMIS_Subsystems.Common.resetPortal(Unknown Source)
	at newMMIS_Subsystems.EVS.LoginCheck(Unknown Source)
Caused by: org.openqa.selenium.remote.ErrorHandler$UnknownServerException: Window not found. The browser window may have been closed.
Build info: version: '2.32.0', revision: '6c40c18', time: '2013-04-09 17:22:56'
System info: os.name: 'Windows 7', os.arch: 'amd64', os.version: '6.1', java.version: '1.7.0_21'
Driver info: driver.version: unknown
	at <anonymous class>.nsCommandProcessor.prototype.execute(file:///C:/Users/gandhian/AppData/Local/Temp/anonymous8753909661073676024webdriver-profile/extensions/fxdriver@googlecode.com/components/command_processor.js:10491)
	at <anonymous class>.Dispatcher.executeAs/<(file:///C:/Users/gandhian/AppData/Local/Temp/anonymous8753909661073676024webdriver-profile/extensions/fxdriver@googlecode.com/components/driver_component.js:7471)
	at <anonymous class>.Resource.prototype.handle(file:///C:/Users/gandhian/AppData/Local/Temp/anonymous8753909661073676024webdriver-profile/extensions/fxdriver@googlecode.com/components/driver_component.js:7629)
	at <anonymous class>.Dispatcher.prototype.dispatch(file:///C:/Users/gandhian/AppData/Local/Temp/anonymous8753909661073676024webdriver-profile/extensions/fxdriver@googlecode.com/components/driver_component.js:7576)
	at <anonymous class>.WebDriverServer/<.handle(file:///C:/Users/gandhian/AppData/Local/Temp/anonymous8753909661073676024webdriver-profile/extensions/fxdriver@googlecode.com/components/driver_component.js:10301)
	at <anonymous class>.<anonymous method>(file:///C:/Users/gandhian/AppData/Local/Temp/anonymous8753909661073676024webdriver-profile/extensions/fxdriver@googlecode.com/components/httpd.js:1935)
	at <anonymous class>.ServerHandler.prototype.handleResponse(file:///C:/Users/gandhian/AppData/Local/Temp/anonymous8753909661073676024webdriver-profile/extensions/fxdriver@googlecode.com/components/httpd.js:2261)
	at <anonymous class>.Connection.prototype.process(file:///C:/Users/gandhian/AppData/Local/Temp/anonymous8753909661073676024webdriver-profile/extensions/fxdriver@googlecode.com/components/httpd.js:1168)
	at <anonymous class>.RequestReader.prototype._handleResponse(file:///C:/Users/gandhian/AppData/Local/Temp/anonymous8753909661073676024webdriver-profile/extensions/fxdriver@googlecode.com/components/httpd.js:1616)
	at <anonymous class>.RequestReader.prototype._processBody(file:///C:/Users/gandhian/AppData/Local/Temp/anonymous8753909661073676024webdriver-profile/extensions/fxdriver@googlecode.com/components/httpd.js:1464)
	at <anonymous class>.RequestReader.prototype.onInputStreamReady(file:///C:/Users/gandhian/AppData/Local/Temp/anonymous8753909661073676024webdriver-profile/extensions/fxdriver@googlecode.com/components/httpd.js:1333)
... Removed 29 stack frames]]>
    </failure>
  </testcase> <!-- @BeforeMethod LoginCheck -->
  <testcase name="@BeforeMethod LoginCheck" time="0.0" classname="newMMIS_Subsystems.EVS">
    <skipped/>
  </testcase> <!-- @BeforeMethod LoginCheck -->
  <testcase name="RM_1561_part1" time="0.0" classname="newMMIS_Subsystems.EVS">
    <skipped/>
  </testcase> <!-- RM_1561_part1 -->
  <testcase name="RM_1561_part2" time="0.0" classname="newMMIS_Subsystems.EVS">
    <skipped/>
  </testcase> <!-- RM_1561_part2 -->
</testsuite> <!-- EVS test -->
