<?xml version="1.0" encoding="UTF-8"?>
<!-- Generated by org.testng.reporters.JUnitReportReporter -->
<testsuite hostname="GWT-2GJ2DL3" name="newMMIS_Subsystems.EVS" tests="147" failures="30" timestamp="27 Sep 2024 15:59:00 GMT" time="3330.300" errors="49">
  <testcase name="RM_970_611" time="14.784" classname="newMMIS_Subsystems.EVS"/>
  <testcase name="RM_1055_617" time="10.008" classname="newMMIS_Subsystems.EVS">
    <error type="org.testng.SkipException" message="Skipping this test  because this SQL did not return any rows: select id_medicaid from t_re_base b, t_re_pmp_assign p, t_pmp_svc_loc l where b.sak_recip=p.sak_recip and ind_active &lt;&gt;&#039;N&#039; and dte_death=&#039;0&#039; and p.cde_status1 &lt;&gt; &#039;H&#039; and substr(p.dte_end,1,6) &gt; substr(to_char(sysdate,&#039;YYYYMMDD&#039;),1,6) and p.sak_pub_hlth=24 and p.sak_pmp_ser_loc=l.sak_pmp_ser_loc and l.sak_prov=31467 and l.cde_service_loc=&#039;A&#039; and concat(substr(dte_birth,1,4)+65, substr(dte_birth,5,2)) &gt; substr(to_char(sysdate,&#039;YYYYMMDD&#039;),1,6) and rownum=1">
      <![CDATA[org.testng.SkipException: Skipping this test  because this SQL did not return any rows: select id_medicaid from t_re_base b, t_re_pmp_assign p, t_pmp_svc_loc l where b.sak_recip=p.sak_recip and ind_active <>'N' and dte_death='0' and p.cde_status1 <> 'H' and substr(p.dte_end,1,6) > substr(to_char(sysdate,'YYYYMMDD'),1,6) and p.sak_pub_hlth=24 and p.sak_pmp_ser_loc=l.sak_pmp_ser_loc and l.sak_prov=31467 and l.cde_service_loc='A' and concat(substr(dte_birth,1,4)+65, substr(dte_birth,5,2)) > substr(to_char(sysdate,'YYYYMMDD'),1,6) and rownum=1
	at newMMIS_Subsystems.Common.executeQuery(Unknown Source)
	at newMMIS_Subsystems.EVS.RMreset(Unknown Source)
	at newMMIS_Subsystems.EVS.RM_1055_617(Unknown Source)
	at sun.reflect.NativeMethodAccessorImpl.invoke0(Native Method)
	at sun.reflect.NativeMethodAccessorImpl.invoke(NativeMethodAccessorImpl.java:62)
	at sun.reflect.DelegatingMethodAccessorImpl.invoke(DelegatingMethodAccessorImpl.java:43)
	at java.lang.reflect.Method.invoke(Method.java:498)
	at org.testng.internal.MethodInvocationHelper.invokeMethod(MethodInvocationHelper.java:85)
	at org.testng.internal.Invoker.invokeMethod(Invoker.java:639)
	at org.testng.internal.Invoker.invokeTestMethod(Invoker.java:816)
	at org.testng.internal.Invoker.invokeTestMethods(Invoker.java:1124)
	at org.testng.internal.TestMethodWorker.invokeTestMethods(TestMethodWorker.java:125)
	at org.testng.internal.TestMethodWorker.run(TestMethodWorker.java:108)
	at org.testng.TestRunner.privateRun(TestRunner.java:774)
	at org.testng.TestRunner.run(TestRunner.java:624)
	at org.testng.SuiteRunner.runTest(SuiteRunner.java:359)
	at org.testng.SuiteRunner.runSequentially(SuiteRunner.java:354)
	at org.testng.SuiteRunner.privateRun(SuiteRunner.java:312)
	at org.testng.SuiteRunner.run(SuiteRunner.java:261)
	at org.testng.SuiteRunnerWorker.runSuite(SuiteRunnerWorker.java:52)
	at org.testng.SuiteRunnerWorker.run(SuiteRunnerWorker.java:86)
	at org.testng.TestNG.runSuitesSequentially(TestNG.java:1215)
	at org.testng.TestNG.runSuitesLocally(TestNG.java:1140)
	at org.testng.TestNG.run(TestNG.java:1048)
	at org.testng.TestNG.privateMain(TestNG.java:1355)
	at org.testng.TestNG.main(TestNG.java:1324)
]]>
    </error>
  </testcase> <!-- RM_1055_617 -->
  <testcase name="RM_596_596" time="77.635" classname="newMMIS_Subsystems.EVS">
    <error type="org.testng.SkipException" message="Skipping this test  because this SQL did not return any rows: select id_medicaid from t_re_base b, t_re_aid_elig e where b.sak_recip=e.sak_recip and ind_active &lt;&gt; &#039;N&#039; and dte_death=&#039;0&#039; and e.sak_cde_aid=110 and e.cde_status1 &lt;&gt; &#039;H&#039; and e.dte_end =&#039;22991231&#039; and not exists (select 1 from t_re_pmp_assign where sak_recip=b.sak_recip and cde_status1 &lt;&gt; &#039;H&#039; ) and rownum=1">
      <![CDATA[org.testng.SkipException: Skipping this test  because this SQL did not return any rows: select id_medicaid from t_re_base b, t_re_aid_elig e where b.sak_recip=e.sak_recip and ind_active <> 'N' and dte_death='0' and e.sak_cde_aid=110 and e.cde_status1 <> 'H' and e.dte_end ='22991231' and not exists (select 1 from t_re_pmp_assign where sak_recip=b.sak_recip and cde_status1 <> 'H' ) and rownum=1
	at newMMIS_Subsystems.Common.executeQuery(Unknown Source)
	at newMMIS_Subsystems.EVS.RMreset(Unknown Source)
	at newMMIS_Subsystems.EVS.RM_596_596(Unknown Source)
	at sun.reflect.NativeMethodAccessorImpl.invoke0(Native Method)
	at sun.reflect.NativeMethodAccessorImpl.invoke(NativeMethodAccessorImpl.java:62)
	at sun.reflect.DelegatingMethodAccessorImpl.invoke(DelegatingMethodAccessorImpl.java:43)
	at java.lang.reflect.Method.invoke(Method.java:498)
	at org.testng.internal.MethodInvocationHelper.invokeMethod(MethodInvocationHelper.java:85)
	at org.testng.internal.Invoker.invokeMethod(Invoker.java:639)
	at org.testng.internal.Invoker.invokeTestMethod(Invoker.java:816)
	at org.testng.internal.Invoker.invokeTestMethods(Invoker.java:1124)
	at org.testng.internal.TestMethodWorker.invokeTestMethods(TestMethodWorker.java:125)
	at org.testng.internal.TestMethodWorker.run(TestMethodWorker.java:108)
	at org.testng.TestRunner.privateRun(TestRunner.java:774)
	at org.testng.TestRunner.run(TestRunner.java:624)
	at org.testng.SuiteRunner.runTest(SuiteRunner.java:359)
	at org.testng.SuiteRunner.runSequentially(SuiteRunner.java:354)
	at org.testng.SuiteRunner.privateRun(SuiteRunner.java:312)
	at org.testng.SuiteRunner.run(SuiteRunner.java:261)
	at org.testng.SuiteRunnerWorker.runSuite(SuiteRunnerWorker.java:52)
	at org.testng.SuiteRunnerWorker.run(SuiteRunnerWorker.java:86)
	at org.testng.TestNG.runSuitesSequentially(TestNG.java:1215)
	at org.testng.TestNG.runSuitesLocally(TestNG.java:1140)
	at org.testng.TestNG.run(TestNG.java:1048)
	at org.testng.TestNG.privateMain(TestNG.java:1355)
	at org.testng.TestNG.main(TestNG.java:1324)
]]>
    </error>
  </testcase> <!-- RM_596_596 -->
  <testcase name="RM_972_611" time="12.672" classname="newMMIS_Subsystems.EVS"/>
  <testcase name="RM_1065_619" time="7.473" classname="newMMIS_Subsystems.EVS">
    <error type="org.testng.SkipException" message="Skipping this test  because this SQL did not return any rows: select id_medicaid from t_re_base b, t_re_pmp_assign p, t_pmp_svc_loc l where b.sak_recip=p.sak_recip and ind_active &lt;&gt;&#039;N&#039; and dte_death=&#039;0&#039; and p.cde_status1 &lt;&gt; &#039;H&#039; and substr(p.dte_end,1,6) &gt; substr(to_char(sysdate,&#039;YYYYMMDD&#039;),1,6) and p.sak_pub_hlth=26 and p.sak_pmp_ser_loc=l.sak_pmp_ser_loc and l.sak_prov=31449 and l.cde_service_loc=&#039;B&#039; and substr(dte_birth,1,4)+65 &gt; substr(to_char(sysdate,&#039;YYYYMMDD&#039;),1,4) and rownum=1">
      <![CDATA[org.testng.SkipException: Skipping this test  because this SQL did not return any rows: select id_medicaid from t_re_base b, t_re_pmp_assign p, t_pmp_svc_loc l where b.sak_recip=p.sak_recip and ind_active <>'N' and dte_death='0' and p.cde_status1 <> 'H' and substr(p.dte_end,1,6) > substr(to_char(sysdate,'YYYYMMDD'),1,6) and p.sak_pub_hlth=26 and p.sak_pmp_ser_loc=l.sak_pmp_ser_loc and l.sak_prov=31449 and l.cde_service_loc='B' and substr(dte_birth,1,4)+65 > substr(to_char(sysdate,'YYYYMMDD'),1,4) and rownum=1
	at newMMIS_Subsystems.Common.executeQuery(Unknown Source)
	at newMMIS_Subsystems.EVS.RMreset(Unknown Source)
	at newMMIS_Subsystems.EVS.RM_1065_619(Unknown Source)
	at sun.reflect.NativeMethodAccessorImpl.invoke0(Native Method)
	at sun.reflect.NativeMethodAccessorImpl.invoke(NativeMethodAccessorImpl.java:62)
	at sun.reflect.DelegatingMethodAccessorImpl.invoke(DelegatingMethodAccessorImpl.java:43)
	at java.lang.reflect.Method.invoke(Method.java:498)
	at org.testng.internal.MethodInvocationHelper.invokeMethod(MethodInvocationHelper.java:85)
	at org.testng.internal.Invoker.invokeMethod(Invoker.java:639)
	at org.testng.internal.Invoker.invokeTestMethod(Invoker.java:816)
	at org.testng.internal.Invoker.invokeTestMethods(Invoker.java:1124)
	at org.testng.internal.TestMethodWorker.invokeTestMethods(TestMethodWorker.java:125)
	at org.testng.internal.TestMethodWorker.run(TestMethodWorker.java:108)
	at org.testng.TestRunner.privateRun(TestRunner.java:774)
	at org.testng.TestRunner.run(TestRunner.java:624)
	at org.testng.SuiteRunner.runTest(SuiteRunner.java:359)
	at org.testng.SuiteRunner.runSequentially(SuiteRunner.java:354)
	at org.testng.SuiteRunner.privateRun(SuiteRunner.java:312)
	at org.testng.SuiteRunner.run(SuiteRunner.java:261)
	at org.testng.SuiteRunnerWorker.runSuite(SuiteRunnerWorker.java:52)
	at org.testng.SuiteRunnerWorker.run(SuiteRunnerWorker.java:86)
	at org.testng.TestNG.runSuitesSequentially(TestNG.java:1215)
	at org.testng.TestNG.runSuitesLocally(TestNG.java:1140)
	at org.testng.TestNG.run(TestNG.java:1048)
	at org.testng.TestNG.privateMain(TestNG.java:1355)
	at org.testng.TestNG.main(TestNG.java:1324)
]]>
    </error>
  </testcase> <!-- RM_1065_619 -->
  <testcase name="connectorPartHSN" time="8.291" classname="newMMIS_Subsystems.EVS">
    <error type="org.testng.SkipException" message="Skipping this test  because this SQL did not return any rows: select id_medicaid from t_re_base b, t_re_aid_elig e where b.sak_recip=e.sak_recip and ind_active=&#039;Y&#039; and dte_death=&#039;0&#039; and e.cde_status1 &lt;&gt; &#039;H&#039; and e.sak_cde_aid = (select sak_cde_aid from t_cde_aid where cde_aid_category = &#039;6T&#039;) and to_char(sysdate, &#039;YYYYMMDD&#039;) between e.dte_effective and e.dte_end and not exists (select 1 from t_re_aid_elig where sak_recip=b.sak_recip and cde_status1 &lt;&gt; &#039;H&#039; and sak_cde_aid &lt;&gt; e.sak_cde_aid and to_char(sysdate,&#039;YYYYMMDD&#039;) between dte_effective and dte_end) and rownum=1">
      <![CDATA[org.testng.SkipException: Skipping this test  because this SQL did not return any rows: select id_medicaid from t_re_base b, t_re_aid_elig e where b.sak_recip=e.sak_recip and ind_active='Y' and dte_death='0' and e.cde_status1 <> 'H' and e.sak_cde_aid = (select sak_cde_aid from t_cde_aid where cde_aid_category = '6T') and to_char(sysdate, 'YYYYMMDD') between e.dte_effective and e.dte_end and not exists (select 1 from t_re_aid_elig where sak_recip=b.sak_recip and cde_status1 <> 'H' and sak_cde_aid <> e.sak_cde_aid and to_char(sysdate,'YYYYMMDD') between dte_effective and dte_end) and rownum=1
	at newMMIS_Subsystems.Common.executeQuery(Unknown Source)
	at newMMIS_Subsystems.EVS.RMreset(Unknown Source)
	at newMMIS_Subsystems.EVS.connectorPartHSN(Unknown Source)
	at sun.reflect.NativeMethodAccessorImpl.invoke0(Native Method)
	at sun.reflect.NativeMethodAccessorImpl.invoke(NativeMethodAccessorImpl.java:62)
	at sun.reflect.DelegatingMethodAccessorImpl.invoke(DelegatingMethodAccessorImpl.java:43)
	at java.lang.reflect.Method.invoke(Method.java:498)
	at org.testng.internal.MethodInvocationHelper.invokeMethod(MethodInvocationHelper.java:85)
	at org.testng.internal.Invoker.invokeMethod(Invoker.java:639)
	at org.testng.internal.Invoker.invokeTestMethod(Invoker.java:816)
	at org.testng.internal.Invoker.invokeTestMethods(Invoker.java:1124)
	at org.testng.internal.TestMethodWorker.invokeTestMethods(TestMethodWorker.java:125)
	at org.testng.internal.TestMethodWorker.run(TestMethodWorker.java:108)
	at org.testng.TestRunner.privateRun(TestRunner.java:774)
	at org.testng.TestRunner.run(TestRunner.java:624)
	at org.testng.SuiteRunner.runTest(SuiteRunner.java:359)
	at org.testng.SuiteRunner.runSequentially(SuiteRunner.java:354)
	at org.testng.SuiteRunner.privateRun(SuiteRunner.java:312)
	at org.testng.SuiteRunner.run(SuiteRunner.java:261)
	at org.testng.SuiteRunnerWorker.runSuite(SuiteRunnerWorker.java:52)
	at org.testng.SuiteRunnerWorker.run(SuiteRunnerWorker.java:86)
	at org.testng.TestNG.runSuitesSequentially(TestNG.java:1215)
	at org.testng.TestNG.runSuitesLocally(TestNG.java:1140)
	at org.testng.TestNG.run(TestNG.java:1048)
	at org.testng.TestNG.privateMain(TestNG.java:1355)
	at org.testng.TestNG.main(TestNG.java:1324)
]]>
    </error>
  </testcase> <!-- connectorPartHSN -->
  <testcase name="RM_42_603" time="14.894" classname="newMMIS_Subsystems.EVS"/>
  <testcase name="RM_958_611" time="10.818" classname="newMMIS_Subsystems.EVS">
    <error type="org.testng.SkipException" message="Skipping this test  because this SQL did not return any rows: select id_medicaid from t_re_base b, t_re_aid_elig e where b.sak_recip=e.sak_recip and ind_active &lt;&gt;&#039;N&#039; and dte_death=&#039;0&#039; and e.cde_status1 &lt;&gt; &#039;H&#039; and e.dte_end &gt;= to_char(sysdate,&#039;YYYYMMDD&#039;) and e.sak_cde_aid = (select sak_cde_aid from t_cde_aid where cde_aid_category = &#039;15&#039;) and (exists (select 1 from t_re_medicare_a where sak_recip=b.sak_recip and dte_end &gt;=to_char(sysdate,&#039;YYYYMMDD&#039;)) or exists(select 1 from t_re_medicare_b where sak_recip=b.sak_recip and dte_end &gt;=to_char(sysdate,&#039;YYYYMMDD&#039;))) and not exists(select 1 from t_re_aid_elig where sak_recip=b.sak_recip and cde_status1 &lt;&gt; &#039;H&#039; and sak_cde_aid &lt;&gt; e.sak_cde_aid and dte_end &gt;= to_char(sysdate, &#039;YYYYMMDD&#039;)) and rownum=1">
      <![CDATA[org.testng.SkipException: Skipping this test  because this SQL did not return any rows: select id_medicaid from t_re_base b, t_re_aid_elig e where b.sak_recip=e.sak_recip and ind_active <>'N' and dte_death='0' and e.cde_status1 <> 'H' and e.dte_end >= to_char(sysdate,'YYYYMMDD') and e.sak_cde_aid = (select sak_cde_aid from t_cde_aid where cde_aid_category = '15') and (exists (select 1 from t_re_medicare_a where sak_recip=b.sak_recip and dte_end >=to_char(sysdate,'YYYYMMDD')) or exists(select 1 from t_re_medicare_b where sak_recip=b.sak_recip and dte_end >=to_char(sysdate,'YYYYMMDD'))) and not exists(select 1 from t_re_aid_elig where sak_recip=b.sak_recip and cde_status1 <> 'H' and sak_cde_aid <> e.sak_cde_aid and dte_end >= to_char(sysdate, 'YYYYMMDD')) and rownum=1
	at newMMIS_Subsystems.Common.executeQuery(Unknown Source)
	at newMMIS_Subsystems.EVS.RMreset(Unknown Source)
	at newMMIS_Subsystems.EVS.RM_958_611(Unknown Source)
	at sun.reflect.NativeMethodAccessorImpl.invoke0(Native Method)
	at sun.reflect.NativeMethodAccessorImpl.invoke(NativeMethodAccessorImpl.java:62)
	at sun.reflect.DelegatingMethodAccessorImpl.invoke(DelegatingMethodAccessorImpl.java:43)
	at java.lang.reflect.Method.invoke(Method.java:498)
	at org.testng.internal.MethodInvocationHelper.invokeMethod(MethodInvocationHelper.java:85)
	at org.testng.internal.Invoker.invokeMethod(Invoker.java:639)
	at org.testng.internal.Invoker.invokeTestMethod(Invoker.java:816)
	at org.testng.internal.Invoker.invokeTestMethods(Invoker.java:1124)
	at org.testng.internal.TestMethodWorker.invokeTestMethods(TestMethodWorker.java:125)
	at org.testng.internal.TestMethodWorker.run(TestMethodWorker.java:108)
	at org.testng.TestRunner.privateRun(TestRunner.java:774)
	at org.testng.TestRunner.run(TestRunner.java:624)
	at org.testng.SuiteRunner.runTest(SuiteRunner.java:359)
	at org.testng.SuiteRunner.runSequentially(SuiteRunner.java:354)
	at org.testng.SuiteRunner.privateRun(SuiteRunner.java:312)
	at org.testng.SuiteRunner.run(SuiteRunner.java:261)
	at org.testng.SuiteRunnerWorker.runSuite(SuiteRunnerWorker.java:52)
	at org.testng.SuiteRunnerWorker.run(SuiteRunnerWorker.java:86)
	at org.testng.TestNG.runSuitesSequentially(TestNG.java:1215)
	at org.testng.TestNG.runSuitesLocally(TestNG.java:1140)
	at org.testng.TestNG.run(TestNG.java:1048)
	at org.testng.TestNG.privateMain(TestNG.java:1355)
	at org.testng.TestNG.main(TestNG.java:1324)
]]>
    </error>
  </testcase> <!-- RM_958_611 -->
  <testcase name="RM_7_485" time="20.740" classname="newMMIS_Subsystems.EVS"/>
  <testcase name="connectorFullHSN" time="7.408" classname="newMMIS_Subsystems.EVS">
    <error type="org.testng.SkipException" message="Skipping this test  because this SQL did not return any rows: select id_medicaid from t_re_base b, t_re_aid_elig e where b.sak_recip=e.sak_recip and ind_active=&#039;Y&#039; and dte_death=&#039;0&#039; and e.cde_status1 &lt;&gt; &#039;H&#039; and e.sak_cde_aid = (select sak_cde_aid from t_cde_aid where cde_aid_category = &#039;6D&#039;) and to_char(sysdate, &#039;YYYYMMDD&#039;) between e.dte_effective and e.dte_end and not exists (select 1 from t_re_aid_elig where sak_recip=b.sak_recip and cde_status1 &lt;&gt; &#039;H&#039; and sak_cde_aid &lt;&gt; e.sak_cde_aid and to_char(sysdate,&#039;YYYYMMDD&#039;) between dte_effective and dte_end) and rownum=1">
      <![CDATA[org.testng.SkipException: Skipping this test  because this SQL did not return any rows: select id_medicaid from t_re_base b, t_re_aid_elig e where b.sak_recip=e.sak_recip and ind_active='Y' and dte_death='0' and e.cde_status1 <> 'H' and e.sak_cde_aid = (select sak_cde_aid from t_cde_aid where cde_aid_category = '6D') and to_char(sysdate, 'YYYYMMDD') between e.dte_effective and e.dte_end and not exists (select 1 from t_re_aid_elig where sak_recip=b.sak_recip and cde_status1 <> 'H' and sak_cde_aid <> e.sak_cde_aid and to_char(sysdate,'YYYYMMDD') between dte_effective and dte_end) and rownum=1
	at newMMIS_Subsystems.Common.executeQuery(Unknown Source)
	at newMMIS_Subsystems.EVS.RMreset(Unknown Source)
	at newMMIS_Subsystems.EVS.connectorFullHSN(Unknown Source)
	at sun.reflect.NativeMethodAccessorImpl.invoke0(Native Method)
	at sun.reflect.NativeMethodAccessorImpl.invoke(NativeMethodAccessorImpl.java:62)
	at sun.reflect.DelegatingMethodAccessorImpl.invoke(DelegatingMethodAccessorImpl.java:43)
	at java.lang.reflect.Method.invoke(Method.java:498)
	at org.testng.internal.MethodInvocationHelper.invokeMethod(MethodInvocationHelper.java:85)
	at org.testng.internal.Invoker.invokeMethod(Invoker.java:639)
	at org.testng.internal.Invoker.invokeTestMethod(Invoker.java:816)
	at org.testng.internal.Invoker.invokeTestMethods(Invoker.java:1124)
	at org.testng.internal.TestMethodWorker.invokeTestMethods(TestMethodWorker.java:125)
	at org.testng.internal.TestMethodWorker.run(TestMethodWorker.java:108)
	at org.testng.TestRunner.privateRun(TestRunner.java:774)
	at org.testng.TestRunner.run(TestRunner.java:624)
	at org.testng.SuiteRunner.runTest(SuiteRunner.java:359)
	at org.testng.SuiteRunner.runSequentially(SuiteRunner.java:354)
	at org.testng.SuiteRunner.privateRun(SuiteRunner.java:312)
	at org.testng.SuiteRunner.run(SuiteRunner.java:261)
	at org.testng.SuiteRunnerWorker.runSuite(SuiteRunnerWorker.java:52)
	at org.testng.SuiteRunnerWorker.run(SuiteRunnerWorker.java:86)
	at org.testng.TestNG.runSuitesSequentially(TestNG.java:1215)
	at org.testng.TestNG.runSuitesLocally(TestNG.java:1140)
	at org.testng.TestNG.run(TestNG.java:1048)
	at org.testng.TestNG.privateMain(TestNG.java:1355)
	at org.testng.TestNG.main(TestNG.java:1324)
]]>
    </error>
  </testcase> <!-- connectorFullHSN -->
  <testcase name="connectorFullHSN" time="13.952" classname="newMMIS_Subsystems.EVS"/>
  <testcase name="RM_740_311" time="13.435" classname="newMMIS_Subsystems.EVS">
    <error type="org.testng.SkipException" message="Skipping this test  because this SQL did not return any rows: select id_medicaid from t_re_base b, t_re_pmp_assign p, t_pmp_svc_loc l where b.sak_recip=p.sak_recip and ind_active &lt;&gt; &#039;N&#039; and dte_death=&#039;0&#039; and p.cde_status1 &lt;&gt; &#039;H&#039; and p.sak_pmp_ser_loc=l.sak_pmp_ser_loc and l.sak_prov=31449 and l.cde_service_loc=&#039;B&#039; and p.dte_end =&#039;22991231&#039; and p.sak_pub_hlth=24 and rownum=1">
      <![CDATA[org.testng.SkipException: Skipping this test  because this SQL did not return any rows: select id_medicaid from t_re_base b, t_re_pmp_assign p, t_pmp_svc_loc l where b.sak_recip=p.sak_recip and ind_active <> 'N' and dte_death='0' and p.cde_status1 <> 'H' and p.sak_pmp_ser_loc=l.sak_pmp_ser_loc and l.sak_prov=31449 and l.cde_service_loc='B' and p.dte_end ='22991231' and p.sak_pub_hlth=24 and rownum=1
	at newMMIS_Subsystems.Common.executeQuery(Unknown Source)
	at newMMIS_Subsystems.EVS.RMreset(Unknown Source)
	at newMMIS_Subsystems.EVS.RM_740_311(Unknown Source)
	at sun.reflect.NativeMethodAccessorImpl.invoke0(Native Method)
	at sun.reflect.NativeMethodAccessorImpl.invoke(NativeMethodAccessorImpl.java:62)
	at sun.reflect.DelegatingMethodAccessorImpl.invoke(DelegatingMethodAccessorImpl.java:43)
	at java.lang.reflect.Method.invoke(Method.java:498)
	at org.testng.internal.MethodInvocationHelper.invokeMethod(MethodInvocationHelper.java:85)
	at org.testng.internal.Invoker.invokeMethod(Invoker.java:639)
	at org.testng.internal.Invoker.invokeTestMethod(Invoker.java:816)
	at org.testng.internal.Invoker.invokeTestMethods(Invoker.java:1124)
	at org.testng.internal.TestMethodWorker.invokeTestMethods(TestMethodWorker.java:125)
	at org.testng.internal.TestMethodWorker.run(TestMethodWorker.java:108)
	at org.testng.TestRunner.privateRun(TestRunner.java:774)
	at org.testng.TestRunner.run(TestRunner.java:624)
	at org.testng.SuiteRunner.runTest(SuiteRunner.java:359)
	at org.testng.SuiteRunner.runSequentially(SuiteRunner.java:354)
	at org.testng.SuiteRunner.privateRun(SuiteRunner.java:312)
	at org.testng.SuiteRunner.run(SuiteRunner.java:261)
	at org.testng.SuiteRunnerWorker.runSuite(SuiteRunnerWorker.java:52)
	at org.testng.SuiteRunnerWorker.run(SuiteRunnerWorker.java:86)
	at org.testng.TestNG.runSuitesSequentially(TestNG.java:1215)
	at org.testng.TestNG.runSuitesLocally(TestNG.java:1140)
	at org.testng.TestNG.run(TestNG.java:1048)
	at org.testng.TestNG.privateMain(TestNG.java:1355)
	at org.testng.TestNG.main(TestNG.java:1324)
]]>
    </error>
  </testcase> <!-- RM_740_311 -->
  <testcase name="RM_49_612" time="13.483" classname="newMMIS_Subsystems.EVS"/>
  <testcase name="connectorFullHSN" time="10.975" classname="newMMIS_Subsystems.EVS">
    <error type="org.testng.SkipException" message="Skipping this test  because this SQL did not return any rows: select id_medicaid from t_re_base b, t_re_aid_elig e where b.sak_recip=e.sak_recip and ind_active=&#039;Y&#039; and dte_death=&#039;0&#039; and e.cde_status1 &lt;&gt; &#039;H&#039; and e.sak_cde_aid = (select sak_cde_aid from t_cde_aid where cde_aid_category = &#039;4C&#039;) and to_char(sysdate, &#039;YYYYMMDD&#039;) between e.dte_effective and e.dte_end and not exists (select 1 from t_re_aid_elig where sak_recip=b.sak_recip and cde_status1 &lt;&gt; &#039;H&#039; and sak_cde_aid &lt;&gt; e.sak_cde_aid and to_char(sysdate,&#039;YYYYMMDD&#039;) between dte_effective and dte_end) and rownum=1">
      <![CDATA[org.testng.SkipException: Skipping this test  because this SQL did not return any rows: select id_medicaid from t_re_base b, t_re_aid_elig e where b.sak_recip=e.sak_recip and ind_active='Y' and dte_death='0' and e.cde_status1 <> 'H' and e.sak_cde_aid = (select sak_cde_aid from t_cde_aid where cde_aid_category = '4C') and to_char(sysdate, 'YYYYMMDD') between e.dte_effective and e.dte_end and not exists (select 1 from t_re_aid_elig where sak_recip=b.sak_recip and cde_status1 <> 'H' and sak_cde_aid <> e.sak_cde_aid and to_char(sysdate,'YYYYMMDD') between dte_effective and dte_end) and rownum=1
	at newMMIS_Subsystems.Common.executeQuery(Unknown Source)
	at newMMIS_Subsystems.EVS.RMreset(Unknown Source)
	at newMMIS_Subsystems.EVS.connectorFullHSN(Unknown Source)
	at sun.reflect.NativeMethodAccessorImpl.invoke0(Native Method)
	at sun.reflect.NativeMethodAccessorImpl.invoke(NativeMethodAccessorImpl.java:62)
	at sun.reflect.DelegatingMethodAccessorImpl.invoke(DelegatingMethodAccessorImpl.java:43)
	at java.lang.reflect.Method.invoke(Method.java:498)
	at org.testng.internal.MethodInvocationHelper.invokeMethod(MethodInvocationHelper.java:85)
	at org.testng.internal.Invoker.invokeMethod(Invoker.java:639)
	at org.testng.internal.Invoker.invokeTestMethod(Invoker.java:816)
	at org.testng.internal.Invoker.invokeTestMethods(Invoker.java:1124)
	at org.testng.internal.TestMethodWorker.invokeTestMethods(TestMethodWorker.java:125)
	at org.testng.internal.TestMethodWorker.run(TestMethodWorker.java:108)
	at org.testng.TestRunner.privateRun(TestRunner.java:774)
	at org.testng.TestRunner.run(TestRunner.java:624)
	at org.testng.SuiteRunner.runTest(SuiteRunner.java:359)
	at org.testng.SuiteRunner.runSequentially(SuiteRunner.java:354)
	at org.testng.SuiteRunner.privateRun(SuiteRunner.java:312)
	at org.testng.SuiteRunner.run(SuiteRunner.java:261)
	at org.testng.SuiteRunnerWorker.runSuite(SuiteRunnerWorker.java:52)
	at org.testng.SuiteRunnerWorker.run(SuiteRunnerWorker.java:86)
	at org.testng.TestNG.runSuitesSequentially(TestNG.java:1215)
	at org.testng.TestNG.runSuitesLocally(TestNG.java:1140)
	at org.testng.TestNG.run(TestNG.java:1048)
	at org.testng.TestNG.privateMain(TestNG.java:1355)
	at org.testng.TestNG.main(TestNG.java:1324)
]]>
    </error>
  </testcase> <!-- connectorFullHSN -->
  <testcase name="RM_10_006" time="16.363" classname="newMMIS_Subsystems.EVS">
    <error type="org.testng.SkipException" message="Skipping this test  because this SQL did not return any rows: select id_medicaid from t_re_base b, t_re_pmp_assign p, t_pmp_svc_loc l where b.sak_recip=p.sak_recip and ind_active &lt;&gt; &#039;N&#039; and dte_death=&#039;0&#039; and p.cde_status1 &lt;&gt; &#039;H&#039; and p.sak_pmp_ser_loc=l.sak_pmp_ser_loc and l.sak_prov=31467 and l.cde_service_loc=&#039;A&#039; and p.cde_rsn_mc_stop &lt;&gt; &#039;Z8&#039; and p.dte_end &gt;= to_char(sysdate, &#039;YYYYMMDD&#039;) 	and rownum=1">
      <![CDATA[org.testng.SkipException: Skipping this test  because this SQL did not return any rows: select id_medicaid from t_re_base b, t_re_pmp_assign p, t_pmp_svc_loc l where b.sak_recip=p.sak_recip and ind_active <> 'N' and dte_death='0' and p.cde_status1 <> 'H' and p.sak_pmp_ser_loc=l.sak_pmp_ser_loc and l.sak_prov=31467 and l.cde_service_loc='A' and p.cde_rsn_mc_stop <> 'Z8' and p.dte_end >= to_char(sysdate, 'YYYYMMDD') 	and rownum=1
	at newMMIS_Subsystems.Common.executeQuery(Unknown Source)
	at newMMIS_Subsystems.EVS.RMreset(Unknown Source)
	at newMMIS_Subsystems.EVS.RM_10_006(Unknown Source)
	at sun.reflect.NativeMethodAccessorImpl.invoke0(Native Method)
	at sun.reflect.NativeMethodAccessorImpl.invoke(NativeMethodAccessorImpl.java:62)
	at sun.reflect.DelegatingMethodAccessorImpl.invoke(DelegatingMethodAccessorImpl.java:43)
	at java.lang.reflect.Method.invoke(Method.java:498)
	at org.testng.internal.MethodInvocationHelper.invokeMethod(MethodInvocationHelper.java:85)
	at org.testng.internal.Invoker.invokeMethod(Invoker.java:639)
	at org.testng.internal.Invoker.invokeTestMethod(Invoker.java:816)
	at org.testng.internal.Invoker.invokeTestMethods(Invoker.java:1124)
	at org.testng.internal.TestMethodWorker.invokeTestMethods(TestMethodWorker.java:125)
	at org.testng.internal.TestMethodWorker.run(TestMethodWorker.java:108)
	at org.testng.TestRunner.privateRun(TestRunner.java:774)
	at org.testng.TestRunner.run(TestRunner.java:624)
	at org.testng.SuiteRunner.runTest(SuiteRunner.java:359)
	at org.testng.SuiteRunner.runSequentially(SuiteRunner.java:354)
	at org.testng.SuiteRunner.privateRun(SuiteRunner.java:312)
	at org.testng.SuiteRunner.run(SuiteRunner.java:261)
	at org.testng.SuiteRunnerWorker.runSuite(SuiteRunnerWorker.java:52)
	at org.testng.SuiteRunnerWorker.run(SuiteRunnerWorker.java:86)
	at org.testng.TestNG.runSuitesSequentially(TestNG.java:1215)
	at org.testng.TestNG.runSuitesLocally(TestNG.java:1140)
	at org.testng.TestNG.run(TestNG.java:1048)
	at org.testng.TestNG.privateMain(TestNG.java:1355)
	at org.testng.TestNG.main(TestNG.java:1324)
]]>
    </error>
  </testcase> <!-- RM_10_006 -->
  <testcase name="RM_747_021" time="46.229" classname="newMMIS_Subsystems.EVS">
    <failure type="java.lang.AssertionError" message="Did not get RM 747 / 021 For medical service questions call BMC HealthNet Plan at 1-888-566-0010. For behavioral health service questions and authorizations call Beacon Health Strategies at 1-888-217-3501. expected [true] but found [false]">
      <![CDATA[java.lang.AssertionError: Did not get RM 747 / 021 For medical service questions call BMC HealthNet Plan at 1-888-566-0010. For behavioral health service questions and authorizations call Beacon Health Strategies at 1-888-217-3501. expected [true] but found [false]
	at org.testng.Assert.fail(Assert.java:94)
	at org.testng.Assert.failNotEquals(Assert.java:496)
	at org.testng.Assert.assertTrue(Assert.java:42)
	at newMMIS_Subsystems.EVS.rmCommon(Unknown Source)
	at newMMIS_Subsystems.EVS.RM_747_021(Unknown Source)
	at sun.reflect.NativeMethodAccessorImpl.invoke0(Native Method)
	at sun.reflect.NativeMethodAccessorImpl.invoke(NativeMethodAccessorImpl.java:62)
	at sun.reflect.DelegatingMethodAccessorImpl.invoke(DelegatingMethodAccessorImpl.java:43)
	at java.lang.reflect.Method.invoke(Method.java:498)
	at org.testng.internal.MethodInvocationHelper.invokeMethod(MethodInvocationHelper.java:85)
	at org.testng.internal.Invoker.invokeMethod(Invoker.java:639)
	at org.testng.internal.Invoker.invokeTestMethod(Invoker.java:816)
	at org.testng.internal.Invoker.invokeTestMethods(Invoker.java:1124)
	at org.testng.internal.TestMethodWorker.invokeTestMethods(TestMethodWorker.java:125)
	at org.testng.internal.TestMethodWorker.run(TestMethodWorker.java:108)
	at org.testng.TestRunner.privateRun(TestRunner.java:774)
	at org.testng.TestRunner.run(TestRunner.java:624)
	at org.testng.SuiteRunner.runTest(SuiteRunner.java:359)
	at org.testng.SuiteRunner.runSequentially(SuiteRunner.java:354)
	at org.testng.SuiteRunner.privateRun(SuiteRunner.java:312)
	at org.testng.SuiteRunner.run(SuiteRunner.java:261)
	at org.testng.SuiteRunnerWorker.runSuite(SuiteRunnerWorker.java:52)
	at org.testng.SuiteRunnerWorker.run(SuiteRunnerWorker.java:86)
	at org.testng.TestNG.runSuitesSequentially(TestNG.java:1215)
	at org.testng.TestNG.runSuitesLocally(TestNG.java:1140)
	at org.testng.TestNG.run(TestNG.java:1048)
	at org.testng.TestNG.privateMain(TestNG.java:1355)
	at org.testng.TestNG.main(TestNG.java:1324)
]]>
    </failure>
  </testcase> <!-- RM_747_021 -->
  <testcase name="RM_939_656" time="15.266" classname="newMMIS_Subsystems.EVS"/>
  <testcase name="RM_15_046" time="50.104" classname="newMMIS_Subsystems.EVS">
    <failure type="java.lang.AssertionError" message="Did not get RM 15 / 046 Prior Authorization Mandatory for all care except for Emergencies. Call ESP Of Upham&#039;s Corner at 617-288-0970. expected [true] but found [false]">
      <![CDATA[java.lang.AssertionError: Did not get RM 15 / 046 Prior Authorization Mandatory for all care except for Emergencies. Call ESP Of Upham's Corner at 617-288-0970. expected [true] but found [false]
	at org.testng.Assert.fail(Assert.java:94)
	at org.testng.Assert.failNotEquals(Assert.java:496)
	at org.testng.Assert.assertTrue(Assert.java:42)
	at newMMIS_Subsystems.EVS.rmCommon(Unknown Source)
	at newMMIS_Subsystems.EVS.RM_15_046(Unknown Source)
	at sun.reflect.NativeMethodAccessorImpl.invoke0(Native Method)
	at sun.reflect.NativeMethodAccessorImpl.invoke(NativeMethodAccessorImpl.java:62)
	at sun.reflect.DelegatingMethodAccessorImpl.invoke(DelegatingMethodAccessorImpl.java:43)
	at java.lang.reflect.Method.invoke(Method.java:498)
	at org.testng.internal.MethodInvocationHelper.invokeMethod(MethodInvocationHelper.java:85)
	at org.testng.internal.Invoker.invokeMethod(Invoker.java:639)
	at org.testng.internal.Invoker.invokeTestMethod(Invoker.java:816)
	at org.testng.internal.Invoker.invokeTestMethods(Invoker.java:1124)
	at org.testng.internal.TestMethodWorker.invokeTestMethods(TestMethodWorker.java:125)
	at org.testng.internal.TestMethodWorker.run(TestMethodWorker.java:108)
	at org.testng.TestRunner.privateRun(TestRunner.java:774)
	at org.testng.TestRunner.run(TestRunner.java:624)
	at org.testng.SuiteRunner.runTest(SuiteRunner.java:359)
	at org.testng.SuiteRunner.runSequentially(SuiteRunner.java:354)
	at org.testng.SuiteRunner.privateRun(SuiteRunner.java:312)
	at org.testng.SuiteRunner.run(SuiteRunner.java:261)
	at org.testng.SuiteRunnerWorker.runSuite(SuiteRunnerWorker.java:52)
	at org.testng.SuiteRunnerWorker.run(SuiteRunnerWorker.java:86)
	at org.testng.TestNG.runSuitesSequentially(TestNG.java:1215)
	at org.testng.TestNG.runSuitesLocally(TestNG.java:1140)
	at org.testng.TestNG.run(TestNG.java:1048)
	at org.testng.TestNG.privateMain(TestNG.java:1355)
	at org.testng.TestNG.main(TestNG.java:1324)
]]>
    </failure>
  </testcase> <!-- RM_15_046 -->
  <testcase name="RM_976_611" time="17.273" classname="newMMIS_Subsystems.EVS"/>
  <testcase name="RM_16_051" time="47.632" classname="newMMIS_Subsystems.EVS">
    <failure type="java.lang.AssertionError" message="Did not get RM 16 / 051 Prior authorization mandatory for all care except for emergencies. Call Harbor Elder Services at 617-296-5100. expected [true] but found [false]">
      <![CDATA[java.lang.AssertionError: Did not get RM 16 / 051 Prior authorization mandatory for all care except for emergencies. Call Harbor Elder Services at 617-296-5100. expected [true] but found [false]
	at org.testng.Assert.fail(Assert.java:94)
	at org.testng.Assert.failNotEquals(Assert.java:496)
	at org.testng.Assert.assertTrue(Assert.java:42)
	at newMMIS_Subsystems.EVS.rmCommon(Unknown Source)
	at newMMIS_Subsystems.EVS.RM_16_051(Unknown Source)
	at sun.reflect.NativeMethodAccessorImpl.invoke0(Native Method)
	at sun.reflect.NativeMethodAccessorImpl.invoke(NativeMethodAccessorImpl.java:62)
	at sun.reflect.DelegatingMethodAccessorImpl.invoke(DelegatingMethodAccessorImpl.java:43)
	at java.lang.reflect.Method.invoke(Method.java:498)
	at org.testng.internal.MethodInvocationHelper.invokeMethod(MethodInvocationHelper.java:85)
	at org.testng.internal.Invoker.invokeMethod(Invoker.java:639)
	at org.testng.internal.Invoker.invokeTestMethod(Invoker.java:816)
	at org.testng.internal.Invoker.invokeTestMethods(Invoker.java:1124)
	at org.testng.internal.TestMethodWorker.invokeTestMethods(TestMethodWorker.java:125)
	at org.testng.internal.TestMethodWorker.run(TestMethodWorker.java:108)
	at org.testng.TestRunner.privateRun(TestRunner.java:774)
	at org.testng.TestRunner.run(TestRunner.java:624)
	at org.testng.SuiteRunner.runTest(SuiteRunner.java:359)
	at org.testng.SuiteRunner.runSequentially(SuiteRunner.java:354)
	at org.testng.SuiteRunner.privateRun(SuiteRunner.java:312)
	at org.testng.SuiteRunner.run(SuiteRunner.java:261)
	at org.testng.SuiteRunnerWorker.runSuite(SuiteRunnerWorker.java:52)
	at org.testng.SuiteRunnerWorker.run(SuiteRunnerWorker.java:86)
	at org.testng.TestNG.runSuitesSequentially(TestNG.java:1215)
	at org.testng.TestNG.runSuitesLocally(TestNG.java:1140)
	at org.testng.TestNG.run(TestNG.java:1048)
	at org.testng.TestNG.privateMain(TestNG.java:1355)
	at org.testng.TestNG.main(TestNG.java:1324)
]]>
    </failure>
  </testcase> <!-- RM_16_051 -->
  <testcase name="RM_43_604" time="68.289" classname="newMMIS_Subsystems.EVS"/>
  <testcase name="RM_951_611" time="15.291" classname="newMMIS_Subsystems.EVS"/>
  <testcase name="RM_31_495" time="7.298" classname="newMMIS_Subsystems.EVS">
    <error type="org.testng.SkipException" message="Skipping this test  because this SQL did not return any rows: select id_medicaid from t_re_base b, t_re_aid_elig e where b.sak_recip=e.sak_recip and ind_active &lt;&gt; &#039;N&#039; and dte_death=&#039;0&#039; and e.cde_status1 &lt;&gt; &#039;H&#039; and e.sak_cde_aid=147 and e.dte_end &gt;= to_char(sysdate,&#039;YYYYMMDD&#039;) and rownum=1">
      <![CDATA[org.testng.SkipException: Skipping this test  because this SQL did not return any rows: select id_medicaid from t_re_base b, t_re_aid_elig e where b.sak_recip=e.sak_recip and ind_active <> 'N' and dte_death='0' and e.cde_status1 <> 'H' and e.sak_cde_aid=147 and e.dte_end >= to_char(sysdate,'YYYYMMDD') and rownum=1
	at newMMIS_Subsystems.Common.executeQuery(Unknown Source)
	at newMMIS_Subsystems.EVS.RMreset(Unknown Source)
	at newMMIS_Subsystems.EVS.RM_31_495(Unknown Source)
	at sun.reflect.NativeMethodAccessorImpl.invoke0(Native Method)
	at sun.reflect.NativeMethodAccessorImpl.invoke(NativeMethodAccessorImpl.java:62)
	at sun.reflect.DelegatingMethodAccessorImpl.invoke(DelegatingMethodAccessorImpl.java:43)
	at java.lang.reflect.Method.invoke(Method.java:498)
	at org.testng.internal.MethodInvocationHelper.invokeMethod(MethodInvocationHelper.java:85)
	at org.testng.internal.Invoker.invokeMethod(Invoker.java:639)
	at org.testng.internal.Invoker.invokeTestMethod(Invoker.java:816)
	at org.testng.internal.Invoker.invokeTestMethods(Invoker.java:1124)
	at org.testng.internal.TestMethodWorker.invokeTestMethods(TestMethodWorker.java:125)
	at org.testng.internal.TestMethodWorker.run(TestMethodWorker.java:108)
	at org.testng.TestRunner.privateRun(TestRunner.java:774)
	at org.testng.TestRunner.run(TestRunner.java:624)
	at org.testng.SuiteRunner.runTest(SuiteRunner.java:359)
	at org.testng.SuiteRunner.runSequentially(SuiteRunner.java:354)
	at org.testng.SuiteRunner.privateRun(SuiteRunner.java:312)
	at org.testng.SuiteRunner.run(SuiteRunner.java:261)
	at org.testng.SuiteRunnerWorker.runSuite(SuiteRunnerWorker.java:52)
	at org.testng.SuiteRunnerWorker.run(SuiteRunnerWorker.java:86)
	at org.testng.TestNG.runSuitesSequentially(TestNG.java:1215)
	at org.testng.TestNG.runSuitesLocally(TestNG.java:1140)
	at org.testng.TestNG.run(TestNG.java:1048)
	at org.testng.TestNG.privateMain(TestNG.java:1355)
	at org.testng.TestNG.main(TestNG.java:1324)
]]>
    </error>
  </testcase> <!-- RM_31_495 -->
  <testcase name="RM_1056_617" time="11.043" classname="newMMIS_Subsystems.EVS">
    <error type="org.testng.SkipException" message="Skipping this test  because this SQL did not return any rows: select id_medicaid from t_re_base b, t_re_pmp_assign p, t_pmp_svc_loc l where b.sak_recip=p.sak_recip and ind_active &lt;&gt;&#039;N&#039; and dte_death=&#039;0&#039; and p.cde_status1 &lt;&gt; &#039;H&#039; and p.dte_end=&#039;22991231&#039; and p.sak_pub_hlth=25 and p.sak_pmp_ser_loc=l.sak_pmp_ser_loc and l.sak_prov=31467 and l.cde_service_loc=&#039;A&#039; and substr(dte_birth,1,4)+65 &gt; &#039;2020&#039; and rownum=1">
      <![CDATA[org.testng.SkipException: Skipping this test  because this SQL did not return any rows: select id_medicaid from t_re_base b, t_re_pmp_assign p, t_pmp_svc_loc l where b.sak_recip=p.sak_recip and ind_active <>'N' and dte_death='0' and p.cde_status1 <> 'H' and p.dte_end='22991231' and p.sak_pub_hlth=25 and p.sak_pmp_ser_loc=l.sak_pmp_ser_loc and l.sak_prov=31467 and l.cde_service_loc='A' and substr(dte_birth,1,4)+65 > '2020' and rownum=1
	at newMMIS_Subsystems.Common.executeQuery(Unknown Source)
	at newMMIS_Subsystems.EVS.RMreset(Unknown Source)
	at newMMIS_Subsystems.EVS.RM_1056_617(Unknown Source)
	at sun.reflect.NativeMethodAccessorImpl.invoke0(Native Method)
	at sun.reflect.NativeMethodAccessorImpl.invoke(NativeMethodAccessorImpl.java:62)
	at sun.reflect.DelegatingMethodAccessorImpl.invoke(DelegatingMethodAccessorImpl.java:43)
	at java.lang.reflect.Method.invoke(Method.java:498)
	at org.testng.internal.MethodInvocationHelper.invokeMethod(MethodInvocationHelper.java:85)
	at org.testng.internal.Invoker.invokeMethod(Invoker.java:639)
	at org.testng.internal.Invoker.invokeTestMethod(Invoker.java:816)
	at org.testng.internal.Invoker.invokeTestMethods(Invoker.java:1124)
	at org.testng.internal.TestMethodWorker.invokeTestMethods(TestMethodWorker.java:125)
	at org.testng.internal.TestMethodWorker.run(TestMethodWorker.java:108)
	at org.testng.TestRunner.privateRun(TestRunner.java:774)
	at org.testng.TestRunner.run(TestRunner.java:624)
	at org.testng.SuiteRunner.runTest(SuiteRunner.java:359)
	at org.testng.SuiteRunner.runSequentially(SuiteRunner.java:354)
	at org.testng.SuiteRunner.privateRun(SuiteRunner.java:312)
	at org.testng.SuiteRunner.run(SuiteRunner.java:261)
	at org.testng.SuiteRunnerWorker.runSuite(SuiteRunnerWorker.java:52)
	at org.testng.SuiteRunnerWorker.run(SuiteRunnerWorker.java:86)
	at org.testng.TestNG.runSuitesSequentially(TestNG.java:1215)
	at org.testng.TestNG.runSuitesLocally(TestNG.java:1140)
	at org.testng.TestNG.run(TestNG.java:1048)
	at org.testng.TestNG.privateMain(TestNG.java:1355)
	at org.testng.TestNG.main(TestNG.java:1324)
]]>
    </error>
  </testcase> <!-- RM_1056_617 -->
  <testcase name="RM_20_201" time="52.303" classname="newMMIS_Subsystems.EVS">
    <failure type="java.lang.AssertionError" message="Did not get RM 20 / 201 SENIOR CARE OPTIONS. Payment limited to SCO. Authorization needed for all services except emergencies. Call CCA: 1-866-610-2273. expected [true] but found [false]">
      <![CDATA[java.lang.AssertionError: Did not get RM 20 / 201 SENIOR CARE OPTIONS. Payment limited to SCO. Authorization needed for all services except emergencies. Call CCA: 1-866-610-2273. expected [true] but found [false]
	at org.testng.Assert.fail(Assert.java:94)
	at org.testng.Assert.failNotEquals(Assert.java:496)
	at org.testng.Assert.assertTrue(Assert.java:42)
	at newMMIS_Subsystems.EVS.rmCommon(Unknown Source)
	at newMMIS_Subsystems.EVS.RM_20_201(Unknown Source)
	at sun.reflect.NativeMethodAccessorImpl.invoke0(Native Method)
	at sun.reflect.NativeMethodAccessorImpl.invoke(NativeMethodAccessorImpl.java:62)
	at sun.reflect.DelegatingMethodAccessorImpl.invoke(DelegatingMethodAccessorImpl.java:43)
	at java.lang.reflect.Method.invoke(Method.java:498)
	at org.testng.internal.MethodInvocationHelper.invokeMethod(MethodInvocationHelper.java:85)
	at org.testng.internal.Invoker.invokeMethod(Invoker.java:639)
	at org.testng.internal.Invoker.invokeTestMethod(Invoker.java:816)
	at org.testng.internal.Invoker.invokeTestMethods(Invoker.java:1124)
	at org.testng.internal.TestMethodWorker.invokeTestMethods(TestMethodWorker.java:125)
	at org.testng.internal.TestMethodWorker.run(TestMethodWorker.java:108)
	at org.testng.TestRunner.privateRun(TestRunner.java:774)
	at org.testng.TestRunner.run(TestRunner.java:624)
	at org.testng.SuiteRunner.runTest(SuiteRunner.java:359)
	at org.testng.SuiteRunner.runSequentially(SuiteRunner.java:354)
	at org.testng.SuiteRunner.privateRun(SuiteRunner.java:312)
	at org.testng.SuiteRunner.run(SuiteRunner.java:261)
	at org.testng.SuiteRunnerWorker.runSuite(SuiteRunnerWorker.java:52)
	at org.testng.SuiteRunnerWorker.run(SuiteRunnerWorker.java:86)
	at org.testng.TestNG.runSuitesSequentially(TestNG.java:1215)
	at org.testng.TestNG.runSuitesLocally(TestNG.java:1140)
	at org.testng.TestNG.run(TestNG.java:1048)
	at org.testng.TestNG.privateMain(TestNG.java:1355)
	at org.testng.TestNG.main(TestNG.java:1324)
]]>
    </failure>
  </testcase> <!-- RM_20_201 -->
  <testcase name="RM_41_602" time="11.494" classname="newMMIS_Subsystems.EVS"/>
  <testcase name="RM_973_611" time="12.900" classname="newMMIS_Subsystems.EVS"/>
  <testcase name="RM_964_611" time="16.958" classname="newMMIS_Subsystems.EVS"/>
  <testcase name="qhpPartHSN" time="6.275" classname="newMMIS_Subsystems.EVS">
    <error type="org.testng.SkipException" message="Skipping this test  because this SQL did not return any rows: select id_medicaid from t_re_base b, t_re_aid_elig e where b.sak_recip=e.sak_recip and ind_active=&#039;Y&#039; and dte_death=&#039;0&#039; and e.cde_status1 &lt;&gt; &#039;H&#039; and e.sak_cde_aid = (select sak_cde_aid from t_cde_aid where cde_aid_category = &#039;9I&#039;) and to_char(sysdate, &#039;YYYYMMDD&#039;) between e.dte_effective and e.dte_end and not exists (select 1 from t_re_aid_elig where sak_recip=b.sak_recip and cde_status1 &lt;&gt; &#039;H&#039; and sak_cde_aid &lt;&gt; e.sak_cde_aid and to_char(sysdate,&#039;YYYYMMDD&#039;) between dte_effective and dte_end) and rownum=1">
      <![CDATA[org.testng.SkipException: Skipping this test  because this SQL did not return any rows: select id_medicaid from t_re_base b, t_re_aid_elig e where b.sak_recip=e.sak_recip and ind_active='Y' and dte_death='0' and e.cde_status1 <> 'H' and e.sak_cde_aid = (select sak_cde_aid from t_cde_aid where cde_aid_category = '9I') and to_char(sysdate, 'YYYYMMDD') between e.dte_effective and e.dte_end and not exists (select 1 from t_re_aid_elig where sak_recip=b.sak_recip and cde_status1 <> 'H' and sak_cde_aid <> e.sak_cde_aid and to_char(sysdate,'YYYYMMDD') between dte_effective and dte_end) and rownum=1
	at newMMIS_Subsystems.Common.executeQuery(Unknown Source)
	at newMMIS_Subsystems.EVS.RMreset(Unknown Source)
	at newMMIS_Subsystems.EVS.qhpPartHSN(Unknown Source)
	at sun.reflect.NativeMethodAccessorImpl.invoke0(Native Method)
	at sun.reflect.NativeMethodAccessorImpl.invoke(NativeMethodAccessorImpl.java:62)
	at sun.reflect.DelegatingMethodAccessorImpl.invoke(DelegatingMethodAccessorImpl.java:43)
	at java.lang.reflect.Method.invoke(Method.java:498)
	at org.testng.internal.MethodInvocationHelper.invokeMethod(MethodInvocationHelper.java:85)
	at org.testng.internal.Invoker.invokeMethod(Invoker.java:639)
	at org.testng.internal.Invoker.invokeTestMethod(Invoker.java:816)
	at org.testng.internal.Invoker.invokeTestMethods(Invoker.java:1124)
	at org.testng.internal.TestMethodWorker.invokeTestMethods(TestMethodWorker.java:125)
	at org.testng.internal.TestMethodWorker.run(TestMethodWorker.java:108)
	at org.testng.TestRunner.privateRun(TestRunner.java:774)
	at org.testng.TestRunner.run(TestRunner.java:624)
	at org.testng.SuiteRunner.runTest(SuiteRunner.java:359)
	at org.testng.SuiteRunner.runSequentially(SuiteRunner.java:354)
	at org.testng.SuiteRunner.privateRun(SuiteRunner.java:312)
	at org.testng.SuiteRunner.run(SuiteRunner.java:261)
	at org.testng.SuiteRunnerWorker.runSuite(SuiteRunnerWorker.java:52)
	at org.testng.SuiteRunnerWorker.run(SuiteRunnerWorker.java:86)
	at org.testng.TestNG.runSuitesSequentially(TestNG.java:1215)
	at org.testng.TestNG.runSuitesLocally(TestNG.java:1140)
	at org.testng.TestNG.run(TestNG.java:1048)
	at org.testng.TestNG.privateMain(TestNG.java:1355)
	at org.testng.TestNG.main(TestNG.java:1324)
]]>
    </error>
  </testcase> <!-- qhpPartHSN -->
  <testcase name="RM_841_386" time="12.045" classname="newMMIS_Subsystems.EVS">
    <error type="org.testng.SkipException" message="Skipping this test  because this SQL did not return any rows: select id_medicaid from t_re_base b, t_re_aid_elig e where b.sak_recip=e.sak_recip and ind_active &lt;&gt; &#039;N&#039; and dte_death=&#039;0&#039; and e.cde_status1 &lt;&gt; &#039;H&#039; and e.sak_cde_aid=149 and e.dte_end &gt;= to_char(sysdate, &#039;YYYYMMDD&#039;) and not exists (select 1 from t_re_aid_elig where sak_recip=b.sak_recip and cde_status1 &lt;&gt; &#039;H&#039; and dte_end &gt;= to_char(sysdate, &#039;YYYYMMDD&#039;) and sak_cde_aid &lt;&gt;149) and rownum=1">
      <![CDATA[org.testng.SkipException: Skipping this test  because this SQL did not return any rows: select id_medicaid from t_re_base b, t_re_aid_elig e where b.sak_recip=e.sak_recip and ind_active <> 'N' and dte_death='0' and e.cde_status1 <> 'H' and e.sak_cde_aid=149 and e.dte_end >= to_char(sysdate, 'YYYYMMDD') and not exists (select 1 from t_re_aid_elig where sak_recip=b.sak_recip and cde_status1 <> 'H' and dte_end >= to_char(sysdate, 'YYYYMMDD') and sak_cde_aid <>149) and rownum=1
	at newMMIS_Subsystems.Common.executeQuery(Unknown Source)
	at newMMIS_Subsystems.EVS.RMreset(Unknown Source)
	at newMMIS_Subsystems.EVS.RM_841_386(Unknown Source)
	at sun.reflect.NativeMethodAccessorImpl.invoke0(Native Method)
	at sun.reflect.NativeMethodAccessorImpl.invoke(NativeMethodAccessorImpl.java:62)
	at sun.reflect.DelegatingMethodAccessorImpl.invoke(DelegatingMethodAccessorImpl.java:43)
	at java.lang.reflect.Method.invoke(Method.java:498)
	at org.testng.internal.MethodInvocationHelper.invokeMethod(MethodInvocationHelper.java:85)
	at org.testng.internal.Invoker.invokeMethod(Invoker.java:639)
	at org.testng.internal.Invoker.invokeTestMethod(Invoker.java:816)
	at org.testng.internal.Invoker.invokeTestMethods(Invoker.java:1124)
	at org.testng.internal.TestMethodWorker.invokeTestMethods(TestMethodWorker.java:125)
	at org.testng.internal.TestMethodWorker.run(TestMethodWorker.java:108)
	at org.testng.TestRunner.privateRun(TestRunner.java:774)
	at org.testng.TestRunner.run(TestRunner.java:624)
	at org.testng.SuiteRunner.runTest(SuiteRunner.java:359)
	at org.testng.SuiteRunner.runSequentially(SuiteRunner.java:354)
	at org.testng.SuiteRunner.privateRun(SuiteRunner.java:312)
	at org.testng.SuiteRunner.run(SuiteRunner.java:261)
	at org.testng.SuiteRunnerWorker.runSuite(SuiteRunnerWorker.java:52)
	at org.testng.SuiteRunnerWorker.run(SuiteRunnerWorker.java:86)
	at org.testng.TestNG.runSuitesSequentially(TestNG.java:1215)
	at org.testng.TestNG.runSuitesLocally(TestNG.java:1140)
	at org.testng.TestNG.run(TestNG.java:1048)
	at org.testng.TestNG.privateMain(TestNG.java:1355)
	at org.testng.TestNG.main(TestNG.java:1324)
]]>
    </error>
  </testcase> <!-- RM_841_386 -->
  <testcase name="RM_773_500" time="47.624" classname="newMMIS_Subsystems.EVS">
    <failure type="java.lang.AssertionError" message="Did not get RM 773 / 500 Special program. Call Boston Medical Center HealthNet Plan at 1-888-566-0010 for authorizations. expected [true] but found [false]">
      <![CDATA[java.lang.AssertionError: Did not get RM 773 / 500 Special program. Call Boston Medical Center HealthNet Plan at 1-888-566-0010 for authorizations. expected [true] but found [false]
	at org.testng.Assert.fail(Assert.java:94)
	at org.testng.Assert.failNotEquals(Assert.java:496)
	at org.testng.Assert.assertTrue(Assert.java:42)
	at newMMIS_Subsystems.EVS.rmCommon(Unknown Source)
	at newMMIS_Subsystems.EVS.RM_773_500(Unknown Source)
	at sun.reflect.NativeMethodAccessorImpl.invoke0(Native Method)
	at sun.reflect.NativeMethodAccessorImpl.invoke(NativeMethodAccessorImpl.java:62)
	at sun.reflect.DelegatingMethodAccessorImpl.invoke(DelegatingMethodAccessorImpl.java:43)
	at java.lang.reflect.Method.invoke(Method.java:498)
	at org.testng.internal.MethodInvocationHelper.invokeMethod(MethodInvocationHelper.java:85)
	at org.testng.internal.Invoker.invokeMethod(Invoker.java:639)
	at org.testng.internal.Invoker.invokeTestMethod(Invoker.java:816)
	at org.testng.internal.Invoker.invokeTestMethods(Invoker.java:1124)
	at org.testng.internal.TestMethodWorker.invokeTestMethods(TestMethodWorker.java:125)
	at org.testng.internal.TestMethodWorker.run(TestMethodWorker.java:108)
	at org.testng.TestRunner.privateRun(TestRunner.java:774)
	at org.testng.TestRunner.run(TestRunner.java:624)
	at org.testng.SuiteRunner.runTest(SuiteRunner.java:359)
	at org.testng.SuiteRunner.runSequentially(SuiteRunner.java:354)
	at org.testng.SuiteRunner.privateRun(SuiteRunner.java:312)
	at org.testng.SuiteRunner.run(SuiteRunner.java:261)
	at org.testng.SuiteRunnerWorker.runSuite(SuiteRunnerWorker.java:52)
	at org.testng.SuiteRunnerWorker.run(SuiteRunnerWorker.java:86)
	at org.testng.TestNG.runSuitesSequentially(TestNG.java:1215)
	at org.testng.TestNG.runSuitesLocally(TestNG.java:1140)
	at org.testng.TestNG.run(TestNG.java:1048)
	at org.testng.TestNG.privateMain(TestNG.java:1355)
	at org.testng.TestNG.main(TestNG.java:1324)
]]>
    </failure>
  </testcase> <!-- RM_773_500 -->
  <testcase name="connectorPartHSN" time="9.122" classname="newMMIS_Subsystems.EVS">
    <error type="org.testng.SkipException" message="Skipping this test  because this SQL did not return any rows: select id_medicaid from t_re_base b, t_re_aid_elig e where b.sak_recip=e.sak_recip and ind_active=&#039;Y&#039; and dte_death=&#039;0&#039; and e.cde_status1 &lt;&gt; &#039;H&#039; and e.sak_cde_aid = (select sak_cde_aid from t_cde_aid where cde_aid_category = &#039;2Y&#039;) and to_char(sysdate, &#039;YYYYMMDD&#039;) between e.dte_effective and e.dte_end and not exists (select 1 from t_re_aid_elig where sak_recip=b.sak_recip and cde_status1 &lt;&gt; &#039;H&#039; and sak_cde_aid &lt;&gt; e.sak_cde_aid and to_char(sysdate,&#039;YYYYMMDD&#039;) between dte_effective and dte_end) and rownum=1">
      <![CDATA[org.testng.SkipException: Skipping this test  because this SQL did not return any rows: select id_medicaid from t_re_base b, t_re_aid_elig e where b.sak_recip=e.sak_recip and ind_active='Y' and dte_death='0' and e.cde_status1 <> 'H' and e.sak_cde_aid = (select sak_cde_aid from t_cde_aid where cde_aid_category = '2Y') and to_char(sysdate, 'YYYYMMDD') between e.dte_effective and e.dte_end and not exists (select 1 from t_re_aid_elig where sak_recip=b.sak_recip and cde_status1 <> 'H' and sak_cde_aid <> e.sak_cde_aid and to_char(sysdate,'YYYYMMDD') between dte_effective and dte_end) and rownum=1
	at newMMIS_Subsystems.Common.executeQuery(Unknown Source)
	at newMMIS_Subsystems.EVS.RMreset(Unknown Source)
	at newMMIS_Subsystems.EVS.connectorPartHSN(Unknown Source)
	at sun.reflect.NativeMethodAccessorImpl.invoke0(Native Method)
	at sun.reflect.NativeMethodAccessorImpl.invoke(NativeMethodAccessorImpl.java:62)
	at sun.reflect.DelegatingMethodAccessorImpl.invoke(DelegatingMethodAccessorImpl.java:43)
	at java.lang.reflect.Method.invoke(Method.java:498)
	at org.testng.internal.MethodInvocationHelper.invokeMethod(MethodInvocationHelper.java:85)
	at org.testng.internal.Invoker.invokeMethod(Invoker.java:639)
	at org.testng.internal.Invoker.invokeTestMethod(Invoker.java:816)
	at org.testng.internal.Invoker.invokeTestMethods(Invoker.java:1124)
	at org.testng.internal.TestMethodWorker.invokeTestMethods(TestMethodWorker.java:125)
	at org.testng.internal.TestMethodWorker.run(TestMethodWorker.java:108)
	at org.testng.TestRunner.privateRun(TestRunner.java:774)
	at org.testng.TestRunner.run(TestRunner.java:624)
	at org.testng.SuiteRunner.runTest(SuiteRunner.java:359)
	at org.testng.SuiteRunner.runSequentially(SuiteRunner.java:354)
	at org.testng.SuiteRunner.privateRun(SuiteRunner.java:312)
	at org.testng.SuiteRunner.run(SuiteRunner.java:261)
	at org.testng.SuiteRunnerWorker.runSuite(SuiteRunnerWorker.java:52)
	at org.testng.SuiteRunnerWorker.run(SuiteRunnerWorker.java:86)
	at org.testng.TestNG.runSuitesSequentially(TestNG.java:1215)
	at org.testng.TestNG.runSuitesLocally(TestNG.java:1140)
	at org.testng.TestNG.run(TestNG.java:1048)
	at org.testng.TestNG.privateMain(TestNG.java:1355)
	at org.testng.TestNG.main(TestNG.java:1324)
]]>
    </error>
  </testcase> <!-- connectorPartHSN -->
  <testcase name="RM_966_611" time="12.354" classname="newMMIS_Subsystems.EVS"/>
  <testcase name="connectorFullHSN" time="7.649" classname="newMMIS_Subsystems.EVS">
    <error type="org.testng.SkipException" message="Skipping this test  because this SQL did not return any rows: select id_medicaid from t_re_base b, t_re_aid_elig e where b.sak_recip=e.sak_recip and ind_active=&#039;Y&#039; and dte_death=&#039;0&#039; and e.cde_status1 &lt;&gt; &#039;H&#039; and e.sak_cde_aid = (select sak_cde_aid from t_cde_aid where cde_aid_category = &#039;3W&#039;) and to_char(sysdate, &#039;YYYYMMDD&#039;) between e.dte_effective and e.dte_end and not exists (select 1 from t_re_aid_elig where sak_recip=b.sak_recip and cde_status1 &lt;&gt; &#039;H&#039; and sak_cde_aid &lt;&gt; e.sak_cde_aid and to_char(sysdate,&#039;YYYYMMDD&#039;) between dte_effective and dte_end) and rownum=1">
      <![CDATA[org.testng.SkipException: Skipping this test  because this SQL did not return any rows: select id_medicaid from t_re_base b, t_re_aid_elig e where b.sak_recip=e.sak_recip and ind_active='Y' and dte_death='0' and e.cde_status1 <> 'H' and e.sak_cde_aid = (select sak_cde_aid from t_cde_aid where cde_aid_category = '3W') and to_char(sysdate, 'YYYYMMDD') between e.dte_effective and e.dte_end and not exists (select 1 from t_re_aid_elig where sak_recip=b.sak_recip and cde_status1 <> 'H' and sak_cde_aid <> e.sak_cde_aid and to_char(sysdate,'YYYYMMDD') between dte_effective and dte_end) and rownum=1
	at newMMIS_Subsystems.Common.executeQuery(Unknown Source)
	at newMMIS_Subsystems.EVS.RMreset(Unknown Source)
	at newMMIS_Subsystems.EVS.connectorFullHSN(Unknown Source)
	at sun.reflect.NativeMethodAccessorImpl.invoke0(Native Method)
	at sun.reflect.NativeMethodAccessorImpl.invoke(NativeMethodAccessorImpl.java:62)
	at sun.reflect.DelegatingMethodAccessorImpl.invoke(DelegatingMethodAccessorImpl.java:43)
	at java.lang.reflect.Method.invoke(Method.java:498)
	at org.testng.internal.MethodInvocationHelper.invokeMethod(MethodInvocationHelper.java:85)
	at org.testng.internal.Invoker.invokeMethod(Invoker.java:639)
	at org.testng.internal.Invoker.invokeTestMethod(Invoker.java:816)
	at org.testng.internal.Invoker.invokeTestMethods(Invoker.java:1124)
	at org.testng.internal.TestMethodWorker.invokeTestMethods(TestMethodWorker.java:125)
	at org.testng.internal.TestMethodWorker.run(TestMethodWorker.java:108)
	at org.testng.TestRunner.privateRun(TestRunner.java:774)
	at org.testng.TestRunner.run(TestRunner.java:624)
	at org.testng.SuiteRunner.runTest(SuiteRunner.java:359)
	at org.testng.SuiteRunner.runSequentially(SuiteRunner.java:354)
	at org.testng.SuiteRunner.privateRun(SuiteRunner.java:312)
	at org.testng.SuiteRunner.run(SuiteRunner.java:261)
	at org.testng.SuiteRunnerWorker.runSuite(SuiteRunnerWorker.java:52)
	at org.testng.SuiteRunnerWorker.run(SuiteRunnerWorker.java:86)
	at org.testng.TestNG.runSuitesSequentially(TestNG.java:1215)
	at org.testng.TestNG.runSuitesLocally(TestNG.java:1140)
	at org.testng.TestNG.run(TestNG.java:1048)
	at org.testng.TestNG.privateMain(TestNG.java:1355)
	at org.testng.TestNG.main(TestNG.java:1324)
]]>
    </error>
  </testcase> <!-- connectorFullHSN -->
  <testcase name="RM_89_646" time="148.302" classname="newMMIS_Subsystems.EVS">
    <error type="org.testng.SkipException" message="Skipping this test  because this SQL did not return any rows: select id_medicaid from t_re_base b, t_re_pmp_assign p, t_pmp_svc_loc l, t_re_aid_elig e where b.sak_recip=p.sak_recip and ind_active &lt;&gt; &#039;N&#039; and dte_death=&#039;0&#039; and e.sak_recip=b.sak_recip and e.cde_status1 &lt;&gt; &#039;H&#039; and e.sak_cde_aid=108 and e.dte_end =&#039;22991231&#039; and p.cde_status1 &lt;&gt; &#039;H&#039; and p.dte_end=&#039;22991231&#039; and p.sak_pmp_ser_loc=l.sak_pmp_ser_loc and l.sak_prov=31467 and l.cde_service_loc=&#039;A&#039; and not exists (select 1 from t_re_aid_elig where sak_recip=b.sak_recip and cde_status1 &lt;&gt; &#039;H&#039; and sak_cde_aid &lt;&gt; 108 and dte_end =&#039;22991231&#039;) and rownum=1">
      <![CDATA[org.testng.SkipException: Skipping this test  because this SQL did not return any rows: select id_medicaid from t_re_base b, t_re_pmp_assign p, t_pmp_svc_loc l, t_re_aid_elig e where b.sak_recip=p.sak_recip and ind_active <> 'N' and dte_death='0' and e.sak_recip=b.sak_recip and e.cde_status1 <> 'H' and e.sak_cde_aid=108 and e.dte_end ='22991231' and p.cde_status1 <> 'H' and p.dte_end='22991231' and p.sak_pmp_ser_loc=l.sak_pmp_ser_loc and l.sak_prov=31467 and l.cde_service_loc='A' and not exists (select 1 from t_re_aid_elig where sak_recip=b.sak_recip and cde_status1 <> 'H' and sak_cde_aid <> 108 and dte_end ='22991231') and rownum=1
	at newMMIS_Subsystems.Common.executeQuery(Unknown Source)
	at newMMIS_Subsystems.EVS.RMreset(Unknown Source)
	at newMMIS_Subsystems.EVS.RM_89_646(Unknown Source)
	at sun.reflect.NativeMethodAccessorImpl.invoke0(Native Method)
	at sun.reflect.NativeMethodAccessorImpl.invoke(NativeMethodAccessorImpl.java:62)
	at sun.reflect.DelegatingMethodAccessorImpl.invoke(DelegatingMethodAccessorImpl.java:43)
	at java.lang.reflect.Method.invoke(Method.java:498)
	at org.testng.internal.MethodInvocationHelper.invokeMethod(MethodInvocationHelper.java:85)
	at org.testng.internal.Invoker.invokeMethod(Invoker.java:639)
	at org.testng.internal.Invoker.invokeTestMethod(Invoker.java:816)
	at org.testng.internal.Invoker.invokeTestMethods(Invoker.java:1124)
	at org.testng.internal.TestMethodWorker.invokeTestMethods(TestMethodWorker.java:125)
	at org.testng.internal.TestMethodWorker.run(TestMethodWorker.java:108)
	at org.testng.TestRunner.privateRun(TestRunner.java:774)
	at org.testng.TestRunner.run(TestRunner.java:624)
	at org.testng.SuiteRunner.runTest(SuiteRunner.java:359)
	at org.testng.SuiteRunner.runSequentially(SuiteRunner.java:354)
	at org.testng.SuiteRunner.privateRun(SuiteRunner.java:312)
	at org.testng.SuiteRunner.run(SuiteRunner.java:261)
	at org.testng.SuiteRunnerWorker.runSuite(SuiteRunnerWorker.java:52)
	at org.testng.SuiteRunnerWorker.run(SuiteRunnerWorker.java:86)
	at org.testng.TestNG.runSuitesSequentially(TestNG.java:1215)
	at org.testng.TestNG.runSuitesLocally(TestNG.java:1140)
	at org.testng.TestNG.run(TestNG.java:1048)
	at org.testng.TestNG.privateMain(TestNG.java:1355)
	at org.testng.TestNG.main(TestNG.java:1324)
]]>
    </error>
  </testcase> <!-- RM_89_646 -->
  <testcase name="RM_5_480" time="21.689" classname="newMMIS_Subsystems.EVS"/>
  <testcase name="RM_29_495" time="15.303" classname="newMMIS_Subsystems.EVS"/>
  <testcase name="RM_937_656" time="11.725" classname="newMMIS_Subsystems.EVS"/>
  <testcase name="RM_957_611" time="10.567" classname="newMMIS_Subsystems.EVS"/>
  <testcase name="RM_954_611" time="17.139" classname="newMMIS_Subsystems.EVS"/>
  <testcase name="connectorPartHSN" time="12.381" classname="newMMIS_Subsystems.EVS"/>
  <testcase name="RM_1063_619" time="7.807" classname="newMMIS_Subsystems.EVS">
    <error type="org.testng.SkipException" message="Skipping this test  because this SQL did not return any rows: select id_medicaid from t_re_base b, t_re_pmp_assign p, t_pmp_svc_loc l where b.sak_recip=p.sak_recip and ind_active &lt;&gt; &#039;N&#039; and dte_death=&#039;0&#039; and p.cde_status1 &lt;&gt; &#039;H&#039; and p.sak_pmp_ser_loc=l.sak_pmp_ser_loc and l.sak_prov=31449 and l.cde_service_loc=&#039;B&#039; and p.dte_end =&#039;22991231&#039; and p.sak_pub_hlth=24 and rownum=1">
      <![CDATA[org.testng.SkipException: Skipping this test  because this SQL did not return any rows: select id_medicaid from t_re_base b, t_re_pmp_assign p, t_pmp_svc_loc l where b.sak_recip=p.sak_recip and ind_active <> 'N' and dte_death='0' and p.cde_status1 <> 'H' and p.sak_pmp_ser_loc=l.sak_pmp_ser_loc and l.sak_prov=31449 and l.cde_service_loc='B' and p.dte_end ='22991231' and p.sak_pub_hlth=24 and rownum=1
	at newMMIS_Subsystems.Common.executeQuery(Unknown Source)
	at newMMIS_Subsystems.EVS.RMreset(Unknown Source)
	at newMMIS_Subsystems.EVS.RM_1063_619(Unknown Source)
	at sun.reflect.NativeMethodAccessorImpl.invoke0(Native Method)
	at sun.reflect.NativeMethodAccessorImpl.invoke(NativeMethodAccessorImpl.java:62)
	at sun.reflect.DelegatingMethodAccessorImpl.invoke(DelegatingMethodAccessorImpl.java:43)
	at java.lang.reflect.Method.invoke(Method.java:498)
	at org.testng.internal.MethodInvocationHelper.invokeMethod(MethodInvocationHelper.java:85)
	at org.testng.internal.Invoker.invokeMethod(Invoker.java:639)
	at org.testng.internal.Invoker.invokeTestMethod(Invoker.java:816)
	at org.testng.internal.Invoker.invokeTestMethods(Invoker.java:1124)
	at org.testng.internal.TestMethodWorker.invokeTestMethods(TestMethodWorker.java:125)
	at org.testng.internal.TestMethodWorker.run(TestMethodWorker.java:108)
	at org.testng.TestRunner.privateRun(TestRunner.java:774)
	at org.testng.TestRunner.run(TestRunner.java:624)
	at org.testng.SuiteRunner.runTest(SuiteRunner.java:359)
	at org.testng.SuiteRunner.runSequentially(SuiteRunner.java:354)
	at org.testng.SuiteRunner.privateRun(SuiteRunner.java:312)
	at org.testng.SuiteRunner.run(SuiteRunner.java:261)
	at org.testng.SuiteRunnerWorker.runSuite(SuiteRunnerWorker.java:52)
	at org.testng.SuiteRunnerWorker.run(SuiteRunnerWorker.java:86)
	at org.testng.TestNG.runSuitesSequentially(TestNG.java:1215)
	at org.testng.TestNG.runSuitesLocally(TestNG.java:1140)
	at org.testng.TestNG.run(TestNG.java:1048)
	at org.testng.TestNG.privateMain(TestNG.java:1355)
	at org.testng.TestNG.main(TestNG.java:1324)
]]>
    </error>
  </testcase> <!-- RM_1063_619 -->
  <testcase name="RM_985_658" time="11.533" classname="newMMIS_Subsystems.EVS"/>
  <testcase name="RM_974_611" time="13.009" classname="newMMIS_Subsystems.EVS"/>
  <testcase name="RM_915_647" time="15.925" classname="newMMIS_Subsystems.EVS"/>
  <testcase name="connectorPartHSN" time="9.181" classname="newMMIS_Subsystems.EVS">
    <error type="org.testng.SkipException" message="Skipping this test  because this SQL did not return any rows: select id_medicaid from t_re_base b, t_re_aid_elig e where b.sak_recip=e.sak_recip and ind_active=&#039;Y&#039; and dte_death=&#039;0&#039; and e.cde_status1 &lt;&gt; &#039;H&#039; and e.sak_cde_aid = (select sak_cde_aid from t_cde_aid where cde_aid_category = &#039;4B&#039;) and to_char(sysdate, &#039;YYYYMMDD&#039;) between e.dte_effective and e.dte_end and not exists (select 1 from t_re_aid_elig where sak_recip=b.sak_recip and cde_status1 &lt;&gt; &#039;H&#039; and sak_cde_aid &lt;&gt; e.sak_cde_aid and to_char(sysdate,&#039;YYYYMMDD&#039;) between dte_effective and dte_end) and rownum=1">
      <![CDATA[org.testng.SkipException: Skipping this test  because this SQL did not return any rows: select id_medicaid from t_re_base b, t_re_aid_elig e where b.sak_recip=e.sak_recip and ind_active='Y' and dte_death='0' and e.cde_status1 <> 'H' and e.sak_cde_aid = (select sak_cde_aid from t_cde_aid where cde_aid_category = '4B') and to_char(sysdate, 'YYYYMMDD') between e.dte_effective and e.dte_end and not exists (select 1 from t_re_aid_elig where sak_recip=b.sak_recip and cde_status1 <> 'H' and sak_cde_aid <> e.sak_cde_aid and to_char(sysdate,'YYYYMMDD') between dte_effective and dte_end) and rownum=1
	at newMMIS_Subsystems.Common.executeQuery(Unknown Source)
	at newMMIS_Subsystems.EVS.RMreset(Unknown Source)
	at newMMIS_Subsystems.EVS.connectorPartHSN(Unknown Source)
	at sun.reflect.NativeMethodAccessorImpl.invoke0(Native Method)
	at sun.reflect.NativeMethodAccessorImpl.invoke(NativeMethodAccessorImpl.java:62)
	at sun.reflect.DelegatingMethodAccessorImpl.invoke(DelegatingMethodAccessorImpl.java:43)
	at java.lang.reflect.Method.invoke(Method.java:498)
	at org.testng.internal.MethodInvocationHelper.invokeMethod(MethodInvocationHelper.java:85)
	at org.testng.internal.Invoker.invokeMethod(Invoker.java:639)
	at org.testng.internal.Invoker.invokeTestMethod(Invoker.java:816)
	at org.testng.internal.Invoker.invokeTestMethods(Invoker.java:1124)
	at org.testng.internal.TestMethodWorker.invokeTestMethods(TestMethodWorker.java:125)
	at org.testng.internal.TestMethodWorker.run(TestMethodWorker.java:108)
	at org.testng.TestRunner.privateRun(TestRunner.java:774)
	at org.testng.TestRunner.run(TestRunner.java:624)
	at org.testng.SuiteRunner.runTest(SuiteRunner.java:359)
	at org.testng.SuiteRunner.runSequentially(SuiteRunner.java:354)
	at org.testng.SuiteRunner.privateRun(SuiteRunner.java:312)
	at org.testng.SuiteRunner.run(SuiteRunner.java:261)
	at org.testng.SuiteRunnerWorker.runSuite(SuiteRunnerWorker.java:52)
	at org.testng.SuiteRunnerWorker.run(SuiteRunnerWorker.java:86)
	at org.testng.TestNG.runSuitesSequentially(TestNG.java:1215)
	at org.testng.TestNG.runSuitesLocally(TestNG.java:1140)
	at org.testng.TestNG.run(TestNG.java:1048)
	at org.testng.TestNG.privateMain(TestNG.java:1355)
	at org.testng.TestNG.main(TestNG.java:1324)
]]>
    </error>
  </testcase> <!-- connectorPartHSN -->
  <testcase name="RM_366_366" time="7.767" classname="newMMIS_Subsystems.EVS">
    <error type="org.testng.SkipException" message="Skipping this test  because this SQL did not return any rows: select id_medicaid from t_re_base b, t_re_limits l where b.sak_recip=l.sak_recip and ind_active &lt;&gt; &#039;N&#039; and dte_death=&#039;0&#039; and l.cde_limit_type=1 and substr(l.end_period,1,4)=substr(to_char(sysdate,&#039;YYYYMMDD&#039;),1,4) and rownum=1">
      <![CDATA[org.testng.SkipException: Skipping this test  because this SQL did not return any rows: select id_medicaid from t_re_base b, t_re_limits l where b.sak_recip=l.sak_recip and ind_active <> 'N' and dte_death='0' and l.cde_limit_type=1 and substr(l.end_period,1,4)=substr(to_char(sysdate,'YYYYMMDD'),1,4) and rownum=1
	at newMMIS_Subsystems.Common.executeQuery(Unknown Source)
	at newMMIS_Subsystems.EVS.RMreset(Unknown Source)
	at newMMIS_Subsystems.EVS.RM_366_366(Unknown Source)
	at sun.reflect.NativeMethodAccessorImpl.invoke0(Native Method)
	at sun.reflect.NativeMethodAccessorImpl.invoke(NativeMethodAccessorImpl.java:62)
	at sun.reflect.DelegatingMethodAccessorImpl.invoke(DelegatingMethodAccessorImpl.java:43)
	at java.lang.reflect.Method.invoke(Method.java:498)
	at org.testng.internal.MethodInvocationHelper.invokeMethod(MethodInvocationHelper.java:85)
	at org.testng.internal.Invoker.invokeMethod(Invoker.java:639)
	at org.testng.internal.Invoker.invokeTestMethod(Invoker.java:816)
	at org.testng.internal.Invoker.invokeTestMethods(Invoker.java:1124)
	at org.testng.internal.TestMethodWorker.invokeTestMethods(TestMethodWorker.java:125)
	at org.testng.internal.TestMethodWorker.run(TestMethodWorker.java:108)
	at org.testng.TestRunner.privateRun(TestRunner.java:774)
	at org.testng.TestRunner.run(TestRunner.java:624)
	at org.testng.SuiteRunner.runTest(SuiteRunner.java:359)
	at org.testng.SuiteRunner.runSequentially(SuiteRunner.java:354)
	at org.testng.SuiteRunner.privateRun(SuiteRunner.java:312)
	at org.testng.SuiteRunner.run(SuiteRunner.java:261)
	at org.testng.SuiteRunnerWorker.runSuite(SuiteRunnerWorker.java:52)
	at org.testng.SuiteRunnerWorker.run(SuiteRunnerWorker.java:86)
	at org.testng.TestNG.runSuitesSequentially(TestNG.java:1215)
	at org.testng.TestNG.runSuitesLocally(TestNG.java:1140)
	at org.testng.TestNG.run(TestNG.java:1048)
	at org.testng.TestNG.privateMain(TestNG.java:1355)
	at org.testng.TestNG.main(TestNG.java:1324)
]]>
    </error>
  </testcase> <!-- RM_366_366 -->
  <testcase name="RM_8_485" time="25.192" classname="newMMIS_Subsystems.EVS"/>
  <testcase name="RM_960_611" time="13.559" classname="newMMIS_Subsystems.EVS"/>
  <testcase name="RM_186_186" time="52.975" classname="newMMIS_Subsystems.EVS">
    <failure type="java.lang.AssertionError" message="Did not get RM 186 / 186 EXEMPT FROM COPAY ON NON-PHARMACY SERVICES UNDER 130 CMR 450.130(D). expected [true] but found [false]">
      <![CDATA[java.lang.AssertionError: Did not get RM 186 / 186 EXEMPT FROM COPAY ON NON-PHARMACY SERVICES UNDER 130 CMR 450.130(D). expected [true] but found [false]
	at org.testng.Assert.fail(Assert.java:94)
	at org.testng.Assert.failNotEquals(Assert.java:496)
	at org.testng.Assert.assertTrue(Assert.java:42)
	at newMMIS_Subsystems.EVS.rmCommon(Unknown Source)
	at newMMIS_Subsystems.EVS.RM_186_186(Unknown Source)
	at sun.reflect.NativeMethodAccessorImpl.invoke0(Native Method)
	at sun.reflect.NativeMethodAccessorImpl.invoke(NativeMethodAccessorImpl.java:62)
	at sun.reflect.DelegatingMethodAccessorImpl.invoke(DelegatingMethodAccessorImpl.java:43)
	at java.lang.reflect.Method.invoke(Method.java:498)
	at org.testng.internal.MethodInvocationHelper.invokeMethod(MethodInvocationHelper.java:85)
	at org.testng.internal.Invoker.invokeMethod(Invoker.java:639)
	at org.testng.internal.Invoker.invokeTestMethod(Invoker.java:816)
	at org.testng.internal.Invoker.invokeTestMethods(Invoker.java:1124)
	at org.testng.internal.TestMethodWorker.invokeTestMethods(TestMethodWorker.java:125)
	at org.testng.internal.TestMethodWorker.run(TestMethodWorker.java:108)
	at org.testng.TestRunner.privateRun(TestRunner.java:774)
	at org.testng.TestRunner.run(TestRunner.java:624)
	at org.testng.SuiteRunner.runTest(SuiteRunner.java:359)
	at org.testng.SuiteRunner.runSequentially(SuiteRunner.java:354)
	at org.testng.SuiteRunner.privateRun(SuiteRunner.java:312)
	at org.testng.SuiteRunner.run(SuiteRunner.java:261)
	at org.testng.SuiteRunnerWorker.runSuite(SuiteRunnerWorker.java:52)
	at org.testng.SuiteRunnerWorker.run(SuiteRunnerWorker.java:86)
	at org.testng.TestNG.runSuitesSequentially(TestNG.java:1215)
	at org.testng.TestNG.runSuitesLocally(TestNG.java:1140)
	at org.testng.TestNG.run(TestNG.java:1048)
	at org.testng.TestNG.privateMain(TestNG.java:1355)
	at org.testng.TestNG.main(TestNG.java:1324)
]]>
    </failure>
  </testcase> <!-- RM_186_186 -->
  <testcase name="connectorPartHSN" time="8.774" classname="newMMIS_Subsystems.EVS">
    <error type="org.testng.SkipException" message="Skipping this test  because this SQL did not return any rows: select id_medicaid from t_re_base b, t_re_aid_elig e where b.sak_recip=e.sak_recip and ind_active=&#039;Y&#039; and dte_death=&#039;0&#039; and e.cde_status1 &lt;&gt; &#039;H&#039; and e.sak_cde_aid = (select sak_cde_aid from t_cde_aid where cde_aid_category = &#039;1O&#039;) and to_char(sysdate, &#039;YYYYMMDD&#039;) between e.dte_effective and e.dte_end and not exists (select 1 from t_re_aid_elig where sak_recip=b.sak_recip and cde_status1 &lt;&gt; &#039;H&#039; and sak_cde_aid &lt;&gt; e.sak_cde_aid and to_char(sysdate,&#039;YYYYMMDD&#039;) between dte_effective and dte_end) and rownum=1">
      <![CDATA[org.testng.SkipException: Skipping this test  because this SQL did not return any rows: select id_medicaid from t_re_base b, t_re_aid_elig e where b.sak_recip=e.sak_recip and ind_active='Y' and dte_death='0' and e.cde_status1 <> 'H' and e.sak_cde_aid = (select sak_cde_aid from t_cde_aid where cde_aid_category = '1O') and to_char(sysdate, 'YYYYMMDD') between e.dte_effective and e.dte_end and not exists (select 1 from t_re_aid_elig where sak_recip=b.sak_recip and cde_status1 <> 'H' and sak_cde_aid <> e.sak_cde_aid and to_char(sysdate,'YYYYMMDD') between dte_effective and dte_end) and rownum=1
	at newMMIS_Subsystems.Common.executeQuery(Unknown Source)
	at newMMIS_Subsystems.EVS.RMreset(Unknown Source)
	at newMMIS_Subsystems.EVS.connectorPartHSN(Unknown Source)
	at sun.reflect.NativeMethodAccessorImpl.invoke0(Native Method)
	at sun.reflect.NativeMethodAccessorImpl.invoke(NativeMethodAccessorImpl.java:62)
	at sun.reflect.DelegatingMethodAccessorImpl.invoke(DelegatingMethodAccessorImpl.java:43)
	at java.lang.reflect.Method.invoke(Method.java:498)
	at org.testng.internal.MethodInvocationHelper.invokeMethod(MethodInvocationHelper.java:85)
	at org.testng.internal.Invoker.invokeMethod(Invoker.java:639)
	at org.testng.internal.Invoker.invokeTestMethod(Invoker.java:816)
	at org.testng.internal.Invoker.invokeTestMethods(Invoker.java:1124)
	at org.testng.internal.TestMethodWorker.invokeTestMethods(TestMethodWorker.java:125)
	at org.testng.internal.TestMethodWorker.run(TestMethodWorker.java:108)
	at org.testng.TestRunner.privateRun(TestRunner.java:774)
	at org.testng.TestRunner.run(TestRunner.java:624)
	at org.testng.SuiteRunner.runTest(SuiteRunner.java:359)
	at org.testng.SuiteRunner.runSequentially(SuiteRunner.java:354)
	at org.testng.SuiteRunner.privateRun(SuiteRunner.java:312)
	at org.testng.SuiteRunner.run(SuiteRunner.java:261)
	at org.testng.SuiteRunnerWorker.runSuite(SuiteRunnerWorker.java:52)
	at org.testng.SuiteRunnerWorker.run(SuiteRunnerWorker.java:86)
	at org.testng.TestNG.runSuitesSequentially(TestNG.java:1215)
	at org.testng.TestNG.runSuitesLocally(TestNG.java:1140)
	at org.testng.TestNG.run(TestNG.java:1048)
	at org.testng.TestNG.privateMain(TestNG.java:1355)
	at org.testng.TestNG.main(TestNG.java:1324)
]]>
    </error>
  </testcase> <!-- connectorPartHSN -->
  <testcase name="RM_853_636" time="13.530" classname="newMMIS_Subsystems.EVS"/>
  <testcase name="RM_76_525" time="81.628" classname="newMMIS_Subsystems.EVS">
    <failure type="java.lang.AssertionError" message="Did not get RM 76 / 525 For behavioral health service questions and authorization, call the Massachusetts Behavioral Health Partnership at 1-800-495-0086. expected [true] but found [false]">
      <![CDATA[java.lang.AssertionError: Did not get RM 76 / 525 For behavioral health service questions and authorization, call the Massachusetts Behavioral Health Partnership at 1-800-495-0086. expected [true] but found [false]
	at org.testng.Assert.fail(Assert.java:94)
	at org.testng.Assert.failNotEquals(Assert.java:496)
	at org.testng.Assert.assertTrue(Assert.java:42)
	at newMMIS_Subsystems.EVS.rmCommon(Unknown Source)
	at newMMIS_Subsystems.EVS.RM_76_525(Unknown Source)
	at sun.reflect.NativeMethodAccessorImpl.invoke0(Native Method)
	at sun.reflect.NativeMethodAccessorImpl.invoke(NativeMethodAccessorImpl.java:62)
	at sun.reflect.DelegatingMethodAccessorImpl.invoke(DelegatingMethodAccessorImpl.java:43)
	at java.lang.reflect.Method.invoke(Method.java:498)
	at org.testng.internal.MethodInvocationHelper.invokeMethod(MethodInvocationHelper.java:85)
	at org.testng.internal.Invoker.invokeMethod(Invoker.java:639)
	at org.testng.internal.Invoker.invokeTestMethod(Invoker.java:816)
	at org.testng.internal.Invoker.invokeTestMethods(Invoker.java:1124)
	at org.testng.internal.TestMethodWorker.invokeTestMethods(TestMethodWorker.java:125)
	at org.testng.internal.TestMethodWorker.run(TestMethodWorker.java:108)
	at org.testng.TestRunner.privateRun(TestRunner.java:774)
	at org.testng.TestRunner.run(TestRunner.java:624)
	at org.testng.SuiteRunner.runTest(SuiteRunner.java:359)
	at org.testng.SuiteRunner.runSequentially(SuiteRunner.java:354)
	at org.testng.SuiteRunner.privateRun(SuiteRunner.java:312)
	at org.testng.SuiteRunner.run(SuiteRunner.java:261)
	at org.testng.SuiteRunnerWorker.runSuite(SuiteRunnerWorker.java:52)
	at org.testng.SuiteRunnerWorker.run(SuiteRunnerWorker.java:86)
	at org.testng.TestNG.runSuitesSequentially(TestNG.java:1215)
	at org.testng.TestNG.runSuitesLocally(TestNG.java:1140)
	at org.testng.TestNG.run(TestNG.java:1048)
	at org.testng.TestNG.privateMain(TestNG.java:1355)
	at org.testng.TestNG.main(TestNG.java:1324)
]]>
    </failure>
  </testcase> <!-- RM_76_525 -->
  <testcase name="RM_952_611" time="14.252" classname="newMMIS_Subsystems.EVS"/>
  <testcase name="connectorPartHSN" time="8.264" classname="newMMIS_Subsystems.EVS">
    <error type="org.testng.SkipException" message="Skipping this test  because this SQL did not return any rows: select id_medicaid from t_re_base b, t_re_aid_elig e where b.sak_recip=e.sak_recip and ind_active=&#039;Y&#039; and dte_death=&#039;0&#039; and e.cde_status1 &lt;&gt; &#039;H&#039; and e.sak_cde_aid = (select sak_cde_aid from t_cde_aid where cde_aid_category = &#039;2B&#039;) and to_char(sysdate, &#039;YYYYMMDD&#039;) between e.dte_effective and e.dte_end and not exists (select 1 from t_re_aid_elig where sak_recip=b.sak_recip and cde_status1 &lt;&gt; &#039;H&#039; and sak_cde_aid &lt;&gt; e.sak_cde_aid and to_char(sysdate,&#039;YYYYMMDD&#039;) between dte_effective and dte_end) and rownum=1">
      <![CDATA[org.testng.SkipException: Skipping this test  because this SQL did not return any rows: select id_medicaid from t_re_base b, t_re_aid_elig e where b.sak_recip=e.sak_recip and ind_active='Y' and dte_death='0' and e.cde_status1 <> 'H' and e.sak_cde_aid = (select sak_cde_aid from t_cde_aid where cde_aid_category = '2B') and to_char(sysdate, 'YYYYMMDD') between e.dte_effective and e.dte_end and not exists (select 1 from t_re_aid_elig where sak_recip=b.sak_recip and cde_status1 <> 'H' and sak_cde_aid <> e.sak_cde_aid and to_char(sysdate,'YYYYMMDD') between dte_effective and dte_end) and rownum=1
	at newMMIS_Subsystems.Common.executeQuery(Unknown Source)
	at newMMIS_Subsystems.EVS.RMreset(Unknown Source)
	at newMMIS_Subsystems.EVS.connectorPartHSN(Unknown Source)
	at sun.reflect.NativeMethodAccessorImpl.invoke0(Native Method)
	at sun.reflect.NativeMethodAccessorImpl.invoke(NativeMethodAccessorImpl.java:62)
	at sun.reflect.DelegatingMethodAccessorImpl.invoke(DelegatingMethodAccessorImpl.java:43)
	at java.lang.reflect.Method.invoke(Method.java:498)
	at org.testng.internal.MethodInvocationHelper.invokeMethod(MethodInvocationHelper.java:85)
	at org.testng.internal.Invoker.invokeMethod(Invoker.java:639)
	at org.testng.internal.Invoker.invokeTestMethod(Invoker.java:816)
	at org.testng.internal.Invoker.invokeTestMethods(Invoker.java:1124)
	at org.testng.internal.TestMethodWorker.invokeTestMethods(TestMethodWorker.java:125)
	at org.testng.internal.TestMethodWorker.run(TestMethodWorker.java:108)
	at org.testng.TestRunner.privateRun(TestRunner.java:774)
	at org.testng.TestRunner.run(TestRunner.java:624)
	at org.testng.SuiteRunner.runTest(SuiteRunner.java:359)
[...]
	at newMMIS_Subsystems.Common.executeQuery(Unknown Source)
	at newMMIS_Subsystems.EVS.RMreset(Unknown Source)
	at newMMIS_Subsystems.EVS.connectorFullHSN(Unknown Source)
	at sun.reflect.NativeMethodAccessorImpl.invoke0(Native Method)
	at sun.reflect.NativeMethodAccessorImpl.invoke(NativeMethodAccessorImpl.java:62)
	at sun.reflect.DelegatingMethodAccessorImpl.invoke(DelegatingMethodAccessorImpl.java:43)
	at java.lang.reflect.Method.invoke(Method.java:498)
	at org.testng.internal.MethodInvocationHelper.invokeMethod(MethodInvocationHelper.java:85)
	at org.testng.internal.Invoker.invokeMethod(Invoker.java:639)
	at org.testng.internal.Invoker.invokeTestMethod(Invoker.java:816)
	at org.testng.internal.Invoker.invokeTestMethods(Invoker.java:1124)
	at org.testng.internal.TestMethodWorker.invokeTestMethods(TestMethodWorker.java:125)
	at org.testng.internal.TestMethodWorker.run(TestMethodWorker.java:108)
	at org.testng.TestRunner.privateRun(TestRunner.java:774)
	at org.testng.TestRunner.run(TestRunner.java:624)
	at org.testng.SuiteRunner.runTest(SuiteRunner.java:359)
	at org.testng.SuiteRunner.runSequentially(SuiteRunner.java:354)
	at org.testng.SuiteRunner.privateRun(SuiteRunner.java:312)
	at org.testng.SuiteRunner.run(SuiteRunner.java:261)
	at org.testng.SuiteRunnerWorker.runSuite(SuiteRunnerWorker.java:52)
	at org.testng.SuiteRunnerWorker.run(SuiteRunnerWorker.java:86)
	at org.testng.TestNG.runSuitesSequentially(TestNG.java:1215)
	at org.testng.TestNG.runSuitesLocally(TestNG.java:1140)
	at org.testng.TestNG.run(TestNG.java:1048)
	at org.testng.TestNG.privateMain(TestNG.java:1355)
	at org.testng.TestNG.main(TestNG.java:1324)
]]>
    </error>
  </testcase> <!-- connectorFullHSN -->
  <testcase name="connectorFullHSN" time="8.068" classname="newMMIS_Subsystems.EVS">
    <error type="org.testng.SkipException" message="Skipping this test  because this SQL did not return any rows: select id_medicaid from t_re_base b, t_re_aid_elig e where b.sak_recip=e.sak_recip and ind_active=&#039;Y&#039; and dte_death=&#039;0&#039; and e.cde_status1 &lt;&gt; &#039;H&#039; and e.sak_cde_aid = (select sak_cde_aid from t_cde_aid where cde_aid_category = &#039;6S&#039;) and to_char(sysdate, &#039;YYYYMMDD&#039;) between e.dte_effective and e.dte_end and not exists (select 1 from t_re_aid_elig where sak_recip=b.sak_recip and cde_status1 &lt;&gt; &#039;H&#039; and sak_cde_aid &lt;&gt; e.sak_cde_aid and to_char(sysdate,&#039;YYYYMMDD&#039;) between dte_effective and dte_end) and rownum=1">
      <![CDATA[org.testng.SkipException: Skipping this test  because this SQL did not return any rows: select id_medicaid from t_re_base b, t_re_aid_elig e where b.sak_recip=e.sak_recip and ind_active='Y' and dte_death='0' and e.cde_status1 <> 'H' and e.sak_cde_aid = (select sak_cde_aid from t_cde_aid where cde_aid_category = '6S') and to_char(sysdate, 'YYYYMMDD') between e.dte_effective and e.dte_end and not exists (select 1 from t_re_aid_elig where sak_recip=b.sak_recip and cde_status1 <> 'H' and sak_cde_aid <> e.sak_cde_aid and to_char(sysdate,'YYYYMMDD') between dte_effective and dte_end) and rownum=1
	at newMMIS_Subsystems.Common.executeQuery(Unknown Source)
	at newMMIS_Subsystems.EVS.RMreset(Unknown Source)
	at newMMIS_Subsystems.EVS.connectorFullHSN(Unknown Source)
	at sun.reflect.NativeMethodAccessorImpl.invoke0(Native Method)
	at sun.reflect.NativeMethodAccessorImpl.invoke(NativeMethodAccessorImpl.java:62)
	at sun.reflect.DelegatingMethodAccessorImpl.invoke(DelegatingMethodAccessorImpl.java:43)
	at java.lang.reflect.Method.invoke(Method.java:498)
	at org.testng.internal.MethodInvocationHelper.invokeMethod(MethodInvocationHelper.java:85)
	at org.testng.internal.Invoker.invokeMethod(Invoker.java:639)
	at org.testng.internal.Invoker.invokeTestMethod(Invoker.java:816)
	at org.testng.internal.Invoker.invokeTestMethods(Invoker.java:1124)
	at org.testng.internal.TestMethodWorker.invokeTestMethods(TestMethodWorker.java:125)
	at org.testng.internal.TestMethodWorker.run(TestMethodWorker.java:108)
	at org.testng.TestRunner.privateRun(TestRunner.java:774)
	at org.testng.TestRunner.run(TestRunner.java:624)
	at org.testng.SuiteRunner.runTest(SuiteRunner.java:359)
	at org.testng.SuiteRunner.runSequentially(SuiteRunner.java:354)
	at org.testng.SuiteRunner.privateRun(SuiteRunner.java:312)
	at org.testng.SuiteRunner.run(SuiteRunner.java:261)
	at org.testng.SuiteRunnerWorker.runSuite(SuiteRunnerWorker.java:52)
	at org.testng.SuiteRunnerWorker.run(SuiteRunnerWorker.java:86)
	at org.testng.TestNG.runSuitesSequentially(TestNG.java:1215)
	at org.testng.TestNG.runSuitesLocally(TestNG.java:1140)
	at org.testng.TestNG.run(TestNG.java:1048)
	at org.testng.TestNG.privateMain(TestNG.java:1355)
	at org.testng.TestNG.main(TestNG.java:1324)
]]>
    </error>
  </testcase> <!-- connectorFullHSN -->
  <testcase name="RM_936_656" time="14.497" classname="newMMIS_Subsystems.EVS"/>
  <testcase name="RM_121_121" time="11.136" classname="newMMIS_Subsystems.EVS">
    <failure type="java.lang.AssertionError" message="Did not get RM 121 / 121 DIRECT ALL INQUIRIES ABOUT ELIGIBILITY TO SOCIAL SERVICE WORKER expected [true] but found [false]">
      <![CDATA[java.lang.AssertionError: Did not get RM 121 / 121 DIRECT ALL INQUIRIES ABOUT ELIGIBILITY TO SOCIAL SERVICE WORKER expected [true] but found [false]
	at org.testng.Assert.fail(Assert.java:94)
	at org.testng.Assert.failNotEquals(Assert.java:496)
	at org.testng.Assert.assertTrue(Assert.java:42)
	at newMMIS_Subsystems.EVS.rmCommon(Unknown Source)
	at newMMIS_Subsystems.EVS.RM_121_121(Unknown Source)
	at sun.reflect.NativeMethodAccessorImpl.invoke0(Native Method)
	at sun.reflect.NativeMethodAccessorImpl.invoke(NativeMethodAccessorImpl.java:62)
	at sun.reflect.DelegatingMethodAccessorImpl.invoke(DelegatingMethodAccessorImpl.java:43)
	at java.lang.reflect.Method.invoke(Method.java:498)
	at org.testng.internal.MethodInvocationHelper.invokeMethod(MethodInvocationHelper.java:85)
	at org.testng.internal.Invoker.invokeMethod(Invoker.java:639)
	at org.testng.internal.Invoker.invokeTestMethod(Invoker.java:816)
	at org.testng.internal.Invoker.invokeTestMethods(Invoker.java:1124)
	at org.testng.internal.TestMethodWorker.invokeTestMethods(TestMethodWorker.java:125)
	at org.testng.internal.TestMethodWorker.run(TestMethodWorker.java:108)
	at org.testng.TestRunner.privateRun(TestRunner.java:774)
	at org.testng.TestRunner.run(TestRunner.java:624)
	at org.testng.SuiteRunner.runTest(SuiteRunner.java:359)
	at org.testng.SuiteRunner.runSequentially(SuiteRunner.java:354)
	at org.testng.SuiteRunner.privateRun(SuiteRunner.java:312)
	at org.testng.SuiteRunner.run(SuiteRunner.java:261)
	at org.testng.SuiteRunnerWorker.runSuite(SuiteRunnerWorker.java:52)
	at org.testng.SuiteRunnerWorker.run(SuiteRunnerWorker.java:86)
	at org.testng.TestNG.runSuitesSequentially(TestNG.java:1215)
	at org.testng.TestNG.runSuitesLocally(TestNG.java:1140)
	at org.testng.TestNG.run(TestNG.java:1048)
	at org.testng.TestNG.privateMain(TestNG.java:1355)
	at org.testng.TestNG.main(TestNG.java:1324)
]]>
    </failure>
  </testcase> <!-- RM_121_121 -->
  <testcase name="RM_953_611" time="13.302" classname="newMMIS_Subsystems.EVS"/>
  <testcase name="RM_987_662" time="47.105" classname="newMMIS_Subsystems.EVS">
    <failure type="java.lang.AssertionError" message="Did not get RM 987 / 662 Health New England member. For dental services call 1-800-786-9999. For vision services call 1-800-786-9999 expected [true] but found [false]">
      <![CDATA[java.lang.AssertionError: Did not get RM 987 / 662 Health New England member. For dental services call 1-800-786-9999. For vision services call 1-800-786-9999 expected [true] but found [false]
	at org.testng.Assert.fail(Assert.java:94)
	at org.testng.Assert.failNotEquals(Assert.java:496)
	at org.testng.Assert.assertTrue(Assert.java:42)
	at newMMIS_Subsystems.EVS.rmCommon(Unknown Source)
	at newMMIS_Subsystems.EVS.RM_987_662(Unknown Source)
	at sun.reflect.NativeMethodAccessorImpl.invoke0(Native Method)
	at sun.reflect.NativeMethodAccessorImpl.invoke(NativeMethodAccessorImpl.java:62)
	at sun.reflect.DelegatingMethodAccessorImpl.invoke(DelegatingMethodAccessorImpl.java:43)
	at java.lang.reflect.Method.invoke(Method.java:498)
	at org.testng.internal.MethodInvocationHelper.invokeMethod(MethodInvocationHelper.java:85)
	at org.testng.internal.Invoker.invokeMethod(Invoker.java:639)
	at org.testng.internal.Invoker.invokeTestMethod(Invoker.java:816)
	at org.testng.internal.Invoker.invokeTestMethods(Invoker.java:1124)
	at org.testng.internal.TestMethodWorker.invokeTestMethods(TestMethodWorker.java:125)
	at org.testng.internal.TestMethodWorker.run(TestMethodWorker.java:108)
	at org.testng.TestRunner.privateRun(TestRunner.java:774)
	at org.testng.TestRunner.run(TestRunner.java:624)
	at org.testng.SuiteRunner.runTest(SuiteRunner.java:359)
	at org.testng.SuiteRunner.runSequentially(SuiteRunner.java:354)
	at org.testng.SuiteRunner.privateRun(SuiteRunner.java:312)
	at org.testng.SuiteRunner.run(SuiteRunner.java:261)
	at org.testng.SuiteRunnerWorker.runSuite(SuiteRunnerWorker.java:52)
	at org.testng.SuiteRunnerWorker.run(SuiteRunnerWorker.java:86)
	at org.testng.TestNG.runSuitesSequentially(TestNG.java:1215)
	at org.testng.TestNG.runSuitesLocally(TestNG.java:1140)
	at org.testng.TestNG.run(TestNG.java:1048)
	at org.testng.TestNG.privateMain(TestNG.java:1355)
	at org.testng.TestNG.main(TestNG.java:1324)
]]>
    </failure>
  </testcase> <!-- RM_987_662 -->
  <testcase name="RM_831_386" time="13.248" classname="newMMIS_Subsystems.EVS"/>
  <testcase name="RM_967_611" time="11.719" classname="newMMIS_Subsystems.EVS"/>
  <testcase name="RM_971_611" time="15.449" classname="newMMIS_Subsystems.EVS"/>
  <testcase name="RM_749_021" time="48.885" classname="newMMIS_Subsystems.EVS">
    <failure type="java.lang.AssertionError" message="Did not get RM 749 / 021 For medical service questions call BMC HealthNet Plan at 1-888-566-0010. For behavioral health service questions and authorizations call Beacon Health Strategies at 1-888-217-3501. expected [true] but found [false]">
      <![CDATA[java.lang.AssertionError: Did not get RM 749 / 021 For medical service questions call BMC HealthNet Plan at 1-888-566-0010. For behavioral health service questions and authorizations call Beacon Health Strategies at 1-888-217-3501. expected [true] but found [false]
	at org.testng.Assert.fail(Assert.java:94)
	at org.testng.Assert.failNotEquals(Assert.java:496)
	at org.testng.Assert.assertTrue(Assert.java:42)
	at newMMIS_Subsystems.EVS.rmCommon(Unknown Source)
	at newMMIS_Subsystems.EVS.RM_749_021(Unknown Source)
	at sun.reflect.NativeMethodAccessorImpl.invoke0(Native Method)
	at sun.reflect.NativeMethodAccessorImpl.invoke(NativeMethodAccessorImpl.java:62)
	at sun.reflect.DelegatingMethodAccessorImpl.invoke(DelegatingMethodAccessorImpl.java:43)
	at java.lang.reflect.Method.invoke(Method.java:498)
	at org.testng.internal.MethodInvocationHelper.invokeMethod(MethodInvocationHelper.java:85)
	at org.testng.internal.Invoker.invokeMethod(Invoker.java:639)
	at org.testng.internal.Invoker.invokeTestMethod(Invoker.java:816)
	at org.testng.internal.Invoker.invokeTestMethods(Invoker.java:1124)
	at org.testng.internal.TestMethodWorker.invokeTestMethods(TestMethodWorker.java:125)
	at org.testng.internal.TestMethodWorker.run(TestMethodWorker.java:108)
	at org.testng.TestRunner.privateRun(TestRunner.java:774)
	at org.testng.TestRunner.run(TestRunner.java:624)
	at org.testng.SuiteRunner.runTest(SuiteRunner.java:359)
	at org.testng.SuiteRunner.runSequentially(SuiteRunner.java:354)
	at org.testng.SuiteRunner.privateRun(SuiteRunner.java:312)
	at org.testng.SuiteRunner.run(SuiteRunner.java:261)
	at org.testng.SuiteRunnerWorker.runSuite(SuiteRunnerWorker.java:52)
	at org.testng.SuiteRunnerWorker.run(SuiteRunnerWorker.java:86)
	at org.testng.TestNG.runSuitesSequentially(TestNG.java:1215)
	at org.testng.TestNG.runSuitesLocally(TestNG.java:1140)
	at org.testng.TestNG.run(TestNG.java:1048)
	at org.testng.TestNG.privateMain(TestNG.java:1355)
	at org.testng.TestNG.main(TestNG.java:1324)
]]>
    </failure>
  </testcase> <!-- RM_749_021 -->
  <testcase name="RM_956_611" time="17.553" classname="newMMIS_Subsystems.EVS"/>
  <testcase name="RM_1540" time="12.477" classname="newMMIS_Subsystems.EVS">
    <failure type="java.lang.AssertionError" message="Did not get RM 1540 / Family Assistance Wrap Benefits expected [true] but found [false]">
      <![CDATA[java.lang.AssertionError: Did not get RM 1540 / Family Assistance Wrap Benefits expected [true] but found [false]
	at org.testng.Assert.fail(Assert.java:94)
	at org.testng.Assert.failNotEquals(Assert.java:496)
	at org.testng.Assert.assertTrue(Assert.java:42)
	at newMMIS_Subsystems.EVS.rmCommon(Unknown Source)
	at newMMIS_Subsystems.EVS.RM_1540(Unknown Source)
	at sun.reflect.NativeMethodAccessorImpl.invoke0(Native Method)
	at sun.reflect.NativeMethodAccessorImpl.invoke(NativeMethodAccessorImpl.java:62)
	at sun.reflect.DelegatingMethodAccessorImpl.invoke(DelegatingMethodAccessorImpl.java:43)
	at java.lang.reflect.Method.invoke(Method.java:498)
	at org.testng.internal.MethodInvocationHelper.invokeMethod(MethodInvocationHelper.java:85)
	at org.testng.internal.Invoker.invokeMethod(Invoker.java:639)
	at org.testng.internal.Invoker.invokeTestMethod(Invoker.java:816)
	at org.testng.internal.Invoker.invokeTestMethods(Invoker.java:1124)
	at org.testng.internal.TestMethodWorker.invokeTestMethods(TestMethodWorker.java:125)
	at org.testng.internal.TestMethodWorker.run(TestMethodWorker.java:108)
	at org.testng.TestRunner.privateRun(TestRunner.java:774)
	at org.testng.TestRunner.run(TestRunner.java:624)
	at org.testng.SuiteRunner.runTest(SuiteRunner.java:359)
	at org.testng.SuiteRunner.runSequentially(SuiteRunner.java:354)
	at org.testng.SuiteRunner.privateRun(SuiteRunner.java:312)
	at org.testng.SuiteRunner.run(SuiteRunner.java:261)
	at org.testng.SuiteRunnerWorker.runSuite(SuiteRunnerWorker.java:52)
	at org.testng.SuiteRunnerWorker.run(SuiteRunnerWorker.java:86)
	at org.testng.TestNG.runSuitesSequentially(TestNG.java:1215)
	at org.testng.TestNG.runSuitesLocally(TestNG.java:1140)
	at org.testng.TestNG.run(TestNG.java:1048)
	at org.testng.TestNG.privateMain(TestNG.java:1355)
	at org.testng.TestNG.main(TestNG.java:1324)
]]>
    </failure>
  </testcase> <!-- RM_1540 -->
  <testcase name="connectorFullHSN" time="11.410" classname="newMMIS_Subsystems.EVS">
    <error type="org.testng.SkipException" message="Skipping this test  because this SQL did not return any rows: select id_medicaid from t_re_base b, t_re_aid_elig e where b.sak_recip=e.sak_recip and ind_active=&#039;Y&#039; and dte_death=&#039;0&#039; and e.cde_status1 &lt;&gt; &#039;H&#039; and e.sak_cde_aid = (select sak_cde_aid from t_cde_aid where cde_aid_category = &#039;1W&#039;) and to_char(sysdate, &#039;YYYYMMDD&#039;) between e.dte_effective and e.dte_end and not exists (select 1 from t_re_aid_elig where sak_recip=b.sak_recip and cde_status1 &lt;&gt; &#039;H&#039; and sak_cde_aid &lt;&gt; e.sak_cde_aid and to_char(sysdate,&#039;YYYYMMDD&#039;) between dte_effective and dte_end) and rownum=1">
      <![CDATA[org.testng.SkipException: Skipping this test  because this SQL did not return any rows: select id_medicaid from t_re_base b, t_re_aid_elig e where b.sak_recip=e.sak_recip and ind_active='Y' and dte_death='0' and e.cde_status1 <> 'H' and e.sak_cde_aid = (select sak_cde_aid from t_cde_aid where cde_aid_category = '1W') and to_char(sysdate, 'YYYYMMDD') between e.dte_effective and e.dte_end and not exists (select 1 from t_re_aid_elig where sak_recip=b.sak_recip and cde_status1 <> 'H' and sak_cde_aid <> e.sak_cde_aid and to_char(sysdate,'YYYYMMDD') between dte_effective and dte_end) and rownum=1
	at newMMIS_Subsystems.Common.executeQuery(Unknown Source)
	at newMMIS_Subsystems.EVS.RMreset(Unknown Source)
	at newMMIS_Subsystems.EVS.connectorFullHSN(Unknown Source)
	at sun.reflect.NativeMethodAccessorImpl.invoke0(Native Method)
	at sun.reflect.NativeMethodAccessorImpl.invoke(NativeMethodAccessorImpl.java:62)
	at sun.reflect.DelegatingMethodAccessorImpl.invoke(DelegatingMethodAccessorImpl.java:43)
	at java.lang.reflect.Method.invoke(Method.java:498)
	at org.testng.internal.MethodInvocationHelper.invokeMethod(MethodInvocationHelper.java:85)
	at org.testng.internal.Invoker.invokeMethod(Invoker.java:639)
	at org.testng.internal.Invoker.invokeTestMethod(Invoker.java:816)
	at org.testng.internal.Invoker.invokeTestMethods(Invoker.java:1124)
	at org.testng.internal.TestMethodWorker.invokeTestMethods(TestMethodWorker.java:125)
	at org.testng.internal.TestMethodWorker.run(TestMethodWorker.java:108)
	at org.testng.TestRunner.privateRun(TestRunner.java:774)
	at org.testng.TestRunner.run(TestRunner.java:624)
	at org.testng.SuiteRunner.runTest(SuiteRunner.java:359)
	at org.testng.SuiteRunner.runSequentially(SuiteRunner.java:354)
	at org.testng.SuiteRunner.privateRun(SuiteRunner.java:312)
	at org.testng.SuiteRunner.run(SuiteRunner.java:261)
	at org.testng.SuiteRunnerWorker.runSuite(SuiteRunnerWorker.java:52)
	at org.testng.SuiteRunnerWorker.run(SuiteRunnerWorker.java:86)
	at org.testng.TestNG.runSuitesSequentially(TestNG.java:1215)
	at org.testng.TestNG.runSuitesLocally(TestNG.java:1140)
	at org.testng.TestNG.run(TestNG.java:1048)
	at org.testng.TestNG.privateMain(TestNG.java:1355)
	at org.testng.TestNG.main(TestNG.java:1324)
]]>
    </error>
  </testcase> <!-- connectorFullHSN -->
  <testcase name="RM_51_613" time="13.508" classname="newMMIS_Subsystems.EVS"/>
  <testcase name="RM_32_495" time="16.783" classname="newMMIS_Subsystems.EVS"/>
  <testcase name="RM_1059_618" time="43.632" classname="newMMIS_Subsystems.EVS">
    <failure type="java.lang.AssertionError" message="Did not get RM 1059 / 618 BMC HealthNet Plan member. BMC HealthNet Plan is an MCO. expected [true] but found [false]">
      <![CDATA[java.lang.AssertionError: Did not get RM 1059 / 618 BMC HealthNet Plan member. BMC HealthNet Plan is an MCO. expected [true] but found [false]
	at org.testng.Assert.fail(Assert.java:94)
	at org.testng.Assert.failNotEquals(Assert.java:496)
	at org.testng.Assert.assertTrue(Assert.java:42)
	at newMMIS_Subsystems.EVS.rmCommon(Unknown Source)
	at newMMIS_Subsystems.EVS.RM_1059_618(Unknown Source)
	at sun.reflect.NativeMethodAccessorImpl.invoke0(Native Method)
	at sun.reflect.NativeMethodAccessorImpl.invoke(NativeMethodAccessorImpl.java:62)
	at sun.reflect.DelegatingMethodAccessorImpl.invoke(DelegatingMethodAccessorImpl.java:43)
	at java.lang.reflect.Method.invoke(Method.java:498)
	at org.testng.internal.MethodInvocationHelper.invokeMethod(MethodInvocationHelper.java:85)
	at org.testng.internal.Invoker.invokeMethod(Invoker.java:639)
	at org.testng.internal.Invoker.invokeTestMethod(Invoker.java:816)
	at org.testng.internal.Invoker.invokeTestMethods(Invoker.java:1124)
	at org.testng.internal.TestMethodWorker.invokeTestMethods(TestMethodWorker.java:125)
	at org.testng.internal.TestMethodWorker.run(TestMethodWorker.java:108)
	at org.testng.TestRunner.privateRun(TestRunner.java:774)
	at org.testng.TestRunner.run(TestRunner.java:624)
	at org.testng.SuiteRunner.runTest(SuiteRunner.java:359)
	at org.testng.SuiteRunner.runSequentially(SuiteRunner.java:354)
	at org.testng.SuiteRunner.privateRun(SuiteRunner.java:312)
	at org.testng.SuiteRunner.run(SuiteRunner.java:261)
	at org.testng.SuiteRunnerWorker.runSuite(SuiteRunnerWorker.java:52)
	at org.testng.SuiteRunnerWorker.run(SuiteRunnerWorker.java:86)
	at org.testng.TestNG.runSuitesSequentially(TestNG.java:1215)
	at org.testng.TestNG.runSuitesLocally(TestNG.java:1140)
	at org.testng.TestNG.run(TestNG.java:1048)
	at org.testng.TestNG.privateMain(TestNG.java:1355)
	at org.testng.TestNG.main(TestNG.java:1324)
]]>
    </failure>
  </testcase> <!-- RM_1059_618 -->
</testsuite> <!-- newMMIS_Subsystems.EVS -->
