<?xml version="1.0" encoding="UTF-8"?>
<!-- Generated by org.testng.reporters.JUnitReportReporter -->
<testsuite hostname="GWT-DFGS3G4" failures="0" tests="3" name="newMMIS_Subsystems.Login" time="6.979" errors="0" timestamp="17 Mar 2026 14:35:29 GMT">
  <testcase classname="newMMIS_Subsystems.Login" name="closeLogs" time="0.002"/>
  <testcase classname="newMMIS_Subsystems.Login" name="testLoginBase" time="5.981"/>
  <testcase classname="newMMIS_Subsystems.Login" name="testDBconnect" time="0.996"/>
</testsuite> <!-- newMMIS_Subsystems.Login -->
