<?xml version="1.0" encoding="UTF-8"?>
<testng-results skipped="0" failed="1" total="4" passed="3">
  <reporter-output>
    <line>
      <![CDATA[1.C:\Users\agandhi20\Workspace\MMIS_Regression\ScreenShots\_04_Nov_2025__01_54_28PM_192.168.1.125_TC 31173.png]]>
    </line>
  </reporter-output>
  <suite name="NewMMIS regression test suite" duration-ms="134297" started-at="2025-11-04T18:52:14Z" finished-at="2025-11-04T18:54:28Z">
    <groups>
    </groups>
    <test name="Login test" duration-ms="10251" started-at="2025-11-04T18:52:14Z" finished-at="2025-11-04T18:52:24Z">
      <class name="newMMIS_Subsystems.Login">
        <test-method status="PASS" signature="init(java.lang.String)[pri:0, instance:newMMIS_Subsystems.Login@5d624da6]" name="init" is-config="true" duration-ms="31" started-at="2025-11-04T13:52:14Z" finished-at="2025-11-04T13:52:14Z">
          <params>
            <param index="0">
              <value>
                <![CDATA[AWSUAT]]>
              </value>
            </param>
          </params>
          <reporter-output>
          </reporter-output>
        </test-method> <!-- init -->
        <test-method status="PASS" signature="testDBconnect()[pri:0, instance:newMMIS_Subsystems.Login@5d624da6]" name="testDBconnect" duration-ms="1477" started-at="2025-11-04T13:52:14Z" finished-at="2025-11-04T13:52:16Z">
          <reporter-output>
          </reporter-output>
        </test-method> <!-- testDBconnect -->
        <test-method status="PASS" signature="testLoginBase()[pri:0, instance:newMMIS_Subsystems.Login@5d624da6]" name="testLoginBase" duration-ms="8733" started-at="2025-11-04T13:52:16Z" finished-at="2025-11-04T13:52:24Z">
          <reporter-output>
          </reporter-output>
        </test-method> <!-- testLoginBase -->
      </class> <!-- newMMIS_Subsystems.Login -->
    </test> <!-- Login test -->
    <test name="Claims Test" duration-ms="123989" started-at="2025-11-04T18:52:24Z" finished-at="2025-11-04T18:54:28Z">
      <class name="newMMIS_Subsystems.claims">
        <test-method status="PASS" signature="claimsStartup()[pri:0, instance:newMMIS_Subsystems.claims@50f8360d]" name="claimsStartup" is-config="true" duration-ms="121" started-at="2025-11-04T13:52:24Z" finished-at="2025-11-04T13:52:24Z">
          <reporter-output>
          </reporter-output>
        </test-method> <!-- claimsStartup -->
        <test-method status="PASS" signature="startup()[pri:0, instance:newMMIS_Subsystems.claims@50f8360d]" name="startup" is-config="true" duration-ms="0" started-at="2025-11-04T13:52:24Z" finished-at="2025-11-04T13:52:24Z">
          <reporter-output>
          </reporter-output>
        </test-method> <!-- startup -->
        <test-method status="PASS" signature="init(java.lang.String)[pri:0, instance:newMMIS_Subsystems.claims@50f8360d]" name="init" is-config="true" duration-ms="0" started-at="2025-11-04T13:52:24Z" finished-at="2025-11-04T13:52:24Z">
          <params>
            <param index="0">
              <value>
                <![CDATA[AWSUAT]]>
              </value>
            </param>
          </params>
          <reporter-output>
          </reporter-output>
        </test-method> <!-- init -->
        <test-method status="PASS" signature="LoginCheck()[pri:0, instance:newMMIS_Subsystems.claims@50f8360d]" name="LoginCheck" is-config="true" duration-ms="16077" started-at="2025-11-04T13:52:24Z" finished-at="2025-11-04T13:52:41Z">
          <reporter-output>
          </reporter-output>
        </test-method> <!-- LoginCheck -->
        <test-method status="FAIL" signature="test31173()[pri:0, instance:newMMIS_Subsystems.claims@50f8360d]" name="test31173" duration-ms="107087" started-at="2025-11-04T13:52:41Z" finished-at="2025-11-04T13:54:28Z">
          <exception class="org.openqa.selenium.NoSuchElementException">
            <message>
              <![CDATA[no such element: Unable to locate element: {"method":"xpath","selector":"//input[contains(@id,'instExtendedTab:j_id_id32pc3:from')]"}
  (Session info: chrome=119.0.6045.200)
  (Driver info: chromedriver=119.0.6045.105 (38c72552c5e15ba9b3117c0967a0fd105072d7c6-refs/branch-heads/6045@{#1103}),platform=Windows NT 10.0.22631 x86_64) (WARNING: The server did not provide any stacktrace information)
Command duration or timeout: 30.05 seconds
For documentation on this error, please visit: http://seleniumhq.org/exceptions/no_such_element.html
Build info: version: '2.49.1', revision: '7203e46', time: '2016-01-21 17:35:35'
System info: host: 'GWT-2GJ2DL3', ip: '192.168.1.125', os.name: 'Windows 10', os.arch: 'amd64', os.version: '10.0', java.version: '1.8.0_91'
Driver info: org.openqa.selenium.chrome.ChromeDriver
Capabilities [{mobileEmulationEnabled=false, timeouts={implicit=0, pageLoad=300000, script=30000}, hasTouchScreen=false, platform=XP, acceptSslCerts=false, goog:chromeOptions={debuggerAddress=localhost:57801}, webauthn:extension:credBlob=true, acceptInsecureCerts=false, fedcm:accounts=true, webStorageEnabled=true, browserName=chrome, takesScreenshot=true, javascriptEnabled=true, setWindowRect=true, webauthn:extension:largeBlob=true, unexpectedAlertBehaviour=ignore, rotatable=false, networkConnectionEnabled=false, chrome={chromedriverVersion=119.0.6045.105 (38c72552c5e15ba9b3117c0967a0fd105072d7c6-refs/branch-heads/6045@{#1103}), userDataDir=C:\Users\AGANDH~1\AppData\Local\Temp\scoped_dir10580_874189964}, takesHeapSnapshot=true, pageLoadStrategy=normal, strictFileInteractability=false, databaseEnabled=false, handlesAlerts=true, version=119.0.6045.200, browserConnectionEnabled=false, proxy={}, nativeEvents=true, webauthn:extension:minPinLength=true, webauthn:extension:prf=true, locationContextEnabled=true, cssSelectorsEnabled=true, webauthn:virtualAuthenticators=true}]
Session ID: cf06d05f813f17705ba99980f2525d3b
*** Element info: {Using=xpath, value=//input[contains(@id,'instExtendedTab:j_id_id32pc3:from')]}]]>
            </message>
            <full-stacktrace>
              <![CDATA[org.openqa.selenium.NoSuchElementException: no such element: Unable to locate element: {"method":"xpath","selector":"//input[contains(@id,'instExtendedTab:j_id_id32pc3:from')]"}
  (Session info: chrome=119.0.6045.200)
  (Driver info: chromedriver=119.0.6045.105 (38c72552c5e15ba9b3117c0967a0fd105072d7c6-refs/branch-heads/6045@{#1103}),platform=Windows NT 10.0.22631 x86_64) (WARNING: The server did not provide any stacktrace information)
Command duration or timeout: 30.05 seconds
For documentation on this error, please visit: http://seleniumhq.org/exceptions/no_such_element.html
Build info: version: '2.49.1', revision: '7203e46', time: '2016-01-21 17:35:35'
System info: host: 'GWT-2GJ2DL3', ip: '192.168.1.125', os.name: 'Windows 10', os.arch: 'amd64', os.version: '10.0', java.version: '1.8.0_91'
Driver info: org.openqa.selenium.chrome.ChromeDriver
Capabilities [{mobileEmulationEnabled=false, timeouts={implicit=0, pageLoad=300000, script=30000}, hasTouchScreen=false, platform=XP, acceptSslCerts=false, goog:chromeOptions={debuggerAddress=localhost:57801}, webauthn:extension:credBlob=true, acceptInsecureCerts=false, fedcm:accounts=true, webStorageEnabled=true, browserName=chrome, takesScreenshot=true, javascriptEnabled=true, setWindowRect=true, webauthn:extension:largeBlob=true, unexpectedAlertBehaviour=ignore, rotatable=false, networkConnectionEnabled=false, chrome={chromedriverVersion=119.0.6045.105 (38c72552c5e15ba9b3117c0967a0fd105072d7c6-refs/branch-heads/6045@{#1103}), userDataDir=C:\Users\AGANDH~1\AppData\Local\Temp\scoped_dir10580_874189964}, takesHeapSnapshot=true, pageLoadStrategy=normal, strictFileInteractability=false, databaseEnabled=false, handlesAlerts=true, version=119.0.6045.200, browserConnectionEnabled=false, proxy={}, nativeEvents=true, webauthn:extension:minPinLength=true, webauthn:extension:prf=true, locationContextEnabled=true, cssSelectorsEnabled=true, webauthn:virtualAuthenticators=true}]
Session ID: cf06d05f813f17705ba99980f2525d3b
*** Element info: {Using=xpath, value=//input[contains(@id,'instExtendedTab:j_id_id32pc3:from')]}
	at sun.reflect.NativeConstructorAccessorImpl.newInstance0(Native Method)
	at sun.reflect.NativeConstructorAccessorImpl.newInstance(NativeConstructorAccessorImpl.java:62)
	at sun.reflect.DelegatingConstructorAccessorImpl.newInstance(DelegatingConstructorAccessorImpl.java:45)
	at java.lang.reflect.Constructor.newInstance(Constructor.java:423)
	at org.openqa.selenium.remote.ErrorHandler.createThrowable(ErrorHandler.java:206)
	at org.openqa.selenium.remote.ErrorHandler.throwIfResponseFailed(ErrorHandler.java:158)
	at org.openqa.selenium.remote.RemoteWebDriver.execute(RemoteWebDriver.java:678)
	at org.openqa.selenium.remote.RemoteWebDriver.findElement(RemoteWebDriver.java:363)
	at org.openqa.selenium.remote.RemoteWebDriver.findElementByXPath(RemoteWebDriver.java:500)
	at org.openqa.selenium.By$ByXPath.findElement(By.java:361)
	at org.openqa.selenium.remote.RemoteWebDriver.findElement(RemoteWebDriver.java:355)
	at newMMIS_Subsystems.advSubmitClaims.I(Unknown Source)
	at newMMIS_Subsystems.claims.test31173(Unknown Source)
	at sun.reflect.NativeMethodAccessorImpl.invoke0(Native Method)
	at sun.reflect.NativeMethodAccessorImpl.invoke(NativeMethodAccessorImpl.java:62)
	at sun.reflect.DelegatingMethodAccessorImpl.invoke(DelegatingMethodAccessorImpl.java:43)
	at java.lang.reflect.Method.invoke(Method.java:498)
	at org.testng.internal.MethodInvocationHelper.invokeMethod(MethodInvocationHelper.java:85)
	at org.testng.internal.Invoker.invokeMethod(Invoker.java:639)
	at org.testng.internal.Invoker.invokeTestMethod(Invoker.java:816)
	at org.testng.internal.Invoker.invokeTestMethods(Invoker.java:1124)
	at org.testng.internal.TestMethodWorker.invokeTestMethods(TestMethodWorker.java:125)
	at org.testng.internal.TestMethodWorker.run(TestMethodWorker.java:108)
	at org.testng.TestRunner.privateRun(TestRunner.java:774)
	at org.testng.TestRunner.run(TestRunner.java:624)
	at org.testng.SuiteRunner.runTest(SuiteRunner.java:359)
	at org.testng.SuiteRunner.runSequentially(SuiteRunner.java:354)
	at org.testng.SuiteRunner.privateRun(SuiteRunner.java:312)
	at org.testng.SuiteRunner.run(SuiteRunner.java:261)
	at org.testng.SuiteRunnerWorker.runSuite(SuiteRunnerWorker.java:52)
	at org.testng.SuiteRunnerWorker.run(SuiteRunnerWorker.java:86)
	at org.testng.TestNG.runSuitesSequentially(TestNG.java:1215)
	at org.testng.TestNG.runSuitesLocally(TestNG.java:1140)
	at org.testng.TestNG.run(TestNG.java:1048)
	at org.testng.TestNG.privateMain(TestNG.java:1355)
	at org.testng.TestNG.main(TestNG.java:1324)
]]>
            </full-stacktrace>
          </exception> <!-- org.openqa.selenium.NoSuchElementException -->
          <reporter-output>
            <line>
              <![CDATA[1.C:\Users\agandhi20\Workspace\MMIS_Regression\ScreenShots\_04_Nov_2025__01_54_28PM_192.168.1.125_TC 31173.png]]>
            </line>
          </reporter-output>
        </test-method> <!-- test31173 -->
        <test-method status="PASS" signature="teardown()[pri:0, instance:newMMIS_Subsystems.claims@50f8360d]" name="teardown" is-config="true" duration-ms="119" started-at="2025-11-04T13:54:28Z" finished-at="2025-11-04T13:54:28Z">
          <reporter-output>
          </reporter-output>
        </test-method> <!-- teardown -->
      </class> <!-- newMMIS_Subsystems.claims -->
    </test> <!-- Claims Test -->
    <test name="Close Logs test" duration-ms="0" started-at="2025-11-04T18:54:28Z" finished-at="2025-11-04T18:54:28Z">
      <class name="newMMIS_Subsystems.Login">
        <test-method status="PASS" signature="closeLogs()[pri:0, instance:newMMIS_Subsystems.Login@153f5a29]" name="closeLogs" duration-ms="0" started-at="2025-11-04T13:54:28Z" finished-at="2025-11-04T13:54:28Z">
          <reporter-output>
          </reporter-output>
        </test-method> <!-- closeLogs -->
        <test-method status="PASS" signature="init(java.lang.String)[pri:0, instance:newMMIS_Subsystems.Login@153f5a29]" name="init" is-config="true" duration-ms="0" started-at="2025-11-04T13:54:28Z" finished-at="2025-11-04T13:54:28Z">
          <params>
            <param index="0">
              <value>
                <![CDATA[AWSUAT]]>
              </value>
            </param>
          </params>
          <reporter-output>
          </reporter-output>
        </test-method> <!-- init -->
      </class> <!-- newMMIS_Subsystems.Login -->
    </test> <!-- Close Logs test -->
  </suite> <!-- NewMMIS regression test suite -->
</testng-results>
