<?xml version="1.0" encoding="UTF-8"?>
<!-- Generated by org.testng.reporters.JUnitReportReporter -->
<testsuite hostname="GWT-2GJ2DL3" name="newMMIS_Subsystems.Member" tests="3" failures="0" timestamp="2 Sep 2025 19:49:49 GMT" time="121.735" errors="0">
  <testcase name="test22554a_23403" time="22.072" classname="newMMIS_Subsystems.Member"/>
  <testcase name="test23472a" time="42.978" classname="newMMIS_Subsystems.Member"/>
  <testcase name="testMMQpositive" time="56.685" classname="newMMIS_Subsystems.Member"/>
</testsuite> <!-- newMMIS_Subsystems.Member -->
