<?xml version="1.0" encoding="UTF-8"?>
<!-- Generated by org.testng.reporters.JUnitReportReporter -->
<testsuite hostname="GANDHIAN1" name="newMMIS_Subsystems.Portal1" tests="139" failures="12" timestamp="19 Sep 2013 02:59:41 GMT" time="5555.396" errors="7">
  <testcase name="RM_949_657" time="7.965" classname="newMMIS_Subsystems.Portal1">
    <failure type="org.testng.SkipException" message="Skipping this because no member found for this RM">
      <![CDATA[org.testng.SkipException: Skipping this because no member found for this RM
	at newMMIS_Subsystems.Portal1.RMreset(Unknown Source)
	at newMMIS_Subsystems.Portal1.RM_949_657(Unknown Source)
	at sun.reflect.NativeMethodAccessorImpl.invoke0(Native Method)
	at sun.reflect.NativeMethodAccessorImpl.invoke(Unknown Source)
	at sun.reflect.DelegatingMethodAccessorImpl.invoke(Unknown Source)
	at java.lang.reflect.Method.invoke(Unknown Source)
	at org.testng.internal.MethodInvocationHelper.invokeMethod(MethodInvocationHelper.java:80)
	at org.testng.internal.Invoker.invokeMethod(Invoker.java:714)
	at org.testng.internal.Invoker.invokeTestMethod(Invoker.java:901)
	at org.testng.internal.Invoker.invokeTestMethods(Invoker.java:1231)
	at org.testng.internal.TestMethodWorker.invokeTestMethods(TestMethodWorker.java:127)
	at org.testng.internal.TestMethodWorker.run(TestMethodWorker.java:111)
	at org.testng.TestRunner.privateRun(TestRunner.java:767)
	at org.testng.TestRunner.run(TestRunner.java:617)
	at org.testng.SuiteRunner.runTest(SuiteRunner.java:334)
	at org.testng.SuiteRunner.runSequentially(SuiteRunner.java:329)
	at org.testng.SuiteRunner.privateRun(SuiteRunner.java:291)
	at org.testng.SuiteRunner.run(SuiteRunner.java:240)
	at org.testng.SuiteRunnerWorker.runSuite(SuiteRunnerWorker.java:52)
	at org.testng.SuiteRunnerWorker.run(SuiteRunnerWorker.java:86)
	at org.testng.TestNG.runSuitesSequentially(TestNG.java:1198)
	at org.testng.TestNG.runSuitesLocally(TestNG.java:1123)
	at org.testng.TestNG.run(TestNG.java:1031)
	at org.testng.TestNG.privateMain(TestNG.java:1338)
	at org.testng.TestNG.main(TestNG.java:1307)
]]>
    </failure>
  </testcase> <!-- RM_949_657 -->
  <testcase name="RM_28_391" time="15.317" classname="newMMIS_Subsystems.Portal1"/>
  <testcase name="RM_951_611" time="12.106" classname="newMMIS_Subsystems.Portal1"/>
  <testcase name="RM_71_071" time="13.813" classname="newMMIS_Subsystems.Portal1"/>
  <testcase name="RM_960_611" time="12.056" classname="newMMIS_Subsystems.Portal1">
    <error type="java.lang.AssertionError" message="Did not get RM 960 / 611 Member is Qualified Medicare Beneficiary. See 130 CMR 519.010. expected [true] but found [false]">
      <![CDATA[java.lang.AssertionError: Did not get RM 960 / 611 Member is Qualified Medicare Beneficiary. See 130 CMR 519.010. expected [true] but found [false]
	at org.testng.Assert.fail(Assert.java:94)
	at org.testng.Assert.failNotEquals(Assert.java:494)
	at org.testng.Assert.assertTrue(Assert.java:42)
	at newMMIS_Subsystems.Portal1.rmCommon(Unknown Source)
	at newMMIS_Subsystems.Portal1.RM_960_611(Unknown Source)
	at sun.reflect.NativeMethodAccessorImpl.invoke0(Native Method)
	at sun.reflect.NativeMethodAccessorImpl.invoke(Unknown Source)
	at sun.reflect.DelegatingMethodAccessorImpl.invoke(Unknown Source)
	at java.lang.reflect.Method.invoke(Unknown Source)
	at org.testng.internal.MethodInvocationHelper.invokeMethod(MethodInvocationHelper.java:80)
	at org.testng.internal.Invoker.invokeMethod(Invoker.java:714)
	at org.testng.internal.Invoker.invokeTestMethod(Invoker.java:901)
	at org.testng.internal.Invoker.invokeTestMethods(Invoker.java:1231)
	at org.testng.internal.TestMethodWorker.invokeTestMethods(TestMethodWorker.java:127)
	at org.testng.internal.TestMethodWorker.run(TestMethodWorker.java:111)
	at org.testng.TestRunner.privateRun(TestRunner.java:767)
	at org.testng.TestRunner.run(TestRunner.java:617)
	at org.testng.SuiteRunner.runTest(SuiteRunner.java:334)
	at org.testng.SuiteRunner.runSequentially(SuiteRunner.java:329)
	at org.testng.SuiteRunner.privateRun(SuiteRunner.java:291)
	at org.testng.SuiteRunner.run(SuiteRunner.java:240)
	at org.testng.SuiteRunnerWorker.runSuite(SuiteRunnerWorker.java:52)
	at org.testng.SuiteRunnerWorker.run(SuiteRunnerWorker.java:86)
	at org.testng.TestNG.runSuitesSequentially(TestNG.java:1198)
	at org.testng.TestNG.runSuitesLocally(TestNG.java:1123)
	at org.testng.TestNG.run(TestNG.java:1031)
	at org.testng.TestNG.privateMain(TestNG.java:1338)
	at org.testng.TestNG.main(TestNG.java:1307)
]]>
    </error>
  </testcase> <!-- RM_960_611 -->
  <testcase name="RM_42_603" time="13.078" classname="newMMIS_Subsystems.Portal1"/>
  <testcase name="RM_48_612" time="14.121" classname="newMMIS_Subsystems.Portal1"/>
  <testcase name="RM_1148_616" time="13.991" classname="newMMIS_Subsystems.Portal1"/>
  <testcase name="RM_68_126" time="12.313" classname="newMMIS_Subsystems.Portal1"/>
  <testcase name="RM_1157_634" time="11.740" classname="newMMIS_Subsystems.Portal1"/>
  <testcase name="RM_16_051" time="14.708" classname="newMMIS_Subsystems.Portal1"/>
  <testcase name="RM_977_611" time="10.859" classname="newMMIS_Subsystems.Portal1"/>
  <testcase name="RM_121_121" time="11.842" classname="newMMIS_Subsystems.Portal1"/>
  <testcase name="RM_1064_619" time="21.047" classname="newMMIS_Subsystems.Portal1"/>
  <testcase name="RM_1063_619" time="14.236" classname="newMMIS_Subsystems.Portal1"/>
  <testcase name="RM_937_656" time="13.231" classname="newMMIS_Subsystems.Portal1"/>
  <testcase name="RM_941_656" time="10.386" classname="newMMIS_Subsystems.Portal1"/>
  <testcase name="RM_985_658" time="10.808" classname="newMMIS_Subsystems.Portal1"/>
  <testcase name="RM_3_116" time="14.255" classname="newMMIS_Subsystems.Portal1"/>
  <testcase name="RM_973_611" time="11.680" classname="newMMIS_Subsystems.Portal1">
    <error type="java.lang.AssertionError" message="Did not get RM 973 / 611 Member is Qualified Medicare Beneficiary. See 130 CMR 519.010. expected [true] but found [false]">
      <![CDATA[java.lang.AssertionError: Did not get RM 973 / 611 Member is Qualified Medicare Beneficiary. See 130 CMR 519.010. expected [true] but found [false]
	at org.testng.Assert.fail(Assert.java:94)
	at org.testng.Assert.failNotEquals(Assert.java:494)
	at org.testng.Assert.assertTrue(Assert.java:42)
	at newMMIS_Subsystems.Portal1.rmCommon(Unknown Source)
	at newMMIS_Subsystems.Portal1.RM_973_611(Unknown Source)
	at sun.reflect.NativeMethodAccessorImpl.invoke0(Native Method)
	at sun.reflect.NativeMethodAccessorImpl.invoke(Unknown Source)
	at sun.reflect.DelegatingMethodAccessorImpl.invoke(Unknown Source)
	at java.lang.reflect.Method.invoke(Unknown Source)
	at org.testng.internal.MethodInvocationHelper.invokeMethod(MethodInvocationHelper.java:80)
	at org.testng.internal.Invoker.invokeMethod(Invoker.java:714)
	at org.testng.internal.Invoker.invokeTestMethod(Invoker.java:901)
	at org.testng.internal.Invoker.invokeTestMethods(Invoker.java:1231)
	at org.testng.internal.TestMethodWorker.invokeTestMethods(TestMethodWorker.java:127)
	at org.testng.internal.TestMethodWorker.run(TestMethodWorker.java:111)
	at org.testng.TestRunner.privateRun(TestRunner.java:767)
	at org.testng.TestRunner.run(TestRunner.java:617)
	at org.testng.SuiteRunner.runTest(SuiteRunner.java:334)
	at org.testng.SuiteRunner.runSequentially(SuiteRunner.java:329)
	at org.testng.SuiteRunner.privateRun(SuiteRunner.java:291)
	at org.testng.SuiteRunner.run(SuiteRunner.java:240)
	at org.testng.SuiteRunnerWorker.runSuite(SuiteRunnerWorker.java:52)
	at org.testng.SuiteRunnerWorker.run(SuiteRunnerWorker.java:86)
	at org.testng.TestNG.runSuitesSequentially(TestNG.java:1198)
	at org.testng.TestNG.runSuitesLocally(TestNG.java:1123)
	at org.testng.TestNG.run(TestNG.java:1031)
	at org.testng.TestNG.privateMain(TestNG.java:1338)
	at org.testng.TestNG.main(TestNG.java:1307)
]]>
    </error>
  </testcase> <!-- RM_973_611 -->
  <testcase name="RM_1055_617" time="20.722" classname="newMMIS_Subsystems.Portal1"/>
  <testcase name="RM_20_231" time="12.835" classname="newMMIS_Subsystems.Portal1"/>
  <testcase name="RM_1138_616" time="13.487" classname="newMMIS_Subsystems.Portal1"/>
  <testcase name="RM_461_461" time="13.082" classname="newMMIS_Subsystems.Portal1"/>
  <testcase name="RM_15_046" time="13.578" classname="newMMIS_Subsystems.Portal1"/>
  <testcase name="RM_962_611" time="10.852" classname="newMMIS_Subsystems.Portal1"/>
  <testcase name="RM_597_597" time="10.778" classname="newMMIS_Subsystems.Portal1"/>
  <testcase name="RM_950_611" time="11.473" classname="newMMIS_Subsystems.Portal1"/>
  <testcase name="RM_10_006" time="14.347" classname="newMMIS_Subsystems.Portal1"/>
  <testcase name="RM_967_611" time="10.700" classname="newMMIS_Subsystems.Portal1"/>
  <testcase name="RM_74_490" time="12.683" classname="newMMIS_Subsystems.Portal1"/>
  <testcase name="RM_982_611" time="9.281" classname="newMMIS_Subsystems.Portal1">
    <failure type="org.testng.SkipException" message="Skipping this because no member found for this RM">
      <![CDATA[org.testng.SkipException: Skipping this because no member found for this RM
	at newMMIS_Subsystems.Portal1.RMreset(Unknown Source)
	at newMMIS_Subsystems.Portal1.RM_982_611(Unknown Source)
	at sun.reflect.NativeMethodAccessorImpl.invoke0(Native Method)
	at sun.reflect.NativeMethodAccessorImpl.invoke(Unknown Source)
	at sun.reflect.DelegatingMethodAccessorImpl.invoke(Unknown Source)
	at java.lang.reflect.Method.invoke(Unknown Source)
	at org.testng.internal.MethodInvocationHelper.invokeMethod(MethodInvocationHelper.java:80)
	at org.testng.internal.Invoker.invokeMethod(Invoker.java:714)
	at org.testng.internal.Invoker.invokeTestMethod(Invoker.java:901)
	at org.testng.internal.Invoker.invokeTestMethods(Invoker.java:1231)
	at org.testng.internal.TestMethodWorker.invokeTestMethods(TestMethodWorker.java:127)
	at org.testng.internal.TestMethodWorker.run(TestMethodWorker.java:111)
	at org.testng.TestRunner.privateRun(TestRunner.java:767)
	at org.testng.TestRunner.run(TestRunner.java:617)
	at org.testng.SuiteRunner.runTest(SuiteRunner.java:334)
	at org.testng.SuiteRunner.runSequentially(SuiteRunner.java:329)
	at org.testng.SuiteRunner.privateRun(SuiteRunner.java:291)
	at org.testng.SuiteRunner.run(SuiteRunner.java:240)
	at org.testng.SuiteRunnerWorker.runSuite(SuiteRunnerWorker.java:52)
	at org.testng.SuiteRunnerWorker.run(SuiteRunnerWorker.java:86)
	at org.testng.TestNG.runSuitesSequentially(TestNG.java:1198)
	at org.testng.TestNG.runSuitesLocally(TestNG.java:1123)
	at org.testng.TestNG.run(TestNG.java:1031)
	at org.testng.TestNG.privateMain(TestNG.java:1338)
	at org.testng.TestNG.main(TestNG.java:1307)
]]>
    </failure>
  </testcase> <!-- RM_982_611 -->
  <testcase name="RM_45_608" time="12.681" classname="newMMIS_Subsystems.Portal1"/>
  <testcase name="RM_43_604" time="10.758" classname="newMMIS_Subsystems.Portal1"/>
  <testcase name="RM_640_640" time="15.345" classname="newMMIS_Subsystems.Portal1"/>
  <testcase name="RM_955_611" time="14.336" classname="newMMIS_Subsystems.Portal1"/>
  <testcase name="RM_1120_664" time="13.011" classname="newMMIS_Subsystems.Portal1"/>
  <testcase name="RM_1_035" time="15.398" classname="newMMIS_Subsystems.Portal1"/>
  <testcase name="RM_7_485" time="14.264" classname="newMMIS_Subsystems.Portal1"/>
  <testcase name="RM_186_186" time="1174.534" classname="newMMIS_Subsystems.Portal1"/>
  <testcase name="RM_1056_617" time="72.965" classname="newMMIS_Subsystems.Portal1"/>
  <testcase name="RM_14_041" time="14.503" classname="newMMIS_Subsystems.Portal1"/>
  <testcase name="RM_8_485" time="18.448" classname="newMMIS_Subsystems.Portal1"/>
  <testcase name="RM_76_525" time="39.196" classname="newMMIS_Subsystems.Portal1"/>
  <testcase name="RM_853_636" time="10.690" classname="newMMIS_Subsystems.Portal1"/>
  <testcase name="RM_840_386" time="7.311" classname="newMMIS_Subsystems.Portal1">
    <failure type="org.testng.SkipException" message="Skipping this because no member found for this RM">
      <![CDATA[org.testng.SkipException: Skipping this because no member found for this RM
	at newMMIS_Subsystems.Portal1.RMreset(Unknown Source)
	at newMMIS_Subsystems.Portal1.RM_840_386(Unknown Source)
	at sun.reflect.NativeMethodAccessorImpl.invoke0(Native Method)
	at sun.reflect.NativeMethodAccessorImpl.invoke(Unknown Source)
	at sun.reflect.DelegatingMethodAccessorImpl.invoke(Unknown Source)
	at java.lang.reflect.Method.invoke(Unknown Source)
	at org.testng.internal.MethodInvocationHelper.invokeMethod(MethodInvocationHelper.java:80)
	at org.testng.internal.Invoker.invokeMethod(Invoker.java:714)
	at org.testng.internal.Invoker.invokeTestMethod(Invoker.java:901)
	at org.testng.internal.Invoker.invokeTestMethods(Invoker.java:1231)
	at org.testng.internal.TestMethodWorker.invokeTestMethods(TestMethodWorker.java:127)
	at org.testng.internal.TestMethodWorker.run(TestMethodWorker.java:111)
	at org.testng.TestRunner.privateRun(TestRunner.java:767)
	at org.testng.TestRunner.run(TestRunner.java:617)
	at org.testng.SuiteRunner.runTest(SuiteRunner.java:334)
	at org.testng.SuiteRunner.runSequentially(SuiteRunner.java:329)
	at org.testng.SuiteRunner.privateRun(SuiteRunner.java:291)
	at org.testng.SuiteRunner.run(SuiteRunner.java:240)
	at org.testng.SuiteRunnerWorker.runSuite(SuiteRunnerWorker.java:52)
	at org.testng.SuiteRunnerWorker.run(SuiteRunnerWorker.java:86)
	at org.testng.TestNG.runSuitesSequentially(TestNG.java:1198)
	at org.testng.TestNG.runSuitesLocally(TestNG.java:1123)
	at org.testng.TestNG.run(TestNG.java:1031)
	at org.testng.TestNG.privateMain(TestNG.java:1338)
	at org.testng.TestNG.main(TestNG.java:1307)
]]>
    </failure>
  </testcase> <!-- RM_840_386 -->
  <testcase name="RM_748_021" time="70.634" classname="newMMIS_Subsystems.Portal1"/>
  <testcase name="RM_1136_616" time="20.315" classname="newMMIS_Subsystems.Portal1"/>
  <testcase name="RM_954_611" time="10.548" classname="newMMIS_Subsystems.Portal1"/>
  <testcase name="RM_940_656" time="11.137" classname="newMMIS_Subsystems.Portal1"/>
  <testcase name="RM_50_613" time="11.178" classname="newMMIS_Subsystems.Portal1"/>
  <testcase name="RM_51_613" time="13.928" classname="newMMIS_Subsystems.Portal1"/>
  <testcase name="RM_1060_618" time="78.232" classname="newMMIS_Subsystems.Portal1"/>
  <testcase name="RM_945_657" time="11.333" classname="newMMIS_Subsystems.Portal1"/>
  <testcase name="RM_366_366" time="12.079" classname="newMMIS_Subsystems.Portal1"/>
  <testcase name="RM_596_596" time="16.069" classname="newMMIS_Subsystems.Portal1"/>
  <testcase name="RM_770_648" time="11.361" classname="newMMIS_Subsystems.Portal1"/>
  <testcase name="RM_966_611" time="12.214" classname="newMMIS_Subsystems.Portal1"/>
  <testcase name="RM_957_611" time="12.976" classname="newMMIS_Subsystems.Portal1"/>
  <testcase name="RM_959_611" time="8.222" classname="newMMIS_Subsystems.Portal1">
    <failure type="org.testng.SkipException" message="Skipping this because no member found for this RM">
      <![CDATA[org.testng.SkipException: Skipping this because no member found for this RM
	at newMMIS_Subsystems.Portal1.RMreset(Unknown Source)
	at newMMIS_Subsystems.Portal1.RM_959_611(Unknown Source)
	at sun.reflect.NativeMethodAccessorImpl.invoke0(Native Method)
	at sun.reflect.NativeMethodAccessorImpl.invoke(Unknown Source)
	at sun.reflect.DelegatingMethodAccessorImpl.invoke(Unknown Source)
	at java.lang.reflect.Method.invoke(Unknown Source)
	at org.testng.internal.MethodInvocationHelper.invokeMethod(MethodInvocationHelper.java:80)
	at org.testng.internal.Invoker.invokeMethod(Invoker.java:714)
	at org.testng.internal.Invoker.invokeTestMethod(Invoker.java:901)
	at org.testng.internal.Invoker.invokeTestMethods(Invoker.java:1231)
	at org.testng.internal.TestMethodWorker.invokeTestMethods(TestMethodWorker.java:127)
	at org.testng.internal.TestMethodWorker.run(TestMethodWorker.java:111)
	at org.testng.TestRunner.privateRun(TestRunner.java:767)
	at org.testng.TestRunner.run(TestRunner.java:617)
	at org.testng.SuiteRunner.runTest(SuiteRunner.java:334)
	at org.testng.SuiteRunner.runSequentially(SuiteRunner.java:329)
	at org.testng.SuiteRunner.privateRun(SuiteRunner.java:291)
	at org.testng.SuiteRunner.run(SuiteRunner.java:240)
	at org.testng.SuiteRunnerWorker.runSuite(SuiteRunnerWorker.java:52)
	at org.testng.SuiteRunnerWorker.run(SuiteRunnerWorker.java:86)
	at org.testng.TestNG.runSuitesSequentially(TestNG.java:1198)
	at org.testng.TestNG.runSuitesLocally(TestNG.java:1123)
	at org.testng.TestNG.run(TestNG.java:1031)
	at org.testng.TestNG.privateMain(TestNG.java:1338)
	at org.testng.TestNG.main(TestNG.java:1307)
]]>
    </failure>
  </testcase> <!-- RM_959_611 -->
  <testcase name="RM_963_611" time="10.634" classname="newMMIS_Subsystems.Portal1"/>
  <testcase name="RM_1155_634" time="11.022" classname="newMMIS_Subsystems.Portal1"/>
  <testcase name="RM_1144_056" time="14.374" classname="newMMIS_Subsystems.Portal1"/>
  <testcase name="RM_915_647" time="10.137" classname="newMMIS_Subsystems.Portal1"/>
  <testcase name="RM_741_311" time="23.802" classname="newMMIS_Subsystems.Portal1"/>
  <testcase name="RM_939_656" time="10.875" classname="newMMIS_Subsystems.Portal1"/>
  <testcase name="RM_970_611" time="17.893" classname="newMMIS_Subsystems.Portal1"/>
  <testcase name="RM_19_171" time="14.792" classname="newMMIS_Subsystems.Portal1"/>
  <testcase name="RM_32_495" time="12.538" classname="newMMIS_Subsystems.Portal1"/>
  <testcase name="RM_1146_056" time="14.691" classname="newMMIS_Subsystems.Portal1"/>
  <testcase name="RM_9_516" time="14.454" classname="newMMIS_Subsystems.Portal1"/>
  <testcase name="RM_6_480" time="13.410" classname="newMMIS_Subsystems.Portal1"/>
  <testcase name="RM_981_611" time="8.111" classname="newMMIS_Subsystems.Portal1">
    <failure type="org.testng.SkipException" message="Skipping this because no member found for this RM">
      <![CDATA[org.testng.SkipException: Skipping this because no member found for this RM
	at newMMIS_Subsystems.Portal1.RMreset(Unknown Source)
	at newMMIS_Subsystems.Portal1.RM_981_611(Unknown Source)
	at sun.reflect.NativeMethodAccessorImpl.invoke0(Native Method)
	at sun.reflect.NativeMethodAccessorImpl.invoke(Unknown Source)
	at sun.reflect.DelegatingMethodAccessorImpl.invoke(Unknown Source)
	at java.lang.reflect.Method.invoke(Unknown Source)
	at org.testng.internal.MethodInvocationHelper.invokeMethod(MethodInvocationHelper.java:80)
	at org.testng.internal.Invoker.invokeMethod(Invoker.java:714)
	at org.testng.internal.Invoker.invokeTestMethod(Invoker.java:901)
	at org.testng.internal.Invoker.invokeTestMethods(Invoker.java:1231)
	at org.testng.internal.TestMethodWorker.invokeTestMethods(TestMethodWorker.java:127)
	at org.testng.internal.TestMethodWorker.run(TestMethodWorker.java:111)
	at org.testng.TestRunner.privateRun(TestRunner.java:767)
	at org.testng.TestRunner.run(TestRunner.java:617)
	at org.testng.SuiteRunner.runTest(SuiteRunner.java:334)
	at org.testng.SuiteRunner.runSequentially(SuiteRunner.java:329)
	at org.testng.SuiteRunner.privateRun(SuiteRunner.java:291)
	at org.testng.SuiteRunner.run(SuiteRunner.java:240)
	at org.testng.SuiteRunnerWorker.runSuite(SuiteRunnerWorker.java:52)
	at org.testng.SuiteRunnerWorker.run(SuiteRunnerWorker.java:86)
	at org.testng.TestNG.runSuitesSequentially(TestNG.java:1198)
	at org.testng.TestNG.runSuitesLocally(TestNG.java:1123)
	at org.testng.TestNG.run(TestNG.java:1031)
	at org.testng.TestNG.privateMain(TestNG.java:1338)
	at org.testng.TestNG.main(TestNG.java:1307)
]]>
    </failure>
  </testcase> <!-- RM_981_611 -->
  <testcase name="RM_30_495" time="14.464" classname="newMMIS_Subsystems.Portal1"/>
  <testcase name="RM_947_657" time="11.518" classname="newMMIS_Subsystems.Portal1"/>
  <testcase name="RM_2_111" time="13.662" classname="newMMIS_Subsystems.Portal1"/>
  <testcase name="RM_965_611" time="12.291" classname="newMMIS_Subsystems.Portal1">
    <error type="java.lang.AssertionError" message="Did not get RM 965 / 611 Member is Qualified Medicare Beneficiary. See 130 CMR 519.010. expected [true] but found [false]">
      <![CDATA[java.lang.AssertionError: Did not get RM 965 / 611 Member is Qualified Medicare Beneficiary. See 130 CMR 519.010. expected [true] but found [false]
	at org.testng.Assert.fail(Assert.java:94)
	at org.testng.Assert.failNotEquals(Assert.java:494)
	at org.testng.Assert.assertTrue(Assert.java:42)
	at newMMIS_Subsystems.Portal1.rmCommon(Unknown Source)
	at newMMIS_Subsystems.Portal1.RM_965_611(Unknown Source)
	at sun.reflect.NativeMethodAccessorImpl.invoke0(Native Method)
	at sun.reflect.NativeMethodAccessorImpl.invoke(Unknown Source)
	at sun.reflect.DelegatingMethodAccessorImpl.invoke(Unknown Source)
	at java.lang.reflect.Method.invoke(Unknown Source)
	at org.testng.internal.MethodInvocationHelper.invokeMethod(MethodInvocationHelper.java:80)
	at org.testng.internal.Invoker.invokeMethod(Invoker.java:714)
	at org.testng.internal.Invoker.invokeTestMethod(Invoker.java:901)
	at org.testng.internal.Invoker.invokeTestMethods(Invoker.java:1231)
	at org.testng.internal.TestMethodWorker.invokeTestMethods(TestMethodWorker.java:127)
	at org.testng.internal.TestMethodWorker.run(TestMethodWorker.java:111)
	at org.testng.TestRunner.privateRun(TestRunner.java:767)
	at org.testng.TestRunner.run(TestRunner.java:617)
	at org.testng.SuiteRunner.runTest(SuiteRunner.java:334)
	at org.testng.SuiteRunner.runSequentially(SuiteRunner.java:329)
	at org.testng.SuiteRunner.privateRun(SuiteRunner.java:291)
	at org.testng.SuiteRunner.run(SuiteRunner.java:240)
	at org.testng.SuiteRunnerWorker.runSuite(SuiteRunnerWorker.java:52)
	at org.testng.SuiteRunnerWorker.run(SuiteRunnerWorker.java:86)
	at org.testng.TestNG.runSuitesSequentially(TestNG.java:1198)
	at org.testng.TestNG.runSuitesLocally(TestNG.java:1123)
	at org.testng.TestNG.run(TestNG.java:1031)
	at org.testng.TestNG.privateMain(TestNG.java:1338)
	at org.testng.TestNG.main(TestNG.java:1307)
]]>
    </error>
  </testcase> <!-- RM_965_611 -->
  <testcase name="RM_948_657" time="10.928" classname="newMMIS_Subsystems.Portal1"/>
  <testcase name="RM_41_602" time="13.458" classname="newMMIS_Subsystems.Portal1"/>
  <testcase name="RM_827_386" time="12.721" classname="newMMIS_Subsystems.Portal1"/>
  <testcase name="RM_742_311" time="13.088" classname="newMMIS_Subsystems.Portal1"/>
  <testcase name="RM_1145_056" time="14.199" classname="newMMIS_Subsystems.Portal1"/>
  <testcase name="RM_747_021" time="11.447" classname="newMMIS_Subsystems.Portal1"/>
  <testcase name="RM_975_611" time="11.141" classname="newMMIS_Subsystems.Portal1">
    <error type="java.lang.AssertionError" message="Did not get RM 975 / 611 Member is Qualified Medicare Beneficiary. See 130 CMR 519.010. expected [true] but found [false]">
      <![CDATA[java.lang.AssertionError: Did not get RM 975 / 611 Member is Qualified Medicare Beneficiary. See 130 CMR 519.010. expected [true] but found [false]
	at org.testng.Assert.fail(Assert.java:94)
	at org.testng.Assert.failNotEquals(Assert.java:494)
	at org.testng.Assert.assertTrue(Assert.java:42)
	at newMMIS_Subsystems.Portal1.rmCommon(Unknown Source)
	at newMMIS_Subsystems.Portal1.RM_975_611(Unknown Source)
	at sun.reflect.NativeMethodAccessorImpl.invoke0(Native Method)
	at sun.reflect.NativeMethodAccessorImpl.invoke(Unknown Source)
	at sun.reflect.DelegatingMethodAccessorImpl.invoke(Unknown Source)
	at java.lang.reflect.Method.invoke(Unknown Source)
	at org.testng.internal.MethodInvocationHelper.invokeMethod(MethodInvocationHelper.java:80)
	at org.testng.internal.Invoker.invokeMethod(Invoker.java:714)
	at org.testng.internal.Invoker.invokeTestMethod(Invoker.java:901)
	at org.testng.internal.Invoker.invokeTestMethods(Invoker.java:1231)
	at org.testng.internal.TestMethodWorker.invokeTestMethods(TestMethodWorker.java:127)
	at org.testng.internal.TestMethodWorker.run(TestMethodWorker.java:111)
	at org.testng.TestRunner.privateRun(TestRunner.java:767)
	at org.testng.TestRunner.run(TestRunner.java:617)
	at org.testng.SuiteRunner.runTest(SuiteRunner.java:334)
	at org.testng.SuiteRunner.runSequentially(SuiteRunner.java:329)
	at org.testng.SuiteRunner.privateRun(SuiteRunner.java:291)
	at org.testng.SuiteRunner.run(SuiteRunner.java:240)
	at org.testng.SuiteRunnerWorker.runSuite(SuiteRunnerWorker.java:52)
	at org.testng.SuiteRunnerWorker.run(SuiteRunnerWorker.java:86)
	at org.testng.TestNG.runSuitesSequentially(TestNG.java:1198)
	at org.testng.TestNG.runSuitesLocally(TestNG.java:1123)
	at org.testng.TestNG.run(TestNG.java:1031)
	at org.testng.TestNG.privateMain(TestNG.java:1338)
	at org.testng.TestNG.main(TestNG.java:1307)
]]>
    </error>
  </testcase> <!-- RM_975_611 -->
  <testcase name="RM_773_500" time="12.960" classname="newMMIS_Subsystems.Portal1"/>
  <testcase name="RM_1158_634" time="10.615" classname="newMMIS_Subsystems.Portal1"/>
  <testcase name="RM_749_021" time="69.162" classname="newMMIS_Subsystems.Portal1"/>
  <testcase name="RM_938_656" time="10.862" classname="newMMIS_Subsystems.Portal1"/>
  <testcase name="RM_1065_619" time="14.451" classname="newMMIS_Subsystems.Portal1"/>
  <testcase name="RM_40_601" time="14.625" classname="newMMIS_Subsystems.Portal1"/>
  <testcase name="RM_968_611" time="11.421" classname="newMMIS_Subsystems.Portal1"/>
  <testcase name="RM_972_611" time="11.946" classname="newMMIS_Subsystems.Portal1"/>
  <testcase name="RM_49_612" time="12.844" classname="newMMIS_Subsystems.Portal1"/>
  <testcase name="RM_13_036" time="14.015" classname="newMMIS_Subsystems.Portal1"/>
  <testcase name="RM_980_611" time="9.045" classname="newMMIS_Subsystems.Portal1">
    <failure type="org.testng.SkipException" message="Skipping this because no member found for this RM">
      <![CDATA[org.testng.SkipException: Skipping this because no member found for this RM
	at newMMIS_Subsystems.Portal1.RMreset(Unknown Source)
	at newMMIS_Subsystems.Portal1.RM_980_611(Unknown Source)
	at sun.reflect.NativeMethodAccessorImpl.invoke0(Native Method)
	at sun.reflect.NativeMethodAccessorImpl.invoke(Unknown Source)
	at sun.reflect.DelegatingMethodAccessorImpl.invoke(Unknown Source)
	at java.lang.reflect.Method.invoke(Unknown Source)
	at org.testng.internal.MethodInvocationHelper.invokeMethod(MethodInvocationHelper.java:80)
	at org.testng.internal.Invoker.invokeMethod(Invoker.java:714)
	at org.testng.internal.Invoker.invokeTestMethod(Invoker.java:901)
	at org.testng.internal.Invoker.invokeTestMethods(Invoker.java:1231)
	at org.testng.internal.TestMethodWorker.invokeTestMethods(TestMethodWorker.java:127)
	at org.testng.internal.TestMethodWorker.run(TestMethodWorker.java:111)
	at org.testng.TestRunner.privateRun(TestRunner.java:767)
	at org.testng.TestRunner.run(TestRunner.java:617)
	at org.testng.SuiteRunner.runTest(SuiteRunner.java:334)
	at org.testng.SuiteRunner.runSequentially(SuiteRunner.java:329)
	at org.testng.SuiteRunner.privateRun(SuiteRunner.java:291)
	at org.testng.SuiteRunner.run(SuiteRunner.java:240)
	at org.testng.SuiteRunnerWorker.runSuite(SuiteRunnerWorker.java:52)
	at org.testng.SuiteRunnerWorker.run(SuiteRunnerWorker.java:86)
	at org.testng.TestNG.runSuitesSequentially(TestNG.java:1198)
	at org.testng.TestNG.runSuitesLocally(TestNG.java:1123)
	at org.testng.TestNG.run(TestNG.java:1031)
	at org.testng.TestNG.privateMain(TestNG.java:1338)
	at org.testng.TestNG.main(TestNG.java:1307)
]]>
    </failure>
  </testcase> <!-- RM_980_611 -->
  <testcase name="RM_12_031" time="14.365" classname="newMMIS_Subsystems.Portal1"/>
  <testcase name="RM_1156_634" time="11.014" classname="newMMIS_Subsystems.Portal1"/>
  <testcase name="RM_1137_616" time="13.381" classname="newMMIS_Subsystems.Portal1"/>
  <testcase name="RM_31_495" time="9.736" classname="newMMIS_Subsystems.Portal1">
    <failure type="org.testng.SkipException" message="Skipping this because no member found for this RM">
      <![CDATA[org.testng.SkipException: Skipping this because no member found for this RM
	at newMMIS_Subsystems.Portal1.RMreset(Unknown Source)
	at newMMIS_Subsystems.Portal1.RM_31_495(Unknown Source)
	at sun.reflect.NativeMethodAccessorImpl.invoke0(Native Method)
	at sun.reflect.NativeMethodAccessorImpl.invoke(Unknown Source)
	at sun.reflect.DelegatingMethodAccessorImpl.invoke(Unknown Source)
	at java.lang.reflect.Method.invoke(Unknown Source)
	at org.testng.internal.MethodInvocationHelper.invokeMethod(MethodInvocationHelper.java:80)
	at org.testng.internal.Invoker.invokeMethod(Invoker.java:714)
	at org.testng.internal.Invoker.invokeTestMethod(Invoker.java:901)
	at org.testng.internal.Invoker.invokeTestMethods(Invoker.java:1231)
	at org.testng.internal.TestMethodWorker.invokeTestMethods(TestMethodWorker.java:127)
	at org.testng.internal.TestMethodWorker.run(TestMethodWorker.java:111)
	at org.testng.TestRunner.privateRun(TestRunner.java:767)
	at org.testng.TestRunner.run(TestRunner.java:617)
	at org.testng.SuiteRunner.runTest(SuiteRunner.java:334)
	at org.testng.SuiteRunner.runSequentially(SuiteRunner.java:329)
	at org.testng.SuiteRunner.privateRun(SuiteRunner.java:291)
	at org.testng.SuiteRunner.run(SuiteRunner.java:240)
	at org.testng.SuiteRunnerWorker.runSuite(SuiteRunnerWorker.java:52)
	at org.testng.SuiteRunnerWorker.run(SuiteRunnerWorker.java:86)
	at org.testng.TestNG.runSuitesSequentially(TestNG.java:1198)
	at org.testng.TestNG.runSuitesLocally(TestNG.java:1123)
	at org.testng.TestNG.run(TestNG.java:1031)
	at org.testng.TestNG.privateMain(TestNG.java:1338)
	at org.testng.TestNG.main(TestNG.java:1307)
]]>
    </failure>
  </testcase> <!-- RM_31_495 -->
  <testcase name="RM_956_611" time="10.675" classname="newMMIS_Subsystems.Portal1"/>
  <testcase name="RM_958_611" time="14.079" classname="newMMIS_Subsystems.Portal1">
    <failure type="org.testng.SkipException" message="Skipping this because no member found for this RM">
      <![CDATA[org.testng.SkipException: Skipping this because no member found for this RM
	at newMMIS_Subsystems.Portal1.RMreset(Unknown Source)
	at newMMIS_Subsystems.Portal1.RM_958_611(Unknown Source)
	at sun.reflect.NativeMethodAccessorImpl.invoke0(Native Method)
	at sun.reflect.NativeMethodAccessorImpl.invoke(Unknown Source)
	at sun.reflect.DelegatingMethodAccessorImpl.invoke(Unknown Source)
	at java.lang.reflect.Method.invoke(Unknown Source)
	at org.testng.internal.MethodInvocationHelper.invokeMethod(MethodInvocationHelper.java:80)
	at org.testng.internal.Invoker.invokeMethod(Invoker.java:714)
	at org.testng.internal.Invoker.invokeTestMethod(Invoker.java:901)
	at org.testng.internal.Invoker.invokeTestMethods(Invoker.java:1231)
	at org.testng.internal.TestMethodWorker.invokeTestMethods(TestMethodWorker.java:127)
	at org.testng.internal.TestMethodWorker.run(TestMethodWorker.java:111)
	at org.testng.TestRunner.privateRun(TestRunner.java:767)
	at org.testng.TestRunner.run(TestRunner.java:617)
	at org.testng.SuiteRunner.runTest(SuiteRunner.java:334)
	at org.testng.SuiteRunner.runSequentially(SuiteRunner.java:329)
	at org.testng.SuiteRunner.privateRun(SuiteRunner.java:291)
	at org.testng.SuiteRunner.run(SuiteRunner.java:240)
	at org.testng.SuiteRunnerWorker.runSuite(SuiteRunnerWorker.java:52)
	at org.testng.SuiteRunnerWorker.run(SuiteRunnerWorker.java:86)
	at org.testng.TestNG.runSuitesSequentially(TestNG.java:1198)
	at org.testng.TestNG.runSuitesLocally(TestNG.java:1123)
	at org.testng.TestNG.run(TestNG.java:1031)
	at org.testng.TestNG.privateMain(TestNG.java:1338)
	at org.testng.TestNG.main(TestNG.java:1307)
]]>
    </failure>
  </testcase> <!-- RM_958_611 -->
  <testcase name="RM_964_611" time="10.986" classname="newMMIS_Subsystems.Portal1"/>
  <testcase name="RM_986_661" time="13.394" classname="newMMIS_Subsystems.Portal1"/>
  <testcase name="RM_271_271" time="8.339" classname="newMMIS_Subsystems.Portal1">
    <failure type="org.testng.SkipException" message="Skipping this because no member found for this RM">
      <![CDATA[org.testng.SkipException: Skipping this because no member found for this RM
	at newMMIS_Subsystems.Portal1.RMreset(Unknown Source)
	at newMMIS_Subsystems.Portal1.RM_271_271(Unknown Source)
	at sun.reflect.NativeMethodAccessorImpl.invoke0(Native Method)
	at sun.reflect.NativeMethodAccessorImpl.invoke(Unknown Source)
	at sun.reflect.DelegatingMethodAccessorImpl.invoke(Unknown Source)
	at java.lang.reflect.Method.invoke(Unknown Source)
	at org.testng.internal.MethodInvocationHelper.invokeMethod(MethodInvocationHelper.java:80)
	at org.testng.internal.Invoker.invokeMethod(Invoker.java:714)
	at org.testng.internal.Invoker.invokeTestMethod(Invoker.java:901)
	at org.testng.internal.Invoker.invokeTestMethods(Invoker.java:1231)
	at org.testng.internal.TestMethodWorker.invokeTestMethods(TestMethodWorker.java:127)
	at org.testng.internal.TestMethodWorker.run(TestMethodWorker.java:111)
	at org.testng.TestRunner.privateRun(TestRunner.java:767)
	at org.testng.TestRunner.run(TestRunner.java:617)
	at org.testng.SuiteRunner.runTest(SuiteRunner.java:334)
	at org.testng.SuiteRunner.runSequentially(SuiteRunner.java:329)
	at org.testng.SuiteRunner.privateRun(SuiteRunner.java:291)
	at org.testng.SuiteRunner.run(SuiteRunner.java:240)
	at org.testng.SuiteRunnerWorker.runSuite(SuiteRunnerWorker.java:52)
	at org.testng.SuiteRunnerWorker.run(SuiteRunnerWorker.java:86)
	at org.testng.TestNG.runSuitesSequentially(TestNG.java:1198)
	at org.testng.TestNG.runSuitesLocally(TestNG.java:1123)
	at org.testng.TestNG.run(TestNG.java:1031)
	at org.testng.TestNG.privateMain(TestNG.java:1338)
	at org.testng.TestNG.main(TestNG.java:1307)
]]>
    </failure>
  </testcase> <!-- RM_271_271 -->
  <testcase name="RM_650_650" time="448.618" classname="newMMIS_Subsystems.Portal1"/>
  <testcase name="RM_831_386" time="12.580" classname="newMMIS_Subsystems.Portal1"/>
  <testcase name="RM_841_386" time="7.880" classname="newMMIS_Subsystems.Portal1">
    <failure type="org.testng.SkipException" message="Skipping this because no member found for this RM">
      <![CDATA[org.testng.SkipException: Skipping this because no member found for this RM
	at newMMIS_Subsystems.Portal1.RMreset(Unknown Source)
	at newMMIS_Subsystems.Portal1.RM_841_386(Unknown Source)
	at sun.reflect.NativeMethodAccessorImpl.invoke0(Native Method)
	at sun.reflect.NativeMethodAccessorImpl.invoke(Unknown Source)
	at sun.reflect.DelegatingMethodAccessorImpl.invoke(Unknown Source)
	at java.lang.reflect.Method.invoke(Unknown Source)
	at org.testng.internal.MethodInvocationHelper.invokeMethod(MethodInvocationHelper.java:80)
	at org.testng.internal.Invoker.invokeMethod(Invoker.java:714)
	at org.testng.internal.Invoker.invokeTestMethod(Invoker.java:901)
	at org.testng.internal.Invoker.invokeTestMethods(Invoker.java:1231)
	at org.testng.internal.TestMethodWorker.invokeTestMethods(TestMethodWorker.java:127)
	at org.testng.internal.TestMethodWorker.run(TestMethodWorker.java:111)
	at org.testng.TestRunner.privateRun(TestRunner.java:767)
	at org.testng.TestRunner.run(TestRunner.java:617)
	at org.testng.SuiteRunner.runTest(SuiteRunner.java:334)
	at org.testng.SuiteRunner.runSequentially(SuiteRunner.java:329)
	at org.testng.SuiteRunner.privateRun(SuiteRunner.java:291)
	at org.testng.SuiteRunner.run(SuiteRunner.java:240)
	at org.testng.SuiteRunnerWorker.runSuite(SuiteRunnerWorker.java:52)
	at org.testng.SuiteRunnerWorker.run(SuiteRunnerWorker.java:86)
	at org.testng.TestNG.runSuitesSequentially(TestNG.java:1198)
	at org.testng.TestNG.runSuitesLocally(TestNG.java:1123)
	at org.testng.TestNG.run(TestNG.java:1031)
	at org.testng.TestNG.privateMain(TestNG.java:1338)
	at org.testng.TestNG.main(TestNG.java:1307)
]]>
    </failure>
  </testcase> <!-- RM_841_386 -->
  <testcase name="RM_792_637" time="11.591" classname="newMMIS_Subsystems.Portal1"/>
  <testcase name="RM_1231_665" time="12.197" classname="newMMIS_Subsystems.Portal1">
    <error type="java.lang.AssertionError" message="Did not get RM 1231 / 665 Senior Care Options. Payment limited to SCO. Authorization needed for all services except emergencies. Call Tufts Health Plan Senior Care Options - 855-670-5934 expected [true] but found [false]">
      <![CDATA[java.lang.AssertionError: Did not get RM 1231 / 665 Senior Care Options. Payment limited to SCO. Authorization needed for all services except emergencies. Call Tufts Health Plan Senior Care Options - 855-670-5934 expected [true] but found [false]
	at org.testng.Assert.fail(Assert.java:94)
	at org.testng.Assert.failNotEquals(Assert.java:494)
	at org.testng.Assert.assertTrue(Assert.java:42)
	at newMMIS_Subsystems.Portal1.rmCommon(Unknown Source)
	at newMMIS_Subsystems.Portal1.RM_1231_665(Unknown Source)
	at sun.reflect.NativeMethodAccessorImpl.invoke0(Native Method)
	at sun.reflect.NativeMethodAccessorImpl.invoke(Unknown Source)
	at sun.reflect.DelegatingMethodAccessorImpl.invoke(Unknown Source)
	at java.lang.reflect.Method.invoke(Unknown Source)
	at org.testng.internal.MethodInvocationHelper.invokeMethod(MethodInvocationHelper.java:80)
	at org.testng.internal.Invoker.invokeMethod(Invoker.java:714)
	at org.testng.internal.Invoker.invokeTestMethod(Invoker.java:901)
	at org.testng.internal.Invoker.invokeTestMethods(Invoker.java:1231)
	at org.testng.internal.TestMethodWorker.invokeTestMethods(TestMethodWorker.java:127)
	at org.testng.internal.TestMethodWorker.run(TestMethodWorker.java:111)
	at org.testng.TestRunner.privateRun(TestRunner.java:767)
	at org.testng.TestRunner.run(TestRunner.java:617)
	at org.testng.SuiteRunner.runTest(SuiteRunner.java:334)
	at org.testng.SuiteRunner.runSequentially(SuiteRunner.java:329)
	at org.testng.SuiteRunner.privateRun(SuiteRunner.java:291)
	at org.testng.SuiteRunner.run(SuiteRunner.java:240)
	at org.testng.SuiteRunnerWorker.runSuite(SuiteRunnerWorker.java:52)
	at org.testng.SuiteRunnerWorker.run(SuiteRunnerWorker.java:86)
	at org.testng.TestNG.runSuitesSequentially(TestNG.java:1198)
	at org.testng.TestNG.runSuitesLocally(TestNG.java:1123)
	at org.testng.TestNG.run(TestNG.java:1031)
	at org.testng.TestNG.privateMain(TestNG.java:1338)
	at org.testng.TestNG.main(TestNG.java:1307)
]]>
    </error>
  </testcase> <!-- RM_1231_665 -->
  <testcase name="RM_29_495" time="14.183" classname="newMMIS_Subsystems.Portal1"/>
  <testcase name="RM_740_311" time="17.202" classname="newMMIS_Subsystems.Portal1"/>
  <testcase name="RM_34_520" time="13.917" classname="newMMIS_Subsystems.Portal1"/>
  <testcase name="RM_952_611" time="11.761" classname="newMMIS_Subsystems.Portal1"/>
  <testcase name="RM_953_611" time="11.183" classname="newMMIS_Subsystems.Portal1">
    <error type="java.lang.AssertionError" message="Did not get RM 953 / 611 Member is Qualified Medicare Beneficiary. See 130 CMR 519.010. expected [true] but found [false]">
      <![CDATA[java.lang.AssertionError: Did not get RM 953 / 611 Member is Qualified Medicare Beneficiary. See 130 CMR 519.010. expected [true] but found [false]
	at org.testng.Assert.fail(Assert.java:94)
	at org.testng.Assert.failNotEquals(Assert.java:494)
	at org.testng.Assert.assertTrue(Assert.java:42)
	at newMMIS_Subsystems.Portal1.rmCommon(Unknown Source)
	at newMMIS_Subsystems.Portal1.RM_953_611(Unknown Source)
	at sun.reflect.NativeMethodAccessorImpl.invoke0(Native Method)
	at sun.reflect.NativeMethodAccessorImpl.invoke(Unknown Source)
	at sun.reflect.DelegatingMethodAccessorImpl.invoke(Unknown Source)
	at java.lang.reflect.Method.invoke(Unknown Source)
	at org.testng.internal.MethodInvocationHelper.invokeMethod(MethodInvocationHelper.java:80)
	at org.testng.internal.Invoker.invokeMethod(Invoker.java:714)
	at org.testng.internal.Invoker.invokeTestMethod(Invoker.java:901)
	at org.testng.internal.Invoker.invokeTestMethods(Invoker.java:1231)
	at org.testng.internal.TestMethodWorker.invokeTestMethods(TestMethodWorker.java:127)
	at org.testng.internal.TestMethodWorker.run(TestMethodWorker.java:111)
	at org.testng.TestRunner.privateRun(TestRunner.java:767)
	at org.testng.TestRunner.run(TestRunner.java:617)
	at org.testng.SuiteRunner.runTest(SuiteRunner.java:334)
	at org.testng.SuiteRunner.runSequentially(SuiteRunner.java:329)
	at org.testng.SuiteRunner.privateRun(SuiteRunner.java:291)
	at org.testng.SuiteRunner.run(SuiteRunner.java:240)
	at org.testng.SuiteRunnerWorker.runSuite(SuiteRunnerWorker.java:52)
	at org.testng.SuiteRunnerWorker.run(SuiteRunnerWorker.java:86)
	at org.testng.TestNG.runSuitesSequentially(TestNG.java:1198)
	at org.testng.TestNG.runSuitesLocally(TestNG.java:1123)
	at org.testng.TestNG.run(TestNG.java:1031)
	at org.testng.TestNG.privateMain(TestNG.java:1338)
	at org.testng.TestNG.main(TestNG.java:1307)
]]>
    </error>
  </testcase> <!-- RM_953_611 -->
  <testcase name="RM_946_657" time="11.732" classname="newMMIS_Subsystems.Portal1"/>
  <testcase name="RM_1151_634" time="11.528" classname="newMMIS_Subsystems.Portal1"/>
  <testcase name="RM_530_530" time="62.638" classname="newMMIS_Subsystems.Portal1"/>
  <testcase name="RM_974_611" time="10.437" classname="newMMIS_Subsystems.Portal1"/>
  <testcase name="RM_832_386" time="10.481" classname="newMMIS_Subsystems.Portal1"/>
  <testcase name="RM_943_657" time="10.863" classname="newMMIS_Subsystems.Portal1"/>
  <testcase name="RM_1147_056" time="12.591" classname="newMMIS_Subsystems.Portal1"/>
  <testcase name="RM_936_656" time="9.875" classname="newMMIS_Subsystems.Portal1">
    <failure type="org.testng.SkipException" message="Skipping this because no member found for this RM">
      <![CDATA[org.testng.SkipException: Skipping this because no member found for this RM
	at newMMIS_Subsystems.Portal1.RMreset(Unknown Source)
	at newMMIS_Subsystems.Portal1.RM_936_656(Unknown Source)
	at sun.reflect.NativeMethodAccessorImpl.invoke0(Native Method)
	at sun.reflect.NativeMethodAccessorImpl.invoke(Unknown Source)
	at sun.reflect.DelegatingMethodAccessorImpl.invoke(Unknown Source)
	at java.lang.reflect.Method.invoke(Unknown Source)
	at org.testng.internal.MethodInvocationHelper.invokeMethod(MethodInvocationHelper.java:80)
	at org.testng.internal.Invoker.invokeMethod(Invoker.java:714)
	at org.testng.internal.Invoker.invokeTestMethod(Invoker.java:901)
	at org.testng.internal.Invoker.invokeTestMethods(Invoker.java:1231)
	at org.testng.internal.TestMethodWorker.invokeTestMethods(TestMethodWorker.java:127)
	at org.testng.internal.TestMethodWorker.run(TestMethodWorker.java:111)
	at org.testng.TestRunner.privateRun(TestRunner.java:767)
	at org.testng.TestRunner.run(TestRunner.java:617)
	at org.testng.SuiteRunner.runTest(SuiteRunner.java:334)
	at org.testng.SuiteRunner.runSequentially(SuiteRunner.java:329)
	at org.testng.SuiteRunner.privateRun(SuiteRunner.java:291)
	at org.testng.SuiteRunner.run(SuiteRunner.java:240)
	at org.testng.SuiteRunnerWorker.runSuite(SuiteRunnerWorker.java:52)
	at org.testng.SuiteRunnerWorker.run(SuiteRunnerWorker.java:86)
	at org.testng.TestNG.runSuitesSequentially(TestNG.java:1198)
	at org.testng.TestNG.runSuitesLocally(TestNG.java:1123)
	at org.testng.TestNG.run(TestNG.java:1031)
	at org.testng.TestNG.privateMain(TestNG.java:1338)
	at org.testng.TestNG.main(TestNG.java:1307)
]]>
    </failure>
  </testcase> <!-- RM_936_656 -->
  <testcase name="RM_1059_618" time="12.788" classname="newMMIS_Subsystems.Portal1"/>
  <testcase name="RM_987_662" time="11.722" classname="newMMIS_Subsystems.Portal1"/>
  <testcase name="RM_944_657" time="11.344" classname="newMMIS_Subsystems.Portal1"/>
  <testcase name="RM_35_522" time="12.095" classname="newMMIS_Subsystems.Portal1">
    <error type="java.lang.AssertionError" message="Did not get RM 35 / 522 Eligible for emergency services only. expected [true] but found [false]">
      <![CDATA[java.lang.AssertionError: Did not get RM 35 / 522 Eligible for emergency services only. expected [true] but found [false]
	at org.testng.Assert.fail(Assert.java:94)
	at org.testng.Assert.failNotEquals(Assert.java:494)
	at org.testng.Assert.assertTrue(Assert.java:42)
	at newMMIS_Subsystems.Portal1.rmCommon(Unknown Source)
	at newMMIS_Subsystems.Portal1.RM_35_522(Unknown Source)
	at sun.reflect.NativeMethodAccessorImpl.invoke0(Native Method)
	at sun.reflect.NativeMethodAccessorImpl.invoke(Unknown Source)
	at sun.reflect.DelegatingMethodAccessorImpl.invoke(Unknown Source)
	at java.lang.reflect.Method.invoke(Unknown Source)
	at org.testng.internal.MethodInvocationHelper.invokeMethod(MethodInvocationHelper.java:80)
	at org.testng.internal.Invoker.invokeMethod(Invoker.java:714)
	at org.testng.internal.Invoker.invokeTestMethod(Invoker.java:901)
	at org.testng.internal.Invoker.invokeTestMethods(Invoker.java:1231)
	at org.testng.internal.TestMethodWorker.invokeTestMethods(TestMethodWorker.java:127)
	at org.testng.internal.TestMethodWorker.run(TestMethodWorker.java:111)
	at org.testng.TestRunner.privateRun(TestRunner.java:767)
	at org.testng.TestRunner.run(TestRunner.java:617)
	at org.testng.SuiteRunner.runTest(SuiteRunner.java:334)
	at org.testng.SuiteRunner.runSequentially(SuiteRunner.java:329)
	at org.testng.SuiteRunner.privateRun(SuiteRunner.java:291)
	at org.testng.SuiteRunner.run(SuiteRunner.java:240)
	at org.testng.SuiteRunnerWorker.runSuite(SuiteRunnerWorker.java:52)
	at org.testng.SuiteRunnerWorker.run(SuiteRunnerWorker.java:86)
	at org.testng.TestNG.runSuitesSequentially(TestNG.java:1198)
	at org.testng.TestNG.runSuitesLocally(TestNG.java:1123)
	at org.testng.TestNG.run(TestNG.java:1031)
	at org.testng.TestNG.privateMain(TestNG.java:1338)
	at org.testng.TestNG.main(TestNG.java:1307)
]]>
    </error>
  </testcase> <!-- RM_35_522 -->
  <testcase name="RM_614_614" time="10.807" classname="newMMIS_Subsystems.Portal1"/>
  <testcase name="RM_46_611" time="16.871" classname="newMMIS_Subsystems.Portal1"/>
  <testcase name="RM_89_646" time="697.548" classname="newMMIS_Subsystems.Portal1"/>
  <testcase name="RM_791_637" time="10.371" classname="newMMIS_Subsystems.Portal1"/>
  <testcase name="RM_971_611" time="49.519" classname="newMMIS_Subsystems.Portal1"/>
  <testcase name="RM_976_611" time="12.068" classname="newMMIS_Subsystems.Portal1"/>
  <testcase name="RM_5_480" time="13.404" classname="newMMIS_Subsystems.Portal1"/>
  <testcase name="RM_246_246" time="1106.387" classname="newMMIS_Subsystems.Portal1"/>
  <testcase name="RM_1061_618" time="77.706" classname="newMMIS_Subsystems.Portal1"/>
  <testcase name="RM_942_656" time="13.885" classname="newMMIS_Subsystems.Portal1"/>
  <testcase name="RM_20_201" time="14.539" classname="newMMIS_Subsystems.Portal1"/>
  <testcase name="RM_1119_663" time="13.422" classname="newMMIS_Subsystems.Portal1"/>
  <testcase name="RM_969_611" time="9.062" classname="newMMIS_Subsystems.Portal1">
    <failure type="org.testng.SkipException" message="Skipping this because no member found for this RM">
      <![CDATA[org.testng.SkipException: Skipping this because no member found for this RM
	at newMMIS_Subsystems.Portal1.RMreset(Unknown Source)
	at newMMIS_Subsystems.Portal1.RM_969_611(Unknown Source)
	at sun.reflect.NativeMethodAccessorImpl.invoke0(Native Method)
	at sun.reflect.NativeMethodAccessorImpl.invoke(Unknown Source)
	at sun.reflect.DelegatingMethodAccessorImpl.invoke(Unknown Source)
	at java.lang.reflect.Method.invoke(Unknown Source)
	at org.testng.internal.MethodInvocationHelper.invokeMethod(MethodInvocationHelper.java:80)
	at org.testng.internal.Invoker.invokeMethod(Invoker.java:714)
	at org.testng.internal.Invoker.invokeTestMethod(Invoker.java:901)
	at org.testng.internal.Invoker.invokeTestMethods(Invoker.java:1231)
	at org.testng.internal.TestMethodWorker.invokeTestMethods(TestMethodWorker.java:127)
	at org.testng.internal.TestMethodWorker.run(TestMethodWorker.java:111)
	at org.testng.TestRunner.privateRun(TestRunner.java:767)
	at org.testng.TestRunner.run(TestRunner.java:617)
	at org.testng.SuiteRunner.runTest(SuiteRunner.java:334)
	at org.testng.SuiteRunner.runSequentially(SuiteRunner.java:329)
	at org.testng.SuiteRunner.privateRun(SuiteRunner.java:291)
	at org.testng.SuiteRunner.run(SuiteRunner.java:240)
	at org.testng.SuiteRunnerWorker.runSuite(SuiteRunnerWorker.java:52)
	at org.testng.SuiteRunnerWorker.run(SuiteRunnerWorker.java:86)
	at org.testng.TestNG.runSuitesSequentially(TestNG.java:1198)
	at org.testng.TestNG.runSuitesLocally(TestNG.java:1123)
	at org.testng.TestNG.run(TestNG.java:1031)
	at org.testng.TestNG.privateMain(TestNG.java:1338)
	at org.testng.TestNG.main(TestNG.java:1307)
]]>
    </failure>
  </testcase> <!-- RM_969_611 -->
</testsuite> <!-- newMMIS_Subsystems.Portal1 -->
