<?xml version="1.0" encoding="UTF-8"?>
<!-- Generated by org.testng.reporters.JUnitReportReporter -->
<testsuite hostname="GWT-2GJ2DL3" name="newMMIS_Subsystems.EVS" tests="147" failures="30" timestamp="27 Sep 2024 15:59:00 GMT" time="3330.300" errors="49">
  <testcase name="RM_970_611" time="14.784" classname="newMMIS_Subsystems.EVS"/>
  <testcase name="RM_1055_617" time="10.008" classname="newMMIS_Subsystems.EVS">
    <error type="org.testng.SkipException" message="Skipping this test  because this SQL did not return any rows: select id_medicaid from t_re_base b, t_re_pmp_assign p, t_pmp_svc_loc l where b.sak_recip=p.sak_recip and ind_active &lt;&gt;&#039;N&#039; and dte_death=&#039;0&#039; and p.cde_status1 &lt;&gt; &#039;H&#039; and substr(p.dte_end,1,6) &gt; substr(to_char(sysdate,&#039;YYYYMMDD&#039;),1,6) and p.sak_pub_hlth=24 and p.sak_pmp_ser_loc=l.sak_pmp_ser_loc and l.sak_prov=31467 and l.cde_service_loc=&#039;A&#039; and concat(substr(dte_birth,1,4)+65, substr(dte_birth,5,2)) &gt; substr(to_char(sysdate,&#039;YYYYMMDD&#039;),1,6) and rownum=1">
      <![CDATA[org.testng.SkipException: Skipping this test  because this SQL did not return any rows: select id_medicaid from t_re_base b, t_re_pmp_assign p, t_pmp_svc_loc l where b.sak_recip=p.sak_recip and ind_active <>'N' and dte_death='0' and p.cde_status1 <> 'H' and substr(p.dte_end,1,6) > substr(to_char(sysdate,'YYYYMMDD'),1,6) and p.sak_pub_hlth=24 and p.sak_pmp_ser_loc=l.sak_pmp_ser_loc and l.sak_prov=31467 and l.cde_service_loc='A' and concat(substr(dte_birth,1,4)+65, substr(dte_birth,5,2)) > substr(to_char(sysdate,'YYYYMMDD'),1,6) and rownum=1
	at newMMIS_Subsystems.Common.executeQuery(Unknown Source)
	at newMMIS_Subsystems.EVS.RMreset(Unknown Source)
	at newMMIS_Subsystems.EVS.RM_1055_617(Unknown Source)
	at sun.reflect.NativeMethodAccessorImpl.invoke0(Native Method)
	at sun.reflect.NativeMethodAccessorImpl.invoke(NativeMethodAccessorImpl.java:62)
	at sun.reflect.DelegatingMethodAccessorImpl.invoke(DelegatingMethodAccessorImpl.java:43)
	at java.lang.reflect.Method.invoke(Method.java:498)
	at org.testng.internal.MethodInvocationHelper.invokeMethod(MethodInvocationHelper.java:85)
	at org.testng.internal.Invoker.invokeMethod(Invoker.java:639)
	at org.testng.internal.Invoker.invokeTestMethod(Invoker.java:816)
	at org.testng.internal.Invoker.invokeTestMethods(Invoker.java:1124)
	at org.testng.internal.TestMethodWorker.invokeTestMethods(TestMethodWorker.java:125)
	at org.testng.internal.TestMethodWorker.run(TestMethodWorker.java:108)
	at org.testng.TestRunner.privateRun(TestRunner.java:774)
	at org.testng.TestRunner.run(TestRunner.java:624)
	at org.testng.SuiteRunner.runTest(SuiteRunner.java:359)
	at org.testng.SuiteRunner.runSequentially(SuiteRunner.java:354)
	at org.testng.SuiteRunner.privateRun(SuiteRunner.java:312)
	at org.testng.SuiteRunner.run(SuiteRunner.java:261)
	at org.testng.SuiteRunnerWorker.runSuite(SuiteRunnerWorker.java:52)
	at org.testng.SuiteRunnerWorker.run(SuiteRunnerWorker.java:86)
	at org.testng.TestNG.runSuitesSequentially(TestNG.java:1215)
	at org.testng.TestNG.runSuitesLocally(TestNG.java:1140)
	at org.testng.TestNG.run(TestNG.java:1048)
	at org.testng.TestNG.privateMain(TestNG.java:1355)
	at org.testng.TestNG.main(TestNG.java:1324)
]]>
    </error>
  </testcase> <!-- RM_1055_617 -->
  <testcase name="RM_596_596" time="77.635" classname="newMMIS_Subsystems.EVS">
    <error type="org.testng.SkipException" message="Skipping this test  because this SQL did not return any rows: select id_medicaid from t_re_base b, t_re_aid_elig e where b.sak_recip=e.sak_recip and ind_active &lt;&gt; &#039;N&#039; and dte_death=&#039;0&#039; and e.sak_cde_aid=110 and e.cde_status1 &lt;&gt; &#039;H&#039; and e.dte_end =&#039;22991231&#039; and not exists (select 1 from t_re_pmp_assign where sak_recip=b.sak_recip and cde_status1 &lt;&gt; &#039;H&#039; ) and rownum=1">
      <![CDATA[org.testng.SkipException: Skipping this test  because this SQL did not return any rows: select id_medicaid from t_re_base b, t_re_aid_elig e where b.sak_recip=e.sak_recip and ind_active <> 'N' and dte_death='0' and e.sak_cde_aid=110 and e.cde_status1 <> 'H' and e.dte_end ='22991231' and not exists (select 1 from t_re_pmp_assign where sak_recip=b.sak_recip and cde_status1 <> 'H' ) and rownum=1
	at newMMIS_Subsystems.Common.executeQuery(Unknown Source)
	at newMMIS_Subsystems.EVS.RMreset(Unknown Source)
	at newMMIS_Subsystems.EVS.RM_596_596(Unknown Source)
	at sun.reflect.NativeMethodAccessorImpl.invoke0(Native Method)
	at sun.reflect.NativeMethodAccessorImpl.invoke(NativeMethodAccessorImpl.java:62)
	at sun.reflect.DelegatingMethodAccessorImpl.invoke(DelegatingMethodAccessorImpl.java:43)
	at java.lang.reflect.Method.invoke(Method.java:498)
	at org.testng.internal.MethodInvocationHelper.invokeMethod(MethodInvocationHelper.java:85)
	at org.testng.internal.Invoker.invokeMethod(Invoker.java:639)
	at org.testng.internal.Invoker.invokeTestMethod(Invoker.java:816)
	at org.testng.internal.Invoker.invokeTestMethods(Invoker.java:1124)
	at org.testng.internal.TestMethodWorker.invokeTestMethods(TestMethodWorker.java:125)
	at org.testng.internal.TestMethodWorker.run(TestMethodWorker.java:108)
	at org.testng.TestRunner.privateRun(TestRunner.java:774)
	at org.testng.TestRunner.run(TestRunner.java:624)
	at org.testng.SuiteRunner.runTest(SuiteRunner.java:359)
	at org.testng.SuiteRunner.runSequentially(SuiteRunner.java:354)
	at org.testng.SuiteRunner.privateRun(SuiteRunner.java:312)
	at org.testng.SuiteRunner.run(SuiteRunner.java:261)
	at org.testng.SuiteRunnerWorker.runSuite(SuiteRunnerWorker.java:52)
	at org.testng.SuiteRunnerWorker.run(SuiteRunnerWorker.java:86)
	at org.testng.TestNG.runSuitesSequentially(TestNG.java:1215)
	at org.testng.TestNG.runSuitesLocally(TestNG.java:1140)
	at org.testng.TestNG.run(TestNG.java:1048)
	at org.testng.TestNG.privateMain(TestNG.java:1355)
	at org.testng.TestNG.main(TestNG.java:1324)
]]>
    </error>
  </testcase> <!-- RM_596_596 -->
  <testcase name="RM_972_611" time="12.672" classname="newMMIS_Subsystems.EVS"/>
  <testcase name="RM_1065_619" time="7.473" classname="newMMIS_Subsystems.EVS">
    <error type="org.testng.SkipException" message="Skipping this test  because this SQL did not return any rows: select id_medicaid from t_re_base b, t_re_pmp_assign p, t_pmp_svc_loc l where b.sak_recip=p.sak_recip and ind_active &lt;&gt;&#039;N&#039; and dte_death=&#039;0&#039; and p.cde_status1 &lt;&gt; &#039;H&#039; and substr(p.dte_end,1,6) &gt; substr(to_char(sysdate,&#039;YYYYMMDD&#039;),1,6) and p.sak_pub_hlth=26 and p.sak_pmp_ser_loc=l.sak_pmp_ser_loc and l.sak_prov=31449 and l.cde_service_loc=&#039;B&#039; and substr(dte_birth,1,4)+65 &gt; substr(to_char(sysdate,&#039;YYYYMMDD&#039;),1,4) and rownum=1">
      <![CDATA[org.testng.SkipException: Skipping this test  because this SQL did not return any rows: select id_medicaid from t_re_base b, t_re_pmp_assign p, t_pmp_svc_loc l where b.sak_recip=p.sak_recip and ind_active <>'N' and dte_death='0' and p.cde_status1 <> 'H' and substr(p.dte_end,1,6) > substr(to_char(sysdate,'YYYYMMDD'),1,6) and p.sak_pub_hlth=26 and p.sak_pmp_ser_loc=l.sak_pmp_ser_loc and l.sak_prov=31449 and l.cde_service_loc='B' and substr(dte_birth,1,4)+65 > substr(to_char(sysdate,'YYYYMMDD'),1,4) and rownum=1
	at newMMIS_Subsystems.Common.executeQuery(Unknown Source)
	at newMMIS_Subsystems.EVS.RMreset(Unknown Source)
	at newMMIS_Subsystems.EVS.RM_1065_619(Unknown Source)
	at sun.reflect.NativeMethodAccessorImpl.invoke0(Native Method)
	at sun.reflect.NativeMethodAccessorImpl.invoke(NativeMethodAccessorImpl.java:62)
	at sun.reflect.DelegatingMethodAccessorImpl.invoke(DelegatingMethodAccessorImpl.java:43)
	at java.lang.reflect.Method.invoke(Method.java:498)
	at org.testng.internal.MethodInvocationHelper.invokeMethod(MethodInvocationHelper.java:85)
	at org.testng.internal.Invoker.invokeMethod(Invoker.java:639)
	at org.testng.internal.Invoker.invokeTestMethod(Invoker.java:816)
	at org.testng.internal.Invoker.invokeTestMethods(Invoker.java:1124)
	at org.testng.internal.TestMethodWorker.invokeTestMethods(TestMethodWorker.java:125)
	at org.testng.internal.TestMethodWorker.run(TestMethodWorker.java:108)
	at org.testng.TestRunner.privateRun(TestRunner.java:774)
	at org.testng.TestRunner.run(TestRunner.java:624)
	at org.testng.SuiteRunner.runTest(SuiteRunner.java:359)
	at org.testng.SuiteRunner.runSequentially(SuiteRunner.java:354)
	at org.testng.SuiteRunner.privateRun(SuiteRunner.java:312)
	at org.testng.SuiteRunner.run(SuiteRunner.java:261)
	at org.testng.SuiteRunnerWorker.runSuite(SuiteRunnerWorker.java:52)
	at org.testng.SuiteRunnerWorker.run(SuiteRunnerWorker.java:86)
	at org.testng.TestNG.runSuitesSequentially(TestNG.java:1215)
	at org.testng.TestNG.runSuitesLocally(TestNG.java:1140)
	at org.testng.TestNG.run(TestNG.java:1048)
	at org.testng.TestNG.privateMain(TestNG.java:1355)
	at org.testng.TestNG.main(TestNG.java:1324)
]]>
    </error>
  </testcase> <!-- RM_1065_619 -->
  <testcase name="connectorPartHSN" time="8.291" classname="newMMIS_Subsystems.EVS">
    <error type="org.testng.SkipException" message="Skipping this test  because this SQL did not return any rows: select id_medicaid from t_re_base b, t_re_aid_elig e where b.sak_recip=e.sak_recip and ind_active=&#039;Y&#039; and dte_death=&#039;0&#039; and e.cde_status1 &lt;&gt; &#039;H&#039; and e.sak_cde_aid = (select sak_cde_aid from t_cde_aid where cde_aid_category = &#039;6T&#039;) and to_char(sysdate, &#039;YYYYMMDD&#039;) between e.dte_effective and e.dte_end and not exists (select 1 from t_re_aid_elig where sak_recip=b.sak_recip and cde_status1 &lt;&gt; &#039;H&#039; and sak_cde_aid &lt;&gt; e.sak_cde_aid and to_char(sysdate,&#039;YYYYMMDD&#039;) between dte_effective and dte_end) and rownum=1">
      <![CDATA[org.testng.SkipException: Skipping this test  because this SQL did not return any rows: select id_medicaid from t_re_base b, t_re_aid_elig e where b.sak_recip=e.sak_recip and ind_active='Y' and dte_death='0' and e.cde_status1 <> 'H' and e.sak_cde_aid = (select sak_cde_aid from t_cde_aid where cde_aid_category = '6T') and to_char(sysdate, 'YYYYMMDD') between e.dte_effective and e.dte_end and not exists (select 1 from t_re_aid_elig where sak_recip=b.sak_recip and cde_status1 <> 'H' and sak_cde_aid <> e.sak_cde_aid and to_char(sysdate,'YYYYMMDD') between dte_effective and dte_end) and rownum=1
	at newMMIS_Subsystems.Common.executeQuery(Unknown Source)
	at newMMIS_Subsystems.EVS.RMreset(Unknown Source)
	at newMMIS_Subsystems.EVS.connectorPartHSN(Unknown Source)
	at sun.reflect.NativeMethodAccessorImpl.invoke0(Native Method)
	at sun.reflect.NativeMethodAccessorImpl.invoke(NativeMethodAccessorImpl.java:62)
	at sun.reflect.DelegatingMethodAccessorImpl.invoke(DelegatingMethodAccessorImpl.java:43)
	at java.lang.reflect.Method.invoke(Method.java:498)
	at org.testng.internal.MethodInvocationHelper.invokeMethod(MethodInvocationHelper.java:85)
	at org.testng.internal.Invoker.invokeMethod(Invoker.java:639)
	at org.testng.internal.Invoker.invokeTestMethod(Invoker.java:816)
	at org.testng.internal.Invoker.invokeTestMethods(Invoker.java:1124)
	at org.testng.internal.TestMethodWorker.invokeTestMethods(TestMethodWorker.java:125)
	at org.testng.internal.TestMethodWorker.run(TestMethodWorker.java:108)
	at org.testng.TestRunner.privateRun(TestRunner.java:774)
	at org.testng.TestRunner.run(TestRunner.java:624)
	at org.testng.SuiteRunner.runTest(SuiteRunner.java:359)
	at org.testng.SuiteRunner.runSequentially(SuiteRunner.java:354)
	at org.testng.SuiteRunner.privateRun(SuiteRunner.java:312)
	at org.testng.SuiteRunner.run(SuiteRunner.java:261)
	at org.testng.SuiteRunnerWorker.runSuite(SuiteRunnerWorker.java:52)
	at org.testng.SuiteRunnerWorker.run(SuiteRunnerWorker.java:86)
	at org.testng.TestNG.runSuitesSequentially(TestNG.java:1215)
	at org.testng.TestNG.runSuitesLocally(TestNG.java:1140)
	at org.testng.TestNG.run(TestNG.java:1048)
	at org.testng.TestNG.privateMain(TestNG.java:1355)
	at org.testng.TestNG.main(TestNG.java:1324)
]]>
    </error>
  </testcase> <!-- connectorPartHSN -->
  <testcase name="RM_42_603" time="14.894" classname="newMMIS_Subsystems.EVS"/>
  <testcase name="RM_958_611" time="10.818" classname="newMMIS_Subsystems.EVS">
    <error type="org.testng.SkipException" message="Skipping this test  because this SQL did not return any rows: select id_medicaid from t_re_base b, t_re_aid_elig e where b.sak_recip=e.sak_recip and ind_active &lt;&gt;&#039;N&#039; and dte_death=&#039;0&#039; and e.cde_status1 &lt;&gt; &#039;H&#039; and e.dte_end &gt;= to_char(sysdate,&#039;YYYYMMDD&#039;) and e.sak_cde_aid = (select sak_cde_aid from t_cde_aid where cde_aid_category = &#039;15&#039;) and (exists (select 1 from t_re_medicare_a where sak_recip=b.sak_recip and dte_end &gt;=to_char(sysdate,&#039;YYYYMMDD&#039;)) or exists(select 1 from t_re_medicare_b where sak_recip=b.sak_recip and dte_end &gt;=to_char(sysdate,&#039;YYYYMMDD&#039;))) and not exists(select 1 from t_re_aid_elig where sak_recip=b.sak_recip and cde_status1 &lt;&gt; &#039;H&#039; and sak_cde_aid &lt;&gt; e.sak_cde_aid and dte_end &gt;= to_char(sysdate, &#039;YYYYMMDD&#039;)) and rownum=1">
      <![CDATA[org.testng.SkipException: Skipping this test  because this SQL did not return any rows: select id_medicaid from t_re_base b, t_re_aid_elig e where b.sak_recip=e.sak_recip and ind_active <>'N' and dte_death='0' and e.cde_status1 <> 'H' and e.dte_end >= to_char(sysdate,'YYYYMMDD') and e.sak_cde_aid = (select sak_cde_aid from t_cde_aid where cde_aid_category = '15') and (exists (select 1 from t_re_medicare_a where sak_recip=b.sak_recip and dte_end >=to_char(sysdate,'YYYYMMDD')) or exists(select 1 from t_re_medicare_b where sak_recip=b.sak_recip and dte_end >=to_char(sysdate,'YYYYMMDD'))) and not exists(select 1 from t_re_aid_elig where sak_recip=b.sak_recip and cde_status1 <> 'H' and sak_cde_aid <> e.sak_cde_aid and dte_end >= to_char(sysdate, 'YYYYMMDD')) and rownum=1
	at newMMIS_Subsystems.Common.executeQuery(Unknown Source)
	at newMMIS_Subsystems.EVS.RMreset(Unknown Source)
	at newMMIS_Subsystems.EVS.RM_958_611(Unknown Source)
	at sun.reflect.NativeMethodAccessorImpl.invoke0(Native Method)
	at sun.reflect.NativeMethodAccessorImpl.invoke(NativeMethodAccessorImpl.java:62)
	at sun.reflect.DelegatingMethodAccessorImpl.invoke(DelegatingMethodAccessorImpl.java:43)
	at java.lang.reflect.Method.invoke(Method.java:498)
	at org.testng.internal.MethodInvocationHelper.invokeMethod(MethodInvocationHelper.java:85)
	at org.testng.internal.Invoker.invokeMethod(Invoker.java:639)
	at org.testng.internal.Invoker.invokeTestMethod(Invoker.java:816)
	at org.testng.internal.Invoker.invokeTestMethods(Invoker.java:1124)
	at org.testng.internal.TestMethodWorker.invokeTestMethods(TestMethodWorker.java:125)
	at org.testng.internal.TestMethodWorker.run(TestMethodWorker.java:108)
	at org.testng.TestRunner.privateRun(TestRunner.java:774)
	at org.testng.TestRunner.run(TestRunner.java:624)
	at org.testng.SuiteRunner.runTest(SuiteRunner.java:359)
	at org.testng.SuiteRunner.runSequentially(SuiteRunner.java:354)
	at org.testng.SuiteRunner.privateRun(SuiteRunner.java:312)
	at org.testng.SuiteRunner.run(SuiteRunner.java:261)
	at org.testng.SuiteRunnerWorker.runSuite(SuiteRunnerWorker.java:52)
	at org.testng.SuiteRunnerWorker.run(SuiteRunnerWorker.java:86)
	at org.testng.TestNG.runSuitesSequentially(TestNG.java:1215)
	at org.testng.TestNG.runSuitesLocally(TestNG.java:1140)
	at org.testng.TestNG.run(TestNG.java:1048)
	at org.testng.TestNG.privateMain(TestNG.java:1355)
	at org.testng.TestNG.main(TestNG.java:1324)
]]>
    </error>
  </testcase> <!-- RM_958_611 -->
  <testcase name="RM_7_485" time="20.740" classname="newMMIS_Subsystems.EVS"/>
  <testcase name="connectorFullHSN" time="7.408" classname="newMMIS_Subsystems.EVS">
    <error type="org.testng.SkipException" message="Skipping this test  because this SQL did not return any rows: select id_medicaid from t_re_base b, t_re_aid_elig e where b.sak_recip=e.sak_recip and ind_active=&#039;Y&#039; and dte_death=&#039;0&#039; and e.cde_status1 &lt;&gt; &#039;H&#039; and e.sak_cde_aid = (select sak_cde_aid from t_cde_aid where cde_aid_category = &#039;6D&#039;) and to_char(sysdate, &#039;YYYYMMDD&#039;) between e.dte_effective and e.dte_end and not exists (select 1 from t_re_aid_elig where sak_recip=b.sak_recip and cde_status1 &lt;&gt; &#039;H&#039; and sak_cde_aid &lt;&gt; e.sak_cde_aid and to_char(sysdate,&#039;YYYYMMDD&#039;) between dte_effective and dte_end) and rownum=1">
      <![CDATA[org.testng.SkipException: Skipping this test  because this SQL did not return any rows: select id_medicaid from t_re_base b, t_re_aid_elig e where b.sak_recip=e.sak_recip and ind_active='Y' and dte_death='0' and e.cde_status1 <> 'H' and e.sak_cde_aid = (select sak_cde_aid from t_cde_aid where cde_aid_category = '6D') and to_char(sysdate, 'YYYYMMDD') between e.dte_effective and e.dte_end and not exists (select 1 from t_re_aid_elig where sak_recip=b.sak_recip and cde_status1 <> 'H' and sak_cde_aid <> e.sak_cde_aid and to_char(sysdate,'YYYYMMDD') between dte_effective and dte_end) and rownum=1
	at newMMIS_Subsystems.Common.executeQuery(Unknown Source)
	at newMMIS_Subsystems.EVS.RMreset(Unknown Source)
	at newMMIS_Subsystems.EVS.connectorFullHSN(Unknown Source)
	at sun.reflect.NativeMethodAccessorImpl.invoke0(Native Method)
	at sun.reflect.NativeMethodAccessorImpl.invoke(NativeMethodAccessorImpl.java:62)
	at sun.reflect.DelegatingMethodAccessorImpl.invoke(DelegatingMethodAccessorImpl.java:43)
	at java.lang.reflect.Method.invoke(Method.java:498)
	at org.testng.internal.MethodInvocationHelper.invokeMethod(MethodInvocationHelper.java:85)
	at org.testng.internal.Invoker.invokeMethod(Invoker.java:639)
	at org.testng.internal.Invoker.invokeTestMethod(Invoker.java:816)
	at org.testng.internal.Invoker.invokeTestMethods(Invoker.java:1124)
	at org.testng.internal.TestMethodWorker.invokeTestMethods(TestMethodWorker.java:125)
	at org.testng.internal.TestMethodWorker.run(TestMethodWorker.java:108)
	at org.testng.TestRunner.privateRun(TestRunner.java:774)
	at org.testng.TestRunner.run(TestRunner.java:624)
	at org.testng.SuiteRunner.runTest(SuiteRunner.java:359)
	at org.testng.SuiteRunner.runSequentially(SuiteRunner.java:354)
	at org.testng.SuiteRunner.privateRun(SuiteRunner.java:312)
	at org.testng.SuiteRunner.run(SuiteRunner.java:261)
	at org.testng.SuiteRunnerWorker.runSuite(SuiteRunnerWorker.java:52)
	at org.testng.SuiteRunnerWorker.run(SuiteRunnerWorker.java:86)
	at org.testng.TestNG.runSuitesSequentially(TestNG.java:1215)
	at org.testng.TestNG.runSuitesLocally(TestNG.java:1140)
	at org.testng.TestNG.run(TestNG.java:1048)
	at org.testng.TestNG.privateMain(TestNG.java:1355)
	at org.testng.TestNG.main(TestNG.java:1324)
]]>
    </error>
  </testcase> <!-- connectorFullHSN -->
  <testcase name="connectorFullHSN" time="13.952" classname="newMMIS_Subsystems.EVS"/>
  <testcase name="RM_740_311" time="13.435" classname="newMMIS_Subsystems.EVS">
    <error type="org.testng.SkipException" message="Skipping this test  because this SQL did not return any rows: select id_medicaid from t_re_base b, t_re_pmp_assign p, t_pmp_svc_loc l where b.sak_recip=p.sak_recip and ind_active &lt;&gt; &#039;N&#039; and dte_death=&#039;0&#039; and p.cde_status1 &lt;&gt; &#039;H&#039; and p.sak_pmp_ser_loc=l.sak_pmp_ser_loc and l.sak_prov=31449 and l.cde_service_loc=&#039;B&#039; and p.dte_end =&#039;22991231&#039; and p.sak_pub_hlth=24 and rownum=1">
      <![CDATA[org.testng.SkipException: Skipping this test  because this SQL did not return any rows: select id_medicaid from t_re_base b, t_re_pmp_assign p, t_pmp_svc_loc l where b.sak_recip=p.sak_recip and ind_active <> 'N' and dte_death='0' and p.cde_status1 <> 'H' and p.sak_pmp_ser_loc=l.sak_pmp_ser_loc and l.sak_prov=31449 and l.cde_service_loc='B' and p.dte_end ='22991231' and p.sak_pub_hlth=24 and rownum=1
	at newMMIS_Subsystems.Common.executeQuery(Unknown Source)
	at newMMIS_Subsystems.EVS.RMreset(Unknown Source)
	at newMMIS_Subsystems.EVS.RM_740_311(Unknown Source)
	at sun.reflect.NativeMethodAccessorImpl.invoke0(Native Method)
	at sun.reflect.NativeMethodAccessorImpl.invoke(NativeMethodAccessorImpl.java:62)
	at sun.reflect.DelegatingMethodAccessorImpl.invoke(DelegatingMethodAccessorImpl.java:43)
	at java.lang.reflect.Method.invoke(Method.java:498)
	at org.testng.internal.MethodInvocationHelper.invokeMethod(MethodInvocationHelper.java:85)
	at org.testng.internal.Invoker.invokeMethod(Invoker.java:639)
	at org.testng.internal.Invoker.invokeTestMethod(Invoker.java:816)
	at org.testng.internal.Invoker.invokeTestMethods(Invoker.java:1124)
	at org.testng.internal.TestMethodWorker.invokeTestMethods(TestMethodWorker.java:125)
	at org.testng.internal.TestMethodWorker.run(TestMethodWorker.java:108)
	at org.testng.TestRunner.privateRun(TestRunner.java:774)
	at org.testng.TestRunner.run(TestRunner.java:624)
	at org.testng.SuiteRunner.runTest(SuiteRunner.java:359)
	at org.testng.SuiteRunner.runSequentially(SuiteRunner.java:354)
	at org.testng.SuiteRunner.privateRun(SuiteRunner.java:312)
	at org.testng.SuiteRunner.run(SuiteRunner.java:261)
	at org.testng.SuiteRunnerWorker.runSuite(SuiteRunnerWorker.java:52)
	at org.testng.SuiteRunnerWorker.run(SuiteRunnerWorker.java:86)
	at org.testng.TestNG.runSuitesSequentially(TestNG.java:1215)
	at org.testng.TestNG.runSuitesLocally(TestNG.java:1140)
	at org.testng.TestNG.run(TestNG.java:1048)
	at org.testng.TestNG.privateMain(TestNG.java:1355)
	at org.testng.TestNG.main(TestNG.java:1324)
]]>
    </error>
  </testcase> <!-- RM_740_311 -->
  <testcase name="RM_49_612" time="13.483" classname="newMMIS_Subsystems.EVS"/>
  <testcase name="connectorFullHSN" time="10.975" classname="newMMIS_Subsystems.EVS">
    <error type="org.testng.SkipException" message="Skipping this test  because this SQL did not return any rows: select id_medicaid from t_re_base b, t_re_aid_elig e where b.sak_recip=e.sak_recip and ind_active=&#039;Y&#039; and dte_death=&#039;0&#039; and e.cde_status1 &lt;&gt; &#039;H&#039; and e.sak_cde_aid = (select sak_cde_aid from t_cde_aid where cde_aid_category = &#039;4C&#039;) and to_char(sysdate, &#039;YYYYMMDD&#039;) between e.dte_effective and e.dte_end and not exists (select 1 from t_re_aid_elig where sak_recip=b.sak_recip and cde_status1 &lt;&gt; &#039;H&#039; and sak_cde_aid &lt;&gt; e.sak_cde_aid and to_char(sysdate,&#039;YYYYMMDD&#039;) between dte_effective and dte_end) and rownum=1">
      <![CDATA[org.testng.SkipException: Skipping this test  because this SQL did not return any rows: select id_medicaid from t_re_base b, t_re_aid_elig e where b.sak_recip=e.sak_recip and ind_active='Y' and dte_death='0' and e.cde_status1 <> 'H' and e.sak_cde_aid = (select sak_cde_aid from t_cde_aid where cde_aid_category = '4C') and to_char(sysdate, 'YYYYMMDD') between e.dte_effective and e.dte_end and not exists (select 1 from t_re_aid_elig where sak_recip=b.sak_recip and cde_status1 <> 'H' and sak_cde_aid <> e.sak_cde_aid and to_char(sysdate,'YYYYMMDD') between dte_effective and dte_end) and rownum=1
	at newMMIS_Subsystems.Common.executeQuery(Unknown Source)
	at newMMIS_Subsystems.EVS.RMreset(Unknown Source)
	at newMMIS_Subsystems.EVS.connectorFullHSN(Unknown Source)
	at sun.reflect.NativeMethodAccessorImpl.invoke0(Native Method)
	at sun.reflect.NativeMethodAccessorImpl.invoke(NativeMethodAccessorImpl.java:62)
	at sun.reflect.DelegatingMethodAccessorImpl.invoke(DelegatingMethodAccessorImpl.java:43)
	at java.lang.reflect.Method.invoke(Method.java:498)
	at org.testng.internal.MethodInvocationHelper.invokeMethod(MethodInvocationHelper.java:85)
	at org.testng.internal.Invoker.invokeMethod(Invoker.java:639)
	at org.testng.internal.Invoker.invokeTestMethod(Invoker.java:816)
	at org.testng.internal.Invoker.invokeTestMethods(Invoker.java:1124)
	at org.testng.internal.TestMethodWorker.invokeTestMethods(TestMethodWorker.java:125)
	at org.testng.internal.TestMethodWorker.run(TestMethodWorker.java:108)
	at org.testng.TestRunner.privateRun(TestRunner.java:774)
	at org.testng.TestRunner.run(TestRunner.java:624)
	at org.testng.SuiteRunner.runTest(SuiteRunner.java:359)
	at org.testng.SuiteRunner.runSequentially(SuiteRunner.java:354)
	at org.testng.SuiteRunner.privateRun(SuiteRunner.java:312)
	at org.testng.SuiteRunner.run(SuiteRunner.java:261)
	at org.testng.SuiteRunnerWorker.runSuite(SuiteRunnerWorker.java:52)
	at org.testng.SuiteRunnerWorker.run(SuiteRunnerWorker.java:86)
	at org.testng.TestNG.runSuitesSequentially(TestNG.java:1215)
	at org.testng.TestNG.runSuitesLocally(TestNG.java:1140)
	at org.testng.TestNG.run(TestNG.java:1048)
	at org.testng.TestNG.privateMain(TestNG.java:1355)
	at org.testng.TestNG.main(TestNG.java:1324)
]]>
    </error>
  </testcase> <!-- connectorFullHSN -->
  <testcase name="RM_10_006" time="16.363" classname="newMMIS_Subsystems.EVS">
    <error type="org.testng.SkipException" message="Skipping this test  because this SQL did not return any rows: select id_medicaid from t_re_base b, t_re_pmp_assign p, t_pmp_svc_loc l where b.sak_recip=p.sak_recip and ind_active &lt;&gt; &#039;N&#039; and dte_death=&#039;0&#039; and p.cde_status1 &lt;&gt; &#039;H&#039; and p.sak_pmp_ser_loc=l.sak_pmp_ser_loc and l.sak_prov=31467 and l.cde_service_loc=&#039;A&#039; and p.cde_rsn_mc_stop &lt;&gt; &#039;Z8&#039; and p.dte_end &gt;= to_char(sysdate, &#039;YYYYMMDD&#039;) 	and rownum=1">
      <![CDATA[org.testng.SkipException: Skipping this test  because this SQL did not return any rows: select id_medicaid from t_re_base b, t_re_pmp_assign p, t_pmp_svc_loc l where b.sak_recip=p.sak_recip and ind_active <> 'N' and dte_death='0' and p.cde_status1 <> 'H' and p.sak_pmp_ser_loc=l.sak_pmp_ser_loc and l.sak_prov=31467 and l.cde_service_loc='A' and p.cde_rsn_mc_stop <> 'Z8' and p.dte_end >= to_char(sysdate, 'YYYYMMDD') 	and rownum=1
	at newMMIS_Subsystems.Common.executeQuery(Unknown Source)
	at newMMIS_Subsystems.EVS.RMreset(Unknown Source)
	at newMMIS_Subsystems.EVS.RM_10_006(Unknown Source)
	at sun.reflect.NativeMethodAccessorImpl.invoke0(Native Method)
	at sun.reflect.NativeMethodAccessorImpl.invoke(NativeMethodAccessorImpl.java:62)
	at sun.reflect.DelegatingMethodAccessorImpl.invoke(DelegatingMethodAccessorImpl.java:43)
	at java.lang.reflect.Method.invoke(Method.java:498)
	at org.testng.internal.MethodInvocationHelper.invokeMethod(MethodInvocationHelper.java:85)
	at org.testng.internal.Invoker.invokeMethod(Invoker.java:639)
	at org.testng.internal.Invoker.invokeTestMethod(Invoker.java:816)
	at org.testng.internal.Invoker.invokeTestMethods(Invoker.java:1124)
	at org.testng.internal.TestMethodWorker.invokeTestMethods(TestMethodWorker.java:125)
	at org.testng.internal.TestMethodWorker.run(TestMethodWorker.java:108)
	at org.testng.TestRunner.privateRun(TestRunner.java:774)
	at org.testng.TestRunner.run(TestRunner.java:624)
	at org.testng.SuiteRunner.runTest(SuiteRunner.java:359)
	at org.testng.SuiteRunner.runSequentially(SuiteRunner.java:354)
	at org.testng.SuiteRunner.privateRun(SuiteRunner.java:312)
	at org.testng.SuiteRunner.run(SuiteRunner.java:261)
	at org.testng.SuiteRunnerWorker.runSuite(SuiteRunnerWorker.java:52)
	at org.testng.SuiteRunnerWorker.run(SuiteRunnerWorker.java:86)
	at org.testng.TestNG.runSuitesSequentially(TestNG.java:1215)
	at org.testng.TestNG.runSuitesLocally(TestNG.java:1140)
	at org.testng.TestNG.run(TestNG.java:1048)
	at org.testng.TestNG.privateMain(TestNG.java:1355)
	at org.testng.TestNG.main(TestNG.java:1324)
]]>
    </error>
  </testcase> <!-- RM_10_006 -->
  <testcase name="RM_747_021" time="46.229" classname="newMMIS_Subsystems.EVS">
    <failure type="java.lang.AssertionError" message="Did not get RM 747 / 021 For medical service questions call BMC HealthNet Plan at 1-888-566-0010. For behavioral health service questions and authorizations call Beacon Health Strategies at 1-888-217-3501. expected [true] but found [false]">
      <![CDATA[java.lang.AssertionError: Did not get RM 747 / 021 For medical service questions call BMC HealthNet Plan at 1-888-566-0010. For behavioral health service questions and authorizations call Beacon Health Strategies at 1-888-217-3501. expected [true] but found [false]
	at org.testng.Assert.fail(Assert.java:94)
	at org.testng.Assert.failNotEquals(Assert.java:496)
	at org.testng.Assert.assertTrue(Assert.java:42)
	at newMMIS_Subsystems.EVS.rmCommon(Unknown Source)
	at newMMIS_Subsystems.EVS.RM_747_021(Unknown Source)
	at sun.reflect.NativeMethodAccessorImpl.invoke0(Native Method)
	at sun.reflect.NativeMethodAccessorImpl.invoke(NativeMethodAccessorImpl.java:62)
	at sun.reflect.DelegatingMethodAccessorImpl.invoke(DelegatingMethodAccessorImpl.java:43)
	at java.lang.reflect.Method.invoke(Method.java:498)
	at org.testng.internal.MethodInvocationHelper.invokeMethod(MethodInvocationHelper.java:85)
	at org.testng.internal.Invoker.invokeMethod(Invoker.java:639)
	at org.testng.internal.Invoker.invokeTestMethod(Invoker.java:816)
	at org.testng.internal.Invoker.invokeTestMethods(Invoker.java:1124)
	at org.testng.internal.TestMethodWorker.invokeTestMethods(TestMethodWorker.java:125)
	at org.testng.internal.TestMethodWorker.run(TestMethodWorker.java:108)
	at org.testng.TestRunner.privateRun(TestRunner.java:774)
	at org.testng.TestRunner.run(TestRunner.java:624)
	at org.testng.SuiteRunner.runTest(SuiteRunner.java:359)
	at org.testng.SuiteRunner.runSequentially(SuiteRunner.java:354)
	at org.testng.SuiteRunner.privateRun(SuiteRunner.java:312)
	at org.testng.SuiteRunner.run(SuiteRunner.java:261)
	at org.testng.SuiteRunnerWorker.runSuite(SuiteRunnerWorker.java:52)
	at org.testng.SuiteRunnerWorker.run(SuiteRunnerWorker.java:86)
	at org.testng.TestNG.runSuitesSequentially(TestNG.java:1215)
	at org.testng.TestNG.runSuitesLocally(TestNG.java:1140)
	at org.testng.TestNG.run(TestNG.java:1048)
	at org.testng.TestNG.privateMain(TestNG.java:1355)
	at org.testng.TestNG.main(TestNG.java:1324)
]]>
    </failure>
  </testcase> <!-- RM_747_021 -->
  <testcase name="RM_939_656" time="15.266" classname="newMMIS_Subsystems.EVS"/>
  <testcase name="RM_15_046" time="50.104" classname="newMMIS_Subsystems.EVS">
    <failure type="java.lang.AssertionError" message="Did not get RM 15 / 046 Prior Authorization Mandatory for all care except for Emergencies. Call ESP Of Upham&#039;s Corner at 617-288-0970. expected [true] but found [false]">
      <![CDATA[java.lang.AssertionError: Did not get RM 15 / 046 Prior Authorization Mandatory for all care except for Emergencies. Call ESP Of Upham's Corner at 617-288-0970. expected [true] but found [false]
	at org.testng.Assert.fail(Assert.java:94)
	at org.testng.Assert.failNotEquals(Assert.java:496)
	at org.testng.Assert.assertTrue(Assert.java:42)
	at newMMIS_Subsystems.EVS.rmCommon(Unknown Source)
	at newMMIS_Subsystems.EVS.RM_15_046(Unknown Source)
	at sun.reflect.NativeMethodAccessorImpl.invoke0(Native Method)
	at sun.reflect.NativeMethodAccessorImpl.invoke(NativeMethodAccessorImpl.java:62)
	at sun.reflect.DelegatingMethodAccessorImpl.invoke(DelegatingMethodAccessorImpl.java:43)
	at java.lang.reflect.Method.invoke(Method.java:498)
	at org.testng.internal.MethodInvocationHelper.invokeMethod(MethodInvocationHelper.java:85)
	at org.testng.internal.Invoker.invokeMethod(Invoker.java:639)
	at org.testng.internal.Invoker.invokeTestMethod(Invoker.java:816)
	at org.testng.internal.Invoker.invokeTestMethods(Invoker.java:1124)
	at org.testng.internal.TestMethodWorker.invokeTestMethods(TestMethodWorker.java:125)
	at org.testng.internal.TestMethodWorker.run(TestMethodWorker.java:108)
	at org.testng.TestRunner.privateRun(TestRunner.java:774)
	at org.testng.TestRunner.run(TestRunner.java:624)
	at org.testng.SuiteRunner.runTest(SuiteRunner.java:359)
	at org.testng.SuiteRunner.runSequentially(SuiteRunner.java:354)
	at org.testng.SuiteRunner.privateRun(SuiteRunner.java:312)
	at org.testng.SuiteRunner.run(SuiteRunner.java:261)
	at org.testng.SuiteRunnerWorker.runSuite(SuiteRunnerWorker.java:52)
	at org.testng.SuiteRunnerWorker.run(SuiteRunnerWorker.java:86)
	at org.testng.TestNG.runSuitesSequentially(TestNG.java:1215)
	at org.testng.TestNG.runSuitesLocally(TestNG.java:1140)
	at org.testng.TestNG.run(TestNG.java:1048)
	at org.testng.TestNG.privateMain(TestNG.java:1355)
	at org.testng.TestNG.main(TestNG.java:1324)
]]>
    </failure>
  </testcase> <!-- RM_15_046 -->
  <testcase name="RM_976_611" time="17.273" classname="newMMIS_Subsystems.EVS"/>
  <testcase name="RM_16_051" time="47.632" classname="newMMIS_Subsystems.EVS">
    <failure type="java.lang.AssertionError" message="Did not get RM 16 / 051 Prior authorization mandatory for all care except for emergencies. Call Harbor Elder Services at 617-296-5100. expected [true] but found [false]">
      <![CDATA[java.lang.AssertionError: Did not get RM 16 / 051 Prior authorization mandatory for all care except for emergencies. Call Harbor Elder Services at 617-296-5100. expected [true] but found [false]
	at org.testng.Assert.fail(Assert.java:94)
	at org.testng.Assert.failNotEquals(Assert.java:496)
	at org.testng.Assert.assertTrue(Assert.java:42)
	at newMMIS_Subsystems.EVS.rmCommon(Unknown Source)
	at newMMIS_Subsystems.EVS.RM_16_051(Unknown Source)
	at sun.reflect.NativeMethodAccessorImpl.invoke0(Native Method)
	at sun.reflect.NativeMethodAccessorImpl.invoke(NativeMethodAccessorImpl.java:62)
	at sun.reflect.DelegatingMethodAccessorImpl.invoke(DelegatingMethodAccessorImpl.java:43)
	at java.lang.reflect.Method.invoke(Method.java:498)
	at org.testng.internal.MethodInvocationHelper.invokeMethod(MethodInvocationHelper.java:85)
	at org.testng.internal.Invoker.invokeMethod(Invoker.java:639)
	at org.testng.internal.Invoker.invokeTestMethod(Invoker.java:816)
	at org.testng.internal.Invoker.invokeTestMethods(Invoker.java:1124)
	at org.testng.internal.TestMethodWorker.invokeTestMethods(TestMethodWorker.java:125)
	at org.testng.internal.TestMethodWorker.run(TestMethodWorker.java:108)
	at org.testng.TestRunner.privateRun(TestRunner.java:774)
	at org.testng.TestRunner.run(TestRunner.java:624)
	at org.testng.SuiteRunner.runTest(SuiteRunner.java:359)
	at org.testng.SuiteRunner.runSequentially(SuiteRunner.java:354)
	at org.testng.SuiteRunner.privateRun(SuiteRunner.java:312)
	at org.testng.SuiteRunner.run(SuiteRunner.java:261)
	at org.testng.SuiteRunnerWorker.runSuite(SuiteRunnerWorker.java:52)
	at org.testng.SuiteRunnerWorker.run(SuiteRunnerWorker.java:86)
	at org.testng.TestNG.runSuitesSequentially(TestNG.java:1215)
	at org.testng.TestNG.runSuitesLocally(TestNG.java:1140)
	at org.testng.TestNG.run(TestNG.java:1048)
	at org.testng.TestNG.privateMain(TestNG.java:1355)
	at org.testng.TestNG.main(TestNG.java:1324)
]]>
    </failure>
  </testcase> <!-- RM_16_051 -->
  <testcase name="RM_43_604" time="68.289" classname="newMMIS_Subsystems.EVS"/>
  <testcase name="RM_951_611" time="15.291" classname="newMMIS_Subsystems.EVS"/>
  <testcase name="RM_31_495" time="7.298" classname="newMMIS_Subsystems.EVS">
    <error type="org.testng.SkipException" message="Skipping this test  because this SQL did not return any rows: select id_medicaid from t_re_base b, t_re_aid_elig e where b.sak_recip=e.sak_recip and ind_active &lt;&gt; &#039;N&#039; and dte_death=&#039;0&#039; and e.cde_status1 &lt;&gt; &#039;H&#039; and e.sak_cde_aid=147 and e.dte_end &gt;= to_char(sysdate,&#039;YYYYMMDD&#039;) and rownum=1">
      <![CDATA[org.testng.SkipException: Skipping this test  because this SQL did not return any rows: select id_medicaid from t_re_base b, t_re_aid_elig e where b.sak_recip=e.sak_recip and ind_active <> 'N' and dte_death='0' and e.cde_status1 <> 'H' and e.sak_cde_aid=147 and e.dte_end >= to_char(sysdate,'YYYYMMDD') and rownum=1
	at newMMIS_Subsystems.Common.executeQuery(Unknown Source)
	at newMMIS_Subsystems.EVS.RMreset(Unknown Source)
	at newMMIS_Subsystems.EVS.RM_31_495(Unknown Source)
	at sun.reflect.NativeMethodAccessorImpl.invoke0(Native Method)
	at sun.reflect.NativeMethodAccessorImpl.invoke(NativeMethodAccessorImpl.java:62)
	at sun.reflect.DelegatingMethodAccessorImpl.invoke(DelegatingMethodAccessorImpl.java:43)
	at java.lang.reflect.Method.invoke(Method.java:498)
	at org.testng.internal.MethodInvocationHelper.invokeMethod(MethodInvocationHelper.java:85)
	at org.testng.internal.Invoker.invokeMethod(Invoker.java:639)
	at org.testng.internal.Invoker.invokeTestMethod(Invoker.java:816)
	at org.testng.internal.Invoker.invokeTestMethods(Invoker.java:1124)
	at org.testng.internal.TestMethodWorker.invokeTestMethods(TestMethodWorker.java:125)
	at org.testng.internal.TestMethodWorker.run(TestMethodWorker.java:108)
	at org.testng.TestRunner.privateRun(TestRunner.java:774)
	at org.testng.TestRunner.run(TestRunner.java:624)
	at org.testng.SuiteRunner.runTest(SuiteRunner.java:359)
	at org.testng.SuiteRunner.runSequentially(SuiteRunner.java:354)
	at org.testng.SuiteRunner.privateRun(SuiteRunner.java:312)
	at org.testng.SuiteRunner.run(SuiteRunner.java:261)
	at org.testng.SuiteRunnerWorker.runSuite(SuiteRunnerWorker.java:52)
	at org.testng.SuiteRunnerWorker.run(SuiteRunnerWorker.java:86)
	at org.testng.TestNG.runSuitesSequentially(TestNG.java:1215)
	at org.testng.TestNG.runSuitesLocally(TestNG.java:1140)
	at org.testng.TestNG.run(TestNG.java:1048)
	at org.testng.TestNG.privateMain(TestNG.java:1355)
	at org.testng.TestNG.main(TestNG.java:1324)
]]>
    </error>
  </testcase> <!-- RM_31_495 -->
  <testcase name="RM_1056_617" time="11.043" classname="newMMIS_Subsystems.EVS">
    <error type="org.testng.SkipException" message="Skipping this test  because this SQL did not return any rows: select id_medicaid from t_re_base b, t_re_pmp_assign p, t_pmp_svc_loc l where b.sak_recip=p.sak_recip and ind_active &lt;&gt;&#039;N&#039; and dte_death=&#039;0&#039; and p.cde_status1 &lt;&gt; &#039;H&#039; and p.dte_end=&#039;22991231&#039; and p.sak_pub_hlth=25 and p.sak_pmp_ser_loc=l.sak_pmp_ser_loc and l.sak_prov=31467 and l.cde_service_loc=&#039;A&#039; and substr(dte_birth,1,4)+65 &gt; &#039;2020&#039; and rownum=1">
      <![CDATA[org.testng.SkipException: Skipping this test  because this SQL did not return any rows: select id_medicaid from t_re_base b, t_re_pmp_assign p, t_pmp_svc_loc l where b.sak_recip=p.sak_recip and ind_active <>'N' and dte_death='0' and p.cde_status1 <> 'H' and p.dte_end='22991231' and p.sak_pub_hlth=25 and p.sak_pmp_ser_loc=l.sak_pmp_ser_loc and l.sak_prov=31467 and l.cde_service_loc='A' and substr(dte_birth,1,4)+65 > '2020' and rownum=1
	at newMMIS_Subsystems.Common.executeQuery(Unknown Source)
	at newMMIS_Subsystems.EVS.RMreset(Unknown Source)
	at newMMIS_Subsystems.EVS.RM_1056_617(Unknown Source)
	at sun.reflect.NativeMethodAccessorImpl.invoke0(Native Method)
	at sun.reflect.NativeMethodAccessorImpl.invoke(NativeMethodAccessorImpl.java:62)
	at sun.reflect.DelegatingMethodAccessorImpl.invoke(DelegatingMethodAccessorImpl.java:43)
	at java.lang.reflect.Method.invoke(Method.java:498)
	at org.testng.internal.MethodInvocationHelper.invokeMethod(MethodInvocationHelper.java:85)
	at org.testng.internal.Invoker.invokeMethod(Invoker.java:639)
	at org.testng.internal.Invoker.invokeTestMethod(Invoker.java:816)
	at org.testng.internal.Invoker.invokeTestMethods(Invoker.java:1124)
	at org.testng.internal.TestMethodWorker.invokeTestMethods(TestMethodWorker.java:125)
	at org.testng.internal.TestMethodWorker.run(TestMethodWorker.java:108)
	at org.testng.TestRunner.privateRun(TestRunner.java:774)
	at org.testng.TestRunner.run(TestRunner.java:624)
	at org.testng.SuiteRunner.runTest(SuiteRunner.java:359)
	at org.testng.SuiteRunner.runSequentially(SuiteRunner.java:354)
	at org.testng.SuiteRunner.privateRun(SuiteRunner.java:312)
	at org.testng.SuiteRunner.run(SuiteRunner.java:261)
	at org.testng.SuiteRunnerWorker.runSuite(SuiteRunnerWorker.java:52)
	at org.testng.SuiteRunnerWorker.run(SuiteRunnerWorker.java:86)
	at org.testng.TestNG.runSuitesSequentially(TestNG.java:1215)
	at org.testng.TestNG.runSuitesLocally(TestNG.java:1140)
	at org.testng.TestNG.run(TestNG.java:1048)
	at org.testng.TestNG.privateMain(TestNG.java:1355)
	at org.testng.TestNG.main(TestNG.java:1324)
]]>
    </error>
  </testcase> <!-- RM_1056_617 -->
  <testcase name="RM_20_201" time="52.303" classname="newMMIS_Subsystems.EVS">
    <failure type="java.lang.AssertionError" message="Did not get RM 20 / 201 SENIOR CARE OPTIONS. Payment limited to SCO. Authorization needed for all services except emergencies. Call CCA: 1-866-610-2273. expected [true] but found [false]">
      <![CDATA[java.lang.AssertionError: Did not get RM 20 / 201 SENIOR CARE OPTIONS. Payment limited to SCO. Authorization needed for all services except emergencies. Call CCA: 1-866-610-2273. expected [true] but found [false]
	at org.testng.Assert.fail(Assert.java:94)
	at org.testng.Assert.failNotEquals(Assert.java:496)
	at org.testng.Assert.assertTrue(Assert.java:42)
	at newMMIS_Subsystems.EVS.rmCommon(Unknown Source)
	at newMMIS_Subsystems.EVS.RM_20_201(Unknown Source)
	at sun.reflect.NativeMethodAccessorImpl.invoke0(Native Method)
	at sun.reflect.NativeMethodAccessorImpl.invoke(NativeMethodAccessorImpl.java:62)
	at sun.reflect.DelegatingMethodAccessorImpl.invoke(DelegatingMethodAccessorImpl.java:43)
	at java.lang.reflect.Method.invoke(Method.java:498)
	at org.testng.internal.MethodInvocationHelper.invokeMethod(MethodInvocationHelper.java:85)
	at org.testng.internal.Invoker.invokeMethod(Invoker.java:639)
	at org.testng.internal.Invoker.invokeTestMethod(Invoker.java:816)
	at org.testng.internal.Invoker.invokeTestMethods(Invoker.java:1124)
	at org.testng.internal.TestMethodWorker.invokeTestMethods(TestMethodWorker.java:125)
	at org.testng.internal.TestMethodWorker.run(TestMethodWorker.java:108)
	at org.testng.TestRunner.privateRun(TestRunner.java:774)
	at org.testng.TestRunner.run(TestRunner.java:624)
	at org.testng.SuiteRunner.runTest(SuiteRunner.java:359)
	at org.testng.SuiteRunner.runSequentially(SuiteRunner.java:354)
	at org.testng.SuiteRunner.privateRun(SuiteRunner.java:312)
	at org.testng.SuiteRunner.run(SuiteRunner.java:261)
	at org.testng.SuiteRunnerWorker.runSuite(SuiteRunnerWorker.java:52)
	at org.testng.SuiteRunnerWorker.run(SuiteRunnerWorker.java:86)
	at org.testng.TestNG.runSuitesSequentially(TestNG.java:1215)
	at org.testng.TestNG.runSuitesLocally(TestNG.java:1140)
	at org.testng.TestNG.run(TestNG.java:1048)
	at org.testng.TestNG.privateMain(TestNG.java:1355)
	at org.testng.TestNG.main(TestNG.java:1324)
]]>
    </failure>
  </testcase> <!-- RM_20_201 -->
  <testcase name="RM_41_602" time="11.494" classname="newMMIS_Subsystems.EVS"/>
  <testcase name="RM_973_611" time="12.900" classname="newMMIS_Subsystems.EVS"/>
  <testcase name="RM_964_611" time="16.958" classname="newMMIS_Subsystems.EVS"/>
  <testcase name="qhpPartHSN" time="6.275" classname="newMMIS_Subsystems.EVS">
    <error type="org.testng.SkipException" message="Skipping this test  because this SQL did not return any rows: select id_medicaid from t_re_base b, t_re_aid_elig e where b.sak_recip=e.sak_recip and ind_active=&#039;Y&#039; and dte_death=&#039;0&#039; and e.cde_status1 &lt;&gt; &#039;H&#039; and e.sak_cde_aid = (select sak_cde_aid from t_cde_aid where cde_aid_category = &#039;9I&#039;) and to_char(sysdate, &#039;YYYYMMDD&#039;) between e.dte_effective and e.dte_end and not exists (select 1 from t_re_aid_elig where sak_recip=b.sak_recip and cde_status1 &lt;&gt; &#039;H&#039; and sak_cde_aid &lt;&gt; e.sak_cde_aid and to_char(sysdate,&#039;YYYYMMDD&#039;) between dte_effective and dte_end) and rownum=1">
      <![CDATA[org.testng.SkipException: Skipping this test  because this SQL did not return any rows: select id_medicaid from t_re_base b, t_re_aid_elig e where b.sak_recip=e.sak_recip and ind_active='Y' and dte_death='0' and e.cde_status1 <> 'H' and e.sak_cde_aid = (select sak_cde_aid from t_cde_aid where cde_aid_category = '9I') and to_char(sysdate, 'YYYYMMDD') between e.dte_effective and e.dte_end and not exists (select 1 from t_re_aid_elig where sak_recip=b.sak_recip and cde_status1 <> 'H' and sak_cde_aid <> e.sak_cde_aid and to_char(sysdate,'YYYYMMDD') between dte_effective and dte_end) and rownum=1
	at newMMIS_Subsystems.Common.executeQuery(Unknown Source)
	at newMMIS_Subsystems.EVS.RMreset(Unknown Source)
	at newMMIS_Subsystems.EVS.qhpPartHSN(Unknown Source)
	at sun.reflect.NativeMethodAccessorImpl.invoke0(Native Method)
	at sun.reflect.NativeMethodAccessorImpl.invoke(NativeMethodAccessorImpl.java:62)
	at sun.reflect.DelegatingMethodAccessorImpl.invoke(DelegatingMethodAccessorImpl.java:43)
	at java.lang.reflect.Method.invoke(Method.java:498)
	at org.testng.internal.MethodInvocationHelper.invokeMethod(MethodInvocationHelper.java:85)
	at org.testng.internal.Invoker.invokeMethod(Invoker.java:639)
	at org.testng.internal.Invoker.invokeTestMethod(Invoker.java:816)
	at org.testng.internal.Invoker.invokeTestMethods(Invoker.java:1124)
	at org.testng.internal.TestMethodWorker.invokeTestMethods(TestMethodWorker.java:125)
	at org.testng.internal.TestMethodWorker.run(TestMethodWorker.java:108)
	at org.testng.TestRunner.privateRun(TestRunner.java:774)
	at org.testng.TestRunner.run(TestRunner.java:624)
	at org.testng.SuiteRunner.runTest(SuiteRunner.java:359)
	at org.testng.SuiteRunner.runSequentially(SuiteRunner.java:354)
	at org.testng.SuiteRunner.privateRun(SuiteRunner.java:312)
	at org.testng.SuiteRunner.run(SuiteRunner.java:261)
	at org.testng.SuiteRunnerWorker.runSuite(SuiteRunnerWorker.java:52)
	at org.testng.SuiteRunnerWorker.run(SuiteRunnerWorker.java:86)
	at org.testng.TestNG.runSuitesSequentially(TestNG.java:1215)
	at org.testng.TestNG.runSuitesLocally(TestNG.java:1140)
	at org.testng.TestNG.run(TestNG.java:1048)
	at org.testng.TestNG.privateMain(TestNG.java:1355)
	at org.testng.TestNG.main(TestNG.java:1324)
]]>
    </error>
  </testcase> <!-- qhpPartHSN -->
  <testcase name="RM_841_386" time="12.045" classname="newMMIS_Subsystems.EVS">
    <error type="org.testng.SkipException" message="Skipping this test  because this SQL did not return any rows: select id_medicaid from t_re_base b, t_re_aid_elig e where b.sak_recip=e.sak_recip and ind_active &lt;&gt; &#039;N&#039; and dte_death=&#039;0&#039; and e.cde_status1 &lt;&gt; &#039;H&#039; and e.sak_cde_aid=149 and e.dte_end &gt;= to_char(sysdate, &#039;YYYYMMDD&#039;) and not exists (select 1 from t_re_aid_elig where sak_recip=b.sak_recip and cde_status1 &lt;&gt; &#039;H&#039; and dte_end &gt;= to_char(sysdate, &#039;YYYYMMDD&#039;) and sak_cde_aid &lt;&gt;149) and rownum=1">
      <![CDATA[org.testng.SkipException: Skipping this test  because this SQL did not return any rows: select id_medicaid from t_re_base b, t_re_aid_elig e where b.sak_recip=e.sak_recip and ind_active <> 'N' and dte_death='0' and e.cde_status1 <> 'H' and e.sak_cde_aid=149 and e.dte_end >= to_char(sysdate, 'YYYYMMDD') and not exists (select 1 from t_re_aid_elig where sak_recip=b.sak_recip and cde_status1 <> 'H' and dte_end >= to_char(sysdate, 'YYYYMMDD') and sak_cde_aid <>149) and rownum=1
	at newMMIS_Subsystems.Common.executeQuery(Unknown Source)
	at newMMIS_Subsystems.EVS.RMreset(Unknown Source)
	at newMMIS_Subsystems.EVS.RM_841_386(Unknown Source)
	at sun.reflect.NativeMethodAccessorImpl.invoke0(Native Method)
	at sun.reflect.NativeMethodAccessorImpl.invoke(NativeMethodAccessorImpl.java:62)
	at sun.reflect.DelegatingMethodAccessorImpl.invoke(DelegatingMethodAccessorImpl.java:43)
	at java.lang.reflect.Method.invoke(Method.java:498)
	at org.testng.internal.MethodInvocationHelper.invokeMethod(MethodInvocationHelper.java:85)
	at org.testng.internal.Invoker.invokeMethod(Invoker.java:639)
	at org.testng.internal.Invoker.invokeTestMethod(Invoker.java:816)
	at org.testng.internal.Invoker.invokeTestMethods(Invoker.java:1124)
	at org.testng.internal.TestMethodWorker.invokeTestMethods(TestMethodWorker.java:125)
	at org.testng.internal.TestMethodWorker.run(TestMethodWorker.java:108)
	at org.testng.TestRunner.privateRun(TestRunner.java:774)
	at org.testng.TestRunner.run(TestRunner.java:624)
	at org.testng.SuiteRunner.runTest(SuiteRunner.java:359)
	at org.testng.SuiteRunner.runSequentially(SuiteRunner.java:354)
	at org.testng.SuiteRunner.privateRun(SuiteRunner.java:312)
	at org.testng.SuiteRunner.run(SuiteRunner.java:261)
	at org.testng.SuiteRunnerWorker.runSuite(SuiteRunnerWorker.java:52)
	at org.testng.SuiteRunnerWorker.run(SuiteRunnerWorker.java:86)
	at org.testng.TestNG.runSuitesSequentially(TestNG.java:1215)
	at org.testng.TestNG.runSuitesLocally(TestNG.java:1140)
	at org.testng.TestNG.run(TestNG.java:1048)
	at org.testng.TestNG.privateMain(TestNG.java:1355)
	at org.testng.TestNG.main(TestNG.java:1324)
]]>
    </error>
  </testcase> <!-- RM_841_386 -->
  <testcase name="RM_773_500" time="47.624" classname="newMMIS_Subsystems.EVS">
    <failure type="java.lang.AssertionError" message="Did not get RM 773 / 500 Special program. Call Boston Medical Center HealthNet Plan at 1-888-566-0010 for authorizations. expected [true] but found [false]">
      <![CDATA[java.lang.AssertionError: Did not get RM 773 / 500 Special program. Call Boston Medical Center HealthNet Plan at 1-888-566-0010 for authorizations. expected [true] but found [false]
	at org.testng.Assert.fail(Assert.java:94)
	at org.testng.Assert.failNotEquals(Assert.java:496)
	at org.testng.Assert.assertTrue(Assert.java:42)
	at newMMIS_Subsystems.EVS.rmCommon(Unknown Source)
	at newMMIS_Subsystems.EVS.RM_773_500(Unknown Source)
	at sun.reflect.NativeMethodAccessorImpl.invoke0(Native Method)
	at sun.reflect.NativeMethodAccessorImpl.invoke(NativeMethodAccessorImpl.java:62)
	at sun.reflect.DelegatingMethodAccessorImpl.invoke(DelegatingMethodAccessorImpl.java:43)
	at java.lang.reflect.Method.invoke(Method.java:498)
	at org.testng.internal.MethodInvocationHelper.invokeMethod(MethodInvocationHelper.java:85)
	at org.testng.internal.Invoker.invokeMethod(Invoker.java:639)
	at org.testng.internal.Invoker.invokeTestMethod(Invoker.java:816)
	at org.testng.internal.Invoker.invokeTestMethods(Invoker.java:1124)
	at org.testng.internal.TestMethodWorker.invokeTestMethods(TestMethodWorker.java:125)
	at org.testng.internal.TestMethodWorker.run(TestMethodWorker.java:108)
	at org.testng.TestRunner.privateRun(TestRunner.java:774)
	at org.testng.TestRunner.run(TestRunner.java:624)
	at org.testng.SuiteRunner.runTest(SuiteRunner.java:359)
	at org.testng.SuiteRunner.runSequentially(SuiteRunner.java:354)
	at org.testng.SuiteRunner.privateRun(SuiteRunner.java:312)
	at org.testng.SuiteRunner.run(SuiteRunner.java:261)
	at org.testng.SuiteRunnerWorker.runSuite(SuiteRunnerWorker.java:52)
	at org.testng.SuiteRunnerWorker.run(SuiteRunnerWorker.java:86)
	at org.testng.TestNG.runSuitesSequentially(TestNG.java:1215)
	at org.testng.TestNG.runSuitesLocally(TestNG.java:1140)
	at org.testng.TestNG.run(TestNG.java:1048)
	at org.testng.TestNG.privateMain(TestNG.java:1355)
	at org.testng.TestNG.main(TestNG.java:1324)
]]>
    </failure>
  </testcase> <!-- RM_773_500 -->
  <testcase name="connectorPartHSN" time="9.122" classname="newMMIS_Subsystems.EVS">
    <error type="org.testng.SkipException" message="Skipping this test  because this SQL did not return any rows: select id_medicaid from t_re_base b, t_re_aid_elig e where b.sak_recip=e.sak_recip and ind_active=&#039;Y&#039; and dte_death=&#039;0&#039; and e.cde_status1 &lt;&gt; &#039;H&#039; and e.sak_cde_aid = (select sak_cde_aid from t_cde_aid where cde_aid_category = &#039;2Y&#039;) and to_char(sysdate, &#039;YYYYMMDD&#039;) between e.dte_effective and e.dte_end and not exists (select 1 from t_re_aid_elig where sak_recip=b.sak_recip and cde_status1 &lt;&gt; &#039;H&#039; and sak_cde_aid &lt;&gt; e.sak_cde_aid and to_char(sysdate,&#039;YYYYMMDD&#039;) between dte_effective and dte_end) and rownum=1">
      <![CDATA[org.testng.SkipException: Skipping this test  because this SQL did not return any rows: select id_medicaid from t_re_base b, t_re_aid_elig e where b.sak_recip=e.sak_recip and ind_active='Y' and dte_death='0' and e.cde_status1 <> 'H' and e.sak_cde_aid = (select sak_cde_aid from t_cde_aid where cde_aid_category = '2Y') and to_char(sysdate, 'YYYYMMDD') between e.dte_effective and e.dte_end and not exists (select 1 from t_re_aid_elig where sak_recip=b.sak_recip and cde_status1 <> 'H' and sak_cde_aid <> e.sak_cde_aid and to_char(sysdate,'YYYYMMDD') between dte_effective and dte_end) and rownum=1
	at newMMIS_Subsystems.Common.executeQuery(Unknown Source)
	at newMMIS_Subsystems.EVS.RMreset(Unknown Source)
	at newMMIS_Subsystems.EVS.connectorPartHSN(Unknown Source)
	at sun.reflect.NativeMethodAccessorImpl.invoke0(Native Method)
	at sun.reflect.NativeMethodAccessorImpl.invoke(NativeMethodAccessorImpl.java:62)
	at sun.reflect.DelegatingMethodAccessorImpl.invoke(DelegatingMethodAccessorImpl.java:43)
	at java.lang.reflect.Method.invoke(Method.java:498)
	at org.testng.internal.MethodInvocationHelper.invokeMethod(MethodInvocationHelper.java:85)
	at org.testng.internal.Invoker.invokeMethod(Invoker.java:639)
	at org.testng.internal.Invoker.invokeTestMethod(Invoker.java:816)
	at org.testng.internal.Invoker.invokeTestMethods(Invoker.java:1124)
	at org.testng.internal.TestMethodWorker.invokeTestMethods(TestMethodWorker.java:125)
	at org.testng.internal.TestMethodWorker.run(TestMethodWorker.java:108)
	at org.testng.TestRunner.privateRun(TestRunner.java:774)
	at org.testng.TestRunner.run(TestRunner.java:624)
	at org.testng.SuiteRunner.runTest(SuiteRunner.java:359)
	at org.testng.SuiteRunner.runSequentially(SuiteRunner.java:354)
	at org.testng.SuiteRunner.privateRun(SuiteRunner.java:312)
	at org.testng.SuiteRunner.run(SuiteRunner.java:261)
	at org.testng.SuiteRunnerWorker.runSuite(SuiteRunnerWorker.java:52)
	at org.testng.SuiteRunnerWorker.run(SuiteRunnerWorker.java:86)
	at org.testng.TestNG.runSuitesSequentially(TestNG.java:1215)
	at org.testng.TestNG.runSuitesLocally(TestNG.java:1140)
	at org.testng.TestNG.run(TestNG.java:1048)
	at org.testng.TestNG.privateMain(TestNG.java:1355)
	at org.testng.TestNG.main(TestNG.java:1324)
]]>
    </error>
  </testcase> <!-- connectorPartHSN -->
  <testcase name="RM_966_611" time="12.354" classname="newMMIS_Subsystems.EVS"/>
  <testcase name="connectorFullHSN" time="7.649" classname="newMMIS_Subsystems.EVS">
    <error type="org.testng.SkipException" message="Skipping this test  because this SQL did not return any rows: select id_medicaid from t_re_base b, t_re_aid_elig e where b.sak_recip=e.sak_recip and ind_active=&#039;Y&#039; and dte_death=&#039;0&#039; and e.cde_status1 &lt;&gt; &#039;H&#039; and e.sak_cde_aid = (select sak_cde_aid from t_cde_aid where cde_aid_category = &#039;3W&#039;) and to_char(sysdate, &#039;YYYYMMDD&#039;) between e.dte_effective and e.dte_end and not exists (select 1 from t_re_aid_elig where sak_recip=b.sak_recip and cde_status1 &lt;&gt; &#039;H&#039; and sak_cde_aid &lt;&gt; e.sak_cde_aid and to_char(sysdate,&#039;YYYYMMDD&#039;) between dte_effective and dte_end) and rownum=1">
      <![CDATA[org.testng.SkipException: Skipping this test  because this SQL did not return any rows: select id_medicaid from t_re_base b, t_re_aid_elig e where b.sak_recip=e.sak_recip and ind_active='Y' and dte_death='0' and e.cde_status1 <> 'H' and e.sak_cde_aid = (select sak_cde_aid from t_cde_aid where cde_aid_category = '3W') and to_char(sysdate, 'YYYYMMDD') between e.dte_effective and e.dte_end and not exists (select 1 from t_re_aid_elig where sak_recip=b.sak_recip and cde_status1 <> 'H' and sak_cde_aid <> e.sak_cde_aid and to_char(sysdate,'YYYYMMDD') between dte_effective and dte_end) and rownum=1
	at newMMIS_Subsystems.Common.executeQuery(Unknown Source)
	at newMMIS_Subsystems.EVS.RMreset(Unknown Source)
	at newMMIS_Subsystems.EVS.connectorFullHSN(Unknown Source)
	at sun.reflect.NativeMethodAccessorImpl.invoke0(Native Method)
	at sun.reflect.NativeMethodAccessorImpl.invoke(NativeMethodAccessorImpl.java:62)
	at sun.reflect.DelegatingMethodAccessorImpl.invoke(DelegatingMethodAccessorImpl.java:43)
	at java.lang.reflect.Method.invoke(Method.java:498)
	at org.testng.internal.MethodInvocationHelper.invokeMethod(MethodInvocationHelper.java:85)
	at org.testng.internal.Invoker.invokeMethod(Invoker.java:639)
	at org.testng.internal.Invoker.invokeTestMethod(Invoker.java:816)
	at org.testng.internal.Invoker.invokeTestMethods(Invoker.java:1124)
	at org.testng.internal.TestMethodWorker.invokeTestMethods(TestMethodWorker.java:125)
	at org.testng.internal.TestMethodWorker.run(TestMethodWorker.java:108)
	at org.testng.TestRunner.privateRun(TestRunner.java:774)
	at org.testng.TestRunner.run(TestRunner.java:624)
	at org.testng.SuiteRunner.runTest(SuiteRunner.java:359)
	at org.testng.SuiteRunner.runSequentially(SuiteRunner.java:354)
	at org.testng.SuiteRunner.privateRun(SuiteRunner.java:312)
	at org.testng.SuiteRunner.run(SuiteRunner.java:261)
	at org.testng.SuiteRunnerWorker.runSuite(SuiteRunnerWorker.java:52)
	at org.testng.SuiteRunnerWorker.run(SuiteRunnerWorker.java:86)
	at org.testng.TestNG.runSuitesSequentially(TestNG.java:1215)
	at org.testng.TestNG.runSuitesLocally(TestNG.java:1140)
	at org.testng.TestNG.run(TestNG.java:1048)
	at org.testng.TestNG.privateMain(TestNG.java:1355)
	at org.testng.TestNG.main(TestNG.java:1324)
]]>
    </error>
  </testcase> <!-- connectorFullHSN -->
  <testcase name="RM_89_646" time="148.302" classname="newMMIS_Subsystems.EVS">
    <error type="org.testng.SkipException" message="Skipping this test  because this SQL did not return any rows: select id_medicaid from t_re_base b, t_re_pmp_assign p, t_pmp_svc_loc l, t_re_aid_elig e where b.sak_recip=p.sak_recip and ind_active &lt;&gt; &#039;N&#039; and dte_death=&#039;0&#039; and e.sak_recip=b.sak_recip and e.cde_status1 &lt;&gt; &#039;H&#039; and e.sak_cde_aid=108 and e.dte_end =&#039;22991231&#039; and p.cde_status1 &lt;&gt; &#039;H&#039; and p.dte_end=&#039;22991231&#039; and p.sak_pmp_ser_loc=l.sak_pmp_ser_loc and l.sak_prov=31467 and l.cde_service_loc=&#039;A&#039; and not exists (select 1 from t_re_aid_elig where sak_recip=b.sak_recip and cde_status1 &lt;&gt; &#039;H&#039; and sak_cde_aid &lt;&gt; 108 and dte_end =&#039;22991231&#039;) and rownum=1">
      <![CDATA[org.testng.SkipException: Skipping this test  because this SQL did not return any rows: select id_medicaid from t_re_base b, t_re_pmp_assign p, t_pmp_svc_loc l, t_re_aid_elig e where b.sak_recip=p.sak_recip and ind_active <> 'N' and dte_death='0' and e.sak_recip=b.sak_recip and e.cde_status1 <> 'H' and e.sak_cde_aid=108 and e.dte_end ='22991231' and p.cde_status1 <> 'H' and p.dte_end='22991231' and p.sak_pmp_ser_loc=l.sak_pmp_ser_loc and l.sak_prov=31467 and l.cde_service_loc='A' and not exists (select 1 from t_re_aid_elig where sak_recip=b.sak_recip and cde_status1 <> 'H' and sak_cde_aid <> 108 and dte_end ='22991231') and rownum=1
	at newMMIS_Subsystems.Common.executeQuery(Unknown Source)
	at newMMIS_Subsystems.EVS.RMreset(Unknown Source)
	at newMMIS_Subsystems.EVS.RM_89_646(Unknown Source)
	at sun.reflect.NativeMethodAccessorImpl.invoke0(Native Method)
	at sun.reflect.NativeMethodAccessorImpl.invoke(NativeMethodAccessorImpl.java:62)
	at sun.reflect.DelegatingMethodAccessorImpl.invoke(DelegatingMethodAccessorImpl.java:43)
	at java.lang.reflect.Method.invoke(Method.java:498)
	at org.testng.internal.MethodInvocationHelper.invokeMethod(MethodInvocationHelper.java:85)
	at org.testng.internal.Invoker.invokeMethod(Invoker.java:639)
	at org.testng.internal.Invoker.invokeTestMethod(Invoker.java:816)
	at org.testng.internal.Invoker.invokeTestMethods(Invoker.java:1124)
	at org.testng.internal.TestMethodWorker.invokeTestMethods(TestMethodWorker.java:125)
	at org.testng.internal.TestMethodWorker.run(TestMethodWorker.java:108)
	at org.testng.TestRunner.privateRun(TestRunner.java:774)
	at org.testng.TestRunner.run(TestRunner.java:624)
	at org.testng.SuiteRunner.runTest(SuiteRunner.java:359)
	at org.testng.SuiteRunner.runSequentially(SuiteRunner.java:354)
	at org.testng.SuiteRunner.privateRun(SuiteRunner.java:312)
	at org.testng.SuiteRunner.run(SuiteRunner.java:261)
	at org.testng.SuiteRunnerWorker.runSuite(SuiteRunnerWorker.java:52)
	at org.testng.SuiteRunnerWorker.run(SuiteRunnerWorker.java:86)
	at org.testng.TestNG.runSuitesSequentially(TestNG.java:1215)
	at org.testng.TestNG.runSuitesLocally(TestNG.java:1140)
	at org.testng.TestNG.run(TestNG.java:1048)
	at org.testng.TestNG.privateMain(TestNG.java:1355)
	at org.testng.TestNG.main(TestNG.java:1324)
]]>
    </error>
  </testcase> <!-- RM_89_646 -->
  <testcase name="RM_5_480" time="21.689" classname="newMMIS_Subsystems.EVS"/>
  <testcase name="RM_29_495" time="15.303" classname="newMMIS_Subsystems.EVS"/>
  <testcase name="RM_937_656" time="11.725" classname="newMMIS_Subsystems.EVS"/>
  <testcase name="RM_957_611" time="10.567" classname="newMMIS_Subsystems.EVS"/>
  <testcase name="RM_954_611" time="17.139" classname="newMMIS_Subsystems.EVS"/>
  <testcase name="connectorPartHSN" time="12.381" classname="newMMIS_Subsystems.EVS"/>
  <testcase name="RM_1063_619" time="7.807" classname="newMMIS_Subsystems.EVS">
    <error type="org.testng.SkipException" message="Skipping this test  because this SQL did not return any rows: select id_medicaid from t_re_base b, t_re_pmp_assign p, t_pmp_svc_loc l where b.sak_recip=p.sak_recip and ind_active &lt;&gt; &#039;N&#039; and dte_death=&#039;0&#039; and p.cde_status1 &lt;&gt; &#039;H&#039; and p.sak_pmp_ser_loc=l.sak_pmp_ser_loc and l.sak_prov=31449 and l.cde_service_loc=&#039;B&#039; and p.dte_end =&#039;22991231&#039; and p.sak_pub_hlth=24 and rownum=1">
      <![CDATA[org.testng.SkipException: Skipping this test  because this SQL did not return any rows: select id_medicaid from t_re_base b, t_re_pmp_assign p, t_pmp_svc_loc l where b.sak_recip=p.sak_recip and ind_active <> 'N' and dte_death='0' and p.cde_status1 <> 'H' and p.sak_pmp_ser_loc=l.sak_pmp_ser_loc and l.sak_prov=31449 and l.cde_service_loc='B' and p.dte_end ='22991231' and p.sak_pub_hlth=24 and rownum=1
	at newMMIS_Subsystems.Common.executeQuery(Unknown Source)
	at newMMIS_Subsystems.EVS.RMreset(Unknown Source)
	at newMMIS_Subsystems.EVS.RM_1063_619(Unknown Source)
	at sun.reflect.NativeMethodAccessorImpl.invoke0(Native Method)
	at sun.reflect.NativeMethodAccessorImpl.invoke(NativeMethodAccessorImpl.java:62)
	at sun.reflect.DelegatingMethodAccessorImpl.invoke(DelegatingMethodAccessorImpl.java:43)
	at java.lang.reflect.Method.invoke(Method.java:498)
	at org.testng.internal.MethodInvocationHelper.invokeMethod(MethodInvocationHelper.java:85)
	at org.testng.internal.Invoker.invokeMethod(Invoker.java:639)
	at org.testng.internal.Invoker.invokeTestMethod(Invoker.java:816)
	at org.testng.internal.Invoker.invokeTestMethods(Invoker.java:1124)
	at org.testng.internal.TestMethodWorker.invokeTestMethods(TestMethodWorker.java:125)
	at org.testng.internal.TestMethodWorker.run(TestMethodWorker.java:108)
	at org.testng.TestRunner.privateRun(TestRunner.java:774)
	at org.testng.TestRunner.run(TestRunner.java:624)
	at org.testng.SuiteRunner.runTest(SuiteRunner.java:359)
	at org.testng.SuiteRunner.runSequentially(SuiteRunner.java:354)
	at org.testng.SuiteRunner.privateRun(SuiteRunner.java:312)
	at org.testng.SuiteRunner.run(SuiteRunner.java:261)
	at org.testng.SuiteRunnerWorker.runSuite(SuiteRunnerWorker.java:52)
	at org.testng.SuiteRunnerWorker.run(SuiteRunnerWorker.java:86)
	at org.testng.TestNG.runSuitesSequentially(TestNG.java:1215)
	at org.testng.TestNG.runSuitesLocally(TestNG.java:1140)
	at org.testng.TestNG.run(TestNG.java:1048)
	at org.testng.TestNG.privateMain(TestNG.java:1355)
	at org.testng.TestNG.main(TestNG.java:1324)
]]>
    </error>
  </testcase> <!-- RM_1063_619 -->
  <testcase name="RM_985_658" time="11.533" classname="newMMIS_Subsystems.EVS"/>
  <testcase name="RM_974_611" time="13.009" classname="newMMIS_Subsystems.EVS"/>
  <testcase name="RM_915_647" time="15.925" classname="newMMIS_Subsystems.EVS"/>
  <testcase name="connectorPartHSN" time="9.181" classname="newMMIS_Subsystems.EVS">
    <error type="org.testng.SkipException" message="Skipping this test  because this SQL did not return any rows: select id_medicaid from t_re_base b, t_re_aid_elig e where b.sak_recip=e.sak_recip and ind_active=&#039;Y&#039; and dte_death=&#039;0&#039; and e.cde_status1 &lt;&gt; &#039;H&#039; and e.sak_cde_aid = (select sak_cde_aid from t_cde_aid where cde_aid_category = &#039;4B&#039;) and to_char(sysdate, &#039;YYYYMMDD&#039;) between e.dte_effective and e.dte_end and not exists (select 1 from t_re_aid_elig where sak_recip=b.sak_recip and cde_status1 &lt;&gt; &#039;H&#039; and sak_cde_aid &lt;&gt; e.sak_cde_aid and to_char(sysdate,&#039;YYYYMMDD&#039;) between dte_effective and dte_end) and rownum=1">
      <![CDATA[org.testng.SkipException: Skipping this test  because this SQL did not return any rows: select id_medicaid from t_re_base b, t_re_aid_elig e where b.sak_recip=e.sak_recip and ind_active='Y' and dte_death='0' and e.cde_status1 <> 'H' and e.sak_cde_aid = (select sak_cde_aid from t_cde_aid where cde_aid_category = '4B') and to_char(sysdate, 'YYYYMMDD') between e.dte_effective and e.dte_end and not exists (select 1 from t_re_aid_elig where sak_recip=b.sak_recip and cde_status1 <> 'H' and sak_cde_aid <> e.sak_cde_aid and to_char(sysdate,'YYYYMMDD') between dte_effective and dte_end) and rownum=1
	at newMMIS_Subsystems.Common.executeQuery(Unknown Source)
	at newMMIS_Subsystems.EVS.RMreset(Unknown Source)
	at newMMIS_Subsystems.EVS.connectorPartHSN(Unknown Source)
	at sun.reflect.NativeMethodAccessorImpl.invoke0(Native Method)
	at sun.reflect.NativeMethodAccessorImpl.invoke(NativeMethodAccessorImpl.java:62)
	at sun.reflect.DelegatingMethodAccessorImpl.invoke(DelegatingMethodAccessorImpl.java:43)
	at java.lang.reflect.Method.invoke(Method.java:498)
	at org.testng.internal.MethodInvocationHelper.invokeMethod(MethodInvocationHelper.java:85)
	at org.testng.internal.Invoker.invokeMethod(Invoker.java:639)
	at org.testng.internal.Invoker.invokeTestMethod(Invoker.java:816)
	at org.testng.internal.Invoker.invokeTestMethods(Invoker.java:1124)
	at org.testng.internal.TestMethodWorker.invokeTestMethods(TestMethodWorker.java:125)
	at org.testng.internal.TestMethodWorker.run(TestMethodWorker.java:108)
	at org.testng.TestRunner.privateRun(TestRunner.java:774)
	at org.testng.TestRunner.run(TestRunner.java:624)
	at org.testng.SuiteRunner.runTest(SuiteRunner.java:359)
	at org.testng.SuiteRunner.runSequentially(SuiteRunner.java:354)
	at org.testng.SuiteRunner.privateRun(SuiteRunner.java:312)
	at org.testng.SuiteRunner.run(SuiteRunner.java:261)
	at org.testng.SuiteRunnerWorker.runSuite(SuiteRunnerWorker.java:52)
	at org.testng.SuiteRunnerWorker.run(SuiteRunnerWorker.java:86)
	at org.testng.TestNG.runSuitesSequentially(TestNG.java:1215)
	at org.testng.TestNG.runSuitesLocally(TestNG.java:1140)
	at org.testng.TestNG.run(TestNG.java:1048)
	at org.testng.TestNG.privateMain(TestNG.java:1355)
	at org.testng.TestNG.main(TestNG.java:1324)
]]>
    </error>
  </testcase> <!-- connectorPartHSN -->
  <testcase name="RM_366_366" time="7.767" classname="newMMIS_Subsystems.EVS">
    <error type="org.testng.SkipException" message="Skipping this test  because this SQL did not return any rows: select id_medicaid from t_re_base b, t_re_limits l where b.sak_recip=l.sak_recip and ind_active &lt;&gt; &#039;N&#039; and dte_death=&#039;0&#039; and l.cde_limit_type=1 and substr(l.end_period,1,4)=substr(to_char(sysdate,&#039;YYYYMMDD&#039;),1,4) and rownum=1">
      <![CDATA[org.testng.SkipException: Skipping this test  because this SQL did not return any rows: select id_medicaid from t_re_base b, t_re_limits l where b.sak_recip=l.sak_recip and ind_active <> 'N' and dte_death='0' and l.cde_limit_type=1 and substr(l.end_period,1,4)=substr(to_char(sysdate,'YYYYMMDD'),1,4) and rownum=1
	at newMMIS_Subsystems.Common.executeQuery(Unknown Source)
	at newMMIS_Subsystems.EVS.RMreset(Unknown Source)
	at newMMIS_Subsystems.EVS.RM_366_366(Unknown Source)
	at sun.reflect.NativeMethodAccessorImpl.invoke0(Native Method)
	at sun.reflect.NativeMethodAccessorImpl.invoke(NativeMethodAccessorImpl.java:62)
	at sun.reflect.DelegatingMethodAccessorImpl.invoke(DelegatingMethodAccessorImpl.java:43)
	at java.lang.reflect.Method.invoke(Method.java:498)
	at org.testng.internal.MethodInvocationHelper.invokeMethod(MethodInvocationHelper.java:85)
	at org.testng.internal.Invoker.invokeMethod(Invoker.java:639)
	at org.testng.internal.Invoker.invokeTestMethod(Invoker.java:816)
	at org.testng.internal.Invoker.invokeTestMethods(Invoker.java:1124)
	at org.testng.internal.TestMethodWorker.invokeTestMethods(TestMethodWorker.java:125)
	at org.testng.internal.TestMethodWorker.run(TestMethodWorker.java:108)
	at org.testng.TestRunner.privateRun(TestRunner.java:774)
	at org.testng.TestRunner.run(TestRunner.java:624)
	at org.testng.SuiteRunner.runTest(SuiteRunner.java:359)
	at org.testng.SuiteRunner.runSequentially(SuiteRunner.java:354)
	at org.testng.SuiteRunner.privateRun(SuiteRunner.java:312)
	at org.testng.SuiteRunner.run(SuiteRunner.java:261)
	at org.testng.SuiteRunnerWorker.runSuite(SuiteRunnerWorker.java:52)
	at org.testng.SuiteRunnerWorker.run(SuiteRunnerWorker.java:86)
	at org.testng.TestNG.runSuitesSequentially(TestNG.java:1215)
	at org.testng.TestNG.runSuitesLocally(TestNG.java:1140)
	at org.testng.TestNG.run(TestNG.java:1048)
	at org.testng.TestNG.privateMain(TestNG.java:1355)
	at org.testng.TestNG.main(TestNG.java:1324)
]]>
    </error>
  </testcase> <!-- RM_366_366 -->
  <testcase name="RM_8_485" time="25.192" classname="newMMIS_Subsystems.EVS"/>
  <testcase name="RM_960_611" time="13.559" classname="newMMIS_Subsystems.EVS"/>
  <testcase name="RM_186_186" time="52.975" classname="newMMIS_Subsystems.EVS">
    <failure type="java.lang.AssertionError" message="Did not get RM 186 / 186 EXEMPT FROM COPAY ON NON-PHARMACY SERVICES UNDER 130 CMR 450.130(D). expected [true] but found [false]">
      <![CDATA[java.lang.AssertionError: Did not get RM 186 / 186 EXEMPT FROM COPAY ON NON-PHARMACY SERVICES UNDER 130 CMR 450.130(D). expected [true] but found [false]
	at org.testng.Assert.fail(Assert.java:94)
	at org.testng.Assert.failNotEquals(Assert.java:496)
	at org.testng.Assert.assertTrue(Assert.java:42)
	at newMMIS_Subsystems.EVS.rmCommon(Unknown Source)
	at newMMIS_Subsystems.EVS.RM_186_186(Unknown Source)
	at sun.reflect.NativeMethodAccessorImpl.invoke0(Native Method)
	at sun.reflect.NativeMethodAccessorImpl.invoke(NativeMethodAccessorImpl.java:62)
	at sun.reflect.DelegatingMethodAccessorImpl.invoke(DelegatingMethodAccessorImpl.java:43)
	at java.lang.reflect.Method.invoke(Method.java:498)
	at org.testng.internal.MethodInvocationHelper.invokeMethod(MethodInvocationHelper.java:85)
	at org.testng.internal.Invoker.invokeMethod(Invoker.java:639)
	at org.testng.internal.Invoker.invokeTestMethod(Invoker.java:816)
	at org.testng.internal.Invoker.invokeTestMethods(Invoker.java:1124)
	at org.testng.internal.TestMethodWorker.invokeTestMethods(TestMethodWorker.java:125)
	at org.testng.internal.TestMethodWorker.run(TestMethodWorker.java:108)
	at org.testng.TestRunner.privateRun(TestRunner.java:774)
	at org.testng.TestRunner.run(TestRunner.java:624)
	at org.testng.SuiteRunner.runTest(SuiteRunner.java:359)
	at org.testng.SuiteRunner.runSequentially(SuiteRunner.java:354)
	at org.testng.SuiteRunner.privateRun(SuiteRunner.java:312)
	at org.testng.SuiteRunner.run(SuiteRunner.java:261)
	at org.testng.SuiteRunnerWorker.runSuite(SuiteRunnerWorker.java:52)
	at org.testng.SuiteRunnerWorker.run(SuiteRunnerWorker.java:86)
	at org.testng.TestNG.runSuitesSequentially(TestNG.java:1215)
	at org.testng.TestNG.runSuitesLocally(TestNG.java:1140)
	at org.testng.TestNG.run(TestNG.java:1048)
	at org.testng.TestNG.privateMain(TestNG.java:1355)
	at org.testng.TestNG.main(TestNG.java:1324)
]]>
    </failure>
  </testcase> <!-- RM_186_186 -->
  <testcase name="connectorPartHSN" time="8.774" classname="newMMIS_Subsystems.EVS">
    <error type="org.testng.SkipException" message="Skipping this test  because this SQL did not return any rows: select id_medicaid from t_re_base b, t_re_aid_elig e where b.sak_recip=e.sak_recip and ind_active=&#039;Y&#039; and dte_death=&#039;0&#039; and e.cde_status1 &lt;&gt; &#039;H&#039; and e.sak_cde_aid = (select sak_cde_aid from t_cde_aid where cde_aid_category = &#039;1O&#039;) and to_char(sysdate, &#039;YYYYMMDD&#039;) between e.dte_effective and e.dte_end and not exists (select 1 from t_re_aid_elig where sak_recip=b.sak_recip and cde_status1 &lt;&gt; &#039;H&#039; and sak_cde_aid &lt;&gt; e.sak_cde_aid and to_char(sysdate,&#039;YYYYMMDD&#039;) between dte_effective and dte_end) and rownum=1">
      <![CDATA[org.testng.SkipException: Skipping this test  because this SQL did not return any rows: select id_medicaid from t_re_base b, t_re_aid_elig e where b.sak_recip=e.sak_recip and ind_active='Y' and dte_death='0' and e.cde_status1 <> 'H' and e.sak_cde_aid = (select sak_cde_aid from t_cde_aid where cde_aid_category = '1O') and to_char(sysdate, 'YYYYMMDD') between e.dte_effective and e.dte_end and not exists (select 1 from t_re_aid_elig where sak_recip=b.sak_recip and cde_status1 <> 'H' and sak_cde_aid <> e.sak_cde_aid and to_char(sysdate,'YYYYMMDD') between dte_effective and dte_end) and rownum=1
	at newMMIS_Subsystems.Common.executeQuery(Unknown Source)
	at newMMIS_Subsystems.EVS.RMreset(Unknown Source)
	at newMMIS_Subsystems.EVS.connectorPartHSN(Unknown Source)
	at sun.reflect.NativeMethodAccessorImpl.invoke0(Native Method)
	at sun.reflect.NativeMethodAccessorImpl.invoke(NativeMethodAccessorImpl.java:62)
	at sun.reflect.DelegatingMethodAccessorImpl.invoke(DelegatingMethodAccessorImpl.java:43)
	at java.lang.reflect.Method.invoke(Method.java:498)
	at org.testng.internal.MethodInvocationHelper.invokeMethod(MethodInvocationHelper.java:85)
	at org.testng.internal.Invoker.invokeMethod(Invoker.java:639)
	at org.testng.internal.Invoker.invokeTestMethod(Invoker.java:816)
	at org.testng.internal.Invoker.invokeTestMethods(Invoker.java:1124)
	at org.testng.internal.TestMethodWorker.invokeTestMethods(TestMethodWorker.java:125)
	at org.testng.internal.TestMethodWorker.run(TestMethodWorker.java:108)
	at org.testng.TestRunner.privateRun(TestRunner.java:774)
	at org.testng.TestRunner.run(TestRunner.java:624)
	at org.testng.SuiteRunner.runTest(SuiteRunner.java:359)
	at org.testng.SuiteRunner.runSequentially(SuiteRunner.java:354)
	at org.testng.SuiteRunner.privateRun(SuiteRunner.java:312)
	at org.testng.SuiteRunner.run(SuiteRunner.java:261)
	at org.testng.SuiteRunnerWorker.runSuite(SuiteRunnerWorker.java:52)
	at org.testng.SuiteRunnerWorker.run(SuiteRunnerWorker.java:86)
	at org.testng.TestNG.runSuitesSequentially(TestNG.java:1215)
	at org.testng.TestNG.runSuitesLocally(TestNG.java:1140)
	at org.testng.TestNG.run(TestNG.java:1048)
	at org.testng.TestNG.privateMain(TestNG.java:1355)
	at org.testng.TestNG.main(TestNG.java:1324)
]]>
    </error>
  </testcase> <!-- connectorPartHSN -->
  <testcase name="RM_853_636" time="13.530" classname="newMMIS_Subsystems.EVS"/>
  <testcase name="RM_76_525" time="81.628" classname="newMMIS_Subsystems.EVS">
    <failure type="java.lang.AssertionError" message="Did not get RM 76 / 525 For behavioral health service questions and authorization, call the Massachusetts Behavioral Health Partnership at 1-800-495-0086. expected [true] but found [false]">
      <![CDATA[java.lang.AssertionError: Did not get RM 76 / 525 For behavioral health service questions and authorization, call the Massachusetts Behavioral Health Partnership at 1-800-495-0086. expected [true] but found [false]
	at org.testng.Assert.fail(Assert.java:94)
	at org.testng.Assert.failNotEquals(Assert.java:496)
	at org.testng.Assert.assertTrue(Assert.java:42)
	at newMMIS_Subsystems.EVS.rmCommon(Unknown Source)
	at newMMIS_Subsystems.EVS.RM_76_525(Unknown Source)
	at sun.reflect.NativeMethodAccessorImpl.invoke0(Native Method)
	at sun.reflect.NativeMethodAccessorImpl.invoke(NativeMethodAccessorImpl.java:62)
	at sun.reflect.DelegatingMethodAccessorImpl.invoke(DelegatingMethodAccessorImpl.java:43)
	at java.lang.reflect.Method.invoke(Method.java:498)
	at org.testng.internal.MethodInvocationHelper.invokeMethod(MethodInvocationHelper.java:85)
	at org.testng.internal.Invoker.invokeMethod(Invoker.java:639)
	at org.testng.internal.Invoker.invokeTestMethod(Invoker.java:816)
	at org.testng.internal.Invoker.invokeTestMethods(Invoker.java:1124)
	at org.testng.internal.TestMethodWorker.invokeTestMethods(TestMethodWorker.java:125)
	at org.testng.internal.TestMethodWorker.run(TestMethodWorker.java:108)
	at org.testng.TestRunner.privateRun(TestRunner.java:774)
	at org.testng.TestRunner.run(TestRunner.java:624)
	at org.testng.SuiteRunner.runTest(SuiteRunner.java:359)
	at org.testng.SuiteRunner.runSequentially(SuiteRunner.java:354)
	at org.testng.SuiteRunner.privateRun(SuiteRunner.java:312)
	at org.testng.SuiteRunner.run(SuiteRunner.java:261)
	at org.testng.SuiteRunnerWorker.runSuite(SuiteRunnerWorker.java:52)
	at org.testng.SuiteRunnerWorker.run(SuiteRunnerWorker.java:86)
	at org.testng.TestNG.runSuitesSequentially(TestNG.java:1215)
	at org.testng.TestNG.runSuitesLocally(TestNG.java:1140)
	at org.testng.TestNG.run(TestNG.java:1048)
	at org.testng.TestNG.privateMain(TestNG.java:1355)
	at org.testng.TestNG.main(TestNG.java:1324)
]]>
    </failure>
  </testcase> <!-- RM_76_525 -->
  <testcase name="RM_952_611" time="14.252" classname="newMMIS_Subsystems.EVS"/>
  <testcase name="connectorPartHSN" time="8.264" classname="newMMIS_Subsystems.EVS">
    <error type="org.testng.SkipException" message="Skipping this test  because this SQL did not return any rows: select id_medicaid from t_re_base b, t_re_aid_elig e where b.sak_recip=e.sak_recip and ind_active=&#039;Y&#039; and dte_death=&#039;0&#039; and e.cde_status1 &lt;&gt; &#039;H&#039; and e.sak_cde_aid = (select sak_cde_aid from t_cde_aid where cde_aid_category = &#039;2B&#039;) and to_char(sysdate, &#039;YYYYMMDD&#039;) between e.dte_effective and e.dte_end and not exists (select 1 from t_re_aid_elig where sak_recip=b.sak_recip and cde_status1 &lt;&gt; &#039;H&#039; and sak_cde_aid &lt;&gt; e.sak_cde_aid and to_char(sysdate,&#039;YYYYMMDD&#039;) between dte_effective and dte_end) and rownum=1">
      <![CDATA[org.testng.SkipException: Skipping this test  because this SQL did not return any rows: select id_medicaid from t_re_base b, t_re_aid_elig e where b.sak_recip=e.sak_recip and ind_active='Y' and dte_death='0' and e.cde_status1 <> 'H' and e.sak_cde_aid = (select sak_cde_aid from t_cde_aid where cde_aid_category = '2B') and to_char(sysdate, 'YYYYMMDD') between e.dte_effective and e.dte_end and not exists (select 1 from t_re_aid_elig where sak_recip=b.sak_recip and cde_status1 <> 'H' and sak_cde_aid <> e.sak_cde_aid and to_char(sysdate,'YYYYMMDD') between dte_effective and dte_end) and rownum=1
	at newMMIS_Subsystems.Common.executeQuery(Unknown Source)
	at newMMIS_Subsystems.EVS.RMreset(Unknown Source)
	at newMMIS_Subsystems.EVS.connectorPartHSN(Unknown Source)
	at sun.reflect.NativeMethodAccessorImpl.invoke0(Native Method)
	at sun.reflect.NativeMethodAccessorImpl.invoke(NativeMethodAccessorImpl.java:62)
	at sun.reflect.DelegatingMethodAccessorImpl.invoke(DelegatingMethodAccessorImpl.java:43)
	at java.lang.reflect.Method.invoke(Method.java:498)
	at org.testng.internal.MethodInvocationHelper.invokeMethod(MethodInvocationHelper.java:85)
	at org.testng.internal.Invoker.invokeMethod(Invoker.java:639)
	at org.testng.internal.Invoker.invokeTestMethod(Invoker.java:816)
	at org.testng.internal.Invoker.invokeTestMethods(Invoker.java:1124)
	at org.testng.internal.TestMethodWorker.invokeTestMethods(TestMethodWorker.java:125)
	at org.testng.internal.TestMethodWorker.run(TestMethodWorker.java:108)
	at org.testng.TestRunner.privateRun(TestRunner.java:774)
	at org.testng.TestRunner.run(TestRunner.java:624)
	at org.testng.SuiteRunner.runTest(SuiteRunner.java:359)
	at org.testng.SuiteRunner.runSequentially(SuiteRunner.java:354)
	at org.testng.SuiteRunner.privateRun(SuiteRunner.java:312)
	at org.testng.SuiteRunner.run(SuiteRunner.java:261)
	at org.testng.SuiteRunnerWorker.runSuite(SuiteRunnerWorker.java:52)
	at org.testng.SuiteRunnerWorker.run(SuiteRunnerWorker.java:86)
	at org.testng.TestNG.runSuitesSequentially(TestNG.java:1215)
	at org.testng.TestNG.runSuitesLocally(TestNG.java:1140)
	at org.testng.TestNG.run(TestNG.java:1048)
	at org.testng.TestNG.privateMain(TestNG.java:1355)
	at org.testng.TestNG.main(TestNG.java:1324)
]]>
    </error>
  </testcase> <!-- connectorPartHSN -->
  <testcase name="connectorPartHSN" time="13.961" classname="newMMIS_Subsystems.EVS"/>
  <testcase name="RM_48_612" time="13.638" classname="newMMIS_Subsystems.EVS"/>
  <testcase name="RM_20_231" time="49.649" classname="newMMIS_Subsystems.EVS">
    <failure type="java.lang.AssertionError" message="Did not get RM 21 / 231 SENIOR CARE OPTIONS. Payment limited to SCO. Authorization needed for all services except emergencies. Call SWH: 1-888-794-7268. expected [true] but found [false]">
      <![CDATA[java.lang.AssertionError: Did not get RM 21 / 231 SENIOR CARE OPTIONS. Payment limited to SCO. Authorization needed for all services except emergencies. Call SWH: 1-888-794-7268. expected [true] but found [false]
	at org.testng.Assert.fail(Assert.java:94)
	at org.testng.Assert.failNotEquals(Assert.java:496)
	at org.testng.Assert.assertTrue(Assert.java:42)
	at newMMIS_Subsystems.EVS.rmCommon(Unknown Source)
	at newMMIS_Subsystems.EVS.RM_20_231(Unknown Source)
	at sun.reflect.NativeMethodAccessorImpl.invoke0(Native Method)
	at sun.reflect.NativeMethodAccessorImpl.invoke(NativeMethodAccessorImpl.java:62)
	at sun.reflect.DelegatingMethodAccessorImpl.invoke(DelegatingMethodAccessorImpl.java:43)
	at java.lang.reflect.Method.invoke(Method.java:498)
	at org.testng.internal.MethodInvocationHelper.invokeMethod(MethodInvocationHelper.java:85)
	at org.testng.internal.Invoker.invokeMethod(Invoker.java:639)
	at org.testng.internal.Invoker.invokeTestMethod(Invoker.java:816)
	at org.testng.internal.Invoker.invokeTestMethods(Invoker.java:1124)
	at org.testng.internal.TestMethodWorker.invokeTestMethods(TestMethodWorker.java:125)
	at org.testng.internal.TestMethodWorker.run(TestMethodWorker.java:108)
	at org.testng.TestRunner.privateRun(TestRunner.java:774)
	at org.testng.TestRunner.run(TestRunner.java:624)
	at org.testng.SuiteRunner.runTest(SuiteRunner.java:359)
	at org.testng.SuiteRunner.runSequentially(SuiteRunner.java:354)
	at org.testng.SuiteRunner.privateRun(SuiteRunner.java:312)
	at org.testng.SuiteRunner.run(SuiteRunner.java:261)
	at org.testng.SuiteRunnerWorker.runSuite(SuiteRunnerWorker.java:52)
	at org.testng.SuiteRunnerWorker.run(SuiteRunnerWorker.java:86)
	at org.testng.TestNG.runSuitesSequentially(TestNG.java:1215)
	at org.testng.TestNG.runSuitesLocally(TestNG.java:1140)
	at org.testng.TestNG.run(TestNG.java:1048)
	at org.testng.TestNG.privateMain(TestNG.java:1355)
	at org.testng.TestNG.main(TestNG.java:1324)
]]>
    </failure>
  </testcase> <!-- RM_20_231 -->
  <testcase name="RM_982_611" time="7.653" classname="newMMIS_Subsystems.EVS">
    <error type="org.testng.SkipException" message="Skipping this test  because this SQL did not return any rows: select id_medicaid from t_re_base b, t_re_aid_elig e where b.sak_recip=e.sak_recip and ind_active &lt;&gt;&#039;N&#039; and dte_death=&#039;0&#039; and e.cde_status1 &lt;&gt; &#039;H&#039; and e.dte_end &gt;= to_char(sysdate,&#039;YYYYMMDD&#039;) and e.sak_cde_aid = (select sak_cde_aid from t_cde_aid where cde_aid_category = &#039;UC&#039;) and (exists (select 1 from t_re_medicare_a where sak_recip=b.sak_recip and dte_end &gt;=to_char(sysdate,&#039;YYYYMMDD&#039;)) or exists(select 1 from t_re_medicare_b where sak_recip=b.sak_recip and dte_end &gt;=to_char(sysdate,&#039;YYYYMMDD&#039;))) and not exists(select 1 from t_re_aid_elig where sak_recip=b.sak_recip and cde_status1 &lt;&gt; &#039;H&#039; and sak_cde_aid &lt;&gt; e.sak_cde_aid and dte_end &gt;= to_char(sysdate, &#039;YYYYMMDD&#039;)) and rownum=1">
      <![CDATA[org.testng.SkipException: Skipping this test  because this SQL did not return any rows: select id_medicaid from t_re_base b, t_re_aid_elig e where b.sak_recip=e.sak_recip and ind_active <>'N' and dte_death='0' and e.cde_status1 <> 'H' and e.dte_end >= to_char(sysdate,'YYYYMMDD') and e.sak_cde_aid = (select sak_cde_aid from t_cde_aid where cde_aid_category = 'UC') and (exists (select 1 from t_re_medicare_a where sak_recip=b.sak_recip and dte_end >=to_char(sysdate,'YYYYMMDD')) or exists(select 1 from t_re_medicare_b where sak_recip=b.sak_recip and dte_end >=to_char(sysdate,'YYYYMMDD'))) and not exists(select 1 from t_re_aid_elig where sak_recip=b.sak_recip and cde_status1 <> 'H' and sak_cde_aid <> e.sak_cde_aid and dte_end >= to_char(sysdate, 'YYYYMMDD')) and rownum=1
	at newMMIS_Subsystems.Common.executeQuery(Unknown Source)
	at newMMIS_Subsystems.EVS.RMreset(Unknown Source)
	at newMMIS_Subsystems.EVS.RM_982_611(Unknown Source)
	at sun.reflect.NativeMethodAccessorImpl.invoke0(Native Method)
	at sun.reflect.NativeMethodAccessorImpl.invoke(NativeMethodAccessorImpl.java:62)
	at sun.reflect.DelegatingMethodAccessorImpl.invoke(DelegatingMethodAccessorImpl.java:43)
	at java.lang.reflect.Method.invoke(Method.java:498)
	at org.testng.internal.MethodInvocationHelper.invokeMethod(MethodInvocationHelper.java:85)
	at org.testng.internal.Invoker.invokeMethod(Invoker.java:639)
	at org.testng.internal.Invoker.invokeTestMethod(Invoker.java:816)
	at org.testng.internal.Invoker.invokeTestMethods(Invoker.java:1124)
	at org.testng.internal.TestMethodWorker.invokeTestMethods(TestMethodWorker.java:125)
	at org.testng.internal.TestMethodWorker.run(TestMethodWorker.java:108)
	at org.testng.TestRunner.privateRun(TestRunner.java:774)
	at org.testng.TestRunner.run(TestRunner.java:624)
	at org.testng.SuiteRunner.runTest(SuiteRunner.java:359)
	at org.testng.SuiteRunner.runSequentially(SuiteRunner.java:354)
	at org.testng.SuiteRunner.privateRun(SuiteRunner.java:312)
	at org.testng.SuiteRunner.run(SuiteRunner.java:261)
	at org.testng.SuiteRunnerWorker.runSuite(SuiteRunnerWorker.java:52)
	at org.testng.SuiteRunnerWorker.run(SuiteRunnerWorker.java:86)
	at org.testng.TestNG.runSuitesSequentially(TestNG.java:1215)
	at org.testng.TestNG.runSuitesLocally(TestNG.java:1140)
	at org.testng.TestNG.run(TestNG.java:1048)
	at org.testng.TestNG.privateMain(TestNG.java:1355)
	at org.testng.TestNG.main(TestNG.java:1324)
]]>
    </error>
  </testcase> <!-- RM_982_611 -->
  <testcase name="RM_597_597" time="29.108" classname="newMMIS_Subsystems.EVS">
    <error type="org.testng.SkipException" message="Skipping this test  because this SQL did not return any rows: select id_medicaid from t_re_base b, t_re_aid_elig e where b.sak_recip=e.sak_recip and ind_active = &#039;Y&#039; and dte_death=&#039;0&#039; and e.sak_cde_aid=108 and e.cde_status1 &lt;&gt; &#039;H&#039; and to_char(sysdate, &#039;YYYYMMDD&#039;) between e.dte_effective and e.dte_end and not exists (select 1 from t_re_pmp_assign where sak_recip=b.sak_recip and cde_status1 &lt;&gt; &#039;H&#039; and to_char(sysdate,&#039;YYYYMMDD&#039;) between dte_effective and dte_end) and not exists (select 1 from t_re_aid_elig where sak_recip=b.sak_recip and cde_status1 &lt;&gt; &#039;H&#039; and sak_cde_aid &lt;&gt; e.sak_cde_aid and to_char(sysdate,&#039;YYYYMMDD&#039;) between dte_effective and dte_end) and rownum=1">
      <![CDATA[org.testng.SkipException: Skipping this test  because this SQL did not return any rows: select id_medicaid from t_re_base b, t_re_aid_elig e where b.sak_recip=e.sak_recip and ind_active = 'Y' and dte_death='0' and e.sak_cde_aid=108 and e.cde_status1 <> 'H' and to_char(sysdate, 'YYYYMMDD') between e.dte_effective and e.dte_end and not exists (select 1 from t_re_pmp_assign where sak_recip=b.sak_recip and cde_status1 <> 'H' and to_char(sysdate,'YYYYMMDD') between dte_effective and dte_end) and not exists (select 1 from t_re_aid_elig where sak_recip=b.sak_recip and cde_status1 <> 'H' and sak_cde_aid <> e.sak_cde_aid and to_char(sysdate,'YYYYMMDD') between dte_effective and dte_end) and rownum=1
	at newMMIS_Subsystems.Common.executeQuery(Unknown Source)
	at newMMIS_Subsystems.EVS.RMreset(Unknown Source)
	at newMMIS_Subsystems.EVS.RM_597_597(Unknown Source)
	at sun.reflect.NativeMethodAccessorImpl.invoke0(Native Method)
	at sun.reflect.NativeMethodAccessorImpl.invoke(NativeMethodAccessorImpl.java:62)
	at sun.reflect.DelegatingMethodAccessorImpl.invoke(DelegatingMethodAccessorImpl.java:43)
	at java.lang.reflect.Method.invoke(Method.java:498)
	at org.testng.internal.MethodInvocationHelper.invokeMethod(MethodInvocationHelper.java:85)
	at org.testng.internal.Invoker.invokeMethod(Invoker.java:639)
	at org.testng.internal.Invoker.invokeTestMethod(Invoker.java:816)
	at org.testng.internal.Invoker.invokeTestMethods(Invoker.java:1124)
	at org.testng.internal.TestMethodWorker.invokeTestMethods(TestMethodWorker.java:125)
	at org.testng.internal.TestMethodWorker.run(TestMethodWorker.java:108)
	at org.testng.TestRunner.privateRun(TestRunner.java:774)
	at org.testng.TestRunner.run(TestRunner.java:624)
	at org.testng.SuiteRunner.runTest(SuiteRunner.java:359)
	at org.testng.SuiteRunner.runSequentially(SuiteRunner.java:354)
	at org.testng.SuiteRunner.privateRun(SuiteRunner.java:312)
	at org.testng.SuiteRunner.run(SuiteRunner.java:261)
	at org.testng.SuiteRunnerWorker.runSuite(SuiteRunnerWorker.java:52)
	at org.testng.SuiteRunnerWorker.run(SuiteRunnerWorker.java:86)
	at org.testng.TestNG.runSuitesSequentially(TestNG.java:1215)
	at org.testng.TestNG.runSuitesLocally(TestNG.java:1140)
	at org.testng.TestNG.run(TestNG.java:1048)
	at org.testng.TestNG.privateMain(TestNG.java:1355)
	at org.testng.TestNG.main(TestNG.java:1324)
]]>
    </error>
  </testcase> <!-- RM_597_597 -->
  <testcase name="RM_40_601" time="13.293" classname="newMMIS_Subsystems.EVS"/>
  <testcase name="RM_742_311" time="8.095" classname="newMMIS_Subsystems.EVS">
    <error type="org.testng.SkipException" message="Skipping this test  because this SQL did not return any rows: select id_medicaid from t_re_base b, t_re_pmp_assign p, t_pmp_svc_loc l where b.sak_recip=p.sak_recip and ind_active &lt;&gt; &#039;N&#039; and dte_death=&#039;0&#039; and p.cde_status1 &lt;&gt; &#039;H&#039; and p.sak_pmp_ser_loc=l.sak_pmp_ser_loc and l.sak_prov=31449 and l.cde_service_loc=&#039;B&#039; and p.dte_end &gt;= to_char(sysdate, &#039;YYYYMMDD&#039;) and p.sak_pub_hlth=26 and rownum=1">
      <![CDATA[org.testng.SkipException: Skipping this test  because this SQL did not return any rows: select id_medicaid from t_re_base b, t_re_pmp_assign p, t_pmp_svc_loc l where b.sak_recip=p.sak_recip and ind_active <> 'N' and dte_death='0' and p.cde_status1 <> 'H' and p.sak_pmp_ser_loc=l.sak_pmp_ser_loc and l.sak_prov=31449 and l.cde_service_loc='B' and p.dte_end >= to_char(sysdate, 'YYYYMMDD') and p.sak_pub_hlth=26 and rownum=1
	at newMMIS_Subsystems.Common.executeQuery(Unknown Source)
	at newMMIS_Subsystems.EVS.RMreset(Unknown Source)
	at newMMIS_Subsystems.EVS.RM_742_311(Unknown Source)
	at sun.reflect.NativeMethodAccessorImpl.invoke0(Native Method)
	at sun.reflect.NativeMethodAccessorImpl.invoke(NativeMethodAccessorImpl.java:62)
	at sun.reflect.DelegatingMethodAccessorImpl.invoke(DelegatingMethodAccessorImpl.java:43)
	at java.lang.reflect.Method.invoke(Method.java:498)
	at org.testng.internal.MethodInvocationHelper.invokeMethod(MethodInvocationHelper.java:85)
	at org.testng.internal.Invoker.invokeMethod(Invoker.java:639)
	at org.testng.internal.Invoker.invokeTestMethod(Invoker.java:816)
	at org.testng.internal.Invoker.invokeTestMethods(Invoker.java:1124)
	at org.testng.internal.TestMethodWorker.invokeTestMethods(TestMethodWorker.java:125)
	at org.testng.internal.TestMethodWorker.run(TestMethodWorker.java:108)
	at org.testng.TestRunner.privateRun(TestRunner.java:774)
	at org.testng.TestRunner.run(TestRunner.java:624)
	at org.testng.SuiteRunner.runTest(SuiteRunner.java:359)
	at org.testng.SuiteRunner.runSequentially(SuiteRunner.java:354)
	at org.testng.SuiteRunner.privateRun(SuiteRunner.java:312)
	at org.testng.SuiteRunner.run(SuiteRunner.java:261)
	at org.testng.SuiteRunnerWorker.runSuite(SuiteRunnerWorker.java:52)
	at org.testng.SuiteRunnerWorker.run(SuiteRunnerWorker.java:86)
	at org.testng.TestNG.runSuitesSequentially(TestNG.java:1215)
	at org.testng.TestNG.runSuitesLocally(TestNG.java:1140)
	at org.testng.TestNG.run(TestNG.java:1048)
	at org.testng.TestNG.privateMain(TestNG.java:1355)
	at org.testng.TestNG.main(TestNG.java:1324)
]]>
    </error>
  </testcase> <!-- RM_742_311 -->
  <testcase name="RM_1119_663" time="41.526" classname="newMMIS_Subsystems.EVS">
    <failure type="java.lang.AssertionError" message="Did not get RM 1119 / 663 Member is enrolled in BH managed care and has TPL or Medicare or is in an aid category excluded from enrollment in an MCO or the PCC Plan. MassHealth is the payer of last resort. For behavioral health services authorization, call 1-800-495-0086. expected [true] but found [false]">
      <![CDATA[java.lang.AssertionError: Did not get RM 1119 / 663 Member is enrolled in BH managed care and has TPL or Medicare or is in an aid category excluded from enrollment in an MCO or the PCC Plan. MassHealth is the payer of last resort. For behavioral health services authorization, call 1-800-495-0086. expected [true] but found [false]
	at org.testng.Assert.fail(Assert.java:94)
	at org.testng.Assert.failNotEquals(Assert.java:496)
	at org.testng.Assert.assertTrue(Assert.java:42)
	at newMMIS_Subsystems.EVS.rmCommon(Unknown Source)
	at newMMIS_Subsystems.EVS.RM_1119_663(Unknown Source)
	at sun.reflect.NativeMethodAccessorImpl.invoke0(Native Method)
	at sun.reflect.NativeMethodAccessorImpl.invoke(NativeMethodAccessorImpl.java:62)
	at sun.reflect.DelegatingMethodAccessorImpl.invoke(DelegatingMethodAccessorImpl.java:43)
	at java.lang.reflect.Method.invoke(Method.java:498)
	at org.testng.internal.MethodInvocationHelper.invokeMethod(MethodInvocationHelper.java:85)
	at org.testng.internal.Invoker.invokeMethod(Invoker.java:639)
	at org.testng.internal.Invoker.invokeTestMethod(Invoker.java:816)
	at org.testng.internal.Invoker.invokeTestMethods(Invoker.java:1124)
	at org.testng.internal.TestMethodWorker.invokeTestMethods(TestMethodWorker.java:125)
	at org.testng.internal.TestMethodWorker.run(TestMethodWorker.java:108)
	at org.testng.TestRunner.privateRun(TestRunner.java:774)
	at org.testng.TestRunner.run(TestRunner.java:624)
	at org.testng.SuiteRunner.runTest(SuiteRunner.java:359)
	at org.testng.SuiteRunner.runSequentially(SuiteRunner.java:354)
	at org.testng.SuiteRunner.privateRun(SuiteRunner.java:312)
	at org.testng.SuiteRunner.run(SuiteRunner.java:261)
	at org.testng.SuiteRunnerWorker.runSuite(SuiteRunnerWorker.java:52)
	at org.testng.SuiteRunnerWorker.run(SuiteRunnerWorker.java:86)
	at org.testng.TestNG.runSuitesSequentially(TestNG.java:1215)
	at org.testng.TestNG.runSuitesLocally(TestNG.java:1140)
	at org.testng.TestNG.run(TestNG.java:1048)
	at org.testng.TestNG.privateMain(TestNG.java:1355)
	at org.testng.TestNG.main(TestNG.java:1324)
]]>
    </failure>
  </testcase> <!-- RM_1119_663 -->
  <testcase name="RM_955_611" time="16.213" classname="newMMIS_Subsystems.EVS"/>
  <testcase name="RM_1136_616" time="48.998" classname="newMMIS_Subsystems.EVS">
    <failure type="java.lang.AssertionError" message="Did not get RM 1136 / 616 Tufts Health Together member. Tufts Health Together is an MCO. expected [true] but found [false]">
      <![CDATA[java.lang.AssertionError: Did not get RM 1136 / 616 Tufts Health Together member. Tufts Health Together is an MCO. expected [true] but found [false]
	at org.testng.Assert.fail(Assert.java:94)
	at org.testng.Assert.failNotEquals(Assert.java:496)
	at org.testng.Assert.assertTrue(Assert.java:42)
	at newMMIS_Subsystems.EVS.rmCommon(Unknown Source)
	at newMMIS_Subsystems.EVS.RM_1136_616(Unknown Source)
	at sun.reflect.NativeMethodAccessorImpl.invoke0(Native Method)
	at sun.reflect.NativeMethodAccessorImpl.invoke(NativeMethodAccessorImpl.java:62)
	at sun.reflect.DelegatingMethodAccessorImpl.invoke(DelegatingMethodAccessorImpl.java:43)
	at java.lang.reflect.Method.invoke(Method.java:498)
	at org.testng.internal.MethodInvocationHelper.invokeMethod(MethodInvocationHelper.java:85)
	at org.testng.internal.Invoker.invokeMethod(Invoker.java:639)
	at org.testng.internal.Invoker.invokeTestMethod(Invoker.java:816)
	at org.testng.internal.Invoker.invokeTestMethods(Invoker.java:1124)
	at org.testng.internal.TestMethodWorker.invokeTestMethods(TestMethodWorker.java:125)
	at org.testng.internal.TestMethodWorker.run(TestMethodWorker.java:108)
	at org.testng.TestRunner.privateRun(TestRunner.java:774)
	at org.testng.TestRunner.run(TestRunner.java:624)
	at org.testng.SuiteRunner.runTest(SuiteRunner.java:359)
	at org.testng.SuiteRunner.runSequentially(SuiteRunner.java:354)
	at org.testng.SuiteRunner.privateRun(SuiteRunner.java:312)
	at org.testng.SuiteRunner.run(SuiteRunner.java:261)
	at org.testng.SuiteRunnerWorker.runSuite(SuiteRunnerWorker.java:52)
	at org.testng.SuiteRunnerWorker.run(SuiteRunnerWorker.java:86)
	at org.testng.TestNG.runSuitesSequentially(TestNG.java:1215)
	at org.testng.TestNG.runSuitesLocally(TestNG.java:1140)
	at org.testng.TestNG.run(TestNG.java:1048)
	at org.testng.TestNG.privateMain(TestNG.java:1355)
	at org.testng.TestNG.main(TestNG.java:1324)
]]>
    </failure>
  </testcase> <!-- RM_1136_616 -->
  <testcase name="qhpFullHSN" time="8.665" classname="newMMIS_Subsystems.EVS">
    <error type="org.testng.SkipException" message="Skipping this test  because this SQL did not return any rows: select id_medicaid from t_re_base b, t_re_aid_elig e where b.sak_recip=e.sak_recip and ind_active=&#039;Y&#039; and dte_death=&#039;0&#039; and e.cde_status1 &lt;&gt; &#039;H&#039; and e.sak_cde_aid = (select sak_cde_aid from t_cde_aid where cde_aid_category = &#039;9G&#039;) and to_char(sysdate, &#039;YYYYMMDD&#039;) between e.dte_effective and e.dte_end and not exists (select 1 from t_re_aid_elig where sak_recip=b.sak_recip and cde_status1 &lt;&gt; &#039;H&#039; and sak_cde_aid &lt;&gt; e.sak_cde_aid and to_char(sysdate,&#039;YYYYMMDD&#039;) between dte_effective and dte_end) and rownum=1">
      <![CDATA[org.testng.SkipException: Skipping this test  because this SQL did not return any rows: select id_medicaid from t_re_base b, t_re_aid_elig e where b.sak_recip=e.sak_recip and ind_active='Y' and dte_death='0' and e.cde_status1 <> 'H' and e.sak_cde_aid = (select sak_cde_aid from t_cde_aid where cde_aid_category = '9G') and to_char(sysdate, 'YYYYMMDD') between e.dte_effective and e.dte_end and not exists (select 1 from t_re_aid_elig where sak_recip=b.sak_recip and cde_status1 <> 'H' and sak_cde_aid <> e.sak_cde_aid and to_char(sysdate,'YYYYMMDD') between dte_effective and dte_end) and rownum=1
	at newMMIS_Subsystems.Common.executeQuery(Unknown Source)
	at newMMIS_Subsystems.EVS.RMreset(Unknown Source)
	at newMMIS_Subsystems.EVS.qhpFullHSN(Unknown Source)
	at sun.reflect.NativeMethodAccessorImpl.invoke0(Native Method)
	at sun.reflect.NativeMethodAccessorImpl.invoke(NativeMethodAccessorImpl.java:62)
	at sun.reflect.DelegatingMethodAccessorImpl.invoke(DelegatingMethodAccessorImpl.java:43)
	at java.lang.reflect.Method.invoke(Method.java:498)
	at org.testng.internal.MethodInvocationHelper.invokeMethod(MethodInvocationHelper.java:85)
	at org.testng.internal.Invoker.invokeMethod(Invoker.java:639)
	at org.testng.internal.Invoker.invokeTestMethod(Invoker.java:816)
	at org.testng.internal.Invoker.invokeTestMethods(Invoker.java:1124)
	at org.testng.internal.TestMethodWorker.invokeTestMethods(TestMethodWorker.java:125)
	at org.testng.internal.TestMethodWorker.run(TestMethodWorker.java:108)
	at org.testng.TestRunner.privateRun(TestRunner.java:774)
	at org.testng.TestRunner.run(TestRunner.java:624)
	at org.testng.SuiteRunner.runTest(SuiteRunner.java:359)
	at org.testng.SuiteRunner.runSequentially(SuiteRunner.java:354)
	at org.testng.SuiteRunner.privateRun(SuiteRunner.java:312)
	at org.testng.SuiteRunner.run(SuiteRunner.java:261)
	at org.testng.SuiteRunnerWorker.runSuite(SuiteRunnerWorker.java:52)
	at org.testng.SuiteRunnerWorker.run(SuiteRunnerWorker.java:86)
	at org.testng.TestNG.runSuitesSequentially(TestNG.java:1215)
	at org.testng.TestNG.runSuitesLocally(TestNG.java:1140)
	at org.testng.TestNG.run(TestNG.java:1048)
	at org.testng.TestNG.privateMain(TestNG.java:1355)
	at org.testng.TestNG.main(TestNG.java:1324)
]]>
    </error>
  </testcase> <!-- qhpFullHSN -->
  <testcase name="RM_12_031" time="50.178" classname="newMMIS_Subsystems.EVS">
    <failure type="java.lang.AssertionError" message="Did not get RM 12 / 031 Prior Auth Required on All Care Except Emergencies. ESP North Shore. Call 781-581-3900 For Lynn Clients 978-837-9479 For Beverly Clients. expected [true] but found [false]">
      <![CDATA[java.lang.AssertionError: Did not get RM 12 / 031 Prior Auth Required on All Care Except Emergencies. ESP North Shore. Call 781-581-3900 For Lynn Clients 978-837-9479 For Beverly Clients. expected [true] but found [false]
	at org.testng.Assert.fail(Assert.java:94)
	at org.testng.Assert.failNotEquals(Assert.java:496)
	at org.testng.Assert.assertTrue(Assert.java:42)
	at newMMIS_Subsystems.EVS.rmCommon(Unknown Source)
	at newMMIS_Subsystems.EVS.RM_12_031(Unknown Source)
	at sun.reflect.NativeMethodAccessorImpl.invoke0(Native Method)
	at sun.reflect.NativeMethodAccessorImpl.invoke(NativeMethodAccessorImpl.java:62)
	at sun.reflect.DelegatingMethodAccessorImpl.invoke(DelegatingMethodAccessorImpl.java:43)
	at java.lang.reflect.Method.invoke(Method.java:498)
	at org.testng.internal.MethodInvocationHelper.invokeMethod(MethodInvocationHelper.java:85)
	at org.testng.internal.Invoker.invokeMethod(Invoker.java:639)
	at org.testng.internal.Invoker.invokeTestMethod(Invoker.java:816)
	at org.testng.internal.Invoker.invokeTestMethods(Invoker.java:1124)
	at org.testng.internal.TestMethodWorker.invokeTestMethods(TestMethodWorker.java:125)
	at org.testng.internal.TestMethodWorker.run(TestMethodWorker.java:108)
	at org.testng.TestRunner.privateRun(TestRunner.java:774)
	at org.testng.TestRunner.run(TestRunner.java:624)
	at org.testng.SuiteRunner.runTest(SuiteRunner.java:359)
	at org.testng.SuiteRunner.runSequentially(SuiteRunner.java:354)
	at org.testng.SuiteRunner.privateRun(SuiteRunner.java:312)
	at org.testng.SuiteRunner.run(SuiteRunner.java:261)
	at org.testng.SuiteRunnerWorker.runSuite(SuiteRunnerWorker.java:52)
	at org.testng.SuiteRunnerWorker.run(SuiteRunnerWorker.java:86)
	at org.testng.TestNG.runSuitesSequentially(TestNG.java:1215)
	at org.testng.TestNG.runSuitesLocally(TestNG.java:1140)
	at org.testng.TestNG.run(TestNG.java:1048)
	at org.testng.TestNG.privateMain(TestNG.java:1355)
	at org.testng.TestNG.main(TestNG.java:1324)
]]>
    </failure>
  </testcase> <!-- RM_12_031 -->
  <testcase name="RM_986_661" time="42.029" classname="newMMIS_Subsystems.EVS">
    <failure type="java.lang.AssertionError" message="Did not get RM 986 / 661 Health New England member. For medical services call 1-800-786-9999. For behavioral health services call 1-800-495-0086. expected [true] but found [false]">
      <![CDATA[java.lang.AssertionError: Did not get RM 986 / 661 Health New England member. For medical services call 1-800-786-9999. For behavioral health services call 1-800-495-0086. expected [true] but found [false]
	at org.testng.Assert.fail(Assert.java:94)
	at org.testng.Assert.failNotEquals(Assert.java:496)
	at org.testng.Assert.assertTrue(Assert.java:42)
	at newMMIS_Subsystems.EVS.rmCommon(Unknown Source)
	at newMMIS_Subsystems.EVS.RM_986_661(Unknown Source)
	at sun.reflect.NativeMethodAccessorImpl.invoke0(Native Method)
	at sun.reflect.NativeMethodAccessorImpl.invoke(NativeMethodAccessorImpl.java:62)
	at sun.reflect.DelegatingMethodAccessorImpl.invoke(DelegatingMethodAccessorImpl.java:43)
	at java.lang.reflect.Method.invoke(Method.java:498)
	at org.testng.internal.MethodInvocationHelper.invokeMethod(MethodInvocationHelper.java:85)
	at org.testng.internal.Invoker.invokeMethod(Invoker.java:639)
	at org.testng.internal.Invoker.invokeTestMethod(Invoker.java:816)
	at org.testng.internal.Invoker.invokeTestMethods(Invoker.java:1124)
	at org.testng.internal.TestMethodWorker.invokeTestMethods(TestMethodWorker.java:125)
	at org.testng.internal.TestMethodWorker.run(TestMethodWorker.java:108)
	at org.testng.TestRunner.privateRun(TestRunner.java:774)
	at org.testng.TestRunner.run(TestRunner.java:624)
	at org.testng.SuiteRunner.runTest(SuiteRunner.java:359)
	at org.testng.SuiteRunner.runSequentially(SuiteRunner.java:354)
	at org.testng.SuiteRunner.privateRun(SuiteRunner.java:312)
	at org.testng.SuiteRunner.run(SuiteRunner.java:261)
	at org.testng.SuiteRunnerWorker.runSuite(SuiteRunnerWorker.java:52)
	at org.testng.SuiteRunnerWorker.run(SuiteRunnerWorker.java:86)
	at org.testng.TestNG.runSuitesSequentially(TestNG.java:1215)
	at org.testng.TestNG.runSuitesLocally(TestNG.java:1140)
	at org.testng.TestNG.run(TestNG.java:1048)
	at org.testng.TestNG.privateMain(TestNG.java:1355)
	at org.testng.TestNG.main(TestNG.java:1324)
]]>
    </failure>
  </testcase> <!-- RM_986_661 -->
  <testcase name="qhpPartHSN" time="14.105" classname="newMMIS_Subsystems.EVS">
    <error type="org.testng.SkipException" message="Skipping this test  because this SQL did not return any rows: select id_medicaid from t_re_base b, t_re_aid_elig e where b.sak_recip=e.sak_recip and ind_active=&#039;Y&#039; and dte_death=&#039;0&#039; and e.cde_status1 &lt;&gt; &#039;H&#039; and e.sak_cde_aid = (select sak_cde_aid from t_cde_aid where cde_aid_category = &#039;7E&#039;) and to_char(sysdate, &#039;YYYYMMDD&#039;) between e.dte_effective and e.dte_end and not exists (select 1 from t_re_aid_elig where sak_recip=b.sak_recip and cde_status1 &lt;&gt; &#039;H&#039; and sak_cde_aid &lt;&gt; e.sak_cde_aid and to_char(sysdate,&#039;YYYYMMDD&#039;) between dte_effective and dte_end) and rownum=1">
      <![CDATA[org.testng.SkipException: Skipping this test  because this SQL did not return any rows: select id_medicaid from t_re_base b, t_re_aid_elig e where b.sak_recip=e.sak_recip and ind_active='Y' and dte_death='0' and e.cde_status1 <> 'H' and e.sak_cde_aid = (select sak_cde_aid from t_cde_aid where cde_aid_category = '7E') and to_char(sysdate, 'YYYYMMDD') between e.dte_effective and e.dte_end and not exists (select 1 from t_re_aid_elig where sak_recip=b.sak_recip and cde_status1 <> 'H' and sak_cde_aid <> e.sak_cde_aid and to_char(sysdate,'YYYYMMDD') between dte_effective and dte_end) and rownum=1
	at newMMIS_Subsystems.Common.executeQuery(Unknown Source)
	at newMMIS_Subsystems.EVS.RMreset(Unknown Source)
	at newMMIS_Subsystems.EVS.qhpPartHSN(Unknown Source)
	at sun.reflect.NativeMethodAccessorImpl.invoke0(Native Method)
	at sun.reflect.NativeMethodAccessorImpl.invoke(NativeMethodAccessorImpl.java:62)
	at sun.reflect.DelegatingMethodAccessorImpl.invoke(DelegatingMethodAccessorImpl.java:43)
	at java.lang.reflect.Method.invoke(Method.java:498)
	at org.testng.internal.MethodInvocationHelper.invokeMethod(MethodInvocationHelper.java:85)
	at org.testng.internal.Invoker.invokeMethod(Invoker.java:639)
	at org.testng.internal.Invoker.invokeTestMethod(Invoker.java:816)
	at org.testng.internal.Invoker.invokeTestMethods(Invoker.java:1124)
	at org.testng.internal.TestMethodWorker.invokeTestMethods(TestMethodWorker.java:125)
	at org.testng.internal.TestMethodWorker.run(TestMethodWorker.java:108)
	at org.testng.TestRunner.privateRun(TestRunner.java:774)
	at org.testng.TestRunner.run(TestRunner.java:624)
	at org.testng.SuiteRunner.runTest(SuiteRunner.java:359)
	at org.testng.SuiteRunner.runSequentially(SuiteRunner.java:354)
	at org.testng.SuiteRunner.privateRun(SuiteRunner.java:312)
	at org.testng.SuiteRunner.run(SuiteRunner.java:261)
	at org.testng.SuiteRunnerWorker.runSuite(SuiteRunnerWorker.java:52)
	at org.testng.SuiteRunnerWorker.run(SuiteRunnerWorker.java:86)
	at org.testng.TestNG.runSuitesSequentially(TestNG.java:1215)
	at org.testng.TestNG.runSuitesLocally(TestNG.java:1140)
	at org.testng.TestNG.run(TestNG.java:1048)
	at org.testng.TestNG.privateMain(TestNG.java:1355)
	at org.testng.TestNG.main(TestNG.java:1324)
]]>
    </error>
  </testcase> <!-- qhpPartHSN -->
  <testcase name="RM_959_611" time="9.848" classname="newMMIS_Subsystems.EVS">
    <error type="org.testng.SkipException" message="Skipping this test  because this SQL did not return any rows: select id_medicaid from t_re_base b, t_re_aid_elig e where b.sak_recip=e.sak_recip and ind_active &lt;&gt;&#039;N&#039; and dte_death=&#039;0&#039; and e.cde_status1 &lt;&gt; &#039;H&#039; and e.dte_end &gt;= to_char(sysdate,&#039;YYYYMMDD&#039;) and e.sak_cde_aid = (select sak_cde_aid from t_cde_aid where cde_aid_category = &#039;17&#039;) and (exists (select 1 from t_re_medicare_a where sak_recip=b.sak_recip and dte_end &gt;=to_char(sysdate,&#039;YYYYMMDD&#039;)) or exists(select 1 from t_re_medicare_b where sak_recip=b.sak_recip and dte_end &gt;=to_char(sysdate,&#039;YYYYMMDD&#039;))) and not exists(select 1 from t_re_aid_elig where sak_recip=b.sak_recip and cde_status1 &lt;&gt; &#039;H&#039; and sak_cde_aid &lt;&gt; e.sak_cde_aid and dte_end &gt;= to_char(sysdate, &#039;YYYYMMDD&#039;)) and rownum=1">
      <![CDATA[org.testng.SkipException: Skipping this test  because this SQL did not return any rows: select id_medicaid from t_re_base b, t_re_aid_elig e where b.sak_recip=e.sak_recip and ind_active <>'N' and dte_death='0' and e.cde_status1 <> 'H' and e.dte_end >= to_char(sysdate,'YYYYMMDD') and e.sak_cde_aid = (select sak_cde_aid from t_cde_aid where cde_aid_category = '17') and (exists (select 1 from t_re_medicare_a where sak_recip=b.sak_recip and dte_end >=to_char(sysdate,'YYYYMMDD')) or exists(select 1 from t_re_medicare_b where sak_recip=b.sak_recip and dte_end >=to_char(sysdate,'YYYYMMDD'))) and not exists(select 1 from t_re_aid_elig where sak_recip=b.sak_recip and cde_status1 <> 'H' and sak_cde_aid <> e.sak_cde_aid and dte_end >= to_char(sysdate, 'YYYYMMDD')) and rownum=1
	at newMMIS_Subsystems.Common.executeQuery(Unknown Source)
	at newMMIS_Subsystems.EVS.RMreset(Unknown Source)
	at newMMIS_Subsystems.EVS.RM_959_611(Unknown Source)
	at sun.reflect.NativeMethodAccessorImpl.invoke0(Native Method)
	at sun.reflect.NativeMethodAccessorImpl.invoke(NativeMethodAccessorImpl.java:62)
	at sun.reflect.DelegatingMethodAccessorImpl.invoke(DelegatingMethodAccessorImpl.java:43)
	at java.lang.reflect.Method.invoke(Method.java:498)
	at org.testng.internal.MethodInvocationHelper.invokeMethod(MethodInvocationHelper.java:85)
	at org.testng.internal.Invoker.invokeMethod(Invoker.java:639)
	at org.testng.internal.Invoker.invokeTestMethod(Invoker.java:816)
	at org.testng.internal.Invoker.invokeTestMethods(Invoker.java:1124)
	at org.testng.internal.TestMethodWorker.invokeTestMethods(TestMethodWorker.java:125)
	at org.testng.internal.TestMethodWorker.run(TestMethodWorker.java:108)
	at org.testng.TestRunner.privateRun(TestRunner.java:774)
	at org.testng.TestRunner.run(TestRunner.java:624)
	at org.testng.SuiteRunner.runTest(SuiteRunner.java:359)
	at org.testng.SuiteRunner.runSequentially(SuiteRunner.java:354)
	at org.testng.SuiteRunner.privateRun(SuiteRunner.java:312)
	at org.testng.SuiteRunner.run(SuiteRunner.java:261)
	at org.testng.SuiteRunnerWorker.runSuite(SuiteRunnerWorker.java:52)
	at org.testng.SuiteRunnerWorker.run(SuiteRunnerWorker.java:86)
	at org.testng.TestNG.runSuitesSequentially(TestNG.java:1215)
	at org.testng.TestNG.runSuitesLocally(TestNG.java:1140)
	at org.testng.TestNG.run(TestNG.java:1048)
	at org.testng.TestNG.privateMain(TestNG.java:1355)
	at org.testng.TestNG.main(TestNG.java:1324)
]]>
    </error>
  </testcase> <!-- RM_959_611 -->
  <testcase name="RM_28_391" time="46.107" classname="newMMIS_Subsystems.EVS">
    <failure type="java.lang.AssertionError" message="Did not get RM 28 / 391 SENIOR CARE OPTIONS. Payment limited to SCO. Authorization needed for all services except emergencies. Call EVERCARE: 1-888-867-5511 expected [true] but found [false]">
      <![CDATA[java.lang.AssertionError: Did not get RM 28 / 391 SENIOR CARE OPTIONS. Payment limited to SCO. Authorization needed for all services except emergencies. Call EVERCARE: 1-888-867-5511 expected [true] but found [false]
	at org.testng.Assert.fail(Assert.java:94)
	at org.testng.Assert.failNotEquals(Assert.java:496)
	at org.testng.Assert.assertTrue(Assert.java:42)
	at newMMIS_Subsystems.EVS.rmCommon(Unknown Source)
	at newMMIS_Subsystems.EVS.RM_28_391(Unknown Source)
	at sun.reflect.NativeMethodAccessorImpl.invoke0(Native Method)
	at sun.reflect.NativeMethodAccessorImpl.invoke(NativeMethodAccessorImpl.java:62)
	at sun.reflect.DelegatingMethodAccessorImpl.invoke(DelegatingMethodAccessorImpl.java:43)
	at java.lang.reflect.Method.invoke(Method.java:498)
	at org.testng.internal.MethodInvocationHelper.invokeMethod(MethodInvocationHelper.java:85)
	at org.testng.internal.Invoker.invokeMethod(Invoker.java:639)
	at org.testng.internal.Invoker.invokeTestMethod(Invoker.java:816)
	at org.testng.internal.Invoker.invokeTestMethods(Invoker.java:1124)
	at org.testng.internal.TestMethodWorker.invokeTestMethods(TestMethodWorker.java:125)
	at org.testng.internal.TestMethodWorker.run(TestMethodWorker.java:108)
	at org.testng.TestRunner.privateRun(TestRunner.java:774)
	at org.testng.TestRunner.run(TestRunner.java:624)
	at org.testng.SuiteRunner.runTest(SuiteRunner.java:359)
	at org.testng.SuiteRunner.runSequentially(SuiteRunner.java:354)
	at org.testng.SuiteRunner.privateRun(SuiteRunner.java:312)
	at org.testng.SuiteRunner.run(SuiteRunner.java:261)
	at org.testng.SuiteRunnerWorker.runSuite(SuiteRunnerWorker.java:52)
	at org.testng.SuiteRunnerWorker.run(SuiteRunnerWorker.java:86)
	at org.testng.TestNG.runSuitesSequentially(TestNG.java:1215)
	at org.testng.TestNG.runSuitesLocally(TestNG.java:1140)
	at org.testng.TestNG.run(TestNG.java:1048)
	at org.testng.TestNG.privateMain(TestNG.java:1355)
	at org.testng.TestNG.main(TestNG.java:1324)
]]>
    </failure>
  </testcase> <!-- RM_28_391 -->
  <testcase name="connectorFullHSN" time="3.737" classname="newMMIS_Subsystems.EVS">
    <error type="org.testng.SkipException" message="Skipping this TC because Gloria asked to remove this tc and not test anymore">
      <![CDATA[org.testng.SkipException: Skipping this TC because Gloria asked to remove this tc and not test anymore
	at newMMIS_Subsystems.EVS.connectorFullHSN(Unknown Source)
	at sun.reflect.NativeMethodAccessorImpl.invoke0(Native Method)
	at sun.reflect.NativeMethodAccessorImpl.invoke(NativeMethodAccessorImpl.java:62)
	at sun.reflect.DelegatingMethodAccessorImpl.invoke(DelegatingMethodAccessorImpl.java:43)
	at java.lang.reflect.Method.invoke(Method.java:498)
	at org.testng.internal.MethodInvocationHelper.invokeMethod(MethodInvocationHelper.java:85)
	at org.testng.internal.Invoker.invokeMethod(Invoker.java:639)
	at org.testng.internal.Invoker.invokeTestMethod(Invoker.java:816)
	at org.testng.internal.Invoker.invokeTestMethods(Invoker.java:1124)
	at org.testng.internal.TestMethodWorker.invokeTestMethods(TestMethodWorker.java:125)
	at org.testng.internal.TestMethodWorker.run(TestMethodWorker.java:108)
	at org.testng.TestRunner.privateRun(TestRunner.java:774)
	at org.testng.TestRunner.run(TestRunner.java:624)
	at org.testng.SuiteRunner.runTest(SuiteRunner.java:359)
	at org.testng.SuiteRunner.runSequentially(SuiteRunner.java:354)
	at org.testng.SuiteRunner.privateRun(SuiteRunner.java:312)
	at org.testng.SuiteRunner.run(SuiteRunner.java:261)
	at org.testng.SuiteRunnerWorker.runSuite(SuiteRunnerWorker.java:52)
	at org.testng.SuiteRunnerWorker.run(SuiteRunnerWorker.java:86)
	at org.testng.TestNG.runSuitesSequentially(TestNG.java:1215)
	at org.testng.TestNG.runSuitesLocally(TestNG.java:1140)
	at org.testng.TestNG.run(TestNG.java:1048)
	at org.testng.TestNG.privateMain(TestNG.java:1355)
	at org.testng.TestNG.main(TestNG.java:1324)
]]>
    </error>
  </testcase> <!-- connectorFullHSN -->
  <testcase name="RM_940_656" time="14.116" classname="newMMIS_Subsystems.EVS"/>
  <testcase name="RM_965_611" time="13.890" classname="newMMIS_Subsystems.EVS"/>
  <testcase name="RM_975_611" time="15.356" classname="newMMIS_Subsystems.EVS"/>
  <testcase name="RM_530_530" time="152.153" classname="newMMIS_Subsystems.EVS">
    <failure type="java.lang.AssertionError" message="Did not get RM 530 / 530 NO PCC/MCO AUTHORIZATIONS NEEDED. FOR MH/SA SERVICE AUTHORIZATION, CALL THE PARTNERSHIP AT 1-800-495-0086. expected [true] but found [false]">
      <![CDATA[java.lang.AssertionError: Did not get RM 530 / 530 NO PCC/MCO AUTHORIZATIONS NEEDED. FOR MH/SA SERVICE AUTHORIZATION, CALL THE PARTNERSHIP AT 1-800-495-0086. expected [true] but found [false]
	at org.testng.Assert.fail(Assert.java:94)
	at org.testng.Assert.failNotEquals(Assert.java:496)
	at org.testng.Assert.assertTrue(Assert.java:42)
	at newMMIS_Subsystems.EVS.rmCommon(Unknown Source)
	at newMMIS_Subsystems.EVS.RM_530_530(Unknown Source)
	at sun.reflect.NativeMethodAccessorImpl.invoke0(Native Method)
	at sun.reflect.NativeMethodAccessorImpl.invoke(NativeMethodAccessorImpl.java:62)
	at sun.reflect.DelegatingMethodAccessorImpl.invoke(DelegatingMethodAccessorImpl.java:43)
	at java.lang.reflect.Method.invoke(Method.java:498)
	at org.testng.internal.MethodInvocationHelper.invokeMethod(MethodInvocationHelper.java:85)
	at org.testng.internal.Invoker.invokeMethod(Invoker.java:639)
	at org.testng.internal.Invoker.invokeTestMethod(Invoker.java:816)
	at org.testng.internal.Invoker.invokeTestMethods(Invoker.java:1124)
	at org.testng.internal.TestMethodWorker.invokeTestMethods(TestMethodWorker.java:125)
	at org.testng.internal.TestMethodWorker.run(TestMethodWorker.java:108)
	at org.testng.TestRunner.privateRun(TestRunner.java:774)
	at org.testng.TestRunner.run(TestRunner.java:624)
	at org.testng.SuiteRunner.runTest(SuiteRunner.java:359)
	at org.testng.SuiteRunner.runSequentially(SuiteRunner.java:354)
	at org.testng.SuiteRunner.privateRun(SuiteRunner.java:312)
	at org.testng.SuiteRunner.run(SuiteRunner.java:261)
	at org.testng.SuiteRunnerWorker.runSuite(SuiteRunnerWorker.java:52)
	at org.testng.SuiteRunnerWorker.run(SuiteRunnerWorker.java:86)
	at org.testng.TestNG.runSuitesSequentially(TestNG.java:1215)
	at org.testng.TestNG.runSuitesLocally(TestNG.java:1140)
	at org.testng.TestNG.run(TestNG.java:1048)
	at org.testng.TestNG.privateMain(TestNG.java:1355)
	at org.testng.TestNG.main(TestNG.java:1324)
]]>
    </failure>
  </testcase> <!-- RM_530_530 -->
  <testcase name="RM_71_071" time="12.837" classname="newMMIS_Subsystems.EVS">
    <failure type="java.lang.AssertionError" message="Did not get RM 71 / 071 MEMBER ENROLLED IN PROGRAM THAT LIMITS HIM/HER TO 1 PHARMACY. FOR INFORMATION, MEMBER MAY CALL 1-800-841-2900, 8AM-5PM MON-FRI. expected [true] but found [false]">
      <![CDATA[java.lang.AssertionError: Did not get RM 71 / 071 MEMBER ENROLLED IN PROGRAM THAT LIMITS HIM/HER TO 1 PHARMACY. FOR INFORMATION, MEMBER MAY CALL 1-800-841-2900, 8AM-5PM MON-FRI. expected [true] but found [false]
	at org.testng.Assert.fail(Assert.java:94)
	at org.testng.Assert.failNotEquals(Assert.java:496)
	at org.testng.Assert.assertTrue(Assert.java:42)
	at newMMIS_Subsystems.EVS.rmCommon(Unknown Source)
	at newMMIS_Subsystems.EVS.RM_71_071(Unknown Source)
	at sun.reflect.NativeMethodAccessorImpl.invoke0(Native Method)
	at sun.reflect.NativeMethodAccessorImpl.invoke(NativeMethodAccessorImpl.java:62)
	at sun.reflect.DelegatingMethodAccessorImpl.invoke(DelegatingMethodAccessorImpl.java:43)
	at java.lang.reflect.Method.invoke(Method.java:498)
	at org.testng.internal.MethodInvocationHelper.invokeMethod(MethodInvocationHelper.java:85)
	at org.testng.internal.Invoker.invokeMethod(Invoker.java:639)
	at org.testng.internal.Invoker.invokeTestMethod(Invoker.java:816)
	at org.testng.internal.Invoker.invokeTestMethods(Invoker.java:1124)
	at org.testng.internal.TestMethodWorker.invokeTestMethods(TestMethodWorker.java:125)
	at org.testng.internal.TestMethodWorker.run(TestMethodWorker.java:108)
	at org.testng.TestRunner.privateRun(TestRunner.java:774)
	at org.testng.TestRunner.run(TestRunner.java:624)
	at org.testng.SuiteRunner.runTest(SuiteRunner.java:359)
	at org.testng.SuiteRunner.runSequentially(SuiteRunner.java:354)
	at org.testng.SuiteRunner.privateRun(SuiteRunner.java:312)
	at org.testng.SuiteRunner.run(SuiteRunner.java:261)
	at org.testng.SuiteRunnerWorker.runSuite(SuiteRunnerWorker.java:52)
	at org.testng.SuiteRunnerWorker.run(SuiteRunnerWorker.java:86)
	at org.testng.TestNG.runSuitesSequentially(TestNG.java:1215)
	at org.testng.TestNG.runSuitesLocally(TestNG.java:1140)
	at org.testng.TestNG.run(TestNG.java:1048)
	at org.testng.TestNG.privateMain(TestNG.java:1355)
	at org.testng.TestNG.main(TestNG.java:1324)
]]>
    </failure>
  </testcase> <!-- RM_71_071 -->
  <testcase name="RM_950_611" time="11.741" classname="newMMIS_Subsystems.EVS"/>
  <testcase name="RM_30_495" time="87.938" classname="newMMIS_Subsystems.EVS"/>
  <testcase name="RM_2_111" time="60.935" classname="newMMIS_Subsystems.EVS">
    <error type="org.openqa.selenium.NoSuchElementException" message="no such element: Unable to locate element: {&quot;method&quot;:&quot;xpath&quot;,&quot;selector&quot;:&quot;//*[contains(@id, &#039;LTCList:0:facilityName&#039;)]&quot;}
  (Session info: chrome=119.0.6045.200)
  (Driver info: chromedriver=119.0.6045.105 (38c72552c5e15ba9b3117c0967a0fd105072d7c6-refs/branch-heads/6045@{#1103}),platform=Windows NT 10.0.19045 x86_64) (WARNING: The server did not provide any stacktrace information)
Command duration or timeout: 30.03 seconds
For documentation on this error, please visit: http://seleniumhq.org/exceptions/no_such_element.html
Build info: version: &#039;2.49.1&#039;, revision: &#039;7203e46&#039;, time: &#039;2016-01-21 17:35:35&#039;
System info: host: &#039;GWT-2GJ2DL3&#039;, ip: &#039;192.168.1.133&#039;, os.name: &#039;Windows 10&#039;, os.arch: &#039;amd64&#039;, os.version: &#039;10.0&#039;, java.version: &#039;1.8.0_91&#039;
Driver info: org.openqa.selenium.chrome.ChromeDriver
Capabilities [{mobileEmulationEnabled=false, timeouts={implicit=0, pageLoad=300000, script=30000}, hasTouchScreen=false, platform=XP, acceptSslCerts=false, goog:chromeOptions={debuggerAddress=localhost:52996}, webauthn:extension:credBlob=true, acceptInsecureCerts=false, fedcm:accounts=true, webStorageEnabled=true, browserName=chrome, takesScreenshot=true, javascriptEnabled=true, setWindowRect=true, webauthn:extension:largeBlob=true, unexpectedAlertBehaviour=ignore, rotatable=false, networkConnectionEnabled=false, chrome={chromedriverVersion=119.0.6045.105 (38c72552c5e15ba9b3117c0967a0fd105072d7c6-refs/branch-heads/6045@{#1103}), userDataDir=C:\Users\AGANDH~1\AppData\Local\Temp\scoped_dir31708_214247731}, takesHeapSnapshot=true, pageLoadStrategy=normal, strictFileInteractability=false, databaseEnabled=false, handlesAlerts=true, version=119.0.6045.200, browserConnectionEnabled=false, proxy={}, nativeEvents=true, webauthn:extension:minPinLength=true, webauthn:extension:prf=true, locationContextEnabled=true, cssSelectorsEnabled=true, webauthn:virtualAuthenticators=true}]
Session ID: 32a06416e97ec012c37c06be53e6fbc8
*** Element info: {Using=xpath, value=//*[contains(@id, &#039;LTCList:0:facilityName&#039;)]}">
      <![CDATA[org.openqa.selenium.NoSuchElementException: no such element: Unable to locate element: {"method":"xpath","selector":"//*[contains(@id, 'LTCList:0:facilityName')]"}
  (Session info: chrome=119.0.6045.200)
  (Driver info: chromedriver=119.0.6045.105 (38c72552c5e15ba9b3117c0967a0fd105072d7c6-refs/branch-heads/6045@{#1103}),platform=Windows NT 10.0.19045 x86_64) (WARNING: The server did not provide any stacktrace information)
Command duration or timeout: 30.03 seconds
For documentation on this error, please visit: http://seleniumhq.org/exceptions/no_such_element.html
Build info: version: '2.49.1', revision: '7203e46', time: '2016-01-21 17:35:35'
System info: host: 'GWT-2GJ2DL3', ip: '192.168.1.133', os.name: 'Windows 10', os.arch: 'amd64', os.version: '10.0', java.version: '1.8.0_91'
Driver info: org.openqa.selenium.chrome.ChromeDriver
Capabilities [{mobileEmulationEnabled=false, timeouts={implicit=0, pageLoad=300000, script=30000}, hasTouchScreen=false, platform=XP, acceptSslCerts=false, goog:chromeOptions={debuggerAddress=localhost:52996}, webauthn:extension:credBlob=true, acceptInsecureCerts=false, fedcm:accounts=true, webStorageEnabled=true, browserName=chrome, takesScreenshot=true, javascriptEnabled=true, setWindowRect=true, webauthn:extension:largeBlob=true, unexpectedAlertBehaviour=ignore, rotatable=false, networkConnectionEnabled=false, chrome={chromedriverVersion=119.0.6045.105 (38c72552c5e15ba9b3117c0967a0fd105072d7c6-refs/branch-heads/6045@{#1103}), userDataDir=C:\Users\AGANDH~1\AppData\Local\Temp\scoped_dir31708_214247731}, takesHeapSnapshot=true, pageLoadStrategy=normal, strictFileInteractability=false, databaseEnabled=false, handlesAlerts=true, version=119.0.6045.200, browserConnectionEnabled=false, proxy={}, nativeEvents=true, webauthn:extension:minPinLength=true, webauthn:extension:prf=true, locationContextEnabled=true, cssSelectorsEnabled=true, webauthn:virtualAuthenticators=true}]
Session ID: 32a06416e97ec012c37c06be53e6fbc8
*** Element info: {Using=xpath, value=//*[contains(@id, 'LTCList:0:facilityName')]}
	at sun.reflect.NativeConstructorAccessorImpl.newInstance0(Native Method)
	at sun.reflect.NativeConstructorAccessorImpl.newInstance(NativeConstructorAccessorImpl.java:62)
	at sun.reflect.DelegatingConstructorAccessorImpl.newInstance(DelegatingConstructorAccessorImpl.java:45)
	at java.lang.reflect.Constructor.newInstance(Constructor.java:423)
	at org.openqa.selenium.remote.ErrorHandler.createThrowable(ErrorHandler.java:206)
	at org.openqa.selenium.remote.ErrorHandler.throwIfResponseFailed(ErrorHandler.java:158)
	at org.openqa.selenium.remote.RemoteWebDriver.execute(RemoteWebDriver.java:678)
	at org.openqa.selenium.remote.RemoteWebDriver.findElement(RemoteWebDriver.java:363)
	at org.openqa.selenium.remote.RemoteWebDriver.findElementByXPath(RemoteWebDriver.java:500)
	at org.openqa.selenium.By$ByXPath.findElement(By.java:361)
	at org.openqa.selenium.remote.RemoteWebDriver.findElement(RemoteWebDriver.java:355)
	at newMMIS_Subsystems.EVS.RM_2_111(Unknown Source)
	at sun.reflect.NativeMethodAccessorImpl.invoke0(Native Method)
	at sun.reflect.NativeMethodAccessorImpl.invoke(NativeMethodAccessorImpl.java:62)
	at sun.reflect.DelegatingMethodAccessorImpl.invoke(DelegatingMethodAccessorImpl.java:43)
	at java.lang.reflect.Method.invoke(Method.java:498)
	at org.testng.internal.MethodInvocationHelper.invokeMethod(MethodInvocationHelper.java:85)
	at org.testng.internal.Invoker.invokeMethod(Invoker.java:639)
	at org.testng.internal.Invoker.invokeTestMethod(Invoker.java:816)
	at org.testng.internal.Invoker.invokeTestMethods(Invoker.java:1124)
	at org.testng.internal.TestMethodWorker.invokeTestMethods(TestMethodWorker.java:125)
	at org.testng.internal.TestMethodWorker.run(TestMethodWorker.java:108)
	at org.testng.TestRunner.privateRun(TestRunner.java:774)
	at org.testng.TestRunner.run(TestRunner.java:624)
	at org.testng.SuiteRunner.runTest(SuiteRunner.java:359)
	at org.testng.SuiteRunner.runSequentially(SuiteRunner.java:354)
	at org.testng.SuiteRunner.privateRun(SuiteRunner.java:312)
	at org.testng.SuiteRunner.run(SuiteRunner.java:261)
	at org.testng.SuiteRunnerWorker.runSuite(SuiteRunnerWorker.java:52)
	at org.testng.SuiteRunnerWorker.run(SuiteRunnerWorker.java:86)
	at org.testng.TestNG.runSuitesSequentially(TestNG.java:1215)
	at org.testng.TestNG.runSuitesLocally(TestNG.java:1140)
	at org.testng.TestNG.run(TestNG.java:1048)
	at org.testng.TestNG.privateMain(TestNG.java:1355)
	at org.testng.TestNG.main(TestNG.java:1324)
]]>
    </error>
  </testcase> <!-- RM_2_111 -->
  <testcase name="connectorPartHSN" time="6.346" classname="newMMIS_Subsystems.EVS">
    <error type="org.testng.SkipException" message="Skipping this TC because Gloria asked to remove this tc and not test anymore">
      <![CDATA[org.testng.SkipException: Skipping this TC because Gloria asked to remove this tc and not test anymore
	at newMMIS_Subsystems.EVS.connectorPartHSN(Unknown Source)
	at sun.reflect.NativeMethodAccessorImpl.invoke0(Native Method)
	at sun.reflect.NativeMethodAccessorImpl.invoke(NativeMethodAccessorImpl.java:62)
	at sun.reflect.DelegatingMethodAccessorImpl.invoke(DelegatingMethodAccessorImpl.java:43)
	at java.lang.reflect.Method.invoke(Method.java:498)
	at org.testng.internal.MethodInvocationHelper.invokeMethod(MethodInvocationHelper.java:85)
	at org.testng.internal.Invoker.invokeMethod(Invoker.java:639)
	at org.testng.internal.Invoker.invokeTestMethod(Invoker.java:816)
	at org.testng.internal.Invoker.invokeTestMethods(Invoker.java:1124)
	at org.testng.internal.TestMethodWorker.invokeTestMethods(TestMethodWorker.java:125)
	at org.testng.internal.TestMethodWorker.run(TestMethodWorker.java:108)
	at org.testng.TestRunner.privateRun(TestRunner.java:774)
	at org.testng.TestRunner.run(TestRunner.java:624)
	at org.testng.SuiteRunner.runTest(SuiteRunner.java:359)
	at org.testng.SuiteRunner.runSequentially(SuiteRunner.java:354)
	at org.testng.SuiteRunner.privateRun(SuiteRunner.java:312)
	at org.testng.SuiteRunner.run(SuiteRunner.java:261)
	at org.testng.SuiteRunnerWorker.runSuite(SuiteRunnerWorker.java:52)
	at org.testng.SuiteRunnerWorker.run(SuiteRunnerWorker.java:86)
	at org.testng.TestNG.runSuitesSequentially(TestNG.java:1215)
	at org.testng.TestNG.runSuitesLocally(TestNG.java:1140)
	at org.testng.TestNG.run(TestNG.java:1048)
	at org.testng.TestNG.privateMain(TestNG.java:1355)
	at org.testng.TestNG.main(TestNG.java:1324)
]]>
    </error>
  </testcase> <!-- connectorPartHSN -->
  <testcase name="RM_1231_665" time="49.326" classname="newMMIS_Subsystems.EVS">
    <failure type="java.lang.AssertionError" message="Did not get RM 1231 / 665 Senior Care Options. Payment limited to SCO. Authorization needed for all services except emergencies. Call Tufts Health Plan Senior Care Options - 855-670-5934 expected [true] but found [false]">
      <![CDATA[java.lang.AssertionError: Did not get RM 1231 / 665 Senior Care Options. Payment limited to SCO. Authorization needed for all services except emergencies. Call Tufts Health Plan Senior Care Options - 855-670-5934 expected [true] but found [false]
	at org.testng.Assert.fail(Assert.java:94)
	at org.testng.Assert.failNotEquals(Assert.java:496)
	at org.testng.Assert.assertTrue(Assert.java:42)
	at newMMIS_Subsystems.EVS.rmCommon(Unknown Source)
	at newMMIS_Subsystems.EVS.RM_1231_665(Unknown Source)
	at sun.reflect.NativeMethodAccessorImpl.invoke0(Native Method)
	at sun.reflect.NativeMethodAccessorImpl.invoke(NativeMethodAccessorImpl.java:62)
	at sun.reflect.DelegatingMethodAccessorImpl.invoke(DelegatingMethodAccessorImpl.java:43)
	at java.lang.reflect.Method.invoke(Method.java:498)
	at org.testng.internal.MethodInvocationHelper.invokeMethod(MethodInvocationHelper.java:85)
	at org.testng.internal.Invoker.invokeMethod(Invoker.java:639)
	at org.testng.internal.Invoker.invokeTestMethod(Invoker.java:816)
	at org.testng.internal.Invoker.invokeTestMethods(Invoker.java:1124)
	at org.testng.internal.TestMethodWorker.invokeTestMethods(TestMethodWorker.java:125)
	at org.testng.internal.TestMethodWorker.run(TestMethodWorker.java:108)
	at org.testng.TestRunner.privateRun(TestRunner.java:774)
	at org.testng.TestRunner.run(TestRunner.java:624)
	at org.testng.SuiteRunner.runTest(SuiteRunner.java:359)
	at org.testng.SuiteRunner.runSequentially(SuiteRunner.java:354)
	at org.testng.SuiteRunner.privateRun(SuiteRunner.java:312)
	at org.testng.SuiteRunner.run(SuiteRunner.java:261)
	at org.testng.SuiteRunnerWorker.runSuite(SuiteRunnerWorker.java:52)
	at org.testng.SuiteRunnerWorker.run(SuiteRunnerWorker.java:86)
	at org.testng.TestNG.runSuitesSequentially(TestNG.java:1215)
	at org.testng.TestNG.runSuitesLocally(TestNG.java:1140)
	at org.testng.TestNG.run(TestNG.java:1048)
	at org.testng.TestNG.privateMain(TestNG.java:1355)
	at org.testng.TestNG.main(TestNG.java:1324)
]]>
    </failure>
  </testcase> <!-- RM_1231_665 -->
  <testcase name="connectorPartHSN" time="9.292" classname="newMMIS_Subsystems.EVS">
    <error type="org.testng.SkipException" message="Skipping this test  because this SQL did not return any rows: select id_medicaid from t_re_base b, t_re_aid_elig e where b.sak_recip=e.sak_recip and ind_active=&#039;Y&#039; and dte_death=&#039;0&#039; and e.cde_status1 &lt;&gt; &#039;H&#039; and e.sak_cde_aid = (select sak_cde_aid from t_cde_aid where cde_aid_category = &#039;1R&#039;) and to_char(sysdate, &#039;YYYYMMDD&#039;) between e.dte_effective and e.dte_end and not exists (select 1 from t_re_aid_elig where sak_recip=b.sak_recip and cde_status1 &lt;&gt; &#039;H&#039; and sak_cde_aid &lt;&gt; e.sak_cde_aid and to_char(sysdate,&#039;YYYYMMDD&#039;) between dte_effective and dte_end) and rownum=1">
      <![CDATA[org.testng.SkipException: Skipping this test  because this SQL did not return any rows: select id_medicaid from t_re_base b, t_re_aid_elig e where b.sak_recip=e.sak_recip and ind_active='Y' and dte_death='0' and e.cde_status1 <> 'H' and e.sak_cde_aid = (select sak_cde_aid from t_cde_aid where cde_aid_category = '1R') and to_char(sysdate, 'YYYYMMDD') between e.dte_effective and e.dte_end and not exists (select 1 from t_re_aid_elig where sak_recip=b.sak_recip and cde_status1 <> 'H' and sak_cde_aid <> e.sak_cde_aid and to_char(sysdate,'YYYYMMDD') between dte_effective and dte_end) and rownum=1
	at newMMIS_Subsystems.Common.executeQuery(Unknown Source)
	at newMMIS_Subsystems.EVS.RMreset(Unknown Source)
	at newMMIS_Subsystems.EVS.connectorPartHSN(Unknown Source)
	at sun.reflect.NativeMethodAccessorImpl.invoke0(Native Method)
	at sun.reflect.NativeMethodAccessorImpl.invoke(NativeMethodAccessorImpl.java:62)
	at sun.reflect.DelegatingMethodAccessorImpl.invoke(DelegatingMethodAccessorImpl.java:43)
	at java.lang.reflect.Method.invoke(Method.java:498)
	at org.testng.internal.MethodInvocationHelper.invokeMethod(MethodInvocationHelper.java:85)
	at org.testng.internal.Invoker.invokeMethod(Invoker.java:639)
	at org.testng.internal.Invoker.invokeTestMethod(Invoker.java:816)
	at org.testng.internal.Invoker.invokeTestMethods(Invoker.java:1124)
	at org.testng.internal.TestMethodWorker.invokeTestMethods(TestMethodWorker.java:125)
	at org.testng.internal.TestMethodWorker.run(TestMethodWorker.java:108)
	at org.testng.TestRunner.privateRun(TestRunner.java:774)
	at org.testng.TestRunner.run(TestRunner.java:624)
	at org.testng.SuiteRunner.runTest(SuiteRunner.java:359)
	at org.testng.SuiteRunner.runSequentially(SuiteRunner.java:354)
	at org.testng.SuiteRunner.privateRun(SuiteRunner.java:312)
	at org.testng.SuiteRunner.run(SuiteRunner.java:261)
	at org.testng.SuiteRunnerWorker.runSuite(SuiteRunnerWorker.java:52)
	at org.testng.SuiteRunnerWorker.run(SuiteRunnerWorker.java:86)
	at org.testng.TestNG.runSuitesSequentially(TestNG.java:1215)
	at org.testng.TestNG.runSuitesLocally(TestNG.java:1140)
	at org.testng.TestNG.run(TestNG.java:1048)
	at org.testng.TestNG.privateMain(TestNG.java:1355)
	at org.testng.TestNG.main(TestNG.java:1324)
]]>
    </error>
  </testcase> <!-- connectorPartHSN -->
  <testcase name="RM_1541" time="6.422" classname="newMMIS_Subsystems.EVS">
    <error type="org.testng.SkipException" message="Skipping this test  because this SQL did not return any rows: select id_medicaid from t_re_base b, t_re_aid_elig e where b.sak_recip=e.sak_recip and ind_active=&#039;Y&#039; and dte_death=&#039;0&#039; and e.cde_status1 &lt;&gt; &#039;H&#039; and e.sak_cde_aid=&#039;247&#039; and to_char(sysdate,&#039;YYYYMMDD&#039;) between e.dte_effective and e.dte_end and not exists (select 1 from t_re_aid_elig where sak_recip=b.sak_recip and cde_status1 &lt;&gt; &#039;H&#039; and sak_cde_aid &lt;&gt; e.sak_cde_aid and to_char(sysdate,&#039;YYYYMMDD&#039;) between dte_effective and dte_end) and rownum=1">
      <![CDATA[org.testng.SkipException: Skipping this test  because this SQL did not return any rows: select id_medicaid from t_re_base b, t_re_aid_elig e where b.sak_recip=e.sak_recip and ind_active='Y' and dte_death='0' and e.cde_status1 <> 'H' and e.sak_cde_aid='247' and to_char(sysdate,'YYYYMMDD') between e.dte_effective and e.dte_end and not exists (select 1 from t_re_aid_elig where sak_recip=b.sak_recip and cde_status1 <> 'H' and sak_cde_aid <> e.sak_cde_aid and to_char(sysdate,'YYYYMMDD') between dte_effective and dte_end) and rownum=1
	at newMMIS_Subsystems.Common.executeQuery(Unknown Source)
	at newMMIS_Subsystems.EVS.RMreset(Unknown Source)
	at newMMIS_Subsystems.EVS.RM_1541(Unknown Source)
	at sun.reflect.NativeMethodAccessorImpl.invoke0(Native Method)
	at sun.reflect.NativeMethodAccessorImpl.invoke(NativeMethodAccessorImpl.java:62)
	at sun.reflect.DelegatingMethodAccessorImpl.invoke(DelegatingMethodAccessorImpl.java:43)
	at java.lang.reflect.Method.invoke(Method.java:498)
	at org.testng.internal.MethodInvocationHelper.invokeMethod(MethodInvocationHelper.java:85)
	at org.testng.internal.Invoker.invokeMethod(Invoker.java:639)
	at org.testng.internal.Invoker.invokeTestMethod(Invoker.java:816)
	at org.testng.internal.Invoker.invokeTestMethods(Invoker.java:1124)
	at org.testng.internal.TestMethodWorker.invokeTestMethods(TestMethodWorker.java:125)
	at org.testng.internal.TestMethodWorker.run(TestMethodWorker.java:108)
	at org.testng.TestRunner.privateRun(TestRunner.java:774)
	at org.testng.TestRunner.run(TestRunner.java:624)
	at org.testng.SuiteRunner.runTest(SuiteRunner.java:359)
	at org.testng.SuiteRunner.runSequentially(SuiteRunner.java:354)
	at org.testng.SuiteRunner.privateRun(SuiteRunner.java:312)
	at org.testng.SuiteRunner.run(SuiteRunner.java:261)
	at org.testng.SuiteRunnerWorker.runSuite(SuiteRunnerWorker.java:52)
	at org.testng.SuiteRunnerWorker.run(SuiteRunnerWorker.java:86)
	at org.testng.TestNG.runSuitesSequentially(TestNG.java:1215)
	at org.testng.TestNG.runSuitesLocally(TestNG.java:1140)
	at org.testng.TestNG.run(TestNG.java:1048)
	at org.testng.TestNG.privateMain(TestNG.java:1355)
	at org.testng.TestNG.main(TestNG.java:1324)
]]>
    </error>
  </testcase> <!-- RM_1541 -->
  <testcase name="RM_968_611" time="11.764" classname="newMMIS_Subsystems.EVS"/>
  <testcase name="connectorFullHSN" time="10.182" classname="newMMIS_Subsystems.EVS">
    <error type="org.testng.SkipException" message="Skipping this test  because this SQL did not return any rows: select id_medicaid from t_re_base b, t_re_aid_elig e where b.sak_recip=e.sak_recip and ind_active=&#039;Y&#039; and dte_death=&#039;0&#039; and e.cde_status1 &lt;&gt; &#039;H&#039; and e.sak_cde_aid = (select sak_cde_aid from t_cde_aid where cde_aid_category = &#039;1M&#039;) and to_char(sysdate, &#039;YYYYMMDD&#039;) between e.dte_effective and e.dte_end and not exists (select 1 from t_re_aid_elig where sak_recip=b.sak_recip and cde_status1 &lt;&gt; &#039;H&#039; and sak_cde_aid &lt;&gt; e.sak_cde_aid and to_char(sysdate,&#039;YYYYMMDD&#039;) between dte_effective and dte_end) and rownum=1">
      <![CDATA[org.testng.SkipException: Skipping this test  because this SQL did not return any rows: select id_medicaid from t_re_base b, t_re_aid_elig e where b.sak_recip=e.sak_recip and ind_active='Y' and dte_death='0' and e.cde_status1 <> 'H' and e.sak_cde_aid = (select sak_cde_aid from t_cde_aid where cde_aid_category = '1M') and to_char(sysdate, 'YYYYMMDD') between e.dte_effective and e.dte_end and not exists (select 1 from t_re_aid_elig where sak_recip=b.sak_recip and cde_status1 <> 'H' and sak_cde_aid <> e.sak_cde_aid and to_char(sysdate,'YYYYMMDD') between dte_effective and dte_end) and rownum=1
	at newMMIS_Subsystems.Common.executeQuery(Unknown Source)
	at newMMIS_Subsystems.EVS.RMreset(Unknown Source)
	at newMMIS_Subsystems.EVS.connectorFullHSN(Unknown Source)
	at sun.reflect.NativeMethodAccessorImpl.invoke0(Native Method)
	at sun.reflect.NativeMethodAccessorImpl.invoke(NativeMethodAccessorImpl.java:62)
	at sun.reflect.DelegatingMethodAccessorImpl.invoke(DelegatingMethodAccessorImpl.java:43)
	at java.lang.reflect.Method.invoke(Method.java:498)
	at org.testng.internal.MethodInvocationHelper.invokeMethod(MethodInvocationHelper.java:85)
	at org.testng.internal.Invoker.invokeMethod(Invoker.java:639)
	at org.testng.internal.Invoker.invokeTestMethod(Invoker.java:816)
	at org.testng.internal.Invoker.invokeTestMethods(Invoker.java:1124)
	at org.testng.internal.TestMethodWorker.invokeTestMethods(TestMethodWorker.java:125)
	at org.testng.internal.TestMethodWorker.run(TestMethodWorker.java:108)
	at org.testng.TestRunner.privateRun(TestRunner.java:774)
	at org.testng.TestRunner.run(TestRunner.java:624)
	at org.testng.SuiteRunner.runTest(SuiteRunner.java:359)
	at org.testng.SuiteRunner.runSequentially(SuiteRunner.java:354)
	at org.testng.SuiteRunner.privateRun(SuiteRunner.java:312)
	at org.testng.SuiteRunner.run(SuiteRunner.java:261)
	at org.testng.SuiteRunnerWorker.runSuite(SuiteRunnerWorker.java:52)
	at org.testng.SuiteRunnerWorker.run(SuiteRunnerWorker.java:86)
	at org.testng.TestNG.runSuitesSequentially(TestNG.java:1215)
	at org.testng.TestNG.runSuitesLocally(TestNG.java:1140)
	at org.testng.TestNG.run(TestNG.java:1048)
	at org.testng.TestNG.privateMain(TestNG.java:1355)
	at org.testng.TestNG.main(TestNG.java:1324)
]]>
    </error>
  </testcase> <!-- connectorFullHSN -->
  <testcase name="RM_34_520" time="16.102" classname="newMMIS_Subsystems.EVS"/>
  <testcase name="connectorPartHSN" time="10.690" classname="newMMIS_Subsystems.EVS"/>
  <testcase name="RM_68_126" time="16.530" classname="newMMIS_Subsystems.EVS">
    <failure type="java.lang.AssertionError" message="Did not get RM 68 / 126 COMMUNITY CASE MANAGEMENT (CCM) MEMBER: PRIOR AUTHORIZATION REQUIRED FOR NURSING, HOME HEALTH AIDE AND PCA SERVICES. CONTACT CCM AT 1-800-863-6068 expected [true] but found [false]">
      <![CDATA[java.lang.AssertionError: Did not get RM 68 / 126 COMMUNITY CASE MANAGEMENT (CCM) MEMBER: PRIOR AUTHORIZATION REQUIRED FOR NURSING, HOME HEALTH AIDE AND PCA SERVICES. CONTACT CCM AT 1-800-863-6068 expected [true] but found [false]
	at org.testng.Assert.fail(Assert.java:94)
	at org.testng.Assert.failNotEquals(Assert.java:496)
	at org.testng.Assert.assertTrue(Assert.java:42)
	at newMMIS_Subsystems.EVS.rmCommon(Unknown Source)
	at newMMIS_Subsystems.EVS.RM_68_126(Unknown Source)
	at sun.reflect.NativeMethodAccessorImpl.invoke0(Native Method)
	at sun.reflect.NativeMethodAccessorImpl.invoke(NativeMethodAccessorImpl.java:62)
	at sun.reflect.DelegatingMethodAccessorImpl.invoke(DelegatingMethodAccessorImpl.java:43)
	at java.lang.reflect.Method.invoke(Method.java:498)
	at org.testng.internal.MethodInvocationHelper.invokeMethod(MethodInvocationHelper.java:85)
	at org.testng.internal.Invoker.invokeMethod(Invoker.java:639)
	at org.testng.internal.Invoker.invokeTestMethod(Invoker.java:816)
	at org.testng.internal.Invoker.invokeTestMethods(Invoker.java:1124)
	at org.testng.internal.TestMethodWorker.invokeTestMethods(TestMethodWorker.java:125)
	at org.testng.internal.TestMethodWorker.run(TestMethodWorker.java:108)
	at org.testng.TestRunner.privateRun(TestRunner.java:774)
	at org.testng.TestRunner.run(TestRunner.java:624)
	at org.testng.SuiteRunner.runTest(SuiteRunner.java:359)
	at org.testng.SuiteRunner.runSequentially(SuiteRunner.java:354)
	at org.testng.SuiteRunner.privateRun(SuiteRunner.java:312)
	at org.testng.SuiteRunner.run(SuiteRunner.java:261)
	at org.testng.SuiteRunnerWorker.runSuite(SuiteRunnerWorker.java:52)
	at org.testng.SuiteRunnerWorker.run(SuiteRunnerWorker.java:86)
	at org.testng.TestNG.runSuitesSequentially(TestNG.java:1215)
	at org.testng.TestNG.runSuitesLocally(TestNG.java:1140)
	at org.testng.TestNG.run(TestNG.java:1048)
	at org.testng.TestNG.privateMain(TestNG.java:1355)
	at org.testng.TestNG.main(TestNG.java:1324)
]]>
    </failure>
  </testcase> <!-- RM_68_126 -->
  <testcase name="RM_1061_618" time="43.196" classname="newMMIS_Subsystems.EVS">
    <failure type="java.lang.AssertionError" message="Did not get RM 1061 / 618 BMC HealthNet Plan member. BMC HealthNet Plan is an MCO. expected [true] but found [false]">
      <![CDATA[java.lang.AssertionError: Did not get RM 1061 / 618 BMC HealthNet Plan member. BMC HealthNet Plan is an MCO. expected [true] but found [false]
	at org.testng.Assert.fail(Assert.java:94)
	at org.testng.Assert.failNotEquals(Assert.java:496)
	at org.testng.Assert.assertTrue(Assert.java:42)
	at newMMIS_Subsystems.EVS.rmCommon(Unknown Source)
	at newMMIS_Subsystems.EVS.RM_1061_618(Unknown Source)
	at sun.reflect.NativeMethodAccessorImpl.invoke0(Native Method)
	at sun.reflect.NativeMethodAccessorImpl.invoke(NativeMethodAccessorImpl.java:62)
	at sun.reflect.DelegatingMethodAccessorImpl.invoke(DelegatingMethodAccessorImpl.java:43)
	at java.lang.reflect.Method.invoke(Method.java:498)
	at org.testng.internal.MethodInvocationHelper.invokeMethod(MethodInvocationHelper.java:85)
	at org.testng.internal.Invoker.invokeMethod(Invoker.java:639)
	at org.testng.internal.Invoker.invokeTestMethod(Invoker.java:816)
	at org.testng.internal.Invoker.invokeTestMethods(Invoker.java:1124)
	at org.testng.internal.TestMethodWorker.invokeTestMethods(TestMethodWorker.java:125)
	at org.testng.internal.TestMethodWorker.run(TestMethodWorker.java:108)
	at org.testng.TestRunner.privateRun(TestRunner.java:774)
	at org.testng.TestRunner.run(TestRunner.java:624)
	at org.testng.SuiteRunner.runTest(SuiteRunner.java:359)
	at org.testng.SuiteRunner.runSequentially(SuiteRunner.java:354)
	at org.testng.SuiteRunner.privateRun(SuiteRunner.java:312)
	at org.testng.SuiteRunner.run(SuiteRunner.java:261)
	at org.testng.SuiteRunnerWorker.runSuite(SuiteRunnerWorker.java:52)
	at org.testng.SuiteRunnerWorker.run(SuiteRunnerWorker.java:86)
	at org.testng.TestNG.runSuitesSequentially(TestNG.java:1215)
	at org.testng.TestNG.runSuitesLocally(TestNG.java:1140)
	at org.testng.TestNG.run(TestNG.java:1048)
	at org.testng.TestNG.privateMain(TestNG.java:1355)
	at org.testng.TestNG.main(TestNG.java:1324)
]]>
    </failure>
  </testcase> <!-- RM_1061_618 -->
  <testcase name="connectorFullHSN" time="12.346" classname="newMMIS_Subsystems.EVS"/>
  <testcase name="qhpFullHSN" time="14.619" classname="newMMIS_Subsystems.EVS"/>
  <testcase name="RM_770_648" time="13.397" classname="newMMIS_Subsystems.EVS"/>
  <testcase name="RM_792_637" time="14.974" classname="newMMIS_Subsystems.EVS"/>
  <testcase name="RM_74_74" time="20.803" classname="newMMIS_Subsystems.EVS"/>
  <testcase name="RM_962_611" time="15.592" classname="newMMIS_Subsystems.EVS"/>
  <testcase name="connectorFullHSN" time="7.141" classname="newMMIS_Subsystems.EVS">
    <error type="org.testng.SkipException" message="Skipping this test  because this SQL did not return any rows: select id_medicaid from t_re_base b, t_re_aid_elig e where b.sak_recip=e.sak_recip and ind_active=&#039;Y&#039; and dte_death=&#039;0&#039; and e.cde_status1 &lt;&gt; &#039;H&#039; and e.sak_cde_aid = (select sak_cde_aid from t_cde_aid where cde_aid_category = &#039;2W&#039;) and to_char(sysdate, &#039;YYYYMMDD&#039;) between e.dte_effective and e.dte_end and not exists (select 1 from t_re_aid_elig where sak_recip=b.sak_recip and cde_status1 &lt;&gt; &#039;H&#039; and sak_cde_aid &lt;&gt; e.sak_cde_aid and to_char(sysdate,&#039;YYYYMMDD&#039;) between dte_effective and dte_end) and rownum=1">
      <![CDATA[org.testng.SkipException: Skipping this test  because this SQL did not return any rows: select id_medicaid from t_re_base b, t_re_aid_elig e where b.sak_recip=e.sak_recip and ind_active='Y' and dte_death='0' and e.cde_status1 <> 'H' and e.sak_cde_aid = (select sak_cde_aid from t_cde_aid where cde_aid_category = '2W') and to_char(sysdate, 'YYYYMMDD') between e.dte_effective and e.dte_end and not exists (select 1 from t_re_aid_elig where sak_recip=b.sak_recip and cde_status1 <> 'H' and sak_cde_aid <> e.sak_cde_aid and to_char(sysdate,'YYYYMMDD') between dte_effective and dte_end) and rownum=1
	at newMMIS_Subsystems.Common.executeQuery(Unknown Source)
	at newMMIS_Subsystems.EVS.RMreset(Unknown Source)
	at newMMIS_Subsystems.EVS.connectorFullHSN(Unknown Source)
	at sun.reflect.NativeMethodAccessorImpl.invoke0(Native Method)
	at sun.reflect.NativeMethodAccessorImpl.invoke(NativeMethodAccessorImpl.java:62)
	at sun.reflect.DelegatingMethodAccessorImpl.invoke(DelegatingMethodAccessorImpl.java:43)
	at java.lang.reflect.Method.invoke(Method.java:498)
	at org.testng.internal.MethodInvocationHelper.invokeMethod(MethodInvocationHelper.java:85)
	at org.testng.internal.Invoker.invokeMethod(Invoker.java:639)
	at org.testng.internal.Invoker.invokeTestMethod(Invoker.java:816)
	at org.testng.internal.Invoker.invokeTestMethods(Invoker.java:1124)
	at org.testng.internal.TestMethodWorker.invokeTestMethods(TestMethodWorker.java:125)
	at org.testng.internal.TestMethodWorker.run(TestMethodWorker.java:108)
	at org.testng.TestRunner.privateRun(TestRunner.java:774)
	at org.testng.TestRunner.run(TestRunner.java:624)
	at org.testng.SuiteRunner.runTest(SuiteRunner.java:359)
	at org.testng.SuiteRunner.runSequentially(SuiteRunner.java:354)
	at org.testng.SuiteRunner.privateRun(SuiteRunner.java:312)
	at org.testng.SuiteRunner.run(SuiteRunner.java:261)
	at org.testng.SuiteRunnerWorker.runSuite(SuiteRunnerWorker.java:52)
	at org.testng.SuiteRunnerWorker.run(SuiteRunnerWorker.java:86)
	at org.testng.TestNG.runSuitesSequentially(TestNG.java:1215)
	at org.testng.TestNG.runSuitesLocally(TestNG.java:1140)
	at org.testng.TestNG.run(TestNG.java:1048)
	at org.testng.TestNG.privateMain(TestNG.java:1355)
	at org.testng.TestNG.main(TestNG.java:1324)
]]>
    </error>
  </testcase> <!-- connectorFullHSN -->
  <testcase name="RM_969_611" time="18.151" classname="newMMIS_Subsystems.EVS"/>
  <testcase name="RM_13_036" time="46.097" classname="newMMIS_Subsystems.EVS">
    <failure type="java.lang.AssertionError" message="Did not get RM 13 / 036 Prior Authorization Mandatory For All Care Except For Emergencies. Call Elder Service Plan-Cambridge Health Alliance at 617-575-5850. expected [true] but found [false]">
      <![CDATA[java.lang.AssertionError: Did not get RM 13 / 036 Prior Authorization Mandatory For All Care Except For Emergencies. Call Elder Service Plan-Cambridge Health Alliance at 617-575-5850. expected [true] but found [false]
	at org.testng.Assert.fail(Assert.java:94)
	at org.testng.Assert.failNotEquals(Assert.java:496)
	at org.testng.Assert.assertTrue(Assert.java:42)
	at newMMIS_Subsystems.EVS.rmCommon(Unknown Source)
	at newMMIS_Subsystems.EVS.RM_13_036(Unknown Source)
	at sun.reflect.NativeMethodAccessorImpl.invoke0(Native Method)
	at sun.reflect.NativeMethodAccessorImpl.invoke(NativeMethodAccessorImpl.java:62)
	at sun.reflect.DelegatingMethodAccessorImpl.invoke(DelegatingMethodAccessorImpl.java:43)
	at java.lang.reflect.Method.invoke(Method.java:498)
	at org.testng.internal.MethodInvocationHelper.invokeMethod(MethodInvocationHelper.java:85)
	at org.testng.internal.Invoker.invokeMethod(Invoker.java:639)
	at org.testng.internal.Invoker.invokeTestMethod(Invoker.java:816)
	at org.testng.internal.Invoker.invokeTestMethods(Invoker.java:1124)
	at org.testng.internal.TestMethodWorker.invokeTestMethods(TestMethodWorker.java:125)
	at org.testng.internal.TestMethodWorker.run(TestMethodWorker.java:108)
	at org.testng.TestRunner.privateRun(TestRunner.java:774)
	at org.testng.TestRunner.run(TestRunner.java:624)
	at org.testng.SuiteRunner.runTest(SuiteRunner.java:359)
	at org.testng.SuiteRunner.runSequentially(SuiteRunner.java:354)
	at org.testng.SuiteRunner.privateRun(SuiteRunner.java:312)
	at org.testng.SuiteRunner.run(SuiteRunner.java:261)
	at org.testng.SuiteRunnerWorker.runSuite(SuiteRunnerWorker.java:52)
	at org.testng.SuiteRunnerWorker.run(SuiteRunnerWorker.java:86)
	at org.testng.TestNG.runSuitesSequentially(TestNG.java:1215)
	at org.testng.TestNG.runSuitesLocally(TestNG.java:1140)
	at org.testng.TestNG.run(TestNG.java:1048)
	at org.testng.TestNG.privateMain(TestNG.java:1355)
	at org.testng.TestNG.main(TestNG.java:1324)
]]>
    </failure>
  </testcase> <!-- RM_13_036 -->
  <testcase name="RM_840_386" time="9.769" classname="newMMIS_Subsystems.EVS">
    <error type="org.testng.SkipException" message="Skipping this test  because this SQL did not return any rows: select id_medicaid from t_re_base b, t_re_aid_elig e where b.sak_recip=e.sak_recip and ind_active &lt;&gt; &#039;N&#039; and dte_death=&#039;0&#039; and e.cde_status1 &lt;&gt; &#039;H&#039; and e.sak_cde_aid=148 and e.dte_end &gt;= to_char(sysdate, &#039;YYYYMMDD&#039;) and not exists (select 1 from t_re_aid_elig where sak_recip=b.sak_recip and cde_status1 &lt;&gt; &#039;H&#039; and dte_end &gt;= to_char(sysdate, &#039;YYYYMMDD&#039;) and sak_cde_aid &lt;&gt;148) and rownum=1">
      <![CDATA[org.testng.SkipException: Skipping this test  because this SQL did not return any rows: select id_medicaid from t_re_base b, t_re_aid_elig e where b.sak_recip=e.sak_recip and ind_active <> 'N' and dte_death='0' and e.cde_status1 <> 'H' and e.sak_cde_aid=148 and e.dte_end >= to_char(sysdate, 'YYYYMMDD') and not exists (select 1 from t_re_aid_elig where sak_recip=b.sak_recip and cde_status1 <> 'H' and dte_end >= to_char(sysdate, 'YYYYMMDD') and sak_cde_aid <>148) and rownum=1
	at newMMIS_Subsystems.Common.executeQuery(Unknown Source)
	at newMMIS_Subsystems.EVS.RMreset(Unknown Source)
	at newMMIS_Subsystems.EVS.RM_840_386(Unknown Source)
	at sun.reflect.NativeMethodAccessorImpl.invoke0(Native Method)
	at sun.reflect.NativeMethodAccessorImpl.invoke(NativeMethodAccessorImpl.java:62)
	at sun.reflect.DelegatingMethodAccessorImpl.invoke(DelegatingMethodAccessorImpl.java:43)
	at java.lang.reflect.Method.invoke(Method.java:498)
	at org.testng.internal.MethodInvocationHelper.invokeMethod(MethodInvocationHelper.java:85)
	at org.testng.internal.Invoker.invokeMethod(Invoker.java:639)
	at org.testng.internal.Invoker.invokeTestMethod(Invoker.java:816)
	at org.testng.internal.Invoker.invokeTestMethods(Invoker.java:1124)
	at org.testng.internal.TestMethodWorker.invokeTestMethods(TestMethodWorker.java:125)
	at org.testng.internal.TestMethodWorker.run(TestMethodWorker.java:108)
	at org.testng.TestRunner.privateRun(TestRunner.java:774)
	at org.testng.TestRunner.run(TestRunner.java:624)
	at org.testng.SuiteRunner.runTest(SuiteRunner.java:359)
	at org.testng.SuiteRunner.runSequentially(SuiteRunner.java:354)
	at org.testng.SuiteRunner.privateRun(SuiteRunner.java:312)
	at org.testng.SuiteRunner.run(SuiteRunner.java:261)
	at org.testng.SuiteRunnerWorker.runSuite(SuiteRunnerWorker.java:52)
	at org.testng.SuiteRunnerWorker.run(SuiteRunnerWorker.java:86)
	at org.testng.TestNG.runSuitesSequentially(TestNG.java:1215)
	at org.testng.TestNG.runSuitesLocally(TestNG.java:1140)
	at org.testng.TestNG.run(TestNG.java:1048)
	at org.testng.TestNG.privateMain(TestNG.java:1355)
	at org.testng.TestNG.main(TestNG.java:1324)
]]>
    </error>
  </testcase> <!-- RM_840_386 -->
  <testcase name="RM_46_611" time="12.423" classname="newMMIS_Subsystems.EVS"/>
  <testcase name="RM_14_041" time="43.860" classname="newMMIS_Subsystems.EVS">
    <failure type="java.lang.AssertionError" message="Did not get RM 14 / 041 Prior Authorization Mandatory for all Care Except For Emergencies. Call ESP at Fallon at 508-852-2026. expected [true] but found [false]">
      <![CDATA[java.lang.AssertionError: Did not get RM 14 / 041 Prior Authorization Mandatory for all Care Except For Emergencies. Call ESP at Fallon at 508-852-2026. expected [true] but found [false]
	at org.testng.Assert.fail(Assert.java:94)
	at org.testng.Assert.failNotEquals(Assert.java:496)
	at org.testng.Assert.assertTrue(Assert.java:42)
	at newMMIS_Subsystems.EVS.rmCommon(Unknown Source)
	at newMMIS_Subsystems.EVS.RM_14_041(Unknown Source)
	at sun.reflect.NativeMethodAccessorImpl.invoke0(Native Method)
	at sun.reflect.NativeMethodAccessorImpl.invoke(NativeMethodAccessorImpl.java:62)
	at sun.reflect.DelegatingMethodAccessorImpl.invoke(DelegatingMethodAccessorImpl.java:43)
	at java.lang.reflect.Method.invoke(Method.java:498)
	at org.testng.internal.MethodInvocationHelper.invokeMethod(MethodInvocationHelper.java:85)
	at org.testng.internal.Invoker.invokeMethod(Invoker.java:639)
	at org.testng.internal.Invoker.invokeTestMethod(Invoker.java:816)
	at org.testng.internal.Invoker.invokeTestMethods(Invoker.java:1124)
	at org.testng.internal.TestMethodWorker.invokeTestMethods(TestMethodWorker.java:125)
	at org.testng.internal.TestMethodWorker.run(TestMethodWorker.java:108)
	at org.testng.TestRunner.privateRun(TestRunner.java:774)
	at org.testng.TestRunner.run(TestRunner.java:624)
	at org.testng.SuiteRunner.runTest(SuiteRunner.java:359)
	at org.testng.SuiteRunner.runSequentially(SuiteRunner.java:354)
	at org.testng.SuiteRunner.privateRun(SuiteRunner.java:312)
	at org.testng.SuiteRunner.run(SuiteRunner.java:261)
	at org.testng.SuiteRunnerWorker.runSuite(SuiteRunnerWorker.java:52)
	at org.testng.SuiteRunnerWorker.run(SuiteRunnerWorker.java:86)
	at org.testng.TestNG.runSuitesSequentially(TestNG.java:1215)
	at org.testng.TestNG.runSuitesLocally(TestNG.java:1140)
	at org.testng.TestNG.run(TestNG.java:1048)
	at org.testng.TestNG.privateMain(TestNG.java:1355)
	at org.testng.TestNG.main(TestNG.java:1324)
]]>
    </failure>
  </testcase> <!-- RM_14_041 -->
  <testcase name="RM_941_656" time="12.212" classname="newMMIS_Subsystems.EVS"/>
  <testcase name="connectorFullHSN" time="10.569" classname="newMMIS_Subsystems.EVS">
    <error type="org.testng.SkipException" message="Skipping this test  because this SQL did not return any rows: select id_medicaid from t_re_base b, t_re_aid_elig e where b.sak_recip=e.sak_recip and ind_active=&#039;Y&#039; and dte_death=&#039;0&#039; and e.cde_status1 &lt;&gt; &#039;H&#039; and e.sak_cde_aid = (select sak_cde_aid from t_cde_aid where cde_aid_category = &#039;6R&#039;) and to_char(sysdate, &#039;YYYYMMDD&#039;) between e.dte_effective and e.dte_end and not exists (select 1 from t_re_aid_elig where sak_recip=b.sak_recip and cde_status1 &lt;&gt; &#039;H&#039; and sak_cde_aid &lt;&gt; e.sak_cde_aid and to_char(sysdate,&#039;YYYYMMDD&#039;) between dte_effective and dte_end) and rownum=1">
      <![CDATA[org.testng.SkipException: Skipping this test  because this SQL did not return any rows: select id_medicaid from t_re_base b, t_re_aid_elig e where b.sak_recip=e.sak_recip and ind_active='Y' and dte_death='0' and e.cde_status1 <> 'H' and e.sak_cde_aid = (select sak_cde_aid from t_cde_aid where cde_aid_category = '6R') and to_char(sysdate, 'YYYYMMDD') between e.dte_effective and e.dte_end and not exists (select 1 from t_re_aid_elig where sak_recip=b.sak_recip and cde_status1 <> 'H' and sak_cde_aid <> e.sak_cde_aid and to_char(sysdate,'YYYYMMDD') between dte_effective and dte_end) and rownum=1
	at newMMIS_Subsystems.Common.executeQuery(Unknown Source)
	at newMMIS_Subsystems.EVS.RMreset(Unknown Source)
	at newMMIS_Subsystems.EVS.connectorFullHSN(Unknown Source)
	at sun.reflect.NativeMethodAccessorImpl.invoke0(Native Method)
	at sun.reflect.NativeMethodAccessorImpl.invoke(NativeMethodAccessorImpl.java:62)
	at sun.reflect.DelegatingMethodAccessorImpl.invoke(DelegatingMethodAccessorImpl.java:43)
	at java.lang.reflect.Method.invoke(Method.java:498)
	at org.testng.internal.MethodInvocationHelper.invokeMethod(MethodInvocationHelper.java:85)
	at org.testng.internal.Invoker.invokeMethod(Invoker.java:639)
	at org.testng.internal.Invoker.invokeTestMethod(Invoker.java:816)
	at org.testng.internal.Invoker.invokeTestMethods(Invoker.java:1124)
	at org.testng.internal.TestMethodWorker.invokeTestMethods(TestMethodWorker.java:125)
	at org.testng.internal.TestMethodWorker.run(TestMethodWorker.java:108)
	at org.testng.TestRunner.privateRun(TestRunner.java:774)
	at org.testng.TestRunner.run(TestRunner.java:624)
	at org.testng.SuiteRunner.runTest(SuiteRunner.java:359)
	at org.testng.SuiteRunner.runSequentially(SuiteRunner.java:354)
	at org.testng.SuiteRunner.privateRun(SuiteRunner.java:312)
	at org.testng.SuiteRunner.run(SuiteRunner.java:261)
	at org.testng.SuiteRunnerWorker.runSuite(SuiteRunnerWorker.java:52)
	at org.testng.SuiteRunnerWorker.run(SuiteRunnerWorker.java:86)
	at org.testng.TestNG.runSuitesSequentially(TestNG.java:1215)
	at org.testng.TestNG.runSuitesLocally(TestNG.java:1140)
	at org.testng.TestNG.run(TestNG.java:1048)
	at org.testng.TestNG.privateMain(TestNG.java:1355)
	at org.testng.TestNG.main(TestNG.java:1324)
]]>
    </error>
  </testcase> <!-- connectorFullHSN -->
  <testcase name="connectorPartHSN" time="7.173" classname="newMMIS_Subsystems.EVS">
    <error type="org.testng.SkipException" message="Skipping this test  because this SQL did not return any rows: select id_medicaid from t_re_base b, t_re_aid_elig e where b.sak_recip=e.sak_recip and ind_active=&#039;Y&#039; and dte_death=&#039;0&#039; and e.cde_status1 &lt;&gt; &#039;H&#039; and e.sak_cde_aid = (select sak_cde_aid from t_cde_aid where cde_aid_category = &#039;3Y&#039;) and to_char(sysdate, &#039;YYYYMMDD&#039;) between e.dte_effective and e.dte_end and not exists (select 1 from t_re_aid_elig where sak_recip=b.sak_recip and cde_status1 &lt;&gt; &#039;H&#039; and sak_cde_aid &lt;&gt; e.sak_cde_aid and to_char(sysdate,&#039;YYYYMMDD&#039;) between dte_effective and dte_end) and rownum=1">
      <![CDATA[org.testng.SkipException: Skipping this test  because this SQL did not return any rows: select id_medicaid from t_re_base b, t_re_aid_elig e where b.sak_recip=e.sak_recip and ind_active='Y' and dte_death='0' and e.cde_status1 <> 'H' and e.sak_cde_aid = (select sak_cde_aid from t_cde_aid where cde_aid_category = '3Y') and to_char(sysdate, 'YYYYMMDD') between e.dte_effective and e.dte_end and not exists (select 1 from t_re_aid_elig where sak_recip=b.sak_recip and cde_status1 <> 'H' and sak_cde_aid <> e.sak_cde_aid and to_char(sysdate,'YYYYMMDD') between dte_effective and dte_end) and rownum=1
	at newMMIS_Subsystems.Common.executeQuery(Unknown Source)
	at newMMIS_Subsystems.EVS.RMreset(Unknown Source)
	at newMMIS_Subsystems.EVS.connectorPartHSN(Unknown Source)
	at sun.reflect.NativeMethodAccessorImpl.invoke0(Native Method)
	at sun.reflect.NativeMethodAccessorImpl.invoke(NativeMethodAccessorImpl.java:62)
	at sun.reflect.DelegatingMethodAccessorImpl.invoke(DelegatingMethodAccessorImpl.java:43)
	at java.lang.reflect.Method.invoke(Method.java:498)
	at org.testng.internal.MethodInvocationHelper.invokeMethod(MethodInvocationHelper.java:85)
	at org.testng.internal.Invoker.invokeMethod(Invoker.java:639)
	at org.testng.internal.Invoker.invokeTestMethod(Invoker.java:816)
	at org.testng.internal.Invoker.invokeTestMethods(Invoker.java:1124)
	at org.testng.internal.TestMethodWorker.invokeTestMethods(TestMethodWorker.java:125)
	at org.testng.internal.TestMethodWorker.run(TestMethodWorker.java:108)
	at org.testng.TestRunner.privateRun(TestRunner.java:774)
	at org.testng.TestRunner.run(TestRunner.java:624)
	at org.testng.SuiteRunner.runTest(SuiteRunner.java:359)
	at org.testng.SuiteRunner.runSequentially(SuiteRunner.java:354)
	at org.testng.SuiteRunner.privateRun(SuiteRunner.java:312)
	at org.testng.SuiteRunner.run(SuiteRunner.java:261)
	at org.testng.SuiteRunnerWorker.runSuite(SuiteRunnerWorker.java:52)
	at org.testng.SuiteRunnerWorker.run(SuiteRunnerWorker.java:86)
	at org.testng.TestNG.runSuitesSequentially(TestNG.java:1215)
	at org.testng.TestNG.runSuitesLocally(TestNG.java:1140)
	at org.testng.TestNG.run(TestNG.java:1048)
	at org.testng.TestNG.privateMain(TestNG.java:1355)
	at org.testng.TestNG.main(TestNG.java:1324)
]]>
    </error>
  </testcase> <!-- connectorPartHSN -->
  <testcase name="connectorFullHSN" time="7.647" classname="newMMIS_Subsystems.EVS">
    <error type="org.testng.SkipException" message="Skipping this test  because this SQL did not return any rows: select id_medicaid from t_re_base b, t_re_aid_elig e where b.sak_recip=e.sak_recip and ind_active=&#039;Y&#039; and dte_death=&#039;0&#039; and e.cde_status1 &lt;&gt; &#039;H&#039; and e.sak_cde_aid = (select sak_cde_aid from t_cde_aid where cde_aid_category = &#039;3X&#039;) and to_char(sysdate, &#039;YYYYMMDD&#039;) between e.dte_effective and e.dte_end and not exists (select 1 from t_re_aid_elig where sak_recip=b.sak_recip and cde_status1 &lt;&gt; &#039;H&#039; and sak_cde_aid &lt;&gt; e.sak_cde_aid and to_char(sysdate,&#039;YYYYMMDD&#039;) between dte_effective and dte_end) and rownum=1">
      <![CDATA[org.testng.SkipException: Skipping this test  because this SQL did not return any rows: select id_medicaid from t_re_base b, t_re_aid_elig e where b.sak_recip=e.sak_recip and ind_active='Y' and dte_death='0' and e.cde_status1 <> 'H' and e.sak_cde_aid = (select sak_cde_aid from t_cde_aid where cde_aid_category = '3X') and to_char(sysdate, 'YYYYMMDD') between e.dte_effective and e.dte_end and not exists (select 1 from t_re_aid_elig where sak_recip=b.sak_recip and cde_status1 <> 'H' and sak_cde_aid <> e.sak_cde_aid and to_char(sysdate,'YYYYMMDD') between dte_effective and dte_end) and rownum=1
	at newMMIS_Subsystems.Common.executeQuery(Unknown Source)
	at newMMIS_Subsystems.EVS.RMreset(Unknown Source)
	at newMMIS_Subsystems.EVS.connectorFullHSN(Unknown Source)
	at sun.reflect.NativeMethodAccessorImpl.invoke0(Native Method)
	at sun.reflect.NativeMethodAccessorImpl.invoke(NativeMethodAccessorImpl.java:62)
	at sun.reflect.DelegatingMethodAccessorImpl.invoke(DelegatingMethodAccessorImpl.java:43)
	at java.lang.reflect.Method.invoke(Method.java:498)
	at org.testng.internal.MethodInvocationHelper.invokeMethod(MethodInvocationHelper.java:85)
	at org.testng.internal.Invoker.invokeMethod(Invoker.java:639)
	at org.testng.internal.Invoker.invokeTestMethod(Invoker.java:816)
	at org.testng.internal.Invoker.invokeTestMethods(Invoker.java:1124)
	at org.testng.internal.TestMethodWorker.invokeTestMethods(TestMethodWorker.java:125)
	at org.testng.internal.TestMethodWorker.run(TestMethodWorker.java:108)
	at org.testng.TestRunner.privateRun(TestRunner.java:774)
	at org.testng.TestRunner.run(TestRunner.java:624)
	at org.testng.SuiteRunner.runTest(SuiteRunner.java:359)
	at org.testng.SuiteRunner.runSequentially(SuiteRunner.java:354)
	at org.testng.SuiteRunner.privateRun(SuiteRunner.java:312)
	at org.testng.SuiteRunner.run(SuiteRunner.java:261)
	at org.testng.SuiteRunnerWorker.runSuite(SuiteRunnerWorker.java:52)
	at org.testng.SuiteRunnerWorker.run(SuiteRunnerWorker.java:86)
	at org.testng.TestNG.runSuitesSequentially(TestNG.java:1215)
	at org.testng.TestNG.runSuitesLocally(TestNG.java:1140)
	at org.testng.TestNG.run(TestNG.java:1048)
	at org.testng.TestNG.privateMain(TestNG.java:1355)
	at org.testng.TestNG.main(TestNG.java:1324)
]]>
    </error>
  </testcase> <!-- connectorFullHSN -->
  <testcase name="RM_45_608" time="14.524" classname="newMMIS_Subsystems.EVS"/>
  <testcase name="RM_977_611" time="17.590" classname="newMMIS_Subsystems.EVS"/>
  <testcase name="RM_614_614" time="14.798" classname="newMMIS_Subsystems.EVS">
    <failure type="java.lang.AssertionError" message="Did not get RM 614 / 614 BILL HOSPICE PROVIDER IF SERVICE IS RELATED TO TERMINAL ILLNESS. expected [true] but found [false]">
      <![CDATA[java.lang.AssertionError: Did not get RM 614 / 614 BILL HOSPICE PROVIDER IF SERVICE IS RELATED TO TERMINAL ILLNESS. expected [true] but found [false]
	at org.testng.Assert.fail(Assert.java:94)
	at org.testng.Assert.failNotEquals(Assert.java:496)
	at org.testng.Assert.assertTrue(Assert.java:42)
	at newMMIS_Subsystems.EVS.rmCommon(Unknown Source)
	at newMMIS_Subsystems.EVS.RM_614_614(Unknown Source)
	at sun.reflect.NativeMethodAccessorImpl.invoke0(Native Method)
	at sun.reflect.NativeMethodAccessorImpl.invoke(NativeMethodAccessorImpl.java:62)
	at sun.reflect.DelegatingMethodAccessorImpl.invoke(DelegatingMethodAccessorImpl.java:43)
	at java.lang.reflect.Method.invoke(Method.java:498)
	at org.testng.internal.MethodInvocationHelper.invokeMethod(MethodInvocationHelper.java:85)
	at org.testng.internal.Invoker.invokeMethod(Invoker.java:639)
	at org.testng.internal.Invoker.invokeTestMethod(Invoker.java:816)
	at org.testng.internal.Invoker.invokeTestMethods(Invoker.java:1124)
	at org.testng.internal.TestMethodWorker.invokeTestMethods(TestMethodWorker.java:125)
	at org.testng.internal.TestMethodWorker.run(TestMethodWorker.java:108)
	at org.testng.TestRunner.privateRun(TestRunner.java:774)
	at org.testng.TestRunner.run(TestRunner.java:624)
	at org.testng.SuiteRunner.runTest(SuiteRunner.java:359)
	at org.testng.SuiteRunner.runSequentially(SuiteRunner.java:354)
	at org.testng.SuiteRunner.privateRun(SuiteRunner.java:312)
	at org.testng.SuiteRunner.run(SuiteRunner.java:261)
	at org.testng.SuiteRunnerWorker.runSuite(SuiteRunnerWorker.java:52)
	at org.testng.SuiteRunnerWorker.run(SuiteRunnerWorker.java:86)
	at org.testng.TestNG.runSuitesSequentially(TestNG.java:1215)
	at org.testng.TestNG.runSuitesLocally(TestNG.java:1140)
	at org.testng.TestNG.run(TestNG.java:1048)
	at org.testng.TestNG.privateMain(TestNG.java:1355)
	at org.testng.TestNG.main(TestNG.java:1324)
]]>
    </failure>
  </testcase> <!-- RM_614_614 -->
  <testcase name="RM_1138_616" time="44.312" classname="newMMIS_Subsystems.EVS">
    <failure type="java.lang.AssertionError" message="Did not get RM 1138 / 616 Tufts Health Together member. Tufts Health Together is an MCO. expected [true] but found [false]">
      <![CDATA[java.lang.AssertionError: Did not get RM 1138 / 616 Tufts Health Together member. Tufts Health Together is an MCO. expected [true] but found [false]
	at org.testng.Assert.fail(Assert.java:94)
	at org.testng.Assert.failNotEquals(Assert.java:496)
	at org.testng.Assert.assertTrue(Assert.java:42)
	at newMMIS_Subsystems.EVS.rmCommon(Unknown Source)
	at newMMIS_Subsystems.EVS.RM_1138_616(Unknown Source)
	at sun.reflect.NativeMethodAccessorImpl.invoke0(Native Method)
	at sun.reflect.NativeMethodAccessorImpl.invoke(NativeMethodAccessorImpl.java:62)
	at sun.reflect.DelegatingMethodAccessorImpl.invoke(DelegatingMethodAccessorImpl.java:43)
	at java.lang.reflect.Method.invoke(Method.java:498)
	at org.testng.internal.MethodInvocationHelper.invokeMethod(MethodInvocationHelper.java:85)
	at org.testng.internal.Invoker.invokeMethod(Invoker.java:639)
	at org.testng.internal.Invoker.invokeTestMethod(Invoker.java:816)
	at org.testng.internal.Invoker.invokeTestMethods(Invoker.java:1124)
	at org.testng.internal.TestMethodWorker.invokeTestMethods(TestMethodWorker.java:125)
	at org.testng.internal.TestMethodWorker.run(TestMethodWorker.java:108)
	at org.testng.TestRunner.privateRun(TestRunner.java:774)
	at org.testng.TestRunner.run(TestRunner.java:624)
	at org.testng.SuiteRunner.runTest(SuiteRunner.java:359)
	at org.testng.SuiteRunner.runSequentially(SuiteRunner.java:354)
	at org.testng.SuiteRunner.privateRun(SuiteRunner.java:312)
	at org.testng.SuiteRunner.run(SuiteRunner.java:261)
	at org.testng.SuiteRunnerWorker.runSuite(SuiteRunnerWorker.java:52)
	at org.testng.SuiteRunnerWorker.run(SuiteRunnerWorker.java:86)
	at org.testng.TestNG.runSuitesSequentially(TestNG.java:1215)
	at org.testng.TestNG.runSuitesLocally(TestNG.java:1140)
	at org.testng.TestNG.run(TestNG.java:1048)
	at org.testng.TestNG.privateMain(TestNG.java:1355)
	at org.testng.TestNG.main(TestNG.java:1324)
]]>
    </failure>
  </testcase> <!-- RM_1138_616 -->
  <testcase name="RM_832_386" time="27.452" classname="newMMIS_Subsystems.EVS"/>
  <testcase name="RM_6_480" time="20.482" classname="newMMIS_Subsystems.EVS"/>
  <testcase name="RM_9_516" time="46.664" classname="newMMIS_Subsystems.EVS">
    <error type="org.openqa.selenium.NoSuchElementException" message="no such element: Unable to locate element: {&quot;method&quot;:&quot;xpath&quot;,&quot;selector&quot;:&quot;//*[contains(@id, &#039;LTCList:0:facilityName&#039;)]&quot;}
  (Session info: chrome=119.0.6045.200)
  (Driver info: chromedriver=119.0.6045.105 (38c72552c5e15ba9b3117c0967a0fd105072d7c6-refs/branch-heads/6045@{#1103}),platform=Windows NT 10.0.19045 x86_64) (WARNING: The server did not provide any stacktrace information)
Command duration or timeout: 30.06 seconds
For documentation on this error, please visit: http://seleniumhq.org/exceptions/no_such_element.html
Build info: version: &#039;2.49.1&#039;, revision: &#039;7203e46&#039;, time: &#039;2016-01-21 17:35:35&#039;
System info: host: &#039;GWT-2GJ2DL3&#039;, ip: &#039;192.168.1.133&#039;, os.name: &#039;Windows 10&#039;, os.arch: &#039;amd64&#039;, os.version: &#039;10.0&#039;, java.version: &#039;1.8.0_91&#039;
Driver info: org.openqa.selenium.chrome.ChromeDriver
Capabilities [{mobileEmulationEnabled=false, timeouts={implicit=0, pageLoad=300000, script=30000}, hasTouchScreen=false, platform=XP, acceptSslCerts=false, goog:chromeOptions={debuggerAddress=localhost:52996}, webauthn:extension:credBlob=true, acceptInsecureCerts=false, fedcm:accounts=true, webStorageEnabled=true, browserName=chrome, takesScreenshot=true, javascriptEnabled=true, setWindowRect=true, webauthn:extension:largeBlob=true, unexpectedAlertBehaviour=ignore, rotatable=false, networkConnectionEnabled=false, chrome={chromedriverVersion=119.0.6045.105 (38c72552c5e15ba9b3117c0967a0fd105072d7c6-refs/branch-heads/6045@{#1103}), userDataDir=C:\Users\AGANDH~1\AppData\Local\Temp\scoped_dir31708_214247731}, takesHeapSnapshot=true, pageLoadStrategy=normal, strictFileInteractability=false, databaseEnabled=false, handlesAlerts=true, version=119.0.6045.200, browserConnectionEnabled=false, proxy={}, nativeEvents=true, webauthn:extension:minPinLength=true, webauthn:extension:prf=true, locationContextEnabled=true, cssSelectorsEnabled=true, webauthn:virtualAuthenticators=true}]
Session ID: 32a06416e97ec012c37c06be53e6fbc8
*** Element info: {Using=xpath, value=//*[contains(@id, &#039;LTCList:0:facilityName&#039;)]}">
      <![CDATA[org.openqa.selenium.NoSuchElementException: no such element: Unable to locate element: {"method":"xpath","selector":"//*[contains(@id, 'LTCList:0:facilityName')]"}
  (Session info: chrome=119.0.6045.200)
  (Driver info: chromedriver=119.0.6045.105 (38c72552c5e15ba9b3117c0967a0fd105072d7c6-refs/branch-heads/6045@{#1103}),platform=Windows NT 10.0.19045 x86_64) (WARNING: The server did not provide any stacktrace information)
Command duration or timeout: 30.06 seconds
For documentation on this error, please visit: http://seleniumhq.org/exceptions/no_such_element.html
Build info: version: '2.49.1', revision: '7203e46', time: '2016-01-21 17:35:35'
System info: host: 'GWT-2GJ2DL3', ip: '192.168.1.133', os.name: 'Windows 10', os.arch: 'amd64', os.version: '10.0', java.version: '1.8.0_91'
Driver info: org.openqa.selenium.chrome.ChromeDriver
Capabilities [{mobileEmulationEnabled=false, timeouts={implicit=0, pageLoad=300000, script=30000}, hasTouchScreen=false, platform=XP, acceptSslCerts=false, goog:chromeOptions={debuggerAddress=localhost:52996}, webauthn:extension:credBlob=true, acceptInsecureCerts=false, fedcm:accounts=true, webStorageEnabled=true, browserName=chrome, takesScreenshot=true, javascriptEnabled=true, setWindowRect=true, webauthn:extension:largeBlob=true, unexpectedAlertBehaviour=ignore, rotatable=false, networkConnectionEnabled=false, chrome={chromedriverVersion=119.0.6045.105 (38c72552c5e15ba9b3117c0967a0fd105072d7c6-refs/branch-heads/6045@{#1103}), userDataDir=C:\Users\AGANDH~1\AppData\Local\Temp\scoped_dir31708_214247731}, takesHeapSnapshot=true, pageLoadStrategy=normal, strictFileInteractability=false, databaseEnabled=false, handlesAlerts=true, version=119.0.6045.200, browserConnectionEnabled=false, proxy={}, nativeEvents=true, webauthn:extension:minPinLength=true, webauthn:extension:prf=true, locationContextEnabled=true, cssSelectorsEnabled=true, webauthn:virtualAuthenticators=true}]
Session ID: 32a06416e97ec012c37c06be53e6fbc8
*** Element info: {Using=xpath, value=//*[contains(@id, 'LTCList:0:facilityName')]}
	at sun.reflect.NativeConstructorAccessorImpl.newInstance0(Native Method)
	at sun.reflect.NativeConstructorAccessorImpl.newInstance(NativeConstructorAccessorImpl.java:62)
	at sun.reflect.DelegatingConstructorAccessorImpl.newInstance(DelegatingConstructorAccessorImpl.java:45)
	at java.lang.reflect.Constructor.newInstance(Constructor.java:423)
	at org.openqa.selenium.remote.ErrorHandler.createThrowable(ErrorHandler.java:206)
	at org.openqa.selenium.remote.ErrorHandler.throwIfResponseFailed(ErrorHandler.java:158)
	at org.openqa.selenium.remote.RemoteWebDriver.execute(RemoteWebDriver.java:678)
	at org.openqa.selenium.remote.RemoteWebDriver.findElement(RemoteWebDriver.java:363)
	at org.openqa.selenium.remote.RemoteWebDriver.findElementByXPath(RemoteWebDriver.java:500)
	at org.openqa.selenium.By$ByXPath.findElement(By.java:361)
	at org.openqa.selenium.remote.RemoteWebDriver.findElement(RemoteWebDriver.java:355)
	at newMMIS_Subsystems.EVS.RM_9_516(Unknown Source)
	at sun.reflect.NativeMethodAccessorImpl.invoke0(Native Method)
	at sun.reflect.NativeMethodAccessorImpl.invoke(NativeMethodAccessorImpl.java:62)
	at sun.reflect.DelegatingMethodAccessorImpl.invoke(DelegatingMethodAccessorImpl.java:43)
	at java.lang.reflect.Method.invoke(Method.java:498)
	at org.testng.internal.MethodInvocationHelper.invokeMethod(MethodInvocationHelper.java:85)
	at org.testng.internal.Invoker.invokeMethod(Invoker.java:639)
	at org.testng.internal.Invoker.invokeTestMethod(Invoker.java:816)
	at org.testng.internal.Invoker.invokeTestMethods(Invoker.java:1124)
	at org.testng.internal.TestMethodWorker.invokeTestMethods(TestMethodWorker.java:125)
	at org.testng.internal.TestMethodWorker.run(TestMethodWorker.java:108)
	at org.testng.TestRunner.privateRun(TestRunner.java:774)
	at org.testng.TestRunner.run(TestRunner.java:624)
	at org.testng.SuiteRunner.runTest(SuiteRunner.java:359)
	at org.testng.SuiteRunner.runSequentially(SuiteRunner.java:354)
	at org.testng.SuiteRunner.privateRun(SuiteRunner.java:312)
	at org.testng.SuiteRunner.run(SuiteRunner.java:261)
	at org.testng.SuiteRunnerWorker.runSuite(SuiteRunnerWorker.java:52)
	at org.testng.SuiteRunnerWorker.run(SuiteRunnerWorker.java:86)
	at org.testng.TestNG.runSuitesSequentially(TestNG.java:1215)
	at org.testng.TestNG.runSuitesLocally(TestNG.java:1140)
	at org.testng.TestNG.run(TestNG.java:1048)
	at org.testng.TestNG.privateMain(TestNG.java:1355)
	at org.testng.TestNG.main(TestNG.java:1324)
]]>
    </error>
  </testcase> <!-- RM_9_516 -->
  <testcase name="RM_246_246" time="52.539" classname="newMMIS_Subsystems.EVS">
    <failure type="java.lang.AssertionError" message="Did not get RM 246 / 246 EXEMPT FROM COPAY ON PHARMACY SERVICES UNDER 130 CMR 450.130(D). expected [true] but found [false]">
      <![CDATA[java.lang.AssertionError: Did not get RM 246 / 246 EXEMPT FROM COPAY ON PHARMACY SERVICES UNDER 130 CMR 450.130(D). expected [true] but found [false]
	at org.testng.Assert.fail(Assert.java:94)
	at org.testng.Assert.failNotEquals(Assert.java:496)
	at org.testng.Assert.assertTrue(Assert.java:42)
	at newMMIS_Subsystems.EVS.rmCommon(Unknown Source)
	at newMMIS_Subsystems.EVS.RM_246_246(Unknown Source)
	at sun.reflect.NativeMethodAccessorImpl.invoke0(Native Method)
	at sun.reflect.NativeMethodAccessorImpl.invoke(NativeMethodAccessorImpl.java:62)
	at sun.reflect.DelegatingMethodAccessorImpl.invoke(DelegatingMethodAccessorImpl.java:43)
	at java.lang.reflect.Method.invoke(Method.java:498)
	at org.testng.internal.MethodInvocationHelper.invokeMethod(MethodInvocationHelper.java:85)
	at org.testng.internal.Invoker.invokeMethod(Invoker.java:639)
	at org.testng.internal.Invoker.invokeTestMethod(Invoker.java:816)
	at org.testng.internal.Invoker.invokeTestMethods(Invoker.java:1124)
	at org.testng.internal.TestMethodWorker.invokeTestMethods(TestMethodWorker.java:125)
	at org.testng.internal.TestMethodWorker.run(TestMethodWorker.java:108)
	at org.testng.TestRunner.privateRun(TestRunner.java:774)
	at org.testng.TestRunner.run(TestRunner.java:624)
	at org.testng.SuiteRunner.runTest(SuiteRunner.java:359)
	at org.testng.SuiteRunner.runSequentially(SuiteRunner.java:354)
	at org.testng.SuiteRunner.privateRun(SuiteRunner.java:312)
	at org.testng.SuiteRunner.run(SuiteRunner.java:261)
	at org.testng.SuiteRunnerWorker.runSuite(SuiteRunnerWorker.java:52)
	at org.testng.SuiteRunnerWorker.run(SuiteRunnerWorker.java:86)
	at org.testng.TestNG.runSuitesSequentially(TestNG.java:1215)
	at org.testng.TestNG.runSuitesLocally(TestNG.java:1140)
	at org.testng.TestNG.run(TestNG.java:1048)
	at org.testng.TestNG.privateMain(TestNG.java:1355)
	at org.testng.TestNG.main(TestNG.java:1324)
]]>
    </failure>
  </testcase> <!-- RM_246_246 -->
  <testcase name="RM_1120_664" time="47.545" classname="newMMIS_Subsystems.EVS">
    <failure type="java.lang.AssertionError" message="Did not get RM 1120 / 664 Member is enrolled in BH managed care and has TPL or Medicare or is in an aid category excluded from enrollment in an MCO or the PCC Plan. MassHealth is the payer of last resort. For behavioral health services authorization, call 1-800-495-0086. expected [true] but found [false]">
      <![CDATA[java.lang.AssertionError: Did not get RM 1120 / 664 Member is enrolled in BH managed care and has TPL or Medicare or is in an aid category excluded from enrollment in an MCO or the PCC Plan. MassHealth is the payer of last resort. For behavioral health services authorization, call 1-800-495-0086. expected [true] but found [false]
	at org.testng.Assert.fail(Assert.java:94)
	at org.testng.Assert.failNotEquals(Assert.java:496)
	at org.testng.Assert.assertTrue(Assert.java:42)
	at newMMIS_Subsystems.EVS.rmCommon(Unknown Source)
	at newMMIS_Subsystems.EVS.RM_1120_664(Unknown Source)
	at sun.reflect.NativeMethodAccessorImpl.invoke0(Native Method)
	at sun.reflect.NativeMethodAccessorImpl.invoke(NativeMethodAccessorImpl.java:62)
	at sun.reflect.DelegatingMethodAccessorImpl.invoke(DelegatingMethodAccessorImpl.java:43)
	at java.lang.reflect.Method.invoke(Method.java:498)
	at org.testng.internal.MethodInvocationHelper.invokeMethod(MethodInvocationHelper.java:85)
	at org.testng.internal.Invoker.invokeMethod(Invoker.java:639)
	at org.testng.internal.Invoker.invokeTestMethod(Invoker.java:816)
	at org.testng.internal.Invoker.invokeTestMethods(Invoker.java:1124)
	at org.testng.internal.TestMethodWorker.invokeTestMethods(TestMethodWorker.java:125)
	at org.testng.internal.TestMethodWorker.run(TestMethodWorker.java:108)
	at org.testng.TestRunner.privateRun(TestRunner.java:774)
	at org.testng.TestRunner.run(TestRunner.java:624)
	at org.testng.SuiteRunner.runTest(SuiteRunner.java:359)
	at org.testng.SuiteRunner.runSequentially(SuiteRunner.java:354)
	at org.testng.SuiteRunner.privateRun(SuiteRunner.java:312)
	at org.testng.SuiteRunner.run(SuiteRunner.java:261)
	at org.testng.SuiteRunnerWorker.runSuite(SuiteRunnerWorker.java:52)
	at org.testng.SuiteRunnerWorker.run(SuiteRunnerWorker.java:86)
	at org.testng.TestNG.runSuitesSequentially(TestNG.java:1215)
	at org.testng.TestNG.runSuitesLocally(TestNG.java:1140)
	at org.testng.TestNG.run(TestNG.java:1048)
	at org.testng.TestNG.privateMain(TestNG.java:1355)
	at org.testng.TestNG.main(TestNG.java:1324)
]]>
    </failure>
  </testcase> <!-- RM_1120_664 -->
  <testcase name="RM_980_611" time="8.679" classname="newMMIS_Subsystems.EVS">
    <error type="org.testng.SkipException" message="Skipping this test  because this SQL did not return any rows: select id_medicaid from t_re_base b, t_re_aid_elig e where b.sak_recip=e.sak_recip and ind_active &lt;&gt;&#039;N&#039; and dte_death=&#039;0&#039; and e.cde_status1 &lt;&gt; &#039;H&#039; and e.dte_end &gt;= to_char(sysdate,&#039;YYYYMMDD&#039;) and e.sak_cde_aid = (select sak_cde_aid from t_cde_aid where cde_aid_category = &#039;UU&#039;) and (exists (select 1 from t_re_medicare_a where sak_recip=b.sak_recip and dte_end &gt;=to_char(sysdate,&#039;YYYYMMDD&#039;)) or exists(select 1 from t_re_medicare_b where sak_recip=b.sak_recip and dte_end &gt;=to_char(sysdate,&#039;YYYYMMDD&#039;))) and not exists(select 1 from t_re_aid_elig where sak_recip=b.sak_recip and cde_status1 &lt;&gt; &#039;H&#039; and sak_cde_aid &lt;&gt; e.sak_cde_aid and dte_end &gt;= to_char(sysdate, &#039;YYYYMMDD&#039;)) and rownum=1">
      <![CDATA[org.testng.SkipException: Skipping this test  because this SQL did not return any rows: select id_medicaid from t_re_base b, t_re_aid_elig e where b.sak_recip=e.sak_recip and ind_active <>'N' and dte_death='0' and e.cde_status1 <> 'H' and e.dte_end >= to_char(sysdate,'YYYYMMDD') and e.sak_cde_aid = (select sak_cde_aid from t_cde_aid where cde_aid_category = 'UU') and (exists (select 1 from t_re_medicare_a where sak_recip=b.sak_recip and dte_end >=to_char(sysdate,'YYYYMMDD')) or exists(select 1 from t_re_medicare_b where sak_recip=b.sak_recip and dte_end >=to_char(sysdate,'YYYYMMDD'))) and not exists(select 1 from t_re_aid_elig where sak_recip=b.sak_recip and cde_status1 <> 'H' and sak_cde_aid <> e.sak_cde_aid and dte_end >= to_char(sysdate, 'YYYYMMDD')) and rownum=1
	at newMMIS_Subsystems.Common.executeQuery(Unknown Source)
	at newMMIS_Subsystems.EVS.RMreset(Unknown Source)
	at newMMIS_Subsystems.EVS.RM_980_611(Unknown Source)
	at sun.reflect.NativeMethodAccessorImpl.invoke0(Native Method)
	at sun.reflect.NativeMethodAccessorImpl.invoke(NativeMethodAccessorImpl.java:62)
	at sun.reflect.DelegatingMethodAccessorImpl.invoke(DelegatingMethodAccessorImpl.java:43)
	at java.lang.reflect.Method.invoke(Method.java:498)
	at org.testng.internal.MethodInvocationHelper.invokeMethod(MethodInvocationHelper.java:85)
	at org.testng.internal.Invoker.invokeMethod(Invoker.java:639)
	at org.testng.internal.Invoker.invokeTestMethod(Invoker.java:816)
	at org.testng.internal.Invoker.invokeTestMethods(Invoker.java:1124)
	at org.testng.internal.TestMethodWorker.invokeTestMethods(TestMethodWorker.java:125)
	at org.testng.internal.TestMethodWorker.run(TestMethodWorker.java:108)
	at org.testng.TestRunner.privateRun(TestRunner.java:774)
	at org.testng.TestRunner.run(TestRunner.java:624)
	at org.testng.SuiteRunner.runTest(SuiteRunner.java:359)
	at org.testng.SuiteRunner.runSequentially(SuiteRunner.java:354)
	at org.testng.SuiteRunner.privateRun(SuiteRunner.java:312)
	at org.testng.SuiteRunner.run(SuiteRunner.java:261)
	at org.testng.SuiteRunnerWorker.runSuite(SuiteRunnerWorker.java:52)
	at org.testng.SuiteRunnerWorker.run(SuiteRunnerWorker.java:86)
	at org.testng.TestNG.runSuitesSequentially(TestNG.java:1215)
	at org.testng.TestNG.runSuitesLocally(TestNG.java:1140)
	at org.testng.TestNG.run(TestNG.java:1048)
	at org.testng.TestNG.privateMain(TestNG.java:1355)
	at org.testng.TestNG.main(TestNG.java:1324)
]]>
    </error>
  </testcase> <!-- RM_980_611 -->
  <testcase name="RM_938_656" time="23.025" classname="newMMIS_Subsystems.EVS"/>
  <testcase name="qhpFullHSN" time="7.590" classname="newMMIS_Subsystems.EVS">
    <error type="org.testng.SkipException" message="Skipping this test  because this SQL did not return any rows: select id_medicaid from t_re_base b, t_re_aid_elig e where b.sak_recip=e.sak_recip and ind_active=&#039;Y&#039; and dte_death=&#039;0&#039; and e.cde_status1 &lt;&gt; &#039;H&#039; and e.sak_cde_aid = (select sak_cde_aid from t_cde_aid where cde_aid_category = &#039;7L&#039;) and to_char(sysdate, &#039;YYYYMMDD&#039;) between e.dte_effective and e.dte_end and not exists (select 1 from t_re_aid_elig where sak_recip=b.sak_recip and cde_status1 &lt;&gt; &#039;H&#039; and sak_cde_aid &lt;&gt; e.sak_cde_aid and to_char(sysdate,&#039;YYYYMMDD&#039;) between dte_effective and dte_end) and rownum=1">
      <![CDATA[org.testng.SkipException: Skipping this test  because this SQL did not return any rows: select id_medicaid from t_re_base b, t_re_aid_elig e where b.sak_recip=e.sak_recip and ind_active='Y' and dte_death='0' and e.cde_status1 <> 'H' and e.sak_cde_aid = (select sak_cde_aid from t_cde_aid where cde_aid_category = '7L') and to_char(sysdate, 'YYYYMMDD') between e.dte_effective and e.dte_end and not exists (select 1 from t_re_aid_elig where sak_recip=b.sak_recip and cde_status1 <> 'H' and sak_cde_aid <> e.sak_cde_aid and to_char(sysdate,'YYYYMMDD') between dte_effective and dte_end) and rownum=1
	at newMMIS_Subsystems.Common.executeQuery(Unknown Source)
	at newMMIS_Subsystems.EVS.RMreset(Unknown Source)
	at newMMIS_Subsystems.EVS.qhpFullHSN(Unknown Source)
	at sun.reflect.NativeMethodAccessorImpl.invoke0(Native Method)
	at sun.reflect.NativeMethodAccessorImpl.invoke(NativeMethodAccessorImpl.java:62)
	at sun.reflect.DelegatingMethodAccessorImpl.invoke(DelegatingMethodAccessorImpl.java:43)
	at java.lang.reflect.Method.invoke(Method.java:498)
	at org.testng.internal.MethodInvocationHelper.invokeMethod(MethodInvocationHelper.java:85)
	at org.testng.internal.Invoker.invokeMethod(Invoker.java:639)
	at org.testng.internal.Invoker.invokeTestMethod(Invoker.java:816)
	at org.testng.internal.Invoker.invokeTestMethods(Invoker.java:1124)
	at org.testng.internal.TestMethodWorker.invokeTestMethods(TestMethodWorker.java:125)
	at org.testng.internal.TestMethodWorker.run(TestMethodWorker.java:108)
	at org.testng.TestRunner.privateRun(TestRunner.java:774)
	at org.testng.TestRunner.run(TestRunner.java:624)
	at org.testng.SuiteRunner.runTest(SuiteRunner.java:359)
	at org.testng.SuiteRunner.runSequentially(SuiteRunner.java:354)
	at org.testng.SuiteRunner.privateRun(SuiteRunner.java:312)
	at org.testng.SuiteRunner.run(SuiteRunner.java:261)
	at org.testng.SuiteRunnerWorker.runSuite(SuiteRunnerWorker.java:52)
	at org.testng.SuiteRunnerWorker.run(SuiteRunnerWorker.java:86)
	at org.testng.TestNG.runSuitesSequentially(TestNG.java:1215)
	at org.testng.TestNG.runSuitesLocally(TestNG.java:1140)
	at org.testng.TestNG.run(TestNG.java:1048)
	at org.testng.TestNG.privateMain(TestNG.java:1355)
	at org.testng.TestNG.main(TestNG.java:1324)
]]>
    </error>
  </testcase> <!-- qhpFullHSN -->
  <testcase name="RM_1503_679" time="13.250" classname="newMMIS_Subsystems.EVS"/>
  <testcase name="RM_19_171" time="54.529" classname="newMMIS_Subsystems.EVS">
    <failure type="java.lang.AssertionError" message="Did not get RM 19 / 171 Prior authorization mandatory for all care except for emergencies. Call ESP of East Boston at 617-568-6416. expected [true] but found [false]">
      <![CDATA[java.lang.AssertionError: Did not get RM 19 / 171 Prior authorization mandatory for all care except for emergencies. Call ESP of East Boston at 617-568-6416. expected [true] but found [false]
	at org.testng.Assert.fail(Assert.java:94)
	at org.testng.Assert.failNotEquals(Assert.java:496)
	at org.testng.Assert.assertTrue(Assert.java:42)
	at newMMIS_Subsystems.EVS.rmCommon(Unknown Source)
	at newMMIS_Subsystems.EVS.RM_19_171(Unknown Source)
	at sun.reflect.NativeMethodAccessorImpl.invoke0(Native Method)
	at sun.reflect.NativeMethodAccessorImpl.invoke(NativeMethodAccessorImpl.java:62)
	at sun.reflect.DelegatingMethodAccessorImpl.invoke(DelegatingMethodAccessorImpl.java:43)
	at java.lang.reflect.Method.invoke(Method.java:498)
	at org.testng.internal.MethodInvocationHelper.invokeMethod(MethodInvocationHelper.java:85)
	at org.testng.internal.Invoker.invokeMethod(Invoker.java:639)
	at org.testng.internal.Invoker.invokeTestMethod(Invoker.java:816)
	at org.testng.internal.Invoker.invokeTestMethods(Invoker.java:1124)
	at org.testng.internal.TestMethodWorker.invokeTestMethods(TestMethodWorker.java:125)
	at org.testng.internal.TestMethodWorker.run(TestMethodWorker.java:108)
	at org.testng.TestRunner.privateRun(TestRunner.java:774)
	at org.testng.TestRunner.run(TestRunner.java:624)
	at org.testng.SuiteRunner.runTest(SuiteRunner.java:359)
	at org.testng.SuiteRunner.runSequentially(SuiteRunner.java:354)
	at org.testng.SuiteRunner.privateRun(SuiteRunner.java:312)
	at org.testng.SuiteRunner.run(SuiteRunner.java:261)
	at org.testng.SuiteRunnerWorker.runSuite(SuiteRunnerWorker.java:52)
	at org.testng.SuiteRunnerWorker.run(SuiteRunnerWorker.java:86)
	at org.testng.TestNG.runSuitesSequentially(TestNG.java:1215)
	at org.testng.TestNG.runSuitesLocally(TestNG.java:1140)
	at org.testng.TestNG.run(TestNG.java:1048)
	at org.testng.TestNG.privateMain(TestNG.java:1355)
	at org.testng.TestNG.main(TestNG.java:1324)
]]>
    </failure>
  </testcase> <!-- RM_19_171 -->
  <testcase name="qhpFullHSN" time="8.447" classname="newMMIS_Subsystems.EVS">
    <error type="org.testng.SkipException" message="Skipping this test  because this SQL did not return any rows: select id_medicaid from t_re_base b, t_re_aid_elig e where b.sak_recip=e.sak_recip and ind_active=&#039;Y&#039; and dte_death=&#039;0&#039; and e.cde_status1 &lt;&gt; &#039;H&#039; and e.sak_cde_aid = (select sak_cde_aid from t_cde_aid where cde_aid_category = &#039;7D&#039;) and to_char(sysdate, &#039;YYYYMMDD&#039;) between e.dte_effective and e.dte_end and not exists (select 1 from t_re_aid_elig where sak_recip=b.sak_recip and cde_status1 &lt;&gt; &#039;H&#039; and sak_cde_aid &lt;&gt; e.sak_cde_aid and to_char(sysdate,&#039;YYYYMMDD&#039;) between dte_effective and dte_end) and rownum=1">
      <![CDATA[org.testng.SkipException: Skipping this test  because this SQL did not return any rows: select id_medicaid from t_re_base b, t_re_aid_elig e where b.sak_recip=e.sak_recip and ind_active='Y' and dte_death='0' and e.cde_status1 <> 'H' and e.sak_cde_aid = (select sak_cde_aid from t_cde_aid where cde_aid_category = '7D') and to_char(sysdate, 'YYYYMMDD') between e.dte_effective and e.dte_end and not exists (select 1 from t_re_aid_elig where sak_recip=b.sak_recip and cde_status1 <> 'H' and sak_cde_aid <> e.sak_cde_aid and to_char(sysdate,'YYYYMMDD') between dte_effective and dte_end) and rownum=1
	at newMMIS_Subsystems.Common.executeQuery(Unknown Source)
	at newMMIS_Subsystems.EVS.RMreset(Unknown Source)
	at newMMIS_Subsystems.EVS.qhpFullHSN(Unknown Source)
	at sun.reflect.NativeMethodAccessorImpl.invoke0(Native Method)
	at sun.reflect.NativeMethodAccessorImpl.invoke(NativeMethodAccessorImpl.java:62)
	at sun.reflect.DelegatingMethodAccessorImpl.invoke(DelegatingMethodAccessorImpl.java:43)
	at java.lang.reflect.Method.invoke(Method.java:498)
	at org.testng.internal.MethodInvocationHelper.invokeMethod(MethodInvocationHelper.java:85)
	at org.testng.internal.Invoker.invokeMethod(Invoker.java:639)
	at org.testng.internal.Invoker.invokeTestMethod(Invoker.java:816)
	at org.testng.internal.Invoker.invokeTestMethods(Invoker.java:1124)
	at org.testng.internal.TestMethodWorker.invokeTestMethods(TestMethodWorker.java:125)
	at org.testng.internal.TestMethodWorker.run(TestMethodWorker.java:108)
	at org.testng.TestRunner.privateRun(TestRunner.java:774)
	at org.testng.TestRunner.run(TestRunner.java:624)
	at org.testng.SuiteRunner.runTest(SuiteRunner.java:359)
	at org.testng.SuiteRunner.runSequentially(SuiteRunner.java:354)
	at org.testng.SuiteRunner.privateRun(SuiteRunner.java:312)
	at org.testng.SuiteRunner.run(SuiteRunner.java:261)
	at org.testng.SuiteRunnerWorker.runSuite(SuiteRunnerWorker.java:52)
	at org.testng.SuiteRunnerWorker.run(SuiteRunnerWorker.java:86)
	at org.testng.TestNG.runSuitesSequentially(TestNG.java:1215)
	at org.testng.TestNG.runSuitesLocally(TestNG.java:1140)
	at org.testng.TestNG.run(TestNG.java:1048)
	at org.testng.TestNG.privateMain(TestNG.java:1355)
	at org.testng.TestNG.main(TestNG.java:1324)
]]>
    </error>
  </testcase> <!-- qhpFullHSN -->
  <testcase name="RM_827_386" time="8.691" classname="newMMIS_Subsystems.EVS">
    <error type="org.testng.SkipException" message="Skipping this test  because this SQL did not return any rows: select id_medicaid from t_re_base b, t_re_aid_elig e where b.sak_recip=e.sak_recip and ind_active &lt;&gt; &#039;N&#039; and dte_death=&#039;0&#039; and e.cde_status1 &lt;&gt; &#039;H&#039; and e.sak_cde_aid=152 and e.dte_end &gt;= to_char(sysdate, &#039;YYYYMMDD&#039;) and not exists (select 1 from t_re_aid_elig where sak_recip=b.sak_recip and cde_status1 &lt;&gt; &#039;H&#039; and dte_end &gt;= to_char(sysdate, &#039;YYYYMMDD&#039;) and sak_cde_aid &lt;&gt;152) and rownum=1">
      <![CDATA[org.testng.SkipException: Skipping this test  because this SQL did not return any rows: select id_medicaid from t_re_base b, t_re_aid_elig e where b.sak_recip=e.sak_recip and ind_active <> 'N' and dte_death='0' and e.cde_status1 <> 'H' and e.sak_cde_aid=152 and e.dte_end >= to_char(sysdate, 'YYYYMMDD') and not exists (select 1 from t_re_aid_elig where sak_recip=b.sak_recip and cde_status1 <> 'H' and dte_end >= to_char(sysdate, 'YYYYMMDD') and sak_cde_aid <>152) and rownum=1
	at newMMIS_Subsystems.Common.executeQuery(Unknown Source)
	at newMMIS_Subsystems.EVS.RMreset(Unknown Source)
	at newMMIS_Subsystems.EVS.RM_827_386(Unknown Source)
	at sun.reflect.NativeMethodAccessorImpl.invoke0(Native Method)
	at sun.reflect.NativeMethodAccessorImpl.invoke(NativeMethodAccessorImpl.java:62)
	at sun.reflect.DelegatingMethodAccessorImpl.invoke(DelegatingMethodAccessorImpl.java:43)
	at java.lang.reflect.Method.invoke(Method.java:498)
	at org.testng.internal.MethodInvocationHelper.invokeMethod(MethodInvocationHelper.java:85)
	at org.testng.internal.Invoker.invokeMethod(Invoker.java:639)
	at org.testng.internal.Invoker.invokeTestMethod(Invoker.java:816)
	at org.testng.internal.Invoker.invokeTestMethods(Invoker.java:1124)
	at org.testng.internal.TestMethodWorker.invokeTestMethods(TestMethodWorker.java:125)
	at org.testng.internal.TestMethodWorker.run(TestMethodWorker.java:108)
	at org.testng.TestRunner.privateRun(TestRunner.java:774)
	at org.testng.TestRunner.run(TestRunner.java:624)
	at org.testng.SuiteRunner.runTest(SuiteRunner.java:359)
	at org.testng.SuiteRunner.runSequentially(SuiteRunner.java:354)
	at org.testng.SuiteRunner.privateRun(SuiteRunner.java:312)
	at org.testng.SuiteRunner.run(SuiteRunner.java:261)
	at org.testng.SuiteRunnerWorker.runSuite(SuiteRunnerWorker.java:52)
	at org.testng.SuiteRunnerWorker.run(SuiteRunnerWorker.java:86)
	at org.testng.TestNG.runSuitesSequentially(TestNG.java:1215)
	at org.testng.TestNG.runSuitesLocally(TestNG.java:1140)
	at org.testng.TestNG.run(TestNG.java:1048)
	at org.testng.TestNG.privateMain(TestNG.java:1355)
	at org.testng.TestNG.main(TestNG.java:1324)
]]>
    </error>
  </testcase> <!-- RM_827_386 -->
  <testcase name="connectorFullHSN" time="6.168" classname="newMMIS_Subsystems.EVS">
    <error type="org.testng.SkipException" message="Skipping this test  because this SQL did not return any rows: select id_medicaid from t_re_base b, t_re_aid_elig e where b.sak_recip=e.sak_recip and ind_active=&#039;Y&#039; and dte_death=&#039;0&#039; and e.cde_status1 &lt;&gt; &#039;H&#039; and e.sak_cde_aid = (select sak_cde_aid from t_cde_aid where cde_aid_category = &#039;1Q&#039;) and to_char(sysdate, &#039;YYYYMMDD&#039;) between e.dte_effective and e.dte_end and not exists (select 1 from t_re_aid_elig where sak_recip=b.sak_recip and cde_status1 &lt;&gt; &#039;H&#039; and sak_cde_aid &lt;&gt; e.sak_cde_aid and to_char(sysdate,&#039;YYYYMMDD&#039;) between dte_effective and dte_end) and rownum=1">
      <![CDATA[org.testng.SkipException: Skipping this test  because this SQL did not return any rows: select id_medicaid from t_re_base b, t_re_aid_elig e where b.sak_recip=e.sak_recip and ind_active='Y' and dte_death='0' and e.cde_status1 <> 'H' and e.sak_cde_aid = (select sak_cde_aid from t_cde_aid where cde_aid_category = '1Q') and to_char(sysdate, 'YYYYMMDD') between e.dte_effective and e.dte_end and not exists (select 1 from t_re_aid_elig where sak_recip=b.sak_recip and cde_status1 <> 'H' and sak_cde_aid <> e.sak_cde_aid and to_char(sysdate,'YYYYMMDD') between dte_effective and dte_end) and rownum=1
	at newMMIS_Subsystems.Common.executeQuery(Unknown Source)
	at newMMIS_Subsystems.EVS.RMreset(Unknown Source)
	at newMMIS_Subsystems.EVS.connectorFullHSN(Unknown Source)
	at sun.reflect.NativeMethodAccessorImpl.invoke0(Native Method)
	at sun.reflect.NativeMethodAccessorImpl.invoke(NativeMethodAccessorImpl.java:62)
	at sun.reflect.DelegatingMethodAccessorImpl.invoke(DelegatingMethodAccessorImpl.java:43)
	at java.lang.reflect.Method.invoke(Method.java:498)
	at org.testng.internal.MethodInvocationHelper.invokeMethod(MethodInvocationHelper.java:85)
	at org.testng.internal.Invoker.invokeMethod(Invoker.java:639)
	at org.testng.internal.Invoker.invokeTestMethod(Invoker.java:816)
	at org.testng.internal.Invoker.invokeTestMethods(Invoker.java:1124)
	at org.testng.internal.TestMethodWorker.invokeTestMethods(TestMethodWorker.java:125)
	at org.testng.internal.TestMethodWorker.run(TestMethodWorker.java:108)
	at org.testng.TestRunner.privateRun(TestRunner.java:774)
	at org.testng.TestRunner.run(TestRunner.java:624)
	at org.testng.SuiteRunner.runTest(SuiteRunner.java:359)
	at org.testng.SuiteRunner.runSequentially(SuiteRunner.java:354)
	at org.testng.SuiteRunner.privateRun(SuiteRunner.java:312)
	at org.testng.SuiteRunner.run(SuiteRunner.java:261)
	at org.testng.SuiteRunnerWorker.runSuite(SuiteRunnerWorker.java:52)
	at org.testng.SuiteRunnerWorker.run(SuiteRunnerWorker.java:86)
	at org.testng.TestNG.runSuitesSequentially(TestNG.java:1215)
	at org.testng.TestNG.runSuitesLocally(TestNG.java:1140)
	at org.testng.TestNG.run(TestNG.java:1048)
	at org.testng.TestNG.privateMain(TestNG.java:1355)
	at org.testng.TestNG.main(TestNG.java:1324)
]]>
    </error>
  </testcase> <!-- connectorFullHSN -->
  <testcase name="connectorFullHSN" time="7.877" classname="newMMIS_Subsystems.EVS">
    <error type="org.testng.SkipException" message="Skipping this test  because this SQL did not return any rows: select id_medicaid from t_re_base b, t_re_aid_elig e where b.sak_recip=e.sak_recip and ind_active=&#039;Y&#039; and dte_death=&#039;0&#039; and e.cde_status1 &lt;&gt; &#039;H&#039; and e.sak_cde_aid = (select sak_cde_aid from t_cde_aid where cde_aid_category = &#039;2X&#039;) and to_char(sysdate, &#039;YYYYMMDD&#039;) between e.dte_effective and e.dte_end and not exists (select 1 from t_re_aid_elig where sak_recip=b.sak_recip and cde_status1 &lt;&gt; &#039;H&#039; and sak_cde_aid &lt;&gt; e.sak_cde_aid and to_char(sysdate,&#039;YYYYMMDD&#039;) between dte_effective and dte_end) and rownum=1">
      <![CDATA[org.testng.SkipException: Skipping this test  because this SQL did not return any rows: select id_medicaid from t_re_base b, t_re_aid_elig e where b.sak_recip=e.sak_recip and ind_active='Y' and dte_death='0' and e.cde_status1 <> 'H' and e.sak_cde_aid = (select sak_cde_aid from t_cde_aid where cde_aid_category = '2X') and to_char(sysdate, 'YYYYMMDD') between e.dte_effective and e.dte_end and not exists (select 1 from t_re_aid_elig where sak_recip=b.sak_recip and cde_status1 <> 'H' and sak_cde_aid <> e.sak_cde_aid and to_char(sysdate,'YYYYMMDD') between dte_effective and dte_end) and rownum=1
	at newMMIS_Subsystems.Common.executeQuery(Unknown Source)
	at newMMIS_Subsystems.EVS.RMreset(Unknown Source)
	at newMMIS_Subsystems.EVS.connectorFullHSN(Unknown Source)
	at sun.reflect.NativeMethodAccessorImpl.invoke0(Native Method)
	at sun.reflect.NativeMethodAccessorImpl.invoke(NativeMethodAccessorImpl.java:62)
	at sun.reflect.DelegatingMethodAccessorImpl.invoke(DelegatingMethodAccessorImpl.java:43)
	at java.lang.reflect.Method.invoke(Method.java:498)
	at org.testng.internal.MethodInvocationHelper.invokeMethod(MethodInvocationHelper.java:85)
	at org.testng.internal.Invoker.invokeMethod(Invoker.java:639)
	at org.testng.internal.Invoker.invokeTestMethod(Invoker.java:816)
	at org.testng.internal.Invoker.invokeTestMethods(Invoker.java:1124)
	at org.testng.internal.TestMethodWorker.invokeTestMethods(TestMethodWorker.java:125)
	at org.testng.internal.TestMethodWorker.run(TestMethodWorker.java:108)
	at org.testng.TestRunner.privateRun(TestRunner.java:774)
	at org.testng.TestRunner.run(TestRunner.java:624)
	at org.testng.SuiteRunner.runTest(SuiteRunner.java:359)
	at org.testng.SuiteRunner.runSequentially(SuiteRunner.java:354)
	at org.testng.SuiteRunner.privateRun(SuiteRunner.java:312)
	at org.testng.SuiteRunner.run(SuiteRunner.java:261)
	at org.testng.SuiteRunnerWorker.runSuite(SuiteRunnerWorker.java:52)
	at org.testng.SuiteRunnerWorker.run(SuiteRunnerWorker.java:86)
	at org.testng.TestNG.runSuitesSequentially(TestNG.java:1215)
	at org.testng.TestNG.runSuitesLocally(TestNG.java:1140)
	at org.testng.TestNG.run(TestNG.java:1048)
	at org.testng.TestNG.privateMain(TestNG.java:1355)
	at org.testng.TestNG.main(TestNG.java:1324)
]]>
    </error>
  </testcase> <!-- connectorFullHSN -->
  <testcase name="connectorFullHSN" time="18.160" classname="newMMIS_Subsystems.EVS"/>
  <testcase name="RM_50_613" time="14.181" classname="newMMIS_Subsystems.EVS"/>
  <testcase name="RM_942_656" time="15.412" classname="newMMIS_Subsystems.EVS"/>
  <testcase name="RM_981_611" time="14.649" classname="newMMIS_Subsystems.EVS"/>
  <testcase name="RM_1151_634" time="30.283" classname="newMMIS_Subsystems.EVS">
    <error type="org.testng.SkipException" message="Skipping this test  because this SQL did not return any rows: select id_medicaid from t_re_base b,  t_re_aid_elig e where b.sak_recip=e.sak_recip and ind_active &lt;&gt;&#039;N&#039; and dte_death=&#039;0&#039; and not exists (select 1 from t_re_pmp_assign where cde_status1 &lt;&gt; &#039;H&#039; and dte_end =&#039;22991231&#039; and sak_recip=b.sak_recip) and e.cde_status1 &lt;&gt; &#039;H&#039; and e.sak_cde_aid=184 and e.dte_end=&#039;22991231&#039; and rownum=1">
      <![CDATA[org.testng.SkipException: Skipping this test  because this SQL did not return any rows: select id_medicaid from t_re_base b,  t_re_aid_elig e where b.sak_recip=e.sak_recip and ind_active <>'N' and dte_death='0' and not exists (select 1 from t_re_pmp_assign where cde_status1 <> 'H' and dte_end ='22991231' and sak_recip=b.sak_recip) and e.cde_status1 <> 'H' and e.sak_cde_aid=184 and e.dte_end='22991231' and rownum=1
	at newMMIS_Subsystems.Common.executeQuery(Unknown Source)
	at newMMIS_Subsystems.EVS.RMreset(Unknown Source)
	at newMMIS_Subsystems.EVS.RM_1151_634(Unknown Source)
	at sun.reflect.NativeMethodAccessorImpl.invoke0(Native Method)
	at sun.reflect.NativeMethodAccessorImpl.invoke(NativeMethodAccessorImpl.java:62)
	at sun.reflect.DelegatingMethodAccessorImpl.invoke(DelegatingMethodAccessorImpl.java:43)
	at java.lang.reflect.Method.invoke(Method.java:498)
	at org.testng.internal.MethodInvocationHelper.invokeMethod(MethodInvocationHelper.java:85)
	at org.testng.internal.Invoker.invokeMethod(Invoker.java:639)
	at org.testng.internal.Invoker.invokeTestMethod(Invoker.java:816)
	at org.testng.internal.Invoker.invokeTestMethods(Invoker.java:1124)
	at org.testng.internal.TestMethodWorker.invokeTestMethods(TestMethodWorker.java:125)
	at org.testng.internal.TestMethodWorker.run(TestMethodWorker.java:108)
	at org.testng.TestRunner.privateRun(TestRunner.java:774)
	at org.testng.TestRunner.run(TestRunner.java:624)
	at org.testng.SuiteRunner.runTest(SuiteRunner.java:359)
	at org.testng.SuiteRunner.runSequentially(SuiteRunner.java:354)
	at org.testng.SuiteRunner.privateRun(SuiteRunner.java:312)
	at org.testng.SuiteRunner.run(SuiteRunner.java:261)
	at org.testng.SuiteRunnerWorker.runSuite(SuiteRunnerWorker.java:52)
	at org.testng.SuiteRunnerWorker.run(SuiteRunnerWorker.java:86)
	at org.testng.TestNG.runSuitesSequentially(TestNG.java:1215)
	at org.testng.TestNG.runSuitesLocally(TestNG.java:1140)
	at org.testng.TestNG.run(TestNG.java:1048)
	at org.testng.TestNG.privateMain(TestNG.java:1355)
	at org.testng.TestNG.main(TestNG.java:1324)
]]>
    </error>
  </testcase> <!-- RM_1151_634 -->
  <testcase name="RM_963_611" time="13.761" classname="newMMIS_Subsystems.EVS"/>
  <testcase name="RM_3_116" time="19.491" classname="newMMIS_Subsystems.EVS"/>
  <testcase name="connectorFullHSN" time="8.455" classname="newMMIS_Subsystems.EVS">
    <error type="org.testng.SkipException" message="Skipping this test  because this SQL did not return any rows: select id_medicaid from t_re_base b, t_re_aid_elig e where b.sak_recip=e.sak_recip and ind_active=&#039;Y&#039; and dte_death=&#039;0&#039; and e.cde_status1 &lt;&gt; &#039;H&#039; and e.sak_cde_aid = (select sak_cde_aid from t_cde_aid where cde_aid_category = &#039;3C&#039;) and to_char(sysdate, &#039;YYYYMMDD&#039;) between e.dte_effective and e.dte_end and not exists (select 1 from t_re_aid_elig where sak_recip=b.sak_recip and cde_status1 &lt;&gt; &#039;H&#039; and sak_cde_aid &lt;&gt; e.sak_cde_aid and to_char(sysdate,&#039;YYYYMMDD&#039;) between dte_effective and dte_end) and rownum=1">
      <![CDATA[org.testng.SkipException: Skipping this test  because this SQL did not return any rows: select id_medicaid from t_re_base b, t_re_aid_elig e where b.sak_recip=e.sak_recip and ind_active='Y' and dte_death='0' and e.cde_status1 <> 'H' and e.sak_cde_aid = (select sak_cde_aid from t_cde_aid where cde_aid_category = '3C') and to_char(sysdate, 'YYYYMMDD') between e.dte_effective and e.dte_end and not exists (select 1 from t_re_aid_elig where sak_recip=b.sak_recip and cde_status1 <> 'H' and sak_cde_aid <> e.sak_cde_aid and to_char(sysdate,'YYYYMMDD') between dte_effective and dte_end) and rownum=1
	at newMMIS_Subsystems.Common.executeQuery(Unknown Source)
	at newMMIS_Subsystems.EVS.RMreset(Unknown Source)
	at newMMIS_Subsystems.EVS.connectorFullHSN(Unknown Source)
	at sun.reflect.NativeMethodAccessorImpl.invoke0(Native Method)
	at sun.reflect.NativeMethodAccessorImpl.invoke(NativeMethodAccessorImpl.java:62)
	at sun.reflect.DelegatingMethodAccessorImpl.invoke(DelegatingMethodAccessorImpl.java:43)
	at java.lang.reflect.Method.invoke(Method.java:498)
	at org.testng.internal.MethodInvocationHelper.invokeMethod(MethodInvocationHelper.java:85)
	at org.testng.internal.Invoker.invokeMethod(Invoker.java:639)
	at org.testng.internal.Invoker.invokeTestMethod(Invoker.java:816)
	at org.testng.internal.Invoker.invokeTestMethods(Invoker.java:1124)
	at org.testng.internal.TestMethodWorker.invokeTestMethods(TestMethodWorker.java:125)
	at org.testng.internal.TestMethodWorker.run(TestMethodWorker.java:108)
	at org.testng.TestRunner.privateRun(TestRunner.java:774)
	at org.testng.TestRunner.run(TestRunner.java:624)
	at org.testng.SuiteRunner.runTest(SuiteRunner.java:359)
	at org.testng.SuiteRunner.runSequentially(SuiteRunner.java:354)
	at org.testng.SuiteRunner.privateRun(SuiteRunner.java:312)
	at org.testng.SuiteRunner.run(SuiteRunner.java:261)
	at org.testng.SuiteRunnerWorker.runSuite(SuiteRunnerWorker.java:52)
	at org.testng.SuiteRunnerWorker.run(SuiteRunnerWorker.java:86)
	at org.testng.TestNG.runSuitesSequentially(TestNG.java:1215)
	at org.testng.TestNG.runSuitesLocally(TestNG.java:1140)
	at org.testng.TestNG.run(TestNG.java:1048)
	at org.testng.TestNG.privateMain(TestNG.java:1355)
	at org.testng.TestNG.main(TestNG.java:1324)
]]>
    </error>
  </testcase> <!-- connectorFullHSN -->
  <testcase name="connectorFullHSN" time="8.068" classname="newMMIS_Subsystems.EVS">
    <error type="org.testng.SkipException" message="Skipping this test  because this SQL did not return any rows: select id_medicaid from t_re_base b, t_re_aid_elig e where b.sak_recip=e.sak_recip and ind_active=&#039;Y&#039; and dte_death=&#039;0&#039; and e.cde_status1 &lt;&gt; &#039;H&#039; and e.sak_cde_aid = (select sak_cde_aid from t_cde_aid where cde_aid_category = &#039;6S&#039;) and to_char(sysdate, &#039;YYYYMMDD&#039;) between e.dte_effective and e.dte_end and not exists (select 1 from t_re_aid_elig where sak_recip=b.sak_recip and cde_status1 &lt;&gt; &#039;H&#039; and sak_cde_aid &lt;&gt; e.sak_cde_aid and to_char(sysdate,&#039;YYYYMMDD&#039;) between dte_effective and dte_end) and rownum=1">
      <![CDATA[org.testng.SkipException: Skipping this test  because this SQL did not return any rows: select id_medicaid from t_re_base b, t_re_aid_elig e where b.sak_recip=e.sak_recip and ind_active='Y' and dte_death='0' and e.cde_status1 <> 'H' and e.sak_cde_aid = (select sak_cde_aid from t_cde_aid where cde_aid_category = '6S') and to_char(sysdate, 'YYYYMMDD') between e.dte_effective and e.dte_end and not exists (select 1 from t_re_aid_elig where sak_recip=b.sak_recip and cde_status1 <> 'H' and sak_cde_aid <> e.sak_cde_aid and to_char(sysdate,'YYYYMMDD') between dte_effective and dte_end) and rownum=1
	at newMMIS_Subsystems.Common.executeQuery(Unknown Source)
	at newMMIS_Subsystems.EVS.RMreset(Unknown Source)
	at newMMIS_Subsystems.EVS.connectorFullHSN(Unknown Source)
	at sun.reflect.NativeMethodAccessorImpl.invoke0(Native Method)
	at sun.reflect.NativeMethodAccessorImpl.invoke(NativeMethodAccessorImpl.java:62)
	at sun.reflect.DelegatingMethodAccessorImpl.invoke(DelegatingMethodAccessorImpl.java:43)
	at java.lang.reflect.Method.invoke(Method.java:498)
	at org.testng.internal.MethodInvocationHelper.invokeMethod(MethodInvocationHelper.java:85)
	at org.testng.internal.Invoker.invokeMethod(Invoker.java:639)
	at org.testng.internal.Invoker.invokeTestMethod(Invoker.java:816)
	at org.testng.internal.Invoker.invokeTestMethods(Invoker.java:1124)
	at org.testng.internal.TestMethodWorker.invokeTestMethods(TestMethodWorker.java:125)
	at org.testng.internal.TestMethodWorker.run(TestMethodWorker.java:108)
	at org.testng.TestRunner.privateRun(TestRunner.java:774)
	at org.testng.TestRunner.run(TestRunner.java:624)
	at org.testng.SuiteRunner.runTest(SuiteRunner.java:359)
	at org.testng.SuiteRunner.runSequentially(SuiteRunner.java:354)
	at org.testng.SuiteRunner.privateRun(SuiteRunner.java:312)
	at org.testng.SuiteRunner.run(SuiteRunner.java:261)
	at org.testng.SuiteRunnerWorker.runSuite(SuiteRunnerWorker.java:52)
	at org.testng.SuiteRunnerWorker.run(SuiteRunnerWorker.java:86)
	at org.testng.TestNG.runSuitesSequentially(TestNG.java:1215)
	at org.testng.TestNG.runSuitesLocally(TestNG.java:1140)
	at org.testng.TestNG.run(TestNG.java:1048)
	at org.testng.TestNG.privateMain(TestNG.java:1355)
	at org.testng.TestNG.main(TestNG.java:1324)
]]>
    </error>
  </testcase> <!-- connectorFullHSN -->
  <testcase name="RM_936_656" time="14.497" classname="newMMIS_Subsystems.EVS"/>
  <testcase name="RM_121_121" time="11.136" classname="newMMIS_Subsystems.EVS">
    <failure type="java.lang.AssertionError" message="Did not get RM 121 / 121 DIRECT ALL INQUIRIES ABOUT ELIGIBILITY TO SOCIAL SERVICE WORKER expected [true] but found [false]">
      <![CDATA[java.lang.AssertionError: Did not get RM 121 / 121 DIRECT ALL INQUIRIES ABOUT ELIGIBILITY TO SOCIAL SERVICE WORKER expected [true] but found [false]
	at org.testng.Assert.fail(Assert.java:94)
	at org.testng.Assert.failNotEquals(Assert.java:496)
	at org.testng.Assert.assertTrue(Assert.java:42)
	at newMMIS_Subsystems.EVS.rmCommon(Unknown Source)
	at newMMIS_Subsystems.EVS.RM_121_121(Unknown Source)
	at sun.reflect.NativeMethodAccessorImpl.invoke0(Native Method)
	at sun.reflect.NativeMethodAccessorImpl.invoke(NativeMethodAccessorImpl.java:62)
	at sun.reflect.DelegatingMethodAccessorImpl.invoke(DelegatingMethodAccessorImpl.java:43)
	at java.lang.reflect.Method.invoke(Method.java:498)
	at org.testng.internal.MethodInvocationHelper.invokeMethod(MethodInvocationHelper.java:85)
	at org.testng.internal.Invoker.invokeMethod(Invoker.java:639)
	at org.testng.internal.Invoker.invokeTestMethod(Invoker.java:816)
	at org.testng.internal.Invoker.invokeTestMethods(Invoker.java:1124)
	at org.testng.internal.TestMethodWorker.invokeTestMethods(TestMethodWorker.java:125)
	at org.testng.internal.TestMethodWorker.run(TestMethodWorker.java:108)
	at org.testng.TestRunner.privateRun(TestRunner.java:774)
	at org.testng.TestRunner.run(TestRunner.java:624)
	at org.testng.SuiteRunner.runTest(SuiteRunner.java:359)
	at org.testng.SuiteRunner.runSequentially(SuiteRunner.java:354)
	at org.testng.SuiteRunner.privateRun(SuiteRunner.java:312)
	at org.testng.SuiteRunner.run(SuiteRunner.java:261)
	at org.testng.SuiteRunnerWorker.runSuite(SuiteRunnerWorker.java:52)
	at org.testng.SuiteRunnerWorker.run(SuiteRunnerWorker.java:86)
	at org.testng.TestNG.runSuitesSequentially(TestNG.java:1215)
	at org.testng.TestNG.runSuitesLocally(TestNG.java:1140)
	at org.testng.TestNG.run(TestNG.java:1048)
	at org.testng.TestNG.privateMain(TestNG.java:1355)
	at org.testng.TestNG.main(TestNG.java:1324)
]]>
    </failure>
  </testcase> <!-- RM_121_121 -->
  <testcase name="RM_953_611" time="13.302" classname="newMMIS_Subsystems.EVS"/>
  <testcase name="RM_987_662" time="47.105" classname="newMMIS_Subsystems.EVS">
    <failure type="java.lang.AssertionError" message="Did not get RM 987 / 662 Health New England member. For dental services call 1-800-786-9999. For vision services call 1-800-786-9999 expected [true] but found [false]">
      <![CDATA[java.lang.AssertionError: Did not get RM 987 / 662 Health New England member. For dental services call 1-800-786-9999. For vision services call 1-800-786-9999 expected [true] but found [false]
	at org.testng.Assert.fail(Assert.java:94)
	at org.testng.Assert.failNotEquals(Assert.java:496)
	at org.testng.Assert.assertTrue(Assert.java:42)
	at newMMIS_Subsystems.EVS.rmCommon(Unknown Source)
	at newMMIS_Subsystems.EVS.RM_987_662(Unknown Source)
	at sun.reflect.NativeMethodAccessorImpl.invoke0(Native Method)
	at sun.reflect.NativeMethodAccessorImpl.invoke(NativeMethodAccessorImpl.java:62)
	at sun.reflect.DelegatingMethodAccessorImpl.invoke(DelegatingMethodAccessorImpl.java:43)
	at java.lang.reflect.Method.invoke(Method.java:498)
	at org.testng.internal.MethodInvocationHelper.invokeMethod(MethodInvocationHelper.java:85)
	at org.testng.internal.Invoker.invokeMethod(Invoker.java:639)
	at org.testng.internal.Invoker.invokeTestMethod(Invoker.java:816)
	at org.testng.internal.Invoker.invokeTestMethods(Invoker.java:1124)
	at org.testng.internal.TestMethodWorker.invokeTestMethods(TestMethodWorker.java:125)
	at org.testng.internal.TestMethodWorker.run(TestMethodWorker.java:108)
	at org.testng.TestRunner.privateRun(TestRunner.java:774)
	at org.testng.TestRunner.run(TestRunner.java:624)
	at org.testng.SuiteRunner.runTest(SuiteRunner.java:359)
	at org.testng.SuiteRunner.runSequentially(SuiteRunner.java:354)
	at org.testng.SuiteRunner.privateRun(SuiteRunner.java:312)
	at org.testng.SuiteRunner.run(SuiteRunner.java:261)
	at org.testng.SuiteRunnerWorker.runSuite(SuiteRunnerWorker.java:52)
	at org.testng.SuiteRunnerWorker.run(SuiteRunnerWorker.java:86)
	at org.testng.TestNG.runSuitesSequentially(TestNG.java:1215)
	at org.testng.TestNG.runSuitesLocally(TestNG.java:1140)
	at org.testng.TestNG.run(TestNG.java:1048)
	at org.testng.TestNG.privateMain(TestNG.java:1355)
	at org.testng.TestNG.main(TestNG.java:1324)
]]>
    </failure>
  </testcase> <!-- RM_987_662 -->
  <testcase name="RM_831_386" time="13.248" classname="newMMIS_Subsystems.EVS"/>
  <testcase name="RM_967_611" time="11.719" classname="newMMIS_Subsystems.EVS"/>
  <testcase name="RM_971_611" time="15.449" classname="newMMIS_Subsystems.EVS"/>
  <testcase name="RM_749_021" time="48.885" classname="newMMIS_Subsystems.EVS">
    <failure type="java.lang.AssertionError" message="Did not get RM 749 / 021 For medical service questions call BMC HealthNet Plan at 1-888-566-0010. For behavioral health service questions and authorizations call Beacon Health Strategies at 1-888-217-3501. expected [true] but found [false]">
      <![CDATA[java.lang.AssertionError: Did not get RM 749 / 021 For medical service questions call BMC HealthNet Plan at 1-888-566-0010. For behavioral health service questions and authorizations call Beacon Health Strategies at 1-888-217-3501. expected [true] but found [false]
	at org.testng.Assert.fail(Assert.java:94)
	at org.testng.Assert.failNotEquals(Assert.java:496)
	at org.testng.Assert.assertTrue(Assert.java:42)
	at newMMIS_Subsystems.EVS.rmCommon(Unknown Source)
	at newMMIS_Subsystems.EVS.RM_749_021(Unknown Source)
	at sun.reflect.NativeMethodAccessorImpl.invoke0(Native Method)
	at sun.reflect.NativeMethodAccessorImpl.invoke(NativeMethodAccessorImpl.java:62)
	at sun.reflect.DelegatingMethodAccessorImpl.invoke(DelegatingMethodAccessorImpl.java:43)
	at java.lang.reflect.Method.invoke(Method.java:498)
	at org.testng.internal.MethodInvocationHelper.invokeMethod(MethodInvocationHelper.java:85)
	at org.testng.internal.Invoker.invokeMethod(Invoker.java:639)
	at org.testng.internal.Invoker.invokeTestMethod(Invoker.java:816)
	at org.testng.internal.Invoker.invokeTestMethods(Invoker.java:1124)
	at org.testng.internal.TestMethodWorker.invokeTestMethods(TestMethodWorker.java:125)
	at org.testng.internal.TestMethodWorker.run(TestMethodWorker.java:108)
	at org.testng.TestRunner.privateRun(TestRunner.java:774)
	at org.testng.TestRunner.run(TestRunner.java:624)
	at org.testng.SuiteRunner.runTest(SuiteRunner.java:359)
	at org.testng.SuiteRunner.runSequentially(SuiteRunner.java:354)
	at org.testng.SuiteRunner.privateRun(SuiteRunner.java:312)
	at org.testng.SuiteRunner.run(SuiteRunner.java:261)
	at org.testng.SuiteRunnerWorker.runSuite(SuiteRunnerWorker.java:52)
	at org.testng.SuiteRunnerWorker.run(SuiteRunnerWorker.java:86)
	at org.testng.TestNG.runSuitesSequentially(TestNG.java:1215)
	at org.testng.TestNG.runSuitesLocally(TestNG.java:1140)
	at org.testng.TestNG.run(TestNG.java:1048)
	at org.testng.TestNG.privateMain(TestNG.java:1355)
	at org.testng.TestNG.main(TestNG.java:1324)
]]>
    </failure>
  </testcase> <!-- RM_749_021 -->
  <testcase name="RM_956_611" time="17.553" classname="newMMIS_Subsystems.EVS"/>
  <testcase name="RM_1540" time="12.477" classname="newMMIS_Subsystems.EVS">
    <failure type="java.lang.AssertionError" message="Did not get RM 1540 / Family Assistance Wrap Benefits expected [true] but found [false]">
      <![CDATA[java.lang.AssertionError: Did not get RM 1540 / Family Assistance Wrap Benefits expected [true] but found [false]
	at org.testng.Assert.fail(Assert.java:94)
	at org.testng.Assert.failNotEquals(Assert.java:496)
	at org.testng.Assert.assertTrue(Assert.java:42)
	at newMMIS_Subsystems.EVS.rmCommon(Unknown Source)
	at newMMIS_Subsystems.EVS.RM_1540(Unknown Source)
	at sun.reflect.NativeMethodAccessorImpl.invoke0(Native Method)
	at sun.reflect.NativeMethodAccessorImpl.invoke(NativeMethodAccessorImpl.java:62)
	at sun.reflect.DelegatingMethodAccessorImpl.invoke(DelegatingMethodAccessorImpl.java:43)
	at java.lang.reflect.Method.invoke(Method.java:498)
	at org.testng.internal.MethodInvocationHelper.invokeMethod(MethodInvocationHelper.java:85)
	at org.testng.internal.Invoker.invokeMethod(Invoker.java:639)
	at org.testng.internal.Invoker.invokeTestMethod(Invoker.java:816)
	at org.testng.internal.Invoker.invokeTestMethods(Invoker.java:1124)
	at org.testng.internal.TestMethodWorker.invokeTestMethods(TestMethodWorker.java:125)
	at org.testng.internal.TestMethodWorker.run(TestMethodWorker.java:108)
	at org.testng.TestRunner.privateRun(TestRunner.java:774)
	at org.testng.TestRunner.run(TestRunner.java:624)
	at org.testng.SuiteRunner.runTest(SuiteRunner.java:359)
	at org.testng.SuiteRunner.runSequentially(SuiteRunner.java:354)
	at org.testng.SuiteRunner.privateRun(SuiteRunner.java:312)
	at org.testng.SuiteRunner.run(SuiteRunner.java:261)
	at org.testng.SuiteRunnerWorker.runSuite(SuiteRunnerWorker.java:52)
	at org.testng.SuiteRunnerWorker.run(SuiteRunnerWorker.java:86)
	at org.testng.TestNG.runSuitesSequentially(TestNG.java:1215)
	at org.testng.TestNG.runSuitesLocally(TestNG.java:1140)
	at org.testng.TestNG.run(TestNG.java:1048)
	at org.testng.TestNG.privateMain(TestNG.java:1355)
	at org.testng.TestNG.main(TestNG.java:1324)
]]>
    </failure>
  </testcase> <!-- RM_1540 -->
  <testcase name="connectorFullHSN" time="11.410" classname="newMMIS_Subsystems.EVS">
    <error type="org.testng.SkipException" message="Skipping this test  because this SQL did not return any rows: select id_medicaid from t_re_base b, t_re_aid_elig e where b.sak_recip=e.sak_recip and ind_active=&#039;Y&#039; and dte_death=&#039;0&#039; and e.cde_status1 &lt;&gt; &#039;H&#039; and e.sak_cde_aid = (select sak_cde_aid from t_cde_aid where cde_aid_category = &#039;1W&#039;) and to_char(sysdate, &#039;YYYYMMDD&#039;) between e.dte_effective and e.dte_end and not exists (select 1 from t_re_aid_elig where sak_recip=b.sak_recip and cde_status1 &lt;&gt; &#039;H&#039; and sak_cde_aid &lt;&gt; e.sak_cde_aid and to_char(sysdate,&#039;YYYYMMDD&#039;) between dte_effective and dte_end) and rownum=1">
      <![CDATA[org.testng.SkipException: Skipping this test  because this SQL did not return any rows: select id_medicaid from t_re_base b, t_re_aid_elig e where b.sak_recip=e.sak_recip and ind_active='Y' and dte_death='0' and e.cde_status1 <> 'H' and e.sak_cde_aid = (select sak_cde_aid from t_cde_aid where cde_aid_category = '1W') and to_char(sysdate, 'YYYYMMDD') between e.dte_effective and e.dte_end and not exists (select 1 from t_re_aid_elig where sak_recip=b.sak_recip and cde_status1 <> 'H' and sak_cde_aid <> e.sak_cde_aid and to_char(sysdate,'YYYYMMDD') between dte_effective and dte_end) and rownum=1
	at newMMIS_Subsystems.Common.executeQuery(Unknown Source)
	at newMMIS_Subsystems.EVS.RMreset(Unknown Source)
	at newMMIS_Subsystems.EVS.connectorFullHSN(Unknown Source)
	at sun.reflect.NativeMethodAccessorImpl.invoke0(Native Method)
	at sun.reflect.NativeMethodAccessorImpl.invoke(NativeMethodAccessorImpl.java:62)
	at sun.reflect.DelegatingMethodAccessorImpl.invoke(DelegatingMethodAccessorImpl.java:43)
	at java.lang.reflect.Method.invoke(Method.java:498)
	at org.testng.internal.MethodInvocationHelper.invokeMethod(MethodInvocationHelper.java:85)
	at org.testng.internal.Invoker.invokeMethod(Invoker.java:639)
	at org.testng.internal.Invoker.invokeTestMethod(Invoker.java:816)
	at org.testng.internal.Invoker.invokeTestMethods(Invoker.java:1124)
	at org.testng.internal.TestMethodWorker.invokeTestMethods(TestMethodWorker.java:125)
	at org.testng.internal.TestMethodWorker.run(TestMethodWorker.java:108)
	at org.testng.TestRunner.privateRun(TestRunner.java:774)
	at org.testng.TestRunner.run(TestRunner.java:624)
	at org.testng.SuiteRunner.runTest(SuiteRunner.java:359)
	at org.testng.SuiteRunner.runSequentially(SuiteRunner.java:354)
	at org.testng.SuiteRunner.privateRun(SuiteRunner.java:312)
	at org.testng.SuiteRunner.run(SuiteRunner.java:261)
	at org.testng.SuiteRunnerWorker.runSuite(SuiteRunnerWorker.java:52)
	at org.testng.SuiteRunnerWorker.run(SuiteRunnerWorker.java:86)
	at org.testng.TestNG.runSuitesSequentially(TestNG.java:1215)
	at org.testng.TestNG.runSuitesLocally(TestNG.java:1140)
	at org.testng.TestNG.run(TestNG.java:1048)
	at org.testng.TestNG.privateMain(TestNG.java:1355)
	at org.testng.TestNG.main(TestNG.java:1324)
]]>
    </error>
  </testcase> <!-- connectorFullHSN -->
  <testcase name="RM_51_613" time="13.508" classname="newMMIS_Subsystems.EVS"/>
  <testcase name="RM_32_495" time="16.783" classname="newMMIS_Subsystems.EVS"/>
  <testcase name="RM_1059_618" time="43.632" classname="newMMIS_Subsystems.EVS">
    <failure type="java.lang.AssertionError" message="Did not get RM 1059 / 618 BMC HealthNet Plan member. BMC HealthNet Plan is an MCO. expected [true] but found [false]">
      <![CDATA[java.lang.AssertionError: Did not get RM 1059 / 618 BMC HealthNet Plan member. BMC HealthNet Plan is an MCO. expected [true] but found [false]
	at org.testng.Assert.fail(Assert.java:94)
	at org.testng.Assert.failNotEquals(Assert.java:496)
	at org.testng.Assert.assertTrue(Assert.java:42)
	at newMMIS_Subsystems.EVS.rmCommon(Unknown Source)
	at newMMIS_Subsystems.EVS.RM_1059_618(Unknown Source)
	at sun.reflect.NativeMethodAccessorImpl.invoke0(Native Method)
	at sun.reflect.NativeMethodAccessorImpl.invoke(NativeMethodAccessorImpl.java:62)
	at sun.reflect.DelegatingMethodAccessorImpl.invoke(DelegatingMethodAccessorImpl.java:43)
	at java.lang.reflect.Method.invoke(Method.java:498)
	at org.testng.internal.MethodInvocationHelper.invokeMethod(MethodInvocationHelper.java:85)
	at org.testng.internal.Invoker.invokeMethod(Invoker.java:639)
	at org.testng.internal.Invoker.invokeTestMethod(Invoker.java:816)
	at org.testng.internal.Invoker.invokeTestMethods(Invoker.java:1124)
	at org.testng.internal.TestMethodWorker.invokeTestMethods(TestMethodWorker.java:125)
	at org.testng.internal.TestMethodWorker.run(TestMethodWorker.java:108)
	at org.testng.TestRunner.privateRun(TestRunner.java:774)
	at org.testng.TestRunner.run(TestRunner.java:624)
	at org.testng.SuiteRunner.runTest(SuiteRunner.java:359)
	at org.testng.SuiteRunner.runSequentially(SuiteRunner.java:354)
	at org.testng.SuiteRunner.privateRun(SuiteRunner.java:312)
	at org.testng.SuiteRunner.run(SuiteRunner.java:261)
	at org.testng.SuiteRunnerWorker.runSuite(SuiteRunnerWorker.java:52)
	at org.testng.SuiteRunnerWorker.run(SuiteRunnerWorker.java:86)
	at org.testng.TestNG.runSuitesSequentially(TestNG.java:1215)
	at org.testng.TestNG.runSuitesLocally(TestNG.java:1140)
	at org.testng.TestNG.run(TestNG.java:1048)
	at org.testng.TestNG.privateMain(TestNG.java:1355)
	at org.testng.TestNG.main(TestNG.java:1324)
]]>
    </failure>
  </testcase> <!-- RM_1059_618 -->
</testsuite> <!-- newMMIS_Subsystems.EVS -->
