<?xml version="1.0" encoding="UTF-8"?>
<!-- Generated by org.testng.reporters.JUnitReportReporter -->
<testsuite hostname="GWT-2GJ2DL3" failures="0" tests="1" name="newMMIS_Subsystems.TPL" time="22.526" errors="1" timestamp="4 Dec 2025 20:05:33 GMT">
  <testcase classname="newMMIS_Subsystems.TPL" name="test22455b" time="22.526">
    <error message="Session.connect: java.net.SocketException: Connection reset" type="com.jcraft.jsch.JSchException">
      <![CDATA[com.jcraft.jsch.JSchException: Session.connect: java.net.SocketException: Connection reset
	at com.jcraft.jsch.Session.connect(Session.java:565)
	at com.jcraft.jsch.Session.connect(Session.java:183)
	at newMMIS_Subsystems.Common.connectUNIX(Unknown Source)
	at newMMIS_Subsystems.TPL.test22455b(Unknown Source)
	at java.base/jdk.internal.reflect.DirectMethodHandleAccessor.invoke(DirectMethodHandleAccessor.java:103)
	at java.base/java.lang.reflect.Method.invoke(Method.java:580)
	at org.testng.internal.MethodInvocationHelper.invokeMethod(MethodInvocationHelper.java:85)
	at org.testng.internal.Invoker.invokeMethod(Invoker.java:639)
	at org.testng.internal.Invoker.invokeTestMethod(Invoker.java:816)
	at org.testng.internal.Invoker.invokeTestMethods(Invoker.java:1124)
	at org.testng.internal.TestMethodWorker.invokeTestMethods(TestMethodWorker.java:125)
	at org.testng.internal.TestMethodWorker.run(TestMethodWorker.java:108)
	at org.testng.TestRunner.privateRun(TestRunner.java:774)
	at org.testng.TestRunner.run(TestRunner.java:624)
	at org.testng.SuiteRunner.runTest(SuiteRunner.java:359)
	at org.testng.SuiteRunner.runSequentially(SuiteRunner.java:354)
	at org.testng.SuiteRunner.privateRun(SuiteRunner.java:312)
	at org.testng.SuiteRunner.run(SuiteRunner.java:261)
	at org.testng.SuiteRunnerWorker.runSuite(SuiteRunnerWorker.java:52)
	at org.testng.SuiteRunnerWorker.run(SuiteRunnerWorker.java:86)
	at org.testng.TestNG.runSuitesSequentially(TestNG.java:1215)
	at org.testng.TestNG.runSuitesLocally(TestNG.java:1140)
	at org.testng.TestNG.run(TestNG.java:1048)
	at org.testng.TestNG.privateMain(TestNG.java:1355)
	at org.testng.TestNG.main(TestNG.java:1324)
]]>
    </error>
  </testcase> <!-- test22455b -->
</testsuite> <!-- newMMIS_Subsystems.TPL -->
