<?xml version="1.0" encoding="UTF-8"?>
<!-- Generated by org.testng.reporters.JUnitXMLReporter -->
<testsuite hostname="GANDHIAN1" name="Member Day2 test" tests="2" failures="1" timestamp="4 Apr 2016 16:22:35 GMT" time="22.049" errors="0">
  <testcase name="test32913b" time="2.474" classname="newMMIS_Subsystems.MemberDay2">
    <failure type="java.lang.AssertionError" message="Member link did not happen expected [true] but found [false]">
      <![CDATA[java.lang.AssertionError: Member link did not happen expected [true] but found [false]
	at newMMIS_Subsystems.MemberDay2.test32913b(Unknown Source)
... Removed 26 stack frames]]>
    </failure>
  </testcase> <!-- test32913b -->
  <testcase name="test32914b" time="12.449" classname="newMMIS_Subsystems.MemberDay2"/>
</testsuite> <!-- Member Day2 test -->
