<?xml version="1.0" encoding="UTF-8"?>
<testng-results skipped="0" failed="1" total="4" passed="3">
  <reporter-output>
    <line>
      <![CDATA[1.C:\Users\gandhian\Desktop\Anshul\Workspace\Regression_TR\ScreenShots\_02_May_2016__02_43_54PM_16.214.139.6_TC 28554.png]]>
    </line>
  </reporter-output>
  <suite name="NewMMIS regression test suite" duration-ms="192424" started-at="2016-05-02T18:40:42Z" finished-at="2016-05-02T18:43:54Z">
    <groups>
    </groups>
    <test name="Login test" duration-ms="12211" started-at="2016-05-02T18:40:42Z" finished-at="2016-05-02T18:40:54Z">
      <class name="newMMIS_Subsystems.Login">
        <test-method status="PASS" signature="init(java.lang.String)[pri:0, instance:newMMIS_Subsystems.Login@137a1f08]" name="init" is-config="true" duration-ms="13" started-at="2016-05-02T14:40:42Z" finished-at="2016-05-02T14:40:42Z">
          <params>
            <param index="0">
              <value>
                <![CDATA[MO]]>
              </value>
            </param>
          </params>
          <reporter-output>
          </reporter-output>
        </test-method> <!-- init -->
        <test-method status="PASS" signature="testDBconnect()[pri:0, instance:newMMIS_Subsystems.Login@137a1f08]" name="testDBconnect" duration-ms="647" started-at="2016-05-02T14:40:42Z" finished-at="2016-05-02T14:40:42Z">
          <reporter-output>
          </reporter-output>
        </test-method> <!-- testDBconnect -->
        <test-method status="PASS" signature="testLoginBase()[pri:0, instance:newMMIS_Subsystems.Login@137a1f08]" name="testLoginBase" duration-ms="11538" started-at="2016-05-02T14:40:42Z" finished-at="2016-05-02T14:40:54Z">
          <reporter-output>
          </reporter-output>
        </test-method> <!-- testLoginBase -->
      </class> <!-- newMMIS_Subsystems.Login -->
    </test> <!-- Login test -->
    <test name="Member test" duration-ms="180186" started-at="2016-05-02T18:40:54Z" finished-at="2016-05-02T18:43:54Z">
      <class name="newMMIS_Subsystems.Member">
        <test-method status="PASS" signature="memberStartup()[pri:0, instance:newMMIS_Subsystems.Member@34f9cff1]" name="memberStartup" is-config="true" duration-ms="1" started-at="2016-05-02T14:40:54Z" finished-at="2016-05-02T14:40:54Z">
          <reporter-output>
          </reporter-output>
        </test-method> <!-- memberStartup -->
        <test-method status="PASS" signature="init(java.lang.String)[pri:0, instance:newMMIS_Subsystems.Member@34f9cff1]" name="init" is-config="true" duration-ms="0" started-at="2016-05-02T14:40:54Z" finished-at="2016-05-02T14:40:54Z">
          <params>
            <param index="0">
              <value>
                <![CDATA[MO]]>
              </value>
            </param>
          </params>
          <reporter-output>
          </reporter-output>
        </test-method> <!-- init -->
        <test-method status="PASS" signature="LoginCheck()[pri:0, instance:newMMIS_Subsystems.Member@34f9cff1]" name="LoginCheck" is-config="true" duration-ms="2813" started-at="2016-05-02T14:40:54Z" finished-at="2016-05-02T14:40:57Z">
          <reporter-output>
          </reporter-output>
        </test-method> <!-- LoginCheck -->
        <test-method status="FAIL" signature="test28554()[pri:0, instance:newMMIS_Subsystems.Member@34f9cff1]" name="test28554" duration-ms="177062" started-at="2016-05-02T14:40:57Z" finished-at="2016-05-02T14:43:54Z">
          <exception class="java.lang.AssertionError">
            <message>
              <![CDATA[Error(1) Your transaction was not processed. The transaction service is not currently available, please try your transaction again later.-Error Code: 200  expected [true] but found [false]]]>
            </message>
            <full-stacktrace>
              <![CDATA[java.lang.AssertionError: Error(1) Your transaction was not processed. The transaction service is not currently available, please try your transaction again later.-Error Code: 200  expected [true] but found [false]
	at org.testng.Assert.fail(Assert.java:94)
	at org.testng.Assert.failNotEquals(Assert.java:494)
	at org.testng.Assert.assertTrue(Assert.java:42)
	at newMMIS_Subsystems.Common.getPageError(Unknown Source)
	at newMMIS_Subsystems.EVS.RMreset(Unknown Source)
	at newMMIS_Subsystems.Member.test28554(Unknown Source)
	at sun.reflect.NativeMethodAccessorImpl.invoke0(Native Method)
	at sun.reflect.NativeMethodAccessorImpl.invoke(Unknown Source)
	at sun.reflect.DelegatingMethodAccessorImpl.invoke(Unknown Source)
	at java.lang.reflect.Method.invoke(Unknown Source)
	at org.testng.internal.MethodInvocationHelper.invokeMethod(MethodInvocationHelper.java:80)
	at org.testng.internal.Invoker.invokeMethod(Invoker.java:714)
	at org.testng.internal.Invoker.invokeTestMethod(Invoker.java:901)
	at org.testng.internal.Invoker.invokeTestMethods(Invoker.java:1231)
	at org.testng.internal.TestMethodWorker.invokeTestMethods(TestMethodWorker.java:127)
	at org.testng.internal.TestMethodWorker.run(TestMethodWorker.java:111)
	at org.testng.TestRunner.privateRun(TestRunner.java:767)
	at org.testng.TestRunner.run(TestRunner.java:617)
	at org.testng.SuiteRunner.runTest(SuiteRunner.java:334)
	at org.testng.SuiteRunner.runSequentially(SuiteRunner.java:329)
	at org.testng.SuiteRunner.privateRun(SuiteRunner.java:291)
	at org.testng.SuiteRunner.run(SuiteRunner.java:240)
	at org.testng.SuiteRunnerWorker.runSuite(SuiteRunnerWorker.java:52)
	at org.testng.SuiteRunnerWorker.run(SuiteRunnerWorker.java:86)
	at org.testng.TestNG.runSuitesSequentially(TestNG.java:1198)
	at org.testng.TestNG.runSuitesLocally(TestNG.java:1123)
	at org.testng.TestNG.run(TestNG.java:1031)
	at org.testng.TestNG.privateMain(TestNG.java:1338)
	at org.testng.TestNG.main(TestNG.java:1307)
]]>
            </full-stacktrace>
          </exception> <!-- java.lang.AssertionError -->
          <reporter-output>
            <line>
              <![CDATA[1.C:\Users\gandhian\Desktop\Anshul\Workspace\Regression_TR\ScreenShots\_02_May_2016__02_43_54PM_16.214.139.6_TC 28554.png]]>
            </line>
          </reporter-output>
        </test-method> <!-- test28554 -->
      </class> <!-- newMMIS_Subsystems.Member -->
    </test> <!-- Member test -->
    <test name="Close Logs test" duration-ms="2" started-at="2016-05-02T18:43:54Z" finished-at="2016-05-02T18:43:54Z">
      <class name="newMMIS_Subsystems.Login">
        <test-method status="PASS" signature="init(java.lang.String)[pri:0, instance:newMMIS_Subsystems.Login@dc511cb]" name="init" is-config="true" duration-ms="0" started-at="2016-05-02T14:43:54Z" finished-at="2016-05-02T14:43:54Z">
          <params>
            <param index="0">
              <value>
                <![CDATA[MO]]>
              </value>
            </param>
          </params>
          <reporter-output>
          </reporter-output>
        </test-method> <!-- init -->
        <test-method status="PASS" signature="closeLogs()[pri:0, instance:newMMIS_Subsystems.Login@dc511cb]" name="closeLogs" duration-ms="0" started-at="2016-05-02T14:43:54Z" finished-at="2016-05-02T14:43:54Z">
          <reporter-output>
          </reporter-output>
        </test-method> <!-- closeLogs -->
      </class> <!-- newMMIS_Subsystems.Login -->
    </test> <!-- Close Logs test -->
  </suite> <!-- NewMMIS regression test suite -->
</testng-results>
