<html>
<head>
<title>TestNG:  AVR_EVS test</title>
<link href="../testng.css" rel="stylesheet" type="text/css" />
<link href="../my-testng.css" rel="stylesheet" type="text/css" />

<style type="text/css">
.log { display: none;} 
.stack-trace { display: none;} 
</style>
<script type="text/javascript">
<!--
function flip(e) {
  current = e.style.display;
  if (current == 'block') {
    e.style.display = 'none';
    return 0;
  }
  else {
    e.style.display = 'block';
    return 1;
  }
}

function toggleBox(szDivId, elem, msg1, msg2)
{
  var res = -1;  if (document.getElementById) {
    res = flip(document.getElementById(szDivId));
  }
  else if (document.all) {
    // this is the way old msie versions work
    res = flip(document.all[szDivId]);
  }
  if(elem) {
    if(res == 0) elem.innerHTML = msg1; else elem.innerHTML = msg2;
  }

}

function toggleAllBoxes() {
  if (document.getElementsByTagName) {
    d = document.getElementsByTagName('div');
    for (i = 0; i < d.length; i++) {
      if (d[i].className == 'log') {
        flip(d[i]);
      }
    }
  }
}

// -->
</script>

</head>
<body>
<h2 align='center'>AVR_EVS test</h2><table border='1' align="center">
<tr>
<td>Tests passed/Failed/Skipped:</td><td>106/4/54</td>
</tr><tr>
<td>Started on:</td><td>Thu May 25 14:43:16 EDT 2017</td>
</tr>
<tr><td>Total time:</td><td>4609 seconds (4609218 ms)</td>
</tr><tr>
<td>Included groups:</td><td></td>
</tr><tr>
<td>Excluded groups:</td><td></td>
</tr>
</table><p/>
<small><i>(Hover the method name to see the test class name)</i></small><p/>
<table width='100%' border='1' class='invocation-failed'>
<tr><td colspan='4' align='center'><b>FAILED TESTS</b></td></tr>
<tr><td><b>Test method</b></td>
<td width="30%"><b>Exception</b></td>
<td width="10%"><b>Time (seconds)</b></td>
<td><b>Instance</b></td>
</tr>
<tr>
<td title='newMMIS_Subsystems.AVR_EVS.RM_40_601()'><b>RM_40_601</b><br>Test class: newMMIS_Subsystems.AVR_EVS<br/>
<a href="#Output-443110940" onClick='toggleBox("Output-443110940", this, "Show output", "Hide output");'>Show output</a>

<a href="#Output-443110940" onClick="toggleAllBoxes();">Show all outputs</a>
<div class='log' id="Output-443110940">
3.C:\Users\gandhian\Desktop\Anshul\Workspace\Regression_TR\ScreenShots\_25_May_2017__02_49_31PM_172.31.86.34_TC RM_40_601.png<br/>
</div>
</td>
<td><div><pre>java.lang.AssertionError: Did not get RM 40 / 601 Eligible for emergency services, including labor and delivery, under Limited without copay under 130 CMR 450.130(d). expected [true] but found [false]
	at newMMIS_Subsystems.AVR_EVS.rmCommon(Unknown Source)
	at newMMIS_Subsystems.AVR_EVS.RM_40_601(Unknown Source)
... Removed 26 stack frames</pre></div><a href='#' onClick='toggleBox("stack-trace443110940", this, "Click to show all stack frames", "Click to hide stack frames")'>Click to show all stack frames</a>
<div class='stack-trace' id='stack-trace443110940'><pre>java.lang.AssertionError: Did not get RM 40 / 601 Eligible for emergency services, including labor and delivery, under Limited without copay under 130 CMR 450.130(d). expected [true] but found [false]
	at org.testng.Assert.fail(Assert.java:94)
	at org.testng.Assert.failNotEquals(Assert.java:496)
	at org.testng.Assert.assertTrue(Assert.java:42)
	at newMMIS_Subsystems.AVR_EVS.rmCommon(Unknown Source)
	at newMMIS_Subsystems.AVR_EVS.RM_40_601(Unknown Source)
	at sun.reflect.NativeMethodAccessorImpl.invoke0(Native Method)
	at sun.reflect.NativeMethodAccessorImpl.invoke(Unknown Source)
	at sun.reflect.DelegatingMethodAccessorImpl.invoke(Unknown Source)
	at java.lang.reflect.Method.invoke(Unknown Source)
	at org.testng.internal.MethodInvocationHelper.invokeMethod(MethodInvocationHelper.java:85)
	at org.testng.internal.Invoker.invokeMethod(Invoker.java:639)
	at org.testng.internal.Invoker.invokeTestMethod(Invoker.java:816)
	at org.testng.internal.Invoker.invokeTestMethods(Invoker.java:1124)
	at org.testng.internal.TestMethodWorker.invokeTestMethods(TestMethodWorker.java:125)
	at org.testng.internal.TestMethodWorker.run(TestMethodWorker.java:108)
	at org.testng.TestRunner.privateRun(TestRunner.java:774)
	at org.testng.TestRunner.run(TestRunner.java:624)
	at org.testng.SuiteRunner.runTest(SuiteRunner.java:359)
	at org.testng.SuiteRunner.runSequentially(SuiteRunner.java:354)
	at org.testng.SuiteRunner.privateRun(SuiteRunner.java:312)
	at org.testng.SuiteRunner.run(SuiteRunner.java:261)
	at org.testng.SuiteRunnerWorker.runSuite(SuiteRunnerWorker.java:52)
	at org.testng.SuiteRunnerWorker.run(SuiteRunnerWorker.java:86)
	at org.testng.TestNG.runSuitesSequentially(TestNG.java:1215)
	at org.testng.TestNG.runSuitesLocally(TestNG.java:1140)
	at org.testng.TestNG.run(TestNG.java:1048)
	at org.testng.TestNG.privateMain(TestNG.java:1355)
	at org.testng.TestNG.main(TestNG.java:1324)
</pre></div></td>
<td>5</td>
<td>newMMIS_Subsystems.AVR_EVS@12843fce</td></tr>
<tr>
<td title='newMMIS_Subsystems.AVR_EVS.RM_41_602()'><b>RM_41_602</b><br>Test class: newMMIS_Subsystems.AVR_EVS<br/>
<a href="#Output-167013780" onClick='toggleBox("Output-167013780", this, "Show output", "Hide output");'>Show output</a>

<a href="#Output-167013780" onClick="toggleAllBoxes();">Show all outputs</a>
<div class='log' id="Output-167013780">
4.C:\Users\gandhian\Desktop\Anshul\Workspace\Regression_TR\ScreenShots\_25_May_2017__02_49_42PM_172.31.86.34_TC RM_41_602.png<br/>
</div>
</td>
<td><div><pre>java.lang.AssertionError: Did not get RM 41 / 602 For eligibility dates and payment under Healthy Start for outpatient, non-emergency pregnancy-related services except labor and delivery and global delivery codes, call 1-888-488-9161. expected [true] but found [false]
	at newMMIS_Subsystems.AVR_EVS.rmCommon(Unknown Source)
	at newMMIS_Subsystems.AVR_EVS.RM_41_602(Unknown Source)
... Removed 26 stack frames</pre></div><a href='#' onClick='toggleBox("stack-trace167013780", this, "Click to show all stack frames", "Click to hide stack frames")'>Click to show all stack frames</a>
<div class='stack-trace' id='stack-trace167013780'><pre>java.lang.AssertionError: Did not get RM 41 / 602 For eligibility dates and payment under Healthy Start for outpatient, non-emergency pregnancy-related services except labor and delivery and global delivery codes, call 1-888-488-9161. expected [true] but found [false]
	at org.testng.Assert.fail(Assert.java:94)
	at org.testng.Assert.failNotEquals(Assert.java:496)
	at org.testng.Assert.assertTrue(Assert.java:42)
	at newMMIS_Subsystems.AVR_EVS.rmCommon(Unknown Source)
	at newMMIS_Subsystems.AVR_EVS.RM_41_602(Unknown Source)
	at sun.reflect.NativeMethodAccessorImpl.invoke0(Native Method)
	at sun.reflect.NativeMethodAccessorImpl.invoke(Unknown Source)
	at sun.reflect.DelegatingMethodAccessorImpl.invoke(Unknown Source)
	at java.lang.reflect.Method.invoke(Unknown Source)
	at org.testng.internal.MethodInvocationHelper.invokeMethod(MethodInvocationHelper.java:85)
	at org.testng.internal.Invoker.invokeMethod(Invoker.java:639)
	at org.testng.internal.Invoker.invokeTestMethod(Invoker.java:816)
	at org.testng.internal.Invoker.invokeTestMethods(Invoker.java:1124)
	at org.testng.internal.TestMethodWorker.invokeTestMethods(TestMethodWorker.java:125)
	at org.testng.internal.TestMethodWorker.run(TestMethodWorker.java:108)
	at org.testng.TestRunner.privateRun(TestRunner.java:774)
	at org.testng.TestRunner.run(TestRunner.java:624)
	at org.testng.SuiteRunner.runTest(SuiteRunner.java:359)
	at org.testng.SuiteRunner.runSequentially(SuiteRunner.java:354)
	at org.testng.SuiteRunner.privateRun(SuiteRunner.java:312)
	at org.testng.SuiteRunner.run(SuiteRunner.java:261)
	at org.testng.SuiteRunnerWorker.runSuite(SuiteRunnerWorker.java:52)
	at org.testng.SuiteRunnerWorker.run(SuiteRunnerWorker.java:86)
	at org.testng.TestNG.runSuitesSequentially(TestNG.java:1215)
	at org.testng.TestNG.runSuitesLocally(TestNG.java:1140)
	at org.testng.TestNG.run(TestNG.java:1048)
	at org.testng.TestNG.privateMain(TestNG.java:1355)
	at org.testng.TestNG.main(TestNG.java:1324)
</pre></div></td>
<td>5</td>
<td>newMMIS_Subsystems.AVR_EVS@12843fce</td></tr>
<tr>
<td title='newMMIS_Subsystems.AVR_EVS.RM_792_637()'><b>RM_792_637</b><br>Test class: newMMIS_Subsystems.AVR_EVS<br/>
<a href="#Output-102052782" onClick='toggleBox("Output-102052782", this, "Show output", "Hide output");'>Show output</a>

<a href="#Output-102052782" onClick="toggleAllBoxes();">Show all outputs</a>
<div class='log' id="Output-102052782">
11.C:\Users\gandhian\Desktop\Anshul\Workspace\Regression_TR\ScreenShots\_25_May_2017__03_11_57PM_172.31.86.34_TC RM_792_637.png<br/>
</div>
</td>
<td><div><pre>java.lang.AssertionError: Did not get RM 792 / 637 MEMBER IS HSN SECONDARY. BILL MEMBERS PRIVATE HEALTH INSURANCE. SEE 114.6 CMR 13.00 FOR INFO ON TPL REQS. expected [true] but found [false]
	at newMMIS_Subsystems.AVR_EVS.rmCommon(Unknown Source)
	at newMMIS_Subsystems.AVR_EVS.RM_792_637(Unknown Source)
... Removed 26 stack frames</pre></div><a href='#' onClick='toggleBox("stack-trace102052782", this, "Click to show all stack frames", "Click to hide stack frames")'>Click to show all stack frames</a>
<div class='stack-trace' id='stack-trace102052782'><pre>java.lang.AssertionError: Did not get RM 792 / 637 MEMBER IS HSN SECONDARY. BILL MEMBERS PRIVATE HEALTH INSURANCE. SEE 114.6 CMR 13.00 FOR INFO ON TPL REQS. expected [true] but found [false]
	at org.testng.Assert.fail(Assert.java:94)
	at org.testng.Assert.failNotEquals(Assert.java:496)
	at org.testng.Assert.assertTrue(Assert.java:42)
	at newMMIS_Subsystems.AVR_EVS.rmCommon(Unknown Source)
	at newMMIS_Subsystems.AVR_EVS.RM_792_637(Unknown Source)
	at sun.reflect.NativeMethodAccessorImpl.invoke0(Native Method)
	at sun.reflect.NativeMethodAccessorImpl.invoke(Unknown Source)
	at sun.reflect.DelegatingMethodAccessorImpl.invoke(Unknown Source)
	at java.lang.reflect.Method.invoke(Unknown Source)
	at org.testng.internal.MethodInvocationHelper.invokeMethod(MethodInvocationHelper.java:85)
	at org.testng.internal.Invoker.invokeMethod(Invoker.java:639)
	at org.testng.internal.Invoker.invokeTestMethod(Invoker.java:816)
	at org.testng.internal.Invoker.invokeTestMethods(Invoker.java:1124)
	at org.testng.internal.TestMethodWorker.invokeTestMethods(TestMethodWorker.java:125)
	at org.testng.internal.TestMethodWorker.run(TestMethodWorker.java:108)
	at org.testng.TestRunner.privateRun(TestRunner.java:774)
	at org.testng.TestRunner.run(TestRunner.java:624)
	at org.testng.SuiteRunner.runTest(SuiteRunner.java:359)
	at org.testng.SuiteRunner.runSequentially(SuiteRunner.java:354)
	at org.testng.SuiteRunner.privateRun(SuiteRunner.java:312)
	at org.testng.SuiteRunner.run(SuiteRunner.java:261)
	at org.testng.SuiteRunnerWorker.runSuite(SuiteRunnerWorker.java:52)
	at org.testng.SuiteRunnerWorker.run(SuiteRunnerWorker.java:86)
	at org.testng.TestNG.runSuitesSequentially(TestNG.java:1215)
	at org.testng.TestNG.runSuitesLocally(TestNG.java:1140)
	at org.testng.TestNG.run(TestNG.java:1048)
	at org.testng.TestNG.privateMain(TestNG.java:1355)
	at org.testng.TestNG.main(TestNG.java:1324)
</pre></div></td>
<td>8</td>
<td>newMMIS_Subsystems.AVR_EVS@12843fce</td></tr>
<tr>
<td title='newMMIS_Subsystems.AVR_EVS.RM_985_658()'><b>RM_985_658</b><br>Test class: newMMIS_Subsystems.AVR_EVS<br/>
<a href="#Output-1998434604" onClick='toggleBox("Output-1998434604", this, "Show output", "Hide output");'>Show output</a>

<a href="#Output-1998434604" onClick="toggleAllBoxes();">Show all outputs</a>
<div class='log' id="Output-1998434604">
15.C:\Users\gandhian\Desktop\Anshul\Workspace\Regression_TR\ScreenShots\_25_May_2017__03_15_19PM_172.31.86.34_TC RM_985_658.png<br/>
</div>
</td>
<td><div><pre>java.lang.AssertionError: Did not get RM 985 / 658 Effective July 1, 2010, global delivery codes for HSP members must be Billed to MassHealth. For more information, call 1-800-841-2900. expected [true] but found [false]
	at newMMIS_Subsystems.AVR_EVS.rmCommon(Unknown Source)
	at newMMIS_Subsystems.AVR_EVS.RM_985_658(Unknown Source)
... Removed 26 stack frames</pre></div><a href='#' onClick='toggleBox("stack-trace1998434604", this, "Click to show all stack frames", "Click to hide stack frames")'>Click to show all stack frames</a>
<div class='stack-trace' id='stack-trace1998434604'><pre>java.lang.AssertionError: Did not get RM 985 / 658 Effective July 1, 2010, global delivery codes for HSP members must be Billed to MassHealth. For more information, call 1-800-841-2900. expected [true] but found [false]
	at org.testng.Assert.fail(Assert.java:94)
	at org.testng.Assert.failNotEquals(Assert.java:496)
	at org.testng.Assert.assertTrue(Assert.java:42)
	at newMMIS_Subsystems.AVR_EVS.rmCommon(Unknown Source)
	at newMMIS_Subsystems.AVR_EVS.RM_985_658(Unknown Source)
	at sun.reflect.NativeMethodAccessorImpl.invoke0(Native Method)
	at sun.reflect.NativeMethodAccessorImpl.invoke(Unknown Source)
	at sun.reflect.DelegatingMethodAccessorImpl.invoke(Unknown Source)
	at java.lang.reflect.Method.invoke(Unknown Source)
	at org.testng.internal.MethodInvocationHelper.invokeMethod(MethodInvocationHelper.java:85)
	at org.testng.internal.Invoker.invokeMethod(Invoker.java:639)
	at org.testng.internal.Invoker.invokeTestMethod(Invoker.java:816)
	at org.testng.internal.Invoker.invokeTestMethods(Invoker.java:1124)
	at org.testng.internal.TestMethodWorker.invokeTestMethods(TestMethodWorker.java:125)
	at org.testng.internal.TestMethodWorker.run(TestMethodWorker.java:108)
	at org.testng.TestRunner.privateRun(TestRunner.java:774)
	at org.testng.TestRunner.run(TestRunner.java:624)
	at org.testng.SuiteRunner.runTest(SuiteRunner.java:359)
	at org.testng.SuiteRunner.runSequentially(SuiteRunner.java:354)
	at org.testng.SuiteRunner.privateRun(SuiteRunner.java:312)
	at org.testng.SuiteRunner.run(SuiteRunner.java:261)
	at org.testng.SuiteRunnerWorker.runSuite(SuiteRunnerWorker.java:52)
	at org.testng.SuiteRunnerWorker.run(SuiteRunnerWorker.java:86)
	at org.testng.TestNG.runSuitesSequentially(TestNG.java:1215)
	at org.testng.TestNG.runSuitesLocally(TestNG.java:1140)
	at org.testng.TestNG.run(TestNG.java:1048)
	at org.testng.TestNG.privateMain(TestNG.java:1355)
	at org.testng.TestNG.main(TestNG.java:1324)
</pre></div></td>
<td>8</td>
<td>newMMIS_Subsystems.AVR_EVS@12843fce</td></tr>
</table><p>
<table width='100%' border='1' class='invocation-passed'>
<tr><td colspan='4' align='center'><b>PASSED TESTS</b></td></tr>
<tr><td><b>Test method</b></td>
<td width="30%"><b>Exception</b></td>
<td width="10%"><b>Time (seconds)</b></td>
<td><b>Instance</b></td>
</tr>
<tr>
<td title='newMMIS_Subsystems.AVR_EVS.RM_1055_617()'><b>RM_1055_617</b><br>Test class: newMMIS_Subsystems.AVR_EVS</td>
<td></td>
<td>29</td>
<td>newMMIS_Subsystems.AVR_EVS@12843fce</td></tr>
<tr>
<td title='newMMIS_Subsystems.AVR_EVS.RM_1059_618()'><b>RM_1059_618</b><br>Test class: newMMIS_Subsystems.AVR_EVS</td>
<td></td>
<td>5</td>
<td>newMMIS_Subsystems.AVR_EVS@12843fce</td></tr>
<tr>
<td title='newMMIS_Subsystems.AVR_EVS.RM_1061_618()'><b>RM_1061_618</b><br>Test class: newMMIS_Subsystems.AVR_EVS</td>
<td></td>
<td>6</td>
<td>newMMIS_Subsystems.AVR_EVS@12843fce</td></tr>
<tr>
<td title='newMMIS_Subsystems.AVR_EVS.RM_1063_619()'><b>RM_1063_619</b><br>Test class: newMMIS_Subsystems.AVR_EVS</td>
<td></td>
<td>5</td>
<td>newMMIS_Subsystems.AVR_EVS@12843fce</td></tr>
<tr>
<td title='newMMIS_Subsystems.AVR_EVS.RM_1065_619()'><b>RM_1065_619</b><br>Test class: newMMIS_Subsystems.AVR_EVS</td>
<td></td>
<td>10</td>
<td>newMMIS_Subsystems.AVR_EVS@12843fce</td></tr>
<tr>
<td title='newMMIS_Subsystems.AVR_EVS.RM_10_006()'><b>RM_10_006</b><br>Test class: newMMIS_Subsystems.AVR_EVS</td>
<td></td>
<td>12</td>
<td>newMMIS_Subsystems.AVR_EVS@12843fce</td></tr>
<tr>
<td title='newMMIS_Subsystems.AVR_EVS.RM_1119_663()'><b>RM_1119_663</b><br>Test class: newMMIS_Subsystems.AVR_EVS</td>
<td></td>
<td>10</td>
<td>newMMIS_Subsystems.AVR_EVS@12843fce</td></tr>
<tr>
<td title='newMMIS_Subsystems.AVR_EVS.RM_1120_664()'><b>RM_1120_664</b><br>Test class: newMMIS_Subsystems.AVR_EVS</td>
<td></td>
<td>9</td>
<td>newMMIS_Subsystems.AVR_EVS@12843fce</td></tr>
<tr>
<td title='newMMIS_Subsystems.AVR_EVS.RM_1136_616()'><b>RM_1136_616</b><br>Test class: newMMIS_Subsystems.AVR_EVS</td>
<td></td>
<td>36</td>
<td>newMMIS_Subsystems.AVR_EVS@12843fce</td></tr>
<tr>
<td title='newMMIS_Subsystems.AVR_EVS.RM_1138_616()'><b>RM_1138_616</b><br>Test class: newMMIS_Subsystems.AVR_EVS</td>
<td></td>
<td>11</td>
<td>newMMIS_Subsystems.AVR_EVS@12843fce</td></tr>
<tr>
<td title='newMMIS_Subsystems.AVR_EVS.RM_1145_056()'><b>RM_1145_056</b><br>Test class: newMMIS_Subsystems.AVR_EVS</td>
<td></td>
<td>9</td>
<td>newMMIS_Subsystems.AVR_EVS@12843fce</td></tr>
<tr>
<td title='newMMIS_Subsystems.AVR_EVS.RM_1146_056()'><b>RM_1146_056</b><br>Test class: newMMIS_Subsystems.AVR_EVS</td>
<td></td>
<td>7</td>
<td>newMMIS_Subsystems.AVR_EVS@12843fce</td></tr>
<tr>
<td title='newMMIS_Subsystems.AVR_EVS.RM_121_121()'><b>RM_121_121</b><br>Test class: newMMIS_Subsystems.AVR_EVS</td>
<td></td>
<td>8</td>
<td>newMMIS_Subsystems.AVR_EVS@12843fce</td></tr>
<tr>
<td title='newMMIS_Subsystems.AVR_EVS.RM_1231_665()'><b>RM_1231_665</b><br>Test class: newMMIS_Subsystems.AVR_EVS</td>
<td></td>
<td>6</td>
<td>newMMIS_Subsystems.AVR_EVS@12843fce</td></tr>
<tr>
<td title='newMMIS_Subsystems.AVR_EVS.RM_12_031()'><b>RM_12_031</b><br>Test class: newMMIS_Subsystems.AVR_EVS</td>
<td></td>
<td>9</td>
<td>newMMIS_Subsystems.AVR_EVS@12843fce</td></tr>
<tr>
<td title='newMMIS_Subsystems.AVR_EVS.RM_13_036()'><b>RM_13_036</b><br>Test class: newMMIS_Subsystems.AVR_EVS</td>
<td></td>
<td>10</td>
<td>newMMIS_Subsystems.AVR_EVS@12843fce</td></tr>
<tr>
<td title='newMMIS_Subsystems.AVR_EVS.RM_14_041()'><b>RM_14_041</b><br>Test class: newMMIS_Subsystems.AVR_EVS</td>
<td></td>
<td>6</td>
<td>newMMIS_Subsystems.AVR_EVS@12843fce</td></tr>
<tr>
<td title='newMMIS_Subsystems.AVR_EVS.RM_15_046()'><b>RM_15_046</b><br>Test class: newMMIS_Subsystems.AVR_EVS</td>
<td></td>
<td>8</td>
<td>newMMIS_Subsystems.AVR_EVS@12843fce</td></tr>
<tr>
<td title='newMMIS_Subsystems.AVR_EVS.RM_16_051()'><b>RM_16_051</b><br>Test class: newMMIS_Subsystems.AVR_EVS</td>
<td></td>
<td>9</td>
<td>newMMIS_Subsystems.AVR_EVS@12843fce</td></tr>
<tr>
<td title='newMMIS_Subsystems.AVR_EVS.RM_186_186()'><b>RM_186_186</b><br>Test class: newMMIS_Subsystems.AVR_EVS</td>
<td></td>
<td>8</td>
<td>newMMIS_Subsystems.AVR_EVS@12843fce</td></tr>
<tr>
<td title='newMMIS_Subsystems.AVR_EVS.RM_19_171()'><b>RM_19_171</b><br>Test class: newMMIS_Subsystems.AVR_EVS</td>
<td></td>
<td>8</td>
<td>newMMIS_Subsystems.AVR_EVS@12843fce</td></tr>
<tr>
<td title='newMMIS_Subsystems.AVR_EVS.RM_20_201()'><b>RM_20_201</b><br>Test class: newMMIS_Subsystems.AVR_EVS</td>
<td></td>
<td>14</td>
<td>newMMIS_Subsystems.AVR_EVS@12843fce</td></tr>
<tr>
<td title='newMMIS_Subsystems.AVR_EVS.RM_20_231()'><b>RM_20_231</b><br>Test class: newMMIS_Subsystems.AVR_EVS</td>
<td></td>
<td>11</td>
<td>newMMIS_Subsystems.AVR_EVS@12843fce</td></tr>
<tr>
<td title='newMMIS_Subsystems.AVR_EVS.RM_246_246()'><b>RM_246_246</b><br>Test class: newMMIS_Subsystems.AVR_EVS</td>
<td></td>
<td>5</td>
<td>newMMIS_Subsystems.AVR_EVS@12843fce</td></tr>
<tr>
<td title='newMMIS_Subsystems.AVR_EVS.RM_28_391()'><b>RM_28_391</b><br>Test class: newMMIS_Subsystems.AVR_EVS</td>
<td></td>
<td>8</td>
<td>newMMIS_Subsystems.AVR_EVS@12843fce</td></tr>
<tr>
<td title='newMMIS_Subsystems.AVR_EVS.RM_29_495()'><b>RM_29_495</b><br>Test class: newMMIS_Subsystems.AVR_EVS</td>
<td></td>
<td>6</td>
<td>newMMIS_Subsystems.AVR_EVS@12843fce</td></tr>
<tr>
<td title='newMMIS_Subsystems.AVR_EVS.RM_2_111()'><b>RM_2_111</b><br>Test class: newMMIS_Subsystems.AVR_EVS</td>
<td></td>
<td>7</td>
<td>newMMIS_Subsystems.AVR_EVS@12843fce</td></tr>
<tr>
<td title='newMMIS_Subsystems.AVR_EVS.RM_30_495()'><b>RM_30_495</b><br>Test class: newMMIS_Subsystems.AVR_EVS</td>
<td></td>
<td>5</td>
<td>newMMIS_Subsystems.AVR_EVS@12843fce</td></tr>
<tr>
<td title='newMMIS_Subsystems.AVR_EVS.RM_32_495()'><b>RM_32_495</b><br>Test class: newMMIS_Subsystems.AVR_EVS</td>
<td></td>
<td>5</td>
<td>newMMIS_Subsystems.AVR_EVS@12843fce</td></tr>
<tr>
<td title='newMMIS_Subsystems.AVR_EVS.RM_366_366()'><b>RM_366_366</b><br>Test class: newMMIS_Subsystems.AVR_EVS</td>
<td></td>
<td>6</td>
<td>newMMIS_Subsystems.AVR_EVS@12843fce</td></tr>
<tr>
<td title='newMMIS_Subsystems.AVR_EVS.RM_3_116()'><b>RM_3_116</b><br>Test class: newMMIS_Subsystems.AVR_EVS</td>
<td></td>
<td>7</td>
<td>newMMIS_Subsystems.AVR_EVS@12843fce</td></tr>
<tr>
<td title='newMMIS_Subsystems.AVR_EVS.RM_42_603()'><b>RM_42_603</b><br>Test class: newMMIS_Subsystems.AVR_EVS</td>
<td></td>
<td>5</td>
<td>newMMIS_Subsystems.AVR_EVS@12843fce</td></tr>
<tr>
<td title='newMMIS_Subsystems.AVR_EVS.RM_43_604()'><b>RM_43_604</b><br>Test class: newMMIS_Subsystems.AVR_EVS</td>
<td></td>
<td>4</td>
<td>newMMIS_Subsystems.AVR_EVS@12843fce</td></tr>
<tr>
<td title='newMMIS_Subsystems.AVR_EVS.RM_45_608()'><b>RM_45_608</b><br>Test class: newMMIS_Subsystems.AVR_EVS</td>
<td></td>
<td>10</td>
<td>newMMIS_Subsystems.AVR_EVS@12843fce</td></tr>
<tr>
<td title='newMMIS_Subsystems.AVR_EVS.RM_461_461()'><b>RM_461_461</b><br>Test class: newMMIS_Subsystems.AVR_EVS</td>
<td></td>
<td>9</td>
<td>newMMIS_Subsystems.AVR_EVS@12843fce</td></tr>
<tr>
<td title='newMMIS_Subsystems.AVR_EVS.RM_46_611()'><b>RM_46_611</b><br>Test class: newMMIS_Subsystems.AVR_EVS</td>
<td></td>
<td>23</td>
<td>newMMIS_Subsystems.AVR_EVS@12843fce</td></tr>
<tr>
<td title='newMMIS_Subsystems.AVR_EVS.RM_48_612()'><b>RM_48_612</b><br>Test class: newMMIS_Subsystems.AVR_EVS</td>
<td></td>
<td>14</td>
<td>newMMIS_Subsystems.AVR_EVS@12843fce</td></tr>
<tr>
<td title='newMMIS_Subsystems.AVR_EVS.RM_49_612()'><b>RM_49_612</b><br>Test class: newMMIS_Subsystems.AVR_EVS</td>
<td></td>
<td>168</td>
<td>newMMIS_Subsystems.AVR_EVS@12843fce</td></tr>
<tr>
<td title='newMMIS_Subsystems.AVR_EVS.RM_50_613()'><b>RM_50_613</b><br>Test class: newMMIS_Subsystems.AVR_EVS</td>
<td></td>
<td>14</td>
<td>newMMIS_Subsystems.AVR_EVS@12843fce</td></tr>
<tr>
<td title='newMMIS_Subsystems.AVR_EVS.RM_51_613()'><b>RM_51_613</b><br>Test class: newMMIS_Subsystems.AVR_EVS</td>
<td></td>
<td>34</td>
<td>newMMIS_Subsystems.AVR_EVS@12843fce</td></tr>
<tr>
<td title='newMMIS_Subsystems.AVR_EVS.RM_530_530()'><b>RM_530_530</b><br>Test class: newMMIS_Subsystems.AVR_EVS</td>
<td></td>
<td>117</td>
<td>newMMIS_Subsystems.AVR_EVS@12843fce</td></tr>
<tr>
<td title='newMMIS_Subsystems.AVR_EVS.RM_5_480()'><b>RM_5_480</b><br>Test class: newMMIS_Subsystems.AVR_EVS</td>
<td></td>
<td>6</td>
<td>newMMIS_Subsystems.AVR_EVS@12843fce</td></tr>
<tr>
<td title='newMMIS_Subsystems.AVR_EVS.RM_614_614()'><b>RM_614_614</b><br>Test class: newMMIS_Subsystems.AVR_EVS</td>
<td></td>
<td>8</td>
<td>newMMIS_Subsystems.AVR_EVS@12843fce</td></tr>
<tr>
<td title='newMMIS_Subsystems.AVR_EVS.RM_650_650()'><b>RM_650_650</b><br>Test class: newMMIS_Subsystems.AVR_EVS</td>
<td></td>
<td>11</td>
<td>newMMIS_Subsystems.AVR_EVS@12843fce</td></tr>
<tr>
<td title='newMMIS_Subsystems.AVR_EVS.RM_68_126()'><b>RM_68_126</b><br>Test class: newMMIS_Subsystems.AVR_EVS</td>
<td></td>
<td>9</td>
<td>newMMIS_Subsystems.AVR_EVS@12843fce</td></tr>
<tr>
<td title='newMMIS_Subsystems.AVR_EVS.RM_6_480()'><b>RM_6_480</b><br>Test class: newMMIS_Subsystems.AVR_EVS</td>
<td></td>
<td>6</td>
<td>newMMIS_Subsystems.AVR_EVS@12843fce</td></tr>
<tr>
<td title='newMMIS_Subsystems.AVR_EVS.RM_71_071()'><b>RM_71_071</b><br>Test class: newMMIS_Subsystems.AVR_EVS</td>
<td></td>
<td>5</td>
<td>newMMIS_Subsystems.AVR_EVS@12843fce</td></tr>
<tr>
<td title='newMMIS_Subsystems.AVR_EVS.RM_740_311()'><b>RM_740_311</b><br>Test class: newMMIS_Subsystems.AVR_EVS</td>
<td></td>
<td>8</td>
<td>newMMIS_Subsystems.AVR_EVS@12843fce</td></tr>
<tr>
<td title='newMMIS_Subsystems.AVR_EVS.RM_742_311()'><b>RM_742_311</b><br>Test class: newMMIS_Subsystems.AVR_EVS</td>
<td></td>
<td>12</td>
<td>newMMIS_Subsystems.AVR_EVS@12843fce</td></tr>
<tr>
<td title='newMMIS_Subsystems.AVR_EVS.RM_747_021()'><b>RM_747_021</b><br>Test class: newMMIS_Subsystems.AVR_EVS</td>
<td></td>
<td>9</td>
<td>newMMIS_Subsystems.AVR_EVS@12843fce</td></tr>
<tr>
<td title='newMMIS_Subsystems.AVR_EVS.RM_749_021()'><b>RM_749_021</b><br>Test class: newMMIS_Subsystems.AVR_EVS</td>
<td></td>
<td>43</td>
<td>newMMIS_Subsystems.AVR_EVS@12843fce</td></tr>
<tr>
<td title='newMMIS_Subsystems.AVR_EVS.RM_74_74()'><b>RM_74_74</b><br>Test class: newMMIS_Subsystems.AVR_EVS</td>
<td></td>
<td>9</td>
<td>newMMIS_Subsystems.AVR_EVS@12843fce</td></tr>
<tr>
<td title='newMMIS_Subsystems.AVR_EVS.RM_76_525()'><b>RM_76_525</b><br>Test class: newMMIS_Subsystems.AVR_EVS</td>
<td></td>
<td>16</td>
<td>newMMIS_Subsystems.AVR_EVS@12843fce</td></tr>
<tr>
<td title='newMMIS_Subsystems.AVR_EVS.RM_770_648()'><b>RM_770_648</b><br>Test class: newMMIS_Subsystems.AVR_EVS</td>
<td></td>
<td>13</td>
<td>newMMIS_Subsystems.AVR_EVS@12843fce</td></tr>
<tr>
<td title='newMMIS_Subsystems.AVR_EVS.RM_773_500()'><b>RM_773_500</b><br>Test class: newMMIS_Subsystems.AVR_EVS</td>
<td></td>
<td>5</td>
<td>newMMIS_Subsystems.AVR_EVS@12843fce</td></tr>
<tr>
<td title='newMMIS_Subsystems.AVR_EVS.RM_7_485()'><b>RM_7_485</b><br>Test class: newMMIS_Subsystems.AVR_EVS</td>
<td></td>
<td>6</td>
<td>newMMIS_Subsystems.AVR_EVS@12843fce</td></tr>
<tr>
<td title='newMMIS_Subsystems.AVR_EVS.RM_831_386()'><b>RM_831_386</b><br>Test class: newMMIS_Subsystems.AVR_EVS</td>
<td></td>
<td>11</td>
<td>newMMIS_Subsystems.AVR_EVS@12843fce</td></tr>
<tr>
<td title='newMMIS_Subsystems.AVR_EVS.RM_832_386()'><b>RM_832_386</b><br>Test class: newMMIS_Subsystems.AVR_EVS</td>
<td></td>
<td>32</td>
<td>newMMIS_Subsystems.AVR_EVS@12843fce</td></tr>
<tr>
<td title='newMMIS_Subsystems.AVR_EVS.RM_853_636()'><b>RM_853_636</b><br>Test class: newMMIS_Subsystems.AVR_EVS</td>
<td></td>
<td>9</td>
<td>newMMIS_Subsystems.AVR_EVS@12843fce</td></tr>
<tr>
<td title='newMMIS_Subsystems.AVR_EVS.RM_8_485()'><b>RM_8_485</b><br>Test class: newMMIS_Subsystems.AVR_EVS</td>
<td></td>
<td>6</td>
<td>newMMIS_Subsystems.AVR_EVS@12843fce</td></tr>
<tr>
<td title='newMMIS_Subsystems.AVR_EVS.RM_915_647()'><b>RM_915_647</b><br>Test class: newMMIS_Subsystems.AVR_EVS</td>
<td></td>
<td>9</td>
<td>newMMIS_Subsystems.AVR_EVS@12843fce</td></tr>
<tr>
<td title='newMMIS_Subsystems.AVR_EVS.RM_936_656()'><b>RM_936_656</b><br>Test class: newMMIS_Subsystems.AVR_EVS</td>
<td></td>
<td>5</td>
<td>newMMIS_Subsystems.AVR_EVS@12843fce</td></tr>
<tr>
<td title='newMMIS_Subsystems.AVR_EVS.RM_937_656()'><b>RM_937_656</b><br>Test class: newMMIS_Subsystems.AVR_EVS</td>
<td></td>
<td>6</td>
<td>newMMIS_Subsystems.AVR_EVS@12843fce</td></tr>
<tr>
<td title='newMMIS_Subsystems.AVR_EVS.RM_938_656()'><b>RM_938_656</b><br>Test class: newMMIS_Subsystems.AVR_EVS</td>
<td></td>
<td>4</td>
<td>newMMIS_Subsystems.AVR_EVS@12843fce</td></tr>
<tr>
<td title='newMMIS_Subsystems.AVR_EVS.RM_939_656()'><b>RM_939_656</b><br>Test class: newMMIS_Subsystems.AVR_EVS</td>
<td></td>
<td>5</td>
<td>newMMIS_Subsystems.AVR_EVS@12843fce</td></tr>
<tr>
<td title='newMMIS_Subsystems.AVR_EVS.RM_940_656()'><b>RM_940_656</b><br>Test class: newMMIS_Subsystems.AVR_EVS</td>
<td></td>
<td>5</td>
<td>newMMIS_Subsystems.AVR_EVS@12843fce</td></tr>
<tr>
<td title='newMMIS_Subsystems.AVR_EVS.RM_941_656()'><b>RM_941_656</b><br>Test class: newMMIS_Subsystems.AVR_EVS</td>
<td></td>
<td>5</td>
<td>newMMIS_Subsystems.AVR_EVS@12843fce</td></tr>
<tr>
<td title='newMMIS_Subsystems.AVR_EVS.RM_942_656()'><b>RM_942_656</b><br>Test class: newMMIS_Subsystems.AVR_EVS</td>
<td></td>
<td>4</td>
<td>newMMIS_Subsystems.AVR_EVS@12843fce</td></tr>
<tr>
<td title='newMMIS_Subsystems.AVR_EVS.RM_950_611()'><b>RM_950_611</b><br>Test class: newMMIS_Subsystems.AVR_EVS</td>
<td></td>
<td>16</td>
<td>newMMIS_Subsystems.AVR_EVS@12843fce</td></tr>
<tr>
<td title='newMMIS_Subsystems.AVR_EVS.RM_951_611()'><b>RM_951_611</b><br>Test class: newMMIS_Subsystems.AVR_EVS</td>
<td></td>
<td>28</td>
<td>newMMIS_Subsystems.AVR_EVS@12843fce</td></tr>
<tr>
<td title='newMMIS_Subsystems.AVR_EVS.RM_952_611()'><b>RM_952_611</b><br>Test class: newMMIS_Subsystems.AVR_EVS</td>
<td></td>
<td>14</td>
<td>newMMIS_Subsystems.AVR_EVS@12843fce</td></tr>
<tr>
<td title='newMMIS_Subsystems.AVR_EVS.RM_953_611()'><b>RM_953_611</b><br>Test class: newMMIS_Subsystems.AVR_EVS</td>
<td></td>
<td>14</td>
<td>newMMIS_Subsystems.AVR_EVS@12843fce</td></tr>
<tr>
<td title='newMMIS_Subsystems.AVR_EVS.RM_954_611()'><b>RM_954_611</b><br>Test class: newMMIS_Subsystems.AVR_EVS</td>
<td></td>
<td>13</td>
<td>newMMIS_Subsystems.AVR_EVS@12843fce</td></tr>
<tr>
<td title='newMMIS_Subsystems.AVR_EVS.RM_955_611()'><b>RM_955_611</b><br>Test class: newMMIS_Subsystems.AVR_EVS</td>
<td></td>
<td>18</td>
<td>newMMIS_Subsystems.AVR_EVS@12843fce</td></tr>
<tr>
<td title='newMMIS_Subsystems.AVR_EVS.RM_956_611()'><b>RM_956_611</b><br>Test class: newMMIS_Subsystems.AVR_EVS</td>
<td></td>
<td>13</td>
<td>newMMIS_Subsystems.AVR_EVS@12843fce</td></tr>
<tr>
<td title='newMMIS_Subsystems.AVR_EVS.RM_957_611()'><b>RM_957_611</b><br>Test class: newMMIS_Subsystems.AVR_EVS</td>
<td></td>
<td>12</td>
<td>newMMIS_Subsystems.AVR_EVS@12843fce</td></tr>
<tr>
<td title='newMMIS_Subsystems.AVR_EVS.RM_960_611()'><b>RM_960_611</b><br>Test class: newMMIS_Subsystems.AVR_EVS</td>
<td></td>
<td>16</td>
<td>newMMIS_Subsystems.AVR_EVS@12843fce</td></tr>
<tr>
<td title='newMMIS_Subsystems.AVR_EVS.RM_962_611()'><b>RM_962_611</b><br>Test class: newMMIS_Subsystems.AVR_EVS</td>
<td></td>
<td>19</td>
<td>newMMIS_Subsystems.AVR_EVS@12843fce</td></tr>
<tr>
<td title='newMMIS_Subsystems.AVR_EVS.RM_963_611()'><b>RM_963_611</b><br>Test class: newMMIS_Subsystems.AVR_EVS</td>
<td></td>
<td>11</td>
<td>newMMIS_Subsystems.AVR_EVS@12843fce</td></tr>
<tr>
<td title='newMMIS_Subsystems.AVR_EVS.RM_964_611()'><b>RM_964_611</b><br>Test class: newMMIS_Subsystems.AVR_EVS</td>
<td></td>
<td>13</td>
<td>newMMIS_Subsystems.AVR_EVS@12843fce</td></tr>
<tr>
<td title='newMMIS_Subsystems.AVR_EVS.RM_965_611()'><b>RM_965_611</b><br>Test class: newMMIS_Subsystems.AVR_EVS</td>
<td></td>
<td>38</td>
<td>newMMIS_Subsystems.AVR_EVS@12843fce</td></tr>
<tr>
<td title='newMMIS_Subsystems.AVR_EVS.RM_966_611()'><b>RM_966_611</b><br>Test class: newMMIS_Subsystems.AVR_EVS</td>
<td></td>
<td>8</td>
<td>newMMIS_Subsystems.AVR_EVS@12843fce</td></tr>
<tr>
<td title='newMMIS_Subsystems.AVR_EVS.RM_967_611()'><b>RM_967_611</b><br>Test class: newMMIS_Subsystems.AVR_EVS</td>
<td></td>
<td>14</td>
<td>newMMIS_Subsystems.AVR_EVS@12843fce</td></tr>
<tr>
<td title='newMMIS_Subsystems.AVR_EVS.RM_968_611()'><b>RM_968_611</b><br>Test class: newMMIS_Subsystems.AVR_EVS</td>
<td></td>
<td>13</td>
<td>newMMIS_Subsystems.AVR_EVS@12843fce</td></tr>
<tr>
<td title='newMMIS_Subsystems.AVR_EVS.RM_969_611()'><b>RM_969_611</b><br>Test class: newMMIS_Subsystems.AVR_EVS</td>
<td></td>
<td>17</td>
<td>newMMIS_Subsystems.AVR_EVS@12843fce</td></tr>
<tr>
<td title='newMMIS_Subsystems.AVR_EVS.RM_970_611()'><b>RM_970_611</b><br>Test class: newMMIS_Subsystems.AVR_EVS</td>
<td></td>
<td>13</td>
<td>newMMIS_Subsystems.AVR_EVS@12843fce</td></tr>
<tr>
<td title='newMMIS_Subsystems.AVR_EVS.RM_971_611()'><b>RM_971_611</b><br>Test class: newMMIS_Subsystems.AVR_EVS</td>
<td></td>
<td>42</td>
<td>newMMIS_Subsystems.AVR_EVS@12843fce</td></tr>
<tr>
<td title='newMMIS_Subsystems.AVR_EVS.RM_972_611()'><b>RM_972_611</b><br>Test class: newMMIS_Subsystems.AVR_EVS</td>
<td></td>
<td>11</td>
<td>newMMIS_Subsystems.AVR_EVS@12843fce</td></tr>
<tr>
<td title='newMMIS_Subsystems.AVR_EVS.RM_973_611()'><b>RM_973_611</b><br>Test class: newMMIS_Subsystems.AVR_EVS</td>
<td></td>
<td>111</td>
<td>newMMIS_Subsystems.AVR_EVS@12843fce</td></tr>
<tr>
<td title='newMMIS_Subsystems.AVR_EVS.RM_974_611()'><b>RM_974_611</b><br>Test class: newMMIS_Subsystems.AVR_EVS</td>
<td></td>
<td>13</td>
<td>newMMIS_Subsystems.AVR_EVS@12843fce</td></tr>
<tr>
<td title='newMMIS_Subsystems.AVR_EVS.RM_975_611()'><b>RM_975_611</b><br>Test class: newMMIS_Subsystems.AVR_EVS</td>
<td></td>
<td>5</td>
<td>newMMIS_Subsystems.AVR_EVS@12843fce</td></tr>
<tr>
<td title='newMMIS_Subsystems.AVR_EVS.RM_976_611()'><b>RM_976_611</b><br>Test class: newMMIS_Subsystems.AVR_EVS</td>
<td></td>
<td>34</td>
<td>newMMIS_Subsystems.AVR_EVS@12843fce</td></tr>
<tr>
<td title='newMMIS_Subsystems.AVR_EVS.RM_977_611()'><b>RM_977_611</b><br>Test class: newMMIS_Subsystems.AVR_EVS</td>
<td></td>
<td>134</td>
<td>newMMIS_Subsystems.AVR_EVS@12843fce</td></tr>
<tr>
<td title='newMMIS_Subsystems.AVR_EVS.RM_981_611()'><b>RM_981_611</b><br>Test class: newMMIS_Subsystems.AVR_EVS</td>
<td></td>
<td>32</td>
<td>newMMIS_Subsystems.AVR_EVS@12843fce</td></tr>
<tr>
<td title='newMMIS_Subsystems.AVR_EVS.RM_986_661()'><b>RM_986_661</b><br>Test class: newMMIS_Subsystems.AVR_EVS</td>
<td></td>
<td>7</td>
<td>newMMIS_Subsystems.AVR_EVS@12843fce</td></tr>
<tr>
<td title='newMMIS_Subsystems.AVR_EVS.RM_987_662()'><b>RM_987_662</b><br>Test class: newMMIS_Subsystems.AVR_EVS</td>
<td></td>
<td>5</td>
<td>newMMIS_Subsystems.AVR_EVS@12843fce</td></tr>
<tr>
<td title='newMMIS_Subsystems.AVR_EVS.RM_9_516()'><b>RM_9_516</b><br>Test class: newMMIS_Subsystems.AVR_EVS</td>
<td></td>
<td>6</td>
<td>newMMIS_Subsystems.AVR_EVS@12843fce</td></tr>
<tr>
<td title='newMMIS_Subsystems.AVR_EVS.connectorFullHSN()'><b>connectorFullHSN</b><br>Test class: newMMIS_Subsystems.AVR_EVS<br>Parameters: 1K, 1505</td>
<td></td>
<td>5</td>
<td>newMMIS_Subsystems.AVR_EVS@12843fce</td></tr>
<tr>
<td title='newMMIS_Subsystems.AVR_EVS.connectorFullHSN()'><b>connectorFullHSN</b><br>Test class: newMMIS_Subsystems.AVR_EVS<br>Parameters: 2C, 1510</td>
<td></td>
<td>5</td>
<td>newMMIS_Subsystems.AVR_EVS@12843fce</td></tr>
<tr>
<td title='newMMIS_Subsystems.AVR_EVS.connectorPartHSN()'><b>connectorPartHSN</b><br>Test class: newMMIS_Subsystems.AVR_EVS<br>Parameters: 2B, 1528</td>
<td></td>
<td>4</td>
<td>newMMIS_Subsystems.AVR_EVS@12843fce</td></tr>
<tr>
<td title='newMMIS_Subsystems.AVR_EVS.connectorPartHSN()'><b>connectorPartHSN</b><br>Test class: newMMIS_Subsystems.AVR_EVS<br>Parameters: 3B, 1530</td>
<td></td>
<td>4</td>
<td>newMMIS_Subsystems.AVR_EVS@12843fce</td></tr>
<tr>
<td title='newMMIS_Subsystems.AVR_EVS.connectorPartHSN()'><b>connectorPartHSN</b><br>Test class: newMMIS_Subsystems.AVR_EVS<br>Parameters: 6E, 1533</td>
<td></td>
<td>5</td>
<td>newMMIS_Subsystems.AVR_EVS@12843fce</td></tr>
<tr>
<td title='newMMIS_Subsystems.AVR_EVS.qhpFullHSN()'><b>qhpFullHSN</b><br>Test class: newMMIS_Subsystems.AVR_EVS<br>Parameters: 9G, 1522</td>
<td></td>
<td>4</td>
<td>newMMIS_Subsystems.AVR_EVS@12843fce</td></tr>
<tr>
<td title='newMMIS_Subsystems.AVR_EVS.qhpFullHSN()'><b>qhpFullHSN</b><br>Test class: newMMIS_Subsystems.AVR_EVS<br>Parameters: 9H, 1523</td>
<td></td>
<td>4</td>
<td>newMMIS_Subsystems.AVR_EVS@12843fce</td></tr>
<tr>
<td title='newMMIS_Subsystems.AVR_EVS.qhpPartHSN()'><b>qhpPartHSN</b><br>Test class: newMMIS_Subsystems.AVR_EVS<br>Parameters: 7E, 1535</td>
<td></td>
<td>4</td>
<td>newMMIS_Subsystems.AVR_EVS@12843fce</td></tr>
<tr>
<td title='newMMIS_Subsystems.AVR_EVS.qhpPartHSN()'><b>qhpPartHSN</b><br>Test class: newMMIS_Subsystems.AVR_EVS<br>Parameters: 9I, 1536</td>
<td></td>
<td>4</td>
<td>newMMIS_Subsystems.AVR_EVS@12843fce</td></tr>
</table><p>
<table width='100%' border='1' class='invocation-skipped'>
<tr><td colspan='4' align='center'><b>SKIPPED TESTS</b></td></tr>
<tr><td><b>Test method</b></td>
<td width="30%"><b>Exception</b></td>
<td width="10%"><b>Time (seconds)</b></td>
<td><b>Instance</b></td>
</tr>
<tr>
<td title='newMMIS_Subsystems.AVR_EVS.RM_1056_617()'><b>RM_1056_617</b><br>Test class: newMMIS_Subsystems.AVR_EVS<br/>
<a href="#Output-1630968203" onClick='toggleBox("Output-1630968203", this, "Show output", "Hide output");'>Show output</a>

<a href="#Output-1630968203" onClick="toggleAllBoxes();">Show all outputs</a>
<div class='log' id="Output-1630968203">
16.C:\Users\gandhian\Desktop\Anshul\Workspace\Regression_TR\ScreenShots\_25_May_2017__03_16_27PM_172.31.86.34_TC RM_1056_617.png<br/>
</div>
</td>
<td><div><pre>org.testng.SkipException: Skipping this because no member found for this RM
	at newMMIS_Subsystems.AVR_EVS.RMreset(Unknown Source)
	at newMMIS_Subsystems.AVR_EVS.RM_1056_617(Unknown Source)
... Removed 23 stack frames</pre></div><a href='#' onClick='toggleBox("stack-trace1630968203", this, "Click to show all stack frames", "Click to hide stack frames")'>Click to show all stack frames</a>
<div class='stack-trace' id='stack-trace1630968203'><pre>org.testng.SkipException: Skipping this because no member found for this RM
	at newMMIS_Subsystems.AVR_EVS.RMreset(Unknown Source)
	at newMMIS_Subsystems.AVR_EVS.RM_1056_617(Unknown Source)
	at sun.reflect.NativeMethodAccessorImpl.invoke0(Native Method)
	at sun.reflect.NativeMethodAccessorImpl.invoke(Unknown Source)
	at sun.reflect.DelegatingMethodAccessorImpl.invoke(Unknown Source)
	at java.lang.reflect.Method.invoke(Unknown Source)
	at org.testng.internal.MethodInvocationHelper.invokeMethod(MethodInvocationHelper.java:85)
	at org.testng.internal.Invoker.invokeMethod(Invoker.java:639)
	at org.testng.internal.Invoker.invokeTestMethod(Invoker.java:816)
	at org.testng.internal.Invoker.invokeTestMethods(Invoker.java:1124)
	at org.testng.internal.TestMethodWorker.invokeTestMethods(TestMethodWorker.java:125)
	at org.testng.internal.TestMethodWorker.run(TestMethodWorker.java:108)
	at org.testng.TestRunner.privateRun(TestRunner.java:774)
	at org.testng.TestRunner.run(TestRunner.java:624)
	at org.testng.SuiteRunner.runTest(SuiteRunner.java:359)
	at org.testng.SuiteRunner.runSequentially(SuiteRunner.java:354)
	at org.testng.SuiteRunner.privateRun(SuiteRunner.java:312)
	at org.testng.SuiteRunner.run(SuiteRunner.java:261)
	at org.testng.SuiteRunnerWorker.runSuite(SuiteRunnerWorker.java:52)
	at org.testng.SuiteRunnerWorker.run(SuiteRunnerWorker.java:86)
	at org.testng.TestNG.runSuitesSequentially(TestNG.java:1215)
	at org.testng.TestNG.runSuitesLocally(TestNG.java:1140)
	at org.testng.TestNG.run(TestNG.java:1048)
	at org.testng.TestNG.privateMain(TestNG.java:1355)
	at org.testng.TestNG.main(TestNG.java:1324)
</pre></div></td>
<td>3</td>
<td>newMMIS_Subsystems.AVR_EVS@12843fce</td></tr>
<tr>
<td title='newMMIS_Subsystems.AVR_EVS.RM_1060_618()'><b>RM_1060_618</b><br>Test class: newMMIS_Subsystems.AVR_EVS<br/>
<a href="#Output-1479100519" onClick='toggleBox("Output-1479100519", this, "Show output", "Hide output");'>Show output</a>

<a href="#Output-1479100519" onClick="toggleAllBoxes();">Show all outputs</a>
<div class='log' id="Output-1479100519">
17.C:\Users\gandhian\Desktop\Anshul\Workspace\Regression_TR\ScreenShots\_25_May_2017__03_16_48PM_172.31.86.34_TC RM_1060_618.png<br/>
</div>
</td>
<td><div><pre>org.testng.SkipException: Skipping this because no member found for this RM
	at newMMIS_Subsystems.AVR_EVS.RMreset(Unknown Source)
	at newMMIS_Subsystems.AVR_EVS.RM_1060_618(Unknown Source)
... Removed 23 stack frames</pre></div><a href='#' onClick='toggleBox("stack-trace1479100519", this, "Click to show all stack frames", "Click to hide stack frames")'>Click to show all stack frames</a>
<div class='stack-trace' id='stack-trace1479100519'><pre>org.testng.SkipException: Skipping this because no member found for this RM
	at newMMIS_Subsystems.AVR_EVS.RMreset(Unknown Source)
	at newMMIS_Subsystems.AVR_EVS.RM_1060_618(Unknown Source)
	at sun.reflect.NativeMethodAccessorImpl.invoke0(Native Method)
	at sun.reflect.NativeMethodAccessorImpl.invoke(Unknown Source)
	at sun.reflect.DelegatingMethodAccessorImpl.invoke(Unknown Source)
	at java.lang.reflect.Method.invoke(Unknown Source)
	at org.testng.internal.MethodInvocationHelper.invokeMethod(MethodInvocationHelper.java:85)
	at org.testng.internal.Invoker.invokeMethod(Invoker.java:639)
	at org.testng.internal.Invoker.invokeTestMethod(Invoker.java:816)
	at org.testng.internal.Invoker.invokeTestMethods(Invoker.java:1124)
	at org.testng.internal.TestMethodWorker.invokeTestMethods(TestMethodWorker.java:125)
	at org.testng.internal.TestMethodWorker.run(TestMethodWorker.java:108)
	at org.testng.TestRunner.privateRun(TestRunner.java:774)
	at org.testng.TestRunner.run(TestRunner.java:624)
	at org.testng.SuiteRunner.runTest(SuiteRunner.java:359)
	at org.testng.SuiteRunner.runSequentially(SuiteRunner.java:354)
	at org.testng.SuiteRunner.privateRun(SuiteRunner.java:312)
	at org.testng.SuiteRunner.run(SuiteRunner.java:261)
	at org.testng.SuiteRunnerWorker.runSuite(SuiteRunnerWorker.java:52)
	at org.testng.SuiteRunnerWorker.run(SuiteRunnerWorker.java:86)
	at org.testng.TestNG.runSuitesSequentially(TestNG.java:1215)
	at org.testng.TestNG.runSuitesLocally(TestNG.java:1140)
	at org.testng.TestNG.run(TestNG.java:1048)
	at org.testng.TestNG.privateMain(TestNG.java:1355)
	at org.testng.TestNG.main(TestNG.java:1324)
</pre></div></td>
<td>2</td>
<td>newMMIS_Subsystems.AVR_EVS@12843fce</td></tr>
<tr>
<td title='newMMIS_Subsystems.AVR_EVS.RM_1064_619()'><b>RM_1064_619</b><br>Test class: newMMIS_Subsystems.AVR_EVS<br/>
<a href="#Output-809968973" onClick='toggleBox("Output-809968973", this, "Show output", "Hide output");'>Show output</a>

<a href="#Output-809968973" onClick="toggleAllBoxes();">Show all outputs</a>
<div class='log' id="Output-809968973">
18.C:\Users\gandhian\Desktop\Anshul\Workspace\Regression_TR\ScreenShots\_25_May_2017__03_17_29PM_172.31.86.34_TC RM_1064_619.png<br/>
</div>
</td>
<td><div><pre>org.testng.SkipException: Skipping this because no member found for this RM
	at newMMIS_Subsystems.AVR_EVS.RMreset(Unknown Source)
	at newMMIS_Subsystems.AVR_EVS.RM_1064_619(Unknown Source)
... Removed 23 stack frames</pre></div><a href='#' onClick='toggleBox("stack-trace809968973", this, "Click to show all stack frames", "Click to hide stack frames")'>Click to show all stack frames</a>
<div class='stack-trace' id='stack-trace809968973'><pre>org.testng.SkipException: Skipping this because no member found for this RM
	at newMMIS_Subsystems.AVR_EVS.RMreset(Unknown Source)
	at newMMIS_Subsystems.AVR_EVS.RM_1064_619(Unknown Source)
	at sun.reflect.NativeMethodAccessorImpl.invoke0(Native Method)
	at sun.reflect.NativeMethodAccessorImpl.invoke(Unknown Source)
	at sun.reflect.DelegatingMethodAccessorImpl.invoke(Unknown Source)
	at java.lang.reflect.Method.invoke(Unknown Source)
	at org.testng.internal.MethodInvocationHelper.invokeMethod(MethodInvocationHelper.java:85)
	at org.testng.internal.Invoker.invokeMethod(Invoker.java:639)
	at org.testng.internal.Invoker.invokeTestMethod(Invoker.java:816)
	at org.testng.internal.Invoker.invokeTestMethods(Invoker.java:1124)
	at org.testng.internal.TestMethodWorker.invokeTestMethods(TestMethodWorker.java:125)
	at org.testng.internal.TestMethodWorker.run(TestMethodWorker.java:108)
	at org.testng.TestRunner.privateRun(TestRunner.java:774)
	at org.testng.TestRunner.run(TestRunner.java:624)
	at org.testng.SuiteRunner.runTest(SuiteRunner.java:359)
	at org.testng.SuiteRunner.runSequentially(SuiteRunner.java:354)
	at org.testng.SuiteRunner.privateRun(SuiteRunner.java:312)
	at org.testng.SuiteRunner.run(SuiteRunner.java:261)
	at org.testng.SuiteRunnerWorker.runSuite(SuiteRunnerWorker.java:52)
	at org.testng.SuiteRunnerWorker.run(SuiteRunnerWorker.java:86)
	at org.testng.TestNG.runSuitesSequentially(TestNG.java:1215)
	at org.testng.TestNG.runSuitesLocally(TestNG.java:1140)
	at org.testng.TestNG.run(TestNG.java:1048)
	at org.testng.TestNG.privateMain(TestNG.java:1355)
	at org.testng.TestNG.main(TestNG.java:1324)
</pre></div></td>
<td>11</td>
<td>newMMIS_Subsystems.AVR_EVS@12843fce</td></tr>
<tr>
<td title='newMMIS_Subsystems.AVR_EVS.RM_1137_616()'><b>RM_1137_616</b><br>Test class: newMMIS_Subsystems.AVR_EVS<br/>
<a href="#Output-231191650" onClick='toggleBox("Output-231191650", this, "Show output", "Hide output");'>Show output</a>

<a href="#Output-231191650" onClick="toggleAllBoxes();">Show all outputs</a>
<div class='log' id="Output-231191650">
19.C:\Users\gandhian\Desktop\Anshul\Workspace\Regression_TR\ScreenShots\_25_May_2017__03_19_07PM_172.31.86.34_TC RM_1137_616.png<br/>
</div>
</td>
<td><div><pre>org.testng.SkipException: Skipping this because no member found for this RM
	at newMMIS_Subsystems.AVR_EVS.RMreset(Unknown Source)
	at newMMIS_Subsystems.AVR_EVS.RM_1137_616(Unknown Source)
... Removed 23 stack frames</pre></div><a href='#' onClick='toggleBox("stack-trace231191650", this, "Click to show all stack frames", "Click to hide stack frames")'>Click to show all stack frames</a>
<div class='stack-trace' id='stack-trace231191650'><pre>org.testng.SkipException: Skipping this because no member found for this RM
	at newMMIS_Subsystems.AVR_EVS.RMreset(Unknown Source)
	at newMMIS_Subsystems.AVR_EVS.RM_1137_616(Unknown Source)
	at sun.reflect.NativeMethodAccessorImpl.invoke0(Native Method)
	at sun.reflect.NativeMethodAccessorImpl.invoke(Unknown Source)
	at sun.reflect.DelegatingMethodAccessorImpl.invoke(Unknown Source)
	at java.lang.reflect.Method.invoke(Unknown Source)
	at org.testng.internal.MethodInvocationHelper.invokeMethod(MethodInvocationHelper.java:85)
	at org.testng.internal.Invoker.invokeMethod(Invoker.java:639)
	at org.testng.internal.Invoker.invokeTestMethod(Invoker.java:816)
	at org.testng.internal.Invoker.invokeTestMethods(Invoker.java:1124)
	at org.testng.internal.TestMethodWorker.invokeTestMethods(TestMethodWorker.java:125)
	at org.testng.internal.TestMethodWorker.run(TestMethodWorker.java:108)
	at org.testng.TestRunner.privateRun(TestRunner.java:774)
	at org.testng.TestRunner.run(TestRunner.java:624)
	at org.testng.SuiteRunner.runTest(SuiteRunner.java:359)
	at org.testng.SuiteRunner.runSequentially(SuiteRunner.java:354)
	at org.testng.SuiteRunner.privateRun(SuiteRunner.java:312)
	at org.testng.SuiteRunner.run(SuiteRunner.java:261)
	at org.testng.SuiteRunnerWorker.runSuite(SuiteRunnerWorker.java:52)
	at org.testng.SuiteRunnerWorker.run(SuiteRunnerWorker.java:86)
	at org.testng.TestNG.runSuitesSequentially(TestNG.java:1215)
	at org.testng.TestNG.runSuitesLocally(TestNG.java:1140)
	at org.testng.TestNG.run(TestNG.java:1048)
	at org.testng.TestNG.privateMain(TestNG.java:1355)
	at org.testng.TestNG.main(TestNG.java:1324)
</pre></div></td>
<td>2</td>
<td>newMMIS_Subsystems.AVR_EVS@12843fce</td></tr>
<tr>
<td title='newMMIS_Subsystems.AVR_EVS.RM_1144_056()'><b>RM_1144_056</b><br>Test class: newMMIS_Subsystems.AVR_EVS<br/>
<a href="#Output-1910492961" onClick='toggleBox("Output-1910492961", this, "Show output", "Hide output");'>Show output</a>

<a href="#Output-1910492961" onClick="toggleAllBoxes();">Show all outputs</a>
<div class='log' id="Output-1910492961">
20.C:\Users\gandhian\Desktop\Anshul\Workspace\Regression_TR\ScreenShots\_25_May_2017__03_19_43PM_172.31.86.34_TC RM_1144_056.png<br/>
</div>
</td>
<td><div><pre>org.testng.SkipException: Skipping this because no member found for this RM
	at newMMIS_Subsystems.AVR_EVS.RMreset(Unknown Source)
	at newMMIS_Subsystems.AVR_EVS.RM_1144_056(Unknown Source)
... Removed 23 stack frames</pre></div><a href='#' onClick='toggleBox("stack-trace1910492961", this, "Click to show all stack frames", "Click to hide stack frames")'>Click to show all stack frames</a>
<div class='stack-trace' id='stack-trace1910492961'><pre>org.testng.SkipException: Skipping this because no member found for this RM
	at newMMIS_Subsystems.AVR_EVS.RMreset(Unknown Source)
	at newMMIS_Subsystems.AVR_EVS.RM_1144_056(Unknown Source)
	at sun.reflect.NativeMethodAccessorImpl.invoke0(Native Method)
	at sun.reflect.NativeMethodAccessorImpl.invoke(Unknown Source)
	at sun.reflect.DelegatingMethodAccessorImpl.invoke(Unknown Source)
	at java.lang.reflect.Method.invoke(Unknown Source)
	at org.testng.internal.MethodInvocationHelper.invokeMethod(MethodInvocationHelper.java:85)
	at org.testng.internal.Invoker.invokeMethod(Invoker.java:639)
	at org.testng.internal.Invoker.invokeTestMethod(Invoker.java:816)
	at org.testng.internal.Invoker.invokeTestMethods(Invoker.java:1124)
	at org.testng.internal.TestMethodWorker.invokeTestMethods(TestMethodWorker.java:125)
	at org.testng.internal.TestMethodWorker.run(TestMethodWorker.java:108)
	at org.testng.TestRunner.privateRun(TestRunner.java:774)
	at org.testng.TestRunner.run(TestRunner.java:624)
	at org.testng.SuiteRunner.runTest(SuiteRunner.java:359)
	at org.testng.SuiteRunner.runSequentially(SuiteRunner.java:354)
	at org.testng.SuiteRunner.privateRun(SuiteRunner.java:312)
	at org.testng.SuiteRunner.run(SuiteRunner.java:261)
	at org.testng.SuiteRunnerWorker.runSuite(SuiteRunnerWorker.java:52)
	at org.testng.SuiteRunnerWorker.run(SuiteRunnerWorker.java:86)
	at org.testng.TestNG.runSuitesSequentially(TestNG.java:1215)
	at org.testng.TestNG.runSuitesLocally(TestNG.java:1140)
	at org.testng.TestNG.run(TestNG.java:1048)
	at org.testng.TestNG.privateMain(TestNG.java:1355)
	at org.testng.TestNG.main(TestNG.java:1324)
</pre></div></td>
<td>12</td>
<td>newMMIS_Subsystems.AVR_EVS@12843fce</td></tr>
<tr>
<td title='newMMIS_Subsystems.AVR_EVS.RM_1147_056()'><b>RM_1147_056</b><br>Test class: newMMIS_Subsystems.AVR_EVS<br/>
<a href="#Output-655059806" onClick='toggleBox("Output-655059806", this, "Show output", "Hide output");'>Show output</a>

<a href="#Output-655059806" onClick="toggleAllBoxes();">Show all outputs</a>
<div class='log' id="Output-655059806">
21.C:\Users\gandhian\Desktop\Anshul\Workspace\Regression_TR\ScreenShots\_25_May_2017__03_20_24PM_172.31.86.34_TC RM_1147_056.png<br/>
</div>
</td>
<td><div><pre>org.testng.SkipException: Skipping this because no member found for this RM
	at newMMIS_Subsystems.AVR_EVS.RMreset(Unknown Source)
	at newMMIS_Subsystems.AVR_EVS.RM_1147_056(Unknown Source)
... Removed 23 stack frames</pre></div><a href='#' onClick='toggleBox("stack-trace655059806", this, "Click to show all stack frames", "Click to hide stack frames")'>Click to show all stack frames</a>
<div class='stack-trace' id='stack-trace655059806'><pre>org.testng.SkipException: Skipping this because no member found for this RM
	at newMMIS_Subsystems.AVR_EVS.RMreset(Unknown Source)
	at newMMIS_Subsystems.AVR_EVS.RM_1147_056(Unknown Source)
	at sun.reflect.NativeMethodAccessorImpl.invoke0(Native Method)
	at sun.reflect.NativeMethodAccessorImpl.invoke(Unknown Source)
	at sun.reflect.DelegatingMethodAccessorImpl.invoke(Unknown Source)
	at java.lang.reflect.Method.invoke(Unknown Source)
	at org.testng.internal.MethodInvocationHelper.invokeMethod(MethodInvocationHelper.java:85)
	at org.testng.internal.Invoker.invokeMethod(Invoker.java:639)
	at org.testng.internal.Invoker.invokeTestMethod(Invoker.java:816)
	at org.testng.internal.Invoker.invokeTestMethods(Invoker.java:1124)
	at org.testng.internal.TestMethodWorker.invokeTestMethods(TestMethodWorker.java:125)
	at org.testng.internal.TestMethodWorker.run(TestMethodWorker.java:108)
	at org.testng.TestRunner.privateRun(TestRunner.java:774)
	at org.testng.TestRunner.run(TestRunner.java:624)
	at org.testng.SuiteRunner.runTest(SuiteRunner.java:359)
	at org.testng.SuiteRunner.runSequentially(SuiteRunner.java:354)
	at org.testng.SuiteRunner.privateRun(SuiteRunner.java:312)
	at org.testng.SuiteRunner.run(SuiteRunner.java:261)
	at org.testng.SuiteRunnerWorker.runSuite(SuiteRunnerWorker.java:52)
	at org.testng.SuiteRunnerWorker.run(SuiteRunnerWorker.java:86)
	at org.testng.TestNG.runSuitesSequentially(TestNG.java:1215)
	at org.testng.TestNG.runSuitesLocally(TestNG.java:1140)
	at org.testng.TestNG.run(TestNG.java:1048)
	at org.testng.TestNG.privateMain(TestNG.java:1355)
	at org.testng.TestNG.main(TestNG.java:1324)
</pre></div></td>
<td>6</td>
<td>newMMIS_Subsystems.AVR_EVS@12843fce</td></tr>
<tr>
<td title='newMMIS_Subsystems.AVR_EVS.RM_1148_616()'><b>RM_1148_616</b><br>Test class: newMMIS_Subsystems.AVR_EVS<br/>
<a href="#Output-62156248" onClick='toggleBox("Output-62156248", this, "Show output", "Hide output");'>Show output</a>

<a href="#Output-62156248" onClick="toggleAllBoxes();">Show all outputs</a>
<div class='log' id="Output-62156248">
22.C:\Users\gandhian\Desktop\Anshul\Workspace\Regression_TR\ScreenShots\_25_May_2017__03_20_37PM_172.31.86.34_TC RM_1148_616.png<br/>
</div>
</td>
<td><div><pre>org.testng.SkipException: Skipping this because no member found for this RM
	at newMMIS_Subsystems.AVR_EVS.RMreset(Unknown Source)
	at newMMIS_Subsystems.AVR_EVS.RM_1148_616(Unknown Source)
... Removed 23 stack frames</pre></div><a href='#' onClick='toggleBox("stack-trace62156248", this, "Click to show all stack frames", "Click to hide stack frames")'>Click to show all stack frames</a>
<div class='stack-trace' id='stack-trace62156248'><pre>org.testng.SkipException: Skipping this because no member found for this RM
	at newMMIS_Subsystems.AVR_EVS.RMreset(Unknown Source)
	at newMMIS_Subsystems.AVR_EVS.RM_1148_616(Unknown Source)
	at sun.reflect.NativeMethodAccessorImpl.invoke0(Native Method)
	at sun.reflect.NativeMethodAccessorImpl.invoke(Unknown Source)
	at sun.reflect.DelegatingMethodAccessorImpl.invoke(Unknown Source)
	at java.lang.reflect.Method.invoke(Unknown Source)
	at org.testng.internal.MethodInvocationHelper.invokeMethod(MethodInvocationHelper.java:85)
	at org.testng.internal.Invoker.invokeMethod(Invoker.java:639)
	at org.testng.internal.Invoker.invokeTestMethod(Invoker.java:816)
	at org.testng.internal.Invoker.invokeTestMethods(Invoker.java:1124)
	at org.testng.internal.TestMethodWorker.invokeTestMethods(TestMethodWorker.java:125)
	at org.testng.internal.TestMethodWorker.run(TestMethodWorker.java:108)
	at org.testng.TestRunner.privateRun(TestRunner.java:774)
	at org.testng.TestRunner.run(TestRunner.java:624)
	at org.testng.SuiteRunner.runTest(SuiteRunner.java:359)
	at org.testng.SuiteRunner.runSequentially(SuiteRunner.java:354)
	at org.testng.SuiteRunner.privateRun(SuiteRunner.java:312)
	at org.testng.SuiteRunner.run(SuiteRunner.java:261)
	at org.testng.SuiteRunnerWorker.runSuite(SuiteRunnerWorker.java:52)
	at org.testng.SuiteRunnerWorker.run(SuiteRunnerWorker.java:86)
	at org.testng.TestNG.runSuitesSequentially(TestNG.java:1215)
	at org.testng.TestNG.runSuitesLocally(TestNG.java:1140)
	at org.testng.TestNG.run(TestNG.java:1048)
	at org.testng.TestNG.privateMain(TestNG.java:1355)
	at org.testng.TestNG.main(TestNG.java:1324)
</pre></div></td>
<td>5</td>
<td>newMMIS_Subsystems.AVR_EVS@12843fce</td></tr>
<tr>
<td title='newMMIS_Subsystems.AVR_EVS.RM_1151_634()'><b>RM_1151_634</b><br>Test class: newMMIS_Subsystems.AVR_EVS<br/>
<a href="#Output-142302025" onClick='toggleBox("Output-142302025", this, "Show output", "Hide output");'>Show output</a>

<a href="#Output-142302025" onClick="toggleAllBoxes();">Show all outputs</a>
<div class='log' id="Output-142302025">
23.C:\Users\gandhian\Desktop\Anshul\Workspace\Regression_TR\ScreenShots\_25_May_2017__03_25_24PM_172.31.86.34_TC RM_943_656.png<br/>
</div>
</td>
<td><div><pre>org.testng.SkipException: Skipping this because no member found for this RM
	at newMMIS_Subsystems.AVR_EVS.RMreset(Unknown Source)
	at newMMIS_Subsystems.AVR_EVS.RM_1151_634(Unknown Source)
... Removed 23 stack frames</pre></div><a href='#' onClick='toggleBox("stack-trace142302025", this, "Click to show all stack frames", "Click to hide stack frames")'>Click to show all stack frames</a>
<div class='stack-trace' id='stack-trace142302025'><pre>org.testng.SkipException: Skipping this because no member found for this RM
	at newMMIS_Subsystems.AVR_EVS.RMreset(Unknown Source)
	at newMMIS_Subsystems.AVR_EVS.RM_1151_634(Unknown Source)
	at sun.reflect.NativeMethodAccessorImpl.invoke0(Native Method)
	at sun.reflect.NativeMethodAccessorImpl.invoke(Unknown Source)
	at sun.reflect.DelegatingMethodAccessorImpl.invoke(Unknown Source)
	at java.lang.reflect.Method.invoke(Unknown Source)
	at org.testng.internal.MethodInvocationHelper.invokeMethod(MethodInvocationHelper.java:85)
	at org.testng.internal.Invoker.invokeMethod(Invoker.java:639)
	at org.testng.internal.Invoker.invokeTestMethod(Invoker.java:816)
	at org.testng.internal.Invoker.invokeTestMethods(Invoker.java:1124)
	at org.testng.internal.TestMethodWorker.invokeTestMethods(TestMethodWorker.java:125)
	at org.testng.internal.TestMethodWorker.run(TestMethodWorker.java:108)
	at org.testng.TestRunner.privateRun(TestRunner.java:774)
	at org.testng.TestRunner.run(TestRunner.java:624)
	at org.testng.SuiteRunner.runTest(SuiteRunner.java:359)
	at org.testng.SuiteRunner.runSequentially(SuiteRunner.java:354)
	at org.testng.SuiteRunner.privateRun(SuiteRunner.java:312)
	at org.testng.SuiteRunner.run(SuiteRunner.java:261)
	at org.testng.SuiteRunnerWorker.runSuite(SuiteRunnerWorker.java:52)
	at org.testng.SuiteRunnerWorker.run(SuiteRunnerWorker.java:86)
	at org.testng.TestNG.runSuitesSequentially(TestNG.java:1215)
	at org.testng.TestNG.runSuitesLocally(TestNG.java:1140)
	at org.testng.TestNG.run(TestNG.java:1048)
	at org.testng.TestNG.privateMain(TestNG.java:1355)
	at org.testng.TestNG.main(TestNG.java:1324)
</pre></div></td>
<td>280</td>
<td>newMMIS_Subsystems.AVR_EVS@12843fce</td></tr>
<tr>
<td title='newMMIS_Subsystems.AVR_EVS.RM_1155_634()'><b>RM_1155_634</b><br>Test class: newMMIS_Subsystems.AVR_EVS<br/>
<a href="#Output-277697988" onClick='toggleBox("Output-277697988", this, "Show output", "Hide output");'>Show output</a>

<a href="#Output-277697988" onClick="toggleAllBoxes();">Show all outputs</a>
<div class='log' id="Output-277697988">
24.C:\Users\gandhian\Desktop\Anshul\Workspace\Regression_TR\ScreenShots\_25_May_2017__03_25_34PM_172.31.86.34_TC RM_1155_634.png<br/>
</div>
</td>
<td><div><pre>org.testng.SkipException: Skipping this because no member found for this RM
	at newMMIS_Subsystems.AVR_EVS.RMreset(Unknown Source)
	at newMMIS_Subsystems.AVR_EVS.RM_1155_634(Unknown Source)
... Removed 23 stack frames</pre></div><a href='#' onClick='toggleBox("stack-trace277697988", this, "Click to show all stack frames", "Click to hide stack frames")'>Click to show all stack frames</a>
<div class='stack-trace' id='stack-trace277697988'><pre>org.testng.SkipException: Skipping this because no member found for this RM
	at newMMIS_Subsystems.AVR_EVS.RMreset(Unknown Source)
	at newMMIS_Subsystems.AVR_EVS.RM_1155_634(Unknown Source)
	at sun.reflect.NativeMethodAccessorImpl.invoke0(Native Method)
	at sun.reflect.NativeMethodAccessorImpl.invoke(Unknown Source)
	at sun.reflect.DelegatingMethodAccessorImpl.invoke(Unknown Source)
	at java.lang.reflect.Method.invoke(Unknown Source)
	at org.testng.internal.MethodInvocationHelper.invokeMethod(MethodInvocationHelper.java:85)
	at org.testng.internal.Invoker.invokeMethod(Invoker.java:639)
	at org.testng.internal.Invoker.invokeTestMethod(Invoker.java:816)
	at org.testng.internal.Invoker.invokeTestMethods(Invoker.java:1124)
	at org.testng.internal.TestMethodWorker.invokeTestMethods(TestMethodWorker.java:125)
	at org.testng.internal.TestMethodWorker.run(TestMethodWorker.java:108)
	at org.testng.TestRunner.privateRun(TestRunner.java:774)
	at org.testng.TestRunner.run(TestRunner.java:624)
	at org.testng.SuiteRunner.runTest(SuiteRunner.java:359)
	at org.testng.SuiteRunner.runSequentially(SuiteRunner.java:354)
	at org.testng.SuiteRunner.privateRun(SuiteRunner.java:312)
	at org.testng.SuiteRunner.run(SuiteRunner.java:261)
	at org.testng.SuiteRunnerWorker.runSuite(SuiteRunnerWorker.java:52)
	at org.testng.SuiteRunnerWorker.run(SuiteRunnerWorker.java:86)
	at org.testng.TestNG.runSuitesSequentially(TestNG.java:1215)
	at org.testng.TestNG.runSuitesLocally(TestNG.java:1140)
	at org.testng.TestNG.run(TestNG.java:1048)
	at org.testng.TestNG.privateMain(TestNG.java:1355)
	at org.testng.TestNG.main(TestNG.java:1324)
</pre></div></td>
<td>2</td>
<td>newMMIS_Subsystems.AVR_EVS@12843fce</td></tr>
<tr>
<td title='newMMIS_Subsystems.AVR_EVS.RM_1156_634()'><b>RM_1156_634</b><br>Test class: newMMIS_Subsystems.AVR_EVS<br/>
<a href="#Output-1909141817" onClick='toggleBox("Output-1909141817", this, "Show output", "Hide output");'>Show output</a>

<a href="#Output-1909141817" onClick="toggleAllBoxes();">Show all outputs</a>
<div class='log' id="Output-1909141817">
25.C:\Users\gandhian\Desktop\Anshul\Workspace\Regression_TR\ScreenShots\_25_May_2017__03_28_30PM_172.31.86.34_TC RM_1156_634.png<br/>
</div>
</td>
<td><div><pre>org.testng.SkipException: Skipping this because no member found for this RM
	at newMMIS_Subsystems.AVR_EVS.RMreset(Unknown Source)
	at newMMIS_Subsystems.AVR_EVS.RM_1156_634(Unknown Source)
... Removed 23 stack frames</pre></div><a href='#' onClick='toggleBox("stack-trace1909141817", this, "Click to show all stack frames", "Click to hide stack frames")'>Click to show all stack frames</a>
<div class='stack-trace' id='stack-trace1909141817'><pre>org.testng.SkipException: Skipping this because no member found for this RM
	at newMMIS_Subsystems.AVR_EVS.RMreset(Unknown Source)
	at newMMIS_Subsystems.AVR_EVS.RM_1156_634(Unknown Source)
	at sun.reflect.NativeMethodAccessorImpl.invoke0(Native Method)
	at sun.reflect.NativeMethodAccessorImpl.invoke(Unknown Source)
	at sun.reflect.DelegatingMethodAccessorImpl.invoke(Unknown Source)
	at java.lang.reflect.Method.invoke(Unknown Source)
	at org.testng.internal.MethodInvocationHelper.invokeMethod(MethodInvocationHelper.java:85)
	at org.testng.internal.Invoker.invokeMethod(Invoker.java:639)
	at org.testng.internal.Invoker.invokeTestMethod(Invoker.java:816)
	at org.testng.internal.Invoker.invokeTestMethods(Invoker.java:1124)
	at org.testng.internal.TestMethodWorker.invokeTestMethods(TestMethodWorker.java:125)
	at org.testng.internal.TestMethodWorker.run(TestMethodWorker.java:108)
	at org.testng.TestRunner.privateRun(TestRunner.java:774)
	at org.testng.TestRunner.run(TestRunner.java:624)
	at org.testng.SuiteRunner.runTest(SuiteRunner.java:359)
	at org.testng.SuiteRunner.runSequentially(SuiteRunner.java:354)
	at org.testng.SuiteRunner.privateRun(SuiteRunner.java:312)
	at org.testng.SuiteRunner.run(SuiteRunner.java:261)
	at org.testng.SuiteRunnerWorker.runSuite(SuiteRunnerWorker.java:52)
	at org.testng.SuiteRunnerWorker.run(SuiteRunnerWorker.java:86)
	at org.testng.TestNG.runSuitesSequentially(TestNG.java:1215)
	at org.testng.TestNG.runSuitesLocally(TestNG.java:1140)
	at org.testng.TestNG.run(TestNG.java:1048)
	at org.testng.TestNG.privateMain(TestNG.java:1355)
	at org.testng.TestNG.main(TestNG.java:1324)
</pre></div></td>
<td>169</td>
<td>newMMIS_Subsystems.AVR_EVS@12843fce</td></tr>
<tr>
<td title='newMMIS_Subsystems.AVR_EVS.RM_1157_634()'><b>RM_1157_634</b><br>Test class: newMMIS_Subsystems.AVR_EVS<br/>
<a href="#Output-947173397" onClick='toggleBox("Output-947173397", this, "Show output", "Hide output");'>Show output</a>

<a href="#Output-947173397" onClick="toggleAllBoxes();">Show all outputs</a>
<div class='log' id="Output-947173397">
26.C:\Users\gandhian\Desktop\Anshul\Workspace\Regression_TR\ScreenShots\_25_May_2017__03_28_40PM_172.31.86.34_TC RM_1157_634.png<br/>
</div>
</td>
<td><div><pre>org.testng.SkipException: Skipping this because no member found for this RM
	at newMMIS_Subsystems.AVR_EVS.RMreset(Unknown Source)
	at newMMIS_Subsystems.AVR_EVS.RM_1157_634(Unknown Source)
... Removed 23 stack frames</pre></div><a href='#' onClick='toggleBox("stack-trace947173397", this, "Click to show all stack frames", "Click to hide stack frames")'>Click to show all stack frames</a>
<div class='stack-trace' id='stack-trace947173397'><pre>org.testng.SkipException: Skipping this because no member found for this RM
	at newMMIS_Subsystems.AVR_EVS.RMreset(Unknown Source)
	at newMMIS_Subsystems.AVR_EVS.RM_1157_634(Unknown Source)
	at sun.reflect.NativeMethodAccessorImpl.invoke0(Native Method)
	at sun.reflect.NativeMethodAccessorImpl.invoke(Unknown Source)
	at sun.reflect.DelegatingMethodAccessorImpl.invoke(Unknown Source)
	at java.lang.reflect.Method.invoke(Unknown Source)
	at org.testng.internal.MethodInvocationHelper.invokeMethod(MethodInvocationHelper.java:85)
	at org.testng.internal.Invoker.invokeMethod(Invoker.java:639)
	at org.testng.internal.Invoker.invokeTestMethod(Invoker.java:816)
	at org.testng.internal.Invoker.invokeTestMethods(Invoker.java:1124)
	at org.testng.internal.TestMethodWorker.invokeTestMethods(TestMethodWorker.java:125)
	at org.testng.internal.TestMethodWorker.run(TestMethodWorker.java:108)
	at org.testng.TestRunner.privateRun(TestRunner.java:774)
	at org.testng.TestRunner.run(TestRunner.java:624)
	at org.testng.SuiteRunner.runTest(SuiteRunner.java:359)
	at org.testng.SuiteRunner.runSequentially(SuiteRunner.java:354)
	at org.testng.SuiteRunner.privateRun(SuiteRunner.java:312)
	at org.testng.SuiteRunner.run(SuiteRunner.java:261)
	at org.testng.SuiteRunnerWorker.runSuite(SuiteRunnerWorker.java:52)
	at org.testng.SuiteRunnerWorker.run(SuiteRunnerWorker.java:86)
	at org.testng.TestNG.runSuitesSequentially(TestNG.java:1215)
	at org.testng.TestNG.runSuitesLocally(TestNG.java:1140)
	at org.testng.TestNG.run(TestNG.java:1048)
	at org.testng.TestNG.privateMain(TestNG.java:1355)
	at org.testng.TestNG.main(TestNG.java:1324)
</pre></div></td>
<td>2</td>
<td>newMMIS_Subsystems.AVR_EVS@12843fce</td></tr>
<tr>
<td title='newMMIS_Subsystems.AVR_EVS.RM_1158_634()'><b>RM_1158_634</b><br>Test class: newMMIS_Subsystems.AVR_EVS<br/>
<a href="#Output-745966298" onClick='toggleBox("Output-745966298", this, "Show output", "Hide output");'>Show output</a>

<a href="#Output-745966298" onClick="toggleAllBoxes();">Show all outputs</a>
<div class='log' id="Output-745966298">
27.C:\Users\gandhian\Desktop\Anshul\Workspace\Regression_TR\ScreenShots\_25_May_2017__03_32_00PM_172.31.86.34_TC RM_1158_634.png<br/>
</div>
</td>
<td><div><pre>org.testng.SkipException: Skipping this because no member found for this RM
	at newMMIS_Subsystems.AVR_EVS.RMreset(Unknown Source)
	at newMMIS_Subsystems.AVR_EVS.RM_1158_634(Unknown Source)
... Removed 23 stack frames</pre></div><a href='#' onClick='toggleBox("stack-trace745966298", this, "Click to show all stack frames", "Click to hide stack frames")'>Click to show all stack frames</a>
<div class='stack-trace' id='stack-trace745966298'><pre>org.testng.SkipException: Skipping this because no member found for this RM
	at newMMIS_Subsystems.AVR_EVS.RMreset(Unknown Source)
	at newMMIS_Subsystems.AVR_EVS.RM_1158_634(Unknown Source)
	at sun.reflect.NativeMethodAccessorImpl.invoke0(Native Method)
	at sun.reflect.NativeMethodAccessorImpl.invoke(Unknown Source)
	at sun.reflect.DelegatingMethodAccessorImpl.invoke(Unknown Source)
	at java.lang.reflect.Method.invoke(Unknown Source)
	at org.testng.internal.MethodInvocationHelper.invokeMethod(MethodInvocationHelper.java:85)
	at org.testng.internal.Invoker.invokeMethod(Invoker.java:639)
	at org.testng.internal.Invoker.invokeTestMethod(Invoker.java:816)
	at org.testng.internal.Invoker.invokeTestMethods(Invoker.java:1124)
	at org.testng.internal.TestMethodWorker.invokeTestMethods(TestMethodWorker.java:125)
	at org.testng.internal.TestMethodWorker.run(TestMethodWorker.java:108)
	at org.testng.TestRunner.privateRun(TestRunner.java:774)
	at org.testng.TestRunner.run(TestRunner.java:624)
	at org.testng.SuiteRunner.runTest(SuiteRunner.java:359)
	at org.testng.SuiteRunner.runSequentially(SuiteRunner.java:354)
	at org.testng.SuiteRunner.privateRun(SuiteRunner.java:312)
	at org.testng.SuiteRunner.run(SuiteRunner.java:261)
	at org.testng.SuiteRunnerWorker.runSuite(SuiteRunnerWorker.java:52)
	at org.testng.SuiteRunnerWorker.run(SuiteRunnerWorker.java:86)
	at org.testng.TestNG.runSuitesSequentially(TestNG.java:1215)
	at org.testng.TestNG.runSuitesLocally(TestNG.java:1140)
	at org.testng.TestNG.run(TestNG.java:1048)
	at org.testng.TestNG.privateMain(TestNG.java:1355)
	at org.testng.TestNG.main(TestNG.java:1324)
</pre></div></td>
<td>193</td>
<td>newMMIS_Subsystems.AVR_EVS@12843fce</td></tr>
<tr>
<td title='newMMIS_Subsystems.AVR_EVS.RM_1503_679()'><b>RM_1503_679</b><br>Test class: newMMIS_Subsystems.AVR_EVS<br/>
<a href="#Output-1016156941" onClick='toggleBox("Output-1016156941", this, "Show output", "Hide output");'>Show output</a>

<a href="#Output-1016156941" onClick="toggleAllBoxes();">Show all outputs</a>
<div class='log' id="Output-1016156941">
56.C:\Users\gandhian\Desktop\Anshul\Workspace\Regression_TR\ScreenShots\_25_May_2017__03_58_58PM_172.31.86.34_TC RM_1503_679.png<br/>
</div>
</td>
<td><div><pre>org.testng.SkipException: Skipping this because no member found for this RM
	at newMMIS_Subsystems.AVR_EVS.RMreset(Unknown Source)
	at newMMIS_Subsystems.AVR_EVS.RM_1503_679(Unknown Source)
... Removed 23 stack frames</pre></div><a href='#' onClick='toggleBox("stack-trace1016156941", this, "Click to show all stack frames", "Click to hide stack frames")'>Click to show all stack frames</a>
<div class='stack-trace' id='stack-trace1016156941'><pre>org.testng.SkipException: Skipping this because no member found for this RM
	at newMMIS_Subsystems.AVR_EVS.RMreset(Unknown Source)
	at newMMIS_Subsystems.AVR_EVS.RM_1503_679(Unknown Source)
	at sun.reflect.NativeMethodAccessorImpl.invoke0(Native Method)
	at sun.reflect.NativeMethodAccessorImpl.invoke(Unknown Source)
	at sun.reflect.DelegatingMethodAccessorImpl.invoke(Unknown Source)
	at java.lang.reflect.Method.invoke(Unknown Source)
	at org.testng.internal.MethodInvocationHelper.invokeMethod(MethodInvocationHelper.java:85)
	at org.testng.internal.Invoker.invokeMethod(Invoker.java:639)
	at org.testng.internal.Invoker.invokeTestMethod(Invoker.java:816)
	at org.testng.internal.Invoker.invokeTestMethods(Invoker.java:1124)
	at org.testng.internal.TestMethodWorker.invokeTestMethods(TestMethodWorker.java:125)
	at org.testng.internal.TestMethodWorker.run(TestMethodWorker.java:108)
	at org.testng.TestRunner.privateRun(TestRunner.java:774)
	at org.testng.TestRunner.run(TestRunner.java:624)
	at org.testng.SuiteRunner.runTest(SuiteRunner.java:359)
	at org.testng.SuiteRunner.runSequentially(SuiteRunner.java:354)
	at org.testng.SuiteRunner.privateRun(SuiteRunner.java:312)
	at org.testng.SuiteRunner.run(SuiteRunner.java:261)
	at org.testng.SuiteRunnerWorker.runSuite(SuiteRunnerWorker.java:52)
	at org.testng.SuiteRunnerWorker.run(SuiteRunnerWorker.java:86)
	at org.testng.TestNG.runSuitesSequentially(TestNG.java:1215)
	at org.testng.TestNG.runSuitesLocally(TestNG.java:1140)
	at org.testng.TestNG.run(TestNG.java:1048)
	at org.testng.TestNG.privateMain(TestNG.java:1355)
	at org.testng.TestNG.main(TestNG.java:1324)
</pre></div></td>
<td>7</td>
<td>newMMIS_Subsystems.AVR_EVS@12843fce</td></tr>
<tr>
<td title='newMMIS_Subsystems.AVR_EVS.RM_1540()'><b>RM_1540</b><br>Test class: newMMIS_Subsystems.AVR_EVS<br/>
<a href="#Output-1701798620" onClick='toggleBox("Output-1701798620", this, "Show output", "Hide output");'>Show output</a>

<a href="#Output-1701798620" onClick="toggleAllBoxes();">Show all outputs</a>
<div class='log' id="Output-1701798620">
57.C:\Users\gandhian\Desktop\Anshul\Workspace\Regression_TR\ScreenShots\_25_May_2017__03_59_07PM_172.31.86.34_TC RM_1540.png<br/>
</div>
</td>
<td><div><pre>org.testng.SkipException: Skipping this because no member found for this RM
	at newMMIS_Subsystems.AVR_EVS.RMreset(Unknown Source)
	at newMMIS_Subsystems.AVR_EVS.RM_1540(Unknown Source)
... Removed 23 stack frames</pre></div><a href='#' onClick='toggleBox("stack-trace1701798620", this, "Click to show all stack frames", "Click to hide stack frames")'>Click to show all stack frames</a>
<div class='stack-trace' id='stack-trace1701798620'><pre>org.testng.SkipException: Skipping this because no member found for this RM
	at newMMIS_Subsystems.AVR_EVS.RMreset(Unknown Source)
	at newMMIS_Subsystems.AVR_EVS.RM_1540(Unknown Source)
	at sun.reflect.NativeMethodAccessorImpl.invoke0(Native Method)
	at sun.reflect.NativeMethodAccessorImpl.invoke(Unknown Source)
	at sun.reflect.DelegatingMethodAccessorImpl.invoke(Unknown Source)
	at java.lang.reflect.Method.invoke(Unknown Source)
	at org.testng.internal.MethodInvocationHelper.invokeMethod(MethodInvocationHelper.java:85)
	at org.testng.internal.Invoker.invokeMethod(Invoker.java:639)
	at org.testng.internal.Invoker.invokeTestMethod(Invoker.java:816)
	at org.testng.internal.Invoker.invokeTestMethods(Invoker.java:1124)
	at org.testng.internal.TestMethodWorker.invokeTestMethods(TestMethodWorker.java:125)
	at org.testng.internal.TestMethodWorker.run(TestMethodWorker.java:108)
	at org.testng.TestRunner.privateRun(TestRunner.java:774)
	at org.testng.TestRunner.run(TestRunner.java:624)
	at org.testng.SuiteRunner.runTest(SuiteRunner.java:359)
	at org.testng.SuiteRunner.runSequentially(SuiteRunner.java:354)
	at org.testng.SuiteRunner.privateRun(SuiteRunner.java:312)
	at org.testng.SuiteRunner.run(SuiteRunner.java:261)
	at org.testng.SuiteRunnerWorker.runSuite(SuiteRunnerWorker.java:52)
	at org.testng.SuiteRunnerWorker.run(SuiteRunnerWorker.java:86)
	at org.testng.TestNG.runSuitesSequentially(TestNG.java:1215)
	at org.testng.TestNG.runSuitesLocally(TestNG.java:1140)
	at org.testng.TestNG.run(TestNG.java:1048)
	at org.testng.TestNG.privateMain(TestNG.java:1355)
	at org.testng.TestNG.main(TestNG.java:1324)
</pre></div></td>
<td>1</td>
<td>newMMIS_Subsystems.AVR_EVS@12843fce</td></tr>
<tr>
<td title='newMMIS_Subsystems.AVR_EVS.RM_1541()'><b>RM_1541</b><br>Test class: newMMIS_Subsystems.AVR_EVS<br/>
<a href="#Output-2036302615" onClick='toggleBox("Output-2036302615", this, "Show output", "Hide output");'>Show output</a>

<a href="#Output-2036302615" onClick="toggleAllBoxes();">Show all outputs</a>
<div class='log' id="Output-2036302615">
58.C:\Users\gandhian\Desktop\Anshul\Workspace\Regression_TR\ScreenShots\_25_May_2017__03_59_16PM_172.31.86.34_TC RM_1541.png<br/>
</div>
</td>
<td><div><pre>org.testng.SkipException: Skipping this because no member found for this RM
	at newMMIS_Subsystems.AVR_EVS.RMreset(Unknown Source)
	at newMMIS_Subsystems.AVR_EVS.RM_1541(Unknown Source)
... Removed 23 stack frames</pre></div><a href='#' onClick='toggleBox("stack-trace2036302615", this, "Click to show all stack frames", "Click to hide stack frames")'>Click to show all stack frames</a>
<div class='stack-trace' id='stack-trace2036302615'><pre>org.testng.SkipException: Skipping this because no member found for this RM
	at newMMIS_Subsystems.AVR_EVS.RMreset(Unknown Source)
	at newMMIS_Subsystems.AVR_EVS.RM_1541(Unknown Source)
	at sun.reflect.NativeMethodAccessorImpl.invoke0(Native Method)
	at sun.reflect.NativeMethodAccessorImpl.invoke(Unknown Source)
	at sun.reflect.DelegatingMethodAccessorImpl.invoke(Unknown Source)
	at java.lang.reflect.Method.invoke(Unknown Source)
	at org.testng.internal.MethodInvocationHelper.invokeMethod(MethodInvocationHelper.java:85)
	at org.testng.internal.Invoker.invokeMethod(Invoker.java:639)
	at org.testng.internal.Invoker.invokeTestMethod(Invoker.java:816)
	at org.testng.internal.Invoker.invokeTestMethods(Invoker.java:1124)
	at org.testng.internal.TestMethodWorker.invokeTestMethods(TestMethodWorker.java:125)
	at org.testng.internal.TestMethodWorker.run(TestMethodWorker.java:108)
	at org.testng.TestRunner.privateRun(TestRunner.java:774)
	at org.testng.TestRunner.run(TestRunner.java:624)
	at org.testng.SuiteRunner.runTest(SuiteRunner.java:359)
	at org.testng.SuiteRunner.runSequentially(SuiteRunner.java:354)
	at org.testng.SuiteRunner.privateRun(SuiteRunner.java:312)
	at org.testng.SuiteRunner.run(SuiteRunner.java:261)
	at org.testng.SuiteRunnerWorker.runSuite(SuiteRunnerWorker.java:52)
	at org.testng.SuiteRunnerWorker.run(SuiteRunnerWorker.java:86)
	at org.testng.TestNG.runSuitesSequentially(TestNG.java:1215)
	at org.testng.TestNG.runSuitesLocally(TestNG.java:1140)
	at org.testng.TestNG.run(TestNG.java:1048)
	at org.testng.TestNG.privateMain(TestNG.java:1355)
	at org.testng.TestNG.main(TestNG.java:1324)
</pre></div></td>
<td>2</td>
<td>newMMIS_Subsystems.AVR_EVS@12843fce</td></tr>
<tr>
<td title='newMMIS_Subsystems.AVR_EVS.RM_271_271()'><b>RM_271_271</b><br>Test class: newMMIS_Subsystems.AVR_EVS<br/>
<a href="#Output-1661161169" onClick='toggleBox("Output-1661161169", this, "Show output", "Hide output");'>Show output</a>

<a href="#Output-1661161169" onClick="toggleAllBoxes();">Show all outputs</a>
<div class='log' id="Output-1661161169">
6.C:\Users\gandhian\Desktop\Anshul\Workspace\Regression_TR\ScreenShots\_25_May_2017__02_57_01PM_172.31.86.34_TC RM_271_271.png<br/>
</div>
</td>
<td><div><pre>org.testng.SkipException: Skipping this because no member found for this RM
	at newMMIS_Subsystems.AVR_EVS.RMreset(Unknown Source)
	at newMMIS_Subsystems.AVR_EVS.RM_271_271(Unknown Source)
... Removed 23 stack frames</pre></div><a href='#' onClick='toggleBox("stack-trace1661161169", this, "Click to show all stack frames", "Click to hide stack frames")'>Click to show all stack frames</a>
<div class='stack-trace' id='stack-trace1661161169'><pre>org.testng.SkipException: Skipping this because no member found for this RM
	at newMMIS_Subsystems.AVR_EVS.RMreset(Unknown Source)
	at newMMIS_Subsystems.AVR_EVS.RM_271_271(Unknown Source)
	at sun.reflect.NativeMethodAccessorImpl.invoke0(Native Method)
	at sun.reflect.NativeMethodAccessorImpl.invoke(Unknown Source)
	at sun.reflect.DelegatingMethodAccessorImpl.invoke(Unknown Source)
	at java.lang.reflect.Method.invoke(Unknown Source)
	at org.testng.internal.MethodInvocationHelper.invokeMethod(MethodInvocationHelper.java:85)
	at org.testng.internal.Invoker.invokeMethod(Invoker.java:639)
	at org.testng.internal.Invoker.invokeTestMethod(Invoker.java:816)
	at org.testng.internal.Invoker.invokeTestMethods(Invoker.java:1124)
	at org.testng.internal.TestMethodWorker.invokeTestMethods(TestMethodWorker.java:125)
	at org.testng.internal.TestMethodWorker.run(TestMethodWorker.java:108)
	at org.testng.TestRunner.privateRun(TestRunner.java:774)
	at org.testng.TestRunner.run(TestRunner.java:624)
	at org.testng.SuiteRunner.runTest(SuiteRunner.java:359)
	at org.testng.SuiteRunner.runSequentially(SuiteRunner.java:354)
	at org.testng.SuiteRunner.privateRun(SuiteRunner.java:312)
	at org.testng.SuiteRunner.run(SuiteRunner.java:261)
	at org.testng.SuiteRunnerWorker.runSuite(SuiteRunnerWorker.java:52)
	at org.testng.SuiteRunnerWorker.run(SuiteRunnerWorker.java:86)
	at org.testng.TestNG.runSuitesSequentially(TestNG.java:1215)
	at org.testng.TestNG.runSuitesLocally(TestNG.java:1140)
	at org.testng.TestNG.run(TestNG.java:1048)
	at org.testng.TestNG.privateMain(TestNG.java:1355)
	at org.testng.TestNG.main(TestNG.java:1324)
</pre></div></td>
<td>2</td>
<td>newMMIS_Subsystems.AVR_EVS@12843fce</td></tr>
<tr>
<td title='newMMIS_Subsystems.AVR_EVS.RM_31_495()'><b>RM_31_495</b><br>Test class: newMMIS_Subsystems.AVR_EVS<br/>
<a href="#Output-61137731" onClick='toggleBox("Output-61137731", this, "Show output", "Hide output");'>Show output</a>

<a href="#Output-61137731" onClick="toggleAllBoxes();">Show all outputs</a>
<div class='log' id="Output-61137731">
1.C:\Users\gandhian\Desktop\Anshul\Workspace\Regression_TR\ScreenShots\_25_May_2017__02_48_34PM_172.31.86.34_TC RM_31_495.png<br/>
</div>
</td>
<td><div><pre>org.testng.SkipException: Skipping this because no member found for this RM
	at newMMIS_Subsystems.AVR_EVS.RMreset(Unknown Source)
	at newMMIS_Subsystems.AVR_EVS.RM_31_495(Unknown Source)
... Removed 23 stack frames</pre></div><a href='#' onClick='toggleBox("stack-trace61137731", this, "Click to show all stack frames", "Click to hide stack frames")'>Click to show all stack frames</a>
<div class='stack-trace' id='stack-trace61137731'><pre>org.testng.SkipException: Skipping this because no member found for this RM
	at newMMIS_Subsystems.AVR_EVS.RMreset(Unknown Source)
	at newMMIS_Subsystems.AVR_EVS.RM_31_495(Unknown Source)
	at sun.reflect.NativeMethodAccessorImpl.invoke0(Native Method)
	at sun.reflect.NativeMethodAccessorImpl.invoke(Unknown Source)
	at sun.reflect.DelegatingMethodAccessorImpl.invoke(Unknown Source)
	at java.lang.reflect.Method.invoke(Unknown Source)
	at org.testng.internal.MethodInvocationHelper.invokeMethod(MethodInvocationHelper.java:85)
	at org.testng.internal.Invoker.invokeMethod(Invoker.java:639)
	at org.testng.internal.Invoker.invokeTestMethod(Invoker.java:816)
	at org.testng.internal.Invoker.invokeTestMethods(Invoker.java:1124)
	at org.testng.internal.TestMethodWorker.invokeTestMethods(TestMethodWorker.java:125)
	at org.testng.internal.TestMethodWorker.run(TestMethodWorker.java:108)
	at org.testng.TestRunner.privateRun(TestRunner.java:774)
	at org.testng.TestRunner.run(TestRunner.java:624)
	at org.testng.SuiteRunner.runTest(SuiteRunner.java:359)
	at org.testng.SuiteRunner.runSequentially(SuiteRunner.java:354)
	at org.testng.SuiteRunner.privateRun(SuiteRunner.java:312)
	at org.testng.SuiteRunner.run(SuiteRunner.java:261)
	at org.testng.SuiteRunnerWorker.runSuite(SuiteRunnerWorker.java:52)
	at org.testng.SuiteRunnerWorker.run(SuiteRunnerWorker.java:86)
	at org.testng.TestNG.runSuitesSequentially(TestNG.java:1215)
	at org.testng.TestNG.runSuitesLocally(TestNG.java:1140)
	at org.testng.TestNG.run(TestNG.java:1048)
	at org.testng.TestNG.privateMain(TestNG.java:1355)
	at org.testng.TestNG.main(TestNG.java:1324)
</pre></div></td>
<td>2</td>
<td>newMMIS_Subsystems.AVR_EVS@12843fce</td></tr>
<tr>
<td title='newMMIS_Subsystems.AVR_EVS.RM_34_520()'><b>RM_34_520</b><br>Test class: newMMIS_Subsystems.AVR_EVS<br/>
<a href="#Output-1917784974" onClick='toggleBox("Output-1917784974", this, "Show output", "Hide output");'>Show output</a>

<a href="#Output-1917784974" onClick="toggleAllBoxes();">Show all outputs</a>
<div class='log' id="Output-1917784974">
2.C:\Users\gandhian\Desktop\Anshul\Workspace\Regression_TR\ScreenShots\_25_May_2017__02_49_18PM_172.31.86.34_TC RM_34_520.png<br/>
</div>
</td>
<td><div><pre>org.testng.SkipException: Skipping this because no member found for this RM
	at newMMIS_Subsystems.AVR_EVS.RMreset(Unknown Source)
	at newMMIS_Subsystems.AVR_EVS.RM_34_520(Unknown Source)
... Removed 23 stack frames</pre></div><a href='#' onClick='toggleBox("stack-trace1917784974", this, "Click to show all stack frames", "Click to hide stack frames")'>Click to show all stack frames</a>
<div class='stack-trace' id='stack-trace1917784974'><pre>org.testng.SkipException: Skipping this because no member found for this RM
	at newMMIS_Subsystems.AVR_EVS.RMreset(Unknown Source)
	at newMMIS_Subsystems.AVR_EVS.RM_34_520(Unknown Source)
	at sun.reflect.NativeMethodAccessorImpl.invoke0(Native Method)
	at sun.reflect.NativeMethodAccessorImpl.invoke(Unknown Source)
	at sun.reflect.DelegatingMethodAccessorImpl.invoke(Unknown Source)
	at java.lang.reflect.Method.invoke(Unknown Source)
	at org.testng.internal.MethodInvocationHelper.invokeMethod(MethodInvocationHelper.java:85)
	at org.testng.internal.Invoker.invokeMethod(Invoker.java:639)
	at org.testng.internal.Invoker.invokeTestMethod(Invoker.java:816)
	at org.testng.internal.Invoker.invokeTestMethods(Invoker.java:1124)
	at org.testng.internal.TestMethodWorker.invokeTestMethods(TestMethodWorker.java:125)
	at org.testng.internal.TestMethodWorker.run(TestMethodWorker.java:108)
	at org.testng.TestRunner.privateRun(TestRunner.java:774)
	at org.testng.TestRunner.run(TestRunner.java:624)
	at org.testng.SuiteRunner.runTest(SuiteRunner.java:359)
	at org.testng.SuiteRunner.runSequentially(SuiteRunner.java:354)
	at org.testng.SuiteRunner.privateRun(SuiteRunner.java:312)
	at org.testng.SuiteRunner.run(SuiteRunner.java:261)
	at org.testng.SuiteRunnerWorker.runSuite(SuiteRunnerWorker.java:52)
	at org.testng.SuiteRunnerWorker.run(SuiteRunnerWorker.java:86)
	at org.testng.TestNG.runSuitesSequentially(TestNG.java:1215)
	at org.testng.TestNG.runSuitesLocally(TestNG.java:1140)
	at org.testng.TestNG.run(TestNG.java:1048)
	at org.testng.TestNG.privateMain(TestNG.java:1355)
	at org.testng.TestNG.main(TestNG.java:1324)
</pre></div></td>
<td>26</td>
<td>newMMIS_Subsystems.AVR_EVS@12843fce</td></tr>
<tr>
<td title='newMMIS_Subsystems.AVR_EVS.RM_596_596()'><b>RM_596_596</b><br>Test class: newMMIS_Subsystems.AVR_EVS<br/>
<a href="#Output-810196347" onClick='toggleBox("Output-810196347", this, "Show output", "Hide output");'>Show output</a>

<a href="#Output-810196347" onClick="toggleAllBoxes();">Show all outputs</a>
<div class='log' id="Output-810196347">
7.C:\Users\gandhian\Desktop\Anshul\Workspace\Regression_TR\ScreenShots\_25_May_2017__03_05_03PM_172.31.86.34_TC RM_596_596.png<br/>
</div>
</td>
<td><div><pre>org.testng.SkipException: Skipping this because no member found for this RM
	at newMMIS_Subsystems.AVR_EVS.RMreset(Unknown Source)
	at newMMIS_Subsystems.AVR_EVS.RM_596_596(Unknown Source)
... Removed 23 stack frames</pre></div><a href='#' onClick='toggleBox("stack-trace810196347", this, "Click to show all stack frames", "Click to hide stack frames")'>Click to show all stack frames</a>
<div class='stack-trace' id='stack-trace810196347'><pre>org.testng.SkipException: Skipping this because no member found for this RM
	at newMMIS_Subsystems.AVR_EVS.RMreset(Unknown Source)
	at newMMIS_Subsystems.AVR_EVS.RM_596_596(Unknown Source)
	at sun.reflect.NativeMethodAccessorImpl.invoke0(Native Method)
	at sun.reflect.NativeMethodAccessorImpl.invoke(Unknown Source)
	at sun.reflect.DelegatingMethodAccessorImpl.invoke(Unknown Source)
	at java.lang.reflect.Method.invoke(Unknown Source)
	at org.testng.internal.MethodInvocationHelper.invokeMethod(MethodInvocationHelper.java:85)
	at org.testng.internal.Invoker.invokeMethod(Invoker.java:639)
	at org.testng.internal.Invoker.invokeTestMethod(Invoker.java:816)
	at org.testng.internal.Invoker.invokeTestMethods(Invoker.java:1124)
	at org.testng.internal.TestMethodWorker.invokeTestMethods(TestMethodWorker.java:125)
	at org.testng.internal.TestMethodWorker.run(TestMethodWorker.java:108)
	at org.testng.TestRunner.privateRun(TestRunner.java:774)
	at org.testng.TestRunner.run(TestRunner.java:624)
	at org.testng.SuiteRunner.runTest(SuiteRunner.java:359)
	at org.testng.SuiteRunner.runSequentially(SuiteRunner.java:354)
	at org.testng.SuiteRunner.privateRun(SuiteRunner.java:312)
	at org.testng.SuiteRunner.run(SuiteRunner.java:261)
	at org.testng.SuiteRunnerWorker.runSuite(SuiteRunnerWorker.java:52)
	at org.testng.SuiteRunnerWorker.run(SuiteRunnerWorker.java:86)
	at org.testng.TestNG.runSuitesSequentially(TestNG.java:1215)
	at org.testng.TestNG.runSuitesLocally(TestNG.java:1140)
	at org.testng.TestNG.run(TestNG.java:1048)
	at org.testng.TestNG.privateMain(TestNG.java:1355)
	at org.testng.TestNG.main(TestNG.java:1324)
</pre></div></td>
<td>323</td>
<td>newMMIS_Subsystems.AVR_EVS@12843fce</td></tr>
<tr>
<td title='newMMIS_Subsystems.AVR_EVS.RM_597_597()'><b>RM_597_597</b><br>Test class: newMMIS_Subsystems.AVR_EVS<br/>
<a href="#Output-1769252629" onClick='toggleBox("Output-1769252629", this, "Show output", "Hide output");'>Show output</a>

<a href="#Output-1769252629" onClick="toggleAllBoxes();">Show all outputs</a>
<div class='log' id="Output-1769252629">
8.C:\Users\gandhian\Desktop\Anshul\Workspace\Regression_TR\ScreenShots\_25_May_2017__03_08_27PM_172.31.86.34_TC RM_597_597.png<br/>
</div>
</td>
<td><div><pre>org.testng.SkipException: Skipping this because no member found for this RM
	at newMMIS_Subsystems.AVR_EVS.RMreset(Unknown Source)
	at newMMIS_Subsystems.AVR_EVS.RM_597_597(Unknown Source)
... Removed 23 stack frames</pre></div><a href='#' onClick='toggleBox("stack-trace1769252629", this, "Click to show all stack frames", "Click to hide stack frames")'>Click to show all stack frames</a>
<div class='stack-trace' id='stack-trace1769252629'><pre>org.testng.SkipException: Skipping this because no member found for this RM
	at newMMIS_Subsystems.AVR_EVS.RMreset(Unknown Source)
	at newMMIS_Subsystems.AVR_EVS.RM_597_597(Unknown Source)
	at sun.reflect.NativeMethodAccessorImpl.invoke0(Native Method)
	at sun.reflect.NativeMethodAccessorImpl.invoke(Unknown Source)
	at sun.reflect.DelegatingMethodAccessorImpl.invoke(Unknown Source)
	at java.lang.reflect.Method.invoke(Unknown Source)
	at org.testng.internal.MethodInvocationHelper.invokeMethod(MethodInvocationHelper.java:85)
	at org.testng.internal.Invoker.invokeMethod(Invoker.java:639)
	at org.testng.internal.Invoker.invokeTestMethod(Invoker.java:816)
	at org.testng.internal.Invoker.invokeTestMethods(Invoker.java:1124)
	at org.testng.internal.TestMethodWorker.invokeTestMethods(TestMethodWorker.java:125)
	at org.testng.internal.TestMethodWorker.run(TestMethodWorker.java:108)
	at org.testng.TestRunner.privateRun(TestRunner.java:774)
	at org.testng.TestRunner.run(TestRunner.java:624)
	at org.testng.SuiteRunner.runTest(SuiteRunner.java:359)
	at org.testng.SuiteRunner.runSequentially(SuiteRunner.java:354)
	at org.testng.SuiteRunner.privateRun(SuiteRunner.java:312)
	at org.testng.SuiteRunner.run(SuiteRunner.java:261)
	at org.testng.SuiteRunnerWorker.runSuite(SuiteRunnerWorker.java:52)
	at org.testng.SuiteRunnerWorker.run(SuiteRunnerWorker.java:86)
	at org.testng.TestNG.runSuitesSequentially(TestNG.java:1215)
	at org.testng.TestNG.runSuitesLocally(TestNG.java:1140)
	at org.testng.TestNG.run(TestNG.java:1048)
	at org.testng.TestNG.privateMain(TestNG.java:1355)
	at org.testng.TestNG.main(TestNG.java:1324)
</pre></div></td>
<td>197</td>
<td>newMMIS_Subsystems.AVR_EVS@12843fce</td></tr>
<tr>
<td title='newMMIS_Subsystems.AVR_EVS.RM_741_311()'><b>RM_741_311</b><br>Test class: newMMIS_Subsystems.AVR_EVS<br/>
<a href="#Output-2034975583" onClick='toggleBox("Output-2034975583", this, "Show output", "Hide output");'>Show output</a>

<a href="#Output-2034975583" onClick="toggleAllBoxes();">Show all outputs</a>
<div class='log' id="Output-2034975583">
9.C:\Users\gandhian\Desktop\Anshul\Workspace\Regression_TR\ScreenShots\_25_May_2017__03_09_40PM_172.31.86.34_TC RM_741_311.png<br/>
</div>
</td>
<td><div><pre>org.testng.SkipException: Skipping this because no member found for this RM
	at newMMIS_Subsystems.AVR_EVS.RMreset(Unknown Source)
	at newMMIS_Subsystems.AVR_EVS.RM_741_311(Unknown Source)
... Removed 23 stack frames</pre></div><a href='#' onClick='toggleBox("stack-trace2034975583", this, "Click to show all stack frames", "Click to hide stack frames")'>Click to show all stack frames</a>
<div class='stack-trace' id='stack-trace2034975583'><pre>org.testng.SkipException: Skipping this because no member found for this RM
	at newMMIS_Subsystems.AVR_EVS.RMreset(Unknown Source)
	at newMMIS_Subsystems.AVR_EVS.RM_741_311(Unknown Source)
	at sun.reflect.NativeMethodAccessorImpl.invoke0(Native Method)
	at sun.reflect.NativeMethodAccessorImpl.invoke(Unknown Source)
	at sun.reflect.DelegatingMethodAccessorImpl.invoke(Unknown Source)
	at java.lang.reflect.Method.invoke(Unknown Source)
	at org.testng.internal.MethodInvocationHelper.invokeMethod(MethodInvocationHelper.java:85)
	at org.testng.internal.Invoker.invokeMethod(Invoker.java:639)
	at org.testng.internal.Invoker.invokeTestMethod(Invoker.java:816)
	at org.testng.internal.Invoker.invokeTestMethods(Invoker.java:1124)
	at org.testng.internal.TestMethodWorker.invokeTestMethods(TestMethodWorker.java:125)
	at org.testng.internal.TestMethodWorker.run(TestMethodWorker.java:108)
	at org.testng.TestRunner.privateRun(TestRunner.java:774)
	at org.testng.TestRunner.run(TestRunner.java:624)
	at org.testng.SuiteRunner.runTest(SuiteRunner.java:359)
	at org.testng.SuiteRunner.runSequentially(SuiteRunner.java:354)
	at org.testng.SuiteRunner.privateRun(SuiteRunner.java:312)
	at org.testng.SuiteRunner.run(SuiteRunner.java:261)
	at org.testng.SuiteRunnerWorker.runSuite(SuiteRunnerWorker.java:52)
	at org.testng.SuiteRunnerWorker.run(SuiteRunnerWorker.java:86)
	at org.testng.TestNG.runSuitesSequentially(TestNG.java:1215)
	at org.testng.TestNG.runSuitesLocally(TestNG.java:1140)
	at org.testng.TestNG.run(TestNG.java:1048)
	at org.testng.TestNG.privateMain(TestNG.java:1355)
	at org.testng.TestNG.main(TestNG.java:1324)
</pre></div></td>
<td>22</td>
<td>newMMIS_Subsystems.AVR_EVS@12843fce</td></tr>
<tr>
<td title='newMMIS_Subsystems.AVR_EVS.RM_748_021()'><b>RM_748_021</b><br>Test class: newMMIS_Subsystems.AVR_EVS<br/>
<a href="#Output-2049348234" onClick='toggleBox("Output-2049348234", this, "Show output", "Hide output");'>Show output</a>

<a href="#Output-2049348234" onClick="toggleAllBoxes();">Show all outputs</a>
<div class='log' id="Output-2049348234">
10.C:\Users\gandhian\Desktop\Anshul\Workspace\Regression_TR\ScreenShots\_25_May_2017__03_10_24PM_172.31.86.34_TC RM_748_021.png<br/>
</div>
</td>
<td><div><pre>org.testng.SkipException: Skipping this because no member found for this RM
	at newMMIS_Subsystems.AVR_EVS.RMreset(Unknown Source)
	at newMMIS_Subsystems.AVR_EVS.RM_748_021(Unknown Source)
... Removed 23 stack frames</pre></div><a href='#' onClick='toggleBox("stack-trace2049348234", this, "Click to show all stack frames", "Click to hide stack frames")'>Click to show all stack frames</a>
<div class='stack-trace' id='stack-trace2049348234'><pre>org.testng.SkipException: Skipping this because no member found for this RM
	at newMMIS_Subsystems.AVR_EVS.RMreset(Unknown Source)
	at newMMIS_Subsystems.AVR_EVS.RM_748_021(Unknown Source)
	at sun.reflect.NativeMethodAccessorImpl.invoke0(Native Method)
	at sun.reflect.NativeMethodAccessorImpl.invoke(Unknown Source)
	at sun.reflect.DelegatingMethodAccessorImpl.invoke(Unknown Source)
	at java.lang.reflect.Method.invoke(Unknown Source)
	at org.testng.internal.MethodInvocationHelper.invokeMethod(MethodInvocationHelper.java:85)
	at org.testng.internal.Invoker.invokeMethod(Invoker.java:639)
	at org.testng.internal.Invoker.invokeTestMethod(Invoker.java:816)
	at org.testng.internal.Invoker.invokeTestMethods(Invoker.java:1124)
	at org.testng.internal.TestMethodWorker.invokeTestMethods(TestMethodWorker.java:125)
	at org.testng.internal.TestMethodWorker.run(TestMethodWorker.java:108)
	at org.testng.TestRunner.privateRun(TestRunner.java:774)
	at org.testng.TestRunner.run(TestRunner.java:624)
	at org.testng.SuiteRunner.runTest(SuiteRunner.java:359)
	at org.testng.SuiteRunner.runSequentially(SuiteRunner.java:354)
	at org.testng.SuiteRunner.privateRun(SuiteRunner.java:312)
	at org.testng.SuiteRunner.run(SuiteRunner.java:261)
	at org.testng.SuiteRunnerWorker.runSuite(SuiteRunnerWorker.java:52)
	at org.testng.SuiteRunnerWorker.run(SuiteRunnerWorker.java:86)
	at org.testng.TestNG.runSuitesSequentially(TestNG.java:1215)
	at org.testng.TestNG.runSuitesLocally(TestNG.java:1140)
	at org.testng.TestNG.run(TestNG.java:1048)
	at org.testng.TestNG.privateMain(TestNG.java:1355)
	at org.testng.TestNG.main(TestNG.java:1324)
</pre></div></td>
<td>5</td>
<td>newMMIS_Subsystems.AVR_EVS@12843fce</td></tr>
<tr>
<td title='newMMIS_Subsystems.AVR_EVS.RM_827_386()'><b>RM_827_386</b><br>Test class: newMMIS_Subsystems.AVR_EVS<br/>
<a href="#Output-755759908" onClick='toggleBox("Output-755759908", this, "Show output", "Hide output");'>Show output</a>

<a href="#Output-755759908" onClick="toggleAllBoxes();">Show all outputs</a>
<div class='log' id="Output-755759908">
12.C:\Users\gandhian\Desktop\Anshul\Workspace\Regression_TR\ScreenShots\_25_May_2017__03_12_05PM_172.31.86.34_TC RM_827_386.png<br/>
</div>
</td>
<td><div><pre>org.testng.SkipException: Skipping this because no member found for this RM
	at newMMIS_Subsystems.AVR_EVS.RMreset(Unknown Source)
	at newMMIS_Subsystems.AVR_EVS.RM_827_386(Unknown Source)
... Removed 23 stack frames</pre></div><a href='#' onClick='toggleBox("stack-trace755759908", this, "Click to show all stack frames", "Click to hide stack frames")'>Click to show all stack frames</a>
<div class='stack-trace' id='stack-trace755759908'><pre>org.testng.SkipException: Skipping this because no member found for this RM
	at newMMIS_Subsystems.AVR_EVS.RMreset(Unknown Source)
	at newMMIS_Subsystems.AVR_EVS.RM_827_386(Unknown Source)
	at sun.reflect.NativeMethodAccessorImpl.invoke0(Native Method)
	at sun.reflect.NativeMethodAccessorImpl.invoke(Unknown Source)
	at sun.reflect.DelegatingMethodAccessorImpl.invoke(Unknown Source)
	at java.lang.reflect.Method.invoke(Unknown Source)
	at org.testng.internal.MethodInvocationHelper.invokeMethod(MethodInvocationHelper.java:85)
	at org.testng.internal.Invoker.invokeMethod(Invoker.java:639)
	at org.testng.internal.Invoker.invokeTestMethod(Invoker.java:816)
	at org.testng.internal.Invoker.invokeTestMethods(Invoker.java:1124)
	at org.testng.internal.TestMethodWorker.invokeTestMethods(TestMethodWorker.java:125)
	at org.testng.internal.TestMethodWorker.run(TestMethodWorker.java:108)
	at org.testng.TestRunner.privateRun(TestRunner.java:774)
	at org.testng.TestRunner.run(TestRunner.java:624)
	at org.testng.SuiteRunner.runTest(SuiteRunner.java:359)
	at org.testng.SuiteRunner.runSequentially(SuiteRunner.java:354)
	at org.testng.SuiteRunner.privateRun(SuiteRunner.java:312)
	at org.testng.SuiteRunner.run(SuiteRunner.java:261)
	at org.testng.SuiteRunnerWorker.runSuite(SuiteRunnerWorker.java:52)
	at org.testng.SuiteRunnerWorker.run(SuiteRunnerWorker.java:86)
	at org.testng.TestNG.runSuitesSequentially(TestNG.java:1215)
	at org.testng.TestNG.runSuitesLocally(TestNG.java:1140)
	at org.testng.TestNG.run(TestNG.java:1048)
	at org.testng.TestNG.privateMain(TestNG.java:1355)
	at org.testng.TestNG.main(TestNG.java:1324)
</pre></div></td>
<td>2</td>
<td>newMMIS_Subsystems.AVR_EVS@12843fce</td></tr>
<tr>
<td title='newMMIS_Subsystems.AVR_EVS.RM_840_386()'><b>RM_840_386</b><br>Test class: newMMIS_Subsystems.AVR_EVS<br/>
<a href="#Output-1566099239" onClick='toggleBox("Output-1566099239", this, "Show output", "Hide output");'>Show output</a>

<a href="#Output-1566099239" onClick="toggleAllBoxes();">Show all outputs</a>
<div class='log' id="Output-1566099239">
13.C:\Users\gandhian\Desktop\Anshul\Workspace\Regression_TR\ScreenShots\_25_May_2017__03_13_10PM_172.31.86.34_TC RM_840_386.png<br/>
</div>
</td>
<td><div><pre>org.testng.SkipException: Skipping this because no member found for this RM
	at newMMIS_Subsystems.AVR_EVS.RMreset(Unknown Source)
	at newMMIS_Subsystems.AVR_EVS.RM_840_386(Unknown Source)
... Removed 23 stack frames</pre></div><a href='#' onClick='toggleBox("stack-trace1566099239", this, "Click to show all stack frames", "Click to hide stack frames")'>Click to show all stack frames</a>
<div class='stack-trace' id='stack-trace1566099239'><pre>org.testng.SkipException: Skipping this because no member found for this RM
	at newMMIS_Subsystems.AVR_EVS.RMreset(Unknown Source)
	at newMMIS_Subsystems.AVR_EVS.RM_840_386(Unknown Source)
	at sun.reflect.NativeMethodAccessorImpl.invoke0(Native Method)
	at sun.reflect.NativeMethodAccessorImpl.invoke(Unknown Source)
	at sun.reflect.DelegatingMethodAccessorImpl.invoke(Unknown Source)
	at java.lang.reflect.Method.invoke(Unknown Source)
	at org.testng.internal.MethodInvocationHelper.invokeMethod(MethodInvocationHelper.java:85)
	at org.testng.internal.Invoker.invokeMethod(Invoker.java:639)
	at org.testng.internal.Invoker.invokeTestMethod(Invoker.java:816)
	at org.testng.internal.Invoker.invokeTestMethods(Invoker.java:1124)
	at org.testng.internal.TestMethodWorker.invokeTestMethods(TestMethodWorker.java:125)
	at org.testng.internal.TestMethodWorker.run(TestMethodWorker.java:108)
	at org.testng.TestRunner.privateRun(TestRunner.java:774)
	at org.testng.TestRunner.run(TestRunner.java:624)
	at org.testng.SuiteRunner.runTest(SuiteRunner.java:359)
	at org.testng.SuiteRunner.runSequentially(SuiteRunner.java:354)
	at org.testng.SuiteRunner.privateRun(SuiteRunner.java:312)
	at org.testng.SuiteRunner.run(SuiteRunner.java:261)
	at org.testng.SuiteRunnerWorker.runSuite(SuiteRunnerWorker.java:52)
	at org.testng.SuiteRunnerWorker.run(SuiteRunnerWorker.java:86)
	at org.testng.TestNG.runSuitesSequentially(TestNG.java:1215)
	at org.testng.TestNG.runSuitesLocally(TestNG.java:1140)
	at org.testng.TestNG.run(TestNG.java:1048)
	at org.testng.TestNG.privateMain(TestNG.java:1355)
	at org.testng.TestNG.main(TestNG.java:1324)
</pre></div></td>
<td>3</td>
<td>newMMIS_Subsystems.AVR_EVS@12843fce</td></tr>
<tr>
<td title='newMMIS_Subsystems.AVR_EVS.RM_841_386()'><b>RM_841_386</b><br>Test class: newMMIS_Subsystems.AVR_EVS<br/>
<a href="#Output-332234405" onClick='toggleBox("Output-332234405", this, "Show output", "Hide output");'>Show output</a>

<a href="#Output-332234405" onClick="toggleAllBoxes();">Show all outputs</a>
<div class='log' id="Output-332234405">
14.C:\Users\gandhian\Desktop\Anshul\Workspace\Regression_TR\ScreenShots\_25_May_2017__03_13_19PM_172.31.86.34_TC RM_841_386.png<br/>
</div>
</td>
<td><div><pre>org.testng.SkipException: Skipping this because no member found for this RM
	at newMMIS_Subsystems.AVR_EVS.RMreset(Unknown Source)
	at newMMIS_Subsystems.AVR_EVS.RM_841_386(Unknown Source)
... Removed 23 stack frames</pre></div><a href='#' onClick='toggleBox("stack-trace332234405", this, "Click to show all stack frames", "Click to hide stack frames")'>Click to show all stack frames</a>
<div class='stack-trace' id='stack-trace332234405'><pre>org.testng.SkipException: Skipping this because no member found for this RM
	at newMMIS_Subsystems.AVR_EVS.RMreset(Unknown Source)
	at newMMIS_Subsystems.AVR_EVS.RM_841_386(Unknown Source)
	at sun.reflect.NativeMethodAccessorImpl.invoke0(Native Method)
	at sun.reflect.NativeMethodAccessorImpl.invoke(Unknown Source)
	at sun.reflect.DelegatingMethodAccessorImpl.invoke(Unknown Source)
	at java.lang.reflect.Method.invoke(Unknown Source)
	at org.testng.internal.MethodInvocationHelper.invokeMethod(MethodInvocationHelper.java:85)
	at org.testng.internal.Invoker.invokeMethod(Invoker.java:639)
	at org.testng.internal.Invoker.invokeTestMethod(Invoker.java:816)
	at org.testng.internal.Invoker.invokeTestMethods(Invoker.java:1124)
	at org.testng.internal.TestMethodWorker.invokeTestMethods(TestMethodWorker.java:125)
	at org.testng.internal.TestMethodWorker.run(TestMethodWorker.java:108)
	at org.testng.TestRunner.privateRun(TestRunner.java:774)
	at org.testng.TestRunner.run(TestRunner.java:624)
	at org.testng.SuiteRunner.runTest(SuiteRunner.java:359)
	at org.testng.SuiteRunner.runSequentially(SuiteRunner.java:354)
	at org.testng.SuiteRunner.privateRun(SuiteRunner.java:312)
	at org.testng.SuiteRunner.run(SuiteRunner.java:261)
	at org.testng.SuiteRunnerWorker.runSuite(SuiteRunnerWorker.java:52)
	at org.testng.SuiteRunnerWorker.run(SuiteRunnerWorker.java:86)
	at org.testng.TestNG.runSuitesSequentially(TestNG.java:1215)
	at org.testng.TestNG.runSuitesLocally(TestNG.java:1140)
	at org.testng.TestNG.run(TestNG.java:1048)
	at org.testng.TestNG.privateMain(TestNG.java:1355)
	at org.testng.TestNG.main(TestNG.java:1324)
</pre></div></td>
<td>2</td>
<td>newMMIS_Subsystems.AVR_EVS@12843fce</td></tr>
<tr>
<td title='newMMIS_Subsystems.AVR_EVS.RM_89_646()'><b>RM_89_646</b><br>Test class: newMMIS_Subsystems.AVR_EVS<br/>
<a href="#Output-1069584108" onClick='toggleBox("Output-1069584108", this, "Show output", "Hide output");'>Show output</a>

<a href="#Output-1069584108" onClick="toggleAllBoxes();">Show all outputs</a>
<div class='log' id="Output-1069584108">
5.C:\Users\gandhian\Desktop\Anshul\Workspace\Regression_TR\ScreenShots\_25_May_2017__02_56_13PM_172.31.86.34_TC RM_89_646.png<br/>
</div>
</td>
<td><div><pre>org.testng.SkipException: Skipping this because no member found for this RM
	at newMMIS_Subsystems.AVR_EVS.RMreset(Unknown Source)
	at newMMIS_Subsystems.AVR_EVS.RM_89_646(Unknown Source)
... Removed 23 stack frames</pre></div><a href='#' onClick='toggleBox("stack-trace1069584108", this, "Click to show all stack frames", "Click to hide stack frames")'>Click to show all stack frames</a>
<div class='stack-trace' id='stack-trace1069584108'><pre>org.testng.SkipException: Skipping this because no member found for this RM
	at newMMIS_Subsystems.AVR_EVS.RMreset(Unknown Source)
	at newMMIS_Subsystems.AVR_EVS.RM_89_646(Unknown Source)
	at sun.reflect.NativeMethodAccessorImpl.invoke0(Native Method)
	at sun.reflect.NativeMethodAccessorImpl.invoke(Unknown Source)
	at sun.reflect.DelegatingMethodAccessorImpl.invoke(Unknown Source)
	at java.lang.reflect.Method.invoke(Unknown Source)
	at org.testng.internal.MethodInvocationHelper.invokeMethod(MethodInvocationHelper.java:85)
	at org.testng.internal.Invoker.invokeMethod(Invoker.java:639)
	at org.testng.internal.Invoker.invokeTestMethod(Invoker.java:816)
	at org.testng.internal.Invoker.invokeTestMethods(Invoker.java:1124)
	at org.testng.internal.TestMethodWorker.invokeTestMethods(TestMethodWorker.java:125)
	at org.testng.internal.TestMethodWorker.run(TestMethodWorker.java:108)
	at org.testng.TestRunner.privateRun(TestRunner.java:774)
	at org.testng.TestRunner.run(TestRunner.java:624)
	at org.testng.SuiteRunner.runTest(SuiteRunner.java:359)
	at org.testng.SuiteRunner.runSequentially(SuiteRunner.java:354)
	at org.testng.SuiteRunner.privateRun(SuiteRunner.java:312)
	at org.testng.SuiteRunner.run(SuiteRunner.java:261)
	at org.testng.SuiteRunnerWorker.runSuite(SuiteRunnerWorker.java:52)
	at org.testng.SuiteRunnerWorker.run(SuiteRunnerWorker.java:86)
	at org.testng.TestNG.runSuitesSequentially(TestNG.java:1215)
	at org.testng.TestNG.runSuitesLocally(TestNG.java:1140)
	at org.testng.TestNG.run(TestNG.java:1048)
	at org.testng.TestNG.privateMain(TestNG.java:1355)
	at org.testng.TestNG.main(TestNG.java:1324)
</pre></div></td>
<td>3</td>
<td>newMMIS_Subsystems.AVR_EVS@12843fce</td></tr>
<tr>
<td title='newMMIS_Subsystems.AVR_EVS.RM_958_611()'><b>RM_958_611</b><br>Test class: newMMIS_Subsystems.AVR_EVS<br/>
<a href="#Output-276777344" onClick='toggleBox("Output-276777344", this, "Show output", "Hide output");'>Show output</a>

<a href="#Output-276777344" onClick="toggleAllBoxes();">Show all outputs</a>
<div class='log' id="Output-276777344">
28.C:\Users\gandhian\Desktop\Anshul\Workspace\Regression_TR\ScreenShots\_25_May_2017__03_37_38PM_172.31.86.34_TC RM_958_611.png<br/>
</div>
</td>
<td><div><pre>org.testng.SkipException: Skipping this because no member found for this RM
	at newMMIS_Subsystems.AVR_EVS.RMreset(Unknown Source)
	at newMMIS_Subsystems.AVR_EVS.RM_958_611(Unknown Source)
... Removed 23 stack frames</pre></div><a href='#' onClick='toggleBox("stack-trace276777344", this, "Click to show all stack frames", "Click to hide stack frames")'>Click to show all stack frames</a>
<div class='stack-trace' id='stack-trace276777344'><pre>org.testng.SkipException: Skipping this because no member found for this RM
	at newMMIS_Subsystems.AVR_EVS.RMreset(Unknown Source)
	at newMMIS_Subsystems.AVR_EVS.RM_958_611(Unknown Source)
	at sun.reflect.NativeMethodAccessorImpl.invoke0(Native Method)
	at sun.reflect.NativeMethodAccessorImpl.invoke(Unknown Source)
	at sun.reflect.DelegatingMethodAccessorImpl.invoke(Unknown Source)
	at java.lang.reflect.Method.invoke(Unknown Source)
	at org.testng.internal.MethodInvocationHelper.invokeMethod(MethodInvocationHelper.java:85)
	at org.testng.internal.Invoker.invokeMethod(Invoker.java:639)
	at org.testng.internal.Invoker.invokeTestMethod(Invoker.java:816)
	at org.testng.internal.Invoker.invokeTestMethods(Invoker.java:1124)
	at org.testng.internal.TestMethodWorker.invokeTestMethods(TestMethodWorker.java:125)
	at org.testng.internal.TestMethodWorker.run(TestMethodWorker.java:108)
	at org.testng.TestRunner.privateRun(TestRunner.java:774)
	at org.testng.TestRunner.run(TestRunner.java:624)
	at org.testng.SuiteRunner.runTest(SuiteRunner.java:359)
	at org.testng.SuiteRunner.runSequentially(SuiteRunner.java:354)
	at org.testng.SuiteRunner.privateRun(SuiteRunner.java:312)
	at org.testng.SuiteRunner.run(SuiteRunner.java:261)
	at org.testng.SuiteRunnerWorker.runSuite(SuiteRunnerWorker.java:52)
	at org.testng.SuiteRunnerWorker.run(SuiteRunnerWorker.java:86)
	at org.testng.TestNG.runSuitesSequentially(TestNG.java:1215)
	at org.testng.TestNG.runSuitesLocally(TestNG.java:1140)
	at org.testng.TestNG.run(TestNG.java:1048)
	at org.testng.TestNG.privateMain(TestNG.java:1355)
	at org.testng.TestNG.main(TestNG.java:1324)
</pre></div></td>
<td>144</td>
<td>newMMIS_Subsystems.AVR_EVS@12843fce</td></tr>
<tr>
<td title='newMMIS_Subsystems.AVR_EVS.RM_959_611()'><b>RM_959_611</b><br>Test class: newMMIS_Subsystems.AVR_EVS<br/>
<a href="#Output-217479224" onClick='toggleBox("Output-217479224", this, "Show output", "Hide output");'>Show output</a>

<a href="#Output-217479224" onClick="toggleAllBoxes();">Show all outputs</a>
<div class='log' id="Output-217479224">
29.C:\Users\gandhian\Desktop\Anshul\Workspace\Regression_TR\ScreenShots\_25_May_2017__03_40_31PM_172.31.86.34_TC RM_959_611.png<br/>
</div>
</td>
<td><div><pre>org.testng.SkipException: Skipping this because no member found for this RM
	at newMMIS_Subsystems.AVR_EVS.RMreset(Unknown Source)
	at newMMIS_Subsystems.AVR_EVS.RM_959_611(Unknown Source)
... Removed 23 stack frames</pre></div><a href='#' onClick='toggleBox("stack-trace217479224", this, "Click to show all stack frames", "Click to hide stack frames")'>Click to show all stack frames</a>
<div class='stack-trace' id='stack-trace217479224'><pre>org.testng.SkipException: Skipping this because no member found for this RM
	at newMMIS_Subsystems.AVR_EVS.RMreset(Unknown Source)
	at newMMIS_Subsystems.AVR_EVS.RM_959_611(Unknown Source)
	at sun.reflect.NativeMethodAccessorImpl.invoke0(Native Method)
	at sun.reflect.NativeMethodAccessorImpl.invoke(Unknown Source)
	at sun.reflect.DelegatingMethodAccessorImpl.invoke(Unknown Source)
	at java.lang.reflect.Method.invoke(Unknown Source)
	at org.testng.internal.MethodInvocationHelper.invokeMethod(MethodInvocationHelper.java:85)
	at org.testng.internal.Invoker.invokeMethod(Invoker.java:639)
	at org.testng.internal.Invoker.invokeTestMethod(Invoker.java:816)
	at org.testng.internal.Invoker.invokeTestMethods(Invoker.java:1124)
	at org.testng.internal.TestMethodWorker.invokeTestMethods(TestMethodWorker.java:125)
	at org.testng.internal.TestMethodWorker.run(TestMethodWorker.java:108)
	at org.testng.TestRunner.privateRun(TestRunner.java:774)
	at org.testng.TestRunner.run(TestRunner.java:624)
	at org.testng.SuiteRunner.runTest(SuiteRunner.java:359)
	at org.testng.SuiteRunner.runSequentially(SuiteRunner.java:354)
	at org.testng.SuiteRunner.privateRun(SuiteRunner.java:312)
	at org.testng.SuiteRunner.run(SuiteRunner.java:261)
	at org.testng.SuiteRunnerWorker.runSuite(SuiteRunnerWorker.java:52)
	at org.testng.SuiteRunnerWorker.run(SuiteRunnerWorker.java:86)
	at org.testng.TestNG.runSuitesSequentially(TestNG.java:1215)
	at org.testng.TestNG.runSuitesLocally(TestNG.java:1140)
	at org.testng.TestNG.run(TestNG.java:1048)
	at org.testng.TestNG.privateMain(TestNG.java:1355)
	at org.testng.TestNG.main(TestNG.java:1324)
</pre></div></td>
<td>165</td>
<td>newMMIS_Subsystems.AVR_EVS@12843fce</td></tr>
<tr>
<td title='newMMIS_Subsystems.AVR_EVS.RM_980_611()'><b>RM_980_611</b><br>Test class: newMMIS_Subsystems.AVR_EVS<br/>
<a href="#Output-639542871" onClick='toggleBox("Output-639542871", this, "Show output", "Hide output");'>Show output</a>

<a href="#Output-639542871" onClick="toggleAllBoxes();">Show all outputs</a>
<div class='log' id="Output-639542871">
30.C:\Users\gandhian\Desktop\Anshul\Workspace\Regression_TR\ScreenShots\_25_May_2017__03_52_55PM_172.31.86.34_TC RM_980_611.png<br/>
</div>
</td>
<td><div><pre>org.testng.SkipException: Skipping this because no member found for this RM
	at newMMIS_Subsystems.AVR_EVS.RMreset(Unknown Source)
	at newMMIS_Subsystems.AVR_EVS.RM_980_611(Unknown Source)
... Removed 23 stack frames</pre></div><a href='#' onClick='toggleBox("stack-trace639542871", this, "Click to show all stack frames", "Click to hide stack frames")'>Click to show all stack frames</a>
<div class='stack-trace' id='stack-trace639542871'><pre>org.testng.SkipException: Skipping this because no member found for this RM
	at newMMIS_Subsystems.AVR_EVS.RMreset(Unknown Source)
	at newMMIS_Subsystems.AVR_EVS.RM_980_611(Unknown Source)
	at sun.reflect.NativeMethodAccessorImpl.invoke0(Native Method)
	at sun.reflect.NativeMethodAccessorImpl.invoke(Unknown Source)
	at sun.reflect.DelegatingMethodAccessorImpl.invoke(Unknown Source)
	at java.lang.reflect.Method.invoke(Unknown Source)
	at org.testng.internal.MethodInvocationHelper.invokeMethod(MethodInvocationHelper.java:85)
	at org.testng.internal.Invoker.invokeMethod(Invoker.java:639)
	at org.testng.internal.Invoker.invokeTestMethod(Invoker.java:816)
	at org.testng.internal.Invoker.invokeTestMethods(Invoker.java:1124)
	at org.testng.internal.TestMethodWorker.invokeTestMethods(TestMethodWorker.java:125)
	at org.testng.internal.TestMethodWorker.run(TestMethodWorker.java:108)
	at org.testng.TestRunner.privateRun(TestRunner.java:774)
	at org.testng.TestRunner.run(TestRunner.java:624)
	at org.testng.SuiteRunner.runTest(SuiteRunner.java:359)
	at org.testng.SuiteRunner.runSequentially(SuiteRunner.java:354)
	at org.testng.SuiteRunner.privateRun(SuiteRunner.java:312)
	at org.testng.SuiteRunner.run(SuiteRunner.java:261)
	at org.testng.SuiteRunnerWorker.runSuite(SuiteRunnerWorker.java:52)
	at org.testng.SuiteRunnerWorker.run(SuiteRunnerWorker.java:86)
	at org.testng.TestNG.runSuitesSequentially(TestNG.java:1215)
	at org.testng.TestNG.runSuitesLocally(TestNG.java:1140)
	at org.testng.TestNG.run(TestNG.java:1048)
	at org.testng.TestNG.privateMain(TestNG.java:1355)
	at org.testng.TestNG.main(TestNG.java:1324)
</pre></div></td>
<td>127</td>
<td>newMMIS_Subsystems.AVR_EVS@12843fce</td></tr>
<tr>
<td title='newMMIS_Subsystems.AVR_EVS.RM_982_611()'><b>RM_982_611</b><br>Test class: newMMIS_Subsystems.AVR_EVS<br/>
<a href="#Output-1648217898" onClick='toggleBox("Output-1648217898", this, "Show output", "Hide output");'>Show output</a>

<a href="#Output-1648217898" onClick="toggleAllBoxes();">Show all outputs</a>
<div class='log' id="Output-1648217898">
31.C:\Users\gandhian\Desktop\Anshul\Workspace\Regression_TR\ScreenShots\_25_May_2017__03_53_43PM_172.31.86.34_TC RM_976_611.png<br/>
</div>
</td>
<td><div><pre>org.testng.SkipException: Skipping this because no member found for this RM
	at newMMIS_Subsystems.AVR_EVS.RMreset(Unknown Source)
	at newMMIS_Subsystems.AVR_EVS.RM_982_611(Unknown Source)
... Removed 23 stack frames</pre></div><a href='#' onClick='toggleBox("stack-trace1648217898", this, "Click to show all stack frames", "Click to hide stack frames")'>Click to show all stack frames</a>
<div class='stack-trace' id='stack-trace1648217898'><pre>org.testng.SkipException: Skipping this because no member found for this RM
	at newMMIS_Subsystems.AVR_EVS.RMreset(Unknown Source)
	at newMMIS_Subsystems.AVR_EVS.RM_982_611(Unknown Source)
	at sun.reflect.NativeMethodAccessorImpl.invoke0(Native Method)
	at sun.reflect.NativeMethodAccessorImpl.invoke(Unknown Source)
	at sun.reflect.DelegatingMethodAccessorImpl.invoke(Unknown Source)
	at java.lang.reflect.Method.invoke(Unknown Source)
	at org.testng.internal.MethodInvocationHelper.invokeMethod(MethodInvocationHelper.java:85)
	at org.testng.internal.Invoker.invokeMethod(Invoker.java:639)
	at org.testng.internal.Invoker.invokeTestMethod(Invoker.java:816)
	at org.testng.internal.Invoker.invokeTestMethods(Invoker.java:1124)
	at org.testng.internal.TestMethodWorker.invokeTestMethods(TestMethodWorker.java:125)
	at org.testng.internal.TestMethodWorker.run(TestMethodWorker.java:108)
	at org.testng.TestRunner.privateRun(TestRunner.java:774)
	at org.testng.TestRunner.run(TestRunner.java:624)
	at org.testng.SuiteRunner.runTest(SuiteRunner.java:359)
	at org.testng.SuiteRunner.runSequentially(SuiteRunner.java:354)
	at org.testng.SuiteRunner.privateRun(SuiteRunner.java:312)
	at org.testng.SuiteRunner.run(SuiteRunner.java:261)
	at org.testng.SuiteRunnerWorker.runSuite(SuiteRunnerWorker.java:52)
	at org.testng.SuiteRunnerWorker.run(SuiteRunnerWorker.java:86)
	at org.testng.TestNG.runSuitesSequentially(TestNG.java:1215)
	at org.testng.TestNG.runSuitesLocally(TestNG.java:1140)
	at org.testng.TestNG.run(TestNG.java:1048)
	at org.testng.TestNG.privateMain(TestNG.java:1355)
	at org.testng.TestNG.main(TestNG.java:1324)
</pre></div></td>
<td>2</td>
<td>newMMIS_Subsystems.AVR_EVS@12843fce</td></tr>
<tr>
<td title='newMMIS_Subsystems.AVR_EVS.connectorFullHSN()'><b>connectorFullHSN</b><br>Test class: newMMIS_Subsystems.AVR_EVS<br>Parameters: 1C, 1504<br/>
<a href="#Output-356519935" onClick='toggleBox("Output-356519935", this, "Show output", "Hide output");'>Show output</a>

<a href="#Output-356519935" onClick="toggleAllBoxes();">Show all outputs</a>
<div class='log' id="Output-356519935">
32.C:\Users\gandhian\Desktop\Anshul\Workspace\Regression_TR\ScreenShots\_25_May_2017__03_53_50PM_172.31.86.34_TC RM_1504_675.png<br/>
</div>
</td>
<td><div><pre>org.testng.SkipException: Skipping this TC because Gloria asked to remove this tc and not test anymore
	at newMMIS_Subsystems.AVR_EVS.connectorFullHSN(Unknown Source)
... Removed 23 stack frames</pre></div><a href='#' onClick='toggleBox("stack-trace356519935", this, "Click to show all stack frames", "Click to hide stack frames")'>Click to show all stack frames</a>
<div class='stack-trace' id='stack-trace356519935'><pre>org.testng.SkipException: Skipping this TC because Gloria asked to remove this tc and not test anymore
	at newMMIS_Subsystems.AVR_EVS.connectorFullHSN(Unknown Source)
	at sun.reflect.NativeMethodAccessorImpl.invoke0(Native Method)
	at sun.reflect.NativeMethodAccessorImpl.invoke(Unknown Source)
	at sun.reflect.DelegatingMethodAccessorImpl.invoke(Unknown Source)
	at java.lang.reflect.Method.invoke(Unknown Source)
	at org.testng.internal.MethodInvocationHelper.invokeMethod(MethodInvocationHelper.java:85)
	at org.testng.internal.Invoker.invokeMethod(Invoker.java:639)
	at org.testng.internal.Invoker.invokeTestMethod(Invoker.java:816)
	at org.testng.internal.Invoker.invokeTestMethods(Invoker.java:1124)
	at org.testng.internal.TestMethodWorker.invokeTestMethods(TestMethodWorker.java:125)
	at org.testng.internal.TestMethodWorker.run(TestMethodWorker.java:108)
	at org.testng.TestRunner.privateRun(TestRunner.java:774)
	at org.testng.TestRunner.run(TestRunner.java:624)
	at org.testng.SuiteRunner.runTest(SuiteRunner.java:359)
	at org.testng.SuiteRunner.runSequentially(SuiteRunner.java:354)
	at org.testng.SuiteRunner.privateRun(SuiteRunner.java:312)
	at org.testng.SuiteRunner.run(SuiteRunner.java:261)
	at org.testng.SuiteRunnerWorker.runSuite(SuiteRunnerWorker.java:52)
	at org.testng.SuiteRunnerWorker.run(SuiteRunnerWorker.java:86)
	at org.testng.TestNG.runSuitesSequentially(TestNG.java:1215)
	at org.testng.TestNG.runSuitesLocally(TestNG.java:1140)
	at org.testng.TestNG.run(TestNG.java:1048)
	at org.testng.TestNG.privateMain(TestNG.java:1355)
	at org.testng.TestNG.main(TestNG.java:1324)
</pre></div></td>
<td>0</td>
<td>newMMIS_Subsystems.AVR_EVS@12843fce</td></tr>
<tr>
<td title='newMMIS_Subsystems.AVR_EVS.connectorFullHSN()'><b>connectorFullHSN</b><br>Test class: newMMIS_Subsystems.AVR_EVS<br>Parameters: 1M, 1506<br/>
<a href="#Output-1898773347" onClick='toggleBox("Output-1898773347", this, "Show output", "Hide output");'>Show output</a>

<a href="#Output-1898773347" onClick="toggleAllBoxes();">Show all outputs</a>
<div class='log' id="Output-1898773347">
33.C:\Users\gandhian\Desktop\Anshul\Workspace\Regression_TR\ScreenShots\_25_May_2017__03_54_10PM_172.31.86.34_TC RM_1506_675.png<br/>
</div>
</td>
<td><div><pre>org.testng.SkipException: Skipping this because no member found for this RM
	at newMMIS_Subsystems.AVR_EVS.RMreset(Unknown Source)
	at newMMIS_Subsystems.AVR_EVS.connectorFullHSN(Unknown Source)
... Removed 23 stack frames</pre></div><a href='#' onClick='toggleBox("stack-trace1898773347", this, "Click to show all stack frames", "Click to hide stack frames")'>Click to show all stack frames</a>
<div class='stack-trace' id='stack-trace1898773347'><pre>org.testng.SkipException: Skipping this because no member found for this RM
	at newMMIS_Subsystems.AVR_EVS.RMreset(Unknown Source)
	at newMMIS_Subsystems.AVR_EVS.connectorFullHSN(Unknown Source)
	at sun.reflect.NativeMethodAccessorImpl.invoke0(Native Method)
	at sun.reflect.NativeMethodAccessorImpl.invoke(Unknown Source)
	at sun.reflect.DelegatingMethodAccessorImpl.invoke(Unknown Source)
	at java.lang.reflect.Method.invoke(Unknown Source)
	at org.testng.internal.MethodInvocationHelper.invokeMethod(MethodInvocationHelper.java:85)
	at org.testng.internal.Invoker.invokeMethod(Invoker.java:639)
	at org.testng.internal.Invoker.invokeTestMethod(Invoker.java:816)
	at org.testng.internal.Invoker.invokeTestMethods(Invoker.java:1124)
	at org.testng.internal.TestMethodWorker.invokeTestMethods(TestMethodWorker.java:125)
	at org.testng.internal.TestMethodWorker.run(TestMethodWorker.java:108)
	at org.testng.TestRunner.privateRun(TestRunner.java:774)
	at org.testng.TestRunner.run(TestRunner.java:624)
	at org.testng.SuiteRunner.runTest(SuiteRunner.java:359)
	at org.testng.SuiteRunner.runSequentially(SuiteRunner.java:354)
	at org.testng.SuiteRunner.privateRun(SuiteRunner.java:312)
	at org.testng.SuiteRunner.run(SuiteRunner.java:261)
	at org.testng.SuiteRunnerWorker.runSuite(SuiteRunnerWorker.java:52)
	at org.testng.SuiteRunnerWorker.run(SuiteRunnerWorker.java:86)
	at org.testng.TestNG.runSuitesSequentially(TestNG.java:1215)
	at org.testng.TestNG.runSuitesLocally(TestNG.java:1140)
	at org.testng.TestNG.run(TestNG.java:1048)
	at org.testng.TestNG.privateMain(TestNG.java:1355)
	at org.testng.TestNG.main(TestNG.java:1324)
</pre></div></td>
<td>2</td>
<td>newMMIS_Subsystems.AVR_EVS@12843fce</td></tr>
<tr>
<td title='newMMIS_Subsystems.AVR_EVS.connectorFullHSN()'><b>connectorFullHSN</b><br>Test class: newMMIS_Subsystems.AVR_EVS<br>Parameters: 1Q, 1507<br/>
<a href="#Output-230991505" onClick='toggleBox("Output-230991505", this, "Show output", "Hide output");'>Show output</a>

<a href="#Output-230991505" onClick="toggleAllBoxes();">Show all outputs</a>
<div class='log' id="Output-230991505">
34.C:\Users\gandhian\Desktop\Anshul\Workspace\Regression_TR\ScreenShots\_25_May_2017__03_54_19PM_172.31.86.34_TC RM_1507_675.png<br/>
</div>
</td>
<td><div><pre>org.testng.SkipException: Skipping this because no member found for this RM
	at newMMIS_Subsystems.AVR_EVS.RMreset(Unknown Source)
	at newMMIS_Subsystems.AVR_EVS.connectorFullHSN(Unknown Source)
... Removed 23 stack frames</pre></div><a href='#' onClick='toggleBox("stack-trace230991505", this, "Click to show all stack frames", "Click to hide stack frames")'>Click to show all stack frames</a>
<div class='stack-trace' id='stack-trace230991505'><pre>org.testng.SkipException: Skipping this because no member found for this RM
	at newMMIS_Subsystems.AVR_EVS.RMreset(Unknown Source)
	at newMMIS_Subsystems.AVR_EVS.connectorFullHSN(Unknown Source)
	at sun.reflect.NativeMethodAccessorImpl.invoke0(Native Method)
	at sun.reflect.NativeMethodAccessorImpl.invoke(Unknown Source)
	at sun.reflect.DelegatingMethodAccessorImpl.invoke(Unknown Source)
	at java.lang.reflect.Method.invoke(Unknown Source)
	at org.testng.internal.MethodInvocationHelper.invokeMethod(MethodInvocationHelper.java:85)
	at org.testng.internal.Invoker.invokeMethod(Invoker.java:639)
	at org.testng.internal.Invoker.invokeTestMethod(Invoker.java:816)
	at org.testng.internal.Invoker.invokeTestMethods(Invoker.java:1124)
	at org.testng.internal.TestMethodWorker.invokeTestMethods(TestMethodWorker.java:125)
	at org.testng.internal.TestMethodWorker.run(TestMethodWorker.java:108)
	at org.testng.TestRunner.privateRun(TestRunner.java:774)
	at org.testng.TestRunner.run(TestRunner.java:624)
	at org.testng.SuiteRunner.runTest(SuiteRunner.java:359)
	at org.testng.SuiteRunner.runSequentially(SuiteRunner.java:354)
	at org.testng.SuiteRunner.privateRun(SuiteRunner.java:312)
	at org.testng.SuiteRunner.run(SuiteRunner.java:261)
	at org.testng.SuiteRunnerWorker.runSuite(SuiteRunnerWorker.java:52)
	at org.testng.SuiteRunnerWorker.run(SuiteRunnerWorker.java:86)
	at org.testng.TestNG.runSuitesSequentially(TestNG.java:1215)
	at org.testng.TestNG.runSuitesLocally(TestNG.java:1140)
	at org.testng.TestNG.run(TestNG.java:1048)
	at org.testng.TestNG.privateMain(TestNG.java:1355)
	at org.testng.TestNG.main(TestNG.java:1324)
</pre></div></td>
<td>2</td>
<td>newMMIS_Subsystems.AVR_EVS@12843fce</td></tr>
<tr>
<td title='newMMIS_Subsystems.AVR_EVS.connectorFullHSN()'><b>connectorFullHSN</b><br>Test class: newMMIS_Subsystems.AVR_EVS<br>Parameters: 1W, 1508<br/>
<a href="#Output-1446301940" onClick='toggleBox("Output-1446301940", this, "Show output", "Hide output");'>Show output</a>

<a href="#Output-1446301940" onClick="toggleAllBoxes();">Show all outputs</a>
<div class='log' id="Output-1446301940">
35.C:\Users\gandhian\Desktop\Anshul\Workspace\Regression_TR\ScreenShots\_25_May_2017__03_54_27PM_172.31.86.34_TC RM_1508_675.png<br/>
</div>
</td>
<td><div><pre>org.testng.SkipException: Skipping this because no member found for this RM
	at newMMIS_Subsystems.AVR_EVS.RMreset(Unknown Source)
	at newMMIS_Subsystems.AVR_EVS.connectorFullHSN(Unknown Source)
... Removed 23 stack frames</pre></div><a href='#' onClick='toggleBox("stack-trace1446301940", this, "Click to show all stack frames", "Click to hide stack frames")'>Click to show all stack frames</a>
<div class='stack-trace' id='stack-trace1446301940'><pre>org.testng.SkipException: Skipping this because no member found for this RM
	at newMMIS_Subsystems.AVR_EVS.RMreset(Unknown Source)
	at newMMIS_Subsystems.AVR_EVS.connectorFullHSN(Unknown Source)
	at sun.reflect.NativeMethodAccessorImpl.invoke0(Native Method)
	at sun.reflect.NativeMethodAccessorImpl.invoke(Unknown Source)
	at sun.reflect.DelegatingMethodAccessorImpl.invoke(Unknown Source)
	at java.lang.reflect.Method.invoke(Unknown Source)
	at org.testng.internal.MethodInvocationHelper.invokeMethod(MethodInvocationHelper.java:85)
	at org.testng.internal.Invoker.invokeMethod(Invoker.java:639)
	at org.testng.internal.Invoker.invokeTestMethod(Invoker.java:816)
	at org.testng.internal.Invoker.invokeTestMethods(Invoker.java:1124)
	at org.testng.internal.TestMethodWorker.invokeTestMethods(TestMethodWorker.java:125)
	at org.testng.internal.TestMethodWorker.run(TestMethodWorker.java:108)
	at org.testng.TestRunner.privateRun(TestRunner.java:774)
	at org.testng.TestRunner.run(TestRunner.java:624)
	at org.testng.SuiteRunner.runTest(SuiteRunner.java:359)
	at org.testng.SuiteRunner.runSequentially(SuiteRunner.java:354)
	at org.testng.SuiteRunner.privateRun(SuiteRunner.java:312)
	at org.testng.SuiteRunner.run(SuiteRunner.java:261)
	at org.testng.SuiteRunnerWorker.runSuite(SuiteRunnerWorker.java:52)
	at org.testng.SuiteRunnerWorker.run(SuiteRunnerWorker.java:86)
	at org.testng.TestNG.runSuitesSequentially(TestNG.java:1215)
	at org.testng.TestNG.runSuitesLocally(TestNG.java:1140)
	at org.testng.TestNG.run(TestNG.java:1048)
	at org.testng.TestNG.privateMain(TestNG.java:1355)
	at org.testng.TestNG.main(TestNG.java:1324)
</pre></div></td>
<td>2</td>
<td>newMMIS_Subsystems.AVR_EVS@12843fce</td></tr>
<tr>
<td title='newMMIS_Subsystems.AVR_EVS.connectorFullHSN()'><b>connectorFullHSN</b><br>Test class: newMMIS_Subsystems.AVR_EVS<br>Parameters: 1X, 1509<br/>
<a href="#Output-797539755" onClick='toggleBox("Output-797539755", this, "Show output", "Hide output");'>Show output</a>

<a href="#Output-797539755" onClick="toggleAllBoxes();">Show all outputs</a>
<div class='log' id="Output-797539755">
36.C:\Users\gandhian\Desktop\Anshul\Workspace\Regression_TR\ScreenShots\_25_May_2017__03_54_36PM_172.31.86.34_TC RM_1509_675.png<br/>
</div>
</td>
<td><div><pre>org.testng.SkipException: Skipping this because no member found for this RM
	at newMMIS_Subsystems.AVR_EVS.RMreset(Unknown Source)
	at newMMIS_Subsystems.AVR_EVS.connectorFullHSN(Unknown Source)
... Removed 23 stack frames</pre></div><a href='#' onClick='toggleBox("stack-trace797539755", this, "Click to show all stack frames", "Click to hide stack frames")'>Click to show all stack frames</a>
<div class='stack-trace' id='stack-trace797539755'><pre>org.testng.SkipException: Skipping this because no member found for this RM
	at newMMIS_Subsystems.AVR_EVS.RMreset(Unknown Source)
	at newMMIS_Subsystems.AVR_EVS.connectorFullHSN(Unknown Source)
	at sun.reflect.NativeMethodAccessorImpl.invoke0(Native Method)
	at sun.reflect.NativeMethodAccessorImpl.invoke(Unknown Source)
	at sun.reflect.DelegatingMethodAccessorImpl.invoke(Unknown Source)
	at java.lang.reflect.Method.invoke(Unknown Source)
	at org.testng.internal.MethodInvocationHelper.invokeMethod(MethodInvocationHelper.java:85)
	at org.testng.internal.Invoker.invokeMethod(Invoker.java:639)
	at org.testng.internal.Invoker.invokeTestMethod(Invoker.java:816)
	at org.testng.internal.Invoker.invokeTestMethods(Invoker.java:1124)
	at org.testng.internal.TestMethodWorker.invokeTestMethods(TestMethodWorker.java:125)
	at org.testng.internal.TestMethodWorker.run(TestMethodWorker.java:108)
	at org.testng.TestRunner.privateRun(TestRunner.java:774)
	at org.testng.TestRunner.run(TestRunner.java:624)
	at org.testng.SuiteRunner.runTest(SuiteRunner.java:359)
	at org.testng.SuiteRunner.runSequentially(SuiteRunner.java:354)
	at org.testng.SuiteRunner.privateRun(SuiteRunner.java:312)
	at org.testng.SuiteRunner.run(SuiteRunner.java:261)
	at org.testng.SuiteRunnerWorker.runSuite(SuiteRunnerWorker.java:52)
	at org.testng.SuiteRunnerWorker.run(SuiteRunnerWorker.java:86)
	at org.testng.TestNG.runSuitesSequentially(TestNG.java:1215)
	at org.testng.TestNG.runSuitesLocally(TestNG.java:1140)
	at org.testng.TestNG.run(TestNG.java:1048)
	at org.testng.TestNG.privateMain(TestNG.java:1355)
	at org.testng.TestNG.main(TestNG.java:1324)
</pre></div></td>
<td>2</td>
<td>newMMIS_Subsystems.AVR_EVS@12843fce</td></tr>
<tr>
<td title='newMMIS_Subsystems.AVR_EVS.connectorFullHSN()'><b>connectorFullHSN</b><br>Test class: newMMIS_Subsystems.AVR_EVS<br>Parameters: 2W, 1511<br/>
<a href="#Output-1976870927" onClick='toggleBox("Output-1976870927", this, "Show output", "Hide output");'>Show output</a>

<a href="#Output-1976870927" onClick="toggleAllBoxes();">Show all outputs</a>
<div class='log' id="Output-1976870927">
37.C:\Users\gandhian\Desktop\Anshul\Workspace\Regression_TR\ScreenShots\_25_May_2017__03_54_55PM_172.31.86.34_TC RM_1511_675.png<br/>
</div>
</td>
<td><div><pre>org.testng.SkipException: Skipping this because no member found for this RM
	at newMMIS_Subsystems.AVR_EVS.RMreset(Unknown Source)
	at newMMIS_Subsystems.AVR_EVS.connectorFullHSN(Unknown Source)
... Removed 23 stack frames</pre></div><a href='#' onClick='toggleBox("stack-trace1976870927", this, "Click to show all stack frames", "Click to hide stack frames")'>Click to show all stack frames</a>
<div class='stack-trace' id='stack-trace1976870927'><pre>org.testng.SkipException: Skipping this because no member found for this RM
	at newMMIS_Subsystems.AVR_EVS.RMreset(Unknown Source)
	at newMMIS_Subsystems.AVR_EVS.connectorFullHSN(Unknown Source)
	at sun.reflect.NativeMethodAccessorImpl.invoke0(Native Method)
	at sun.reflect.NativeMethodAccessorImpl.invoke(Unknown Source)
	at sun.reflect.DelegatingMethodAccessorImpl.invoke(Unknown Source)
	at java.lang.reflect.Method.invoke(Unknown Source)
	at org.testng.internal.MethodInvocationHelper.invokeMethod(MethodInvocationHelper.java:85)
	at org.testng.internal.Invoker.invokeMethod(Invoker.java:639)
	at org.testng.internal.Invoker.invokeTestMethod(Invoker.java:816)
	at org.testng.internal.Invoker.invokeTestMethods(Invoker.java:1124)
	at org.testng.internal.TestMethodWorker.invokeTestMethods(TestMethodWorker.java:125)
	at org.testng.internal.TestMethodWorker.run(TestMethodWorker.java:108)
	at org.testng.TestRunner.privateRun(TestRunner.java:774)
	at org.testng.TestRunner.run(TestRunner.java:624)
	at org.testng.SuiteRunner.runTest(SuiteRunner.java:359)
	at org.testng.SuiteRunner.runSequentially(SuiteRunner.java:354)
	at org.testng.SuiteRunner.privateRun(SuiteRunner.java:312)
	at org.testng.SuiteRunner.run(SuiteRunner.java:261)
	at org.testng.SuiteRunnerWorker.runSuite(SuiteRunnerWorker.java:52)
	at org.testng.SuiteRunnerWorker.run(SuiteRunnerWorker.java:86)
	at org.testng.TestNG.runSuitesSequentially(TestNG.java:1215)
	at org.testng.TestNG.runSuitesLocally(TestNG.java:1140)
	at org.testng.TestNG.run(TestNG.java:1048)
	at org.testng.TestNG.privateMain(TestNG.java:1355)
	at org.testng.TestNG.main(TestNG.java:1324)
</pre></div></td>
<td>2</td>
<td>newMMIS_Subsystems.AVR_EVS@12843fce</td></tr>
<tr>
<td title='newMMIS_Subsystems.AVR_EVS.connectorFullHSN()'><b>connectorFullHSN</b><br>Test class: newMMIS_Subsystems.AVR_EVS<br>Parameters: 2X, 1512<br/>
<a href="#Output-2052601222" onClick='toggleBox("Output-2052601222", this, "Show output", "Hide output");'>Show output</a>

<a href="#Output-2052601222" onClick="toggleAllBoxes();">Show all outputs</a>
<div class='log' id="Output-2052601222">
38.C:\Users\gandhian\Desktop\Anshul\Workspace\Regression_TR\ScreenShots\_25_May_2017__03_55_04PM_172.31.86.34_TC RM_1512_675.png<br/>
</div>
</td>
<td><div><pre>org.testng.SkipException: Skipping this because no member found for this RM
	at newMMIS_Subsystems.AVR_EVS.RMreset(Unknown Source)
	at newMMIS_Subsystems.AVR_EVS.connectorFullHSN(Unknown Source)
... Removed 23 stack frames</pre></div><a href='#' onClick='toggleBox("stack-trace2052601222", this, "Click to show all stack frames", "Click to hide stack frames")'>Click to show all stack frames</a>
<div class='stack-trace' id='stack-trace2052601222'><pre>org.testng.SkipException: Skipping this because no member found for this RM
	at newMMIS_Subsystems.AVR_EVS.RMreset(Unknown Source)
	at newMMIS_Subsystems.AVR_EVS.connectorFullHSN(Unknown Source)
	at sun.reflect.NativeMethodAccessorImpl.invoke0(Native Method)
	at sun.reflect.NativeMethodAccessorImpl.invoke(Unknown Source)
	at sun.reflect.DelegatingMethodAccessorImpl.invoke(Unknown Source)
	at java.lang.reflect.Method.invoke(Unknown Source)
	at org.testng.internal.MethodInvocationHelper.invokeMethod(MethodInvocationHelper.java:85)
	at org.testng.internal.Invoker.invokeMethod(Invoker.java:639)
	at org.testng.internal.Invoker.invokeTestMethod(Invoker.java:816)
	at org.testng.internal.Invoker.invokeTestMethods(Invoker.java:1124)
	at org.testng.internal.TestMethodWorker.invokeTestMethods(TestMethodWorker.java:125)
	at org.testng.internal.TestMethodWorker.run(TestMethodWorker.java:108)
	at org.testng.TestRunner.privateRun(TestRunner.java:774)
	at org.testng.TestRunner.run(TestRunner.java:624)
	at org.testng.SuiteRunner.runTest(SuiteRunner.java:359)
	at org.testng.SuiteRunner.runSequentially(SuiteRunner.java:354)
	at org.testng.SuiteRunner.privateRun(SuiteRunner.java:312)
	at org.testng.SuiteRunner.run(SuiteRunner.java:261)
	at org.testng.SuiteRunnerWorker.runSuite(SuiteRunnerWorker.java:52)
	at org.testng.SuiteRunnerWorker.run(SuiteRunnerWorker.java:86)
	at org.testng.TestNG.runSuitesSequentially(TestNG.java:1215)
	at org.testng.TestNG.runSuitesLocally(TestNG.java:1140)
	at org.testng.TestNG.run(TestNG.java:1048)
	at org.testng.TestNG.privateMain(TestNG.java:1355)
	at org.testng.TestNG.main(TestNG.java:1324)
</pre></div></td>
<td>2</td>
<td>newMMIS_Subsystems.AVR_EVS@12843fce</td></tr>
<tr>
<td title='newMMIS_Subsystems.AVR_EVS.connectorFullHSN()'><b>connectorFullHSN</b><br>Test class: newMMIS_Subsystems.AVR_EVS<br>Parameters: 3C, 1513<br/>
<a href="#Output-880282841" onClick='toggleBox("Output-880282841", this, "Show output", "Hide output");'>Show output</a>

<a href="#Output-880282841" onClick="toggleAllBoxes();">Show all outputs</a>
<div class='log' id="Output-880282841">
39.C:\Users\gandhian\Desktop\Anshul\Workspace\Regression_TR\ScreenShots\_25_May_2017__03_55_13PM_172.31.86.34_TC RM_1513_675.png<br/>
</div>
</td>
<td><div><pre>org.testng.SkipException: Skipping this because no member found for this RM
	at newMMIS_Subsystems.AVR_EVS.RMreset(Unknown Source)
	at newMMIS_Subsystems.AVR_EVS.connectorFullHSN(Unknown Source)
... Removed 23 stack frames</pre></div><a href='#' onClick='toggleBox("stack-trace880282841", this, "Click to show all stack frames", "Click to hide stack frames")'>Click to show all stack frames</a>
<div class='stack-trace' id='stack-trace880282841'><pre>org.testng.SkipException: Skipping this because no member found for this RM
	at newMMIS_Subsystems.AVR_EVS.RMreset(Unknown Source)
	at newMMIS_Subsystems.AVR_EVS.connectorFullHSN(Unknown Source)
	at sun.reflect.NativeMethodAccessorImpl.invoke0(Native Method)
	at sun.reflect.NativeMethodAccessorImpl.invoke(Unknown Source)
	at sun.reflect.DelegatingMethodAccessorImpl.invoke(Unknown Source)
	at java.lang.reflect.Method.invoke(Unknown Source)
	at org.testng.internal.MethodInvocationHelper.invokeMethod(MethodInvocationHelper.java:85)
	at org.testng.internal.Invoker.invokeMethod(Invoker.java:639)
	at org.testng.internal.Invoker.invokeTestMethod(Invoker.java:816)
	at org.testng.internal.Invoker.invokeTestMethods(Invoker.java:1124)
	at org.testng.internal.TestMethodWorker.invokeTestMethods(TestMethodWorker.java:125)
	at org.testng.internal.TestMethodWorker.run(TestMethodWorker.java:108)
	at org.testng.TestRunner.privateRun(TestRunner.java:774)
	at org.testng.TestRunner.run(TestRunner.java:624)
	at org.testng.SuiteRunner.runTest(SuiteRunner.java:359)
	at org.testng.SuiteRunner.runSequentially(SuiteRunner.java:354)
	at org.testng.SuiteRunner.privateRun(SuiteRunner.java:312)
	at org.testng.SuiteRunner.run(SuiteRunner.java:261)
	at org.testng.SuiteRunnerWorker.runSuite(SuiteRunnerWorker.java:52)
	at org.testng.SuiteRunnerWorker.run(SuiteRunnerWorker.java:86)
	at org.testng.TestNG.runSuitesSequentially(TestNG.java:1215)
	at org.testng.TestNG.runSuitesLocally(TestNG.java:1140)
	at org.testng.TestNG.run(TestNG.java:1048)
	at org.testng.TestNG.privateMain(TestNG.java:1355)
	at org.testng.TestNG.main(TestNG.java:1324)
</pre></div></td>
<td>2</td>
<td>newMMIS_Subsystems.AVR_EVS@12843fce</td></tr>
<tr>
<td title='newMMIS_Subsystems.AVR_EVS.connectorFullHSN()'><b>connectorFullHSN</b><br>Test class: newMMIS_Subsystems.AVR_EVS<br>Parameters: 3W, 1514<br/>
<a href="#Output-1686965869" onClick='toggleBox("Output-1686965869", this, "Show output", "Hide output");'>Show output</a>

<a href="#Output-1686965869" onClick="toggleAllBoxes();">Show all outputs</a>
<div class='log' id="Output-1686965869">
40.C:\Users\gandhian\Desktop\Anshul\Workspace\Regression_TR\ScreenShots\_25_May_2017__03_55_23PM_172.31.86.34_TC RM_1514_675.png<br/>
</div>
</td>
<td><div><pre>org.testng.SkipException: Skipping this because no member found for this RM
	at newMMIS_Subsystems.AVR_EVS.RMreset(Unknown Source)
	at newMMIS_Subsystems.AVR_EVS.connectorFullHSN(Unknown Source)
... Removed 23 stack frames</pre></div><a href='#' onClick='toggleBox("stack-trace1686965869", this, "Click to show all stack frames", "Click to hide stack frames")'>Click to show all stack frames</a>
<div class='stack-trace' id='stack-trace1686965869'><pre>org.testng.SkipException: Skipping this because no member found for this RM
	at newMMIS_Subsystems.AVR_EVS.RMreset(Unknown Source)
	at newMMIS_Subsystems.AVR_EVS.connectorFullHSN(Unknown Source)
	at sun.reflect.NativeMethodAccessorImpl.invoke0(Native Method)
	at sun.reflect.NativeMethodAccessorImpl.invoke(Unknown Source)
	at sun.reflect.DelegatingMethodAccessorImpl.invoke(Unknown Source)
	at java.lang.reflect.Method.invoke(Unknown Source)
	at org.testng.internal.MethodInvocationHelper.invokeMethod(MethodInvocationHelper.java:85)
	at org.testng.internal.Invoker.invokeMethod(Invoker.java:639)
	at org.testng.internal.Invoker.invokeTestMethod(Invoker.java:816)
	at org.testng.internal.Invoker.invokeTestMethods(Invoker.java:1124)
	at org.testng.internal.TestMethodWorker.invokeTestMethods(TestMethodWorker.java:125)
	at org.testng.internal.TestMethodWorker.run(TestMethodWorker.java:108)
	at org.testng.TestRunner.privateRun(TestRunner.java:774)
	at org.testng.TestRunner.run(TestRunner.java:624)
	at org.testng.SuiteRunner.runTest(SuiteRunner.java:359)
	at org.testng.SuiteRunner.runSequentially(SuiteRunner.java:354)
	at org.testng.SuiteRunner.privateRun(SuiteRunner.java:312)
	at org.testng.SuiteRunner.run(SuiteRunner.java:261)
	at org.testng.SuiteRunnerWorker.runSuite(SuiteRunnerWorker.java:52)
	at org.testng.SuiteRunnerWorker.run(SuiteRunnerWorker.java:86)
	at org.testng.TestNG.runSuitesSequentially(TestNG.java:1215)
	at org.testng.TestNG.runSuitesLocally(TestNG.java:1140)
	at org.testng.TestNG.run(TestNG.java:1048)
	at org.testng.TestNG.privateMain(TestNG.java:1355)
	at org.testng.TestNG.main(TestNG.java:1324)
</pre></div></td>
<td>2</td>
<td>newMMIS_Subsystems.AVR_EVS@12843fce</td></tr>
<tr>
<td title='newMMIS_Subsystems.AVR_EVS.connectorFullHSN()'><b>connectorFullHSN</b><br>Test class: newMMIS_Subsystems.AVR_EVS<br>Parameters: 3X, 1515<br/>
<a href="#Output-430329518" onClick='toggleBox("Output-430329518", this, "Show output", "Hide output");'>Show output</a>

<a href="#Output-430329518" onClick="toggleAllBoxes();">Show all outputs</a>
<div class='log' id="Output-430329518">
41.C:\Users\gandhian\Desktop\Anshul\Workspace\Regression_TR\ScreenShots\_25_May_2017__03_55_32PM_172.31.86.34_TC RM_1515_675.png<br/>
</div>
</td>
<td><div><pre>org.testng.SkipException: Skipping this because no member found for this RM
	at newMMIS_Subsystems.AVR_EVS.RMreset(Unknown Source)
	at newMMIS_Subsystems.AVR_EVS.connectorFullHSN(Unknown Source)
... Removed 23 stack frames</pre></div><a href='#' onClick='toggleBox("stack-trace430329518", this, "Click to show all stack frames", "Click to hide stack frames")'>Click to show all stack frames</a>
<div class='stack-trace' id='stack-trace430329518'><pre>org.testng.SkipException: Skipping this because no member found for this RM
	at newMMIS_Subsystems.AVR_EVS.RMreset(Unknown Source)
	at newMMIS_Subsystems.AVR_EVS.connectorFullHSN(Unknown Source)
	at sun.reflect.NativeMethodAccessorImpl.invoke0(Native Method)
	at sun.reflect.NativeMethodAccessorImpl.invoke(Unknown Source)
	at sun.reflect.DelegatingMethodAccessorImpl.invoke(Unknown Source)
	at java.lang.reflect.Method.invoke(Unknown Source)
	at org.testng.internal.MethodInvocationHelper.invokeMethod(MethodInvocationHelper.java:85)
	at org.testng.internal.Invoker.invokeMethod(Invoker.java:639)
	at org.testng.internal.Invoker.invokeTestMethod(Invoker.java:816)
	at org.testng.internal.Invoker.invokeTestMethods(Invoker.java:1124)
	at org.testng.internal.TestMethodWorker.invokeTestMethods(TestMethodWorker.java:125)
	at org.testng.internal.TestMethodWorker.run(TestMethodWorker.java:108)
	at org.testng.TestRunner.privateRun(TestRunner.java:774)
	at org.testng.TestRunner.run(TestRunner.java:624)
	at org.testng.SuiteRunner.runTest(SuiteRunner.java:359)
	at org.testng.SuiteRunner.runSequentially(SuiteRunner.java:354)
	at org.testng.SuiteRunner.privateRun(SuiteRunner.java:312)
	at org.testng.SuiteRunner.run(SuiteRunner.java:261)
	at org.testng.SuiteRunnerWorker.runSuite(SuiteRunnerWorker.java:52)
	at org.testng.SuiteRunnerWorker.run(SuiteRunnerWorker.java:86)
	at org.testng.TestNG.runSuitesSequentially(TestNG.java:1215)
	at org.testng.TestNG.runSuitesLocally(TestNG.java:1140)
	at org.testng.TestNG.run(TestNG.java:1048)
	at org.testng.TestNG.privateMain(TestNG.java:1355)
	at org.testng.TestNG.main(TestNG.java:1324)
</pre></div></td>
<td>2</td>
<td>newMMIS_Subsystems.AVR_EVS@12843fce</td></tr>
<tr>
<td title='newMMIS_Subsystems.AVR_EVS.connectorFullHSN()'><b>connectorFullHSN</b><br>Test class: newMMIS_Subsystems.AVR_EVS<br>Parameters: 4C, 1516<br/>
<a href="#Output-50826412" onClick='toggleBox("Output-50826412", this, "Show output", "Hide output");'>Show output</a>

<a href="#Output-50826412" onClick="toggleAllBoxes();">Show all outputs</a>
<div class='log' id="Output-50826412">
42.C:\Users\gandhian\Desktop\Anshul\Workspace\Regression_TR\ScreenShots\_25_May_2017__03_55_40PM_172.31.86.34_TC RM_1516_675.png<br/>
</div>
</td>
<td><div><pre>org.testng.SkipException: Skipping this because no member found for this RM
	at newMMIS_Subsystems.AVR_EVS.RMreset(Unknown Source)
	at newMMIS_Subsystems.AVR_EVS.connectorFullHSN(Unknown Source)
... Removed 23 stack frames</pre></div><a href='#' onClick='toggleBox("stack-trace50826412", this, "Click to show all stack frames", "Click to hide stack frames")'>Click to show all stack frames</a>
<div class='stack-trace' id='stack-trace50826412'><pre>org.testng.SkipException: Skipping this because no member found for this RM
	at newMMIS_Subsystems.AVR_EVS.RMreset(Unknown Source)
	at newMMIS_Subsystems.AVR_EVS.connectorFullHSN(Unknown Source)
	at sun.reflect.NativeMethodAccessorImpl.invoke0(Native Method)
	at sun.reflect.NativeMethodAccessorImpl.invoke(Unknown Source)
	at sun.reflect.DelegatingMethodAccessorImpl.invoke(Unknown Source)
	at java.lang.reflect.Method.invoke(Unknown Source)
	at org.testng.internal.MethodInvocationHelper.invokeMethod(MethodInvocationHelper.java:85)
	at org.testng.internal.Invoker.invokeMethod(Invoker.java:639)
	at org.testng.internal.Invoker.invokeTestMethod(Invoker.java:816)
	at org.testng.internal.Invoker.invokeTestMethods(Invoker.java:1124)
	at org.testng.internal.TestMethodWorker.invokeTestMethods(TestMethodWorker.java:125)
	at org.testng.internal.TestMethodWorker.run(TestMethodWorker.java:108)
	at org.testng.TestRunner.privateRun(TestRunner.java:774)
	at org.testng.TestRunner.run(TestRunner.java:624)
	at org.testng.SuiteRunner.runTest(SuiteRunner.java:359)
	at org.testng.SuiteRunner.runSequentially(SuiteRunner.java:354)
	at org.testng.SuiteRunner.privateRun(SuiteRunner.java:312)
	at org.testng.SuiteRunner.run(SuiteRunner.java:261)
	at org.testng.SuiteRunnerWorker.runSuite(SuiteRunnerWorker.java:52)
	at org.testng.SuiteRunnerWorker.run(SuiteRunnerWorker.java:86)
	at org.testng.TestNG.runSuitesSequentially(TestNG.java:1215)
	at org.testng.TestNG.runSuitesLocally(TestNG.java:1140)
	at org.testng.TestNG.run(TestNG.java:1048)
	at org.testng.TestNG.privateMain(TestNG.java:1355)
	at org.testng.TestNG.main(TestNG.java:1324)
</pre></div></td>
<td>2</td>
<td>newMMIS_Subsystems.AVR_EVS@12843fce</td></tr>
<tr>
<td title='newMMIS_Subsystems.AVR_EVS.connectorFullHSN()'><b>connectorFullHSN</b><br>Test class: newMMIS_Subsystems.AVR_EVS<br>Parameters: 6D, 1517<br/>
<a href="#Output-669501311" onClick='toggleBox("Output-669501311", this, "Show output", "Hide output");'>Show output</a>

<a href="#Output-669501311" onClick="toggleAllBoxes();">Show all outputs</a>
<div class='log' id="Output-669501311">
43.C:\Users\gandhian\Desktop\Anshul\Workspace\Regression_TR\ScreenShots\_25_May_2017__03_55_49PM_172.31.86.34_TC RM_1517_675.png<br/>
</div>
</td>
<td><div><pre>org.testng.SkipException: Skipping this because no member found for this RM
	at newMMIS_Subsystems.AVR_EVS.RMreset(Unknown Source)
	at newMMIS_Subsystems.AVR_EVS.connectorFullHSN(Unknown Source)
... Removed 23 stack frames</pre></div><a href='#' onClick='toggleBox("stack-trace669501311", this, "Click to show all stack frames", "Click to hide stack frames")'>Click to show all stack frames</a>
<div class='stack-trace' id='stack-trace669501311'><pre>org.testng.SkipException: Skipping this because no member found for this RM
	at newMMIS_Subsystems.AVR_EVS.RMreset(Unknown Source)
	at newMMIS_Subsystems.AVR_EVS.connectorFullHSN(Unknown Source)
	at sun.reflect.NativeMethodAccessorImpl.invoke0(Native Method)
	at sun.reflect.NativeMethodAccessorImpl.invoke(Unknown Source)
	at sun.reflect.DelegatingMethodAccessorImpl.invoke(Unknown Source)
	at java.lang.reflect.Method.invoke(Unknown Source)
	at org.testng.internal.MethodInvocationHelper.invokeMethod(MethodInvocationHelper.java:85)
	at org.testng.internal.Invoker.invokeMethod(Invoker.java:639)
	at org.testng.internal.Invoker.invokeTestMethod(Invoker.java:816)
	at org.testng.internal.Invoker.invokeTestMethods(Invoker.java:1124)
	at org.testng.internal.TestMethodWorker.invokeTestMethods(TestMethodWorker.java:125)
	at org.testng.internal.TestMethodWorker.run(TestMethodWorker.java:108)
	at org.testng.TestRunner.privateRun(TestRunner.java:774)
	at org.testng.TestRunner.run(TestRunner.java:624)
	at org.testng.SuiteRunner.runTest(SuiteRunner.java:359)
	at org.testng.SuiteRunner.runSequentially(SuiteRunner.java:354)
	at org.testng.SuiteRunner.privateRun(SuiteRunner.java:312)
	at org.testng.SuiteRunner.run(SuiteRunner.java:261)
	at org.testng.SuiteRunnerWorker.runSuite(SuiteRunnerWorker.java:52)
	at org.testng.SuiteRunnerWorker.run(SuiteRunnerWorker.java:86)
	at org.testng.TestNG.runSuitesSequentially(TestNG.java:1215)
	at org.testng.TestNG.runSuitesLocally(TestNG.java:1140)
	at org.testng.TestNG.run(TestNG.java:1048)
	at org.testng.TestNG.privateMain(TestNG.java:1355)
	at org.testng.TestNG.main(TestNG.java:1324)
</pre></div></td>
<td>2</td>
<td>newMMIS_Subsystems.AVR_EVS@12843fce</td></tr>
<tr>
<td title='newMMIS_Subsystems.AVR_EVS.connectorFullHSN()'><b>connectorFullHSN</b><br>Test class: newMMIS_Subsystems.AVR_EVS<br>Parameters: 6R, 1518<br/>
<a href="#Output-408388753" onClick='toggleBox("Output-408388753", this, "Show output", "Hide output");'>Show output</a>

<a href="#Output-408388753" onClick="toggleAllBoxes();">Show all outputs</a>
<div class='log' id="Output-408388753">
44.C:\Users\gandhian\Desktop\Anshul\Workspace\Regression_TR\ScreenShots\_25_May_2017__03_55_58PM_172.31.86.34_TC RM_1518_675.png<br/>
</div>
</td>
<td><div><pre>org.testng.SkipException: Skipping this because no member found for this RM
	at newMMIS_Subsystems.AVR_EVS.RMreset(Unknown Source)
	at newMMIS_Subsystems.AVR_EVS.connectorFullHSN(Unknown Source)
... Removed 23 stack frames</pre></div><a href='#' onClick='toggleBox("stack-trace408388753", this, "Click to show all stack frames", "Click to hide stack frames")'>Click to show all stack frames</a>
<div class='stack-trace' id='stack-trace408388753'><pre>org.testng.SkipException: Skipping this because no member found for this RM
	at newMMIS_Subsystems.AVR_EVS.RMreset(Unknown Source)
	at newMMIS_Subsystems.AVR_EVS.connectorFullHSN(Unknown Source)
	at sun.reflect.NativeMethodAccessorImpl.invoke0(Native Method)
	at sun.reflect.NativeMethodAccessorImpl.invoke(Unknown Source)
	at sun.reflect.DelegatingMethodAccessorImpl.invoke(Unknown Source)
	at java.lang.reflect.Method.invoke(Unknown Source)
	at org.testng.internal.MethodInvocationHelper.invokeMethod(MethodInvocationHelper.java:85)
	at org.testng.internal.Invoker.invokeMethod(Invoker.java:639)
	at org.testng.internal.Invoker.invokeTestMethod(Invoker.java:816)
	at org.testng.internal.Invoker.invokeTestMethods(Invoker.java:1124)
	at org.testng.internal.TestMethodWorker.invokeTestMethods(TestMethodWorker.java:125)
	at org.testng.internal.TestMethodWorker.run(TestMethodWorker.java:108)
	at org.testng.TestRunner.privateRun(TestRunner.java:774)
	at org.testng.TestRunner.run(TestRunner.java:624)
	at org.testng.SuiteRunner.runTest(SuiteRunner.java:359)
	at org.testng.SuiteRunner.runSequentially(SuiteRunner.java:354)
	at org.testng.SuiteRunner.privateRun(SuiteRunner.java:312)
	at org.testng.SuiteRunner.run(SuiteRunner.java:261)
	at org.testng.SuiteRunnerWorker.runSuite(SuiteRunnerWorker.java:52)
	at org.testng.SuiteRunnerWorker.run(SuiteRunnerWorker.java:86)
	at org.testng.TestNG.runSuitesSequentially(TestNG.java:1215)
	at org.testng.TestNG.runSuitesLocally(TestNG.java:1140)
	at org.testng.TestNG.run(TestNG.java:1048)
	at org.testng.TestNG.privateMain(TestNG.java:1355)
	at org.testng.TestNG.main(TestNG.java:1324)
</pre></div></td>
<td>2</td>
<td>newMMIS_Subsystems.AVR_EVS@12843fce</td></tr>
<tr>
<td title='newMMIS_Subsystems.AVR_EVS.connectorFullHSN()'><b>connectorFullHSN</b><br>Test class: newMMIS_Subsystems.AVR_EVS<br>Parameters: 6S, 1519<br/>
<a href="#Output-1131786259" onClick='toggleBox("Output-1131786259", this, "Show output", "Hide output");'>Show output</a>

<a href="#Output-1131786259" onClick="toggleAllBoxes();">Show all outputs</a>
<div class='log' id="Output-1131786259">
45.C:\Users\gandhian\Desktop\Anshul\Workspace\Regression_TR\ScreenShots\_25_May_2017__03_56_07PM_172.31.86.34_TC RM_1519_675.png<br/>
</div>
</td>
<td><div><pre>org.testng.SkipException: Skipping this because no member found for this RM
	at newMMIS_Subsystems.AVR_EVS.RMreset(Unknown Source)
	at newMMIS_Subsystems.AVR_EVS.connectorFullHSN(Unknown Source)
... Removed 23 stack frames</pre></div><a href='#' onClick='toggleBox("stack-trace1131786259", this, "Click to show all stack frames", "Click to hide stack frames")'>Click to show all stack frames</a>
<div class='stack-trace' id='stack-trace1131786259'><pre>org.testng.SkipException: Skipping this because no member found for this RM
	at newMMIS_Subsystems.AVR_EVS.RMreset(Unknown Source)
	at newMMIS_Subsystems.AVR_EVS.connectorFullHSN(Unknown Source)
	at sun.reflect.NativeMethodAccessorImpl.invoke0(Native Method)
	at sun.reflect.NativeMethodAccessorImpl.invoke(Unknown Source)
	at sun.reflect.DelegatingMethodAccessorImpl.invoke(Unknown Source)
	at java.lang.reflect.Method.invoke(Unknown Source)
	at org.testng.internal.MethodInvocationHelper.invokeMethod(MethodInvocationHelper.java:85)
	at org.testng.internal.Invoker.invokeMethod(Invoker.java:639)
	at org.testng.internal.Invoker.invokeTestMethod(Invoker.java:816)
	at org.testng.internal.Invoker.invokeTestMethods(Invoker.java:1124)
	at org.testng.internal.TestMethodWorker.invokeTestMethods(TestMethodWorker.java:125)
	at org.testng.internal.TestMethodWorker.run(TestMethodWorker.java:108)
	at org.testng.TestRunner.privateRun(TestRunner.java:774)
	at org.testng.TestRunner.run(TestRunner.java:624)
	at org.testng.SuiteRunner.runTest(SuiteRunner.java:359)
	at org.testng.SuiteRunner.runSequentially(SuiteRunner.java:354)
	at org.testng.SuiteRunner.privateRun(SuiteRunner.java:312)
	at org.testng.SuiteRunner.run(SuiteRunner.java:261)
	at org.testng.SuiteRunnerWorker.runSuite(SuiteRunnerWorker.java:52)
	at org.testng.SuiteRunnerWorker.run(SuiteRunnerWorker.java:86)
	at org.testng.TestNG.runSuitesSequentially(TestNG.java:1215)
	at org.testng.TestNG.runSuitesLocally(TestNG.java:1140)
	at org.testng.TestNG.run(TestNG.java:1048)
	at org.testng.TestNG.privateMain(TestNG.java:1355)
	at org.testng.TestNG.main(TestNG.java:1324)
</pre></div></td>
<td>2</td>
<td>newMMIS_Subsystems.AVR_EVS@12843fce</td></tr>
<tr>
<td title='newMMIS_Subsystems.AVR_EVS.connectorPartHSN()'><b>connectorPartHSN</b><br>Test class: newMMIS_Subsystems.AVR_EVS<br>Parameters: 1B, 1524<br/>
<a href="#Output-1552133633" onClick='toggleBox("Output-1552133633", this, "Show output", "Hide output");'>Show output</a>

<a href="#Output-1552133633" onClick="toggleAllBoxes();">Show all outputs</a>
<div class='log' id="Output-1552133633">
48.C:\Users\gandhian\Desktop\Anshul\Workspace\Regression_TR\ScreenShots\_25_May_2017__03_56_52PM_172.31.86.34_TC RM_1524_677.png<br/>
</div>
</td>
<td><div><pre>org.testng.SkipException: Skipping this TC because Gloria asked to remove this tc and not test anymore
	at newMMIS_Subsystems.AVR_EVS.connectorPartHSN(Unknown Source)
... Removed 23 stack frames</pre></div><a href='#' onClick='toggleBox("stack-trace1552133633", this, "Click to show all stack frames", "Click to hide stack frames")'>Click to show all stack frames</a>
<div class='stack-trace' id='stack-trace1552133633'><pre>org.testng.SkipException: Skipping this TC because Gloria asked to remove this tc and not test anymore
	at newMMIS_Subsystems.AVR_EVS.connectorPartHSN(Unknown Source)
	at sun.reflect.NativeMethodAccessorImpl.invoke0(Native Method)
	at sun.reflect.NativeMethodAccessorImpl.invoke(Unknown Source)
	at sun.reflect.DelegatingMethodAccessorImpl.invoke(Unknown Source)
	at java.lang.reflect.Method.invoke(Unknown Source)
	at org.testng.internal.MethodInvocationHelper.invokeMethod(MethodInvocationHelper.java:85)
	at org.testng.internal.Invoker.invokeMethod(Invoker.java:639)
	at org.testng.internal.Invoker.invokeTestMethod(Invoker.java:816)
	at org.testng.internal.Invoker.invokeTestMethods(Invoker.java:1124)
	at org.testng.internal.TestMethodWorker.invokeTestMethods(TestMethodWorker.java:125)
	at org.testng.internal.TestMethodWorker.run(TestMethodWorker.java:108)
	at org.testng.TestRunner.privateRun(TestRunner.java:774)
	at org.testng.TestRunner.run(TestRunner.java:624)
	at org.testng.SuiteRunner.runTest(SuiteRunner.java:359)
	at org.testng.SuiteRunner.runSequentially(SuiteRunner.java:354)
	at org.testng.SuiteRunner.privateRun(SuiteRunner.java:312)
	at org.testng.SuiteRunner.run(SuiteRunner.java:261)
	at org.testng.SuiteRunnerWorker.runSuite(SuiteRunnerWorker.java:52)
	at org.testng.SuiteRunnerWorker.run(SuiteRunnerWorker.java:86)
	at org.testng.TestNG.runSuitesSequentially(TestNG.java:1215)
	at org.testng.TestNG.runSuitesLocally(TestNG.java:1140)
	at org.testng.TestNG.run(TestNG.java:1048)
	at org.testng.TestNG.privateMain(TestNG.java:1355)
	at org.testng.TestNG.main(TestNG.java:1324)
</pre></div></td>
<td>0</td>
<td>newMMIS_Subsystems.AVR_EVS@12843fce</td></tr>
<tr>
<td title='newMMIS_Subsystems.AVR_EVS.connectorPartHSN()'><b>connectorPartHSN</b><br>Test class: newMMIS_Subsystems.AVR_EVS<br>Parameters: 1O, 1525<br/>
<a href="#Output-1099248281" onClick='toggleBox("Output-1099248281", this, "Show output", "Hide output");'>Show output</a>

<a href="#Output-1099248281" onClick="toggleAllBoxes();">Show all outputs</a>
<div class='log' id="Output-1099248281">
49.C:\Users\gandhian\Desktop\Anshul\Workspace\Regression_TR\ScreenShots\_25_May_2017__03_57_02PM_172.31.86.34_TC RM_1525_677.png<br/>
</div>
</td>
<td><div><pre>org.testng.SkipException: Skipping this because no member found for this RM
	at newMMIS_Subsystems.AVR_EVS.RMreset(Unknown Source)
	at newMMIS_Subsystems.AVR_EVS.connectorPartHSN(Unknown Source)
... Removed 23 stack frames</pre></div><a href='#' onClick='toggleBox("stack-trace1099248281", this, "Click to show all stack frames", "Click to hide stack frames")'>Click to show all stack frames</a>
<div class='stack-trace' id='stack-trace1099248281'><pre>org.testng.SkipException: Skipping this because no member found for this RM
	at newMMIS_Subsystems.AVR_EVS.RMreset(Unknown Source)
	at newMMIS_Subsystems.AVR_EVS.connectorPartHSN(Unknown Source)
	at sun.reflect.NativeMethodAccessorImpl.invoke0(Native Method)
	at sun.reflect.NativeMethodAccessorImpl.invoke(Unknown Source)
	at sun.reflect.DelegatingMethodAccessorImpl.invoke(Unknown Source)
	at java.lang.reflect.Method.invoke(Unknown Source)
	at org.testng.internal.MethodInvocationHelper.invokeMethod(MethodInvocationHelper.java:85)
	at org.testng.internal.Invoker.invokeMethod(Invoker.java:639)
	at org.testng.internal.Invoker.invokeTestMethod(Invoker.java:816)
	at org.testng.internal.Invoker.invokeTestMethods(Invoker.java:1124)
	at org.testng.internal.TestMethodWorker.invokeTestMethods(TestMethodWorker.java:125)
	at org.testng.internal.TestMethodWorker.run(TestMethodWorker.java:108)
	at org.testng.TestRunner.privateRun(TestRunner.java:774)
	at org.testng.TestRunner.run(TestRunner.java:624)
	at org.testng.SuiteRunner.runTest(SuiteRunner.java:359)
	at org.testng.SuiteRunner.runSequentially(SuiteRunner.java:354)
	at org.testng.SuiteRunner.privateRun(SuiteRunner.java:312)
	at org.testng.SuiteRunner.run(SuiteRunner.java:261)
	at org.testng.SuiteRunnerWorker.runSuite(SuiteRunnerWorker.java:52)
	at org.testng.SuiteRunnerWorker.run(SuiteRunnerWorker.java:86)
	at org.testng.TestNG.runSuitesSequentially(TestNG.java:1215)
	at org.testng.TestNG.runSuitesLocally(TestNG.java:1140)
	at org.testng.TestNG.run(TestNG.java:1048)
	at org.testng.TestNG.privateMain(TestNG.java:1355)
	at org.testng.TestNG.main(TestNG.java:1324)
</pre></div></td>
<td>2</td>
<td>newMMIS_Subsystems.AVR_EVS@12843fce</td></tr>
<tr>
<td title='newMMIS_Subsystems.AVR_EVS.connectorPartHSN()'><b>connectorPartHSN</b><br>Test class: newMMIS_Subsystems.AVR_EVS<br>Parameters: 1R, 1526<br/>
<a href="#Output-1403495948" onClick='toggleBox("Output-1403495948", this, "Show output", "Hide output");'>Show output</a>

<a href="#Output-1403495948" onClick="toggleAllBoxes();">Show all outputs</a>
<div class='log' id="Output-1403495948">
50.C:\Users\gandhian\Desktop\Anshul\Workspace\Regression_TR\ScreenShots\_25_May_2017__03_57_10PM_172.31.86.34_TC RM_1526_677.png<br/>
</div>
</td>
<td><div><pre>org.testng.SkipException: Skipping this because no member found for this RM
	at newMMIS_Subsystems.AVR_EVS.RMreset(Unknown Source)
	at newMMIS_Subsystems.AVR_EVS.connectorPartHSN(Unknown Source)
... Removed 23 stack frames</pre></div><a href='#' onClick='toggleBox("stack-trace1403495948", this, "Click to show all stack frames", "Click to hide stack frames")'>Click to show all stack frames</a>
<div class='stack-trace' id='stack-trace1403495948'><pre>org.testng.SkipException: Skipping this because no member found for this RM
	at newMMIS_Subsystems.AVR_EVS.RMreset(Unknown Source)
	at newMMIS_Subsystems.AVR_EVS.connectorPartHSN(Unknown Source)
	at sun.reflect.NativeMethodAccessorImpl.invoke0(Native Method)
	at sun.reflect.NativeMethodAccessorImpl.invoke(Unknown Source)
	at sun.reflect.DelegatingMethodAccessorImpl.invoke(Unknown Source)
	at java.lang.reflect.Method.invoke(Unknown Source)
	at org.testng.internal.MethodInvocationHelper.invokeMethod(MethodInvocationHelper.java:85)
	at org.testng.internal.Invoker.invokeMethod(Invoker.java:639)
	at org.testng.internal.Invoker.invokeTestMethod(Invoker.java:816)
	at org.testng.internal.Invoker.invokeTestMethods(Invoker.java:1124)
	at org.testng.internal.TestMethodWorker.invokeTestMethods(TestMethodWorker.java:125)
	at org.testng.internal.TestMethodWorker.run(TestMethodWorker.java:108)
	at org.testng.TestRunner.privateRun(TestRunner.java:774)
	at org.testng.TestRunner.run(TestRunner.java:624)
	at org.testng.SuiteRunner.runTest(SuiteRunner.java:359)
	at org.testng.SuiteRunner.runSequentially(SuiteRunner.java:354)
	at org.testng.SuiteRunner.privateRun(SuiteRunner.java:312)
	at org.testng.SuiteRunner.run(SuiteRunner.java:261)
	at org.testng.SuiteRunnerWorker.runSuite(SuiteRunnerWorker.java:52)
	at org.testng.SuiteRunnerWorker.run(SuiteRunnerWorker.java:86)
	at org.testng.TestNG.runSuitesSequentially(TestNG.java:1215)
	at org.testng.TestNG.runSuitesLocally(TestNG.java:1140)
	at org.testng.TestNG.run(TestNG.java:1048)
	at org.testng.TestNG.privateMain(TestNG.java:1355)
	at org.testng.TestNG.main(TestNG.java:1324)
</pre></div></td>
<td>2</td>
<td>newMMIS_Subsystems.AVR_EVS@12843fce</td></tr>
<tr>
<td title='newMMIS_Subsystems.AVR_EVS.connectorPartHSN()'><b>connectorPartHSN</b><br>Test class: newMMIS_Subsystems.AVR_EVS<br>Parameters: 1Y, 1527<br/>
<a href="#Output-38625764" onClick='toggleBox("Output-38625764", this, "Show output", "Hide output");'>Show output</a>

<a href="#Output-38625764" onClick="toggleAllBoxes();">Show all outputs</a>
<div class='log' id="Output-38625764">
51.C:\Users\gandhian\Desktop\Anshul\Workspace\Regression_TR\ScreenShots\_25_May_2017__03_57_19PM_172.31.86.34_TC RM_1527_677.png<br/>
</div>
</td>
<td><div><pre>org.testng.SkipException: Skipping this because no member found for this RM
	at newMMIS_Subsystems.AVR_EVS.RMreset(Unknown Source)
	at newMMIS_Subsystems.AVR_EVS.connectorPartHSN(Unknown Source)
... Removed 23 stack frames</pre></div><a href='#' onClick='toggleBox("stack-trace38625764", this, "Click to show all stack frames", "Click to hide stack frames")'>Click to show all stack frames</a>
<div class='stack-trace' id='stack-trace38625764'><pre>org.testng.SkipException: Skipping this because no member found for this RM
	at newMMIS_Subsystems.AVR_EVS.RMreset(Unknown Source)
	at newMMIS_Subsystems.AVR_EVS.connectorPartHSN(Unknown Source)
	at sun.reflect.NativeMethodAccessorImpl.invoke0(Native Method)
	at sun.reflect.NativeMethodAccessorImpl.invoke(Unknown Source)
	at sun.reflect.DelegatingMethodAccessorImpl.invoke(Unknown Source)
	at java.lang.reflect.Method.invoke(Unknown Source)
	at org.testng.internal.MethodInvocationHelper.invokeMethod(MethodInvocationHelper.java:85)
	at org.testng.internal.Invoker.invokeMethod(Invoker.java:639)
	at org.testng.internal.Invoker.invokeTestMethod(Invoker.java:816)
	at org.testng.internal.Invoker.invokeTestMethods(Invoker.java:1124)
	at org.testng.internal.TestMethodWorker.invokeTestMethods(TestMethodWorker.java:125)
	at org.testng.internal.TestMethodWorker.run(TestMethodWorker.java:108)
	at org.testng.TestRunner.privateRun(TestRunner.java:774)
	at org.testng.TestRunner.run(TestRunner.java:624)
	at org.testng.SuiteRunner.runTest(SuiteRunner.java:359)
	at org.testng.SuiteRunner.runSequentially(SuiteRunner.java:354)
	at org.testng.SuiteRunner.privateRun(SuiteRunner.java:312)
	at org.testng.SuiteRunner.run(SuiteRunner.java:261)
	at org.testng.SuiteRunnerWorker.runSuite(SuiteRunnerWorker.java:52)
	at org.testng.SuiteRunnerWorker.run(SuiteRunnerWorker.java:86)
	at org.testng.TestNG.runSuitesSequentially(TestNG.java:1215)
	at org.testng.TestNG.runSuitesLocally(TestNG.java:1140)
	at org.testng.TestNG.run(TestNG.java:1048)
	at org.testng.TestNG.privateMain(TestNG.java:1355)
	at org.testng.TestNG.main(TestNG.java:1324)
</pre></div></td>
<td>2</td>
<td>newMMIS_Subsystems.AVR_EVS@12843fce</td></tr>
<tr>
<td title='newMMIS_Subsystems.AVR_EVS.connectorPartHSN()'><b>connectorPartHSN</b><br>Test class: newMMIS_Subsystems.AVR_EVS<br>Parameters: 2Y, 1529<br/>
<a href="#Output-1487059223" onClick='toggleBox("Output-1487059223", this, "Show output", "Hide output");'>Show output</a>

<a href="#Output-1487059223" onClick="toggleAllBoxes();">Show all outputs</a>
<div class='log' id="Output-1487059223">
52.C:\Users\gandhian\Desktop\Anshul\Workspace\Regression_TR\ScreenShots\_25_May_2017__03_57_38PM_172.31.86.34_TC RM_1529_677.png<br/>
</div>
</td>
<td><div><pre>org.testng.SkipException: Skipping this because no member found for this RM
	at newMMIS_Subsystems.AVR_EVS.RMreset(Unknown Source)
	at newMMIS_Subsystems.AVR_EVS.connectorPartHSN(Unknown Source)
... Removed 23 stack frames</pre></div><a href='#' onClick='toggleBox("stack-trace1487059223", this, "Click to show all stack frames", "Click to hide stack frames")'>Click to show all stack frames</a>
<div class='stack-trace' id='stack-trace1487059223'><pre>org.testng.SkipException: Skipping this because no member found for this RM
	at newMMIS_Subsystems.AVR_EVS.RMreset(Unknown Source)
	at newMMIS_Subsystems.AVR_EVS.connectorPartHSN(Unknown Source)
	at sun.reflect.NativeMethodAccessorImpl.invoke0(Native Method)
	at sun.reflect.NativeMethodAccessorImpl.invoke(Unknown Source)
	at sun.reflect.DelegatingMethodAccessorImpl.invoke(Unknown Source)
	at java.lang.reflect.Method.invoke(Unknown Source)
	at org.testng.internal.MethodInvocationHelper.invokeMethod(MethodInvocationHelper.java:85)
	at org.testng.internal.Invoker.invokeMethod(Invoker.java:639)
	at org.testng.internal.Invoker.invokeTestMethod(Invoker.java:816)
	at org.testng.internal.Invoker.invokeTestMethods(Invoker.java:1124)
	at org.testng.internal.TestMethodWorker.invokeTestMethods(TestMethodWorker.java:125)
	at org.testng.internal.TestMethodWorker.run(TestMethodWorker.java:108)
	at org.testng.TestRunner.privateRun(TestRunner.java:774)
	at org.testng.TestRunner.run(TestRunner.java:624)
	at org.testng.SuiteRunner.runTest(SuiteRunner.java:359)
	at org.testng.SuiteRunner.runSequentially(SuiteRunner.java:354)
	at org.testng.SuiteRunner.privateRun(SuiteRunner.java:312)
	at org.testng.SuiteRunner.run(SuiteRunner.java:261)
	at org.testng.SuiteRunnerWorker.runSuite(SuiteRunnerWorker.java:52)
	at org.testng.SuiteRunnerWorker.run(SuiteRunnerWorker.java:86)
	at org.testng.TestNG.runSuitesSequentially(TestNG.java:1215)
	at org.testng.TestNG.runSuitesLocally(TestNG.java:1140)
	at org.testng.TestNG.run(TestNG.java:1048)
	at org.testng.TestNG.privateMain(TestNG.java:1355)
	at org.testng.TestNG.main(TestNG.java:1324)
</pre></div></td>
<td>2</td>
<td>newMMIS_Subsystems.AVR_EVS@12843fce</td></tr>
<tr>
<td title='newMMIS_Subsystems.AVR_EVS.connectorPartHSN()'><b>connectorPartHSN</b><br>Test class: newMMIS_Subsystems.AVR_EVS<br>Parameters: 3Y, 1531<br/>
<a href="#Output-1423007887" onClick='toggleBox("Output-1423007887", this, "Show output", "Hide output");'>Show output</a>

<a href="#Output-1423007887" onClick="toggleAllBoxes();">Show all outputs</a>
<div class='log' id="Output-1423007887">
53.C:\Users\gandhian\Desktop\Anshul\Workspace\Regression_TR\ScreenShots\_25_May_2017__03_57_56PM_172.31.86.34_TC RM_1531_677.png<br/>
</div>
</td>
<td><div><pre>org.testng.SkipException: Skipping this because no member found for this RM
	at newMMIS_Subsystems.AVR_EVS.RMreset(Unknown Source)
	at newMMIS_Subsystems.AVR_EVS.connectorPartHSN(Unknown Source)
... Removed 23 stack frames</pre></div><a href='#' onClick='toggleBox("stack-trace1423007887", this, "Click to show all stack frames", "Click to hide stack frames")'>Click to show all stack frames</a>
<div class='stack-trace' id='stack-trace1423007887'><pre>org.testng.SkipException: Skipping this because no member found for this RM
	at newMMIS_Subsystems.AVR_EVS.RMreset(Unknown Source)
	at newMMIS_Subsystems.AVR_EVS.connectorPartHSN(Unknown Source)
	at sun.reflect.NativeMethodAccessorImpl.invoke0(Native Method)
	at sun.reflect.NativeMethodAccessorImpl.invoke(Unknown Source)
	at sun.reflect.DelegatingMethodAccessorImpl.invoke(Unknown Source)
	at java.lang.reflect.Method.invoke(Unknown Source)
	at org.testng.internal.MethodInvocationHelper.invokeMethod(MethodInvocationHelper.java:85)
	at org.testng.internal.Invoker.invokeMethod(Invoker.java:639)
	at org.testng.internal.Invoker.invokeTestMethod(Invoker.java:816)
	at org.testng.internal.Invoker.invokeTestMethods(Invoker.java:1124)
	at org.testng.internal.TestMethodWorker.invokeTestMethods(TestMethodWorker.java:125)
	at org.testng.internal.TestMethodWorker.run(TestMethodWorker.java:108)
	at org.testng.TestRunner.privateRun(TestRunner.java:774)
	at org.testng.TestRunner.run(TestRunner.java:624)
	at org.testng.SuiteRunner.runTest(SuiteRunner.java:359)
	at org.testng.SuiteRunner.runSequentially(SuiteRunner.java:354)
	at org.testng.SuiteRunner.privateRun(SuiteRunner.java:312)
	at org.testng.SuiteRunner.run(SuiteRunner.java:261)
	at org.testng.SuiteRunnerWorker.runSuite(SuiteRunnerWorker.java:52)
	at org.testng.SuiteRunnerWorker.run(SuiteRunnerWorker.java:86)
	at org.testng.TestNG.runSuitesSequentially(TestNG.java:1215)
	at org.testng.TestNG.runSuitesLocally(TestNG.java:1140)
	at org.testng.TestNG.run(TestNG.java:1048)
	at org.testng.TestNG.privateMain(TestNG.java:1355)
	at org.testng.TestNG.main(TestNG.java:1324)
</pre></div></td>
<td>2</td>
<td>newMMIS_Subsystems.AVR_EVS@12843fce</td></tr>
<tr>
<td title='newMMIS_Subsystems.AVR_EVS.connectorPartHSN()'><b>connectorPartHSN</b><br>Test class: newMMIS_Subsystems.AVR_EVS<br>Parameters: 4B, 1532<br/>
<a href="#Output-904808047" onClick='toggleBox("Output-904808047", this, "Show output", "Hide output");'>Show output</a>

<a href="#Output-904808047" onClick="toggleAllBoxes();">Show all outputs</a>
<div class='log' id="Output-904808047">
54.C:\Users\gandhian\Desktop\Anshul\Workspace\Regression_TR\ScreenShots\_25_May_2017__03_58_05PM_172.31.86.34_TC RM_1532_677.png<br/>
</div>
</td>
<td><div><pre>org.testng.SkipException: Skipping this because no member found for this RM
	at newMMIS_Subsystems.AVR_EVS.RMreset(Unknown Source)
	at newMMIS_Subsystems.AVR_EVS.connectorPartHSN(Unknown Source)
... Removed 23 stack frames</pre></div><a href='#' onClick='toggleBox("stack-trace904808047", this, "Click to show all stack frames", "Click to hide stack frames")'>Click to show all stack frames</a>
<div class='stack-trace' id='stack-trace904808047'><pre>org.testng.SkipException: Skipping this because no member found for this RM
	at newMMIS_Subsystems.AVR_EVS.RMreset(Unknown Source)
	at newMMIS_Subsystems.AVR_EVS.connectorPartHSN(Unknown Source)
	at sun.reflect.NativeMethodAccessorImpl.invoke0(Native Method)
	at sun.reflect.NativeMethodAccessorImpl.invoke(Unknown Source)
	at sun.reflect.DelegatingMethodAccessorImpl.invoke(Unknown Source)
	at java.lang.reflect.Method.invoke(Unknown Source)
	at org.testng.internal.MethodInvocationHelper.invokeMethod(MethodInvocationHelper.java:85)
	at org.testng.internal.Invoker.invokeMethod(Invoker.java:639)
	at org.testng.internal.Invoker.invokeTestMethod(Invoker.java:816)
	at org.testng.internal.Invoker.invokeTestMethods(Invoker.java:1124)
	at org.testng.internal.TestMethodWorker.invokeTestMethods(TestMethodWorker.java:125)
	at org.testng.internal.TestMethodWorker.run(TestMethodWorker.java:108)
	at org.testng.TestRunner.privateRun(TestRunner.java:774)
	at org.testng.TestRunner.run(TestRunner.java:624)
	at org.testng.SuiteRunner.runTest(SuiteRunner.java:359)
	at org.testng.SuiteRunner.runSequentially(SuiteRunner.java:354)
	at org.testng.SuiteRunner.privateRun(SuiteRunner.java:312)
	at org.testng.SuiteRunner.run(SuiteRunner.java:261)
	at org.testng.SuiteRunnerWorker.runSuite(SuiteRunnerWorker.java:52)
	at org.testng.SuiteRunnerWorker.run(SuiteRunnerWorker.java:86)
	at org.testng.TestNG.runSuitesSequentially(TestNG.java:1215)
	at org.testng.TestNG.runSuitesLocally(TestNG.java:1140)
	at org.testng.TestNG.run(TestNG.java:1048)
	at org.testng.TestNG.privateMain(TestNG.java:1355)
	at org.testng.TestNG.main(TestNG.java:1324)
</pre></div></td>
<td>2</td>
<td>newMMIS_Subsystems.AVR_EVS@12843fce</td></tr>
<tr>
<td title='newMMIS_Subsystems.AVR_EVS.connectorPartHSN()'><b>connectorPartHSN</b><br>Test class: newMMIS_Subsystems.AVR_EVS<br>Parameters: 6T, 1534<br/>
<a href="#Output-1135400862" onClick='toggleBox("Output-1135400862", this, "Show output", "Hide output");'>Show output</a>

<a href="#Output-1135400862" onClick="toggleAllBoxes();">Show all outputs</a>
<div class='log' id="Output-1135400862">
55.C:\Users\gandhian\Desktop\Anshul\Workspace\Regression_TR\ScreenShots\_25_May_2017__03_58_24PM_172.31.86.34_TC RM_1534_677.png<br/>
</div>
</td>
<td><div><pre>org.testng.SkipException: Skipping this because no member found for this RM
	at newMMIS_Subsystems.AVR_EVS.RMreset(Unknown Source)
	at newMMIS_Subsystems.AVR_EVS.connectorPartHSN(Unknown Source)
... Removed 23 stack frames</pre></div><a href='#' onClick='toggleBox("stack-trace1135400862", this, "Click to show all stack frames", "Click to hide stack frames")'>Click to show all stack frames</a>
<div class='stack-trace' id='stack-trace1135400862'><pre>org.testng.SkipException: Skipping this because no member found for this RM
	at newMMIS_Subsystems.AVR_EVS.RMreset(Unknown Source)
	at newMMIS_Subsystems.AVR_EVS.connectorPartHSN(Unknown Source)
	at sun.reflect.NativeMethodAccessorImpl.invoke0(Native Method)
	at sun.reflect.NativeMethodAccessorImpl.invoke(Unknown Source)
	at sun.reflect.DelegatingMethodAccessorImpl.invoke(Unknown Source)
	at java.lang.reflect.Method.invoke(Unknown Source)
	at org.testng.internal.MethodInvocationHelper.invokeMethod(MethodInvocationHelper.java:85)
	at org.testng.internal.Invoker.invokeMethod(Invoker.java:639)
	at org.testng.internal.Invoker.invokeTestMethod(Invoker.java:816)
	at org.testng.internal.Invoker.invokeTestMethods(Invoker.java:1124)
	at org.testng.internal.TestMethodWorker.invokeTestMethods(TestMethodWorker.java:125)
	at org.testng.internal.TestMethodWorker.run(TestMethodWorker.java:108)
	at org.testng.TestRunner.privateRun(TestRunner.java:774)
	at org.testng.TestRunner.run(TestRunner.java:624)
	at org.testng.SuiteRunner.runTest(SuiteRunner.java:359)
	at org.testng.SuiteRunner.runSequentially(SuiteRunner.java:354)
	at org.testng.SuiteRunner.privateRun(SuiteRunner.java:312)
	at org.testng.SuiteRunner.run(SuiteRunner.java:261)
	at org.testng.SuiteRunnerWorker.runSuite(SuiteRunnerWorker.java:52)
	at org.testng.SuiteRunnerWorker.run(SuiteRunnerWorker.java:86)
	at org.testng.TestNG.runSuitesSequentially(TestNG.java:1215)
	at org.testng.TestNG.runSuitesLocally(TestNG.java:1140)
	at org.testng.TestNG.run(TestNG.java:1048)
	at org.testng.TestNG.privateMain(TestNG.java:1355)
	at org.testng.TestNG.main(TestNG.java:1324)
</pre></div></td>
<td>2</td>
<td>newMMIS_Subsystems.AVR_EVS@12843fce</td></tr>
<tr>
<td title='newMMIS_Subsystems.AVR_EVS.qhpFullHSN()'><b>qhpFullHSN</b><br>Test class: newMMIS_Subsystems.AVR_EVS<br>Parameters: 7D, 1520<br/>
<a href="#Output-1550991149" onClick='toggleBox("Output-1550991149", this, "Show output", "Hide output");'>Show output</a>

<a href="#Output-1550991149" onClick="toggleAllBoxes();">Show all outputs</a>
<div class='log' id="Output-1550991149">
46.C:\Users\gandhian\Desktop\Anshul\Workspace\Regression_TR\ScreenShots\_25_May_2017__03_56_17PM_172.31.86.34_TC RM_1520_676.png<br/>
</div>
</td>
<td><div><pre>org.testng.SkipException: Skipping this because no member found for this RM
	at newMMIS_Subsystems.AVR_EVS.RMreset(Unknown Source)
	at newMMIS_Subsystems.AVR_EVS.qhpFullHSN(Unknown Source)
... Removed 23 stack frames</pre></div><a href='#' onClick='toggleBox("stack-trace1550991149", this, "Click to show all stack frames", "Click to hide stack frames")'>Click to show all stack frames</a>
<div class='stack-trace' id='stack-trace1550991149'><pre>org.testng.SkipException: Skipping this because no member found for this RM
	at newMMIS_Subsystems.AVR_EVS.RMreset(Unknown Source)
	at newMMIS_Subsystems.AVR_EVS.qhpFullHSN(Unknown Source)
	at sun.reflect.NativeMethodAccessorImpl.invoke0(Native Method)
	at sun.reflect.NativeMethodAccessorImpl.invoke(Unknown Source)
	at sun.reflect.DelegatingMethodAccessorImpl.invoke(Unknown Source)
	at java.lang.reflect.Method.invoke(Unknown Source)
	at org.testng.internal.MethodInvocationHelper.invokeMethod(MethodInvocationHelper.java:85)
	at org.testng.internal.Invoker.invokeMethod(Invoker.java:639)
	at org.testng.internal.Invoker.invokeTestMethod(Invoker.java:816)
	at org.testng.internal.Invoker.invokeTestMethods(Invoker.java:1124)
	at org.testng.internal.TestMethodWorker.invokeTestMethods(TestMethodWorker.java:125)
	at org.testng.internal.TestMethodWorker.run(TestMethodWorker.java:108)
	at org.testng.TestRunner.privateRun(TestRunner.java:774)
	at org.testng.TestRunner.run(TestRunner.java:624)
	at org.testng.SuiteRunner.runTest(SuiteRunner.java:359)
	at org.testng.SuiteRunner.runSequentially(SuiteRunner.java:354)
	at org.testng.SuiteRunner.privateRun(SuiteRunner.java:312)
	at org.testng.SuiteRunner.run(SuiteRunner.java:261)
	at org.testng.SuiteRunnerWorker.runSuite(SuiteRunnerWorker.java:52)
	at org.testng.SuiteRunnerWorker.run(SuiteRunnerWorker.java:86)
	at org.testng.TestNG.runSuitesSequentially(TestNG.java:1215)
	at org.testng.TestNG.runSuitesLocally(TestNG.java:1140)
	at org.testng.TestNG.run(TestNG.java:1048)
	at org.testng.TestNG.privateMain(TestNG.java:1355)
	at org.testng.TestNG.main(TestNG.java:1324)
</pre></div></td>
<td>2</td>
<td>newMMIS_Subsystems.AVR_EVS@12843fce</td></tr>
<tr>
<td title='newMMIS_Subsystems.AVR_EVS.qhpFullHSN()'><b>qhpFullHSN</b><br>Test class: newMMIS_Subsystems.AVR_EVS<br>Parameters: 7L, 1521<br/>
<a href="#Output-898283008" onClick='toggleBox("Output-898283008", this, "Show output", "Hide output");'>Show output</a>

<a href="#Output-898283008" onClick="toggleAllBoxes();">Show all outputs</a>
<div class='log' id="Output-898283008">
47.C:\Users\gandhian\Desktop\Anshul\Workspace\Regression_TR\ScreenShots\_25_May_2017__03_56_26PM_172.31.86.34_TC RM_1521_676.png<br/>
</div>
</td>
<td><div><pre>org.testng.SkipException: Skipping this because no member found for this RM
	at newMMIS_Subsystems.AVR_EVS.RMreset(Unknown Source)
	at newMMIS_Subsystems.AVR_EVS.qhpFullHSN(Unknown Source)
... Removed 23 stack frames</pre></div><a href='#' onClick='toggleBox("stack-trace898283008", this, "Click to show all stack frames", "Click to hide stack frames")'>Click to show all stack frames</a>
<div class='stack-trace' id='stack-trace898283008'><pre>org.testng.SkipException: Skipping this because no member found for this RM
	at newMMIS_Subsystems.AVR_EVS.RMreset(Unknown Source)
	at newMMIS_Subsystems.AVR_EVS.qhpFullHSN(Unknown Source)
	at sun.reflect.NativeMethodAccessorImpl.invoke0(Native Method)
	at sun.reflect.NativeMethodAccessorImpl.invoke(Unknown Source)
	at sun.reflect.DelegatingMethodAccessorImpl.invoke(Unknown Source)
	at java.lang.reflect.Method.invoke(Unknown Source)
	at org.testng.internal.MethodInvocationHelper.invokeMethod(MethodInvocationHelper.java:85)
	at org.testng.internal.Invoker.invokeMethod(Invoker.java:639)
	at org.testng.internal.Invoker.invokeTestMethod(Invoker.java:816)
	at org.testng.internal.Invoker.invokeTestMethods(Invoker.java:1124)
	at org.testng.internal.TestMethodWorker.invokeTestMethods(TestMethodWorker.java:125)
	at org.testng.internal.TestMethodWorker.run(TestMethodWorker.java:108)
	at org.testng.TestRunner.privateRun(TestRunner.java:774)
	at org.testng.TestRunner.run(TestRunner.java:624)
	at org.testng.SuiteRunner.runTest(SuiteRunner.java:359)
	at org.testng.SuiteRunner.runSequentially(SuiteRunner.java:354)
	at org.testng.SuiteRunner.privateRun(SuiteRunner.java:312)
	at org.testng.SuiteRunner.run(SuiteRunner.java:261)
	at org.testng.SuiteRunnerWorker.runSuite(SuiteRunnerWorker.java:52)
	at org.testng.SuiteRunnerWorker.run(SuiteRunnerWorker.java:86)
	at org.testng.TestNG.runSuitesSequentially(TestNG.java:1215)
	at org.testng.TestNG.runSuitesLocally(TestNG.java:1140)
	at org.testng.TestNG.run(TestNG.java:1048)
	at org.testng.TestNG.privateMain(TestNG.java:1355)
	at org.testng.TestNG.main(TestNG.java:1324)
</pre></div></td>
<td>2</td>
<td>newMMIS_Subsystems.AVR_EVS@12843fce</td></tr>
</table><p>
</body>
</html>