<html>
<head>
<title>TestNG:  Claims Test new regression</title>
<link href="../testng.css" rel="stylesheet" type="text/css" />
<link href="../my-testng.css" rel="stylesheet" type="text/css" />

<style type="text/css">
.log { display: none;} 
.stack-trace { display: none;} 
</style>
<script type="text/javascript">
<!--
function flip(e) {
  current = e.style.display;
  if (current == 'block') {
    e.style.display = 'none';
    return 0;
  }
  else {
    e.style.display = 'block';
    return 1;
  }
}

function toggleBox(szDivId, elem, msg1, msg2)
{
  var res = -1;  if (document.getElementById) {
    res = flip(document.getElementById(szDivId));
  }
  else if (document.all) {
    // this is the way old msie versions work
    res = flip(document.all[szDivId]);
  }
  if(elem) {
    if(res == 0) elem.innerHTML = msg1; else elem.innerHTML = msg2;
  }

}

function toggleAllBoxes() {
  if (document.getElementsByTagName) {
    d = document.getElementsByTagName('div');
    for (i = 0; i < d.length; i++) {
      if (d[i].className == 'log') {
        flip(d[i]);
      }
    }
  }
}

// -->
</script>

</head>
<body>
<h2 align='center'>Claims Test new regression</h2><table border='1' align="center">
<tr>
<td>Tests passed/Failed/Skipped:</td><td>8/3/0</td>
</tr><tr>
<td>Started on:</td><td>Mon Jul 06 16:40:05 EDT 2020</td>
</tr>
<tr><td>Total time:</td><td>1252 seconds (1252180 ms)</td>
</tr><tr>
<td>Included groups:</td><td></td>
</tr><tr>
<td>Excluded groups:</td><td></td>
</tr>
</table><p/>
<small><i>(Hover the method name to see the test class name)</i></small><p/>
<table width='100%' border='1' class='invocation-failed'>
<tr><td colspan='4' align='center'><b>FAILED TESTS</b></td></tr>
<tr><td><b>Test method</b></td>
<td width="30%"><b>Exception</b></td>
<td width="10%"><b>Time (seconds)</b></td>
<td><b>Instance</b></td>
</tr>
<tr>
<td title='newMMIS_Subsystems.claims.test27390()'><b>test27390</b><br>Test class: newMMIS_Subsystems.claims<br/>
<a href="#Output-2000469839" onClick='toggleBox("Output-2000469839", this, "Show output", "Hide output");'>Show output</a>

<a href="#Output-2000469839" onClick="toggleAllBoxes();">Show all outputs</a>
<div class='log' id="Output-2000469839">
1.C:\Users\agandhi20\Desktop\Anshul\Workspace\Regression_TR\ScreenShots\_06_Jul_2020__04_42_24PM_10.242.224.171_TC 27390.png<br/>
</div>
</td>
<td><div><pre>java.lang.AssertionError: ICN 2220188200001 is DENIED expected [true] but found [false]
	at newMMIS_Subsystems.claims.test27390(Unknown Source)
... Removed 26 stack frames</pre></div><a href='#' onClick='toggleBox("stack-trace2000469839", this, "Click to show all stack frames", "Click to hide stack frames")'>Click to show all stack frames</a>
<div class='stack-trace' id='stack-trace2000469839'><pre>java.lang.AssertionError: ICN 2220188200001 is DENIED expected [true] but found [false]
	at org.testng.Assert.fail(Assert.java:94)
	at org.testng.Assert.failNotEquals(Assert.java:496)
	at org.testng.Assert.assertTrue(Assert.java:42)
	at newMMIS_Subsystems.claims.test27390(Unknown Source)
	at sun.reflect.NativeMethodAccessorImpl.invoke0(Native Method)
	at sun.reflect.NativeMethodAccessorImpl.invoke(NativeMethodAccessorImpl.java:62)
	at sun.reflect.DelegatingMethodAccessorImpl.invoke(DelegatingMethodAccessorImpl.java:43)
	at java.lang.reflect.Method.invoke(Method.java:498)
	at org.testng.internal.MethodInvocationHelper.invokeMethod(MethodInvocationHelper.java:85)
	at org.testng.internal.Invoker.invokeMethod(Invoker.java:639)
	at org.testng.internal.Invoker.invokeTestMethod(Invoker.java:816)
	at org.testng.internal.Invoker.invokeTestMethods(Invoker.java:1124)
	at org.testng.internal.TestMethodWorker.invokeTestMethods(TestMethodWorker.java:125)
	at org.testng.internal.TestMethodWorker.run(TestMethodWorker.java:108)
	at org.testng.TestRunner.privateRun(TestRunner.java:774)
	at org.testng.TestRunner.run(TestRunner.java:624)
	at org.testng.SuiteRunner.runTest(SuiteRunner.java:359)
	at org.testng.SuiteRunner.runSequentially(SuiteRunner.java:354)
	at org.testng.SuiteRunner.privateRun(SuiteRunner.java:312)
	at org.testng.SuiteRunner.run(SuiteRunner.java:261)
	at org.testng.SuiteRunnerWorker.runSuite(SuiteRunnerWorker.java:52)
	at org.testng.SuiteRunnerWorker.run(SuiteRunnerWorker.java:86)
	at org.testng.TestNG.runSuitesSequentially(TestNG.java:1215)
	at org.testng.TestNG.runSuitesLocally(TestNG.java:1140)
	at org.testng.TestNG.run(TestNG.java:1048)
	at org.testng.TestNG.privateMain(TestNG.java:1355)
	at org.testng.TestNG.main(TestNG.java:1324)
</pre></div></td>
<td>104</td>
<td>newMMIS_Subsystems.claims@9f70c54</td></tr>
<tr>
<td title='newMMIS_Subsystems.claims.test27391()'><b>test27391</b><br>Test class: newMMIS_Subsystems.claims<br/>
<a href="#Output-2014233765" onClick='toggleBox("Output-2014233765", this, "Show output", "Hide output");'>Show output</a>

<a href="#Output-2014233765" onClick="toggleAllBoxes();">Show all outputs</a>
<div class='log' id="Output-2014233765">
2.C:\Users\agandhi20\Desktop\Anshul\Workspace\Regression_TR\ScreenShots\_06_Jul_2020__04_45_05PM_10.242.224.171_TC 27391.png<br/>
</div>
</td>
<td><div><pre>java.lang.AssertionError: Could not find edit 2510 MEMBER MEDICAL SUPPORT BYPASS - DTL at detail 1 expected [true] but found [false]
	at newMMIS_Subsystems.claims.chkEdit(Unknown Source)
	at newMMIS_Subsystems.claims.test27391(Unknown Source)
... Removed 26 stack frames</pre></div><a href='#' onClick='toggleBox("stack-trace2014233765", this, "Click to show all stack frames", "Click to hide stack frames")'>Click to show all stack frames</a>
<div class='stack-trace' id='stack-trace2014233765'><pre>java.lang.AssertionError: Could not find edit 2510 MEMBER MEDICAL SUPPORT BYPASS - DTL at detail 1 expected [true] but found [false]
	at org.testng.Assert.fail(Assert.java:94)
	at org.testng.Assert.failNotEquals(Assert.java:496)
	at org.testng.Assert.assertTrue(Assert.java:42)
	at newMMIS_Subsystems.claims.chkEdit(Unknown Source)
	at newMMIS_Subsystems.claims.test27391(Unknown Source)
	at sun.reflect.NativeMethodAccessorImpl.invoke0(Native Method)
	at sun.reflect.NativeMethodAccessorImpl.invoke(NativeMethodAccessorImpl.java:62)
	at sun.reflect.DelegatingMethodAccessorImpl.invoke(DelegatingMethodAccessorImpl.java:43)
	at java.lang.reflect.Method.invoke(Method.java:498)
	at org.testng.internal.MethodInvocationHelper.invokeMethod(MethodInvocationHelper.java:85)
	at org.testng.internal.Invoker.invokeMethod(Invoker.java:639)
	at org.testng.internal.Invoker.invokeTestMethod(Invoker.java:816)
	at org.testng.internal.Invoker.invokeTestMethods(Invoker.java:1124)
	at org.testng.internal.TestMethodWorker.invokeTestMethods(TestMethodWorker.java:125)
	at org.testng.internal.TestMethodWorker.run(TestMethodWorker.java:108)
	at org.testng.TestRunner.privateRun(TestRunner.java:774)
	at org.testng.TestRunner.run(TestRunner.java:624)
	at org.testng.SuiteRunner.runTest(SuiteRunner.java:359)
	at org.testng.SuiteRunner.runSequentially(SuiteRunner.java:354)
	at org.testng.SuiteRunner.privateRun(SuiteRunner.java:312)
	at org.testng.SuiteRunner.run(SuiteRunner.java:261)
	at org.testng.SuiteRunnerWorker.runSuite(SuiteRunnerWorker.java:52)
	at org.testng.SuiteRunnerWorker.run(SuiteRunnerWorker.java:86)
	at org.testng.TestNG.runSuitesSequentially(TestNG.java:1215)
	at org.testng.TestNG.runSuitesLocally(TestNG.java:1140)
	at org.testng.TestNG.run(TestNG.java:1048)
	at org.testng.TestNG.privateMain(TestNG.java:1355)
	at org.testng.TestNG.main(TestNG.java:1324)
</pre></div></td>
<td>152</td>
<td>newMMIS_Subsystems.claims@9f70c54</td></tr>
<tr>
<td title='newMMIS_Subsystems.claims.test27408()'><b>test27408</b><br>Test class: newMMIS_Subsystems.claims<br/>
<a href="#Output-1501513951" onClick='toggleBox("Output-1501513951", this, "Show output", "Hide output");'>Show output</a>

<a href="#Output-1501513951" onClick="toggleAllBoxes();">Show all outputs</a>
<div class='log' id="Output-1501513951">
3.C:\Users\agandhi20\Desktop\Anshul\Workspace\Regression_TR\ScreenShots\_06_Jul_2020__04_56_29PM_10.242.224.171_TC 27408.png<br/>
</div>
</td>
<td><div><pre>java.lang.AssertionError: Error(1) Remittance Date should be entered at &apos;COB tab - COB Detail&apos; or &apos;Procedure tab - COB Line Details&apos; when total non-covered amount is not entered. Please enter and submit.  expected [true] but found [false]
	at newMMIS_Subsystems.Common.getPageError(Unknown Source)
	at newMMIS_Subsystems.advSubmitClaims.A(Unknown Source)
	at newMMIS_Subsystems.claims.test27408(Unknown Source)
... Removed 26 stack frames</pre></div><a href='#' onClick='toggleBox("stack-trace1501513951", this, "Click to show all stack frames", "Click to hide stack frames")'>Click to show all stack frames</a>
<div class='stack-trace' id='stack-trace1501513951'><pre>java.lang.AssertionError: Error(1) Remittance Date should be entered at &apos;COB tab - COB Detail&apos; or &apos;Procedure tab - COB Line Details&apos; when total non-covered amount is not entered. Please enter and submit.  expected [true] but found [false]
	at org.testng.Assert.fail(Assert.java:94)
	at org.testng.Assert.failNotEquals(Assert.java:496)
	at org.testng.Assert.assertTrue(Assert.java:42)
	at newMMIS_Subsystems.Common.getPageError(Unknown Source)
	at newMMIS_Subsystems.advSubmitClaims.A(Unknown Source)
	at newMMIS_Subsystems.claims.test27408(Unknown Source)
	at sun.reflect.NativeMethodAccessorImpl.invoke0(Native Method)
	at sun.reflect.NativeMethodAccessorImpl.invoke(NativeMethodAccessorImpl.java:62)
	at sun.reflect.DelegatingMethodAccessorImpl.invoke(DelegatingMethodAccessorImpl.java:43)
	at java.lang.reflect.Method.invoke(Method.java:498)
	at org.testng.internal.MethodInvocationHelper.invokeMethod(MethodInvocationHelper.java:85)
	at org.testng.internal.Invoker.invokeMethod(Invoker.java:639)
	at org.testng.internal.Invoker.invokeTestMethod(Invoker.java:816)
	at org.testng.internal.Invoker.invokeTestMethods(Invoker.java:1124)
	at org.testng.internal.TestMethodWorker.invokeTestMethods(TestMethodWorker.java:125)
	at org.testng.internal.TestMethodWorker.run(TestMethodWorker.java:108)
	at org.testng.TestRunner.privateRun(TestRunner.java:774)
	at org.testng.TestRunner.run(TestRunner.java:624)
	at org.testng.SuiteRunner.runTest(SuiteRunner.java:359)
	at org.testng.SuiteRunner.runSequentially(SuiteRunner.java:354)
	at org.testng.SuiteRunner.privateRun(SuiteRunner.java:312)
	at org.testng.SuiteRunner.run(SuiteRunner.java:261)
	at org.testng.SuiteRunnerWorker.runSuite(SuiteRunnerWorker.java:52)
	at org.testng.SuiteRunnerWorker.run(SuiteRunnerWorker.java:86)
	at org.testng.TestNG.runSuitesSequentially(TestNG.java:1215)
	at org.testng.TestNG.runSuitesLocally(TestNG.java:1140)
	at org.testng.TestNG.run(TestNG.java:1048)
	at org.testng.TestNG.privateMain(TestNG.java:1355)
	at org.testng.TestNG.main(TestNG.java:1324)
</pre></div></td>
<td>58</td>
<td>newMMIS_Subsystems.claims@9f70c54</td></tr>
</table><p>
<table width='100%' border='1' class='invocation-passed'>
<tr><td colspan='4' align='center'><b>PASSED TESTS</b></td></tr>
<tr><td><b>Test method</b></td>
<td width="30%"><b>Exception</b></td>
<td width="10%"><b>Time (seconds)</b></td>
<td><b>Instance</b></td>
</tr>
<tr>
<td title='newMMIS_Subsystems.claims.test26912()'><b>test26912</b><br>Test class: newMMIS_Subsystems.claims</td>
<td></td>
<td>145</td>
<td>newMMIS_Subsystems.claims@9f70c54</td></tr>
<tr>
<td title='newMMIS_Subsystems.claims.test27393()'><b>test27393</b><br>Test class: newMMIS_Subsystems.claims</td>
<td></td>
<td>91</td>
<td>newMMIS_Subsystems.claims@9f70c54</td></tr>
<tr>
<td title='newMMIS_Subsystems.claims.test27394()'><b>test27394</b><br>Test class: newMMIS_Subsystems.claims</td>
<td></td>
<td>66</td>
<td>newMMIS_Subsystems.claims@9f70c54</td></tr>
<tr>
<td title='newMMIS_Subsystems.claims.test27398()'><b>test27398</b><br>Test class: newMMIS_Subsystems.claims</td>
<td></td>
<td>43</td>
<td>newMMIS_Subsystems.claims@9f70c54</td></tr>
<tr>
<td title='newMMIS_Subsystems.claims.test27400()'><b>test27400</b><br>Test class: newMMIS_Subsystems.claims</td>
<td></td>
<td>73</td>
<td>newMMIS_Subsystems.claims@9f70c54</td></tr>
<tr>
<td title='newMMIS_Subsystems.claims.test27409()'><b>test27409</b><br>Test class: newMMIS_Subsystems.claims</td>
<td></td>
<td>103</td>
<td>newMMIS_Subsystems.claims@9f70c54</td></tr>
<tr>
<td title='newMMIS_Subsystems.claims.test27436()'><b>test27436</b><br>Test class: newMMIS_Subsystems.claims</td>
<td></td>
<td>176</td>
<td>newMMIS_Subsystems.claims@9f70c54</td></tr>
<tr>
<td title='newMMIS_Subsystems.claims.test27438()'><b>test27438</b><br>Test class: newMMIS_Subsystems.claims</td>
<td></td>
<td>97</td>
<td>newMMIS_Subsystems.claims@9f70c54</td></tr>
</table><p>
</body>
</html>