<?xml version="1.0" encoding="UTF-8"?>
<!-- Generated by org.testng.reporters.JUnitXMLReporter -->
<testsuite hostname="GWT-2GJ2DL3" failures="1" tests="1" name="EPSDT test" time="7.682" errors="0" timestamp="4 Dec 2025 20:30:02 GMT">
  <testcase classname="newMMIS_Subsystems.EPSDT" name="test18804b" time="3.414">
    <failure type="java.lang.AssertionError" message="EPS-3012-M letter not found. expected [true] but found [false]">
      <![CDATA[java.lang.AssertionError: EPS-3012-M letter not found. expected [true] but found [false]
	at newMMIS_Subsystems.EPSDT.test18804b(Unknown Source)
... Removed 24 stack frames]]>
    </failure>
  </testcase> <!-- test18804b -->
</testsuite> <!-- EPSDT test -->
