<?xml version="1.0" encoding="UTF-8"?>
<!-- Generated by org.testng.reporters.JUnitXMLReporter -->
<testsuite hostname="GWT-2GJ2DL3" name="EVS test" tests="147" failures="32" timestamp="27 Sep 2024 15:59:00 GMT" time="3366.016" errors="0">
  <testcase name="RM_2_111" time="56.778" classname="newMMIS_Subsystems.EVS">
    <failure type="org.openqa.selenium.NoSuchElementException" message="no such element: Unable to locate element: {&amp;quot;method&amp;quot;:&amp;quot;xpath&amp;quot;,&amp;quot;selector&amp;quot;:&amp;quot;//*[contains(@id, &amp;apos;LTCList:0:facilityName&amp;apos;)]&amp;quot;}
  (Session info: chrome=119.0.6045.200)
  (Driver info: chromedriver=119.0.6045.105 (38c72552c5e15ba9b3117c0967a0fd105072d7c6-refs/branch-heads/6045@{#1103}),platform=Windows NT 10.0.19045 x86_64) (WARNING: The server did not provide any stacktrace information)
Command duration or timeout: 30.03 seconds
For documentation on this error, please visit: http://seleniumhq.org/exceptions/no_such_element.html
Build info: version: &amp;apos;2.49.1&amp;apos;, revision: &amp;apos;7203e46&amp;apos;, time: &amp;apos;2016-01-21 17:35:35&amp;apos;
System info: host: &amp;apos;GWT-2GJ2DL3&amp;apos;, ip: &amp;apos;192.168.1.133&amp;apos;, os.name: &amp;apos;Windows 10&amp;apos;, os.arch: &amp;apos;amd64&amp;apos;, os.version: &amp;apos;10.0&amp;apos;, java.version: &amp;apos;1.8.0_91&amp;apos;
Driver info: org.openqa.selenium.chrome.ChromeDriver
Capabilities [{mobileEmulationEnabled=false, timeouts={implicit=0, pageLoad=300000, script=30000}, hasTouchScreen=false, platform=XP, acceptSslCerts=false, goog:chromeOptions={debuggerAddress=localhost:52996}, webauthn:extension:credBlob=true, acceptInsecureCerts=false, fedcm:accounts=true, webStorageEnabled=true, browserName=chrome, takesScreenshot=true, javascriptEnabled=true, setWindowRect=true, webauthn:extension:largeBlob=true, unexpectedAlertBehaviour=ignore, rotatable=false, networkConnectionEnabled=false, chrome={chromedriverVersion=119.0.6045.105 (38c72552c5e15ba9b3117c0967a0fd105072d7c6-refs/branch-heads/6045@{#1103}), userDataDir=C:\Users\AGANDH~1\AppData\Local\Temp\scoped_dir31708_214247731}, takesHeapSnapshot=true, pageLoadStrategy=normal, strictFileInteractability=false, databaseEnabled=false, handlesAlerts=true, version=119.0.6045.200, browserConnectionEnabled=false, proxy={}, nativeEvents=true, webauthn:extension:minPinLength=true, webauthn:extension:prf=true, locationContextEnabled=true, cssSelectorsEnabled=true, webauthn:virtualAuthenticators=true}]
Session ID: 32a06416e97ec012c37c06be53e6fbc8
*** Element info: {Using=xpath, value=//*[contains(@id, &amp;apos;LTCList:0:facilityName&amp;apos;)]}">
      <![CDATA[org.openqa.selenium.NoSuchElementException: no such element: Unable to locate element: {"method":"xpath","selector":"//*[contains(@id, 'LTCList:0:facilityName')]"}
  (Session info: chrome=119.0.6045.200)
  (Driver info: chromedriver=119.0.6045.105 (38c72552c5e15ba9b3117c0967a0fd105072d7c6-refs/branch-heads/6045@{#1103}),platform=Windows NT 10.0.19045 x86_64) (WARNING: The server did not provide any stacktrace information)
Command duration or timeout: 30.03 seconds
For documentation on this error, please visit: http://seleniumhq.org/exceptions/no_such_element.html
Build info: version: '2.49.1', revision: '7203e46', time: '2016-01-21 17:35:35'
System info: host: 'GWT-2GJ2DL3', ip: '192.168.1.133', os.name: 'Windows 10', os.arch: 'amd64', os.version: '10.0', java.version: '1.8.0_91'
Driver info: org.openqa.selenium.chrome.ChromeDriver
Capabilities [{mobileEmulationEnabled=false, timeouts={implicit=0, pageLoad=300000, script=30000}, hasTouchScreen=false, platform=XP, acceptSslCerts=false, goog:chromeOptions={debuggerAddress=localhost:52996}, webauthn:extension:credBlob=true, acceptInsecureCerts=false, fedcm:accounts=true, webStorageEnabled=true, browserName=chrome, takesScreenshot=true, javascriptEnabled=true, setWindowRect=true, webauthn:extension:largeBlob=true, unexpectedAlertBehaviour=ignore, rotatable=false, networkConnectionEnabled=false, chrome={chromedriverVersion=119.0.6045.105 (38c72552c5e15ba9b3117c0967a0fd105072d7c6-refs/branch-heads/6045@{#1103}), userDataDir=C:\Users\AGANDH~1\AppData\Local\Temp\scoped_dir31708_214247731}, takesHeapSnapshot=true, pageLoadStrategy=normal, strictFileInteractability=false, databaseEnabled=false, handlesAlerts=true, version=119.0.6045.200, browserConnectionEnabled=false, proxy={}, nativeEvents=true, webauthn:extension:minPinLength=true, webauthn:extension:prf=true, locationContextEnabled=true, cssSelectorsEnabled=true, webauthn:virtualAuthenticators=true}]
Session ID: 32a06416e97ec012c37c06be53e6fbc8
*** Element info: {Using=xpath, value=//*[contains(@id, 'LTCList:0:facilityName')]}
	at org.openqa.selenium.remote.ErrorHandler.createThrowable(ErrorHandler.java:206)
	at org.openqa.selenium.remote.ErrorHandler.throwIfResponseFailed(ErrorHandler.java:158)
	at org.openqa.selenium.remote.RemoteWebDriver.execute(RemoteWebDriver.java:678)
	at org.openqa.selenium.remote.RemoteWebDriver.findElement(RemoteWebDriver.java:363)
	at org.openqa.selenium.remote.RemoteWebDriver.findElementByXPath(RemoteWebDriver.java:500)
	at org.openqa.selenium.By$ByXPath.findElement(By.java:361)
	at org.openqa.selenium.remote.RemoteWebDriver.findElement(RemoteWebDriver.java:355)
	at newMMIS_Subsystems.EVS.RM_2_111(Unknown Source)
... Removed 27 stack frames]]>
    </failure>
  </testcase> <!-- RM_2_111 -->
  <testcase name="RM_3_116" time="15.078" classname="newMMIS_Subsystems.EVS"/>
  <testcase name="RM_5_480" time="15.66" classname="newMMIS_Subsystems.EVS"/>
  <testcase name="RM_6_480" time="15.496" classname="newMMIS_Subsystems.EVS"/>
  <testcase name="RM_7_485" time="16.111" classname="newMMIS_Subsystems.EVS"/>
  <testcase name="RM_8_485" time="20.524" classname="newMMIS_Subsystems.EVS"/>
  <testcase name="RM_9_516" time="42.466" classname="newMMIS_Subsystems.EVS">
    <failure type="org.openqa.selenium.NoSuchElementException" message="no such element: Unable to locate element: {&amp;quot;method&amp;quot;:&amp;quot;xpath&amp;quot;,&amp;quot;selector&amp;quot;:&amp;quot;//*[contains(@id, &amp;apos;LTCList:0:facilityName&amp;apos;)]&amp;quot;}
  (Session info: chrome=119.0.6045.200)
  (Driver info: chromedriver=119.0.6045.105 (38c72552c5e15ba9b3117c0967a0fd105072d7c6-refs/branch-heads/6045@{#1103}),platform=Windows NT 10.0.19045 x86_64) (WARNING: The server did not provide any stacktrace information)
Command duration or timeout: 30.06 seconds
For documentation on this error, please visit: http://seleniumhq.org/exceptions/no_such_element.html
Build info: version: &amp;apos;2.49.1&amp;apos;, revision: &amp;apos;7203e46&amp;apos;, time: &amp;apos;2016-01-21 17:35:35&amp;apos;
System info: host: &amp;apos;GWT-2GJ2DL3&amp;apos;, ip: &amp;apos;192.168.1.133&amp;apos;, os.name: &amp;apos;Windows 10&amp;apos;, os.arch: &amp;apos;amd64&amp;apos;, os.version: &amp;apos;10.0&amp;apos;, java.version: &amp;apos;1.8.0_91&amp;apos;
Driver info: org.openqa.selenium.chrome.ChromeDriver
Capabilities [{mobileEmulationEnabled=false, timeouts={implicit=0, pageLoad=300000, script=30000}, hasTouchScreen=false, platform=XP, acceptSslCerts=false, goog:chromeOptions={debuggerAddress=localhost:52996}, webauthn:extension:credBlob=true, acceptInsecureCerts=false, fedcm:accounts=true, webStorageEnabled=true, browserName=chrome, takesScreenshot=true, javascriptEnabled=true, setWindowRect=true, webauthn:extension:largeBlob=true, unexpectedAlertBehaviour=ignore, rotatable=false, networkConnectionEnabled=false, chrome={chromedriverVersion=119.0.6045.105 (38c72552c5e15ba9b3117c0967a0fd105072d7c6-refs/branch-heads/6045@{#1103}), userDataDir=C:\Users\AGANDH~1\AppData\Local\Temp\scoped_dir31708_214247731}, takesHeapSnapshot=true, pageLoadStrategy=normal, strictFileInteractability=false, databaseEnabled=false, handlesAlerts=true, version=119.0.6045.200, browserConnectionEnabled=false, proxy={}, nativeEvents=true, webauthn:extension:minPinLength=true, webauthn:extension:prf=true, locationContextEnabled=true, cssSelectorsEnabled=true, webauthn:virtualAuthenticators=true}]
Session ID: 32a06416e97ec012c37c06be53e6fbc8
*** Element info: {Using=xpath, value=//*[contains(@id, &amp;apos;LTCList:0:facilityName&amp;apos;)]}">
      <![CDATA[org.openqa.selenium.NoSuchElementException: no such element: Unable to locate element: {"method":"xpath","selector":"//*[contains(@id, 'LTCList:0:facilityName')]"}
  (Session info: chrome=119.0.6045.200)
  (Driver info: chromedriver=119.0.6045.105 (38c72552c5e15ba9b3117c0967a0fd105072d7c6-refs/branch-heads/6045@{#1103}),platform=Windows NT 10.0.19045 x86_64) (WARNING: The server did not provide any stacktrace information)
Command duration or timeout: 30.06 seconds
For documentation on this error, please visit: http://seleniumhq.org/exceptions/no_such_element.html
Build info: version: '2.49.1', revision: '7203e46', time: '2016-01-21 17:35:35'
System info: host: 'GWT-2GJ2DL3', ip: '192.168.1.133', os.name: 'Windows 10', os.arch: 'amd64', os.version: '10.0', java.version: '1.8.0_91'
Driver info: org.openqa.selenium.chrome.ChromeDriver
Capabilities [{mobileEmulationEnabled=false, timeouts={implicit=0, pageLoad=300000, script=30000}, hasTouchScreen=false, platform=XP, acceptSslCerts=false, goog:chromeOptions={debuggerAddress=localhost:52996}, webauthn:extension:credBlob=true, acceptInsecureCerts=false, fedcm:accounts=true, webStorageEnabled=true, browserName=chrome, takesScreenshot=true, javascriptEnabled=true, setWindowRect=true, webauthn:extension:largeBlob=true, unexpectedAlertBehaviour=ignore, rotatable=false, networkConnectionEnabled=false, chrome={chromedriverVersion=119.0.6045.105 (38c72552c5e15ba9b3117c0967a0fd105072d7c6-refs/branch-heads/6045@{#1103}), userDataDir=C:\Users\AGANDH~1\AppData\Local\Temp\scoped_dir31708_214247731}, takesHeapSnapshot=true, pageLoadStrategy=normal, strictFileInteractability=false, databaseEnabled=false, handlesAlerts=true, version=119.0.6045.200, browserConnectionEnabled=false, proxy={}, nativeEvents=true, webauthn:extension:minPinLength=true, webauthn:extension:prf=true, locationContextEnabled=true, cssSelectorsEnabled=true, webauthn:virtualAuthenticators=true}]
Session ID: 32a06416e97ec012c37c06be53e6fbc8
*** Element info: {Using=xpath, value=//*[contains(@id, 'LTCList:0:facilityName')]}
	at org.openqa.selenium.remote.ErrorHandler.createThrowable(ErrorHandler.java:206)
	at org.openqa.selenium.remote.ErrorHandler.throwIfResponseFailed(ErrorHandler.java:158)
	at org.openqa.selenium.remote.RemoteWebDriver.execute(RemoteWebDriver.java:678)
	at org.openqa.selenium.remote.RemoteWebDriver.findElement(RemoteWebDriver.java:363)
	at org.openqa.selenium.remote.RemoteWebDriver.findElementByXPath(RemoteWebDriver.java:500)
	at org.openqa.selenium.By$ByXPath.findElement(By.java:361)
	at org.openqa.selenium.remote.RemoteWebDriver.findElement(RemoteWebDriver.java:355)
	at newMMIS_Subsystems.EVS.RM_9_516(Unknown Source)
... Removed 27 stack frames]]>
    </failure>
  </testcase> <!-- RM_9_516 -->
  <testcase name="RM_10_006" time="10.888" classname="newMMIS_Subsystems.EVS">
    <skipped/>
  </testcase> <!-- RM_10_006 -->
  <testcase name="RM_12_031" time="44.768" classname="newMMIS_Subsystems.EVS">
    <failure type="java.lang.AssertionError" message="Did not get RM 12 / 031 Prior Auth Required on All Care Except Emergencies. ESP North Shore. Call 781-581-3900 For Lynn Clients 978-837-9479 For Beverly Clients. expected [true] but found [false]">
      <![CDATA[java.lang.AssertionError: Did not get RM 12 / 031 Prior Auth Required on All Care Except Emergencies. ESP North Shore. Call 781-581-3900 For Lynn Clients 978-837-9479 For Beverly Clients. expected [true] but found [false]
	at newMMIS_Subsystems.EVS.rmCommon(Unknown Source)
	at newMMIS_Subsystems.EVS.RM_12_031(Unknown Source)
... Removed 26 stack frames]]>
    </failure>
  </testcase> <!-- RM_12_031 -->
  <testcase name="RM_13_036" time="40.815" classname="newMMIS_Subsystems.EVS">
    <failure type="java.lang.AssertionError" message="Did not get RM 13 / 036 Prior Authorization Mandatory For All Care Except For Emergencies. Call Elder Service Plan-Cambridge Health Alliance at 617-575-5850. expected [true] but found [false]">
      <![CDATA[java.lang.AssertionError: Did not get RM 13 / 036 Prior Authorization Mandatory For All Care Except For Emergencies. Call Elder Service Plan-Cambridge Health Alliance at 617-575-5850. expected [true] but found [false]
	at newMMIS_Subsystems.EVS.rmCommon(Unknown Source)
	at newMMIS_Subsystems.EVS.RM_13_036(Unknown Source)
... Removed 26 stack frames]]>
    </failure>
  </testcase> <!-- RM_13_036 -->
  <testcase name="RM_14_041" time="39.124" classname="newMMIS_Subsystems.EVS">
    <failure type="java.lang.AssertionError" message="Did not get RM 14 / 041 Prior Authorization Mandatory for all Care Except For Emergencies. Call ESP at Fallon at 508-852-2026. expected [true] but found [false]">
      <![CDATA[java.lang.AssertionError: Did not get RM 14 / 041 Prior Authorization Mandatory for all Care Except For Emergencies. Call ESP at Fallon at 508-852-2026. expected [true] but found [false]
	at newMMIS_Subsystems.EVS.rmCommon(Unknown Source)
	at newMMIS_Subsystems.EVS.RM_14_041(Unknown Source)
... Removed 26 stack frames]]>
    </failure>
  </testcase> <!-- RM_14_041 -->
  <testcase name="RM_15_046" time="44.76" classname="newMMIS_Subsystems.EVS">
    <failure type="java.lang.AssertionError" message="Did not get RM 15 / 046 Prior Authorization Mandatory for all care except for Emergencies. Call ESP Of Upham&amp;apos;s Corner at 617-288-0970. expected [true] but found [false]">
      <![CDATA[java.lang.AssertionError: Did not get RM 15 / 046 Prior Authorization Mandatory for all care except for Emergencies. Call ESP Of Upham's Corner at 617-288-0970. expected [true] but found [false]
	at newMMIS_Subsystems.EVS.rmCommon(Unknown Source)
	at newMMIS_Subsystems.EVS.RM_15_046(Unknown Source)
... Removed 26 stack frames]]>
    </failure>
  </testcase> <!-- RM_15_046 -->
  <testcase name="RM_16_051" time="40.148" classname="newMMIS_Subsystems.EVS">
    <failure type="java.lang.AssertionError" message="Did not get RM 16 / 051 Prior authorization mandatory for all care except for emergencies. Call Harbor Elder Services at 617-296-5100. expected [true] but found [false]">
      <![CDATA[java.lang.AssertionError: Did not get RM 16 / 051 Prior authorization mandatory for all care except for emergencies. Call Harbor Elder Services at 617-296-5100. expected [true] but found [false]
	at newMMIS_Subsystems.EVS.rmCommon(Unknown Source)
	at newMMIS_Subsystems.EVS.RM_16_051(Unknown Source)
... Removed 26 stack frames]]>
    </failure>
  </testcase> <!-- RM_16_051 -->
  <testcase name="RM_19_171" time="48.194" classname="newMMIS_Subsystems.EVS">
    <failure type="java.lang.AssertionError" message="Did not get RM 19 / 171 Prior authorization mandatory for all care except for emergencies. Call ESP of East Boston at 617-568-6416. expected [true] but found [false]">
      <![CDATA[java.lang.AssertionError: Did not get RM 19 / 171 Prior authorization mandatory for all care except for emergencies. Call ESP of East Boston at 617-568-6416. expected [true] but found [false]
	at newMMIS_Subsystems.EVS.rmCommon(Unknown Source)
	at newMMIS_Subsystems.EVS.RM_19_171(Unknown Source)
... Removed 26 stack frames]]>
    </failure>
  </testcase> <!-- RM_19_171 -->
  <testcase name="RM_20_201" time="46.532" classname="newMMIS_Subsystems.EVS">
    <failure type="java.lang.AssertionError" message="Did not get RM 20 / 201 SENIOR CARE OPTIONS. Payment limited to SCO. Authorization needed for all services except emergencies. Call CCA: 1-866-610-2273. expected [true] but found [false]">
      <![CDATA[java.lang.AssertionError: Did not get RM 20 / 201 SENIOR CARE OPTIONS. Payment limited to SCO. Authorization needed for all services except emergencies. Call CCA: 1-866-610-2273. expected [true] but found [false]
	at newMMIS_Subsystems.EVS.rmCommon(Unknown Source)
	at newMMIS_Subsystems.EVS.RM_20_201(Unknown Source)
... Removed 26 stack frames]]>
    </failure>
  </testcase> <!-- RM_20_201 -->
  <testcase name="RM_20_231" time="45.766" classname="newMMIS_Subsystems.EVS">
    <failure type="java.lang.AssertionError" message="Did not get RM 21 / 231 SENIOR CARE OPTIONS. Payment limited to SCO. Authorization needed for all services except emergencies. Call SWH: 1-888-794-7268. expected [true] but found [false]">
      <![CDATA[java.lang.AssertionError: Did not get RM 21 / 231 SENIOR CARE OPTIONS. Payment limited to SCO. Authorization needed for all services except emergencies. Call SWH: 1-888-794-7268. expected [true] but found [false]
	at newMMIS_Subsystems.EVS.rmCommon(Unknown Source)
	at newMMIS_Subsystems.EVS.RM_20_231(Unknown Source)
... Removed 26 stack frames]]>
    </failure>
  </testcase> <!-- RM_20_231 -->
  <testcase name="RM_28_391" time="40.377" classname="newMMIS_Subsystems.EVS">
    <failure type="java.lang.AssertionError" message="Did not get RM 28 / 391 SENIOR CARE OPTIONS. Payment limited to SCO. Authorization needed for all services except emergencies. Call EVERCARE: 1-888-867-5511 expected [true] but found [false]">
      <![CDATA[java.lang.AssertionError: Did not get RM 28 / 391 SENIOR CARE OPTIONS. Payment limited to SCO. Authorization needed for all services except emergencies. Call EVERCARE: 1-888-867-5511 expected [true] but found [false]
	at newMMIS_Subsystems.EVS.rmCommon(Unknown Source)
	at newMMIS_Subsystems.EVS.RM_28_391(Unknown Source)
... Removed 26 stack frames]]>
    </failure>
  </testcase> <!-- RM_28_391 -->
  <testcase name="RM_29_495" time="7.478" classname="newMMIS_Subsystems.EVS"/>
  <testcase name="RM_30_495" time="82.544" classname="newMMIS_Subsystems.EVS"/>
  <testcase name="RM_31_495" time="2.316" classname="newMMIS_Subsystems.EVS">
    <skipped/>
  </testcase> <!-- RM_31_495 -->
  <testcase name="RM_32_495" time="11.891" classname="newMMIS_Subsystems.EVS"/>
  <testcase name="RM_34_520" time="10.834" classname="newMMIS_Subsystems.EVS"/>
  <testcase name="RM_40_601" time="9.157" classname="newMMIS_Subsystems.EVS"/>
  <testcase name="RM_41_602" time="7.778" classname="newMMIS_Subsystems.EVS"/>
  <testcase name="RM_42_603" time="10.134" classname="newMMIS_Subsystems.EVS"/>
  <testcase name="RM_43_604" time="64.058" classname="newMMIS_Subsystems.EVS"/>
  <testcase name="RM_45_608" time="9.548" classname="newMMIS_Subsystems.EVS"/>
  <testcase name="RM_46_611" time="8.82" classname="newMMIS_Subsystems.EVS"/>
  <testcase name="RM_48_612" time="9.525" classname="newMMIS_Subsystems.EVS"/>
  <testcase name="RM_49_612" time="8.443" classname="newMMIS_Subsystems.EVS"/>
  <testcase name="RM_50_613" time="9.219" classname="newMMIS_Subsystems.EVS"/>
  <testcase name="RM_51_613" time="9.556" classname="newMMIS_Subsystems.EVS"/>
  <testcase name="RM_68_126" time="11.136" classname="newMMIS_Subsystems.EVS">
    <failure type="java.lang.AssertionError" message="Did not get RM 68 / 126 COMMUNITY CASE MANAGEMENT (CCM) MEMBER: PRIOR AUTHORIZATION REQUIRED FOR NURSING, HOME HEALTH AIDE AND PCA SERVICES. CONTACT CCM AT 1-800-863-6068 expected [true] but found [false]">
      <![CDATA[java.lang.AssertionError: Did not get RM 68 / 126 COMMUNITY CASE MANAGEMENT (CCM) MEMBER: PRIOR AUTHORIZATION REQUIRED FOR NURSING, HOME HEALTH AIDE AND PCA SERVICES. CONTACT CCM AT 1-800-863-6068 expected [true] but found [false]
	at newMMIS_Subsystems.EVS.rmCommon(Unknown Source)
	at newMMIS_Subsystems.EVS.RM_68_126(Unknown Source)
... Removed 26 stack frames]]>
    </failure>
  </testcase> <!-- RM_68_126 -->
  <testcase name="RM_71_071" time="7.355" classname="newMMIS_Subsystems.EVS">
    <failure type="java.lang.AssertionError" message="Did not get RM 71 / 071 MEMBER ENROLLED IN PROGRAM THAT LIMITS HIM/HER TO 1 PHARMACY. FOR INFORMATION, MEMBER MAY CALL 1-800-841-2900, 8AM-5PM MON-FRI. expected [true] but found [false]">
      <![CDATA[java.lang.AssertionError: Did not get RM 71 / 071 MEMBER ENROLLED IN PROGRAM THAT LIMITS HIM/HER TO 1 PHARMACY. FOR INFORMATION, MEMBER MAY CALL 1-800-841-2900, 8AM-5PM MON-FRI. expected [true] but found [false]
	at newMMIS_Subsystems.EVS.rmCommon(Unknown Source)
	at newMMIS_Subsystems.EVS.RM_71_071(Unknown Source)
... Removed 26 stack frames]]>
    </failure>
  </testcase> <!-- RM_71_071 -->
  <testcase name="RM_74_74" time="12.002" classname="newMMIS_Subsystems.EVS"/>
  <testcase name="RM_76_525" time="56.448" classname="newMMIS_Subsystems.EVS">
    <failure type="java.lang.AssertionError" message="Did not get RM 76 / 525 For behavioral health service questions and authorization, call the Massachusetts Behavioral Health Partnership at 1-800-495-0086. expected [true] but found [false]">
      <![CDATA[java.lang.AssertionError: Did not get RM 76 / 525 For behavioral health service questions and authorization, call the Massachusetts Behavioral Health Partnership at 1-800-495-0086. expected [true] but found [false]
	at newMMIS_Subsystems.EVS.rmCommon(Unknown Source)
	at newMMIS_Subsystems.EVS.RM_76_525(Unknown Source)
... Removed 26 stack frames]]>
    </failure>
  </testcase> <!-- RM_76_525 -->
  <testcase name="RM_89_646" time="143.694" classname="newMMIS_Subsystems.EVS">
    <skipped/>
  </testcase> <!-- RM_89_646 -->
  <testcase name="RM_121_121" time="7.676" classname="newMMIS_Subsystems.EVS">
    <failure type="java.lang.AssertionError" message="Did not get RM 121 / 121 DIRECT ALL INQUIRIES ABOUT ELIGIBILITY TO SOCIAL SERVICE WORKER expected [true] but found [false]">
      <![CDATA[java.lang.AssertionError: Did not get RM 121 / 121 DIRECT ALL INQUIRIES ABOUT ELIGIBILITY TO SOCIAL SERVICE WORKER expected [true] but found [false]
	at newMMIS_Subsystems.EVS.rmCommon(Unknown Source)
	at newMMIS_Subsystems.EVS.RM_121_121(Unknown Source)
... Removed 26 stack frames]]>
    </failure>
  </testcase> <!-- RM_121_121 -->
  <testcase name="RM_186_186" time="45.277" classname="newMMIS_Subsystems.EVS">
    <failure type="java.lang.AssertionError" message="Did not get RM 186 / 186 EXEMPT FROM COPAY ON NON-PHARMACY SERVICES UNDER 130 CMR 450.130(D). expected [true] but found [false]">
      <![CDATA[java.lang.AssertionError: Did not get RM 186 / 186 EXEMPT FROM COPAY ON NON-PHARMACY SERVICES UNDER 130 CMR 450.130(D). expected [true] but found [false]
	at newMMIS_Subsystems.EVS.rmCommon(Unknown Source)
	at newMMIS_Subsystems.EVS.RM_186_186(Unknown Source)
... Removed 26 stack frames]]>
    </failure>
  </testcase> <!-- RM_186_186 -->
  <testcase name="RM_246_246" time="47.355" classname="newMMIS_Subsystems.EVS">
    <failure type="java.lang.AssertionError" message="Did not get RM 246 / 246 EXEMPT FROM COPAY ON PHARMACY SERVICES UNDER 130 CMR 450.130(D). expected [true] but found [false]">
      <![CDATA[java.lang.AssertionError: Did not get RM 246 / 246 EXEMPT FROM COPAY ON PHARMACY SERVICES UNDER 130 CMR 450.130(D). expected [true] but found [false]
	at newMMIS_Subsystems.EVS.rmCommon(Unknown Source)
	at newMMIS_Subsystems.EVS.RM_246_246(Unknown Source)
... Removed 26 stack frames]]>
    </failure>
  </testcase> <!-- RM_246_246 -->
  <testcase name="RM_366_366" time="3.965" classname="newMMIS_Subsystems.EVS">
    <skipped/>
  </testcase> <!-- RM_366_366 -->
  <testcase name="RM_530_530" time="148.282" classname="newMMIS_Subsystems.EVS">
    <failure type="java.lang.AssertionError" message="Did not get RM 530 / 530 NO PCC/MCO AUTHORIZATIONS NEEDED. FOR MH/SA SERVICE AUTHORIZATION, CALL THE PARTNERSHIP AT 1-800-495-0086. expected [true] but found [false]">
      <![CDATA[java.lang.AssertionError: Did not get RM 530 / 530 NO PCC/MCO AUTHORIZATIONS NEEDED. FOR MH/SA SERVICE AUTHORIZATION, CALL THE PARTNERSHIP AT 1-800-495-0086. expected [true] but found [false]
	at newMMIS_Subsystems.EVS.rmCommon(Unknown Source)
	at newMMIS_Subsystems.EVS.RM_530_530(Unknown Source)
... Removed 26 stack frames]]>
    </failure>
  </testcase> <!-- RM_530_530 -->
  <testcase name="RM_596_596" time="65.67" classname="newMMIS_Subsystems.EVS">
    <skipped/>
  </testcase> <!-- RM_596_596 -->
  <testcase name="RM_597_597" time="25.381" classname="newMMIS_Subsystems.EVS">
    <skipped/>
  </testcase> <!-- RM_597_597 -->
  <testcase name="RM_614_614" time="10.01" classname="newMMIS_Subsystems.EVS">
    <failure type="java.lang.AssertionError" message="Did not get RM 614 / 614 BILL HOSPICE PROVIDER IF SERVICE IS RELATED TO TERMINAL ILLNESS. expected [true] but found [false]">
      <![CDATA[java.lang.AssertionError: Did not get RM 614 / 614 BILL HOSPICE PROVIDER IF SERVICE IS RELATED TO TERMINAL ILLNESS. expected [true] but found [false]
	at newMMIS_Subsystems.EVS.rmCommon(Unknown Source)
	at newMMIS_Subsystems.EVS.RM_614_614(Unknown Source)
... Removed 26 stack frames]]>
    </failure>
  </testcase> <!-- RM_614_614 -->
  <testcase name="RM_740_311" time="8.322" classname="newMMIS_Subsystems.EVS">
    <skipped/>
  </testcase> <!-- RM_740_311 -->
  <testcase name="RM_742_311" time="3.279" classname="newMMIS_Subsystems.EVS">
    <skipped/>
  </testcase> <!-- RM_742_311 -->
  <testcase name="RM_747_021" time="38.945" classname="newMMIS_Subsystems.EVS">
    <failure type="java.lang.AssertionError" message="Did not get RM 747 / 021 For medical service questions call BMC HealthNet Plan at 1-888-566-0010. For behavioral health service questions and authorizations call Beacon Health Strategies at 1-888-217-3501. expected [true] but found [false]">
      <![CDATA[java.lang.AssertionError: Did not get RM 747 / 021 For medical service questions call BMC HealthNet Plan at 1-888-566-0010. For behavioral health service questions and authorizations call Beacon Health Strategies at 1-888-217-3501. expected [true] but found [false]
	at newMMIS_Subsystems.EVS.rmCommon(Unknown Source)
	at newMMIS_Subsystems.EVS.RM_747_021(Unknown Source)
... Removed 26 stack frames]]>
    </failure>
  </testcase> <!-- RM_747_021 -->
  <testcase name="RM_749_021" time="44.142" classname="newMMIS_Subsystems.EVS">
    <failure type="java.lang.AssertionError" message="Did not get RM 749 / 021 For medical service questions call BMC HealthNet Plan at 1-888-566-0010. For behavioral health service questions and authorizations call Beacon Health Strategies at 1-888-217-3501. expected [true] but found [false]">
      <![CDATA[java.lang.AssertionError: Did not get RM 749 / 021 For medical service questions call BMC HealthNet Plan at 1-888-566-0010. For behavioral health service questions and authorizations call Beacon Health Strategies at 1-888-217-3501. expected [true] but found [false]
	at newMMIS_Subsystems.EVS.rmCommon(Unknown Source)
	at newMMIS_Subsystems.EVS.RM_749_021(Unknown Source)
... Removed 26 stack frames]]>
    </failure>
  </testcase> <!-- RM_749_021 -->
  <testcase name="RM_770_648" time="7.716" classname="newMMIS_Subsystems.EVS"/>
  <testcase name="RM_773_500" time="38.007" classname="newMMIS_Subsystems.EVS">
    <failure type="java.lang.AssertionError" message="Did not get RM 773 / 500 Special program. Call Boston Medical Center HealthNet Plan at 1-888-566-0010 for authorizations. expected [true] but found [false]">
      <![CDATA[java.lang.AssertionError: Did not get RM 773 / 500 Special program. Call Boston Medical Center HealthNet Plan at 1-888-566-0010 for authorizations. expected [true] but found [false]
	at newMMIS_Subsystems.EVS.rmCommon(Unknown Source)
	at newMMIS_Subsystems.EVS.RM_773_500(Unknown Source)
... Removed 26 stack frames]]>
    </failure>
  </testcase> <!-- RM_773_500 -->
  <testcase name="RM_792_637" time="10.127" classname="newMMIS_Subsystems.EVS"/>
  <testcase name="RM_827_386" time="4.051" classname="newMMIS_Subsystems.EVS">
    <skipped/>
  </testcase> <!-- RM_827_386 -->
  <testcase name="RM_831_386" time="8.839" classname="newMMIS_Subsystems.EVS"/>
  <testcase name="RM_832_386" time="8.499" classname="newMMIS_Subsystems.EVS"/>
  <testcase name="RM_840_386" time="3.866" classname="newMMIS_Subsystems.EVS">
    <skipped/>
  </testcase> <!-- RM_840_386 -->
  <testcase name="RM_841_386" time="3.31" classname="newMMIS_Subsystems.EVS">
    <skipped/>
  </testcase> <!-- RM_841_386 -->
  <testcase name="RM_853_636" time="8.758" classname="newMMIS_Subsystems.EVS"/>
  <testcase name="RM_915_647" time="11.199" classname="newMMIS_Subsystems.EVS"/>
  <testcase name="RM_936_656" time="8.315" classname="newMMIS_Subsystems.EVS"/>
  <testcase name="RM_937_656" time="8.399" classname="newMMIS_Subsystems.EVS"/>
  <testcase name="RM_938_656" time="19.394" classname="newMMIS_Subsystems.EVS"/>
  <testcase name="RM_939_656" time="9.942" classname="newMMIS_Subsystems.EVS"/>
  <testcase name="RM_940_656" time="9.879" classname="newMMIS_Subsystems.EVS"/>
  <testcase name="RM_941_656" time="7.955" classname="newMMIS_Subsystems.EVS"/>
  <testcase name="RM_942_656" time="9.862" classname="newMMIS_Subsystems.EVS"/>
  <testcase name="RM_985_658" time="6.806" classname="newMMIS_Subsystems.EVS"/>
  <testcase name="RM_986_661" time="37.661" classname="newMMIS_Subsystems.EVS">
    <failure type="java.lang.AssertionError" message="Did not get RM 986 / 661 Health New England member. For medical services call 1-800-786-9999. For behavioral health services call 1-800-495-0086. expected [true] but found [false]">
      <![CDATA[java.lang.AssertionError: Did not get RM 986 / 661 Health New England member. For medical services call 1-800-786-9999. For behavioral health services call 1-800-495-0086. expected [true] but found [false]
	at newMMIS_Subsystems.EVS.rmCommon(Unknown Source)
	at newMMIS_Subsystems.EVS.RM_986_661(Unknown Source)
... Removed 26 stack frames]]>
    </failure>
  </testcase> <!-- RM_986_661 -->
  <testcase name="RM_987_662" time="42.236" classname="newMMIS_Subsystems.EVS">
    <failure type="java.lang.AssertionError" message="Did not get RM 987 / 662 Health New England member. For dental services call 1-800-786-9999. For vision services call 1-800-786-9999 expected [true] but found [false]">
      <![CDATA[java.lang.AssertionError: Did not get RM 987 / 662 Health New England member. For dental services call 1-800-786-9999. For vision services call 1-800-786-9999 expected [true] but found [false]
	at newMMIS_Subsystems.EVS.rmCommon(Unknown Source)
	at newMMIS_Subsystems.EVS.RM_987_662(Unknown Source)
... Removed 26 stack frames]]>
    </failure>
  </testcase> <!-- RM_987_662 -->
  <testcase name="RM_1055_617" time="5.231" classname="newMMIS_Subsystems.EVS">
    <skipped/>
  </testcase> <!-- RM_1055_617 -->
  <testcase name="RM_1056_617" time="4.065" classname="newMMIS_Subsystems.EVS">
    <skipped/>
  </testcase> <!-- RM_1056_617 -->
  <testcase name="RM_1059_618" time="37.428" classname="newMMIS_Subsystems.EVS">
    <failure type="java.lang.AssertionError" message="Did not get RM 1059 / 618 BMC HealthNet Plan member. BMC HealthNet Plan is an MCO. expected [true] but found [false]">
      <![CDATA[java.lang.AssertionError: Did not get RM 1059 / 618 BMC HealthNet Plan member. BMC HealthNet Plan is an MCO. expected [true] but found [false]
	at newMMIS_Subsystems.EVS.rmCommon(Unknown Source)
	at newMMIS_Subsystems.EVS.RM_1059_618(Unknown Source)
... Removed 26 stack frames]]>
    </failure>
  </testcase> <!-- RM_1059_618 -->
  <testcase name="RM_1061_618" time="38.481" classname="newMMIS_Subsystems.EVS">
    <failure type="java.lang.AssertionError" message="Did not get RM 1061 / 618 BMC HealthNet Plan member. BMC HealthNet Plan is an MCO. expected [true] but found [false]">
      <![CDATA[java.lang.AssertionError: Did not get RM 1061 / 618 BMC HealthNet Plan member. BMC HealthNet Plan is an MCO. expected [true] but found [false]
	at newMMIS_Subsystems.EVS.rmCommon(Unknown Source)
	at newMMIS_Subsystems.EVS.RM_1061_618(Unknown Source)
... Removed 26 stack frames]]>
    </failure>
  </testcase> <!-- RM_1061_618 -->
  <testcase name="RM_1063_619" time="2.597" classname="newMMIS_Subsystems.EVS">
    <skipped/>
  </testcase> <!-- RM_1063_619 -->
  <testcase name="RM_1065_619" time="3.237" classname="newMMIS_Subsystems.EVS">
    <skipped/>
  </testcase> <!-- RM_1065_619 -->
  <testcase name="RM_1119_663" time="37.962" classname="newMMIS_Subsystems.EVS">
    <failure type="java.lang.AssertionError" message="Did not get RM 1119 / 663 Member is enrolled in BH managed care and has TPL or Medicare or is in an aid category excluded from enrollment in an MCO or the PCC Plan. MassHealth is the payer of last resort. For behavioral health services authorization, call 1-800-495-0086. expected [true] but found [false]">
      <![CDATA[java.lang.AssertionError: Did not get RM 1119 / 663 Member is enrolled in BH managed care and has TPL or Medicare or is in an aid category excluded from enrollment in an MCO or the PCC Plan. MassHealth is the payer of last resort. For behavioral health services authorization, call 1-800-495-0086. expected [true] but found [false]
	at newMMIS_Subsystems.EVS.rmCommon(Unknown Source)
	at newMMIS_Subsystems.EVS.RM_1119_663(Unknown Source)
... Removed 26 stack frames]]>
    </failure>
  </testcase> <!-- RM_1119_663 -->
  <testcase name="RM_1120_664" time="42.222" classname="newMMIS_Subsystems.EVS">
    <failure type="java.lang.AssertionError" message="Did not get RM 1120 / 664 Member is enrolled in BH managed care and has TPL or Medicare or is in an aid category excluded from enrollment in an MCO or the PCC Plan. MassHealth is the payer of last resort. For behavioral health services authorization, call 1-800-495-0086. expected [true] but found [false]">
      <![CDATA[java.lang.AssertionError: Did not get RM 1120 / 664 Member is enrolled in BH managed care and has TPL or Medicare or is in an aid category excluded from enrollment in an MCO or the PCC Plan. MassHealth is the payer of last resort. For behavioral health services authorization, call 1-800-495-0086. expected [true] but found [false]
	at newMMIS_Subsystems.EVS.rmCommon(Unknown Source)
	at newMMIS_Subsystems.EVS.RM_1120_664(Unknown Source)
... Removed 26 stack frames]]>
    </failure>
  </testcase> <!-- RM_1120_664 -->
  <testcase name="RM_1136_616" time="41.892" classname="newMMIS_Subsystems.EVS">
    <failure type="java.lang.AssertionError" message="Did not get RM 1136 / 616 Tufts Health Together member. Tufts Health Together is an MCO. expected [true] but found [false]">
      <![CDATA[java.lang.AssertionError: Did not get RM 1136 / 616 Tufts Health Together member. Tufts Health Together is an MCO. expected [true] but found [false]
	at newMMIS_Subsystems.EVS.rmCommon(Unknown Source)
	at newMMIS_Subsystems.EVS.RM_1136_616(Unknown Source)
... Removed 26 stack frames]]>
    </failure>
  </testcase> <!-- RM_1136_616 -->
  <testcase name="RM_1138_616" time="37.89" classname="newMMIS_Subsystems.EVS">
    <failure type="java.lang.AssertionError" message="Did not get RM 1138 / 616 Tufts Health Together member. Tufts Health Together is an MCO. expected [true] but found [false]">
      <![CDATA[java.lang.AssertionError: Did not get RM 1138 / 616 Tufts Health Together member. Tufts Health Together is an MCO. expected [true] but found [false]
	at newMMIS_Subsystems.EVS.rmCommon(Unknown Source)
	at newMMIS_Subsystems.EVS.RM_1138_616(Unknown Source)
... Removed 26 stack frames]]>
    </failure>
  </testcase> <!-- RM_1138_616 -->
  <testcase name="RM_1151_634" time="26.473" classname="newMMIS_Subsystems.EVS">
    <skipped/>
  </testcase> <!-- RM_1151_634 -->
  <testcase name="RM_1231_665" time="43.889" classname="newMMIS_Subsystems.EVS">
    <failure type="java.lang.AssertionError" message="Did not get RM 1231 / 665 Senior Care Options. Payment limited to SCO. Authorization needed for all services except emergencies. Call Tufts Health Plan Senior Care Options - 855-670-5934 expected [true] but found [false]">
      <![CDATA[java.lang.AssertionError: Did not get RM 1231 / 665 Senior Care Options. Payment limited to SCO. Authorization needed for all services except emergencies. Call Tufts Health Plan Senior Care Options - 855-670-5934 expected [true] but found [false]
	at newMMIS_Subsystems.EVS.rmCommon(Unknown Source)
	at newMMIS_Subsystems.EVS.RM_1231_665(Unknown Source)
... Removed 26 stack frames]]>
    </failure>
  </testcase> <!-- RM_1231_665 -->
  <testcase name="RM_950_611" time="7.989" classname="newMMIS_Subsystems.EVS"/>
  <testcase name="RM_951_611" time="10.609" classname="newMMIS_Subsystems.EVS"/>
  <testcase name="RM_952_611" time="8.81" classname="newMMIS_Subsystems.EVS"/>
  <testcase name="RM_953_611" time="7.115" classname="newMMIS_Subsystems.EVS"/>
  <testcase name="RM_954_611" time="11.057" classname="newMMIS_Subsystems.EVS"/>
  <testcase name="RM_955_611" time="11.011" classname="newMMIS_Subsystems.EVS"/>
  <testcase name="RM_956_611" time="9.912" classname="newMMIS_Subsystems.EVS"/>
  <testcase name="RM_957_611" time="7.019" classname="newMMIS_Subsystems.EVS"/>
  <testcase name="RM_958_611" time="5.319" classname="newMMIS_Subsystems.EVS">
    <skipped/>
  </testcase> <!-- RM_958_611 -->
  <testcase name="RM_959_611" time="5.471" classname="newMMIS_Subsystems.EVS">
    <skipped/>
  </testcase> <!-- RM_959_611 -->
  <testcase name="RM_960_611" time="9.37" classname="newMMIS_Subsystems.EVS"/>
  <testcase name="RM_962_611" time="10.591" classname="newMMIS_Subsystems.EVS"/>
  <testcase name="RM_963_611" time="8.413" classname="newMMIS_Subsystems.EVS"/>
  <testcase name="RM_964_611" time="7.983" classname="newMMIS_Subsystems.EVS"/>
  <testcase name="RM_965_611" time="6.948" classname="newMMIS_Subsystems.EVS"/>
  <testcase name="RM_966_611" time="8.655" classname="newMMIS_Subsystems.EVS"/>
  <testcase name="RM_967_611" time="7.711" classname="newMMIS_Subsystems.EVS"/>
  <testcase name="RM_968_611" time="7.401" classname="newMMIS_Subsystems.EVS"/>
  <testcase name="RM_969_611" time="13.84" classname="newMMIS_Subsystems.EVS"/>
  <testcase name="RM_970_611" time="9.154" classname="newMMIS_Subsystems.EVS"/>
  <testcase name="RM_971_611" time="10.503" classname="newMMIS_Subsystems.EVS"/>
  <testcase name="RM_972_611" time="7.198" classname="newMMIS_Subsystems.EVS"/>
  <testcase name="RM_973_611" time="7.992" classname="newMMIS_Subsystems.EVS"/>
  <testcase name="RM_974_611" time="6.946" classname="newMMIS_Subsystems.EVS"/>
  <testcase name="RM_975_611" time="10.283" classname="newMMIS_Subsystems.EVS"/>
  <testcase name="RM_976_611" time="13.431" classname="newMMIS_Subsystems.EVS"/>
  <testcase name="RM_977_611" time="11.232" classname="newMMIS_Subsystems.EVS"/>
  <testcase name="RM_980_611" time="4.948" classname="newMMIS_Subsystems.EVS">
    <skipped/>
  </testcase> <!-- RM_980_611 -->
  <testcase name="RM_981_611" time="9.935" classname="newMMIS_Subsystems.EVS"/>
  <testcase name="RM_982_611" time="4.123" classname="newMMIS_Subsystems.EVS">
    <skipped/>
  </testcase> <!-- RM_982_611 -->
  <testcase name="connectorFullHSN" time="0.001" classname="newMMIS_Subsystems.EVS">
    <skipped/>
  </testcase> <!-- connectorFullHSN -->
  <testcase name="connectorFullHSN" time="7.416" classname="newMMIS_Subsystems.EVS"/>
  <testcase name="connectorFullHSN" time="5.358" classname="newMMIS_Subsystems.EVS">
    <skipped/>
  </testcase> <!-- connectorFullHSN -->
  <testcase name="connectorFullHSN" time="2.642" classname="newMMIS_Subsystems.EVS">
    <skipped/>
  </testcase> <!-- connectorFullHSN -->
  <testcase name="connectorFullHSN" time="6.331" classname="newMMIS_Subsystems.EVS">
    <skipped/>
  </testcase> <!-- connectorFullHSN -->
  <testcase name="connectorFullHSN" time="11.491" classname="newMMIS_Subsystems.EVS"/>
  <testcase name="connectorFullHSN" time="8.683" classname="newMMIS_Subsystems.EVS"/>
  <testcase name="connectorFullHSN" time="2.667" classname="newMMIS_Subsystems.EVS">
    <skipped/>
  </testcase> <!-- connectorFullHSN -->
  <testcase name="connectorFullHSN" time="3.227" classname="newMMIS_Subsystems.EVS">
    <skipped/>
  </testcase> <!-- connectorFullHSN -->
  <testcase name="connectorFullHSN" time="2.586" classname="newMMIS_Subsystems.EVS">
    <skipped/>
  </testcase> <!-- connectorFullHSN -->
  <testcase name="connectorFullHSN" time="2.083" classname="newMMIS_Subsystems.EVS">
    <skipped/>
  </testcase> <!-- connectorFullHSN -->
  <testcase name="connectorFullHSN" time="2.867" classname="newMMIS_Subsystems.EVS">
    <skipped/>
  </testcase> <!-- connectorFullHSN -->
  <testcase name="connectorFullHSN" time="2.374" classname="newMMIS_Subsystems.EVS">
    <skipped/>
  </testcase> <!-- connectorFullHSN -->
  <testcase name="connectorFullHSN" time="2.704" classname="newMMIS_Subsystems.EVS">
    <skipped/>
  </testcase> <!-- connectorFullHSN -->
  <testcase name="connectorFullHSN" time="3.377" classname="newMMIS_Subsystems.EVS">
    <skipped/>
  </testcase> <!-- connectorFullHSN -->
  <testcase name="connectorFullHSN" time="2.753" classname="newMMIS_Subsystems.EVS">
    <skipped/>
  </testcase> <!-- connectorFullHSN -->
  <testcase name="qhpFullHSN" time="3.012" classname="newMMIS_Subsystems.EVS">
    <skipped/>
  </testcase> <!-- qhpFullHSN -->
  <testcase name="qhpFullHSN" time="3.831" classname="newMMIS_Subsystems.EVS">
    <skipped/>
  </testcase> <!-- qhpFullHSN -->
  <testcase name="qhpFullHSN" time="3.96" classname="newMMIS_Subsystems.EVS">
    <skipped/>
  </testcase> <!-- qhpFullHSN -->
  <testcase name="qhpFullHSN" time="8.832" classname="newMMIS_Subsystems.EVS"/>
  <testcase name="connectorPartHSN" time="0.0" classname="newMMIS_Subsystems.EVS">
    <skipped/>
  </testcase> <!-- connectorPartHSN -->
  <testcase name="connectorPartHSN" time="3.198" classname="newMMIS_Subsystems.EVS">
    <skipped/>
  </testcase> <!-- connectorPartHSN -->
  <testcase name="connectorPartHSN" time="4.651" classname="newMMIS_Subsystems.EVS">
    <skipped/>
  </testcase> <!-- connectorPartHSN -->
  <testcase name="connectorPartHSN" time="8.867" classname="newMMIS_Subsystems.EVS"/>
  <testcase name="connectorPartHSN" time="3.614" classname="newMMIS_Subsystems.EVS">
    <skipped/>
  </testcase> <!-- connectorPartHSN -->
  <testcase name="connectorPartHSN" time="4.109" classname="newMMIS_Subsystems.EVS">
    <skipped/>
  </testcase> <!-- connectorPartHSN -->
  <testcase name="connectorPartHSN" time="6.512" classname="newMMIS_Subsystems.EVS"/>
  <testcase name="connectorPartHSN" time="3.478" classname="newMMIS_Subsystems.EVS">
    <skipped/>
  </testcase> <!-- connectorPartHSN -->
  <testcase name="connectorPartHSN" time="4.029" classname="newMMIS_Subsystems.EVS">
    <skipped/>
  </testcase> <!-- connectorPartHSN -->
  <testcase name="connectorPartHSN" time="7.034" classname="newMMIS_Subsystems.EVS"/>
  <testcase name="connectorPartHSN" time="4.445" classname="newMMIS_Subsystems.EVS">
    <skipped/>
  </testcase> <!-- connectorPartHSN -->
  <testcase name="qhpPartHSN" time="3.076" classname="newMMIS_Subsystems.EVS">
    <skipped/>
  </testcase> <!-- qhpPartHSN -->
  <testcase name="qhpPartHSN" time="2.077" classname="newMMIS_Subsystems.EVS">
    <skipped/>
  </testcase> <!-- qhpPartHSN -->
  <testcase name="RM_1503_679" time="7.981" classname="newMMIS_Subsystems.EVS"/>
  <testcase name="RM_1540" time="7.788" classname="newMMIS_Subsystems.EVS">
    <failure type="java.lang.AssertionError" message="Did not get RM 1540 / Family Assistance Wrap Benefits expected [true] but found [false]">
      <![CDATA[java.lang.AssertionError: Did not get RM 1540 / Family Assistance Wrap Benefits expected [true] but found [false]
	at newMMIS_Subsystems.EVS.rmCommon(Unknown Source)
	at newMMIS_Subsystems.EVS.RM_1540(Unknown Source)
... Removed 26 stack frames]]>
    </failure>
  </testcase> <!-- RM_1540 -->
  <testcase name="RM_1541" time="2.644" classname="newMMIS_Subsystems.EVS">
    <skipped/>
  </testcase> <!-- RM_1541 -->
</testsuite> <!-- EVS test -->
