<?xml version="1.0" encoding="UTF-8"?>
<!-- Generated by org.testng.reporters.JUnitXMLReporter -->
<testsuite hostname="GANDHIAN1" name="HIPAA test2" tests="3" failures="0" timestamp="1 Oct 2013 21:00:39 GMT" time="41.854" errors="0">
  <testcase name="test22384a" time="12.442" classname="newMMIS_Subsystems.HIPAA"/>
  <testcase name="test22392a" time="11.016" classname="newMMIS_Subsystems.HIPAA"/>
  <testcase name="test22400a" time="11.236" classname="newMMIS_Subsystems.HIPAA"/>
</testsuite> <!-- HIPAA test2 -->
