<?xml version="1.0" encoding="UTF-8"?>
<!-- Generated by org.testng.reporters.JUnitXMLReporter -->
<testsuite hostname="GANDHIAN1" name="HIPAA test0" tests="3" failures="1" timestamp="1 Oct 2013 20:59:15 GMT" time="37.218" errors="0">
  <testcase name="test22384a" time="7.245" classname="newMMIS_Subsystems.HIPAA">
    <failure type="java.lang.AssertionError" message="Save NOT successful Error Message: The Member does not meet the Age/Head of Household criteria for submitting an Access Request. Do you want to continue?... expected [true] but found [false]">
      <![CDATA[java.lang.AssertionError: Save NOT successful Error Message: The Member does not meet the Age/Head of Household criteria for submitting an Access Request. Do you want to continue?... expected [true] but found [false]
	at newMMIS_Subsystems.Common.saveAll(Unknown Source)
	at newMMIS_Subsystems.HIPAA.comments(Unknown Source)
	at newMMIS_Subsystems.HIPAA.test22384a(Unknown Source)
... Removed 26 stack frames]]>
    </failure>
  </testcase> <!-- test22384a -->
  <testcase name="test22392a" time="11.628" classname="newMMIS_Subsystems.HIPAA"/>
  <testcase name="test22400a" time="11.098" classname="newMMIS_Subsystems.HIPAA"/>
</testsuite> <!-- HIPAA test0 -->
