<?xml version="1.0" encoding="UTF-8"?>
<!-- Generated by org.testng.reporters.JUnitXMLReporter -->
<testsuite hostname="GWT-DFGS3G4" failures="1" tests="2" name="Login test" time="130.586" errors="0" timestamp="10 Apr 2026 13:35:31 GMT">
  <testcase classname="newMMIS_Subsystems.Login" name="testDBconnect" time="1.283"/>
  <testcase classname="newMMIS_Subsystems.Login" name="testLoginBase" time="128.648">
    <failure type="org.openqa.selenium.TimeoutException" message="timeout: Timed out receiving message from renderer: 120.000
  (Session info: chrome=146.0.7680.180)
  (Driver info: chromedriver=146.0.7680.153 (85fd829a1b2049479ead5ed578f5ed105a094fe4-refs/branch-heads/7680@{#2745}),platform=Windows NT 10.0.26100 x86_64) (WARNING: The server did not provide any stacktrace information)
Command duration or timeout: 120.15 seconds
Build info: version: &amp;apos;2.49.1&amp;apos;, revision: &amp;apos;7203e46&amp;apos;, time: &amp;apos;2016-01-21 17:35:35&amp;apos;
System info: host: &amp;apos;GWT-DFGS3G4&amp;apos;, ip: &amp;apos;192.168.0.142&amp;apos;, os.name: &amp;apos;Windows 11&amp;apos;, os.arch: &amp;apos;amd64&amp;apos;, os.version: &amp;apos;10.0&amp;apos;, java.version: &amp;apos;21.0.10&amp;apos;
Driver info: org.openqa.selenium.chrome.ChromeDriver
Capabilities [{mobileEmulationEnabled=false, timeouts={implicit=0, pageLoad=300000, script=30000}, hasTouchScreen=false, platform=XP, acceptSslCerts=false, goog:chromeOptions={debuggerAddress=localhost:57800}, webauthn:extension:credBlob=true, acceptInsecureCerts=false, fedcm:accounts=true, webStorageEnabled=true, browserName=chrome, takesScreenshot=true, javascriptEnabled=true, setWindowRect=true, webauthn:extension:largeBlob=true, unexpectedAlertBehaviour=ignore, rotatable=false, networkConnectionEnabled=false, chrome={chromedriverVersion=146.0.7680.153 (85fd829a1b2049479ead5ed578f5ed105a094fe4-refs/branch-heads/7680@{#2745}), userDataDir=C:\Users\gt133844\AppData\Local\Temp\scoped_dir42540_507984281}, takesHeapSnapshot=true, goog:processID=19092, pageLoadStrategy=normal, strictFileInteractability=false, databaseEnabled=false, handlesAlerts=true, version=146.0.7680.180, browserConnectionEnabled=false, proxy={}, nativeEvents=true, webauthn:extension:minPinLength=true, webauthn:extension:prf=true, locationContextEnabled=true, cssSelectorsEnabled=true, webauthn:virtualAuthenticators=true}]
Session ID: d726c5625305306c3cd88a8b4dbc0f56">
      <![CDATA[org.openqa.selenium.TimeoutException: timeout: Timed out receiving message from renderer: 120.000
  (Session info: chrome=146.0.7680.180)
  (Driver info: chromedriver=146.0.7680.153 (85fd829a1b2049479ead5ed578f5ed105a094fe4-refs/branch-heads/7680@{#2745}),platform=Windows NT 10.0.26100 x86_64) (WARNING: The server did not provide any stacktrace information)
Command duration or timeout: 120.15 seconds
Build info: version: '2.49.1', revision: '7203e46', time: '2016-01-21 17:35:35'
System info: host: 'GWT-DFGS3G4', ip: '192.168.0.142', os.name: 'Windows 11', os.arch: 'amd64', os.version: '10.0', java.version: '21.0.10'
Driver info: org.openqa.selenium.chrome.ChromeDriver
Capabilities [{mobileEmulationEnabled=false, timeouts={implicit=0, pageLoad=300000, script=30000}, hasTouchScreen=false, platform=XP, acceptSslCerts=false, goog:chromeOptions={debuggerAddress=localhost:57800}, webauthn:extension:credBlob=true, acceptInsecureCerts=false, fedcm:accounts=true, webStorageEnabled=true, browserName=chrome, takesScreenshot=true, javascriptEnabled=true, setWindowRect=true, webauthn:extension:largeBlob=true, unexpectedAlertBehaviour=ignore, rotatable=false, networkConnectionEnabled=false, chrome={chromedriverVersion=146.0.7680.153 (85fd829a1b2049479ead5ed578f5ed105a094fe4-refs/branch-heads/7680@{#2745}), userDataDir=C:\Users\gt133844\AppData\Local\Temp\scoped_dir42540_507984281}, takesHeapSnapshot=true, goog:processID=19092, pageLoadStrategy=normal, strictFileInteractability=false, databaseEnabled=false, handlesAlerts=true, version=146.0.7680.180, browserConnectionEnabled=false, proxy={}, nativeEvents=true, webauthn:extension:minPinLength=true, webauthn:extension:prf=true, locationContextEnabled=true, cssSelectorsEnabled=true, webauthn:virtualAuthenticators=true}]
Session ID: d726c5625305306c3cd88a8b4dbc0f56
	at org.openqa.selenium.remote.ErrorHandler.createThrowable(ErrorHandler.java:206)
	at org.openqa.selenium.remote.ErrorHandler.throwIfResponseFailed(ErrorHandler.java:158)
	at org.openqa.selenium.remote.RemoteWebDriver.execute(RemoteWebDriver.java:678)
	at org.openqa.selenium.remote.RemoteWebElement.execute(RemoteWebElement.java:327)
	at org.openqa.selenium.remote.RemoteWebElement.click(RemoteWebElement.java:85)
	at newMMIS_Subsystems.Login.testLoginBase(Login.java:416)
... Removed 25 stack frames]]>
    </failure>
  </testcase> <!-- testLoginBase -->
</testsuite> <!-- Login test -->
