<?xml version="1.0" encoding="UTF-8"?>
<!-- Generated by org.testng.reporters.JUnitXMLReporter -->
<testsuite hostname="GWT-2GJ2DL3" failures="1" tests="2" name="Member Day2 test" time="29.527" errors="0" timestamp="1 Dec 2025 16:53:16 GMT">
  <testcase classname="newMMIS_Subsystems.MemberDay2" name="test32913b" time="9.065">
    <failure type="java.lang.AssertionError" message="Inactive member link status is not Inactive expected [true] but found [false]">
      <![CDATA[java.lang.AssertionError: Inactive member link status is not Inactive expected [true] but found [false]
	at newMMIS_Subsystems.MemberDay2.test32913b(Unknown Source)
... Removed 24 stack frames]]>
    </failure>
  </testcase> <!-- test32913b -->
  <testcase classname="newMMIS_Subsystems.MemberDay2" name="test32914b" time="12.517"/>
</testsuite> <!-- Member Day2 test -->
