<?xml version="1.0" encoding="UTF-8"?>
<!-- Generated by org.testng.reporters.JUnitXMLReporter -->
<testsuite hostname="GWT-2GJ2DL3" name="Member Day2 test" tests="2" failures="1" timestamp="10 Sep 2025 19:10:44 GMT" time="28.266" errors="0">
  <testcase name="test32913b" time="8.272" classname="newMMIS_Subsystems.MemberDay2">
    <failure type="java.lang.AssertionError" message="Inactive member link status is not Inactive expected [true] but found [false]">
      <![CDATA[java.lang.AssertionError: Inactive member link status is not Inactive expected [true] but found [false]
	at newMMIS_Subsystems.MemberDay2.test32913b(Unknown Source)
... Removed 26 stack frames]]>
    </failure>
  </testcase> <!-- test32913b -->
  <testcase name="test32914b" time="11.829" classname="newMMIS_Subsystems.MemberDay2"/>
</testsuite> <!-- Member Day2 test -->
