<?xml version="1.0" encoding="UTF-8"?>
<!-- Generated by org.testng.reporters.JUnitXMLReporter -->
<testsuite hostname="GWT-2GJ2DL3" failures="15" tests="68" name="Member test" time="2121.922" errors="0" timestamp="14 Jan 2026 21:47:19 GMT">
  <testcase classname="newMMIS_Subsystems.Member" name="test22528" time="32.165"/>
  <testcase classname="newMMIS_Subsystems.Member" name="test22529" time="12.575"/>
  <testcase classname="newMMIS_Subsystems.Member" name="test22530" time="11.404">
    <failure type="java.lang.AssertionError" message="Address Mismatch expected [true] but found [false]">
      <![CDATA[java.lang.AssertionError: Address Mismatch expected [true] but found [false]
	at newMMIS_Subsystems.Member.test22530(Unknown Source)
... Removed 24 stack frames]]>
    </failure>
  </testcase> <!-- test22530 -->
  <testcase classname="newMMIS_Subsystems.Member" name="test22531" time="21.113"/>
  <testcase classname="newMMIS_Subsystems.Member" name="test22532" time="16.796"/>
  <testcase classname="newMMIS_Subsystems.Member" name="test22534" time="7.52"/>
  <testcase classname="newMMIS_Subsystems.Member" name="test22538" time="17.415">
    <failure type="java.lang.AssertionError" message="Name Mismatch expected [true] but found [false]">
      <![CDATA[java.lang.AssertionError: Name Mismatch expected [true] but found [false]
	at newMMIS_Subsystems.Member.test22538(Unknown Source)
... Removed 24 stack frames]]>
    </failure>
  </testcase> <!-- test22538 -->
  <testcase classname="newMMIS_Subsystems.Member" name="test22539" time="40.662"/>
  <testcase classname="newMMIS_Subsystems.Member" name="test22541" time="34.18">
    <failure type="org.openqa.selenium.NoSuchElementException" message="no such element: Unable to locate element: {&amp;quot;method&amp;quot;:&amp;quot;id&amp;quot;,&amp;quot;selector&amp;quot;:&amp;quot;MMISForm:MMISBodyContent:LockinDetailsPanel:LockinPeriodDataPanel_EffectiveDate&amp;quot;}
  (Session info: chrome=119.0.6045.200)
  (Driver info: chromedriver=119.0.6045.105 (38c72552c5e15ba9b3117c0967a0fd105072d7c6-refs/branch-heads/6045@{#1103}),platform=Windows NT 10.0.22631 x86_64) (WARNING: The server did not provide any stacktrace information)
Command duration or timeout: 30.05 seconds
For documentation on this error, please visit: http://seleniumhq.org/exceptions/no_such_element.html
Build info: version: &amp;apos;2.49.1&amp;apos;, revision: &amp;apos;7203e46&amp;apos;, time: &amp;apos;2016-01-21 17:35:35&amp;apos;
System info: host: &amp;apos;GWT-2GJ2DL3&amp;apos;, ip: &amp;apos;192.168.1.125&amp;apos;, os.name: &amp;apos;Windows 11&amp;apos;, os.arch: &amp;apos;amd64&amp;apos;, os.version: &amp;apos;10.0&amp;apos;, java.version: &amp;apos;21.0.9&amp;apos;
Driver info: org.openqa.selenium.chrome.ChromeDriver
Capabilities [{mobileEmulationEnabled=false, timeouts={implicit=0, pageLoad=300000, script=30000}, hasTouchScreen=false, platform=XP, acceptSslCerts=false, goog:chromeOptions={debuggerAddress=localhost:54991}, webauthn:extension:credBlob=true, acceptInsecureCerts=false, fedcm:accounts=true, webStorageEnabled=true, browserName=chrome, takesScreenshot=true, javascriptEnabled=true, setWindowRect=true, webauthn:extension:largeBlob=true, unexpectedAlertBehaviour=ignore, rotatable=false, networkConnectionEnabled=false, chrome={chromedriverVersion=119.0.6045.105 (38c72552c5e15ba9b3117c0967a0fd105072d7c6-refs/branch-heads/6045@{#1103}), userDataDir=C:\Users\AGANDH~1\AppData\Local\Temp\scoped_dir19896_2135198137}, takesHeapSnapshot=true, pageLoadStrategy=normal, strictFileInteractability=false, databaseEnabled=false, handlesAlerts=true, version=119.0.6045.200, browserConnectionEnabled=false, proxy={}, nativeEvents=true, webauthn:extension:minPinLength=true, webauthn:extension:prf=true, locationContextEnabled=true, cssSelectorsEnabled=true, webauthn:virtualAuthenticators=true}]
Session ID: 6c6c69e146eadd38b695f521f0727751
*** Element info: {Using=id, value=MMISForm:MMISBodyContent:LockinDetailsPanel:LockinPeriodDataPanel_EffectiveDate}">
      <![CDATA[org.openqa.selenium.NoSuchElementException: no such element: Unable to locate element: {"method":"id","selector":"MMISForm:MMISBodyContent:LockinDetailsPanel:LockinPeriodDataPanel_EffectiveDate"}
  (Session info: chrome=119.0.6045.200)
  (Driver info: chromedriver=119.0.6045.105 (38c72552c5e15ba9b3117c0967a0fd105072d7c6-refs/branch-heads/6045@{#1103}),platform=Windows NT 10.0.22631 x86_64) (WARNING: The server did not provide any stacktrace information)
Command duration or timeout: 30.05 seconds
For documentation on this error, please visit: http://seleniumhq.org/exceptions/no_such_element.html
Build info: version: '2.49.1', revision: '7203e46', time: '2016-01-21 17:35:35'
System info: host: 'GWT-2GJ2DL3', ip: '192.168.1.125', os.name: 'Windows 11', os.arch: 'amd64', os.version: '10.0', java.version: '21.0.9'
Driver info: org.openqa.selenium.chrome.ChromeDriver
Capabilities [{mobileEmulationEnabled=false, timeouts={implicit=0, pageLoad=300000, script=30000}, hasTouchScreen=false, platform=XP, acceptSslCerts=false, goog:chromeOptions={debuggerAddress=localhost:54991}, webauthn:extension:credBlob=true, acceptInsecureCerts=false, fedcm:accounts=true, webStorageEnabled=true, browserName=chrome, takesScreenshot=true, javascriptEnabled=true, setWindowRect=true, webauthn:extension:largeBlob=true, unexpectedAlertBehaviour=ignore, rotatable=false, networkConnectionEnabled=false, chrome={chromedriverVersion=119.0.6045.105 (38c72552c5e15ba9b3117c0967a0fd105072d7c6-refs/branch-heads/6045@{#1103}), userDataDir=C:\Users\AGANDH~1\AppData\Local\Temp\scoped_dir19896_2135198137}, takesHeapSnapshot=true, pageLoadStrategy=normal, strictFileInteractability=false, databaseEnabled=false, handlesAlerts=true, version=119.0.6045.200, browserConnectionEnabled=false, proxy={}, nativeEvents=true, webauthn:extension:minPinLength=true, webauthn:extension:prf=true, locationContextEnabled=true, cssSelectorsEnabled=true, webauthn:virtualAuthenticators=true}]
Session ID: 6c6c69e146eadd38b695f521f0727751
*** Element info: {Using=id, value=MMISForm:MMISBodyContent:LockinDetailsPanel:LockinPeriodDataPanel_EffectiveDate}
	at org.openqa.selenium.remote.ErrorHandler.createThrowable(ErrorHandler.java:206)
	at org.openqa.selenium.remote.ErrorHandler.throwIfResponseFailed(ErrorHandler.java:158)
	at org.openqa.selenium.remote.RemoteWebDriver.execute(RemoteWebDriver.java:678)
	at org.openqa.selenium.remote.RemoteWebDriver.findElement(RemoteWebDriver.java:363)
	at org.openqa.selenium.remote.RemoteWebDriver.findElementById(RemoteWebDriver.java:413)
	at org.openqa.selenium.By$ById.findElement(By.java:218)
	at org.openqa.selenium.remote.RemoteWebDriver.findElement(RemoteWebDriver.java:355)
	at newMMIS_Subsystems.Member.test22541(Unknown Source)
... Removed 24 stack frames]]>
    </failure>
  </testcase> <!-- test22541 -->
  <testcase classname="newMMIS_Subsystems.Member" name="test22549" time="17.464"/>
  <testcase classname="newMMIS_Subsystems.Member" name="test23393" time="26.554"/>
  <testcase classname="newMMIS_Subsystems.Member" name="test23394" time="26.621"/>
  <testcase classname="newMMIS_Subsystems.Member" name="test23395" time="25.343"/>
  <testcase classname="newMMIS_Subsystems.Member" name="test23396" time="26.787"/>
  <testcase classname="newMMIS_Subsystems.Member" name="test23397" time="26.154"/>
  <testcase classname="newMMIS_Subsystems.Member" name="test23407" time="34.038">
    <failure type="org.openqa.selenium.NoSuchElementException" message="no such element: Unable to locate element: {&amp;quot;method&amp;quot;:&amp;quot;id&amp;quot;,&amp;quot;selector&amp;quot;:&amp;quot;MMISForm:MMISBodyContent:LockinDetailsPanel:LockinPeriodDataPanel_EffectiveDate&amp;quot;}
  (Session info: chrome=119.0.6045.200)
  (Driver info: chromedriver=119.0.6045.105 (38c72552c5e15ba9b3117c0967a0fd105072d7c6-refs/branch-heads/6045@{#1103}),platform=Windows NT 10.0.22631 x86_64) (WARNING: The server did not provide any stacktrace information)
Command duration or timeout: 30.06 seconds
For documentation on this error, please visit: http://seleniumhq.org/exceptions/no_such_element.html
Build info: version: &amp;apos;2.49.1&amp;apos;, revision: &amp;apos;7203e46&amp;apos;, time: &amp;apos;2016-01-21 17:35:35&amp;apos;
System info: host: &amp;apos;GWT-2GJ2DL3&amp;apos;, ip: &amp;apos;192.168.1.125&amp;apos;, os.name: &amp;apos;Windows 11&amp;apos;, os.arch: &amp;apos;amd64&amp;apos;, os.version: &amp;apos;10.0&amp;apos;, java.version: &amp;apos;21.0.9&amp;apos;
Driver info: org.openqa.selenium.chrome.ChromeDriver
Capabilities [{mobileEmulationEnabled=false, timeouts={implicit=0, pageLoad=300000, script=30000}, hasTouchScreen=false, platform=XP, acceptSslCerts=false, goog:chromeOptions={debuggerAddress=localhost:54991}, webauthn:extension:credBlob=true, acceptInsecureCerts=false, fedcm:accounts=true, webStorageEnabled=true, browserName=chrome, takesScreenshot=true, javascriptEnabled=true, setWindowRect=true, webauthn:extension:largeBlob=true, unexpectedAlertBehaviour=ignore, rotatable=false, networkConnectionEnabled=false, chrome={chromedriverVersion=119.0.6045.105 (38c72552c5e15ba9b3117c0967a0fd105072d7c6-refs/branch-heads/6045@{#1103}), userDataDir=C:\Users\AGANDH~1\AppData\Local\Temp\scoped_dir19896_2135198137}, takesHeapSnapshot=true, pageLoadStrategy=normal, strictFileInteractability=false, databaseEnabled=false, handlesAlerts=true, version=119.0.6045.200, browserConnectionEnabled=false, proxy={}, nativeEvents=true, webauthn:extension:minPinLength=true, webauthn:extension:prf=true, locationContextEnabled=true, cssSelectorsEnabled=true, webauthn:virtualAuthenticators=true}]
Session ID: 6c6c69e146eadd38b695f521f0727751
*** Element info: {Using=id, value=MMISForm:MMISBodyContent:LockinDetailsPanel:LockinPeriodDataPanel_EffectiveDate}">
      <![CDATA[org.openqa.selenium.NoSuchElementException: no such element: Unable to locate element: {"method":"id","selector":"MMISForm:MMISBodyContent:LockinDetailsPanel:LockinPeriodDataPanel_EffectiveDate"}
  (Session info: chrome=119.0.6045.200)
  (Driver info: chromedriver=119.0.6045.105 (38c72552c5e15ba9b3117c0967a0fd105072d7c6-refs/branch-heads/6045@{#1103}),platform=Windows NT 10.0.22631 x86_64) (WARNING: The server did not provide any stacktrace information)
Command duration or timeout: 30.06 seconds
For documentation on this error, please visit: http://seleniumhq.org/exceptions/no_such_element.html
Build info: version: '2.49.1', revision: '7203e46', time: '2016-01-21 17:35:35'
System info: host: 'GWT-2GJ2DL3', ip: '192.168.1.125', os.name: 'Windows 11', os.arch: 'amd64', os.version: '10.0', java.version: '21.0.9'
Driver info: org.openqa.selenium.chrome.ChromeDriver
Capabilities [{mobileEmulationEnabled=false, timeouts={implicit=0, pageLoad=300000, script=30000}, hasTouchScreen=false, platform=XP, acceptSslCerts=false, goog:chromeOptions={debuggerAddress=localhost:54991}, webauthn:extension:credBlob=true, acceptInsecureCerts=false, fedcm:accounts=true, webStorageEnabled=true, browserName=chrome, takesScreenshot=true, javascriptEnabled=true, setWindowRect=true, webauthn:extension:largeBlob=true, unexpectedAlertBehaviour=ignore, rotatable=false, networkConnectionEnabled=false, chrome={chromedriverVersion=119.0.6045.105 (38c72552c5e15ba9b3117c0967a0fd105072d7c6-refs/branch-heads/6045@{#1103}), userDataDir=C:\Users\AGANDH~1\AppData\Local\Temp\scoped_dir19896_2135198137}, takesHeapSnapshot=true, pageLoadStrategy=normal, strictFileInteractability=false, databaseEnabled=false, handlesAlerts=true, version=119.0.6045.200, browserConnectionEnabled=false, proxy={}, nativeEvents=true, webauthn:extension:minPinLength=true, webauthn:extension:prf=true, locationContextEnabled=true, cssSelectorsEnabled=true, webauthn:virtualAuthenticators=true}]
Session ID: 6c6c69e146eadd38b695f521f0727751
*** Element info: {Using=id, value=MMISForm:MMISBodyContent:LockinDetailsPanel:LockinPeriodDataPanel_EffectiveDate}
	at org.openqa.selenium.remote.ErrorHandler.createThrowable(ErrorHandler.java:206)
	at org.openqa.selenium.remote.ErrorHandler.throwIfResponseFailed(ErrorHandler.java:158)
	at org.openqa.selenium.remote.RemoteWebDriver.execute(RemoteWebDriver.java:678)
	at org.openqa.selenium.remote.RemoteWebDriver.findElement(RemoteWebDriver.java:363)
	at org.openqa.selenium.remote.RemoteWebDriver.findElementById(RemoteWebDriver.java:413)
	at org.openqa.selenium.By$ById.findElement(By.java:218)
	at org.openqa.selenium.remote.RemoteWebDriver.findElement(RemoteWebDriver.java:355)
	at newMMIS_Subsystems.Member.test23407(Unknown Source)
... Removed 24 stack frames]]>
    </failure>
  </testcase> <!-- test23407 -->
  <testcase classname="newMMIS_Subsystems.Member" name="test23384" time="15.971"/>
  <testcase classname="newMMIS_Subsystems.Member" name="test23385" time="15.477"/>
  <testcase classname="newMMIS_Subsystems.Member" name="test24487" time="18.269"/>
  <testcase classname="newMMIS_Subsystems.Member" name="test26281" time="9.079"/>
  <testcase classname="newMMIS_Subsystems.Member" name="test26282" time="18.165"/>
  <testcase classname="newMMIS_Subsystems.Member" name="test26280" time="17.052"/>
  <testcase classname="newMMIS_Subsystems.Member" name="test24485" time="18.113"/>
  <testcase classname="newMMIS_Subsystems.Member" name="test22554a_23403" time="41.605">
    <failure type="org.openqa.selenium.NoSuchElementException" message="no such element: Unable to locate element: {&amp;quot;method&amp;quot;:&amp;quot;xpath&amp;quot;,&amp;quot;selector&amp;quot;:&amp;quot;//img[@alt=&amp;apos;Link ID From pop-up search&amp;apos;]&amp;quot;}
  (Session info: chrome=119.0.6045.200)
  (Driver info: chromedriver=119.0.6045.105 (38c72552c5e15ba9b3117c0967a0fd105072d7c6-refs/branch-heads/6045@{#1103}),platform=Windows NT 10.0.22631 x86_64) (WARNING: The server did not provide any stacktrace information)
Command duration or timeout: 30.28 seconds
For documentation on this error, please visit: http://seleniumhq.org/exceptions/no_such_element.html
Build info: version: &amp;apos;2.49.1&amp;apos;, revision: &amp;apos;7203e46&amp;apos;, time: &amp;apos;2016-01-21 17:35:35&amp;apos;
System info: host: &amp;apos;GWT-2GJ2DL3&amp;apos;, ip: &amp;apos;192.168.1.125&amp;apos;, os.name: &amp;apos;Windows 11&amp;apos;, os.arch: &amp;apos;amd64&amp;apos;, os.version: &amp;apos;10.0&amp;apos;, java.version: &amp;apos;21.0.9&amp;apos;
Driver info: org.openqa.selenium.chrome.ChromeDriver
Capabilities [{mobileEmulationEnabled=false, timeouts={implicit=0, pageLoad=300000, script=30000}, hasTouchScreen=false, platform=XP, acceptSslCerts=false, goog:chromeOptions={debuggerAddress=localhost:54991}, webauthn:extension:credBlob=true, acceptInsecureCerts=false, fedcm:accounts=true, webStorageEnabled=true, browserName=chrome, takesScreenshot=true, javascriptEnabled=true, setWindowRect=true, webauthn:extension:largeBlob=true, unexpectedAlertBehaviour=ignore, rotatable=false, networkConnectionEnabled=false, chrome={chromedriverVersion=119.0.6045.105 (38c72552c5e15ba9b3117c0967a0fd105072d7c6-refs/branch-heads/6045@{#1103}), userDataDir=C:\Users\AGANDH~1\AppData\Local\Temp\scoped_dir19896_2135198137}, takesHeapSnapshot=true, pageLoadStrategy=normal, strictFileInteractability=false, databaseEnabled=false, handlesAlerts=true, version=119.0.6045.200, browserConnectionEnabled=false, proxy={}, nativeEvents=true, webauthn:extension:minPinLength=true, webauthn:extension:prf=true, locationContextEnabled=true, cssSelectorsEnabled=true, webauthn:virtualAuthenticators=true}]
Session ID: 6c6c69e146eadd38b695f521f0727751
*** Element info: {Using=xpath, value=//img[@alt=&amp;apos;Link ID From pop-up search&amp;apos;]}">
      <![CDATA[org.openqa.selenium.NoSuchElementException: no such element: Unable to locate element: {"method":"xpath","selector":"//img[@alt='Link ID From pop-up search']"}
  (Session info: chrome=119.0.6045.200)
  (Driver info: chromedriver=119.0.6045.105 (38c72552c5e15ba9b3117c0967a0fd105072d7c6-refs/branch-heads/6045@{#1103}),platform=Windows NT 10.0.22631 x86_64) (WARNING: The server did not provide any stacktrace information)
Command duration or timeout: 30.28 seconds
For documentation on this error, please visit: http://seleniumhq.org/exceptions/no_such_element.html
Build info: version: '2.49.1', revision: '7203e46', time: '2016-01-21 17:35:35'
System info: host: 'GWT-2GJ2DL3', ip: '192.168.1.125', os.name: 'Windows 11', os.arch: 'amd64', os.version: '10.0', java.version: '21.0.9'
Driver info: org.openqa.selenium.chrome.ChromeDriver
Capabilities [{mobileEmulationEnabled=false, timeouts={implicit=0, pageLoad=300000, script=30000}, hasTouchScreen=false, platform=XP, acceptSslCerts=false, goog:chromeOptions={debuggerAddress=localhost:54991}, webauthn:extension:credBlob=true, acceptInsecureCerts=false, fedcm:accounts=true, webStorageEnabled=true, browserName=chrome, takesScreenshot=true, javascriptEnabled=true, setWindowRect=true, webauthn:extension:largeBlob=true, unexpectedAlertBehaviour=ignore, rotatable=false, networkConnectionEnabled=false, chrome={chromedriverVersion=119.0.6045.105 (38c72552c5e15ba9b3117c0967a0fd105072d7c6-refs/branch-heads/6045@{#1103}), userDataDir=C:\Users\AGANDH~1\AppData\Local\Temp\scoped_dir19896_2135198137}, takesHeapSnapshot=true, pageLoadStrategy=normal, strictFileInteractability=false, databaseEnabled=false, handlesAlerts=true, version=119.0.6045.200, browserConnectionEnabled=false, proxy={}, nativeEvents=true, webauthn:extension:minPinLength=true, webauthn:extension:prf=true, locationContextEnabled=true, cssSelectorsEnabled=true, webauthn:virtualAuthenticators=true}]
Session ID: 6c6c69e146eadd38b695f521f0727751
*** Element info: {Using=xpath, value=//img[@alt='Link ID From pop-up search']}
	at org.openqa.selenium.remote.ErrorHandler.createThrowable(ErrorHandler.java:206)
	at org.openqa.selenium.remote.ErrorHandler.throwIfResponseFailed(ErrorHandler.java:158)
	at org.openqa.selenium.remote.RemoteWebDriver.execute(RemoteWebDriver.java:678)
	at org.openqa.selenium.remote.RemoteWebDriver.findElement(RemoteWebDriver.java:363)
	at org.openqa.selenium.remote.RemoteWebDriver.findElementByXPath(RemoteWebDriver.java:500)
	at org.openqa.selenium.By$ByXPath.findElement(By.java:361)
	at org.openqa.selenium.remote.RemoteWebDriver.findElement(RemoteWebDriver.java:355)
	at newMMIS_Subsystems.Member.test22554a_23403(Unknown Source)
... Removed 24 stack frames]]>
    </failure>
  </testcase> <!-- test22554a_23403 -->
  <testcase classname="newMMIS_Subsystems.Member" name="test23387" time="83.928"/>
  <testcase classname="newMMIS_Subsystems.Member" name="test23391" time="23.471"/>
  <testcase classname="newMMIS_Subsystems.Member" name="test23392" time="38.631">
    <failure type="org.openqa.selenium.NoSuchElementException" message="no such element: Unable to locate element: {&amp;quot;method&amp;quot;:&amp;quot;id&amp;quot;,&amp;quot;selector&amp;quot;:&amp;quot;MMISForm:MMISBodyContent:PatLiabilityPanel:PatLiabilityDataPanel_PatntLiabilityAmount&amp;quot;}
  (Session info: chrome=119.0.6045.200)
  (Driver info: chromedriver=119.0.6045.105 (38c72552c5e15ba9b3117c0967a0fd105072d7c6-refs/branch-heads/6045@{#1103}),platform=Windows NT 10.0.22631 x86_64) (WARNING: The server did not provide any stacktrace information)
Command duration or timeout: 30.06 seconds
For documentation on this error, please visit: http://seleniumhq.org/exceptions/no_such_element.html
Build info: version: &amp;apos;2.49.1&amp;apos;, revision: &amp;apos;7203e46&amp;apos;, time: &amp;apos;2016-01-21 17:35:35&amp;apos;
System info: host: &amp;apos;GWT-2GJ2DL3&amp;apos;, ip: &amp;apos;192.168.1.125&amp;apos;, os.name: &amp;apos;Windows 11&amp;apos;, os.arch: &amp;apos;amd64&amp;apos;, os.version: &amp;apos;10.0&amp;apos;, java.version: &amp;apos;21.0.9&amp;apos;
Driver info: org.openqa.selenium.chrome.ChromeDriver
Capabilities [{mobileEmulationEnabled=false, timeouts={implicit=0, pageLoad=300000, script=30000}, hasTouchScreen=false, platform=XP, acceptSslCerts=false, goog:chromeOptions={debuggerAddress=localhost:54991}, webauthn:extension:credBlob=true, acceptInsecureCerts=false, fedcm:accounts=true, webStorageEnabled=true, browserName=chrome, takesScreenshot=true, javascriptEnabled=true, setWindowRect=true, webauthn:extension:largeBlob=true, unexpectedAlertBehaviour=ignore, rotatable=false, networkConnectionEnabled=false, chrome={chromedriverVersion=119.0.6045.105 (38c72552c5e15ba9b3117c0967a0fd105072d7c6-refs/branch-heads/6045@{#1103}), userDataDir=C:\Users\AGANDH~1\AppData\Local\Temp\scoped_dir19896_2135198137}, takesHeapSnapshot=true, pageLoadStrategy=normal, strictFileInteractability=false, databaseEnabled=false, handlesAlerts=true, version=119.0.6045.200, browserConnectionEnabled=false, proxy={}, nativeEvents=true, webauthn:extension:minPinLength=true, webauthn:extension:prf=true, locationContextEnabled=true, cssSelectorsEnabled=true, webauthn:virtualAuthenticators=true}]
Session ID: 6c6c69e146eadd38b695f521f0727751
*** Element info: {Using=id, value=MMISForm:MMISBodyContent:PatLiabilityPanel:PatLiabilityDataPanel_PatntLiabilityAmount}">
      <![CDATA[org.openqa.selenium.NoSuchElementException: no such element: Unable to locate element: {"method":"id","selector":"MMISForm:MMISBodyContent:PatLiabilityPanel:PatLiabilityDataPanel_PatntLiabilityAmount"}
  (Session info: chrome=119.0.6045.200)
  (Driver info: chromedriver=119.0.6045.105 (38c72552c5e15ba9b3117c0967a0fd105072d7c6-refs/branch-heads/6045@{#1103}),platform=Windows NT 10.0.22631 x86_64) (WARNING: The server did not provide any stacktrace information)
Command duration or timeout: 30.06 seconds
For documentation on this error, please visit: http://seleniumhq.org/exceptions/no_such_element.html
Build info: version: '2.49.1', revision: '7203e46', time: '2016-01-21 17:35:35'
System info: host: 'GWT-2GJ2DL3', ip: '192.168.1.125', os.name: 'Windows 11', os.arch: 'amd64', os.version: '10.0', java.version: '21.0.9'
Driver info: org.openqa.selenium.chrome.ChromeDriver
Capabilities [{mobileEmulationEnabled=false, timeouts={implicit=0, pageLoad=300000, script=30000}, hasTouchScreen=false, platform=XP, acceptSslCerts=false, goog:chromeOptions={debuggerAddress=localhost:54991}, webauthn:extension:credBlob=true, acceptInsecureCerts=false, fedcm:accounts=true, webStorageEnabled=true, browserName=chrome, takesScreenshot=true, javascriptEnabled=true, setWindowRect=true, webauthn:extension:largeBlob=true, unexpectedAlertBehaviour=ignore, rotatable=false, networkConnectionEnabled=false, chrome={chromedriverVersion=119.0.6045.105 (38c72552c5e15ba9b3117c0967a0fd105072d7c6-refs/branch-heads/6045@{#1103}), userDataDir=C:\Users\AGANDH~1\AppData\Local\Temp\scoped_dir19896_2135198137}, takesHeapSnapshot=true, pageLoadStrategy=normal, strictFileInteractability=false, databaseEnabled=false, handlesAlerts=true, version=119.0.6045.200, browserConnectionEnabled=false, proxy={}, nativeEvents=true, webauthn:extension:minPinLength=true, webauthn:extension:prf=true, locationContextEnabled=true, cssSelectorsEnabled=true, webauthn:virtualAuthenticators=true}]
Session ID: 6c6c69e146eadd38b695f521f0727751
*** Element info: {Using=id, value=MMISForm:MMISBodyContent:PatLiabilityPanel:PatLiabilityDataPanel_PatntLiabilityAmount}
	at org.openqa.selenium.remote.ErrorHandler.createThrowable(ErrorHandler.java:206)
	at org.openqa.selenium.remote.ErrorHandler.throwIfResponseFailed(ErrorHandler.java:158)
	at org.openqa.selenium.remote.RemoteWebDriver.execute(RemoteWebDriver.java:678)
	at org.openqa.selenium.remote.RemoteWebDriver.findElement(RemoteWebDriver.java:363)
	at org.openqa.selenium.remote.RemoteWebDriver.findElementById(RemoteWebDriver.java:413)
	at org.openqa.selenium.By$ById.findElement(By.java:218)
	at org.openqa.selenium.remote.RemoteWebDriver.findElement(RemoteWebDriver.java:355)
	at newMMIS_Subsystems.Member.addPPA(Unknown Source)
	at newMMIS_Subsystems.Member.test23392(Unknown Source)
... Removed 24 stack frames]]>
    </failure>
  </testcase> <!-- test23392 -->
  <testcase classname="newMMIS_Subsystems.Member" name="test23408" time="34.975">
    <failure type="java.lang.AssertionError" message="Error(1) MMQ are no longer valid for service dates after October 1, 2023.  expected [true] but found [false]">
      <![CDATA[java.lang.AssertionError: Error(1) MMQ are no longer valid for service dates after October 1, 2023.  expected [true] but found [false]
	at newMMIS_Subsystems.Common.getPageError(Unknown Source)
	at newMMIS_Subsystems.Member.test23408(Unknown Source)
... Removed 24 stack frames]]>
    </failure>
  </testcase> <!-- test23408 -->
  <testcase classname="newMMIS_Subsystems.Member" name="test23472a" time="51.677"/>
  <testcase classname="newMMIS_Subsystems.Member" name="test26277" time="29.291">
    <failure type="java.lang.AssertionError" message="Error(1) MMQ are no longer valid for service dates after October 1, 2023.  expected [true] but found [false]">
      <![CDATA[java.lang.AssertionError: Error(1) MMQ are no longer valid for service dates after October 1, 2023.  expected [true] but found [false]
	at newMMIS_Subsystems.Common.getPageError(Unknown Source)
	at newMMIS_Subsystems.Member.test26277(Unknown Source)
... Removed 24 stack frames]]>
    </failure>
  </testcase> <!-- test26277 -->
  <testcase classname="newMMIS_Subsystems.Member" name="test22550" time="44.78"/>
  <testcase classname="newMMIS_Subsystems.Member" name="test22551" time="45.552"/>
  <testcase classname="newMMIS_Subsystems.Member" name="test22552" time="12.396"/>
  <testcase classname="newMMIS_Subsystems.Member" name="test22553_23372" time="12.838">
    <failure type="java.lang.AssertionError" message="Aid Cat Mismatch. New Aid cat was not added expected [true] but found [false]">
      <![CDATA[java.lang.AssertionError: Aid Cat Mismatch. New Aid cat was not added expected [true] but found [false]
	at newMMIS_Subsystems.Member.test22553_23372(Unknown Source)
... Removed 24 stack frames]]>
    </failure>
  </testcase> <!-- test22553_23372 -->
  <testcase classname="newMMIS_Subsystems.Member" name="test23365" time="16.728"/>
  <testcase classname="newMMIS_Subsystems.Member" name="test23373" time="10.882"/>
  <testcase classname="newMMIS_Subsystems.Member" name="test23375a" time="11.621"/>
  <testcase classname="newMMIS_Subsystems.Member" name="test23376a" time="8.827"/>
  <testcase classname="newMMIS_Subsystems.Member" name="test23388a" time="4.8"/>
  <testcase classname="newMMIS_Subsystems.Member" name="test24488" time="16.004"/>
  <testcase classname="newMMIS_Subsystems.Member" name="test23382" time="22.054"/>
  <testcase classname="newMMIS_Subsystems.Member" name="test23381" time="26.147">
    <failure type="java.lang.AssertionError" message="Error(1) MMQ are no longer valid for service dates after October 1, 2023.  expected [true] but found [false]">
      <![CDATA[java.lang.AssertionError: Error(1) MMQ are no longer valid for service dates after October 1, 2023.  expected [true] but found [false]
	at newMMIS_Subsystems.Common.getPageError(Unknown Source)
	at newMMIS_Subsystems.Member.test23381(Unknown Source)
... Removed 24 stack frames]]>
    </failure>
  </testcase> <!-- test23381 -->
  <testcase classname="newMMIS_Subsystems.Member" name="test28552" time="132.523">
    <failure type="java.lang.AssertionError" message="BP is not HSNS. It is STD 06/01/1974 - 06/15/1991 expected [true] but found [false]">
      <![CDATA[java.lang.AssertionError: BP is not HSNS. It is STD 06/01/1974 - 06/15/1991 expected [true] but found [false]
	at newMMIS_Subsystems.Member.test28552(Unknown Source)
... Removed 24 stack frames]]>
    </failure>
  </testcase> <!-- test28552 -->
  <testcase classname="newMMIS_Subsystems.Member" name="test28553" time="31.787"/>
  <testcase classname="newMMIS_Subsystems.Member" name="test28554" time="32.63"/>
  <testcase classname="newMMIS_Subsystems.Member" name="test32913a" time="20.471"/>
  <testcase classname="newMMIS_Subsystems.Member" name="test32914a" time="10.219"/>
  <testcase classname="newMMIS_Subsystems.Member" name="test32937" time="28.541"/>
  <testcase classname="newMMIS_Subsystems.Member" name="test32939" time="21.388"/>
  <testcase classname="newMMIS_Subsystems.Member" name="test32940" time="20.468"/>
  <testcase classname="newMMIS_Subsystems.Member" name="test32941" time="20.085"/>
  <testcase classname="newMMIS_Subsystems.Member" name="test32942" time="26.619"/>
  <testcase classname="newMMIS_Subsystems.Member" name="test32943" time="21.659"/>
  <testcase classname="newMMIS_Subsystems.Member" name="test32944" time="19.319"/>
  <testcase classname="newMMIS_Subsystems.Member" name="test32945" time="19.619"/>
  <testcase classname="newMMIS_Subsystems.Member" name="test32946" time="20.358"/>
  <testcase classname="newMMIS_Subsystems.Member" name="test32947" time="22.155"/>
  <testcase classname="newMMIS_Subsystems.Member" name="test32948" time="85.641"/>
  <testcase classname="newMMIS_Subsystems.Member" name="test32950" time="5.819"/>
  <testcase classname="newMMIS_Subsystems.Member" name="test32951" time="24.094"/>
  <testcase classname="newMMIS_Subsystems.Member" name="test32952" time="21.74"/>
  <testcase classname="newMMIS_Subsystems.Member" name="test32953" time="23.287">
    <failure type="java.lang.AssertionError" message="Aid cat was not end dated. Current row is 42 11/05/2024 - 12/31/2299 expected [true] but found [false]">
      <![CDATA[java.lang.AssertionError: Aid cat was not end dated. Current row is 42 11/05/2024 - 12/31/2299 expected [true] but found [false]
	at newMMIS_Subsystems.Member.test32953(Unknown Source)
... Removed 24 stack frames]]>
    </failure>
  </testcase> <!-- test32953 -->
  <testcase classname="newMMIS_Subsystems.Member" name="test32954" time="46.316">
    <skipped/>
  </testcase> <!-- test32954 -->
  <testcase classname="newMMIS_Subsystems.Member" name="test32959a" time="44.753">
    <failure type="org.openqa.selenium.NoSuchElementException" message="no such element: Unable to locate element: {&amp;quot;method&amp;quot;:&amp;quot;xpath&amp;quot;,&amp;quot;selector&amp;quot;:&amp;quot;//img[@alt=&amp;apos;Link ID From pop-up search&amp;apos;]&amp;quot;}
  (Session info: chrome=119.0.6045.200)
  (Driver info: chromedriver=119.0.6045.105 (38c72552c5e15ba9b3117c0967a0fd105072d7c6-refs/branch-heads/6045@{#1103}),platform=Windows NT 10.0.22631 x86_64) (WARNING: The server did not provide any stacktrace information)
Command duration or timeout: 30.02 seconds
For documentation on this error, please visit: http://seleniumhq.org/exceptions/no_such_element.html
Build info: version: &amp;apos;2.49.1&amp;apos;, revision: &amp;apos;7203e46&amp;apos;, time: &amp;apos;2016-01-21 17:35:35&amp;apos;
System info: host: &amp;apos;GWT-2GJ2DL3&amp;apos;, ip: &amp;apos;192.168.1.125&amp;apos;, os.name: &amp;apos;Windows 11&amp;apos;, os.arch: &amp;apos;amd64&amp;apos;, os.version: &amp;apos;10.0&amp;apos;, java.version: &amp;apos;21.0.9&amp;apos;
Driver info: org.openqa.selenium.chrome.ChromeDriver
Capabilities [{mobileEmulationEnabled=false, timeouts={implicit=0, pageLoad=300000, script=30000}, hasTouchScreen=false, platform=XP, acceptSslCerts=false, goog:chromeOptions={debuggerAddress=localhost:59537}, webauthn:extension:credBlob=true, acceptInsecureCerts=false, fedcm:accounts=true, webStorageEnabled=true, browserName=chrome, takesScreenshot=true, javascriptEnabled=true, setWindowRect=true, webauthn:extension:largeBlob=true, unexpectedAlertBehaviour=ignore, rotatable=false, networkConnectionEnabled=false, chrome={chromedriverVersion=119.0.6045.105 (38c72552c5e15ba9b3117c0967a0fd105072d7c6-refs/branch-heads/6045@{#1103}), userDataDir=C:\Users\AGANDH~1\AppData\Local\Temp\scoped_dir29112_454825235}, takesHeapSnapshot=true, pageLoadStrategy=normal, strictFileInteractability=false, databaseEnabled=false, handlesAlerts=true, version=119.0.6045.200, browserConnectionEnabled=false, proxy={}, nativeEvents=true, webauthn:extension:minPinLength=true, webauthn:extension:prf=true, locationContextEnabled=true, cssSelectorsEnabled=true, webauthn:virtualAuthenticators=true}]
Session ID: 208900525b31e7cbafc299ca1f106637
*** Element info: {Using=xpath, value=//img[@alt=&amp;apos;Link ID From pop-up search&amp;apos;]}">
      <![CDATA[org.openqa.selenium.NoSuchElementException: no such element: Unable to locate element: {"method":"xpath","selector":"//img[@alt='Link ID From pop-up search']"}
  (Session info: chrome=119.0.6045.200)
  (Driver info: chromedriver=119.0.6045.105 (38c72552c5e15ba9b3117c0967a0fd105072d7c6-refs/branch-heads/6045@{#1103}),platform=Windows NT 10.0.22631 x86_64) (WARNING: The server did not provide any stacktrace information)
Command duration or timeout: 30.02 seconds
For documentation on this error, please visit: http://seleniumhq.org/exceptions/no_such_element.html
Build info: version: '2.49.1', revision: '7203e46', time: '2016-01-21 17:35:35'
System info: host: 'GWT-2GJ2DL3', ip: '192.168.1.125', os.name: 'Windows 11', os.arch: 'amd64', os.version: '10.0', java.version: '21.0.9'
Driver info: org.openqa.selenium.chrome.ChromeDriver
Capabilities [{mobileEmulationEnabled=false, timeouts={implicit=0, pageLoad=300000, script=30000}, hasTouchScreen=false, platform=XP, acceptSslCerts=false, goog:chromeOptions={debuggerAddress=localhost:59537}, webauthn:extension:credBlob=true, acceptInsecureCerts=false, fedcm:accounts=true, webStorageEnabled=true, browserName=chrome, takesScreenshot=true, javascriptEnabled=true, setWindowRect=true, webauthn:extension:largeBlob=true, unexpectedAlertBehaviour=ignore, rotatable=false, networkConnectionEnabled=false, chrome={chromedriverVersion=119.0.6045.105 (38c72552c5e15ba9b3117c0967a0fd105072d7c6-refs/branch-heads/6045@{#1103}), userDataDir=C:\Users\AGANDH~1\AppData\Local\Temp\scoped_dir29112_454825235}, takesHeapSnapshot=true, pageLoadStrategy=normal, strictFileInteractability=false, databaseEnabled=false, handlesAlerts=true, version=119.0.6045.200, browserConnectionEnabled=false, proxy={}, nativeEvents=true, webauthn:extension:minPinLength=true, webauthn:extension:prf=true, locationContextEnabled=true, cssSelectorsEnabled=true, webauthn:virtualAuthenticators=true}]
Session ID: 208900525b31e7cbafc299ca1f106637
*** Element info: {Using=xpath, value=//img[@alt='Link ID From pop-up search']}
	at org.openqa.selenium.remote.ErrorHandler.createThrowable(ErrorHandler.java:206)
	at org.openqa.selenium.remote.ErrorHandler.throwIfResponseFailed(ErrorHandler.java:158)
	at org.openqa.selenium.remote.RemoteWebDriver.execute(RemoteWebDriver.java:678)
	at org.openqa.selenium.remote.RemoteWebDriver.findElement(RemoteWebDriver.java:363)
	at org.openqa.selenium.remote.RemoteWebDriver.findElementByXPath(RemoteWebDriver.java:500)
	at org.openqa.selenium.By$ByXPath.findElement(By.java:361)
	at org.openqa.selenium.remote.RemoteWebDriver.findElement(RemoteWebDriver.java:355)
	at newMMIS_Subsystems.Member.test32959a(Unknown Source)
... Removed 24 stack frames]]>
    </failure>
  </testcase> <!-- test32959a -->
  <testcase classname="newMMIS_Subsystems.Member" name="test32960a" time="45.264">
    <failure type="org.openqa.selenium.NoSuchElementException" message="no such element: Unable to locate element: {&amp;quot;method&amp;quot;:&amp;quot;xpath&amp;quot;,&amp;quot;selector&amp;quot;:&amp;quot;//select[contains(@id,&amp;apos;ServiceRequestCode&amp;apos;)]&amp;quot;}
  (Session info: chrome=119.0.6045.200)
  (Driver info: chromedriver=119.0.6045.105 (38c72552c5e15ba9b3117c0967a0fd105072d7c6-refs/branch-heads/6045@{#1103}),platform=Windows NT 10.0.22631 x86_64) (WARNING: The server did not provide any stacktrace information)
Command duration or timeout: 30.03 seconds
For documentation on this error, please visit: http://seleniumhq.org/exceptions/no_such_element.html
Build info: version: &amp;apos;2.49.1&amp;apos;, revision: &amp;apos;7203e46&amp;apos;, time: &amp;apos;2016-01-21 17:35:35&amp;apos;
System info: host: &amp;apos;GWT-2GJ2DL3&amp;apos;, ip: &amp;apos;192.168.1.125&amp;apos;, os.name: &amp;apos;Windows 11&amp;apos;, os.arch: &amp;apos;amd64&amp;apos;, os.version: &amp;apos;10.0&amp;apos;, java.version: &amp;apos;21.0.9&amp;apos;
Driver info: org.openqa.selenium.chrome.ChromeDriver
Capabilities [{mobileEmulationEnabled=false, timeouts={implicit=0, pageLoad=300000, script=30000}, hasTouchScreen=false, platform=XP, acceptSslCerts=false, goog:chromeOptions={debuggerAddress=localhost:59537}, webauthn:extension:credBlob=true, acceptInsecureCerts=false, fedcm:accounts=true, webStorageEnabled=true, browserName=chrome, takesScreenshot=true, javascriptEnabled=true, setWindowRect=true, webauthn:extension:largeBlob=true, unexpectedAlertBehaviour=ignore, rotatable=false, networkConnectionEnabled=false, chrome={chromedriverVersion=119.0.6045.105 (38c72552c5e15ba9b3117c0967a0fd105072d7c6-refs/branch-heads/6045@{#1103}), userDataDir=C:\Users\AGANDH~1\AppData\Local\Temp\scoped_dir29112_454825235}, takesHeapSnapshot=true, pageLoadStrategy=normal, strictFileInteractability=false, databaseEnabled=false, handlesAlerts=true, version=119.0.6045.200, browserConnectionEnabled=false, proxy={}, nativeEvents=true, webauthn:extension:minPinLength=true, webauthn:extension:prf=true, locationContextEnabled=true, cssSelectorsEnabled=true, webauthn:virtualAuthenticators=true}]
Session ID: 208900525b31e7cbafc299ca1f106637
*** Element info: {Using=xpath, value=//select[contains(@id,&amp;apos;ServiceRequestCode&amp;apos;)]}">
      <![CDATA[org.openqa.selenium.NoSuchElementException: no such element: Unable to locate element: {"method":"xpath","selector":"//select[contains(@id,'ServiceRequestCode')]"}
  (Session info: chrome=119.0.6045.200)
  (Driver info: chromedriver=119.0.6045.105 (38c72552c5e15ba9b3117c0967a0fd105072d7c6-refs/branch-heads/6045@{#1103}),platform=Windows NT 10.0.22631 x86_64) (WARNING: The server did not provide any stacktrace information)
Command duration or timeout: 30.03 seconds
For documentation on this error, please visit: http://seleniumhq.org/exceptions/no_such_element.html
Build info: version: '2.49.1', revision: '7203e46', time: '2016-01-21 17:35:35'
System info: host: 'GWT-2GJ2DL3', ip: '192.168.1.125', os.name: 'Windows 11', os.arch: 'amd64', os.version: '10.0', java.version: '21.0.9'
Driver info: org.openqa.selenium.chrome.ChromeDriver
Capabilities [{mobileEmulationEnabled=false, timeouts={implicit=0, pageLoad=300000, script=30000}, hasTouchScreen=false, platform=XP, acceptSslCerts=false, goog:chromeOptions={debuggerAddress=localhost:59537}, webauthn:extension:credBlob=true, acceptInsecureCerts=false, fedcm:accounts=true, webStorageEnabled=true, browserName=chrome, takesScreenshot=true, javascriptEnabled=true, setWindowRect=true, webauthn:extension:largeBlob=true, unexpectedAlertBehaviour=ignore, rotatable=false, networkConnectionEnabled=false, chrome={chromedriverVersion=119.0.6045.105 (38c72552c5e15ba9b3117c0967a0fd105072d7c6-refs/branch-heads/6045@{#1103}), userDataDir=C:\Users\AGANDH~1\AppData\Local\Temp\scoped_dir29112_454825235}, takesHeapSnapshot=true, pageLoadStrategy=normal, strictFileInteractability=false, databaseEnabled=false, handlesAlerts=true, version=119.0.6045.200, browserConnectionEnabled=false, proxy={}, nativeEvents=true, webauthn:extension:minPinLength=true, webauthn:extension:prf=true, locationContextEnabled=true, cssSelectorsEnabled=true, webauthn:virtualAuthenticators=true}]
Session ID: 208900525b31e7cbafc299ca1f106637
*** Element info: {Using=xpath, value=//select[contains(@id,'ServiceRequestCode')]}
	at org.openqa.selenium.remote.ErrorHandler.createThrowable(ErrorHandler.java:206)
	at org.openqa.selenium.remote.ErrorHandler.throwIfResponseFailed(ErrorHandler.java:158)
	at org.openqa.selenium.remote.RemoteWebDriver.execute(RemoteWebDriver.java:678)
	at org.openqa.selenium.remote.RemoteWebDriver.findElement(RemoteWebDriver.java:363)
	at org.openqa.selenium.remote.RemoteWebDriver.findElementByXPath(RemoteWebDriver.java:500)
	at org.openqa.selenium.By$ByXPath.findElement(By.java:361)
	at org.openqa.selenium.remote.RemoteWebDriver.findElement(RemoteWebDriver.java:355)
	at newMMIS_Subsystems.Member.test32960a(Unknown Source)
... Removed 24 stack frames]]>
    </failure>
  </testcase> <!-- test32960a -->
  <testcase classname="newMMIS_Subsystems.Member" name="test26278" time="26.239">
    <failure type="java.lang.AssertionError" message="Error(1) MMQ are no longer valid for service dates after October 1, 2023.  expected [true] but found [false]">
      <![CDATA[java.lang.AssertionError: Error(1) MMQ are no longer valid for service dates after October 1, 2023.  expected [true] but found [false]
	at newMMIS_Subsystems.Common.getPageError(Unknown Source)
	at newMMIS_Subsystems.Member.test26278(Unknown Source)
... Removed 24 stack frames]]>
    </failure>
  </testcase> <!-- test26278 -->
  <testcase classname="newMMIS_Subsystems.Member" name="testMMQpositive" time="54.932"/>
  <testcase classname="newMMIS_Subsystems.Member" name="testMMQnegative" time="23.32"/>
</testsuite> <!-- Member test -->
