<?xml version="1.0" encoding="UTF-8"?>
<!-- Generated by org.testng.reporters.JUnitXMLReporter -->
<testsuite hostname="GWT-2GJ2DL3" name="Provider reg test" tests="41" failures="4" timestamp="16 Jan 2023 18:03:55 GMT" time="2061.836" errors="0">
  <testcase name="test22467" time="36.988" classname="newMMIS_Subsystems.Provider"/>
  <testcase name="test23135a" time="1.105" classname="newMMIS_Subsystems.Provider">
    <failure type="java.lang.AssertionError" message="The selected file is not correct/ or it is empty/ or it does not have DSMATSTX user id expected [true] but found [false]">
      <![CDATA[java.lang.AssertionError: The selected file is not correct/ or it is empty/ or it does not have DSMATSTX user id expected [true] but found [false]
	at newMMIS_Subsystems.Common.connectUNIX(Common.java:678)
	at newMMIS_Subsystems.Provider.test23135a(Provider.java:92)
... Removed 27 stack frames]]>
    </failure>
  </testcase> <!-- test23135a -->
  <testcase name="test22461a" time="31.946" classname="newMMIS_Subsystems.Provider"/>
  <testcase name="test22465" time="4.791" classname="newMMIS_Subsystems.Provider"/>
  <testcase name="test22466" time="12.044" classname="newMMIS_Subsystems.Provider"/>
  <testcase name="test22472" time="6.394" classname="newMMIS_Subsystems.Provider"/>
  <testcase name="test22469" time="47.572" classname="newMMIS_Subsystems.Provider"/>
  <testcase name="test22471" time="11.786" classname="newMMIS_Subsystems.Provider"/>
  <testcase name="test23097" time="2.558" classname="newMMIS_Subsystems.Provider"/>
  <testcase name="test23099a" time="8.918" classname="newMMIS_Subsystems.Provider"/>
  <testcase name="test23101a" time="60.377" classname="newMMIS_Subsystems.Provider">
    <failure type="java.lang.AssertionError" message="The ICN 2223016700006 is denied expected [true] but found [false]">
      <![CDATA[java.lang.AssertionError: The ICN 2223016700006 is denied expected [true] but found [false]
	at newMMIS_Subsystems.Provider.test23101a(Provider.java:1568)
... Removed 27 stack frames]]>
    </failure>
  </testcase> <!-- test23101a -->
  <testcase name="test23102" time="12.435" classname="newMMIS_Subsystems.Provider"/>
  <testcase name="test23103" time="19.771" classname="newMMIS_Subsystems.Provider"/>
  <testcase name="test23105a" time="4.171" classname="newMMIS_Subsystems.Provider"/>
  <testcase name="test23107" time="11.117" classname="newMMIS_Subsystems.Provider"/>
  <testcase name="test23108" time="405.019" classname="newMMIS_Subsystems.Provider">
    <failure type="org.openqa.selenium.NoSuchElementException" message="Unable to locate element: {&amp;quot;method&amp;quot;:&amp;quot;id&amp;quot;,&amp;quot;selector&amp;quot;:&amp;quot;MMISForm:MMISBodyContent:ProviderApplicationPanel:ProviderTypeAddPanel:ProviderSpecialtyAddPanel:ProviderSpecialtySearchControl_CMD_SEARCH&amp;quot;}
Command duration or timeout: 30.02 seconds
For documentation on this error, please visit: http://seleniumhq.org/exceptions/no_such_element.html
Build info: version: &amp;apos;2.49.1&amp;apos;, revision: &amp;apos;7203e46&amp;apos;, time: &amp;apos;2016-01-21 17:35:35&amp;apos;
System info: host: &amp;apos;GWT-2GJ2DL3&amp;apos;, ip: &amp;apos;192.168.1.140&amp;apos;, os.name: &amp;apos;Windows 10&amp;apos;, os.arch: &amp;apos;amd64&amp;apos;, os.version: &amp;apos;10.0&amp;apos;, java.version: &amp;apos;1.8.0_91&amp;apos;
Driver info: org.openqa.selenium.firefox.FirefoxDriver
Capabilities [{applicationCacheEnabled=true, rotatable=false, handlesAlerts=true, databaseEnabled=true, version=44.0.2, platform=WINDOWS, nativeEvents=false, acceptSslCerts=true, webStorageEnabled=true, locationContextEnabled=true, browserName=firefox, takesScreenshot=true, javascriptEnabled=true, cssSelectorsEnabled=true}]
Session ID: cc747a47-f04d-4321-9d5c-bfd1e275bc0b
*** Element info: {Using=id, value=MMISForm:MMISBodyContent:ProviderApplicationPanel:ProviderTypeAddPanel:ProviderSpecialtyAddPanel:ProviderSpecialtySearchControl_CMD_SEARCH}">
      <![CDATA[org.openqa.selenium.NoSuchElementException: Unable to locate element: {"method":"id","selector":"MMISForm:MMISBodyContent:ProviderApplicationPanel:ProviderTypeAddPanel:ProviderSpecialtyAddPanel:ProviderSpecialtySearchControl_CMD_SEARCH"}
Command duration or timeout: 30.02 seconds
For documentation on this error, please visit: http://seleniumhq.org/exceptions/no_such_element.html
Build info: version: '2.49.1', revision: '7203e46', time: '2016-01-21 17:35:35'
System info: host: 'GWT-2GJ2DL3', ip: '192.168.1.140', os.name: 'Windows 10', os.arch: 'amd64', os.version: '10.0', java.version: '1.8.0_91'
Driver info: org.openqa.selenium.firefox.FirefoxDriver
Capabilities [{applicationCacheEnabled=true, rotatable=false, handlesAlerts=true, databaseEnabled=true, version=44.0.2, platform=WINDOWS, nativeEvents=false, acceptSslCerts=true, webStorageEnabled=true, locationContextEnabled=true, browserName=firefox, takesScreenshot=true, javascriptEnabled=true, cssSelectorsEnabled=true}]
Session ID: cc747a47-f04d-4321-9d5c-bfd1e275bc0b
*** Element info: {Using=id, value=MMISForm:MMISBodyContent:ProviderApplicationPanel:ProviderTypeAddPanel:ProviderSpecialtyAddPanel:ProviderSpecialtySearchControl_CMD_SEARCH}
	at org.openqa.selenium.remote.ErrorHandler.createThrowable(ErrorHandler.java:206)
	at org.openqa.selenium.remote.ErrorHandler.throwIfResponseFailed(ErrorHandler.java:158)
	at org.openqa.selenium.remote.RemoteWebDriver.execute(RemoteWebDriver.java:678)
	at org.openqa.selenium.remote.RemoteWebDriver.findElement(RemoteWebDriver.java:363)
	at org.openqa.selenium.remote.RemoteWebDriver.findElementById(RemoteWebDriver.java:413)
	at org.openqa.selenium.By$ById.findElement(By.java:218)
	at org.openqa.selenium.remote.RemoteWebDriver.findElement(RemoteWebDriver.java:355)
	at newMMIS_Subsystems.Provider.test23108(Provider.java:3122)
Caused by: org.openqa.selenium.NoSuchElementException: Unable to locate element: {"method":"id","selector":"MMISForm:MMISBodyContent:ProviderApplicationPanel:ProviderTypeAddPanel:ProviderSpecialtyAddPanel:ProviderSpecialtySearchControl_CMD_SEARCH"}
For documentation on this error, please visit: http://seleniumhq.org/exceptions/no_such_element.html
Build info: version: '2.49.1', revision: '7203e46', time: '2016-01-21 17:35:35'
System info: host: 'GWT-2GJ2DL3', ip: '192.168.1.140', os.name: 'Windows 10', os.arch: 'amd64', os.version: '10.0', java.version: '1.8.0_91'
Driver info: driver.version: unknown
	at <anonymous class>.FirefoxDriver.prototype.findElementInternal_(file:///C:/Users/AGANDH~1/AppData/Local/Temp/anonymous5012864006284451093webdriver-profile/extensions/fxdriver@googlecode.com/components/driver-component.js:10681)
	at <anonymous class>.fxdriver.Timer.prototype.setTimeout/<.notify(file:///C:/Users/AGANDH~1/AppData/Local/Temp/anonymous5012864006284451093webdriver-profile/extensions/fxdriver@googlecode.com/components/driver-component.js:623)
... Removed 28 stack frames]]>
    </failure>
  </testcase> <!-- test23108 -->
  <testcase name="test23110a" time="4.971" classname="newMMIS_Subsystems.Provider"/>
  <testcase name="test23113" time="8.234" classname="newMMIS_Subsystems.Provider"/>
  <testcase name="test23115a" time="11.214" classname="newMMIS_Subsystems.Provider"/>
  <testcase name="test23116" time="43.998" classname="newMMIS_Subsystems.Provider"/>
  <testcase name="test23117" time="9.706" classname="newMMIS_Subsystems.Provider"/>
  <testcase name="test23118" time="2.477" classname="newMMIS_Subsystems.Provider"/>
  <testcase name="test23119" time="2.755" classname="newMMIS_Subsystems.Provider"/>
  <testcase name="test23120" time="14.04" classname="newMMIS_Subsystems.Provider"/>
  <testcase name="test23121" time="4.484" classname="newMMIS_Subsystems.Provider"/>
  <testcase name="test23122" time="2.323" classname="newMMIS_Subsystems.Provider"/>
  <testcase name="test23123" time="4.121" classname="newMMIS_Subsystems.Provider"/>
  <testcase name="test23124" time="5.021" classname="newMMIS_Subsystems.Provider"/>
  <testcase name="test23125" time="4.272" classname="newMMIS_Subsystems.Provider"/>
  <testcase name="test23127" time="7.288" classname="newMMIS_Subsystems.Provider"/>
  <testcase name="test23128" time="349.819" classname="newMMIS_Subsystems.Provider"/>
  <testcase name="test23483" time="20.708" classname="newMMIS_Subsystems.Provider"/>
  <testcase name="test23130" time="14.569" classname="newMMIS_Subsystems.Provider"/>
  <testcase name="test23131" time="9.792" classname="newMMIS_Subsystems.Provider"/>
  <testcase name="test23132" time="11.655" classname="newMMIS_Subsystems.Provider">
    <failure type="java.lang.AssertionError" message="Save NOT successful Error Message: Contact Name should only contain Alpha Numeric or Special Characters [- . ,]... expected [true] but found [false]">
      <![CDATA[java.lang.AssertionError: Save NOT successful Error Message: Contact Name should only contain Alpha Numeric or Special Characters [- . ,]... expected [true] but found [false]
	at newMMIS_Subsystems.Common.save(Common.java:814)
	at newMMIS_Subsystems.Provider.test23132(Provider.java:2849)
... Removed 27 stack frames]]>
    </failure>
  </testcase> <!-- test23132 -->
  <testcase name="test23134" time="2.932" classname="newMMIS_Subsystems.Provider"/>
  <testcase name="test23098" time="49.785" classname="newMMIS_Subsystems.Provider"/>
  <testcase name="test22461b" time="623.7" classname="newMMIS_Subsystems.Provider"/>
  <testcase name="test23099b" time="6.559" classname="newMMIS_Subsystems.Provider"/>
  <testcase name="test23481a" time="26.611" classname="newMMIS_Subsystems.Provider"/>
  <testcase name="test35703" time="28.955" classname="newMMIS_Subsystems.Provider"/>
</testsuite> <!-- Provider reg test -->
