<html>
<head>
<title>TestNG:  Provider reg test</title>
<link href="../testng.css" rel="stylesheet" type="text/css" />
<link href="../my-testng.css" rel="stylesheet" type="text/css" />

<style type="text/css">
.log { display: none;} 
.stack-trace { display: none;} 
</style>
<script type="text/javascript">
<!--
function flip(e) {
  current = e.style.display;
  if (current == 'block') {
    e.style.display = 'none';
    return 0;
  }
  else {
    e.style.display = 'block';
    return 1;
  }
}

function toggleBox(szDivId, elem, msg1, msg2)
{
  var res = -1;  if (document.getElementById) {
    res = flip(document.getElementById(szDivId));
  }
  else if (document.all) {
    // this is the way old msie versions work
    res = flip(document.all[szDivId]);
  }
  if(elem) {
    if(res == 0) elem.innerHTML = msg1; else elem.innerHTML = msg2;
  }

}

function toggleAllBoxes() {
  if (document.getElementsByTagName) {
    d = document.getElementsByTagName('div');
    for (i = 0; i < d.length; i++) {
      if (d[i].className == 'log') {
        flip(d[i]);
      }
    }
  }
}

// -->
</script>

</head>
<body>
<h2 align='center'>Provider reg test</h2><table border='1' align="center">
<tr>
<td>Tests passed/Failed/Skipped:</td><td>37/4/0</td>
</tr><tr>
<td>Started on:</td><td>Mon Jan 16 12:29:33 EST 2023</td>
</tr>
<tr><td>Total time:</td><td>2061 seconds (2061836 ms)</td>
</tr><tr>
<td>Included groups:</td><td></td>
</tr><tr>
<td>Excluded groups:</td><td></td>
</tr>
</table><p/>
<small><i>(Hover the method name to see the test class name)</i></small><p/>
<table width='100%' border='1' class='invocation-failed'>
<tr><td colspan='4' align='center'><b>FAILED TESTS</b></td></tr>
<tr><td><b>Test method</b></td>
<td width="30%"><b>Exception</b></td>
<td width="10%"><b>Time (seconds)</b></td>
<td><b>Instance</b></td>
</tr>
<tr>
<td title='newMMIS_Subsystems.Provider.test23101a()'><b>test23101a</b><br>Test class: newMMIS_Subsystems.Provider<br/>
<a href="#Output-1907228381" onClick='toggleBox("Output-1907228381", this, "Show output", "Hide output");'>Show output</a>

<a href="#Output-1907228381" onClick="toggleAllBoxes();">Show all outputs</a>
<div class='log' id="Output-1907228381">
2.C:\Users\agandhi20\Workspace\Regression_TR\ScreenShots\_16_Jan_2023__12_33_48PM_192.168.1.140_TC 23101a.png<br/>
</div>
</td>
<td><div><pre>java.lang.AssertionError: The ICN 2223016700006 is denied expected [true] but found [false]
	at newMMIS_Subsystems.Provider.test23101a(Provider.java:1568)
... Removed 27 stack frames</pre></div><a href='#' onClick='toggleBox("stack-trace1907228381", this, "Click to show all stack frames", "Click to hide stack frames")'>Click to show all stack frames</a>
<div class='stack-trace' id='stack-trace1907228381'><pre>java.lang.AssertionError: The ICN 2223016700006 is denied expected [true] but found [false]
	at org.testng.Assert.fail(Assert.java:94)
	at org.testng.Assert.failNotEquals(Assert.java:496)
	at org.testng.Assert.assertTrue(Assert.java:42)
	at newMMIS_Subsystems.Provider.test23101a(Provider.java:1568)
	at sun.reflect.NativeMethodAccessorImpl.invoke0(Native Method)
	at sun.reflect.NativeMethodAccessorImpl.invoke(NativeMethodAccessorImpl.java:62)
	at sun.reflect.DelegatingMethodAccessorImpl.invoke(DelegatingMethodAccessorImpl.java:43)
	at java.lang.reflect.Method.invoke(Method.java:498)
	at org.testng.internal.MethodInvocationHelper.invokeMethod(MethodInvocationHelper.java:85)
	at org.testng.internal.Invoker.invokeMethod(Invoker.java:639)
	at org.testng.internal.Invoker.invokeTestMethod(Invoker.java:816)
	at org.testng.internal.Invoker.invokeTestMethods(Invoker.java:1124)
	at org.testng.internal.TestMethodWorker.invokeTestMethods(TestMethodWorker.java:125)
	at org.testng.internal.TestMethodWorker.run(TestMethodWorker.java:108)
	at org.testng.TestRunner.privateRun(TestRunner.java:774)
	at org.testng.TestRunner.run(TestRunner.java:624)
	at org.testng.SuiteRunner.runTest(SuiteRunner.java:359)
	at org.testng.SuiteRunner.runSequentially(SuiteRunner.java:354)
	at org.testng.SuiteRunner.privateRun(SuiteRunner.java:312)
	at org.testng.SuiteRunner.run(SuiteRunner.java:261)
	at org.testng.SuiteRunnerWorker.runSuite(SuiteRunnerWorker.java:52)
	at org.testng.SuiteRunnerWorker.run(SuiteRunnerWorker.java:86)
	at org.testng.TestNG.runSuitesSequentially(TestNG.java:1215)
	at org.testng.TestNG.runSuitesLocally(TestNG.java:1140)
	at org.testng.TestNG.run(TestNG.java:1048)
	at org.testng.remote.RemoteTestNG.run(RemoteTestNG.java:112)
	at org.testng.remote.RemoteTestNG.initAndRun(RemoteTestNG.java:205)
	at org.testng.remote.RemoteTestNG.main(RemoteTestNG.java:176)
</pre></div></td>
<td>60</td>
<td>newMMIS_Subsystems.Provider@7c0e2abd</td></tr>
<tr>
<td title='newMMIS_Subsystems.Provider.test23108()'><b>test23108</b><br>Test class: newMMIS_Subsystems.Provider<br/>
<a href="#Output-1172754912" onClick='toggleBox("Output-1172754912", this, "Show output", "Hide output");'>Show output</a>

<a href="#Output-1172754912" onClick="toggleAllBoxes();">Show all outputs</a>
<div class='log' id="Output-1172754912">
3.C:\Users\agandhi20\Workspace\Regression_TR\ScreenShots\_16_Jan_2023__12_41_39PM_192.168.1.140_TC 23108.png<br/>
</div>
</td>
<td><div><pre>org.openqa.selenium.NoSuchElementException: Unable to locate element: {&quot;method&quot;:&quot;id&quot;,&quot;selector&quot;:&quot;MMISForm:MMISBodyContent:ProviderApplicationPanel:ProviderTypeAddPanel:ProviderSpecialtyAddPanel:ProviderSpecialtySearchControl_CMD_SEARCH&quot;}
Command duration or timeout: 30.02 seconds
For documentation on this error, please visit: http://seleniumhq.org/exceptions/no_such_element.html
Build info: version: &apos;2.49.1&apos;, revision: &apos;7203e46&apos;, time: &apos;2016-01-21 17:35:35&apos;
System info: host: &apos;GWT-2GJ2DL3&apos;, ip: &apos;192.168.1.140&apos;, os.name: &apos;Windows 10&apos;, os.arch: &apos;amd64&apos;, os.version: &apos;10.0&apos;, java.version: &apos;1.8.0_91&apos;
Driver info: org.openqa.selenium.firefox.FirefoxDriver
Capabilities [{applicationCacheEnabled=true, rotatable=false, handlesAlerts=true, databaseEnabled=true, version=44.0.2, platform=WINDOWS, nativeEvents=false, acceptSslCerts=true, webStorageEnabled=true, locationContextEnabled=true, browserName=firefox, takesScreenshot=true, javascriptEnabled=true, cssSelectorsEnabled=true}]
Session ID: cc747a47-f04d-4321-9d5c-bfd1e275bc0b
*** Element info: {Using=id, value=MMISForm:MMISBodyContent:ProviderApplicationPanel:ProviderTypeAddPanel:ProviderSpecialtyAddPanel:ProviderSpecialtySearchControl_CMD_SEARCH}
	at org.openqa.selenium.remote.ErrorHandler.createThrowable(ErrorHandler.java:206)
	at org.openqa.selenium.remote.ErrorHandler.throwIfResponseFailed(ErrorHandler.java:158)
	at org.openqa.selenium.remote.RemoteWebDriver.execute(RemoteWebDriver.java:678)
	at org.openqa.selenium.remote.RemoteWebDriver.findElement(RemoteWebDriver.java:363)
	at org.openqa.selenium.remote.RemoteWebDriver.findElementById(RemoteWebDriver.java:413)
	at org.openqa.selenium.By$ById.findElement(By.java:218)
	at org.openqa.selenium.remote.RemoteWebDriver.findElement(RemoteWebDriver.java:355)
	at newMMIS_Subsystems.Provider.test23108(Provider.java:3122)
Caused by: org.openqa.selenium.NoSuchElementException: Unable to locate element: {&quot;method&quot;:&quot;id&quot;,&quot;selector&quot;:&quot;MMISForm:MMISBodyContent:ProviderApplicationPanel:ProviderTypeAddPanel:ProviderSpecialtyAddPanel:ProviderSpecialtySearchControl_CMD_SEARCH&quot;}
For documentation on this error, please visit: http://seleniumhq.org/exceptions/no_such_element.html
Build info: version: &apos;2.49.1&apos;, revision: &apos;7203e46&apos;, time: &apos;2016-01-21 17:35:35&apos;
System info: host: &apos;GWT-2GJ2DL3&apos;, ip: &apos;192.168.1.140&apos;, os.name: &apos;Windows 10&apos;, os.arch: &apos;amd64&apos;, os.version: &apos;10.0&apos;, java.version: &apos;1.8.0_91&apos;
Driver info: driver.version: unknown
	at &lt;anonymous class&gt;.FirefoxDriver.prototype.findElementInternal_(file:///C:/Users/AGANDH~1/AppData/Local/Temp/anonymous5012864006284451093webdriver-profile/extensions/fxdriver@googlecode.com/components/driver-component.js:10681)
	at &lt;anonymous class&gt;.fxdriver.Timer.prototype.setTimeout/&lt;.notify(file:///C:/Users/AGANDH~1/AppData/Local/Temp/anonymous5012864006284451093webdriver-profile/extensions/fxdriver@googlecode.com/components/driver-component.js:623)
... Removed 28 stack frames</pre></div><a href='#' onClick='toggleBox("stack-trace1172754912", this, "Click to show all stack frames", "Click to hide stack frames")'>Click to show all stack frames</a>
<div class='stack-trace' id='stack-trace1172754912'><pre>org.openqa.selenium.NoSuchElementException: Unable to locate element: {&quot;method&quot;:&quot;id&quot;,&quot;selector&quot;:&quot;MMISForm:MMISBodyContent:ProviderApplicationPanel:ProviderTypeAddPanel:ProviderSpecialtyAddPanel:ProviderSpecialtySearchControl_CMD_SEARCH&quot;}
Command duration or timeout: 30.02 seconds
For documentation on this error, please visit: http://seleniumhq.org/exceptions/no_such_element.html
Build info: version: &apos;2.49.1&apos;, revision: &apos;7203e46&apos;, time: &apos;2016-01-21 17:35:35&apos;
System info: host: &apos;GWT-2GJ2DL3&apos;, ip: &apos;192.168.1.140&apos;, os.name: &apos;Windows 10&apos;, os.arch: &apos;amd64&apos;, os.version: &apos;10.0&apos;, java.version: &apos;1.8.0_91&apos;
Driver info: org.openqa.selenium.firefox.FirefoxDriver
Capabilities [{applicationCacheEnabled=true, rotatable=false, handlesAlerts=true, databaseEnabled=true, version=44.0.2, platform=WINDOWS, nativeEvents=false, acceptSslCerts=true, webStorageEnabled=true, locationContextEnabled=true, browserName=firefox, takesScreenshot=true, javascriptEnabled=true, cssSelectorsEnabled=true}]
Session ID: cc747a47-f04d-4321-9d5c-bfd1e275bc0b
*** Element info: {Using=id, value=MMISForm:MMISBodyContent:ProviderApplicationPanel:ProviderTypeAddPanel:ProviderSpecialtyAddPanel:ProviderSpecialtySearchControl_CMD_SEARCH}
	at sun.reflect.NativeConstructorAccessorImpl.newInstance0(Native Method)
	at sun.reflect.NativeConstructorAccessorImpl.newInstance(NativeConstructorAccessorImpl.java:62)
	at sun.reflect.DelegatingConstructorAccessorImpl.newInstance(DelegatingConstructorAccessorImpl.java:45)
	at java.lang.reflect.Constructor.newInstance(Constructor.java:423)
	at org.openqa.selenium.remote.ErrorHandler.createThrowable(ErrorHandler.java:206)
	at org.openqa.selenium.remote.ErrorHandler.throwIfResponseFailed(ErrorHandler.java:158)
	at org.openqa.selenium.remote.RemoteWebDriver.execute(RemoteWebDriver.java:678)
	at org.openqa.selenium.remote.RemoteWebDriver.findElement(RemoteWebDriver.java:363)
	at org.openqa.selenium.remote.RemoteWebDriver.findElementById(RemoteWebDriver.java:413)
	at org.openqa.selenium.By$ById.findElement(By.java:218)
	at org.openqa.selenium.remote.RemoteWebDriver.findElement(RemoteWebDriver.java:355)
	at newMMIS_Subsystems.Provider.test23108(Provider.java:3122)
	at sun.reflect.NativeMethodAccessorImpl.invoke0(Native Method)
	at sun.reflect.NativeMethodAccessorImpl.invoke(NativeMethodAccessorImpl.java:62)
	at sun.reflect.DelegatingMethodAccessorImpl.invoke(DelegatingMethodAccessorImpl.java:43)
	at java.lang.reflect.Method.invoke(Method.java:498)
	at org.testng.internal.MethodInvocationHelper.invokeMethod(MethodInvocationHelper.java:85)
	at org.testng.internal.Invoker.invokeMethod(Invoker.java:639)
	at org.testng.internal.Invoker.invokeTestMethod(Invoker.java:816)
	at org.testng.internal.Invoker.invokeTestMethods(Invoker.java:1124)
	at org.testng.internal.TestMethodWorker.invokeTestMethods(TestMethodWorker.java:125)
	at org.testng.internal.TestMethodWorker.run(TestMethodWorker.java:108)
	at org.testng.TestRunner.privateRun(TestRunner.java:774)
	at org.testng.TestRunner.run(TestRunner.java:624)
	at org.testng.SuiteRunner.runTest(SuiteRunner.java:359)
	at org.testng.SuiteRunner.runSequentially(SuiteRunner.java:354)
	at org.testng.SuiteRunner.privateRun(SuiteRunner.java:312)
	at org.testng.SuiteRunner.run(SuiteRunner.java:261)
	at org.testng.SuiteRunnerWorker.runSuite(SuiteRunnerWorker.java:52)
	at org.testng.SuiteRunnerWorker.run(SuiteRunnerWorker.java:86)
	at org.testng.TestNG.runSuitesSequentially(TestNG.java:1215)
	at org.testng.TestNG.runSuitesLocally(TestNG.java:1140)
	at org.testng.TestNG.run(TestNG.java:1048)
	at org.testng.remote.RemoteTestNG.run(RemoteTestNG.java:112)
	at org.testng.remote.RemoteTestNG.initAndRun(RemoteTestNG.java:205)
	at org.testng.remote.RemoteTestNG.main(RemoteTestNG.java:176)
Caused by: org.openqa.selenium.NoSuchElementException: Unable to locate element: {&quot;method&quot;:&quot;id&quot;,&quot;selector&quot;:&quot;MMISForm:MMISBodyContent:ProviderApplicationPanel:ProviderTypeAddPanel:ProviderSpecialtyAddPanel:ProviderSpecialtySearchControl_CMD_SEARCH&quot;}
For documentation on this error, please visit: http://seleniumhq.org/exceptions/no_such_element.html
Build info: version: &apos;2.49.1&apos;, revision: &apos;7203e46&apos;, time: &apos;2016-01-21 17:35:35&apos;
System info: host: &apos;GWT-2GJ2DL3&apos;, ip: &apos;192.168.1.140&apos;, os.name: &apos;Windows 10&apos;, os.arch: &apos;amd64&apos;, os.version: &apos;10.0&apos;, java.version: &apos;1.8.0_91&apos;
Driver info: driver.version: unknown
	at &lt;anonymous class&gt;.FirefoxDriver.prototype.findElementInternal_(file:///C:/Users/AGANDH~1/AppData/Local/Temp/anonymous5012864006284451093webdriver-profile/extensions/fxdriver@googlecode.com/components/driver-component.js:10681)
	at &lt;anonymous class&gt;.fxdriver.Timer.prototype.setTimeout/&lt;.notify(file:///C:/Users/AGANDH~1/AppData/Local/Temp/anonymous5012864006284451093webdriver-profile/extensions/fxdriver@googlecode.com/components/driver-component.js:623)
</pre></div></td>
<td>405</td>
<td>newMMIS_Subsystems.Provider@7c0e2abd</td></tr>
<tr>
<td title='newMMIS_Subsystems.Provider.test23132()'><b>test23132</b><br>Test class: newMMIS_Subsystems.Provider<br/>
<a href="#Output-241316255" onClick='toggleBox("Output-241316255", this, "Show output", "Hide output");'>Show output</a>

<a href="#Output-241316255" onClick="toggleAllBoxes();">Show all outputs</a>
<div class='log' id="Output-241316255">
4.C:\Users\agandhi20\Workspace\Regression_TR\ScreenShots\_16_Jan_2023__12_51_21PM_192.168.1.140_TC 23132.png<br/>
</div>
</td>
<td><div><pre>java.lang.AssertionError: Save NOT successful Error Message: Contact Name should only contain Alpha Numeric or Special Characters [- . ,]... expected [true] but found [false]
	at newMMIS_Subsystems.Common.save(Common.java:814)
	at newMMIS_Subsystems.Provider.test23132(Provider.java:2849)
... Removed 27 stack frames</pre></div><a href='#' onClick='toggleBox("stack-trace241316255", this, "Click to show all stack frames", "Click to hide stack frames")'>Click to show all stack frames</a>
<div class='stack-trace' id='stack-trace241316255'><pre>java.lang.AssertionError: Save NOT successful Error Message: Contact Name should only contain Alpha Numeric or Special Characters [- . ,]... expected [true] but found [false]
	at org.testng.Assert.fail(Assert.java:94)
	at org.testng.Assert.failNotEquals(Assert.java:496)
	at org.testng.Assert.assertTrue(Assert.java:42)
	at newMMIS_Subsystems.Common.save(Common.java:814)
	at newMMIS_Subsystems.Provider.test23132(Provider.java:2849)
	at sun.reflect.NativeMethodAccessorImpl.invoke0(Native Method)
	at sun.reflect.NativeMethodAccessorImpl.invoke(NativeMethodAccessorImpl.java:62)
	at sun.reflect.DelegatingMethodAccessorImpl.invoke(DelegatingMethodAccessorImpl.java:43)
	at java.lang.reflect.Method.invoke(Method.java:498)
	at org.testng.internal.MethodInvocationHelper.invokeMethod(MethodInvocationHelper.java:85)
	at org.testng.internal.Invoker.invokeMethod(Invoker.java:639)
	at org.testng.internal.Invoker.invokeTestMethod(Invoker.java:816)
	at org.testng.internal.Invoker.invokeTestMethods(Invoker.java:1124)
	at org.testng.internal.TestMethodWorker.invokeTestMethods(TestMethodWorker.java:125)
	at org.testng.internal.TestMethodWorker.run(TestMethodWorker.java:108)
	at org.testng.TestRunner.privateRun(TestRunner.java:774)
	at org.testng.TestRunner.run(TestRunner.java:624)
	at org.testng.SuiteRunner.runTest(SuiteRunner.java:359)
	at org.testng.SuiteRunner.runSequentially(SuiteRunner.java:354)
	at org.testng.SuiteRunner.privateRun(SuiteRunner.java:312)
	at org.testng.SuiteRunner.run(SuiteRunner.java:261)
	at org.testng.SuiteRunnerWorker.runSuite(SuiteRunnerWorker.java:52)
	at org.testng.SuiteRunnerWorker.run(SuiteRunnerWorker.java:86)
	at org.testng.TestNG.runSuitesSequentially(TestNG.java:1215)
	at org.testng.TestNG.runSuitesLocally(TestNG.java:1140)
	at org.testng.TestNG.run(TestNG.java:1048)
	at org.testng.remote.RemoteTestNG.run(RemoteTestNG.java:112)
	at org.testng.remote.RemoteTestNG.initAndRun(RemoteTestNG.java:205)
	at org.testng.remote.RemoteTestNG.main(RemoteTestNG.java:176)
</pre></div></td>
<td>11</td>
<td>newMMIS_Subsystems.Provider@7c0e2abd</td></tr>
<tr>
<td title='newMMIS_Subsystems.Provider.test23135a()'><b>test23135a</b><br>Test class: newMMIS_Subsystems.Provider<br/>
<a href="#Output-1131710157" onClick='toggleBox("Output-1131710157", this, "Show output", "Hide output");'>Show output</a>

<a href="#Output-1131710157" onClick="toggleAllBoxes();">Show all outputs</a>
<div class='log' id="Output-1131710157">
1.C:\Users\agandhi20\Workspace\Regression_TR\ScreenShots\_16_Jan_2023__12_30_17PM_192.168.1.140_TC 23135a.png<br/>
</div>
</td>
<td><div><pre>java.lang.AssertionError: The selected file is not correct/ or it is empty/ or it does not have DSMATSTX user id expected [true] but found [false]
	at newMMIS_Subsystems.Common.connectUNIX(Common.java:678)
	at newMMIS_Subsystems.Provider.test23135a(Provider.java:92)
... Removed 27 stack frames</pre></div><a href='#' onClick='toggleBox("stack-trace1131710157", this, "Click to show all stack frames", "Click to hide stack frames")'>Click to show all stack frames</a>
<div class='stack-trace' id='stack-trace1131710157'><pre>java.lang.AssertionError: The selected file is not correct/ or it is empty/ or it does not have DSMATSTX user id expected [true] but found [false]
	at org.testng.Assert.fail(Assert.java:94)
	at org.testng.Assert.failNotEquals(Assert.java:496)
	at org.testng.Assert.assertTrue(Assert.java:42)
	at newMMIS_Subsystems.Common.connectUNIX(Common.java:678)
	at newMMIS_Subsystems.Provider.test23135a(Provider.java:92)
	at sun.reflect.NativeMethodAccessorImpl.invoke0(Native Method)
	at sun.reflect.NativeMethodAccessorImpl.invoke(NativeMethodAccessorImpl.java:62)
	at sun.reflect.DelegatingMethodAccessorImpl.invoke(DelegatingMethodAccessorImpl.java:43)
	at java.lang.reflect.Method.invoke(Method.java:498)
	at org.testng.internal.MethodInvocationHelper.invokeMethod(MethodInvocationHelper.java:85)
	at org.testng.internal.Invoker.invokeMethod(Invoker.java:639)
	at org.testng.internal.Invoker.invokeTestMethod(Invoker.java:816)
	at org.testng.internal.Invoker.invokeTestMethods(Invoker.java:1124)
	at org.testng.internal.TestMethodWorker.invokeTestMethods(TestMethodWorker.java:125)
	at org.testng.internal.TestMethodWorker.run(TestMethodWorker.java:108)
	at org.testng.TestRunner.privateRun(TestRunner.java:774)
	at org.testng.TestRunner.run(TestRunner.java:624)
	at org.testng.SuiteRunner.runTest(SuiteRunner.java:359)
	at org.testng.SuiteRunner.runSequentially(SuiteRunner.java:354)
	at org.testng.SuiteRunner.privateRun(SuiteRunner.java:312)
	at org.testng.SuiteRunner.run(SuiteRunner.java:261)
	at org.testng.SuiteRunnerWorker.runSuite(SuiteRunnerWorker.java:52)
	at org.testng.SuiteRunnerWorker.run(SuiteRunnerWorker.java:86)
	at org.testng.TestNG.runSuitesSequentially(TestNG.java:1215)
	at org.testng.TestNG.runSuitesLocally(TestNG.java:1140)
	at org.testng.TestNG.run(TestNG.java:1048)
	at org.testng.remote.RemoteTestNG.run(RemoteTestNG.java:112)
	at org.testng.remote.RemoteTestNG.initAndRun(RemoteTestNG.java:205)
	at org.testng.remote.RemoteTestNG.main(RemoteTestNG.java:176)
</pre></div></td>
<td>1</td>
<td>newMMIS_Subsystems.Provider@7c0e2abd</td></tr>
</table><p>
<table width='100%' border='1' class='invocation-passed'>
<tr><td colspan='4' align='center'><b>PASSED TESTS</b></td></tr>
<tr><td><b>Test method</b></td>
<td width="30%"><b>Exception</b></td>
<td width="10%"><b>Time (seconds)</b></td>
<td><b>Instance</b></td>
</tr>
<tr>
<td title='newMMIS_Subsystems.Provider.test22461a()'><b>test22461a</b><br>Test class: newMMIS_Subsystems.Provider</td>
<td></td>
<td>31</td>
<td>newMMIS_Subsystems.Provider@7c0e2abd</td></tr>
<tr>
<td title='newMMIS_Subsystems.Provider.test22461b()'><b>test22461b</b><br>Test class: newMMIS_Subsystems.Provider</td>
<td></td>
<td>623</td>
<td>newMMIS_Subsystems.Provider@7c0e2abd</td></tr>
<tr>
<td title='newMMIS_Subsystems.Provider.test22465()'><b>test22465</b><br>Test class: newMMIS_Subsystems.Provider</td>
<td></td>
<td>4</td>
<td>newMMIS_Subsystems.Provider@7c0e2abd</td></tr>
<tr>
<td title='newMMIS_Subsystems.Provider.test22466()'><b>test22466</b><br>Test class: newMMIS_Subsystems.Provider</td>
<td></td>
<td>12</td>
<td>newMMIS_Subsystems.Provider@7c0e2abd</td></tr>
<tr>
<td title='newMMIS_Subsystems.Provider.test22467()'><b>test22467</b><br>Test class: newMMIS_Subsystems.Provider</td>
<td></td>
<td>36</td>
<td>newMMIS_Subsystems.Provider@7c0e2abd</td></tr>
<tr>
<td title='newMMIS_Subsystems.Provider.test22469()'><b>test22469</b><br>Test class: newMMIS_Subsystems.Provider</td>
<td></td>
<td>47</td>
<td>newMMIS_Subsystems.Provider@7c0e2abd</td></tr>
<tr>
<td title='newMMIS_Subsystems.Provider.test22471()'><b>test22471</b><br>Test class: newMMIS_Subsystems.Provider</td>
<td></td>
<td>11</td>
<td>newMMIS_Subsystems.Provider@7c0e2abd</td></tr>
<tr>
<td title='newMMIS_Subsystems.Provider.test22472()'><b>test22472</b><br>Test class: newMMIS_Subsystems.Provider</td>
<td></td>
<td>6</td>
<td>newMMIS_Subsystems.Provider@7c0e2abd</td></tr>
<tr>
<td title='newMMIS_Subsystems.Provider.test23097()'><b>test23097</b><br>Test class: newMMIS_Subsystems.Provider</td>
<td></td>
<td>2</td>
<td>newMMIS_Subsystems.Provider@7c0e2abd</td></tr>
<tr>
<td title='newMMIS_Subsystems.Provider.test23098()'><b>test23098</b><br>Test class: newMMIS_Subsystems.Provider</td>
<td></td>
<td>49</td>
<td>newMMIS_Subsystems.Provider@7c0e2abd</td></tr>
<tr>
<td title='newMMIS_Subsystems.Provider.test23099a()'><b>test23099a</b><br>Test class: newMMIS_Subsystems.Provider</td>
<td></td>
<td>8</td>
<td>newMMIS_Subsystems.Provider@7c0e2abd</td></tr>
<tr>
<td title='newMMIS_Subsystems.Provider.test23099b()'><b>test23099b</b><br>Test class: newMMIS_Subsystems.Provider</td>
<td></td>
<td>6</td>
<td>newMMIS_Subsystems.Provider@7c0e2abd</td></tr>
<tr>
<td title='newMMIS_Subsystems.Provider.test23102()'><b>test23102</b><br>Test class: newMMIS_Subsystems.Provider</td>
<td></td>
<td>12</td>
<td>newMMIS_Subsystems.Provider@7c0e2abd</td></tr>
<tr>
<td title='newMMIS_Subsystems.Provider.test23103()'><b>test23103</b><br>Test class: newMMIS_Subsystems.Provider</td>
<td></td>
<td>19</td>
<td>newMMIS_Subsystems.Provider@7c0e2abd</td></tr>
<tr>
<td title='newMMIS_Subsystems.Provider.test23105a()'><b>test23105a</b><br>Test class: newMMIS_Subsystems.Provider</td>
<td></td>
<td>4</td>
<td>newMMIS_Subsystems.Provider@7c0e2abd</td></tr>
<tr>
<td title='newMMIS_Subsystems.Provider.test23107()'><b>test23107</b><br>Test class: newMMIS_Subsystems.Provider</td>
<td></td>
<td>11</td>
<td>newMMIS_Subsystems.Provider@7c0e2abd</td></tr>
<tr>
<td title='newMMIS_Subsystems.Provider.test23110a()'><b>test23110a</b><br>Test class: newMMIS_Subsystems.Provider</td>
<td></td>
<td>4</td>
<td>newMMIS_Subsystems.Provider@7c0e2abd</td></tr>
<tr>
<td title='newMMIS_Subsystems.Provider.test23113()'><b>test23113</b><br>Test class: newMMIS_Subsystems.Provider</td>
<td></td>
<td>8</td>
<td>newMMIS_Subsystems.Provider@7c0e2abd</td></tr>
<tr>
<td title='newMMIS_Subsystems.Provider.test23115a()'><b>test23115a</b><br>Test class: newMMIS_Subsystems.Provider</td>
<td></td>
<td>11</td>
<td>newMMIS_Subsystems.Provider@7c0e2abd</td></tr>
<tr>
<td title='newMMIS_Subsystems.Provider.test23116()'><b>test23116</b><br>Test class: newMMIS_Subsystems.Provider</td>
<td></td>
<td>43</td>
<td>newMMIS_Subsystems.Provider@7c0e2abd</td></tr>
<tr>
<td title='newMMIS_Subsystems.Provider.test23117()'><b>test23117</b><br>Test class: newMMIS_Subsystems.Provider</td>
<td></td>
<td>9</td>
<td>newMMIS_Subsystems.Provider@7c0e2abd</td></tr>
<tr>
<td title='newMMIS_Subsystems.Provider.test23118()'><b>test23118</b><br>Test class: newMMIS_Subsystems.Provider</td>
<td></td>
<td>2</td>
<td>newMMIS_Subsystems.Provider@7c0e2abd</td></tr>
<tr>
<td title='newMMIS_Subsystems.Provider.test23119()'><b>test23119</b><br>Test class: newMMIS_Subsystems.Provider</td>
<td></td>
<td>2</td>
<td>newMMIS_Subsystems.Provider@7c0e2abd</td></tr>
<tr>
<td title='newMMIS_Subsystems.Provider.test23120()'><b>test23120</b><br>Test class: newMMIS_Subsystems.Provider</td>
<td></td>
<td>14</td>
<td>newMMIS_Subsystems.Provider@7c0e2abd</td></tr>
<tr>
<td title='newMMIS_Subsystems.Provider.test23121()'><b>test23121</b><br>Test class: newMMIS_Subsystems.Provider</td>
<td></td>
<td>4</td>
<td>newMMIS_Subsystems.Provider@7c0e2abd</td></tr>
<tr>
<td title='newMMIS_Subsystems.Provider.test23122()'><b>test23122</b><br>Test class: newMMIS_Subsystems.Provider</td>
<td></td>
<td>2</td>
<td>newMMIS_Subsystems.Provider@7c0e2abd</td></tr>
<tr>
<td title='newMMIS_Subsystems.Provider.test23123()'><b>test23123</b><br>Test class: newMMIS_Subsystems.Provider</td>
<td></td>
<td>4</td>
<td>newMMIS_Subsystems.Provider@7c0e2abd</td></tr>
<tr>
<td title='newMMIS_Subsystems.Provider.test23124()'><b>test23124</b><br>Test class: newMMIS_Subsystems.Provider</td>
<td></td>
<td>5</td>
<td>newMMIS_Subsystems.Provider@7c0e2abd</td></tr>
<tr>
<td title='newMMIS_Subsystems.Provider.test23125()'><b>test23125</b><br>Test class: newMMIS_Subsystems.Provider</td>
<td></td>
<td>4</td>
<td>newMMIS_Subsystems.Provider@7c0e2abd</td></tr>
<tr>
<td title='newMMIS_Subsystems.Provider.test23127()'><b>test23127</b><br>Test class: newMMIS_Subsystems.Provider</td>
<td></td>
<td>7</td>
<td>newMMIS_Subsystems.Provider@7c0e2abd</td></tr>
<tr>
<td title='newMMIS_Subsystems.Provider.test23128()'><b>test23128</b><br>Test class: newMMIS_Subsystems.Provider</td>
<td></td>
<td>349</td>
<td>newMMIS_Subsystems.Provider@7c0e2abd</td></tr>
<tr>
<td title='newMMIS_Subsystems.Provider.test23130()'><b>test23130</b><br>Test class: newMMIS_Subsystems.Provider</td>
<td></td>
<td>14</td>
<td>newMMIS_Subsystems.Provider@7c0e2abd</td></tr>
<tr>
<td title='newMMIS_Subsystems.Provider.test23131()'><b>test23131</b><br>Test class: newMMIS_Subsystems.Provider</td>
<td></td>
<td>9</td>
<td>newMMIS_Subsystems.Provider@7c0e2abd</td></tr>
<tr>
<td title='newMMIS_Subsystems.Provider.test23134()'><b>test23134</b><br>Test class: newMMIS_Subsystems.Provider</td>
<td></td>
<td>2</td>
<td>newMMIS_Subsystems.Provider@7c0e2abd</td></tr>
<tr>
<td title='newMMIS_Subsystems.Provider.test23481a()'><b>test23481a</b><br>Test class: newMMIS_Subsystems.Provider</td>
<td></td>
<td>26</td>
<td>newMMIS_Subsystems.Provider@7c0e2abd</td></tr>
<tr>
<td title='newMMIS_Subsystems.Provider.test23483()'><b>test23483</b><br>Test class: newMMIS_Subsystems.Provider</td>
<td></td>
<td>20</td>
<td>newMMIS_Subsystems.Provider@7c0e2abd</td></tr>
<tr>
<td title='newMMIS_Subsystems.Provider.test35703()'><b>test35703</b><br>Test class: newMMIS_Subsystems.Provider</td>
<td></td>
<td>28</td>
<td>newMMIS_Subsystems.Provider@7c0e2abd</td></tr>
</table><p>
</body>
</html>