<html>
<head>
<title>TestNG:  Provider test 1</title>
<link href="../testng.css" rel="stylesheet" type="text/css" />
<link href="../my-testng.css" rel="stylesheet" type="text/css" />

<style type="text/css">
.log { display: none;} 
.stack-trace { display: none;} 
</style>
<script type="text/javascript">
<!--
function flip(e) {
  current = e.style.display;
  if (current == 'block') {
    e.style.display = 'none';
    return 0;
  }
  else {
    e.style.display = 'block';
    return 1;
  }
}

function toggleBox(szDivId, elem, msg1, msg2)
{
  var res = -1;  if (document.getElementById) {
    res = flip(document.getElementById(szDivId));
  }
  else if (document.all) {
    // this is the way old msie versions work
    res = flip(document.all[szDivId]);
  }
  if(elem) {
    if(res == 0) elem.innerHTML = msg1; else elem.innerHTML = msg2;
  }

}

function toggleAllBoxes() {
  if (document.getElementsByTagName) {
    d = document.getElementsByTagName('div');
    for (i = 0; i < d.length; i++) {
      if (d[i].className == 'log') {
        flip(d[i]);
      }
    }
  }
}

// -->
</script>

</head>
<body>
<h2 align='center'>Provider test 1</h2><table border='1' align="center">
<tr>
<td>Tests passed/Failed/Skipped:</td><td>16/4/21</td>
</tr><tr>
<td>Started on:</td><td>Mon Jan 16 13:39:28 EST 2023</td>
</tr>
<tr><td>Total time:</td><td>903 seconds (903114 ms)</td>
</tr><tr>
<td>Included groups:</td><td></td>
</tr><tr>
<td>Excluded groups:</td><td></td>
</tr>
</table><p/>
<small><i>(Hover the method name to see the test class name)</i></small><p/>
<table width='100%' border='1' class='invocation-failed'>
<tr><td colspan='4' align='center'><b>FAILED CONFIGURATIONS</b></td></tr>
<tr><td><b>Test method</b></td>
<td width="30%"><b>Exception</b></td>
<td width="10%"><b>Time (seconds)</b></td>
<td><b>Instance</b></td>
</tr>
<tr>
<td title='newMMIS_Subsystems.Provider.LoginCheck()'><b>LoginCheck</b><br>Test class: newMMIS_Subsystems.Provider</td>
<td><div><pre>org.openqa.selenium.remote.SessionNotFoundException: The FirefoxDriver cannot be used after quit() was called.
Build info: version: &apos;2.49.1&apos;, revision: &apos;7203e46&apos;, time: &apos;2016-01-21 17:35:35&apos;
System info: host: &apos;GWT-2GJ2DL3&apos;, ip: &apos;192.168.1.140&apos;, os.name: &apos;Windows 10&apos;, os.arch: &apos;amd64&apos;, os.version: &apos;10.0&apos;, java.version: &apos;1.8.0_91&apos;
Driver info: driver.version: FirefoxDriver
	at org.openqa.selenium.firefox.FirefoxDriver$LazyCommandExecutor.execute(FirefoxDriver.java:377)
	at org.openqa.selenium.remote.RemoteWebDriver.execute(RemoteWebDriver.java:644)
	at org.openqa.selenium.firefox.FirefoxDriver.access$0(FirefoxDriver.java:1)
	at org.openqa.selenium.firefox.FirefoxDriver$1$1.implicitlyWait(FirefoxDriver.java:244)
	at newMMIS_Subsystems.Common.resetBase(Common.java:67)
	at newMMIS_Subsystems.Provider.LoginCheck(Provider.java:53)
... Removed 25 stack frames</pre></div><a href='#' onClick='toggleBox("stack-trace347766549", this, "Click to show all stack frames", "Click to hide stack frames")'>Click to show all stack frames</a>
<div class='stack-trace' id='stack-trace347766549'><pre>org.openqa.selenium.remote.SessionNotFoundException: The FirefoxDriver cannot be used after quit() was called.
Build info: version: &apos;2.49.1&apos;, revision: &apos;7203e46&apos;, time: &apos;2016-01-21 17:35:35&apos;
System info: host: &apos;GWT-2GJ2DL3&apos;, ip: &apos;192.168.1.140&apos;, os.name: &apos;Windows 10&apos;, os.arch: &apos;amd64&apos;, os.version: &apos;10.0&apos;, java.version: &apos;1.8.0_91&apos;
Driver info: driver.version: FirefoxDriver
	at org.openqa.selenium.firefox.FirefoxDriver$LazyCommandExecutor.execute(FirefoxDriver.java:377)
	at org.openqa.selenium.remote.RemoteWebDriver.execute(RemoteWebDriver.java:644)
	at org.openqa.selenium.firefox.FirefoxDriver.access$0(FirefoxDriver.java:1)
	at org.openqa.selenium.firefox.FirefoxDriver$1$1.implicitlyWait(FirefoxDriver.java:244)
	at newMMIS_Subsystems.Common.resetBase(Common.java:67)
	at newMMIS_Subsystems.Provider.LoginCheck(Provider.java:53)
	at sun.reflect.GeneratedMethodAccessor1.invoke(Unknown Source)
	at sun.reflect.DelegatingMethodAccessorImpl.invoke(DelegatingMethodAccessorImpl.java:43)
	at java.lang.reflect.Method.invoke(Method.java:498)
	at org.testng.internal.MethodInvocationHelper.invokeMethod(MethodInvocationHelper.java:85)
	at org.testng.internal.Invoker.invokeConfigurationMethod(Invoker.java:510)
	at org.testng.internal.Invoker.invokeConfigurations(Invoker.java:211)
	at org.testng.internal.Invoker.invokeMethod(Invoker.java:585)
	at org.testng.internal.Invoker.invokeTestMethod(Invoker.java:816)
	at org.testng.internal.Invoker.invokeTestMethods(Invoker.java:1124)
	at org.testng.internal.TestMethodWorker.invokeTestMethods(TestMethodWorker.java:125)
	at org.testng.internal.TestMethodWorker.run(TestMethodWorker.java:108)
	at org.testng.TestRunner.privateRun(TestRunner.java:774)
	at org.testng.TestRunner.run(TestRunner.java:624)
	at org.testng.SuiteRunner.runTest(SuiteRunner.java:359)
	at org.testng.SuiteRunner.runSequentially(SuiteRunner.java:354)
	at org.testng.SuiteRunner.privateRun(SuiteRunner.java:312)
	at org.testng.SuiteRunner.run(SuiteRunner.java:261)
	at org.testng.SuiteRunnerWorker.runSuite(SuiteRunnerWorker.java:52)
	at org.testng.SuiteRunnerWorker.run(SuiteRunnerWorker.java:86)
	at org.testng.TestNG.runSuitesSequentially(TestNG.java:1215)
	at org.testng.TestNG.runSuitesLocally(TestNG.java:1140)
	at org.testng.TestNG.run(TestNG.java:1048)
	at org.testng.remote.RemoteTestNG.run(RemoteTestNG.java:112)
	at org.testng.remote.RemoteTestNG.initAndRun(RemoteTestNG.java:205)
	at org.testng.remote.RemoteTestNG.main(RemoteTestNG.java:176)
</pre></div></td>
<td>0</td>
<td>newMMIS_Subsystems.Provider@23ceabc1</td></tr>
</table><p>
<table width='100%' border='1' class='invocation-skipped'>
<tr><td colspan='4' align='center'><b>SKIPPED CONFIGURATIONS</b></td></tr>
<tr><td><b>Test method</b></td>
<td width="30%"><b>Exception</b></td>
<td width="10%"><b>Time (seconds)</b></td>
<td><b>Instance</b></td>
</tr>
<tr>
<td title='newMMIS_Subsystems.Provider.LoginCheck()'><b>LoginCheck</b><br>Test class: newMMIS_Subsystems.Provider</td>
<td></td>
<td>0</td>
<td>newMMIS_Subsystems.Provider@23ceabc1</td></tr>
<tr>
<td title='newMMIS_Subsystems.Provider.LoginCheck()'><b>LoginCheck</b><br>Test class: newMMIS_Subsystems.Provider</td>
<td></td>
<td>0</td>
<td>newMMIS_Subsystems.Provider@23ceabc1</td></tr>
<tr>
<td title='newMMIS_Subsystems.Provider.LoginCheck()'><b>LoginCheck</b><br>Test class: newMMIS_Subsystems.Provider</td>
<td></td>
<td>0</td>
<td>newMMIS_Subsystems.Provider@23ceabc1</td></tr>
<tr>
<td title='newMMIS_Subsystems.Provider.LoginCheck()'><b>LoginCheck</b><br>Test class: newMMIS_Subsystems.Provider</td>
<td></td>
<td>0</td>
<td>newMMIS_Subsystems.Provider@23ceabc1</td></tr>
<tr>
<td title='newMMIS_Subsystems.Provider.LoginCheck()'><b>LoginCheck</b><br>Test class: newMMIS_Subsystems.Provider</td>
<td></td>
<td>0</td>
<td>newMMIS_Subsystems.Provider@23ceabc1</td></tr>
<tr>
<td title='newMMIS_Subsystems.Provider.LoginCheck()'><b>LoginCheck</b><br>Test class: newMMIS_Subsystems.Provider</td>
<td></td>
<td>0</td>
<td>newMMIS_Subsystems.Provider@23ceabc1</td></tr>
<tr>
<td title='newMMIS_Subsystems.Provider.LoginCheck()'><b>LoginCheck</b><br>Test class: newMMIS_Subsystems.Provider</td>
<td></td>
<td>0</td>
<td>newMMIS_Subsystems.Provider@23ceabc1</td></tr>
<tr>
<td title='newMMIS_Subsystems.Provider.LoginCheck()'><b>LoginCheck</b><br>Test class: newMMIS_Subsystems.Provider</td>
<td></td>
<td>0</td>
<td>newMMIS_Subsystems.Provider@23ceabc1</td></tr>
<tr>
<td title='newMMIS_Subsystems.Provider.LoginCheck()'><b>LoginCheck</b><br>Test class: newMMIS_Subsystems.Provider</td>
<td></td>
<td>0</td>
<td>newMMIS_Subsystems.Provider@23ceabc1</td></tr>
<tr>
<td title='newMMIS_Subsystems.Provider.LoginCheck()'><b>LoginCheck</b><br>Test class: newMMIS_Subsystems.Provider</td>
<td></td>
<td>0</td>
<td>newMMIS_Subsystems.Provider@23ceabc1</td></tr>
<tr>
<td title='newMMIS_Subsystems.Provider.LoginCheck()'><b>LoginCheck</b><br>Test class: newMMIS_Subsystems.Provider</td>
<td></td>
<td>0</td>
<td>newMMIS_Subsystems.Provider@23ceabc1</td></tr>
<tr>
<td title='newMMIS_Subsystems.Provider.LoginCheck()'><b>LoginCheck</b><br>Test class: newMMIS_Subsystems.Provider</td>
<td></td>
<td>0</td>
<td>newMMIS_Subsystems.Provider@23ceabc1</td></tr>
<tr>
<td title='newMMIS_Subsystems.Provider.LoginCheck()'><b>LoginCheck</b><br>Test class: newMMIS_Subsystems.Provider</td>
<td></td>
<td>0</td>
<td>newMMIS_Subsystems.Provider@23ceabc1</td></tr>
<tr>
<td title='newMMIS_Subsystems.Provider.LoginCheck()'><b>LoginCheck</b><br>Test class: newMMIS_Subsystems.Provider</td>
<td></td>
<td>0</td>
<td>newMMIS_Subsystems.Provider@23ceabc1</td></tr>
<tr>
<td title='newMMIS_Subsystems.Provider.LoginCheck()'><b>LoginCheck</b><br>Test class: newMMIS_Subsystems.Provider</td>
<td></td>
<td>0</td>
<td>newMMIS_Subsystems.Provider@23ceabc1</td></tr>
<tr>
<td title='newMMIS_Subsystems.Provider.LoginCheck()'><b>LoginCheck</b><br>Test class: newMMIS_Subsystems.Provider</td>
<td></td>
<td>0</td>
<td>newMMIS_Subsystems.Provider@23ceabc1</td></tr>
<tr>
<td title='newMMIS_Subsystems.Provider.LoginCheck()'><b>LoginCheck</b><br>Test class: newMMIS_Subsystems.Provider</td>
<td></td>
<td>0</td>
<td>newMMIS_Subsystems.Provider@23ceabc1</td></tr>
<tr>
<td title='newMMIS_Subsystems.Provider.LoginCheck()'><b>LoginCheck</b><br>Test class: newMMIS_Subsystems.Provider</td>
<td></td>
<td>0</td>
<td>newMMIS_Subsystems.Provider@23ceabc1</td></tr>
<tr>
<td title='newMMIS_Subsystems.Provider.LoginCheck()'><b>LoginCheck</b><br>Test class: newMMIS_Subsystems.Provider</td>
<td></td>
<td>0</td>
<td>newMMIS_Subsystems.Provider@23ceabc1</td></tr>
<tr>
<td title='newMMIS_Subsystems.Provider.LoginCheck()'><b>LoginCheck</b><br>Test class: newMMIS_Subsystems.Provider</td>
<td></td>
<td>0</td>
<td>newMMIS_Subsystems.Provider@23ceabc1</td></tr>
</table><p>
<table width='100%' border='1' class='invocation-failed'>
<tr><td colspan='4' align='center'><b>FAILED TESTS</b></td></tr>
<tr><td><b>Test method</b></td>
<td width="30%"><b>Exception</b></td>
<td width="10%"><b>Time (seconds)</b></td>
<td><b>Instance</b></td>
</tr>
<tr>
<td title='newMMIS_Subsystems.Provider.test22471()'><b>test22471</b><br>Test class: newMMIS_Subsystems.Provider<br/>
<a href="#Output-414471424" onClick='toggleBox("Output-414471424", this, "Show output", "Hide output");'>Show output</a>

<a href="#Output-414471424" onClick="toggleAllBoxes();">Show all outputs</a>
<div class='log' id="Output-414471424">
2.C:\Users\agandhi20\Workspace\Regression_TR\ScreenShots\_16_Jan_2023__01_42_10PM_192.168.1.140_TC 22471.png<br/>
</div>
</td>
<td><div><pre>java.lang.AssertionError: Save NOT successful Error Message: Effective Date must be less than or equal to End Date... expected [true] but found [false]
	at newMMIS_Subsystems.Common.saveAll(Common.java:117)
	at newMMIS_Subsystems.Provider.test22471(Provider.java:1365)
... Removed 27 stack frames</pre></div><a href='#' onClick='toggleBox("stack-trace414471424", this, "Click to show all stack frames", "Click to hide stack frames")'>Click to show all stack frames</a>
<div class='stack-trace' id='stack-trace414471424'><pre>java.lang.AssertionError: Save NOT successful Error Message: Effective Date must be less than or equal to End Date... expected [true] but found [false]
	at org.testng.Assert.fail(Assert.java:94)
	at org.testng.Assert.failNotEquals(Assert.java:496)
	at org.testng.Assert.assertTrue(Assert.java:42)
	at newMMIS_Subsystems.Common.saveAll(Common.java:117)
	at newMMIS_Subsystems.Provider.test22471(Provider.java:1365)
	at sun.reflect.NativeMethodAccessorImpl.invoke0(Native Method)
	at sun.reflect.NativeMethodAccessorImpl.invoke(NativeMethodAccessorImpl.java:62)
	at sun.reflect.DelegatingMethodAccessorImpl.invoke(DelegatingMethodAccessorImpl.java:43)
	at java.lang.reflect.Method.invoke(Method.java:498)
	at org.testng.internal.MethodInvocationHelper.invokeMethod(MethodInvocationHelper.java:85)
	at org.testng.internal.Invoker.invokeMethod(Invoker.java:639)
	at org.testng.internal.Invoker.invokeTestMethod(Invoker.java:816)
	at org.testng.internal.Invoker.invokeTestMethods(Invoker.java:1124)
	at org.testng.internal.TestMethodWorker.invokeTestMethods(TestMethodWorker.java:125)
	at org.testng.internal.TestMethodWorker.run(TestMethodWorker.java:108)
	at org.testng.TestRunner.privateRun(TestRunner.java:774)
	at org.testng.TestRunner.run(TestRunner.java:624)
	at org.testng.SuiteRunner.runTest(SuiteRunner.java:359)
	at org.testng.SuiteRunner.runSequentially(SuiteRunner.java:354)
	at org.testng.SuiteRunner.privateRun(SuiteRunner.java:312)
	at org.testng.SuiteRunner.run(SuiteRunner.java:261)
	at org.testng.SuiteRunnerWorker.runSuite(SuiteRunnerWorker.java:52)
	at org.testng.SuiteRunnerWorker.run(SuiteRunnerWorker.java:86)
	at org.testng.TestNG.runSuitesSequentially(TestNG.java:1215)
	at org.testng.TestNG.runSuitesLocally(TestNG.java:1140)
	at org.testng.TestNG.run(TestNG.java:1048)
	at org.testng.remote.RemoteTestNG.run(RemoteTestNG.java:112)
	at org.testng.remote.RemoteTestNG.initAndRun(RemoteTestNG.java:205)
	at org.testng.remote.RemoteTestNG.main(RemoteTestNG.java:176)
</pre></div></td>
<td>7</td>
<td>newMMIS_Subsystems.Provider@23ceabc1</td></tr>
<tr>
<td title='newMMIS_Subsystems.Provider.test23101a()'><b>test23101a</b><br>Test class: newMMIS_Subsystems.Provider<br/>
<a href="#Output-1924981513" onClick='toggleBox("Output-1924981513", this, "Show output", "Hide output");'>Show output</a>

<a href="#Output-1924981513" onClick="toggleAllBoxes();">Show all outputs</a>
<div class='log' id="Output-1924981513">
3.C:\Users\agandhi20\Workspace\Regression_TR\ScreenShots\_16_Jan_2023__01_43_25PM_192.168.1.140_TC 23101a.png<br/>
</div>
</td>
<td><div><pre>java.lang.AssertionError: The ICN 2223016700012 is denied expected [true] but found [false]
	at newMMIS_Subsystems.Provider.test23101a(Provider.java:1568)
... Removed 27 stack frames</pre></div><a href='#' onClick='toggleBox("stack-trace1924981513", this, "Click to show all stack frames", "Click to hide stack frames")'>Click to show all stack frames</a>
<div class='stack-trace' id='stack-trace1924981513'><pre>java.lang.AssertionError: The ICN 2223016700012 is denied expected [true] but found [false]
	at org.testng.Assert.fail(Assert.java:94)
	at org.testng.Assert.failNotEquals(Assert.java:496)
	at org.testng.Assert.assertTrue(Assert.java:42)
	at newMMIS_Subsystems.Provider.test23101a(Provider.java:1568)
	at sun.reflect.NativeMethodAccessorImpl.invoke0(Native Method)
	at sun.reflect.NativeMethodAccessorImpl.invoke(NativeMethodAccessorImpl.java:62)
	at sun.reflect.DelegatingMethodAccessorImpl.invoke(DelegatingMethodAccessorImpl.java:43)
	at java.lang.reflect.Method.invoke(Method.java:498)
	at org.testng.internal.MethodInvocationHelper.invokeMethod(MethodInvocationHelper.java:85)
	at org.testng.internal.Invoker.invokeMethod(Invoker.java:639)
	at org.testng.internal.Invoker.invokeTestMethod(Invoker.java:816)
	at org.testng.internal.Invoker.invokeTestMethods(Invoker.java:1124)
	at org.testng.internal.TestMethodWorker.invokeTestMethods(TestMethodWorker.java:125)
	at org.testng.internal.TestMethodWorker.run(TestMethodWorker.java:108)
	at org.testng.TestRunner.privateRun(TestRunner.java:774)
	at org.testng.TestRunner.run(TestRunner.java:624)
	at org.testng.SuiteRunner.runTest(SuiteRunner.java:359)
	at org.testng.SuiteRunner.runSequentially(SuiteRunner.java:354)
	at org.testng.SuiteRunner.privateRun(SuiteRunner.java:312)
	at org.testng.SuiteRunner.run(SuiteRunner.java:261)
	at org.testng.SuiteRunnerWorker.runSuite(SuiteRunnerWorker.java:52)
	at org.testng.SuiteRunnerWorker.run(SuiteRunnerWorker.java:86)
	at org.testng.TestNG.runSuitesSequentially(TestNG.java:1215)
	at org.testng.TestNG.runSuitesLocally(TestNG.java:1140)
	at org.testng.TestNG.run(TestNG.java:1048)
	at org.testng.remote.RemoteTestNG.run(RemoteTestNG.java:112)
	at org.testng.remote.RemoteTestNG.initAndRun(RemoteTestNG.java:205)
	at org.testng.remote.RemoteTestNG.main(RemoteTestNG.java:176)
</pre></div></td>
<td>56</td>
<td>newMMIS_Subsystems.Provider@23ceabc1</td></tr>
<tr>
<td title='newMMIS_Subsystems.Provider.test23116()'><b>test23116</b><br>Test class: newMMIS_Subsystems.Provider<br/>
<a href="#Output-1802242940" onClick='toggleBox("Output-1802242940", this, "Show output", "Hide output");'>Show output</a>

<a href="#Output-1802242940" onClick="toggleAllBoxes();">Show all outputs</a>
<div class='log' id="Output-1802242940">
4.C:\Users\agandhi20\Workspace\Regression_TR\ScreenShots\_16_Jan_2023__01_54_18PM_192.168.1.140_TC 23116.png<br/>
</div>
</td>
<td><div><pre>org.openqa.selenium.WebDriverException: Failed to connect to binary FirefoxBinary(C:\Program Files (x86)\Mozilla Firefox\firefox.exe) on port 7055; process output follows: 
ANDH~1\\AppData\\Local\\Temp\\anonymous669189767966788252webdriver-profile\\extensions\\fxdriver@googlecode.com&quot;,&quot;installDate&quot;:1673895212989,&quot;updateDate&quot;:1673895212989,&quot;applyBackgroundUpdates&quot;:1,&quot;bootstrap&quot;:false,&quot;size&quot;:3223845,&quot;sourceURI&quot;:null,&quot;releaseNotesURI&quot;:null,&quot;softDisabled&quot;:false,&quot;foreignInstall&quot;:true,&quot;hasBinaryComponents&quot;:true,&quot;strictCompatibility&quot;:false,&quot;locales&quot;:[],&quot;targetApplications&quot;:[{&quot;id&quot;:&quot;{ec8030f7-c20a-464f-9b0e-13a3a9e97384}&quot;,&quot;minVersion&quot;:&quot;3.0&quot;,&quot;maxVersion&quot;:&quot;45.0&quot;}],&quot;targetPlatforms&quot;:[{&quot;os&quot;:&quot;Darwin&quot;,&quot;abi&quot;:null},{&quot;os&quot;:&quot;SunOS&quot;,&quot;abi&quot;:null},{&quot;os&quot;:&quot;FreeBSD&quot;,&quot;abi&quot;:null},{&quot;os&quot;:&quot;OpenBSD&quot;,&quot;abi&quot;:null},{&quot;os&quot;:&quot;WINNT&quot;,&quot;abi&quot;:&quot;x86-msvc&quot;},{&quot;os&quot;:&quot;Linux&quot;,&quot;abi&quot;:null}],&quot;multiprocessCompatible&quot;:false,&quot;signedState&quot;:0}
1673895213294	addons.xpi	DEBUG	getModTime: Recursive scan of fxdriver@googlecode.com
1673895213299	addons.xpi	DEBUG	Updating XPIState for {&quot;id&quot;:&quot;{972ce4c6-7e08-4474-a285-3208198ce6fd}&quot;,&quot;syncGUID&quot;:&quot;GbiqsThfW0xc&quot;,&quot;location&quot;:&quot;app-global&quot;,&quot;version&quot;:&quot;44.0.2&quot;,&quot;type&quot;:&quot;theme&quot;,&quot;internalName&quot;:&quot;classic/1.0&quot;,&quot;updateURL&quot;:null,&quot;updateKey&quot;:null,&quot;optionsURL&quot;:null,&quot;optionsType&quot;:null,&quot;aboutURL&quot;:null,&quot;icons&quot;:{&quot;32&quot;:&quot;icon.png&quot;,&quot;48&quot;:&quot;icon.png&quot;},&quot;iconURL&quot;:null,&quot;icon64URL&quot;:null,&quot;defaultLocale&quot;:{&quot;name&quot;:&quot;Default&quot;,&quot;description&quot;:&quot;The default theme.&quot;,&quot;creator&quot;:&quot;Mozilla&quot;,&quot;homepageURL&quot;:null,&quot;contributors&quot;:[&quot;Mozilla Contributors&quot;]},&quot;visible&quot;:true,&quot;active&quot;:true,&quot;userDisabled&quot;:false,&quot;appDisabled&quot;:false,&quot;descriptor&quot;:&quot;C:\\Program Files (x86)\\Mozilla Firefox\\browser\\extensions\\{972ce4c6-7e08-4474-a285-3208198ce6fd}&quot;,&quot;installDate&quot;:1667934811304,&quot;updateDate&quot;:1667934811304,&quot;applyBackgroundUpdates&quot;:1,&quot;skinnable&quot;:true,&quot;size&quot;:24172,&quot;sourceURI&quot;:null,&quot;releaseNotesURI&quot;:null,&quot;softDisabled&quot;:false,&quot;foreignInstall&quot;:false,&quot;hasBinaryComponents&quot;:false,&quot;strictCompatibility&quot;:true,&quot;locales&quot;:[],&quot;targetApplications&quot;:[{&quot;id&quot;:&quot;{ec8030f7-c20a-464f-9b0e-13a3a9e97384}&quot;,&quot;minVersion&quot;:&quot;44.0.2&quot;,&quot;maxVersion&quot;:&quot;44.0.2&quot;}],&quot;targetPlatforms&quot;:[]}
1673895213299	addons.xpi	DEBUG	getModTime: Recursive scan of {972ce4c6-7e08-4474-a285-3208198ce6fd}
1673895213300	DeferredSave.extensions.json	DEBUG	Save changes
1673895213300	addons.xpi	DEBUG	Updating database with changes to installed add-ons
1673895213300	addons.xpi-utils	DEBUG	Updating add-on states
1673895213301	addons.xpi-utils	DEBUG	Writing add-ons list
1673895213305	addons.manager	DEBUG	Registering shutdown blocker for XPIProvider
1673895213305	addons.manager	DEBUG	Provider finished startup: XPIProvider
1673895213305	addons.manager	DEBUG	Starting provider: LightweightThemeManager
1673895213305	addons.manager	DEBUG	Registering shutdown blocker for LightweightThemeManager
1673895213305	addons.manager	DEBUG	Provider finished startup: LightweightThemeManager
1673895213305	addons.manager	DEBUG	Starting provider: GMPProvider
1673895213309	addons.manager	DEBUG	Registering shutdown blocker for GMPProvider
1673895213309	addons.manager	DEBUG	Provider finished startup: GMPProvider
1673895213309	addons.manager	DEBUG	Starting provider: PluginProvider
1673895213309	addons.manager	DEBUG	Registering shutdown blocker for PluginProvider
1673895213309	addons.manager	DEBUG	Provider finished startup: PluginProvider
1673895213310	addons.manager	DEBUG	Completed startup sequence
[GFX1]: Potential driver version mismatch ignored due to missing DLLs
1673895213448	DeferredSave.extensions.json	DEBUG	Starting write
1673895213619	addons.repository	DEBUG	No addons.json found.
1673895213619	DeferredSave.addons.json	DEBUG	Save changes
1673895213621	DeferredSave.addons.json	DEBUG	Starting timer
1673895213640	addons.manager	DEBUG	Starting provider: PreviousExperimentProvider
1673895213641	addons.manager	DEBUG	Registering shutdown blocker for PreviousExperimentProvider
1673895213641	addons.manager	DEBUG	Provider finished startup: PreviousExperimentProvider
1673895213643	DeferredSave.extensions.json	DEBUG	Write succeeded
1673895213643	addons.xpi-utils	DEBUG	XPI Database saved, setting schema version preference to 17
1673895213672	DeferredSave.addons.json	DEBUG	Starting write
1673895213681	DeferredSave.addons.json	DEBUG	Write succeeded

Build info: version: &apos;2.49.1&apos;, revision: &apos;7203e46&apos;, time: &apos;2016-01-21 17:35:35&apos;
System info: host: &apos;GWT-2GJ2DL3&apos;, ip: &apos;192.168.1.140&apos;, os.name: &apos;Windows 10&apos;, os.arch: &apos;amd64&apos;, os.version: &apos;10.0&apos;, java.version: &apos;1.8.0_91&apos;
Driver info: driver.version: FirefoxDriver
	at org.openqa.selenium.firefox.internal.NewProfileExtensionConnection.start(NewProfileExtensionConnection.java:134)
	at org.openqa.selenium.firefox.FirefoxDriver.startClient(FirefoxDriver.java:271)
	at org.openqa.selenium.remote.RemoteWebDriver.&lt;init&gt;(RemoteWebDriver.java:119)
	at org.openqa.selenium.firefox.FirefoxDriver.&lt;init&gt;(FirefoxDriver.java:218)
	at org.openqa.selenium.firefox.FirefoxDriver.&lt;init&gt;(FirefoxDriver.java:211)
	at org.openqa.selenium.firefox.FirefoxDriver.&lt;init&gt;(FirefoxDriver.java:207)
	at org.openqa.selenium.firefox.FirefoxDriver.&lt;init&gt;(FirefoxDriver.java:124)
	at newMMIS_Subsystems.Login.testLoginPortal(Login.java:186)
	at newMMIS_Subsystems.Common.portalLogin(Common.java:441)
	at newMMIS_Subsystems.Provider.test23116(Provider.java:2134)
Caused by: org.openqa.selenium.firefox.NotConnectedException: Unable to connect to host 127.0.0.1 on port 7055 after 45000 ms. Firefox console output:
ANDH~1\\AppData\\Local\\Temp\\anonymous669189767966788252webdriver-profile\\extensions\\fxdriver@googlecode.com&quot;,&quot;installDate&quot;:1673895212989,&quot;updateDate&quot;:1673895212989,&quot;applyBackgroundUpdates&quot;:1,&quot;bootstrap&quot;:false,&quot;size&quot;:3223845,&quot;sourceURI&quot;:null,&quot;releaseNotesURI&quot;:null,&quot;softDisabled&quot;:false,&quot;foreignInstall&quot;:true,&quot;hasBinaryComponents&quot;:true,&quot;strictCompatibility&quot;:false,&quot;locales&quot;:[],&quot;targetApplications&quot;:[{&quot;id&quot;:&quot;{ec8030f7-c20a-464f-9b0e-13a3a9e97384}&quot;,&quot;minVersion&quot;:&quot;3.0&quot;,&quot;maxVersion&quot;:&quot;45.0&quot;}],&quot;targetPlatforms&quot;:[{&quot;os&quot;:&quot;Darwin&quot;,&quot;abi&quot;:null},{&quot;os&quot;:&quot;SunOS&quot;,&quot;abi&quot;:null},{&quot;os&quot;:&quot;FreeBSD&quot;,&quot;abi&quot;:null},{&quot;os&quot;:&quot;OpenBSD&quot;,&quot;abi&quot;:null},{&quot;os&quot;:&quot;WINNT&quot;,&quot;abi&quot;:&quot;x86-msvc&quot;},{&quot;os&quot;:&quot;Linux&quot;,&quot;abi&quot;:null}],&quot;multiprocessCompatible&quot;:false,&quot;signedState&quot;:0}
1673895213294	addons.xpi	DEBUG	getModTime: Recursive scan of fxdriver@googlecode.com
1673895213299	addons.xpi	DEBUG	Updating XPIState for {&quot;id&quot;:&quot;{972ce4c6-7e08-4474-a285-3208198ce6fd}&quot;,&quot;syncGUID&quot;:&quot;GbiqsThfW0xc&quot;,&quot;location&quot;:&quot;app-global&quot;,&quot;version&quot;:&quot;44.0.2&quot;,&quot;type&quot;:&quot;theme&quot;,&quot;internalName&quot;:&quot;classic/1.0&quot;,&quot;updateURL&quot;:null,&quot;updateKey&quot;:null,&quot;optionsURL&quot;:null,&quot;optionsType&quot;:null,&quot;aboutURL&quot;:null,&quot;icons&quot;:{&quot;32&quot;:&quot;icon.png&quot;,&quot;48&quot;:&quot;icon.png&quot;},&quot;iconURL&quot;:null,&quot;icon64URL&quot;:null,&quot;defaultLocale&quot;:{&quot;name&quot;:&quot;Default&quot;,&quot;description&quot;:&quot;The default theme.&quot;,&quot;creator&quot;:&quot;Mozilla&quot;,&quot;homepageURL&quot;:null,&quot;contributors&quot;:[&quot;Mozilla Contributors&quot;]},&quot;visible&quot;:true,&quot;active&quot;:true,&quot;userDisabled&quot;:false,&quot;appDisabled&quot;:false,&quot;descriptor&quot;:&quot;C:\\Program Files (x86)\\Mozilla Firefox\\browser\\extensions\\{972ce4c6-7e08-4474-a285-3208198ce6fd}&quot;,&quot;installDate&quot;:1667934811304,&quot;updateDate&quot;:1667934811304,&quot;applyBackgroundUpdates&quot;:1,&quot;skinnable&quot;:true,&quot;size&quot;:24172,&quot;sourceURI&quot;:null,&quot;releaseNotesURI&quot;:null,&quot;softDisabled&quot;:false,&quot;foreignInstall&quot;:false,&quot;hasBinaryComponents&quot;:false,&quot;strictCompatibility&quot;:true,&quot;locales&quot;:[],&quot;targetApplications&quot;:[{&quot;id&quot;:&quot;{ec8030f7-c20a-464f-9b0e-13a3a9e97384}&quot;,&quot;minVersion&quot;:&quot;44.0.2&quot;,&quot;maxVersion&quot;:&quot;44.0.2&quot;}],&quot;targetPlatforms&quot;:[]}
1673895213299	addons.xpi	DEBUG	getModTime: Recursive scan of {972ce4c6-7e08-4474-a285-3208198ce6fd}
1673895213300	DeferredSave.extensions.json	DEBUG	Save changes
1673895213300	addons.xpi	DEBUG	Updating database with changes to installed add-ons
1673895213300	addons.xpi-utils	DEBUG	Updating add-on states
1673895213301	addons.xpi-utils	DEBUG	Writing add-ons list
1673895213305	addons.manager	DEBUG	Registering shutdown blocker for XPIProvider
1673895213305	addons.manager	DEBUG	Provider finished startup: XPIProvider
1673895213305	addons.manager	DEBUG	Starting provider: LightweightThemeManager
1673895213305	addons.manager	DEBUG	Registering shutdown blocker for LightweightThemeManager
1673895213305	addons.manager	DEBUG	Provider finished startup: LightweightThemeManager
1673895213305	addons.manager	DEBUG	Starting provider: GMPProvider
1673895213309	addons.manager	DEBUG	Registering shutdown blocker for GMPProvider
1673895213309	addons.manager	DEBUG	Provider finished startup: GMPProvider
1673895213309	addons.manager	DEBUG	Starting provider: PluginProvider
1673895213309	addons.manager	DEBUG	Registering shutdown blocker for PluginProvider
1673895213309	addons.manager	DEBUG	Provider finished startup: PluginProvider
1673895213310	addons.manager	DEBUG	Completed startup sequence
[GFX1]: Potential driver version mismatch ignored due to missing DLLs
1673895213448	DeferredSave.extensions.json	DEBUG	Starting write
1673895213619	addons.repository	DEBUG	No addons.json found.
1673895213619	DeferredSave.addons.json	DEBUG	Save changes
1673895213621	DeferredSave.addons.json	DEBUG	Starting timer
1673895213640	addons.manager	DEBUG	Starting provider: PreviousExperimentProvider
1673895213641	addons.manager	DEBUG	Registering shutdown blocker for PreviousExperimentProvider
1673895213641	addons.manager	DEBUG	Provider finished startup: PreviousExperimentProvider
1673895213643	DeferredSave.extensions.json	DEBUG	Write succeeded
1673895213643	addons.xpi-utils	DEBUG	XPI Database saved, setting schema version preference to 17
1673895213672	DeferredSave.addons.json	DEBUG	Starting write
1673895213681	DeferredSave.addons.json	DEBUG	Write succeeded

	at org.openqa.selenium.firefox.internal.NewProfileExtensionConnection.start(NewProfileExtensionConnection.java:122)
	... 33 more
... Removed 24 stack frames</pre></div><a href='#' onClick='toggleBox("stack-trace1802242940", this, "Click to show all stack frames", "Click to hide stack frames")'>Click to show all stack frames</a>
<div class='stack-trace' id='stack-trace1802242940'><pre>org.openqa.selenium.WebDriverException: Failed to connect to binary FirefoxBinary(C:\Program Files (x86)\Mozilla Firefox\firefox.exe) on port 7055; process output follows: 
ANDH~1\\AppData\\Local\\Temp\\anonymous669189767966788252webdriver-profile\\extensions\\fxdriver@googlecode.com&quot;,&quot;installDate&quot;:1673895212989,&quot;updateDate&quot;:1673895212989,&quot;applyBackgroundUpdates&quot;:1,&quot;bootstrap&quot;:false,&quot;size&quot;:3223845,&quot;sourceURI&quot;:null,&quot;releaseNotesURI&quot;:null,&quot;softDisabled&quot;:false,&quot;foreignInstall&quot;:true,&quot;hasBinaryComponents&quot;:true,&quot;strictCompatibility&quot;:false,&quot;locales&quot;:[],&quot;targetApplications&quot;:[{&quot;id&quot;:&quot;{ec8030f7-c20a-464f-9b0e-13a3a9e97384}&quot;,&quot;minVersion&quot;:&quot;3.0&quot;,&quot;maxVersion&quot;:&quot;45.0&quot;}],&quot;targetPlatforms&quot;:[{&quot;os&quot;:&quot;Darwin&quot;,&quot;abi&quot;:null},{&quot;os&quot;:&quot;SunOS&quot;,&quot;abi&quot;:null},{&quot;os&quot;:&quot;FreeBSD&quot;,&quot;abi&quot;:null},{&quot;os&quot;:&quot;OpenBSD&quot;,&quot;abi&quot;:null},{&quot;os&quot;:&quot;WINNT&quot;,&quot;abi&quot;:&quot;x86-msvc&quot;},{&quot;os&quot;:&quot;Linux&quot;,&quot;abi&quot;:null}],&quot;multiprocessCompatible&quot;:false,&quot;signedState&quot;:0}
1673895213294	addons.xpi	DEBUG	getModTime: Recursive scan of fxdriver@googlecode.com
1673895213299	addons.xpi	DEBUG	Updating XPIState for {&quot;id&quot;:&quot;{972ce4c6-7e08-4474-a285-3208198ce6fd}&quot;,&quot;syncGUID&quot;:&quot;GbiqsThfW0xc&quot;,&quot;location&quot;:&quot;app-global&quot;,&quot;version&quot;:&quot;44.0.2&quot;,&quot;type&quot;:&quot;theme&quot;,&quot;internalName&quot;:&quot;classic/1.0&quot;,&quot;updateURL&quot;:null,&quot;updateKey&quot;:null,&quot;optionsURL&quot;:null,&quot;optionsType&quot;:null,&quot;aboutURL&quot;:null,&quot;icons&quot;:{&quot;32&quot;:&quot;icon.png&quot;,&quot;48&quot;:&quot;icon.png&quot;},&quot;iconURL&quot;:null,&quot;icon64URL&quot;:null,&quot;defaultLocale&quot;:{&quot;name&quot;:&quot;Default&quot;,&quot;description&quot;:&quot;The default theme.&quot;,&quot;creator&quot;:&quot;Mozilla&quot;,&quot;homepageURL&quot;:null,&quot;contributors&quot;:[&quot;Mozilla Contributors&quot;]},&quot;visible&quot;:true,&quot;active&quot;:true,&quot;userDisabled&quot;:false,&quot;appDisabled&quot;:false,&quot;descriptor&quot;:&quot;C:\\Program Files (x86)\\Mozilla Firefox\\browser\\extensions\\{972ce4c6-7e08-4474-a285-3208198ce6fd}&quot;,&quot;installDate&quot;:1667934811304,&quot;updateDate&quot;:1667934811304,&quot;applyBackgroundUpdates&quot;:1,&quot;skinnable&quot;:true,&quot;size&quot;:24172,&quot;sourceURI&quot;:null,&quot;releaseNotesURI&quot;:null,&quot;softDisabled&quot;:false,&quot;foreignInstall&quot;:false,&quot;hasBinaryComponents&quot;:false,&quot;strictCompatibility&quot;:true,&quot;locales&quot;:[],&quot;targetApplications&quot;:[{&quot;id&quot;:&quot;{ec8030f7-c20a-464f-9b0e-13a3a9e97384}&quot;,&quot;minVersion&quot;:&quot;44.0.2&quot;,&quot;maxVersion&quot;:&quot;44.0.2&quot;}],&quot;targetPlatforms&quot;:[]}
1673895213299	addons.xpi	DEBUG	getModTime: Recursive scan of {972ce4c6-7e08-4474-a285-3208198ce6fd}
1673895213300	DeferredSave.extensions.json	DEBUG	Save changes
1673895213300	addons.xpi	DEBUG	Updating database with changes to installed add-ons
1673895213300	addons.xpi-utils	DEBUG	Updating add-on states
1673895213301	addons.xpi-utils	DEBUG	Writing add-ons list
1673895213305	addons.manager	DEBUG	Registering shutdown blocker for XPIProvider
1673895213305	addons.manager	DEBUG	Provider finished startup: XPIProvider
1673895213305	addons.manager	DEBUG	Starting provider: LightweightThemeManager
1673895213305	addons.manager	DEBUG	Registering shutdown blocker for LightweightThemeManager
1673895213305	addons.manager	DEBUG	Provider finished startup: LightweightThemeManager
1673895213305	addons.manager	DEBUG	Starting provider: GMPProvider
1673895213309	addons.manager	DEBUG	Registering shutdown blocker for GMPProvider
1673895213309	addons.manager	DEBUG	Provider finished startup: GMPProvider
1673895213309	addons.manager	DEBUG	Starting provider: PluginProvider
1673895213309	addons.manager	DEBUG	Registering shutdown blocker for PluginProvider
1673895213309	addons.manager	DEBUG	Provider finished startup: PluginProvider
1673895213310	addons.manager	DEBUG	Completed startup sequence
[GFX1]: Potential driver version mismatch ignored due to missing DLLs
1673895213448	DeferredSave.extensions.json	DEBUG	Starting write
1673895213619	addons.repository	DEBUG	No addons.json found.
1673895213619	DeferredSave.addons.json	DEBUG	Save changes
1673895213621	DeferredSave.addons.json	DEBUG	Starting timer
1673895213640	addons.manager	DEBUG	Starting provider: PreviousExperimentProvider
1673895213641	addons.manager	DEBUG	Registering shutdown blocker for PreviousExperimentProvider
1673895213641	addons.manager	DEBUG	Provider finished startup: PreviousExperimentProvider
1673895213643	DeferredSave.extensions.json	DEBUG	Write succeeded
1673895213643	addons.xpi-utils	DEBUG	XPI Database saved, setting schema version preference to 17
1673895213672	DeferredSave.addons.json	DEBUG	Starting write
1673895213681	DeferredSave.addons.json	DEBUG	Write succeeded

Build info: version: &apos;2.49.1&apos;, revision: &apos;7203e46&apos;, time: &apos;2016-01-21 17:35:35&apos;
System info: host: &apos;GWT-2GJ2DL3&apos;, ip: &apos;192.168.1.140&apos;, os.name: &apos;Windows 10&apos;, os.arch: &apos;amd64&apos;, os.version: &apos;10.0&apos;, java.version: &apos;1.8.0_91&apos;
Driver info: driver.version: FirefoxDriver
	at org.openqa.selenium.firefox.internal.NewProfileExtensionConnection.start(NewProfileExtensionConnection.java:134)
	at org.openqa.selenium.firefox.FirefoxDriver.startClient(FirefoxDriver.java:271)
	at org.openqa.selenium.remote.RemoteWebDriver.&lt;init&gt;(RemoteWebDriver.java:119)
	at org.openqa.selenium.firefox.FirefoxDriver.&lt;init&gt;(FirefoxDriver.java:218)
	at org.openqa.selenium.firefox.FirefoxDriver.&lt;init&gt;(FirefoxDriver.java:211)
	at org.openqa.selenium.firefox.FirefoxDriver.&lt;init&gt;(FirefoxDriver.java:207)
	at org.openqa.selenium.firefox.FirefoxDriver.&lt;init&gt;(FirefoxDriver.java:124)
	at newMMIS_Subsystems.Login.testLoginPortal(Login.java:186)
	at newMMIS_Subsystems.Common.portalLogin(Common.java:441)
	at newMMIS_Subsystems.Provider.test23116(Provider.java:2134)
	at sun.reflect.NativeMethodAccessorImpl.invoke0(Native Method)
	at sun.reflect.NativeMethodAccessorImpl.invoke(NativeMethodAccessorImpl.java:62)
	at sun.reflect.DelegatingMethodAccessorImpl.invoke(DelegatingMethodAccessorImpl.java:43)
	at java.lang.reflect.Method.invoke(Method.java:498)
	at org.testng.internal.MethodInvocationHelper.invokeMethod(MethodInvocationHelper.java:85)
	at org.testng.internal.Invoker.invokeMethod(Invoker.java:639)
	at org.testng.internal.Invoker.invokeTestMethod(Invoker.java:816)
	at org.testng.internal.Invoker.invokeTestMethods(Invoker.java:1124)
	at org.testng.internal.TestMethodWorker.invokeTestMethods(TestMethodWorker.java:125)
	at org.testng.internal.TestMethodWorker.run(TestMethodWorker.java:108)
	at org.testng.TestRunner.privateRun(TestRunner.java:774)
	at org.testng.TestRunner.run(TestRunner.java:624)
	at org.testng.SuiteRunner.runTest(SuiteRunner.java:359)
	at org.testng.SuiteRunner.runSequentially(SuiteRunner.java:354)
	at org.testng.SuiteRunner.privateRun(SuiteRunner.java:312)
	at org.testng.SuiteRunner.run(SuiteRunner.java:261)
	at org.testng.SuiteRunnerWorker.runSuite(SuiteRunnerWorker.java:52)
	at org.testng.SuiteRunnerWorker.run(SuiteRunnerWorker.java:86)
	at org.testng.TestNG.runSuitesSequentially(TestNG.java:1215)
	at org.testng.TestNG.runSuitesLocally(TestNG.java:1140)
	at org.testng.TestNG.run(TestNG.java:1048)
	at org.testng.remote.RemoteTestNG.run(RemoteTestNG.java:112)
	at org.testng.remote.RemoteTestNG.initAndRun(RemoteTestNG.java:205)
	at org.testng.remote.RemoteTestNG.main(RemoteTestNG.java:176)
Caused by: org.openqa.selenium.firefox.NotConnectedException: Unable to connect to host 127.0.0.1 on port 7055 after 45000 ms. Firefox console output:
ANDH~1\\AppData\\Local\\Temp\\anonymous669189767966788252webdriver-profile\\extensions\\fxdriver@googlecode.com&quot;,&quot;installDate&quot;:1673895212989,&quot;updateDate&quot;:1673895212989,&quot;applyBackgroundUpdates&quot;:1,&quot;bootstrap&quot;:false,&quot;size&quot;:3223845,&quot;sourceURI&quot;:null,&quot;releaseNotesURI&quot;:null,&quot;softDisabled&quot;:false,&quot;foreignInstall&quot;:true,&quot;hasBinaryComponents&quot;:true,&quot;strictCompatibility&quot;:false,&quot;locales&quot;:[],&quot;targetApplications&quot;:[{&quot;id&quot;:&quot;{ec8030f7-c20a-464f-9b0e-13a3a9e97384}&quot;,&quot;minVersion&quot;:&quot;3.0&quot;,&quot;maxVersion&quot;:&quot;45.0&quot;}],&quot;targetPlatforms&quot;:[{&quot;os&quot;:&quot;Darwin&quot;,&quot;abi&quot;:null},{&quot;os&quot;:&quot;SunOS&quot;,&quot;abi&quot;:null},{&quot;os&quot;:&quot;FreeBSD&quot;,&quot;abi&quot;:null},{&quot;os&quot;:&quot;OpenBSD&quot;,&quot;abi&quot;:null},{&quot;os&quot;:&quot;WINNT&quot;,&quot;abi&quot;:&quot;x86-msvc&quot;},{&quot;os&quot;:&quot;Linux&quot;,&quot;abi&quot;:null}],&quot;multiprocessCompatible&quot;:false,&quot;signedState&quot;:0}
1673895213294	addons.xpi	DEBUG	getModTime: Recursive scan of fxdriver@googlecode.com
1673895213299	addons.xpi	DEBUG	Updating XPIState for {&quot;id&quot;:&quot;{972ce4c6-7e08-4474-a285-3208198ce6fd}&quot;,&quot;syncGUID&quot;:&quot;GbiqsThfW0xc&quot;,&quot;location&quot;:&quot;app-global&quot;,&quot;version&quot;:&quot;44.0.2&quot;,&quot;type&quot;:&quot;theme&quot;,&quot;internalName&quot;:&quot;classic/1.0&quot;,&quot;updateURL&quot;:null,&quot;updateKey&quot;:null,&quot;optionsURL&quot;:null,&quot;optionsType&quot;:null,&quot;aboutURL&quot;:null,&quot;icons&quot;:{&quot;32&quot;:&quot;icon.png&quot;,&quot;48&quot;:&quot;icon.png&quot;},&quot;iconURL&quot;:null,&quot;icon64URL&quot;:null,&quot;defaultLocale&quot;:{&quot;name&quot;:&quot;Default&quot;,&quot;description&quot;:&quot;The default theme.&quot;,&quot;creator&quot;:&quot;Mozilla&quot;,&quot;homepageURL&quot;:null,&quot;contributors&quot;:[&quot;Mozilla Contributors&quot;]},&quot;visible&quot;:true,&quot;active&quot;:true,&quot;userDisabled&quot;:false,&quot;appDisabled&quot;:false,&quot;descriptor&quot;:&quot;C:\\Program Files (x86)\\Mozilla Firefox\\browser\\extensions\\{972ce4c6-7e08-4474-a285-3208198ce6fd}&quot;,&quot;installDate&quot;:1667934811304,&quot;updateDate&quot;:1667934811304,&quot;applyBackgroundUpdates&quot;:1,&quot;skinnable&quot;:true,&quot;size&quot;:24172,&quot;sourceURI&quot;:null,&quot;releaseNotesURI&quot;:null,&quot;softDisabled&quot;:false,&quot;foreignInstall&quot;:false,&quot;hasBinaryComponents&quot;:false,&quot;strictCompatibility&quot;:true,&quot;locales&quot;:[],&quot;targetApplications&quot;:[{&quot;id&quot;:&quot;{ec8030f7-c20a-464f-9b0e-13a3a9e97384}&quot;,&quot;minVersion&quot;:&quot;44.0.2&quot;,&quot;maxVersion&quot;:&quot;44.0.2&quot;}],&quot;targetPlatforms&quot;:[]}
1673895213299	addons.xpi	DEBUG	getModTime: Recursive scan of {972ce4c6-7e08-4474-a285-3208198ce6fd}
1673895213300	DeferredSave.extensions.json	DEBUG	Save changes
1673895213300	addons.xpi	DEBUG	Updating database with changes to installed add-ons
1673895213300	addons.xpi-utils	DEBUG	Updating add-on states
1673895213301	addons.xpi-utils	DEBUG	Writing add-ons list
1673895213305	addons.manager	DEBUG	Registering shutdown blocker for XPIProvider
1673895213305	addons.manager	DEBUG	Provider finished startup: XPIProvider
1673895213305	addons.manager	DEBUG	Starting provider: LightweightThemeManager
1673895213305	addons.manager	DEBUG	Registering shutdown blocker for LightweightThemeManager
1673895213305	addons.manager	DEBUG	Provider finished startup: LightweightThemeManager
1673895213305	addons.manager	DEBUG	Starting provider: GMPProvider
1673895213309	addons.manager	DEBUG	Registering shutdown blocker for GMPProvider
1673895213309	addons.manager	DEBUG	Provider finished startup: GMPProvider
1673895213309	addons.manager	DEBUG	Starting provider: PluginProvider
1673895213309	addons.manager	DEBUG	Registering shutdown blocker for PluginProvider
1673895213309	addons.manager	DEBUG	Provider finished startup: PluginProvider
1673895213310	addons.manager	DEBUG	Completed startup sequence
[GFX1]: Potential driver version mismatch ignored due to missing DLLs
1673895213448	DeferredSave.extensions.json	DEBUG	Starting write
1673895213619	addons.repository	DEBUG	No addons.json found.
1673895213619	DeferredSave.addons.json	DEBUG	Save changes
1673895213621	DeferredSave.addons.json	DEBUG	Starting timer
1673895213640	addons.manager	DEBUG	Starting provider: PreviousExperimentProvider
1673895213641	addons.manager	DEBUG	Registering shutdown blocker for PreviousExperimentProvider
1673895213641	addons.manager	DEBUG	Provider finished startup: PreviousExperimentProvider
1673895213643	DeferredSave.extensions.json	DEBUG	Write succeeded
1673895213643	addons.xpi-utils	DEBUG	XPI Database saved, setting schema version preference to 17
1673895213672	DeferredSave.addons.json	DEBUG	Starting write
1673895213681	DeferredSave.addons.json	DEBUG	Write succeeded

	at org.openqa.selenium.firefox.internal.NewProfileExtensionConnection.start(NewProfileExtensionConnection.java:122)
	... 33 more
</pre></div></td>
<td>48</td>
<td>newMMIS_Subsystems.Provider@23ceabc1</td></tr>
<tr>
<td title='newMMIS_Subsystems.Provider.test23135a()'><b>test23135a</b><br>Test class: newMMIS_Subsystems.Provider<br/>
<a href="#Output-6193365" onClick='toggleBox("Output-6193365", this, "Show output", "Hide output");'>Show output</a>

<a href="#Output-6193365" onClick="toggleAllBoxes();">Show all outputs</a>
<div class='log' id="Output-6193365">
1.C:\Users\agandhi20\Workspace\Regression_TR\ScreenShots\_16_Jan_2023__01_40_08PM_192.168.1.140_TC 23135a.png<br/>
</div>
</td>
<td><div><pre>java.lang.AssertionError: The selected file is not correct/ or it is empty/ or it does not have DSMATSTX user id expected [true] but found [false]
	at newMMIS_Subsystems.Common.connectUNIX(Common.java:678)
	at newMMIS_Subsystems.Provider.test23135a(Provider.java:92)
... Removed 27 stack frames</pre></div><a href='#' onClick='toggleBox("stack-trace6193365", this, "Click to show all stack frames", "Click to hide stack frames")'>Click to show all stack frames</a>
<div class='stack-trace' id='stack-trace6193365'><pre>java.lang.AssertionError: The selected file is not correct/ or it is empty/ or it does not have DSMATSTX user id expected [true] but found [false]
	at org.testng.Assert.fail(Assert.java:94)
	at org.testng.Assert.failNotEquals(Assert.java:496)
	at org.testng.Assert.assertTrue(Assert.java:42)
	at newMMIS_Subsystems.Common.connectUNIX(Common.java:678)
	at newMMIS_Subsystems.Provider.test23135a(Provider.java:92)
	at sun.reflect.NativeMethodAccessorImpl.invoke0(Native Method)
	at sun.reflect.NativeMethodAccessorImpl.invoke(NativeMethodAccessorImpl.java:62)
	at sun.reflect.DelegatingMethodAccessorImpl.invoke(DelegatingMethodAccessorImpl.java:43)
	at java.lang.reflect.Method.invoke(Method.java:498)
	at org.testng.internal.MethodInvocationHelper.invokeMethod(MethodInvocationHelper.java:85)
	at org.testng.internal.Invoker.invokeMethod(Invoker.java:639)
	at org.testng.internal.Invoker.invokeTestMethod(Invoker.java:816)
	at org.testng.internal.Invoker.invokeTestMethods(Invoker.java:1124)
	at org.testng.internal.TestMethodWorker.invokeTestMethods(TestMethodWorker.java:125)
	at org.testng.internal.TestMethodWorker.run(TestMethodWorker.java:108)
	at org.testng.TestRunner.privateRun(TestRunner.java:774)
	at org.testng.TestRunner.run(TestRunner.java:624)
	at org.testng.SuiteRunner.runTest(SuiteRunner.java:359)
	at org.testng.SuiteRunner.runSequentially(SuiteRunner.java:354)
	at org.testng.SuiteRunner.privateRun(SuiteRunner.java:312)
	at org.testng.SuiteRunner.run(SuiteRunner.java:261)
	at org.testng.SuiteRunnerWorker.runSuite(SuiteRunnerWorker.java:52)
	at org.testng.SuiteRunnerWorker.run(SuiteRunnerWorker.java:86)
	at org.testng.TestNG.runSuitesSequentially(TestNG.java:1215)
	at org.testng.TestNG.runSuitesLocally(TestNG.java:1140)
	at org.testng.TestNG.run(TestNG.java:1048)
	at org.testng.remote.RemoteTestNG.run(RemoteTestNG.java:112)
	at org.testng.remote.RemoteTestNG.initAndRun(RemoteTestNG.java:205)
	at org.testng.remote.RemoteTestNG.main(RemoteTestNG.java:176)
</pre></div></td>
<td>1</td>
<td>newMMIS_Subsystems.Provider@23ceabc1</td></tr>
</table><p>
<table width='100%' border='1' class='invocation-passed'>
<tr><td colspan='4' align='center'><b>PASSED TESTS</b></td></tr>
<tr><td><b>Test method</b></td>
<td width="30%"><b>Exception</b></td>
<td width="10%"><b>Time (seconds)</b></td>
<td><b>Instance</b></td>
</tr>
<tr>
<td title='newMMIS_Subsystems.Provider.test22461a()'><b>test22461a</b><br>Test class: newMMIS_Subsystems.Provider</td>
<td></td>
<td>30</td>
<td>newMMIS_Subsystems.Provider@23ceabc1</td></tr>
<tr>
<td title='newMMIS_Subsystems.Provider.test22465()'><b>test22465</b><br>Test class: newMMIS_Subsystems.Provider</td>
<td></td>
<td>6</td>
<td>newMMIS_Subsystems.Provider@23ceabc1</td></tr>
<tr>
<td title='newMMIS_Subsystems.Provider.test22466()'><b>test22466</b><br>Test class: newMMIS_Subsystems.Provider</td>
<td></td>
<td>13</td>
<td>newMMIS_Subsystems.Provider@23ceabc1</td></tr>
<tr>
<td title='newMMIS_Subsystems.Provider.test22467()'><b>test22467</b><br>Test class: newMMIS_Subsystems.Provider</td>
<td></td>
<td>32</td>
<td>newMMIS_Subsystems.Provider@23ceabc1</td></tr>
<tr>
<td title='newMMIS_Subsystems.Provider.test22469()'><b>test22469</b><br>Test class: newMMIS_Subsystems.Provider</td>
<td></td>
<td>42</td>
<td>newMMIS_Subsystems.Provider@23ceabc1</td></tr>
<tr>
<td title='newMMIS_Subsystems.Provider.test22472()'><b>test22472</b><br>Test class: newMMIS_Subsystems.Provider</td>
<td></td>
<td>6</td>
<td>newMMIS_Subsystems.Provider@23ceabc1</td></tr>
<tr>
<td title='newMMIS_Subsystems.Provider.test23097()'><b>test23097</b><br>Test class: newMMIS_Subsystems.Provider</td>
<td></td>
<td>2</td>
<td>newMMIS_Subsystems.Provider@23ceabc1</td></tr>
<tr>
<td title='newMMIS_Subsystems.Provider.test23099a()'><b>test23099a</b><br>Test class: newMMIS_Subsystems.Provider</td>
<td></td>
<td>7</td>
<td>newMMIS_Subsystems.Provider@23ceabc1</td></tr>
<tr>
<td title='newMMIS_Subsystems.Provider.test23102()'><b>test23102</b><br>Test class: newMMIS_Subsystems.Provider</td>
<td></td>
<td>12</td>
<td>newMMIS_Subsystems.Provider@23ceabc1</td></tr>
<tr>
<td title='newMMIS_Subsystems.Provider.test23103()'><b>test23103</b><br>Test class: newMMIS_Subsystems.Provider</td>
<td></td>
<td>22</td>
<td>newMMIS_Subsystems.Provider@23ceabc1</td></tr>
<tr>
<td title='newMMIS_Subsystems.Provider.test23105a()'><b>test23105a</b><br>Test class: newMMIS_Subsystems.Provider</td>
<td></td>
<td>4</td>
<td>newMMIS_Subsystems.Provider@23ceabc1</td></tr>
<tr>
<td title='newMMIS_Subsystems.Provider.test23107()'><b>test23107</b><br>Test class: newMMIS_Subsystems.Provider</td>
<td></td>
<td>11</td>
<td>newMMIS_Subsystems.Provider@23ceabc1</td></tr>
<tr>
<td title='newMMIS_Subsystems.Provider.test23108()'><b>test23108</b><br>Test class: newMMIS_Subsystems.Provider</td>
<td></td>
<td>482</td>
<td>newMMIS_Subsystems.Provider@23ceabc1</td></tr>
<tr>
<td title='newMMIS_Subsystems.Provider.test23110a()'><b>test23110a</b><br>Test class: newMMIS_Subsystems.Provider</td>
<td></td>
<td>6</td>
<td>newMMIS_Subsystems.Provider@23ceabc1</td></tr>
<tr>
<td title='newMMIS_Subsystems.Provider.test23113()'><b>test23113</b><br>Test class: newMMIS_Subsystems.Provider</td>
<td></td>
<td>12</td>
<td>newMMIS_Subsystems.Provider@23ceabc1</td></tr>
<tr>
<td title='newMMIS_Subsystems.Provider.test23115a()'><b>test23115a</b><br>Test class: newMMIS_Subsystems.Provider</td>
<td></td>
<td>16</td>
<td>newMMIS_Subsystems.Provider@23ceabc1</td></tr>
</table><p>
<table width='100%' border='1' class='invocation-skipped'>
<tr><td colspan='4' align='center'><b>SKIPPED TESTS</b></td></tr>
<tr><td><b>Test method</b></td>
<td width="30%"><b>Exception</b></td>
<td width="10%"><b>Time (seconds)</b></td>
<td><b>Instance</b></td>
</tr>
<tr>
<td title='newMMIS_Subsystems.Provider.test22461b()'><b>test22461b</b><br>Test class: newMMIS_Subsystems.Provider</td>
<td></td>
<td>0</td>
<td>newMMIS_Subsystems.Provider@23ceabc1</td></tr>
<tr>
<td title='newMMIS_Subsystems.Provider.test23098()'><b>test23098</b><br>Test class: newMMIS_Subsystems.Provider</td>
<td></td>
<td>0</td>
<td>newMMIS_Subsystems.Provider@23ceabc1</td></tr>
<tr>
<td title='newMMIS_Subsystems.Provider.test23099b()'><b>test23099b</b><br>Test class: newMMIS_Subsystems.Provider</td>
<td></td>
<td>0</td>
<td>newMMIS_Subsystems.Provider@23ceabc1</td></tr>
<tr>
<td title='newMMIS_Subsystems.Provider.test23117()'><b>test23117</b><br>Test class: newMMIS_Subsystems.Provider</td>
<td></td>
<td>0</td>
<td>newMMIS_Subsystems.Provider@23ceabc1</td></tr>
<tr>
<td title='newMMIS_Subsystems.Provider.test23118()'><b>test23118</b><br>Test class: newMMIS_Subsystems.Provider</td>
<td></td>
<td>0</td>
<td>newMMIS_Subsystems.Provider@23ceabc1</td></tr>
<tr>
<td title='newMMIS_Subsystems.Provider.test23119()'><b>test23119</b><br>Test class: newMMIS_Subsystems.Provider</td>
<td></td>
<td>0</td>
<td>newMMIS_Subsystems.Provider@23ceabc1</td></tr>
<tr>
<td title='newMMIS_Subsystems.Provider.test23120()'><b>test23120</b><br>Test class: newMMIS_Subsystems.Provider</td>
<td></td>
<td>0</td>
<td>newMMIS_Subsystems.Provider@23ceabc1</td></tr>
<tr>
<td title='newMMIS_Subsystems.Provider.test23121()'><b>test23121</b><br>Test class: newMMIS_Subsystems.Provider</td>
<td></td>
<td>0</td>
<td>newMMIS_Subsystems.Provider@23ceabc1</td></tr>
<tr>
<td title='newMMIS_Subsystems.Provider.test23122()'><b>test23122</b><br>Test class: newMMIS_Subsystems.Provider</td>
<td></td>
<td>0</td>
<td>newMMIS_Subsystems.Provider@23ceabc1</td></tr>
<tr>
<td title='newMMIS_Subsystems.Provider.test23123()'><b>test23123</b><br>Test class: newMMIS_Subsystems.Provider</td>
<td></td>
<td>0</td>
<td>newMMIS_Subsystems.Provider@23ceabc1</td></tr>
<tr>
<td title='newMMIS_Subsystems.Provider.test23124()'><b>test23124</b><br>Test class: newMMIS_Subsystems.Provider</td>
<td></td>
<td>0</td>
<td>newMMIS_Subsystems.Provider@23ceabc1</td></tr>
<tr>
<td title='newMMIS_Subsystems.Provider.test23125()'><b>test23125</b><br>Test class: newMMIS_Subsystems.Provider</td>
<td></td>
<td>0</td>
<td>newMMIS_Subsystems.Provider@23ceabc1</td></tr>
<tr>
<td title='newMMIS_Subsystems.Provider.test23127()'><b>test23127</b><br>Test class: newMMIS_Subsystems.Provider</td>
<td></td>
<td>0</td>
<td>newMMIS_Subsystems.Provider@23ceabc1</td></tr>
<tr>
<td title='newMMIS_Subsystems.Provider.test23128()'><b>test23128</b><br>Test class: newMMIS_Subsystems.Provider</td>
<td></td>
<td>0</td>
<td>newMMIS_Subsystems.Provider@23ceabc1</td></tr>
<tr>
<td title='newMMIS_Subsystems.Provider.test23130()'><b>test23130</b><br>Test class: newMMIS_Subsystems.Provider</td>
<td></td>
<td>0</td>
<td>newMMIS_Subsystems.Provider@23ceabc1</td></tr>
<tr>
<td title='newMMIS_Subsystems.Provider.test23131()'><b>test23131</b><br>Test class: newMMIS_Subsystems.Provider</td>
<td></td>
<td>0</td>
<td>newMMIS_Subsystems.Provider@23ceabc1</td></tr>
<tr>
<td title='newMMIS_Subsystems.Provider.test23132()'><b>test23132</b><br>Test class: newMMIS_Subsystems.Provider</td>
<td></td>
<td>0</td>
<td>newMMIS_Subsystems.Provider@23ceabc1</td></tr>
<tr>
<td title='newMMIS_Subsystems.Provider.test23134()'><b>test23134</b><br>Test class: newMMIS_Subsystems.Provider</td>
<td></td>
<td>0</td>
<td>newMMIS_Subsystems.Provider@23ceabc1</td></tr>
<tr>
<td title='newMMIS_Subsystems.Provider.test23481a()'><b>test23481a</b><br>Test class: newMMIS_Subsystems.Provider</td>
<td></td>
<td>0</td>
<td>newMMIS_Subsystems.Provider@23ceabc1</td></tr>
<tr>
<td title='newMMIS_Subsystems.Provider.test23483()'><b>test23483</b><br>Test class: newMMIS_Subsystems.Provider</td>
<td></td>
<td>0</td>
<td>newMMIS_Subsystems.Provider@23ceabc1</td></tr>
<tr>
<td title='newMMIS_Subsystems.Provider.test35703()'><b>test35703</b><br>Test class: newMMIS_Subsystems.Provider</td>
<td></td>
<td>0</td>
<td>newMMIS_Subsystems.Provider@23ceabc1</td></tr>
</table><p>
</body>
</html>