<?xml version="1.0" encoding="UTF-8"?>
<!-- Generated by org.testng.reporters.JUnitXMLReporter -->
<testsuite hostname="GWT-2GJ2DL3" name="Provider test 1" tests="41" failures="4" timestamp="16 Jan 2023 18:54:31 GMT" time="903.114" errors="0">
  <testcase name="@BeforeMethod LoginCheck" time="0.0" classname="newMMIS_Subsystems.Provider">
    <failure type="org.openqa.selenium.remote.SessionNotFoundException" message="The FirefoxDriver cannot be used after quit() was called.
Build info: version: &amp;apos;2.49.1&amp;apos;, revision: &amp;apos;7203e46&amp;apos;, time: &amp;apos;2016-01-21 17:35:35&amp;apos;
System info: host: &amp;apos;GWT-2GJ2DL3&amp;apos;, ip: &amp;apos;192.168.1.140&amp;apos;, os.name: &amp;apos;Windows 10&amp;apos;, os.arch: &amp;apos;amd64&amp;apos;, os.version: &amp;apos;10.0&amp;apos;, java.version: &amp;apos;1.8.0_91&amp;apos;
Driver info: driver.version: FirefoxDriver">
      <![CDATA[org.openqa.selenium.remote.SessionNotFoundException: The FirefoxDriver cannot be used after quit() was called.
Build info: version: '2.49.1', revision: '7203e46', time: '2016-01-21 17:35:35'
System info: host: 'GWT-2GJ2DL3', ip: '192.168.1.140', os.name: 'Windows 10', os.arch: 'amd64', os.version: '10.0', java.version: '1.8.0_91'
Driver info: driver.version: FirefoxDriver
	at org.openqa.selenium.firefox.FirefoxDriver$LazyCommandExecutor.execute(FirefoxDriver.java:377)
	at org.openqa.selenium.remote.RemoteWebDriver.execute(RemoteWebDriver.java:644)
	at org.openqa.selenium.firefox.FirefoxDriver.access$0(FirefoxDriver.java:1)
	at org.openqa.selenium.firefox.FirefoxDriver$1$1.implicitlyWait(FirefoxDriver.java:244)
	at newMMIS_Subsystems.Common.resetBase(Common.java:67)
	at newMMIS_Subsystems.Provider.LoginCheck(Provider.java:53)
... Removed 25 stack frames]]>
    </failure>
  </testcase> <!-- @BeforeMethod LoginCheck -->
  <testcase name="@BeforeMethod LoginCheck" time="0.0" classname="newMMIS_Subsystems.Provider">
    <skipped/>
  </testcase> <!-- @BeforeMethod LoginCheck -->
  <testcase name="@BeforeMethod LoginCheck" time="0.0" classname="newMMIS_Subsystems.Provider">
    <skipped/>
  </testcase> <!-- @BeforeMethod LoginCheck -->
  <testcase name="@BeforeMethod LoginCheck" time="0.0" classname="newMMIS_Subsystems.Provider">
    <skipped/>
  </testcase> <!-- @BeforeMethod LoginCheck -->
  <testcase name="@BeforeMethod LoginCheck" time="0.0" classname="newMMIS_Subsystems.Provider">
    <skipped/>
  </testcase> <!-- @BeforeMethod LoginCheck -->
  <testcase name="@BeforeMethod LoginCheck" time="0.0" classname="newMMIS_Subsystems.Provider">
    <skipped/>
  </testcase> <!-- @BeforeMethod LoginCheck -->
  <testcase name="@BeforeMethod LoginCheck" time="0.0" classname="newMMIS_Subsystems.Provider">
    <skipped/>
  </testcase> <!-- @BeforeMethod LoginCheck -->
  <testcase name="@BeforeMethod LoginCheck" time="0.0" classname="newMMIS_Subsystems.Provider">
    <skipped/>
  </testcase> <!-- @BeforeMethod LoginCheck -->
  <testcase name="@BeforeMethod LoginCheck" time="0.0" classname="newMMIS_Subsystems.Provider">
    <skipped/>
  </testcase> <!-- @BeforeMethod LoginCheck -->
  <testcase name="@BeforeMethod LoginCheck" time="0.0" classname="newMMIS_Subsystems.Provider">
    <skipped/>
  </testcase> <!-- @BeforeMethod LoginCheck -->
  <testcase name="@BeforeMethod LoginCheck" time="0.0" classname="newMMIS_Subsystems.Provider">
    <skipped/>
  </testcase> <!-- @BeforeMethod LoginCheck -->
  <testcase name="@BeforeMethod LoginCheck" time="0.0" classname="newMMIS_Subsystems.Provider">
    <skipped/>
  </testcase> <!-- @BeforeMethod LoginCheck -->
  <testcase name="@BeforeMethod LoginCheck" time="0.0" classname="newMMIS_Subsystems.Provider">
    <skipped/>
  </testcase> <!-- @BeforeMethod LoginCheck -->
  <testcase name="@BeforeMethod LoginCheck" time="0.0" classname="newMMIS_Subsystems.Provider">
    <skipped/>
  </testcase> <!-- @BeforeMethod LoginCheck -->
  <testcase name="@BeforeMethod LoginCheck" time="0.0" classname="newMMIS_Subsystems.Provider">
    <skipped/>
  </testcase> <!-- @BeforeMethod LoginCheck -->
  <testcase name="@BeforeMethod LoginCheck" time="0.0" classname="newMMIS_Subsystems.Provider">
    <skipped/>
  </testcase> <!-- @BeforeMethod LoginCheck -->
  <testcase name="@BeforeMethod LoginCheck" time="0.0" classname="newMMIS_Subsystems.Provider">
    <skipped/>
  </testcase> <!-- @BeforeMethod LoginCheck -->
  <testcase name="@BeforeMethod LoginCheck" time="0.0" classname="newMMIS_Subsystems.Provider">
    <skipped/>
  </testcase> <!-- @BeforeMethod LoginCheck -->
  <testcase name="@BeforeMethod LoginCheck" time="0.0" classname="newMMIS_Subsystems.Provider">
    <skipped/>
  </testcase> <!-- @BeforeMethod LoginCheck -->
  <testcase name="@BeforeMethod LoginCheck" time="0.0" classname="newMMIS_Subsystems.Provider">
    <skipped/>
  </testcase> <!-- @BeforeMethod LoginCheck -->
  <testcase name="@BeforeMethod LoginCheck" time="0.0" classname="newMMIS_Subsystems.Provider">
    <skipped/>
  </testcase> <!-- @BeforeMethod LoginCheck -->
  <testcase name="test22467" time="32.59" classname="newMMIS_Subsystems.Provider"/>
  <testcase name="test23135a" time="1.165" classname="newMMIS_Subsystems.Provider">
    <failure type="java.lang.AssertionError" message="The selected file is not correct/ or it is empty/ or it does not have DSMATSTX user id expected [true] but found [false]">
      <![CDATA[java.lang.AssertionError: The selected file is not correct/ or it is empty/ or it does not have DSMATSTX user id expected [true] but found [false]
	at newMMIS_Subsystems.Common.connectUNIX(Common.java:678)
	at newMMIS_Subsystems.Provider.test23135a(Provider.java:92)
... Removed 27 stack frames]]>
    </failure>
  </testcase> <!-- test23135a -->
  <testcase name="test22461a" time="30.569" classname="newMMIS_Subsystems.Provider"/>
  <testcase name="test22465" time="6.241" classname="newMMIS_Subsystems.Provider"/>
  <testcase name="test22466" time="13.704" classname="newMMIS_Subsystems.Provider"/>
  <testcase name="test22472" time="6.536" classname="newMMIS_Subsystems.Provider"/>
  <testcase name="test22469" time="42.035" classname="newMMIS_Subsystems.Provider"/>
  <testcase name="test22471" time="7.071" classname="newMMIS_Subsystems.Provider">
    <failure type="java.lang.AssertionError" message="Save NOT successful Error Message: Effective Date must be less than or equal to End Date... expected [true] but found [false]">
      <![CDATA[java.lang.AssertionError: Save NOT successful Error Message: Effective Date must be less than or equal to End Date... expected [true] but found [false]
	at newMMIS_Subsystems.Common.saveAll(Common.java:117)
	at newMMIS_Subsystems.Provider.test22471(Provider.java:1365)
... Removed 27 stack frames]]>
    </failure>
  </testcase> <!-- test22471 -->
  <testcase name="test23097" time="2.886" classname="newMMIS_Subsystems.Provider"/>
  <testcase name="test23099a" time="7.713" classname="newMMIS_Subsystems.Provider"/>
  <testcase name="test23101a" time="56.475" classname="newMMIS_Subsystems.Provider">
    <failure type="java.lang.AssertionError" message="The ICN 2223016700012 is denied expected [true] but found [false]">
      <![CDATA[java.lang.AssertionError: The ICN 2223016700012 is denied expected [true] but found [false]
	at newMMIS_Subsystems.Provider.test23101a(Provider.java:1568)
... Removed 27 stack frames]]>
    </failure>
  </testcase> <!-- test23101a -->
  <testcase name="test23102" time="12.261" classname="newMMIS_Subsystems.Provider"/>
  <testcase name="test23103" time="22.204" classname="newMMIS_Subsystems.Provider"/>
  <testcase name="test23105a" time="4.531" classname="newMMIS_Subsystems.Provider"/>
  <testcase name="test23107" time="11.571" classname="newMMIS_Subsystems.Provider"/>
  <testcase name="test23108" time="482.735" classname="newMMIS_Subsystems.Provider"/>
  <testcase name="test23110a" time="6.798" classname="newMMIS_Subsystems.Provider"/>
  <testcase name="test23113" time="12.184" classname="newMMIS_Subsystems.Provider"/>
  <testcase name="test23115a" time="16.768" classname="newMMIS_Subsystems.Provider"/>
  <testcase name="test23116" time="48.572" classname="newMMIS_Subsystems.Provider">
    <failure type="org.openqa.selenium.WebDriverException" message="Failed to connect to binary FirefoxBinary(C:\Program Files (x86)\Mozilla Firefox\firefox.exe) on port 7055; process output follows: 
ANDH~1\\AppData\\Local\\Temp\\anonymous669189767966788252webdriver-profile\\extensions\\fxdriver@googlecode.com&amp;quot;,&amp;quot;installDate&amp;quot;:1673895212989,&amp;quot;updateDate&amp;quot;:1673895212989,&amp;quot;applyBackgroundUpdates&amp;quot;:1,&amp;quot;bootstrap&amp;quot;:false,&amp;quot;size&amp;quot;:3223845,&amp;quot;sourceURI&amp;quot;:null,&amp;quot;releaseNotesURI&amp;quot;:null,&amp;quot;softDisabled&amp;quot;:false,&amp;quot;foreignInstall&amp;quot;:true,&amp;quot;hasBinaryComponents&amp;quot;:true,&amp;quot;strictCompatibility&amp;quot;:false,&amp;quot;locales&amp;quot;:[],&amp;quot;targetApplications&amp;quot;:[{&amp;quot;id&amp;quot;:&amp;quot;{ec8030f7-c20a-464f-9b0e-13a3a9e97384}&amp;quot;,&amp;quot;minVersion&amp;quot;:&amp;quot;3.0&amp;quot;,&amp;quot;maxVersion&amp;quot;:&amp;quot;45.0&amp;quot;}],&amp;quot;targetPlatforms&amp;quot;:[{&amp;quot;os&amp;quot;:&amp;quot;Darwin&amp;quot;,&amp;quot;abi&amp;quot;:null},{&amp;quot;os&amp;quot;:&amp;quot;SunOS&amp;quot;,&amp;quot;abi&amp;quot;:null},{&amp;quot;os&amp;quot;:&amp;quot;FreeBSD&amp;quot;,&amp;quot;abi&amp;quot;:null},{&amp;quot;os&amp;quot;:&amp;quot;OpenBSD&amp;quot;,&amp;quot;abi&amp;quot;:null},{&amp;quot;os&amp;quot;:&amp;quot;WINNT&amp;quot;,&amp;quot;abi&amp;quot;:&amp;quot;x86-msvc&amp;quot;},{&amp;quot;os&amp;quot;:&amp;quot;Linux&amp;quot;,&amp;quot;abi&amp;quot;:null}],&amp;quot;multiprocessCompatible&amp;quot;:false,&amp;quot;signedState&amp;quot;:0}
1673895213294	addons.xpi	DEBUG	getModTime: Recursive scan of fxdriver@googlecode.com
1673895213299	addons.xpi	DEBUG	Updating XPIState for {&amp;quot;id&amp;quot;:&amp;quot;{972ce4c6-7e08-4474-a285-3208198ce6fd}&amp;quot;,&amp;quot;syncGUID&amp;quot;:&amp;quot;GbiqsThfW0xc&amp;quot;,&amp;quot;location&amp;quot;:&amp;quot;app-global&amp;quot;,&amp;quot;version&amp;quot;:&amp;quot;44.0.2&amp;quot;,&amp;quot;type&amp;quot;:&amp;quot;theme&amp;quot;,&amp;quot;internalName&amp;quot;:&amp;quot;classic/1.0&amp;quot;,&amp;quot;updateURL&amp;quot;:null,&amp;quot;updateKey&amp;quot;:null,&amp;quot;optionsURL&amp;quot;:null,&amp;quot;optionsType&amp;quot;:null,&amp;quot;aboutURL&amp;quot;:null,&amp;quot;icons&amp;quot;:{&amp;quot;32&amp;quot;:&amp;quot;icon.png&amp;quot;,&amp;quot;48&amp;quot;:&amp;quot;icon.png&amp;quot;},&amp;quot;iconURL&amp;quot;:null,&amp;quot;icon64URL&amp;quot;:null,&amp;quot;defaultLocale&amp;quot;:{&amp;quot;name&amp;quot;:&amp;quot;Default&amp;quot;,&amp;quot;description&amp;quot;:&amp;quot;The default theme.&amp;quot;,&amp;quot;creator&amp;quot;:&amp;quot;Mozilla&amp;quot;,&amp;quot;homepageURL&amp;quot;:null,&amp;quot;contributors&amp;quot;:[&amp;quot;Mozilla Contributors&amp;quot;]},&amp;quot;visible&amp;quot;:true,&amp;quot;active&amp;quot;:true,&amp;quot;userDisabled&amp;quot;:false,&amp;quot;appDisabled&amp;quot;:false,&amp;quot;descriptor&amp;quot;:&amp;quot;C:\\Program Files (x86)\\Mozilla Firefox\\browser\\extensions\\{972ce4c6-7e08-4474-a285-3208198ce6fd}&amp;quot;,&amp;quot;installDate&amp;quot;:1667934811304,&amp;quot;updateDate&amp;quot;:1667934811304,&amp;quot;applyBackgroundUpdates&amp;quot;:1,&amp;quot;skinnable&amp;quot;:true,&amp;quot;size&amp;quot;:24172,&amp;quot;sourceURI&amp;quot;:null,&amp;quot;releaseNotesURI&amp;quot;:null,&amp;quot;softDisabled&amp;quot;:false,&amp;quot;foreignInstall&amp;quot;:false,&amp;quot;hasBinaryComponents&amp;quot;:false,&amp;quot;strictCompatibility&amp;quot;:true,&amp;quot;locales&amp;quot;:[],&amp;quot;targetApplications&amp;quot;:[{&amp;quot;id&amp;quot;:&amp;quot;{ec8030f7-c20a-464f-9b0e-13a3a9e97384}&amp;quot;,&amp;quot;minVersion&amp;quot;:&amp;quot;44.0.2&amp;quot;,&amp;quot;maxVersion&amp;quot;:&amp;quot;44.0.2&amp;quot;}],&amp;quot;targetPlatforms&amp;quot;:[]}
1673895213299	addons.xpi	DEBUG	getModTime: Recursive scan of {972ce4c6-7e08-4474-a285-3208198ce6fd}
1673895213300	DeferredSave.extensions.json	DEBUG	Save changes
1673895213300	addons.xpi	DEBUG	Updating database with changes to installed add-ons
1673895213300	addons.xpi-utils	DEBUG	Updating add-on states
1673895213301	addons.xpi-utils	DEBUG	Writing add-ons list
1673895213305	addons.manager	DEBUG	Registering shutdown blocker for XPIProvider
1673895213305	addons.manager	DEBUG	Provider finished startup: XPIProvider
1673895213305	addons.manager	DEBUG	Starting provider: LightweightThemeManager
1673895213305	addons.manager	DEBUG	Registering shutdown blocker for LightweightThemeManager
1673895213305	addons.manager	DEBUG	Provider finished startup: LightweightThemeManager
1673895213305	addons.manager	DEBUG	Starting provider: GMPProvider
1673895213309	addons.manager	DEBUG	Registering shutdown blocker for GMPProvider
1673895213309	addons.manager	DEBUG	Provider finished startup: GMPProvider
1673895213309	addons.manager	DEBUG	Starting provider: PluginProvider
1673895213309	addons.manager	DEBUG	Registering shutdown blocker for PluginProvider
1673895213309	addons.manager	DEBUG	Provider finished startup: PluginProvider
1673895213310	addons.manager	DEBUG	Completed startup sequence
[GFX1]: Potential driver version mismatch ignored due to missing DLLs
1673895213448	DeferredSave.extensions.json	DEBUG	Starting write
1673895213619	addons.repository	DEBUG	No addons.json found.
1673895213619	DeferredSave.addons.json	DEBUG	Save changes
1673895213621	DeferredSave.addons.json	DEBUG	Starting timer
1673895213640	addons.manager	DEBUG	Starting provider: PreviousExperimentProvider
1673895213641	addons.manager	DEBUG	Registering shutdown blocker for PreviousExperimentProvider
1673895213641	addons.manager	DEBUG	Provider finished startup: PreviousExperimentProvider
1673895213643	DeferredSave.extensions.json	DEBUG	Write succeeded
1673895213643	addons.xpi-utils	DEBUG	XPI Database saved, setting schema version preference to 17
1673895213672	DeferredSave.addons.json	DEBUG	Starting write
1673895213681	DeferredSave.addons.json	DEBUG	Write succeeded

Build info: version: &amp;apos;2.49.1&amp;apos;, revision: &amp;apos;7203e46&amp;apos;, time: &amp;apos;2016-01-21 17:35:35&amp;apos;
System info: host: &amp;apos;GWT-2GJ2DL3&amp;apos;, ip: &amp;apos;192.168.1.140&amp;apos;, os.name: &amp;apos;Windows 10&amp;apos;, os.arch: &amp;apos;amd64&amp;apos;, os.version: &amp;apos;10.0&amp;apos;, java.version: &amp;apos;1.8.0_91&amp;apos;
Driver info: driver.version: FirefoxDriver">
      <![CDATA[org.openqa.selenium.WebDriverException: Failed to connect to binary FirefoxBinary(C:\Program Files (x86)\Mozilla Firefox\firefox.exe) on port 7055; process output follows: 
ANDH~1\\AppData\\Local\\Temp\\anonymous669189767966788252webdriver-profile\\extensions\\fxdriver@googlecode.com","installDate":1673895212989,"updateDate":1673895212989,"applyBackgroundUpdates":1,"bootstrap":false,"size":3223845,"sourceURI":null,"releaseNotesURI":null,"softDisabled":false,"foreignInstall":true,"hasBinaryComponents":true,"strictCompatibility":false,"locales":[],"targetApplications":[{"id":"{ec8030f7-c20a-464f-9b0e-13a3a9e97384}","minVersion":"3.0","maxVersion":"45.0"}],"targetPlatforms":[{"os":"Darwin","abi":null},{"os":"SunOS","abi":null},{"os":"FreeBSD","abi":null},{"os":"OpenBSD","abi":null},{"os":"WINNT","abi":"x86-msvc"},{"os":"Linux","abi":null}],"multiprocessCompatible":false,"signedState":0}
1673895213294	addons.xpi	DEBUG	getModTime: Recursive scan of fxdriver@googlecode.com
1673895213299	addons.xpi	DEBUG	Updating XPIState for {"id":"{972ce4c6-7e08-4474-a285-3208198ce6fd}","syncGUID":"GbiqsThfW0xc","location":"app-global","version":"44.0.2","type":"theme","internalName":"classic/1.0","updateURL":null,"updateKey":null,"optionsURL":null,"optionsType":null,"aboutURL":null,"icons":{"32":"icon.png","48":"icon.png"},"iconURL":null,"icon64URL":null,"defaultLocale":{"name":"Default","description":"The default theme.","creator":"Mozilla","homepageURL":null,"contributors":["Mozilla Contributors"]},"visible":true,"active":true,"userDisabled":false,"appDisabled":false,"descriptor":"C:\\Program Files (x86)\\Mozilla Firefox\\browser\\extensions\\{972ce4c6-7e08-4474-a285-3208198ce6fd}","installDate":1667934811304,"updateDate":1667934811304,"applyBackgroundUpdates":1,"skinnable":true,"size":24172,"sourceURI":null,"releaseNotesURI":null,"softDisabled":false,"foreignInstall":false,"hasBinaryComponents":false,"strictCompatibility":true,"locales":[],"targetApplications":[{"id":"{ec8030f7-c20a-464f-9b0e-13a3a9e97384}","minVersion":"44.0.2","maxVersion":"44.0.2"}],"targetPlatforms":[]}
1673895213299	addons.xpi	DEBUG	getModTime: Recursive scan of {972ce4c6-7e08-4474-a285-3208198ce6fd}
1673895213300	DeferredSave.extensions.json	DEBUG	Save changes
1673895213300	addons.xpi	DEBUG	Updating database with changes to installed add-ons
1673895213300	addons.xpi-utils	DEBUG	Updating add-on states
1673895213301	addons.xpi-utils	DEBUG	Writing add-ons list
1673895213305	addons.manager	DEBUG	Registering shutdown blocker for XPIProvider
1673895213305	addons.manager	DEBUG	Provider finished startup: XPIProvider
1673895213305	addons.manager	DEBUG	Starting provider: LightweightThemeManager
1673895213305	addons.manager	DEBUG	Registering shutdown blocker for LightweightThemeManager
1673895213305	addons.manager	DEBUG	Provider finished startup: LightweightThemeManager
1673895213305	addons.manager	DEBUG	Starting provider: GMPProvider
1673895213309	addons.manager	DEBUG	Registering shutdown blocker for GMPProvider
1673895213309	addons.manager	DEBUG	Provider finished startup: GMPProvider
1673895213309	addons.manager	DEBUG	Starting provider: PluginProvider
1673895213309	addons.manager	DEBUG	Registering shutdown blocker for PluginProvider
1673895213309	addons.manager	DEBUG	Provider finished startup: PluginProvider
1673895213310	addons.manager	DEBUG	Completed startup sequence
[GFX1]: Potential driver version mismatch ignored due to missing DLLs
1673895213448	DeferredSave.extensions.json	DEBUG	Starting write
1673895213619	addons.repository	DEBUG	No addons.json found.
1673895213619	DeferredSave.addons.json	DEBUG	Save changes
1673895213621	DeferredSave.addons.json	DEBUG	Starting timer
1673895213640	addons.manager	DEBUG	Starting provider: PreviousExperimentProvider
1673895213641	addons.manager	DEBUG	Registering shutdown blocker for PreviousExperimentProvider
1673895213641	addons.manager	DEBUG	Provider finished startup: PreviousExperimentProvider
1673895213643	DeferredSave.extensions.json	DEBUG	Write succeeded
1673895213643	addons.xpi-utils	DEBUG	XPI Database saved, setting schema version preference to 17
1673895213672	DeferredSave.addons.json	DEBUG	Starting write
1673895213681	DeferredSave.addons.json	DEBUG	Write succeeded

Build info: version: '2.49.1', revision: '7203e46', time: '2016-01-21 17:35:35'
System info: host: 'GWT-2GJ2DL3', ip: '192.168.1.140', os.name: 'Windows 10', os.arch: 'amd64', os.version: '10.0', java.version: '1.8.0_91'
Driver info: driver.version: FirefoxDriver
	at org.openqa.selenium.firefox.internal.NewProfileExtensionConnection.start(NewProfileExtensionConnection.java:134)
	at org.openqa.selenium.firefox.FirefoxDriver.startClient(FirefoxDriver.java:271)
	at org.openqa.selenium.remote.RemoteWebDriver.<init>(RemoteWebDriver.java:119)
	at org.openqa.selenium.firefox.FirefoxDriver.<init>(FirefoxDriver.java:218)
	at org.openqa.selenium.firefox.FirefoxDriver.<init>(FirefoxDriver.java:211)
	at org.openqa.selenium.firefox.FirefoxDriver.<init>(FirefoxDriver.java:207)
	at org.openqa.selenium.firefox.FirefoxDriver.<init>(FirefoxDriver.java:124)
	at newMMIS_Subsystems.Login.testLoginPortal(Login.java:186)
	at newMMIS_Subsystems.Common.portalLogin(Common.java:441)
	at newMMIS_Subsystems.Provider.test23116(Provider.java:2134)
Caused by: org.openqa.selenium.firefox.NotConnectedException: Unable to connect to host 127.0.0.1 on port 7055 after 45000 ms. Firefox console output:
ANDH~1\\AppData\\Local\\Temp\\anonymous669189767966788252webdriver-profile\\extensions\\fxdriver@googlecode.com","installDate":1673895212989,"updateDate":1673895212989,"applyBackgroundUpdates":1,"bootstrap":false,"size":3223845,"sourceURI":null,"releaseNotesURI":null,"softDisabled":false,"foreignInstall":true,"hasBinaryComponents":true,"strictCompatibility":false,"locales":[],"targetApplications":[{"id":"{ec8030f7-c20a-464f-9b0e-13a3a9e97384}","minVersion":"3.0","maxVersion":"45.0"}],"targetPlatforms":[{"os":"Darwin","abi":null},{"os":"SunOS","abi":null},{"os":"FreeBSD","abi":null},{"os":"OpenBSD","abi":null},{"os":"WINNT","abi":"x86-msvc"},{"os":"Linux","abi":null}],"multiprocessCompatible":false,"signedState":0}
1673895213294	addons.xpi	DEBUG	getModTime: Recursive scan of fxdriver@googlecode.com
1673895213299	addons.xpi	DEBUG	Updating XPIState for {"id":"{972ce4c6-7e08-4474-a285-3208198ce6fd}","syncGUID":"GbiqsThfW0xc","location":"app-global","version":"44.0.2","type":"theme","internalName":"classic/1.0","updateURL":null,"updateKey":null,"optionsURL":null,"optionsType":null,"aboutURL":null,"icons":{"32":"icon.png","48":"icon.png"},"iconURL":null,"icon64URL":null,"defaultLocale":{"name":"Default","description":"The default theme.","creator":"Mozilla","homepageURL":null,"contributors":["Mozilla Contributors"]},"visible":true,"active":true,"userDisabled":false,"appDisabled":false,"descriptor":"C:\\Program Files (x86)\\Mozilla Firefox\\browser\\extensions\\{972ce4c6-7e08-4474-a285-3208198ce6fd}","installDate":1667934811304,"updateDate":1667934811304,"applyBackgroundUpdates":1,"skinnable":true,"size":24172,"sourceURI":null,"releaseNotesURI":null,"softDisabled":false,"foreignInstall":false,"hasBinaryComponents":false,"strictCompatibility":true,"locales":[],"targetApplications":[{"id":"{ec8030f7-c20a-464f-9b0e-13a3a9e97384}","minVersion":"44.0.2","maxVersion":"44.0.2"}],"targetPlatforms":[]}
1673895213299	addons.xpi	DEBUG	getModTime: Recursive scan of {972ce4c6-7e08-4474-a285-3208198ce6fd}
1673895213300	DeferredSave.extensions.json	DEBUG	Save changes
1673895213300	addons.xpi	DEBUG	Updating database with changes to installed add-ons
1673895213300	addons.xpi-utils	DEBUG	Updating add-on states
1673895213301	addons.xpi-utils	DEBUG	Writing add-ons list
1673895213305	addons.manager	DEBUG	Registering shutdown blocker for XPIProvider
1673895213305	addons.manager	DEBUG	Provider finished startup: XPIProvider
1673895213305	addons.manager	DEBUG	Starting provider: LightweightThemeManager
1673895213305	addons.manager	DEBUG	Registering shutdown blocker for LightweightThemeManager
1673895213305	addons.manager	DEBUG	Provider finished startup: LightweightThemeManager
1673895213305	addons.manager	DEBUG	Starting provider: GMPProvider
1673895213309	addons.manager	DEBUG	Registering shutdown blocker for GMPProvider
1673895213309	addons.manager	DEBUG	Provider finished startup: GMPProvider
1673895213309	addons.manager	DEBUG	Starting provider: PluginProvider
1673895213309	addons.manager	DEBUG	Registering shutdown blocker for PluginProvider
1673895213309	addons.manager	DEBUG	Provider finished startup: PluginProvider
1673895213310	addons.manager	DEBUG	Completed startup sequence
[GFX1]: Potential driver version mismatch ignored due to missing DLLs
1673895213448	DeferredSave.extensions.json	DEBUG	Starting write
1673895213619	addons.repository	DEBUG	No addons.json found.
1673895213619	DeferredSave.addons.json	DEBUG	Save changes
1673895213621	DeferredSave.addons.json	DEBUG	Starting timer
1673895213640	addons.manager	DEBUG	Starting provider: PreviousExperimentProvider
1673895213641	addons.manager	DEBUG	Registering shutdown blocker for PreviousExperimentProvider
1673895213641	addons.manager	DEBUG	Provider finished startup: PreviousExperimentProvider
1673895213643	DeferredSave.extensions.json	DEBUG	Write succeeded
1673895213643	addons.xpi-utils	DEBUG	XPI Database saved, setting schema version preference to 17
1673895213672	DeferredSave.addons.json	DEBUG	Starting write
1673895213681	DeferredSave.addons.json	DEBUG	Write succeeded

	at org.openqa.selenium.firefox.internal.NewProfileExtensionConnection.start(NewProfileExtensionConnection.java:122)
	... 33 more
... Removed 24 stack frames]]>
    </failure>
  </testcase> <!-- test23116 -->
  <testcase name="test23117" time="0.001" classname="newMMIS_Subsystems.Provider">
    <skipped/>
  </testcase> <!-- test23117 -->
  <testcase name="test23118" time="0.001" classname="newMMIS_Subsystems.Provider">
    <skipped/>
  </testcase> <!-- test23118 -->
  <testcase name="test23119" time="0.001" classname="newMMIS_Subsystems.Provider">
    <skipped/>
  </testcase> <!-- test23119 -->
  <testcase name="test23120" time="0.0" classname="newMMIS_Subsystems.Provider">
    <skipped/>
  </testcase> <!-- test23120 -->
  <testcase name="test23121" time="0.001" classname="newMMIS_Subsystems.Provider">
    <skipped/>
  </testcase> <!-- test23121 -->
  <testcase name="test23122" time="0.0" classname="newMMIS_Subsystems.Provider">
    <skipped/>
  </testcase> <!-- test23122 -->
  <testcase name="test23123" time="0.0" classname="newMMIS_Subsystems.Provider">
    <skipped/>
  </testcase> <!-- test23123 -->
  <testcase name="test23124" time="0.001" classname="newMMIS_Subsystems.Provider">
    <skipped/>
  </testcase> <!-- test23124 -->
  <testcase name="test23125" time="0.001" classname="newMMIS_Subsystems.Provider">
    <skipped/>
  </testcase> <!-- test23125 -->
  <testcase name="test23127" time="0.0" classname="newMMIS_Subsystems.Provider">
    <skipped/>
  </testcase> <!-- test23127 -->
  <testcase name="test23128" time="0.0" classname="newMMIS_Subsystems.Provider">
    <skipped/>
  </testcase> <!-- test23128 -->
  <testcase name="test23483" time="0.001" classname="newMMIS_Subsystems.Provider">
    <skipped/>
  </testcase> <!-- test23483 -->
  <testcase name="test23130" time="0.001" classname="newMMIS_Subsystems.Provider">
    <skipped/>
  </testcase> <!-- test23130 -->
  <testcase name="test23131" time="0.0" classname="newMMIS_Subsystems.Provider">
    <skipped/>
  </testcase> <!-- test23131 -->
  <testcase name="test23132" time="0.0" classname="newMMIS_Subsystems.Provider">
    <skipped/>
  </testcase> <!-- test23132 -->
  <testcase name="test23134" time="0.0" classname="newMMIS_Subsystems.Provider">
    <skipped/>
  </testcase> <!-- test23134 -->
  <testcase name="test23098" time="0.0" classname="newMMIS_Subsystems.Provider">
    <skipped/>
  </testcase> <!-- test23098 -->
  <testcase name="test22461b" time="0.001" classname="newMMIS_Subsystems.Provider">
    <skipped/>
  </testcase> <!-- test22461b -->
  <testcase name="test23099b" time="0.0" classname="newMMIS_Subsystems.Provider">
    <skipped/>
  </testcase> <!-- test23099b -->
  <testcase name="test23481a" time="0.001" classname="newMMIS_Subsystems.Provider">
    <skipped/>
  </testcase> <!-- test23481a -->
  <testcase name="test35703" time="0.001" classname="newMMIS_Subsystems.Provider">
    <skipped/>
  </testcase> <!-- test35703 -->
</testsuite> <!-- Provider test 1 -->
