<?xml version="1.0" encoding="UTF-8"?>
<!-- Generated by org.testng.reporters.JUnitXMLReporter -->
<testsuite hostname="GWT-2GJ2DL3" name="Provider test" tests="3" failures="1" timestamp="5 Sep 2025 20:41:19 GMT" time="27.408" errors="0">
  <testcase name="test23105b" time="7.792" classname="newMMIS_Subsystems.Provider"/>
  <testcase name="test23110b" time="5.86" classname="newMMIS_Subsystems.Provider"/>
  <testcase name="test23133" time="2.875" classname="newMMIS_Subsystems.Provider">
    <failure type="java.lang.AssertionError" message="Provider&amp;apos;s Last Claim Submission date mismatch expected [true] but found [false]">
      <![CDATA[java.lang.AssertionError: Provider's Last Claim Submission date mismatch expected [true] but found [false]
	at newMMIS_Subsystems.Provider.test23133(Unknown Source)
... Removed 26 stack frames]]>
    </failure>
  </testcase> <!-- test23133 -->
</testsuite> <!-- Provider test -->
