<?xml version="1.0" encoding="UTF-8"?>
<!-- Generated by org.testng.reporters.JUnitXMLReporter -->
<testsuite hostname="GWT-2GJ2DL3" name="reg test" tests="41" failures="5" timestamp="16 Jan 2023 18:39:28 GMT" time="2132.405" errors="0">
  <testcase name="test22467" time="37.274" classname="newMMIS_Subsystems.Provider"/>
  <testcase name="test23135a" time="1.125" classname="newMMIS_Subsystems.Provider">
    <failure type="java.lang.AssertionError" message="The selected file is not correct/ or it is empty/ or it does not have DSMATSTX user id expected [true] but found [false]">
      <![CDATA[java.lang.AssertionError: The selected file is not correct/ or it is empty/ or it does not have DSMATSTX user id expected [true] but found [false]
	at newMMIS_Subsystems.Common.connectUNIX(Common.java:678)
	at newMMIS_Subsystems.Provider.test23135a(Provider.java:92)
... Removed 27 stack frames]]>
    </failure>
  </testcase> <!-- test23135a -->
  <testcase name="test22461a" time="32.976" classname="newMMIS_Subsystems.Provider"/>
  <testcase name="test22465" time="6.651" classname="newMMIS_Subsystems.Provider"/>
  <testcase name="test22466" time="14.502" classname="newMMIS_Subsystems.Provider"/>
  <testcase name="test22472" time="7.428" classname="newMMIS_Subsystems.Provider"/>
  <testcase name="test22469" time="48.812" classname="newMMIS_Subsystems.Provider"/>
  <testcase name="test22471" time="7.035" classname="newMMIS_Subsystems.Provider">
    <failure type="java.lang.AssertionError" message="Save NOT successful Error Message: Effective Date must be less than or equal to End Date... expected [true] but found [false]">
      <![CDATA[java.lang.AssertionError: Save NOT successful Error Message: Effective Date must be less than or equal to End Date... expected [true] but found [false]
	at newMMIS_Subsystems.Common.saveAll(Common.java:117)
	at newMMIS_Subsystems.Provider.test22471(Provider.java:1365)
... Removed 27 stack frames]]>
    </failure>
  </testcase> <!-- test22471 -->
  <testcase name="test23097" time="3.366" classname="newMMIS_Subsystems.Provider"/>
  <testcase name="test23099a" time="7.418" classname="newMMIS_Subsystems.Provider"/>
  <testcase name="test23101a" time="62.112" classname="newMMIS_Subsystems.Provider">
    <failure type="java.lang.AssertionError" message="The ICN 2223016700009 is denied expected [true] but found [false]">
      <![CDATA[java.lang.AssertionError: The ICN 2223016700009 is denied expected [true] but found [false]
	at newMMIS_Subsystems.Provider.test23101a(Provider.java:1568)
... Removed 27 stack frames]]>
    </failure>
  </testcase> <!-- test23101a -->
  <testcase name="test23102" time="11.875" classname="newMMIS_Subsystems.Provider"/>
  <testcase name="test23103" time="23.181" classname="newMMIS_Subsystems.Provider"/>
  <testcase name="test23105a" time="3.963" classname="newMMIS_Subsystems.Provider"/>
  <testcase name="test23107" time="11.152" classname="newMMIS_Subsystems.Provider"/>
  <testcase name="test23108" time="418.265" classname="newMMIS_Subsystems.Provider">
    <failure type="org.openqa.selenium.NoSuchElementException" message="Unable to locate element: {&amp;quot;method&amp;quot;:&amp;quot;id&amp;quot;,&amp;quot;selector&amp;quot;:&amp;quot;MMISForm:MMISBodyContent:ProviderApplicationPanel:ProviderTypeAddPanel:ProviderSpecialtyAddPanel:ProviderSpecialtySearchControl_CMD_SEARCH&amp;quot;}
Command duration or timeout: 30.04 seconds
For documentation on this error, please visit: http://seleniumhq.org/exceptions/no_such_element.html
Build info: version: &amp;apos;2.49.1&amp;apos;, revision: &amp;apos;7203e46&amp;apos;, time: &amp;apos;2016-01-21 17:35:35&amp;apos;
System info: host: &amp;apos;GWT-2GJ2DL3&amp;apos;, ip: &amp;apos;192.168.1.140&amp;apos;, os.name: &amp;apos;Windows 10&amp;apos;, os.arch: &amp;apos;amd64&amp;apos;, os.version: &amp;apos;10.0&amp;apos;, java.version: &amp;apos;1.8.0_91&amp;apos;
Driver info: org.openqa.selenium.firefox.FirefoxDriver
Capabilities [{applicationCacheEnabled=true, rotatable=false, handlesAlerts=true, databaseEnabled=true, version=44.0.2, platform=WINDOWS, nativeEvents=false, acceptSslCerts=true, webStorageEnabled=true, locationContextEnabled=true, browserName=firefox, takesScreenshot=true, javascriptEnabled=true, cssSelectorsEnabled=true}]
Session ID: f00c69f5-3a1f-44e5-bad2-7c56d019a4c4
*** Element info: {Using=id, value=MMISForm:MMISBodyContent:ProviderApplicationPanel:ProviderTypeAddPanel:ProviderSpecialtyAddPanel:ProviderSpecialtySearchControl_CMD_SEARCH}">
      <![CDATA[org.openqa.selenium.NoSuchElementException: Unable to locate element: {"method":"id","selector":"MMISForm:MMISBodyContent:ProviderApplicationPanel:ProviderTypeAddPanel:ProviderSpecialtyAddPanel:ProviderSpecialtySearchControl_CMD_SEARCH"}
Command duration or timeout: 30.04 seconds
For documentation on this error, please visit: http://seleniumhq.org/exceptions/no_such_element.html
Build info: version: '2.49.1', revision: '7203e46', time: '2016-01-21 17:35:35'
System info: host: 'GWT-2GJ2DL3', ip: '192.168.1.140', os.name: 'Windows 10', os.arch: 'amd64', os.version: '10.0', java.version: '1.8.0_91'
Driver info: org.openqa.selenium.firefox.FirefoxDriver
Capabilities [{applicationCacheEnabled=true, rotatable=false, handlesAlerts=true, databaseEnabled=true, version=44.0.2, platform=WINDOWS, nativeEvents=false, acceptSslCerts=true, webStorageEnabled=true, locationContextEnabled=true, browserName=firefox, takesScreenshot=true, javascriptEnabled=true, cssSelectorsEnabled=true}]
Session ID: f00c69f5-3a1f-44e5-bad2-7c56d019a4c4
*** Element info: {Using=id, value=MMISForm:MMISBodyContent:ProviderApplicationPanel:ProviderTypeAddPanel:ProviderSpecialtyAddPanel:ProviderSpecialtySearchControl_CMD_SEARCH}
	at org.openqa.selenium.remote.ErrorHandler.createThrowable(ErrorHandler.java:206)
	at org.openqa.selenium.remote.ErrorHandler.throwIfResponseFailed(ErrorHandler.java:158)
	at org.openqa.selenium.remote.RemoteWebDriver.execute(RemoteWebDriver.java:678)
	at org.openqa.selenium.remote.RemoteWebDriver.findElement(RemoteWebDriver.java:363)
	at org.openqa.selenium.remote.RemoteWebDriver.findElementById(RemoteWebDriver.java:413)
	at org.openqa.selenium.By$ById.findElement(By.java:218)
	at org.openqa.selenium.remote.RemoteWebDriver.findElement(RemoteWebDriver.java:355)
	at newMMIS_Subsystems.Provider.test23108(Provider.java:3122)
Caused by: org.openqa.selenium.NoSuchElementException: Unable to locate element: {"method":"id","selector":"MMISForm:MMISBodyContent:ProviderApplicationPanel:ProviderTypeAddPanel:ProviderSpecialtyAddPanel:ProviderSpecialtySearchControl_CMD_SEARCH"}
For documentation on this error, please visit: http://seleniumhq.org/exceptions/no_such_element.html
Build info: version: '2.49.1', revision: '7203e46', time: '2016-01-21 17:35:35'
System info: host: 'GWT-2GJ2DL3', ip: '192.168.1.140', os.name: 'Windows 10', os.arch: 'amd64', os.version: '10.0', java.version: '1.8.0_91'
Driver info: driver.version: unknown
	at <anonymous class>.FirefoxDriver.prototype.findElementInternal_(file:///C:/Users/AGANDH~1/AppData/Local/Temp/anonymous6176762146212624042webdriver-profile/extensions/fxdriver@googlecode.com/components/driver-component.js:10681)
	at <anonymous class>.fxdriver.Timer.prototype.setTimeout/<.notify(file:///C:/Users/AGANDH~1/AppData/Local/Temp/anonymous6176762146212624042webdriver-profile/extensions/fxdriver@googlecode.com/components/driver-component.js:623)
... Removed 28 stack frames]]>
    </failure>
  </testcase> <!-- test23108 -->
  <testcase name="test23110a" time="4.952" classname="newMMIS_Subsystems.Provider"/>
  <testcase name="test23113" time="8.837" classname="newMMIS_Subsystems.Provider"/>
  <testcase name="test23115a" time="11.972" classname="newMMIS_Subsystems.Provider"/>
  <testcase name="test23116" time="52.682" classname="newMMIS_Subsystems.Provider"/>
  <testcase name="test23117" time="11.926" classname="newMMIS_Subsystems.Provider"/>
  <testcase name="test23118" time="3.224" classname="newMMIS_Subsystems.Provider"/>
  <testcase name="test23119" time="2.568" classname="newMMIS_Subsystems.Provider"/>
  <testcase name="test23120" time="15.063" classname="newMMIS_Subsystems.Provider"/>
  <testcase name="test23121" time="4.234" classname="newMMIS_Subsystems.Provider"/>
  <testcase name="test23122" time="2.933" classname="newMMIS_Subsystems.Provider"/>
  <testcase name="test23123" time="4.389" classname="newMMIS_Subsystems.Provider"/>
  <testcase name="test23124" time="4.795" classname="newMMIS_Subsystems.Provider"/>
  <testcase name="test23125" time="5.661" classname="newMMIS_Subsystems.Provider"/>
  <testcase name="test23127" time="7.859" classname="newMMIS_Subsystems.Provider"/>
  <testcase name="test23128" time="353.225" classname="newMMIS_Subsystems.Provider"/>
  <testcase name="test23483" time="21.168" classname="newMMIS_Subsystems.Provider"/>
  <testcase name="test23130" time="16.223" classname="newMMIS_Subsystems.Provider"/>
  <testcase name="test23131" time="10.29" classname="newMMIS_Subsystems.Provider"/>
  <testcase name="test23132" time="12.862" classname="newMMIS_Subsystems.Provider">
    <failure type="java.lang.AssertionError" message="Save NOT successful Error Message: Contact Name should only contain Alpha Numeric or Special Characters [- . ,]... expected [true] but found [false]">
      <![CDATA[java.lang.AssertionError: Save NOT successful Error Message: Contact Name should only contain Alpha Numeric or Special Characters [- . ,]... expected [true] but found [false]
	at newMMIS_Subsystems.Common.save(Common.java:814)
	at newMMIS_Subsystems.Provider.test23132(Provider.java:2849)
... Removed 27 stack frames]]>
    </failure>
  </testcase> <!-- test23132 -->
  <testcase name="test23134" time="3.728" classname="newMMIS_Subsystems.Provider"/>
  <testcase name="test23098" time="49.911" classname="newMMIS_Subsystems.Provider"/>
  <testcase name="test22461b" time="640.693" classname="newMMIS_Subsystems.Provider"/>
  <testcase name="test23099b" time="8.114" classname="newMMIS_Subsystems.Provider"/>
  <testcase name="test23481a" time="27.133" classname="newMMIS_Subsystems.Provider"/>
  <testcase name="test35703" time="27.819" classname="newMMIS_Subsystems.Provider"/>
</testsuite> <!-- reg test -->
