<?xml version="1.0" encoding="UTF-8"?>
<!-- Generated by org.testng.reporters.JUnitXMLReporter -->
<testsuite hostname="GWT-2GJ2DL3" failures="1" tests="1" name="TPL test" time="22.772" errors="0" timestamp="4 Dec 2025 20:05:33 GMT">
  <testcase classname="newMMIS_Subsystems.TPL" name="test22455b" time="18.937">
    <failure type="com.jcraft.jsch.JSchException" message="Session.connect: java.net.SocketException: Connection reset">
      <![CDATA[com.jcraft.jsch.JSchException: Session.connect: java.net.SocketException: Connection reset
	at com.jcraft.jsch.Session.connect(Session.java:565)
	at com.jcraft.jsch.Session.connect(Session.java:183)
	at newMMIS_Subsystems.Common.connectUNIX(Unknown Source)
	at newMMIS_Subsystems.TPL.test22455b(Unknown Source)
... Removed 21 stack frames]]>
    </failure>
  </testcase> <!-- test22455b -->
</testsuite> <!-- TPL test -->
