<html>
<head>
<title>TestNG:  TPT test</title>
<link href="../testng.css" rel="stylesheet" type="text/css" />
<link href="../my-testng.css" rel="stylesheet" type="text/css" />

<style type="text/css">
.log { display: none;} 
.stack-trace { display: none;} 
</style>
<script type="text/javascript">
<!--
function flip(e) {
  current = e.style.display;
  if (current == 'block') {
    e.style.display = 'none';
    return 0;
  }
  else {
    e.style.display = 'block';
    return 1;
  }
}

function toggleBox(szDivId, elem, msg1, msg2)
{
  var res = -1;  if (document.getElementById) {
    res = flip(document.getElementById(szDivId));
  }
  else if (document.all) {
    // this is the way old msie versions work
    res = flip(document.all[szDivId]);
  }
  if(elem) {
    if(res == 0) elem.innerHTML = msg1; else elem.innerHTML = msg2;
  }

}

function toggleAllBoxes() {
  if (document.getElementsByTagName) {
    d = document.getElementsByTagName('div');
    for (i = 0; i < d.length; i++) {
      if (d[i].className == 'log') {
        flip(d[i]);
      }
    }
  }
}

// -->
</script>

</head>
<body>
<h2 align='center'>TPT test</h2><table border='1' align="center">
<tr>
<td>Tests passed/Failed/Skipped:</td><td>44/46/0</td>
</tr><tr>
<td>Started on:</td><td>Tue Feb 25 19:24:15 EST 2020</td>
</tr>
<tr><td>Total time:</td><td>15 seconds (15252 ms)</td>
</tr><tr>
<td>Included groups:</td><td></td>
</tr><tr>
<td>Excluded groups:</td><td></td>
</tr>
</table><p/>
<small><i>(Hover the method name to see the test class name)</i></small><p/>
<table width='100%' border='1' class='invocation-failed'>
<tr><td colspan='4' align='center'><b>FAILED TESTS</b></td></tr>
<tr><td><b>Test method</b></td>
<td width="30%"><b>Exception</b></td>
<td width="10%"><b>Time (seconds)</b></td>
<td><b>Instance</b></td>
</tr>
<tr>
<td title='newMMIS_Subsystems.tptTesting.download834_monthly()'><b>download834_monthly</b><br>Test class: newMMIS_Subsystems.tptTesting<br>Parameters: 110088791D, 100226125233, 02/18/2020, 5<br/>
<a href="#Output-1961595039" onClick='toggleBox("Output-1961595039", this, "Show output", "Hide output");'>Show output</a>

<a href="#Output-1961595039" onClick="toggleAllBoxes();">Show all outputs</a>
<div class='log' id="Output-1961595039">
1.C:\Users\agandhi20\Desktop\Anshul\Workspace\Regression_TR\ScreenShots\_25_Feb_2020__07_24_15PM_172.31.86.14_TC download834.png<br/>
</div>
</td>
<td><div><pre>java.lang.AssertionError: Member 100226125233 is not in this 834 expected [true] but found [false]
	at newMMIS_Subsystems.Managedcare_Common.get834_tptTesting_monthlyFull(Unknown Source)
	at newMMIS_Subsystems.tptTesting.download834_monthly(Unknown Source)
... Removed 26 stack frames</pre></div><a href='#' onClick='toggleBox("stack-trace1961595039", this, "Click to show all stack frames", "Click to hide stack frames")'>Click to show all stack frames</a>
<div class='stack-trace' id='stack-trace1961595039'><pre>java.lang.AssertionError: Member 100226125233 is not in this 834 expected [true] but found [false]
	at org.testng.Assert.fail(Assert.java:94)
	at org.testng.Assert.failNotEquals(Assert.java:496)
	at org.testng.Assert.assertTrue(Assert.java:42)
	at newMMIS_Subsystems.Managedcare_Common.get834_tptTesting_monthlyFull(Unknown Source)
	at newMMIS_Subsystems.tptTesting.download834_monthly(Unknown Source)
	at sun.reflect.NativeMethodAccessorImpl.invoke0(Native Method)
	at sun.reflect.NativeMethodAccessorImpl.invoke(NativeMethodAccessorImpl.java:62)
	at sun.reflect.DelegatingMethodAccessorImpl.invoke(DelegatingMethodAccessorImpl.java:43)
	at java.lang.reflect.Method.invoke(Method.java:498)
	at org.testng.internal.MethodInvocationHelper.invokeMethod(MethodInvocationHelper.java:85)
	at org.testng.internal.Invoker.invokeMethod(Invoker.java:639)
	at org.testng.internal.Invoker.invokeTestMethod(Invoker.java:816)
	at org.testng.internal.Invoker.invokeTestMethods(Invoker.java:1124)
	at org.testng.internal.TestMethodWorker.invokeTestMethods(TestMethodWorker.java:125)
	at org.testng.internal.TestMethodWorker.run(TestMethodWorker.java:108)
	at org.testng.TestRunner.privateRun(TestRunner.java:774)
	at org.testng.TestRunner.run(TestRunner.java:624)
	at org.testng.SuiteRunner.runTest(SuiteRunner.java:359)
	at org.testng.SuiteRunner.runSequentially(SuiteRunner.java:354)
	at org.testng.SuiteRunner.privateRun(SuiteRunner.java:312)
	at org.testng.SuiteRunner.run(SuiteRunner.java:261)
	at org.testng.SuiteRunnerWorker.runSuite(SuiteRunnerWorker.java:52)
	at org.testng.SuiteRunnerWorker.run(SuiteRunnerWorker.java:86)
	at org.testng.TestNG.runSuitesSequentially(TestNG.java:1215)
	at org.testng.TestNG.runSuitesLocally(TestNG.java:1140)
	at org.testng.TestNG.run(TestNG.java:1048)
	at org.testng.TestNG.privateMain(TestNG.java:1355)
	at org.testng.TestNG.main(TestNG.java:1324)
</pre></div></td>
<td>0</td>
<td>newMMIS_Subsystems.tptTesting@36f6e879</td></tr>
<tr>
<td title='newMMIS_Subsystems.tptTesting.download834_monthly()'><b>download834_monthly</b><br>Test class: newMMIS_Subsystems.tptTesting<br>Parameters: 110088791D, 100226125472, 02/18/2020, 11<br/>
<a href="#Output-1940055334" onClick='toggleBox("Output-1940055334", this, "Show output", "Hide output");'>Show output</a>

<a href="#Output-1940055334" onClick="toggleAllBoxes();">Show all outputs</a>
<div class='log' id="Output-1940055334">
2.C:\Users\agandhi20\Desktop\Anshul\Workspace\Regression_TR\ScreenShots\_25_Feb_2020__07_24_16PM_172.31.86.14_TC download834.png<br/>
</div>
</td>
<td><div><pre>java.lang.AssertionError: Member 100226125472 is not in this 834 expected [true] but found [false]
	at newMMIS_Subsystems.Managedcare_Common.get834_tptTesting_monthlyFull(Unknown Source)
	at newMMIS_Subsystems.tptTesting.download834_monthly(Unknown Source)
... Removed 26 stack frames</pre></div><a href='#' onClick='toggleBox("stack-trace1940055334", this, "Click to show all stack frames", "Click to hide stack frames")'>Click to show all stack frames</a>
<div class='stack-trace' id='stack-trace1940055334'><pre>java.lang.AssertionError: Member 100226125472 is not in this 834 expected [true] but found [false]
	at org.testng.Assert.fail(Assert.java:94)
	at org.testng.Assert.failNotEquals(Assert.java:496)
	at org.testng.Assert.assertTrue(Assert.java:42)
	at newMMIS_Subsystems.Managedcare_Common.get834_tptTesting_monthlyFull(Unknown Source)
	at newMMIS_Subsystems.tptTesting.download834_monthly(Unknown Source)
	at sun.reflect.NativeMethodAccessorImpl.invoke0(Native Method)
	at sun.reflect.NativeMethodAccessorImpl.invoke(NativeMethodAccessorImpl.java:62)
	at sun.reflect.DelegatingMethodAccessorImpl.invoke(DelegatingMethodAccessorImpl.java:43)
	at java.lang.reflect.Method.invoke(Method.java:498)
	at org.testng.internal.MethodInvocationHelper.invokeMethod(MethodInvocationHelper.java:85)
	at org.testng.internal.Invoker.invokeMethod(Invoker.java:639)
	at org.testng.internal.Invoker.invokeTestMethod(Invoker.java:816)
	at org.testng.internal.Invoker.invokeTestMethods(Invoker.java:1124)
	at org.testng.internal.TestMethodWorker.invokeTestMethods(TestMethodWorker.java:125)
	at org.testng.internal.TestMethodWorker.run(TestMethodWorker.java:108)
	at org.testng.TestRunner.privateRun(TestRunner.java:774)
	at org.testng.TestRunner.run(TestRunner.java:624)
	at org.testng.SuiteRunner.runTest(SuiteRunner.java:359)
	at org.testng.SuiteRunner.runSequentially(SuiteRunner.java:354)
	at org.testng.SuiteRunner.privateRun(SuiteRunner.java:312)
	at org.testng.SuiteRunner.run(SuiteRunner.java:261)
	at org.testng.SuiteRunnerWorker.runSuite(SuiteRunnerWorker.java:52)
	at org.testng.SuiteRunnerWorker.run(SuiteRunnerWorker.java:86)
	at org.testng.TestNG.runSuitesSequentially(TestNG.java:1215)
	at org.testng.TestNG.runSuitesLocally(TestNG.java:1140)
	at org.testng.TestNG.run(TestNG.java:1048)
	at org.testng.TestNG.privateMain(TestNG.java:1355)
	at org.testng.TestNG.main(TestNG.java:1324)
</pre></div></td>
<td>0</td>
<td>newMMIS_Subsystems.tptTesting@36f6e879</td></tr>
<tr>
<td title='newMMIS_Subsystems.tptTesting.download834_monthly()'><b>download834_monthly</b><br>Test class: newMMIS_Subsystems.tptTesting<br>Parameters: 110088791D, 100226125605, 02/18/2020, 12<br/>
<a href="#Output-1757317128" onClick='toggleBox("Output-1757317128", this, "Show output", "Hide output");'>Show output</a>

<a href="#Output-1757317128" onClick="toggleAllBoxes();">Show all outputs</a>
<div class='log' id="Output-1757317128">
3.C:\Users\agandhi20\Desktop\Anshul\Workspace\Regression_TR\ScreenShots\_25_Feb_2020__07_24_17PM_172.31.86.14_TC download834.png<br/>
</div>
</td>
<td><div><pre>java.lang.AssertionError: Member 100226125605 is not in this 834 expected [true] but found [false]
	at newMMIS_Subsystems.Managedcare_Common.get834_tptTesting_monthlyFull(Unknown Source)
	at newMMIS_Subsystems.tptTesting.download834_monthly(Unknown Source)
... Removed 26 stack frames</pre></div><a href='#' onClick='toggleBox("stack-trace1757317128", this, "Click to show all stack frames", "Click to hide stack frames")'>Click to show all stack frames</a>
<div class='stack-trace' id='stack-trace1757317128'><pre>java.lang.AssertionError: Member 100226125605 is not in this 834 expected [true] but found [false]
	at org.testng.Assert.fail(Assert.java:94)
	at org.testng.Assert.failNotEquals(Assert.java:496)
	at org.testng.Assert.assertTrue(Assert.java:42)
	at newMMIS_Subsystems.Managedcare_Common.get834_tptTesting_monthlyFull(Unknown Source)
	at newMMIS_Subsystems.tptTesting.download834_monthly(Unknown Source)
	at sun.reflect.NativeMethodAccessorImpl.invoke0(Native Method)
	at sun.reflect.NativeMethodAccessorImpl.invoke(NativeMethodAccessorImpl.java:62)
	at sun.reflect.DelegatingMethodAccessorImpl.invoke(DelegatingMethodAccessorImpl.java:43)
	at java.lang.reflect.Method.invoke(Method.java:498)
	at org.testng.internal.MethodInvocationHelper.invokeMethod(MethodInvocationHelper.java:85)
	at org.testng.internal.Invoker.invokeMethod(Invoker.java:639)
	at org.testng.internal.Invoker.invokeTestMethod(Invoker.java:816)
	at org.testng.internal.Invoker.invokeTestMethods(Invoker.java:1124)
	at org.testng.internal.TestMethodWorker.invokeTestMethods(TestMethodWorker.java:125)
	at org.testng.internal.TestMethodWorker.run(TestMethodWorker.java:108)
	at org.testng.TestRunner.privateRun(TestRunner.java:774)
	at org.testng.TestRunner.run(TestRunner.java:624)
	at org.testng.SuiteRunner.runTest(SuiteRunner.java:359)
	at org.testng.SuiteRunner.runSequentially(SuiteRunner.java:354)
	at org.testng.SuiteRunner.privateRun(SuiteRunner.java:312)
	at org.testng.SuiteRunner.run(SuiteRunner.java:261)
	at org.testng.SuiteRunnerWorker.runSuite(SuiteRunnerWorker.java:52)
	at org.testng.SuiteRunnerWorker.run(SuiteRunnerWorker.java:86)
	at org.testng.TestNG.runSuitesSequentially(TestNG.java:1215)
	at org.testng.TestNG.runSuitesLocally(TestNG.java:1140)
	at org.testng.TestNG.run(TestNG.java:1048)
	at org.testng.TestNG.privateMain(TestNG.java:1355)
	at org.testng.TestNG.main(TestNG.java:1324)
</pre></div></td>
<td>0</td>
<td>newMMIS_Subsystems.tptTesting@36f6e879</td></tr>
<tr>
<td title='newMMIS_Subsystems.tptTesting.download834_monthly()'><b>download834_monthly</b><br>Test class: newMMIS_Subsystems.tptTesting<br>Parameters: 110088791D, 100226125498, 02/18/2020, 13<br/>
<a href="#Output-1971783162" onClick='toggleBox("Output-1971783162", this, "Show output", "Hide output");'>Show output</a>

<a href="#Output-1971783162" onClick="toggleAllBoxes();">Show all outputs</a>
<div class='log' id="Output-1971783162">
4.C:\Users\agandhi20\Desktop\Anshul\Workspace\Regression_TR\ScreenShots\_25_Feb_2020__07_24_17PM_172.31.86.14_TC download834.png<br/>
</div>
</td>
<td><div><pre>java.lang.AssertionError: Member 100226125498 is not in this 834 expected [true] but found [false]
	at newMMIS_Subsystems.Managedcare_Common.get834_tptTesting_monthlyFull(Unknown Source)
	at newMMIS_Subsystems.tptTesting.download834_monthly(Unknown Source)
... Removed 26 stack frames</pre></div><a href='#' onClick='toggleBox("stack-trace1971783162", this, "Click to show all stack frames", "Click to hide stack frames")'>Click to show all stack frames</a>
<div class='stack-trace' id='stack-trace1971783162'><pre>java.lang.AssertionError: Member 100226125498 is not in this 834 expected [true] but found [false]
	at org.testng.Assert.fail(Assert.java:94)
	at org.testng.Assert.failNotEquals(Assert.java:496)
	at org.testng.Assert.assertTrue(Assert.java:42)
	at newMMIS_Subsystems.Managedcare_Common.get834_tptTesting_monthlyFull(Unknown Source)
	at newMMIS_Subsystems.tptTesting.download834_monthly(Unknown Source)
	at sun.reflect.NativeMethodAccessorImpl.invoke0(Native Method)
	at sun.reflect.NativeMethodAccessorImpl.invoke(NativeMethodAccessorImpl.java:62)
	at sun.reflect.DelegatingMethodAccessorImpl.invoke(DelegatingMethodAccessorImpl.java:43)
	at java.lang.reflect.Method.invoke(Method.java:498)
	at org.testng.internal.MethodInvocationHelper.invokeMethod(MethodInvocationHelper.java:85)
	at org.testng.internal.Invoker.invokeMethod(Invoker.java:639)
	at org.testng.internal.Invoker.invokeTestMethod(Invoker.java:816)
	at org.testng.internal.Invoker.invokeTestMethods(Invoker.java:1124)
	at org.testng.internal.TestMethodWorker.invokeTestMethods(TestMethodWorker.java:125)
	at org.testng.internal.TestMethodWorker.run(TestMethodWorker.java:108)
	at org.testng.TestRunner.privateRun(TestRunner.java:774)
	at org.testng.TestRunner.run(TestRunner.java:624)
	at org.testng.SuiteRunner.runTest(SuiteRunner.java:359)
	at org.testng.SuiteRunner.runSequentially(SuiteRunner.java:354)
	at org.testng.SuiteRunner.privateRun(SuiteRunner.java:312)
	at org.testng.SuiteRunner.run(SuiteRunner.java:261)
	at org.testng.SuiteRunnerWorker.runSuite(SuiteRunnerWorker.java:52)
	at org.testng.SuiteRunnerWorker.run(SuiteRunnerWorker.java:86)
	at org.testng.TestNG.runSuitesSequentially(TestNG.java:1215)
	at org.testng.TestNG.runSuitesLocally(TestNG.java:1140)
	at org.testng.TestNG.run(TestNG.java:1048)
	at org.testng.TestNG.privateMain(TestNG.java:1355)
	at org.testng.TestNG.main(TestNG.java:1324)
</pre></div></td>
<td>0</td>
<td>newMMIS_Subsystems.tptTesting@36f6e879</td></tr>
<tr>
<td title='newMMIS_Subsystems.tptTesting.download834_monthly()'><b>download834_monthly</b><br>Test class: newMMIS_Subsystems.tptTesting<br>Parameters: 110088791D, 100226125613, 02/18/2020, 14<br/>
<a href="#Output-70695990" onClick='toggleBox("Output-70695990", this, "Show output", "Hide output");'>Show output</a>

<a href="#Output-70695990" onClick="toggleAllBoxes();">Show all outputs</a>
<div class='log' id="Output-70695990">
5.C:\Users\agandhi20\Desktop\Anshul\Workspace\Regression_TR\ScreenShots\_25_Feb_2020__07_24_17PM_172.31.86.14_TC download834.png<br/>
</div>
</td>
<td><div><pre>java.lang.AssertionError: Member 100226125613 is not in this 834 expected [true] but found [false]
	at newMMIS_Subsystems.Managedcare_Common.get834_tptTesting_monthlyFull(Unknown Source)
	at newMMIS_Subsystems.tptTesting.download834_monthly(Unknown Source)
... Removed 26 stack frames</pre></div><a href='#' onClick='toggleBox("stack-trace70695990", this, "Click to show all stack frames", "Click to hide stack frames")'>Click to show all stack frames</a>
<div class='stack-trace' id='stack-trace70695990'><pre>java.lang.AssertionError: Member 100226125613 is not in this 834 expected [true] but found [false]
	at org.testng.Assert.fail(Assert.java:94)
	at org.testng.Assert.failNotEquals(Assert.java:496)
	at org.testng.Assert.assertTrue(Assert.java:42)
	at newMMIS_Subsystems.Managedcare_Common.get834_tptTesting_monthlyFull(Unknown Source)
	at newMMIS_Subsystems.tptTesting.download834_monthly(Unknown Source)
	at sun.reflect.NativeMethodAccessorImpl.invoke0(Native Method)
	at sun.reflect.NativeMethodAccessorImpl.invoke(NativeMethodAccessorImpl.java:62)
	at sun.reflect.DelegatingMethodAccessorImpl.invoke(DelegatingMethodAccessorImpl.java:43)
	at java.lang.reflect.Method.invoke(Method.java:498)
	at org.testng.internal.MethodInvocationHelper.invokeMethod(MethodInvocationHelper.java:85)
	at org.testng.internal.Invoker.invokeMethod(Invoker.java:639)
	at org.testng.internal.Invoker.invokeTestMethod(Invoker.java:816)
	at org.testng.internal.Invoker.invokeTestMethods(Invoker.java:1124)
	at org.testng.internal.TestMethodWorker.invokeTestMethods(TestMethodWorker.java:125)
	at org.testng.internal.TestMethodWorker.run(TestMethodWorker.java:108)
	at org.testng.TestRunner.privateRun(TestRunner.java:774)
	at org.testng.TestRunner.run(TestRunner.java:624)
	at org.testng.SuiteRunner.runTest(SuiteRunner.java:359)
	at org.testng.SuiteRunner.runSequentially(SuiteRunner.java:354)
	at org.testng.SuiteRunner.privateRun(SuiteRunner.java:312)
	at org.testng.SuiteRunner.run(SuiteRunner.java:261)
	at org.testng.SuiteRunnerWorker.runSuite(SuiteRunnerWorker.java:52)
	at org.testng.SuiteRunnerWorker.run(SuiteRunnerWorker.java:86)
	at org.testng.TestNG.runSuitesSequentially(TestNG.java:1215)
	at org.testng.TestNG.runSuitesLocally(TestNG.java:1140)
	at org.testng.TestNG.run(TestNG.java:1048)
	at org.testng.TestNG.privateMain(TestNG.java:1355)
	at org.testng.TestNG.main(TestNG.java:1324)
</pre></div></td>
<td>0</td>
<td>newMMIS_Subsystems.tptTesting@36f6e879</td></tr>
<tr>
<td title='newMMIS_Subsystems.tptTesting.download834_monthly()'><b>download834_monthly</b><br>Test class: newMMIS_Subsystems.tptTesting<br>Parameters: 110088791D, 100226124921, 02/18/2020, 17<br/>
<a href="#Output-711197015" onClick='toggleBox("Output-711197015", this, "Show output", "Hide output");'>Show output</a>

<a href="#Output-711197015" onClick="toggleAllBoxes();">Show all outputs</a>
<div class='log' id="Output-711197015">
6.C:\Users\agandhi20\Desktop\Anshul\Workspace\Regression_TR\ScreenShots\_25_Feb_2020__07_24_18PM_172.31.86.14_TC download834.png<br/>
</div>
</td>
<td><div><pre>java.lang.AssertionError: Member 100226124921 is not in this 834 expected [true] but found [false]
	at newMMIS_Subsystems.Managedcare_Common.get834_tptTesting_monthlyFull(Unknown Source)
	at newMMIS_Subsystems.tptTesting.download834_monthly(Unknown Source)
... Removed 25 stack frames</pre></div><a href='#' onClick='toggleBox("stack-trace711197015", this, "Click to show all stack frames", "Click to hide stack frames")'>Click to show all stack frames</a>
<div class='stack-trace' id='stack-trace711197015'><pre>java.lang.AssertionError: Member 100226124921 is not in this 834 expected [true] but found [false]
	at org.testng.Assert.fail(Assert.java:94)
	at org.testng.Assert.failNotEquals(Assert.java:496)
	at org.testng.Assert.assertTrue(Assert.java:42)
	at newMMIS_Subsystems.Managedcare_Common.get834_tptTesting_monthlyFull(Unknown Source)
	at newMMIS_Subsystems.tptTesting.download834_monthly(Unknown Source)
	at sun.reflect.GeneratedMethodAccessor1.invoke(Unknown Source)
	at sun.reflect.DelegatingMethodAccessorImpl.invoke(DelegatingMethodAccessorImpl.java:43)
	at java.lang.reflect.Method.invoke(Method.java:498)
	at org.testng.internal.MethodInvocationHelper.invokeMethod(MethodInvocationHelper.java:85)
	at org.testng.internal.Invoker.invokeMethod(Invoker.java:639)
	at org.testng.internal.Invoker.invokeTestMethod(Invoker.java:816)
	at org.testng.internal.Invoker.invokeTestMethods(Invoker.java:1124)
	at org.testng.internal.TestMethodWorker.invokeTestMethods(TestMethodWorker.java:125)
	at org.testng.internal.TestMethodWorker.run(TestMethodWorker.java:108)
	at org.testng.TestRunner.privateRun(TestRunner.java:774)
	at org.testng.TestRunner.run(TestRunner.java:624)
	at org.testng.SuiteRunner.runTest(SuiteRunner.java:359)
	at org.testng.SuiteRunner.runSequentially(SuiteRunner.java:354)
	at org.testng.SuiteRunner.privateRun(SuiteRunner.java:312)
	at org.testng.SuiteRunner.run(SuiteRunner.java:261)
	at org.testng.SuiteRunnerWorker.runSuite(SuiteRunnerWorker.java:52)
	at org.testng.SuiteRunnerWorker.run(SuiteRunnerWorker.java:86)
	at org.testng.TestNG.runSuitesSequentially(TestNG.java:1215)
	at org.testng.TestNG.runSuitesLocally(TestNG.java:1140)
	at org.testng.TestNG.run(TestNG.java:1048)
	at org.testng.TestNG.privateMain(TestNG.java:1355)
	at org.testng.TestNG.main(TestNG.java:1324)
</pre></div></td>
<td>0</td>
<td>newMMIS_Subsystems.tptTesting@36f6e879</td></tr>
<tr>
<td title='newMMIS_Subsystems.tptTesting.download834_monthly()'><b>download834_monthly</b><br>Test class: newMMIS_Subsystems.tptTesting<br>Parameters: 110088791D, 100226124971, 02/18/2020, 18<br/>
<a href="#Output-1466917878" onClick='toggleBox("Output-1466917878", this, "Show output", "Hide output");'>Show output</a>

<a href="#Output-1466917878" onClick="toggleAllBoxes();">Show all outputs</a>
<div class='log' id="Output-1466917878">
7.C:\Users\agandhi20\Desktop\Anshul\Workspace\Regression_TR\ScreenShots\_25_Feb_2020__07_24_18PM_172.31.86.14_TC download834.png<br/>
</div>
</td>
<td><div><pre>java.lang.AssertionError: Member 100226124971 is not in this 834 expected [true] but found [false]
	at newMMIS_Subsystems.Managedcare_Common.get834_tptTesting_monthlyFull(Unknown Source)
	at newMMIS_Subsystems.tptTesting.download834_monthly(Unknown Source)
... Removed 25 stack frames</pre></div><a href='#' onClick='toggleBox("stack-trace1466917878", this, "Click to show all stack frames", "Click to hide stack frames")'>Click to show all stack frames</a>
<div class='stack-trace' id='stack-trace1466917878'><pre>java.lang.AssertionError: Member 100226124971 is not in this 834 expected [true] but found [false]
	at org.testng.Assert.fail(Assert.java:94)
	at org.testng.Assert.failNotEquals(Assert.java:496)
	at org.testng.Assert.assertTrue(Assert.java:42)
	at newMMIS_Subsystems.Managedcare_Common.get834_tptTesting_monthlyFull(Unknown Source)
	at newMMIS_Subsystems.tptTesting.download834_monthly(Unknown Source)
	at sun.reflect.GeneratedMethodAccessor1.invoke(Unknown Source)
	at sun.reflect.DelegatingMethodAccessorImpl.invoke(DelegatingMethodAccessorImpl.java:43)
	at java.lang.reflect.Method.invoke(Method.java:498)
	at org.testng.internal.MethodInvocationHelper.invokeMethod(MethodInvocationHelper.java:85)
	at org.testng.internal.Invoker.invokeMethod(Invoker.java:639)
	at org.testng.internal.Invoker.invokeTestMethod(Invoker.java:816)
	at org.testng.internal.Invoker.invokeTestMethods(Invoker.java:1124)
	at org.testng.internal.TestMethodWorker.invokeTestMethods(TestMethodWorker.java:125)
	at org.testng.internal.TestMethodWorker.run(TestMethodWorker.java:108)
	at org.testng.TestRunner.privateRun(TestRunner.java:774)
	at org.testng.TestRunner.run(TestRunner.java:624)
	at org.testng.SuiteRunner.runTest(SuiteRunner.java:359)
	at org.testng.SuiteRunner.runSequentially(SuiteRunner.java:354)
	at org.testng.SuiteRunner.privateRun(SuiteRunner.java:312)
	at org.testng.SuiteRunner.run(SuiteRunner.java:261)
	at org.testng.SuiteRunnerWorker.runSuite(SuiteRunnerWorker.java:52)
	at org.testng.SuiteRunnerWorker.run(SuiteRunnerWorker.java:86)
	at org.testng.TestNG.runSuitesSequentially(TestNG.java:1215)
	at org.testng.TestNG.runSuitesLocally(TestNG.java:1140)
	at org.testng.TestNG.run(TestNG.java:1048)
	at org.testng.TestNG.privateMain(TestNG.java:1355)
	at org.testng.TestNG.main(TestNG.java:1324)
</pre></div></td>
<td>0</td>
<td>newMMIS_Subsystems.tptTesting@36f6e879</td></tr>
<tr>
<td title='newMMIS_Subsystems.tptTesting.download834_monthly()'><b>download834_monthly</b><br>Test class: newMMIS_Subsystems.tptTesting<br>Parameters: 110117869B, 100226125654, 02/18/2020, 29<br/>
<a href="#Output-460570271" onClick='toggleBox("Output-460570271", this, "Show output", "Hide output");'>Show output</a>

<a href="#Output-460570271" onClick="toggleAllBoxes();">Show all outputs</a>
<div class='log' id="Output-460570271">
8.C:\Users\agandhi20\Desktop\Anshul\Workspace\Regression_TR\ScreenShots\_25_Feb_2020__07_24_19PM_172.31.86.14_TC download834.png<br/>
</div>
</td>
<td><div><pre>java.lang.AssertionError: Member 100226125654 is not in this 834 expected [true] but found [false]
	at newMMIS_Subsystems.Managedcare_Common.get834_tptTesting_monthlyFull(Unknown Source)
	at newMMIS_Subsystems.tptTesting.download834_monthly(Unknown Source)
... Removed 25 stack frames</pre></div><a href='#' onClick='toggleBox("stack-trace460570271", this, "Click to show all stack frames", "Click to hide stack frames")'>Click to show all stack frames</a>
<div class='stack-trace' id='stack-trace460570271'><pre>java.lang.AssertionError: Member 100226125654 is not in this 834 expected [true] but found [false]
	at org.testng.Assert.fail(Assert.java:94)
	at org.testng.Assert.failNotEquals(Assert.java:496)
	at org.testng.Assert.assertTrue(Assert.java:42)
	at newMMIS_Subsystems.Managedcare_Common.get834_tptTesting_monthlyFull(Unknown Source)
	at newMMIS_Subsystems.tptTesting.download834_monthly(Unknown Source)
	at sun.reflect.GeneratedMethodAccessor1.invoke(Unknown Source)
	at sun.reflect.DelegatingMethodAccessorImpl.invoke(DelegatingMethodAccessorImpl.java:43)
	at java.lang.reflect.Method.invoke(Method.java:498)
	at org.testng.internal.MethodInvocationHelper.invokeMethod(MethodInvocationHelper.java:85)
	at org.testng.internal.Invoker.invokeMethod(Invoker.java:639)
	at org.testng.internal.Invoker.invokeTestMethod(Invoker.java:816)
	at org.testng.internal.Invoker.invokeTestMethods(Invoker.java:1124)
	at org.testng.internal.TestMethodWorker.invokeTestMethods(TestMethodWorker.java:125)
	at org.testng.internal.TestMethodWorker.run(TestMethodWorker.java:108)
	at org.testng.TestRunner.privateRun(TestRunner.java:774)
	at org.testng.TestRunner.run(TestRunner.java:624)
	at org.testng.SuiteRunner.runTest(SuiteRunner.java:359)
	at org.testng.SuiteRunner.runSequentially(SuiteRunner.java:354)
	at org.testng.SuiteRunner.privateRun(SuiteRunner.java:312)
	at org.testng.SuiteRunner.run(SuiteRunner.java:261)
	at org.testng.SuiteRunnerWorker.runSuite(SuiteRunnerWorker.java:52)
	at org.testng.SuiteRunnerWorker.run(SuiteRunnerWorker.java:86)
	at org.testng.TestNG.runSuitesSequentially(TestNG.java:1215)
	at org.testng.TestNG.runSuitesLocally(TestNG.java:1140)
	at org.testng.TestNG.run(TestNG.java:1048)
	at org.testng.TestNG.privateMain(TestNG.java:1355)
	at org.testng.TestNG.main(TestNG.java:1324)
</pre></div></td>
<td>0</td>
<td>newMMIS_Subsystems.tptTesting@36f6e879</td></tr>
<tr>
<td title='newMMIS_Subsystems.tptTesting.download834_monthly()'><b>download834_monthly</b><br>Test class: newMMIS_Subsystems.tptTesting<br>Parameters: 110117869B, 100226125696, 02/18/2020, 30<br/>
<a href="#Output-909132503" onClick='toggleBox("Output-909132503", this, "Show output", "Hide output");'>Show output</a>

<a href="#Output-909132503" onClick="toggleAllBoxes();">Show all outputs</a>
<div class='log' id="Output-909132503">
9.C:\Users\agandhi20\Desktop\Anshul\Workspace\Regression_TR\ScreenShots\_25_Feb_2020__07_24_19PM_172.31.86.14_TC download834.png<br/>
</div>
</td>
<td><div><pre>java.lang.AssertionError: Member 100226125696 is not in this 834 expected [true] but found [false]
	at newMMIS_Subsystems.Managedcare_Common.get834_tptTesting_monthlyFull(Unknown Source)
	at newMMIS_Subsystems.tptTesting.download834_monthly(Unknown Source)
... Removed 25 stack frames</pre></div><a href='#' onClick='toggleBox("stack-trace909132503", this, "Click to show all stack frames", "Click to hide stack frames")'>Click to show all stack frames</a>
<div class='stack-trace' id='stack-trace909132503'><pre>java.lang.AssertionError: Member 100226125696 is not in this 834 expected [true] but found [false]
	at org.testng.Assert.fail(Assert.java:94)
	at org.testng.Assert.failNotEquals(Assert.java:496)
	at org.testng.Assert.assertTrue(Assert.java:42)
	at newMMIS_Subsystems.Managedcare_Common.get834_tptTesting_monthlyFull(Unknown Source)
	at newMMIS_Subsystems.tptTesting.download834_monthly(Unknown Source)
	at sun.reflect.GeneratedMethodAccessor1.invoke(Unknown Source)
	at sun.reflect.DelegatingMethodAccessorImpl.invoke(DelegatingMethodAccessorImpl.java:43)
	at java.lang.reflect.Method.invoke(Method.java:498)
	at org.testng.internal.MethodInvocationHelper.invokeMethod(MethodInvocationHelper.java:85)
	at org.testng.internal.Invoker.invokeMethod(Invoker.java:639)
	at org.testng.internal.Invoker.invokeTestMethod(Invoker.java:816)
	at org.testng.internal.Invoker.invokeTestMethods(Invoker.java:1124)
	at org.testng.internal.TestMethodWorker.invokeTestMethods(TestMethodWorker.java:125)
	at org.testng.internal.TestMethodWorker.run(TestMethodWorker.java:108)
	at org.testng.TestRunner.privateRun(TestRunner.java:774)
	at org.testng.TestRunner.run(TestRunner.java:624)
	at org.testng.SuiteRunner.runTest(SuiteRunner.java:359)
	at org.testng.SuiteRunner.runSequentially(SuiteRunner.java:354)
	at org.testng.SuiteRunner.privateRun(SuiteRunner.java:312)
	at org.testng.SuiteRunner.run(SuiteRunner.java:261)
	at org.testng.SuiteRunnerWorker.runSuite(SuiteRunnerWorker.java:52)
	at org.testng.SuiteRunnerWorker.run(SuiteRunnerWorker.java:86)
	at org.testng.TestNG.runSuitesSequentially(TestNG.java:1215)
	at org.testng.TestNG.runSuitesLocally(TestNG.java:1140)
	at org.testng.TestNG.run(TestNG.java:1048)
	at org.testng.TestNG.privateMain(TestNG.java:1355)
	at org.testng.TestNG.main(TestNG.java:1324)
</pre></div></td>
<td>0</td>
<td>newMMIS_Subsystems.tptTesting@36f6e879</td></tr>
<tr>
<td title='newMMIS_Subsystems.tptTesting.download834_monthly()'><b>download834_monthly</b><br>Test class: newMMIS_Subsystems.tptTesting<br>Parameters: 110117869B, 100226125662, 02/18/2020, 31<br/>
<a href="#Output-1658980982" onClick='toggleBox("Output-1658980982", this, "Show output", "Hide output");'>Show output</a>

<a href="#Output-1658980982" onClick="toggleAllBoxes();">Show all outputs</a>
<div class='log' id="Output-1658980982">
10.C:\Users\agandhi20\Desktop\Anshul\Workspace\Regression_TR\ScreenShots\_25_Feb_2020__07_24_19PM_172.31.86.14_TC download834.png<br/>
</div>
</td>
<td><div><pre>java.lang.AssertionError: Member 100226125662 is not in this 834 expected [true] but found [false]
	at newMMIS_Subsystems.Managedcare_Common.get834_tptTesting_monthlyFull(Unknown Source)
	at newMMIS_Subsystems.tptTesting.download834_monthly(Unknown Source)
... Removed 25 stack frames</pre></div><a href='#' onClick='toggleBox("stack-trace1658980982", this, "Click to show all stack frames", "Click to hide stack frames")'>Click to show all stack frames</a>
<div class='stack-trace' id='stack-trace1658980982'><pre>java.lang.AssertionError: Member 100226125662 is not in this 834 expected [true] but found [false]
	at org.testng.Assert.fail(Assert.java:94)
	at org.testng.Assert.failNotEquals(Assert.java:496)
	at org.testng.Assert.assertTrue(Assert.java:42)
	at newMMIS_Subsystems.Managedcare_Common.get834_tptTesting_monthlyFull(Unknown Source)
	at newMMIS_Subsystems.tptTesting.download834_monthly(Unknown Source)
	at sun.reflect.GeneratedMethodAccessor1.invoke(Unknown Source)
	at sun.reflect.DelegatingMethodAccessorImpl.invoke(DelegatingMethodAccessorImpl.java:43)
	at java.lang.reflect.Method.invoke(Method.java:498)
	at org.testng.internal.MethodInvocationHelper.invokeMethod(MethodInvocationHelper.java:85)
	at org.testng.internal.Invoker.invokeMethod(Invoker.java:639)
	at org.testng.internal.Invoker.invokeTestMethod(Invoker.java:816)
	at org.testng.internal.Invoker.invokeTestMethods(Invoker.java:1124)
	at org.testng.internal.TestMethodWorker.invokeTestMethods(TestMethodWorker.java:125)
	at org.testng.internal.TestMethodWorker.run(TestMethodWorker.java:108)
	at org.testng.TestRunner.privateRun(TestRunner.java:774)
	at org.testng.TestRunner.run(TestRunner.java:624)
	at org.testng.SuiteRunner.runTest(SuiteRunner.java:359)
	at org.testng.SuiteRunner.runSequentially(SuiteRunner.java:354)
	at org.testng.SuiteRunner.privateRun(SuiteRunner.java:312)
	at org.testng.SuiteRunner.run(SuiteRunner.java:261)
	at org.testng.SuiteRunnerWorker.runSuite(SuiteRunnerWorker.java:52)
	at org.testng.SuiteRunnerWorker.run(SuiteRunnerWorker.java:86)
	at org.testng.TestNG.runSuitesSequentially(TestNG.java:1215)
	at org.testng.TestNG.runSuitesLocally(TestNG.java:1140)
	at org.testng.TestNG.run(TestNG.java:1048)
	at org.testng.TestNG.privateMain(TestNG.java:1355)
	at org.testng.TestNG.main(TestNG.java:1324)
</pre></div></td>
<td>0</td>
<td>newMMIS_Subsystems.tptTesting@36f6e879</td></tr>
<tr>
<td title='newMMIS_Subsystems.tptTesting.download834_monthly()'><b>download834_monthly</b><br>Test class: newMMIS_Subsystems.tptTesting<br>Parameters: 110117869B, 100226125704, 02/18/2020, 32<br/>
<a href="#Output-1714688478" onClick='toggleBox("Output-1714688478", this, "Show output", "Hide output");'>Show output</a>

<a href="#Output-1714688478" onClick="toggleAllBoxes();">Show all outputs</a>
<div class='log' id="Output-1714688478">
11.C:\Users\agandhi20\Desktop\Anshul\Workspace\Regression_TR\ScreenShots\_25_Feb_2020__07_24_19PM_172.31.86.14_TC download834.png<br/>
</div>
</td>
<td><div><pre>java.lang.AssertionError: Member 100226125704 is not in this 834 expected [true] but found [false]
	at newMMIS_Subsystems.Managedcare_Common.get834_tptTesting_monthlyFull(Unknown Source)
	at newMMIS_Subsystems.tptTesting.download834_monthly(Unknown Source)
... Removed 25 stack frames</pre></div><a href='#' onClick='toggleBox("stack-trace1714688478", this, "Click to show all stack frames", "Click to hide stack frames")'>Click to show all stack frames</a>
<div class='stack-trace' id='stack-trace1714688478'><pre>java.lang.AssertionError: Member 100226125704 is not in this 834 expected [true] but found [false]
	at org.testng.Assert.fail(Assert.java:94)
	at org.testng.Assert.failNotEquals(Assert.java:496)
	at org.testng.Assert.assertTrue(Assert.java:42)
	at newMMIS_Subsystems.Managedcare_Common.get834_tptTesting_monthlyFull(Unknown Source)
	at newMMIS_Subsystems.tptTesting.download834_monthly(Unknown Source)
	at sun.reflect.GeneratedMethodAccessor1.invoke(Unknown Source)
	at sun.reflect.DelegatingMethodAccessorImpl.invoke(DelegatingMethodAccessorImpl.java:43)
	at java.lang.reflect.Method.invoke(Method.java:498)
	at org.testng.internal.MethodInvocationHelper.invokeMethod(MethodInvocationHelper.java:85)
	at org.testng.internal.Invoker.invokeMethod(Invoker.java:639)
	at org.testng.internal.Invoker.invokeTestMethod(Invoker.java:816)
	at org.testng.internal.Invoker.invokeTestMethods(Invoker.java:1124)
	at org.testng.internal.TestMethodWorker.invokeTestMethods(TestMethodWorker.java:125)
	at org.testng.internal.TestMethodWorker.run(TestMethodWorker.java:108)
	at org.testng.TestRunner.privateRun(TestRunner.java:774)
	at org.testng.TestRunner.run(TestRunner.java:624)
	at org.testng.SuiteRunner.runTest(SuiteRunner.java:359)
	at org.testng.SuiteRunner.runSequentially(SuiteRunner.java:354)
	at org.testng.SuiteRunner.privateRun(SuiteRunner.java:312)
	at org.testng.SuiteRunner.run(SuiteRunner.java:261)
	at org.testng.SuiteRunnerWorker.runSuite(SuiteRunnerWorker.java:52)
	at org.testng.SuiteRunnerWorker.run(SuiteRunnerWorker.java:86)
	at org.testng.TestNG.runSuitesSequentially(TestNG.java:1215)
	at org.testng.TestNG.runSuitesLocally(TestNG.java:1140)
	at org.testng.TestNG.run(TestNG.java:1048)
	at org.testng.TestNG.privateMain(TestNG.java:1355)
	at org.testng.TestNG.main(TestNG.java:1324)
</pre></div></td>
<td>0</td>
<td>newMMIS_Subsystems.tptTesting@36f6e879</td></tr>
<tr>
<td title='newMMIS_Subsystems.tptTesting.download834_monthly()'><b>download834_monthly</b><br>Test class: newMMIS_Subsystems.tptTesting<br>Parameters: 110088791B, 100226125787, 02/18/2020, 41<br/>
<a href="#Output-516875052" onClick='toggleBox("Output-516875052", this, "Show output", "Hide output");'>Show output</a>

<a href="#Output-516875052" onClick="toggleAllBoxes();">Show all outputs</a>
<div class='log' id="Output-516875052">
12.C:\Users\agandhi20\Desktop\Anshul\Workspace\Regression_TR\ScreenShots\_25_Feb_2020__07_24_20PM_172.31.86.14_TC download834.png<br/>
</div>
</td>
<td><div><pre>java.lang.AssertionError: Member 100226125787 is not in this 834 expected [true] but found [false]
	at newMMIS_Subsystems.Managedcare_Common.get834_tptTesting_monthlyFull(Unknown Source)
	at newMMIS_Subsystems.tptTesting.download834_monthly(Unknown Source)
... Removed 25 stack frames</pre></div><a href='#' onClick='toggleBox("stack-trace516875052", this, "Click to show all stack frames", "Click to hide stack frames")'>Click to show all stack frames</a>
<div class='stack-trace' id='stack-trace516875052'><pre>java.lang.AssertionError: Member 100226125787 is not in this 834 expected [true] but found [false]
	at org.testng.Assert.fail(Assert.java:94)
	at org.testng.Assert.failNotEquals(Assert.java:496)
	at org.testng.Assert.assertTrue(Assert.java:42)
	at newMMIS_Subsystems.Managedcare_Common.get834_tptTesting_monthlyFull(Unknown Source)
	at newMMIS_Subsystems.tptTesting.download834_monthly(Unknown Source)
	at sun.reflect.GeneratedMethodAccessor1.invoke(Unknown Source)
	at sun.reflect.DelegatingMethodAccessorImpl.invoke(DelegatingMethodAccessorImpl.java:43)
	at java.lang.reflect.Method.invoke(Method.java:498)
	at org.testng.internal.MethodInvocationHelper.invokeMethod(MethodInvocationHelper.java:85)
	at org.testng.internal.Invoker.invokeMethod(Invoker.java:639)
	at org.testng.internal.Invoker.invokeTestMethod(Invoker.java:816)
	at org.testng.internal.Invoker.invokeTestMethods(Invoker.java:1124)
	at org.testng.internal.TestMethodWorker.invokeTestMethods(TestMethodWorker.java:125)
	at org.testng.internal.TestMethodWorker.run(TestMethodWorker.java:108)
	at org.testng.TestRunner.privateRun(TestRunner.java:774)
	at org.testng.TestRunner.run(TestRunner.java:624)
	at org.testng.SuiteRunner.runTest(SuiteRunner.java:359)
	at org.testng.SuiteRunner.runSequentially(SuiteRunner.java:354)
	at org.testng.SuiteRunner.privateRun(SuiteRunner.java:312)
	at org.testng.SuiteRunner.run(SuiteRunner.java:261)
	at org.testng.SuiteRunnerWorker.runSuite(SuiteRunnerWorker.java:52)
	at org.testng.SuiteRunnerWorker.run(SuiteRunnerWorker.java:86)
	at org.testng.TestNG.runSuitesSequentially(TestNG.java:1215)
	at org.testng.TestNG.runSuitesLocally(TestNG.java:1140)
	at org.testng.TestNG.run(TestNG.java:1048)
	at org.testng.TestNG.privateMain(TestNG.java:1355)
	at org.testng.TestNG.main(TestNG.java:1324)
</pre></div></td>
<td>0</td>
<td>newMMIS_Subsystems.tptTesting@36f6e879</td></tr>
<tr>
<td title='newMMIS_Subsystems.tptTesting.download834_monthly()'><b>download834_monthly</b><br>Test class: newMMIS_Subsystems.tptTesting<br>Parameters: 110088791B, 100226125861, 02/18/2020, 42<br/>
<a href="#Output-587180314" onClick='toggleBox("Output-587180314", this, "Show output", "Hide output");'>Show output</a>

<a href="#Output-587180314" onClick="toggleAllBoxes();">Show all outputs</a>
<div class='log' id="Output-587180314">
13.C:\Users\agandhi20\Desktop\Anshul\Workspace\Regression_TR\ScreenShots\_25_Feb_2020__07_24_20PM_172.31.86.14_TC download834.png<br/>
</div>
</td>
<td><div><pre>java.lang.AssertionError: Member 100226125861 is not in this 834 expected [true] but found [false]
	at newMMIS_Subsystems.Managedcare_Common.get834_tptTesting_monthlyFull(Unknown Source)
	at newMMIS_Subsystems.tptTesting.download834_monthly(Unknown Source)
... Removed 25 stack frames</pre></div><a href='#' onClick='toggleBox("stack-trace587180314", this, "Click to show all stack frames", "Click to hide stack frames")'>Click to show all stack frames</a>
<div class='stack-trace' id='stack-trace587180314'><pre>java.lang.AssertionError: Member 100226125861 is not in this 834 expected [true] but found [false]
	at org.testng.Assert.fail(Assert.java:94)
	at org.testng.Assert.failNotEquals(Assert.java:496)
	at org.testng.Assert.assertTrue(Assert.java:42)
	at newMMIS_Subsystems.Managedcare_Common.get834_tptTesting_monthlyFull(Unknown Source)
	at newMMIS_Subsystems.tptTesting.download834_monthly(Unknown Source)
	at sun.reflect.GeneratedMethodAccessor1.invoke(Unknown Source)
	at sun.reflect.DelegatingMethodAccessorImpl.invoke(DelegatingMethodAccessorImpl.java:43)
	at java.lang.reflect.Method.invoke(Method.java:498)
	at org.testng.internal.MethodInvocationHelper.invokeMethod(MethodInvocationHelper.java:85)
	at org.testng.internal.Invoker.invokeMethod(Invoker.java:639)
	at org.testng.internal.Invoker.invokeTestMethod(Invoker.java:816)
	at org.testng.internal.Invoker.invokeTestMethods(Invoker.java:1124)
	at org.testng.internal.TestMethodWorker.invokeTestMethods(TestMethodWorker.java:125)
	at org.testng.internal.TestMethodWorker.run(TestMethodWorker.java:108)
	at org.testng.TestRunner.privateRun(TestRunner.java:774)
	at org.testng.TestRunner.run(TestRunner.java:624)
	at org.testng.SuiteRunner.runTest(SuiteRunner.java:359)
	at org.testng.SuiteRunner.runSequentially(SuiteRunner.java:354)
	at org.testng.SuiteRunner.privateRun(SuiteRunner.java:312)
	at org.testng.SuiteRunner.run(SuiteRunner.java:261)
	at org.testng.SuiteRunnerWorker.runSuite(SuiteRunnerWorker.java:52)
	at org.testng.SuiteRunnerWorker.run(SuiteRunnerWorker.java:86)
	at org.testng.TestNG.runSuitesSequentially(TestNG.java:1215)
	at org.testng.TestNG.runSuitesLocally(TestNG.java:1140)
	at org.testng.TestNG.run(TestNG.java:1048)
	at org.testng.TestNG.privateMain(TestNG.java:1355)
	at org.testng.TestNG.main(TestNG.java:1324)
</pre></div></td>
<td>0</td>
<td>newMMIS_Subsystems.tptTesting@36f6e879</td></tr>
<tr>
<td title='newMMIS_Subsystems.tptTesting.download834_monthly()'><b>download834_monthly</b><br>Test class: newMMIS_Subsystems.tptTesting<br>Parameters: 110088791B, 100226125795, 02/18/2020, 43<br/>
<a href="#Output-527211736" onClick='toggleBox("Output-527211736", this, "Show output", "Hide output");'>Show output</a>

<a href="#Output-527211736" onClick="toggleAllBoxes();">Show all outputs</a>
<div class='log' id="Output-527211736">
14.C:\Users\agandhi20\Desktop\Anshul\Workspace\Regression_TR\ScreenShots\_25_Feb_2020__07_24_20PM_172.31.86.14_TC download834.png<br/>
</div>
</td>
<td><div><pre>java.lang.AssertionError: Member 100226125795 is not in this 834 expected [true] but found [false]
	at newMMIS_Subsystems.Managedcare_Common.get834_tptTesting_monthlyFull(Unknown Source)
	at newMMIS_Subsystems.tptTesting.download834_monthly(Unknown Source)
... Removed 25 stack frames</pre></div><a href='#' onClick='toggleBox("stack-trace527211736", this, "Click to show all stack frames", "Click to hide stack frames")'>Click to show all stack frames</a>
<div class='stack-trace' id='stack-trace527211736'><pre>java.lang.AssertionError: Member 100226125795 is not in this 834 expected [true] but found [false]
	at org.testng.Assert.fail(Assert.java:94)
	at org.testng.Assert.failNotEquals(Assert.java:496)
	at org.testng.Assert.assertTrue(Assert.java:42)
	at newMMIS_Subsystems.Managedcare_Common.get834_tptTesting_monthlyFull(Unknown Source)
	at newMMIS_Subsystems.tptTesting.download834_monthly(Unknown Source)
	at sun.reflect.GeneratedMethodAccessor1.invoke(Unknown Source)
	at sun.reflect.DelegatingMethodAccessorImpl.invoke(DelegatingMethodAccessorImpl.java:43)
	at java.lang.reflect.Method.invoke(Method.java:498)
	at org.testng.internal.MethodInvocationHelper.invokeMethod(MethodInvocationHelper.java:85)
	at org.testng.internal.Invoker.invokeMethod(Invoker.java:639)
	at org.testng.internal.Invoker.invokeTestMethod(Invoker.java:816)
	at org.testng.internal.Invoker.invokeTestMethods(Invoker.java:1124)
	at org.testng.internal.TestMethodWorker.invokeTestMethods(TestMethodWorker.java:125)
	at org.testng.internal.TestMethodWorker.run(TestMethodWorker.java:108)
	at org.testng.TestRunner.privateRun(TestRunner.java:774)
	at org.testng.TestRunner.run(TestRunner.java:624)
	at org.testng.SuiteRunner.runTest(SuiteRunner.java:359)
	at org.testng.SuiteRunner.runSequentially(SuiteRunner.java:354)
	at org.testng.SuiteRunner.privateRun(SuiteRunner.java:312)
	at org.testng.SuiteRunner.run(SuiteRunner.java:261)
	at org.testng.SuiteRunnerWorker.runSuite(SuiteRunnerWorker.java:52)
	at org.testng.SuiteRunnerWorker.run(SuiteRunnerWorker.java:86)
	at org.testng.TestNG.runSuitesSequentially(TestNG.java:1215)
	at org.testng.TestNG.runSuitesLocally(TestNG.java:1140)
	at org.testng.TestNG.run(TestNG.java:1048)
	at org.testng.TestNG.privateMain(TestNG.java:1355)
	at org.testng.TestNG.main(TestNG.java:1324)
</pre></div></td>
<td>0</td>
<td>newMMIS_Subsystems.tptTesting@36f6e879</td></tr>
<tr>
<td title='newMMIS_Subsystems.tptTesting.download834_monthly()'><b>download834_monthly</b><br>Test class: newMMIS_Subsystems.tptTesting<br>Parameters: 110088791B, 100226125878, 02/18/2020, 44<br/>
<a href="#Output-2134271532" onClick='toggleBox("Output-2134271532", this, "Show output", "Hide output");'>Show output</a>

<a href="#Output-2134271532" onClick="toggleAllBoxes();">Show all outputs</a>
<div class='log' id="Output-2134271532">
15.C:\Users\agandhi20\Desktop\Anshul\Workspace\Regression_TR\ScreenShots\_25_Feb_2020__07_24_21PM_172.31.86.14_TC download834.png<br/>
</div>
</td>
<td><div><pre>java.lang.AssertionError: Member 100226125878 is not in this 834 expected [true] but found [false]
	at newMMIS_Subsystems.Managedcare_Common.get834_tptTesting_monthlyFull(Unknown Source)
	at newMMIS_Subsystems.tptTesting.download834_monthly(Unknown Source)
... Removed 25 stack frames</pre></div><a href='#' onClick='toggleBox("stack-trace2134271532", this, "Click to show all stack frames", "Click to hide stack frames")'>Click to show all stack frames</a>
<div class='stack-trace' id='stack-trace2134271532'><pre>java.lang.AssertionError: Member 100226125878 is not in this 834 expected [true] but found [false]
	at org.testng.Assert.fail(Assert.java:94)
	at org.testng.Assert.failNotEquals(Assert.java:496)
	at org.testng.Assert.assertTrue(Assert.java:42)
	at newMMIS_Subsystems.Managedcare_Common.get834_tptTesting_monthlyFull(Unknown Source)
	at newMMIS_Subsystems.tptTesting.download834_monthly(Unknown Source)
	at sun.reflect.GeneratedMethodAccessor1.invoke(Unknown Source)
	at sun.reflect.DelegatingMethodAccessorImpl.invoke(DelegatingMethodAccessorImpl.java:43)
	at java.lang.reflect.Method.invoke(Method.java:498)
	at org.testng.internal.MethodInvocationHelper.invokeMethod(MethodInvocationHelper.java:85)
	at org.testng.internal.Invoker.invokeMethod(Invoker.java:639)
	at org.testng.internal.Invoker.invokeTestMethod(Invoker.java:816)
	at org.testng.internal.Invoker.invokeTestMethods(Invoker.java:1124)
	at org.testng.internal.TestMethodWorker.invokeTestMethods(TestMethodWorker.java:125)
	at org.testng.internal.TestMethodWorker.run(TestMethodWorker.java:108)
	at org.testng.TestRunner.privateRun(TestRunner.java:774)
	at org.testng.TestRunner.run(TestRunner.java:624)
	at org.testng.SuiteRunner.runTest(SuiteRunner.java:359)
	at org.testng.SuiteRunner.runSequentially(SuiteRunner.java:354)
	at org.testng.SuiteRunner.privateRun(SuiteRunner.java:312)
	at org.testng.SuiteRunner.run(SuiteRunner.java:261)
	at org.testng.SuiteRunnerWorker.runSuite(SuiteRunnerWorker.java:52)
	at org.testng.SuiteRunnerWorker.run(SuiteRunnerWorker.java:86)
	at org.testng.TestNG.runSuitesSequentially(TestNG.java:1215)
	at org.testng.TestNG.runSuitesLocally(TestNG.java:1140)
	at org.testng.TestNG.run(TestNG.java:1048)
	at org.testng.TestNG.privateMain(TestNG.java:1355)
	at org.testng.TestNG.main(TestNG.java:1324)
</pre></div></td>
<td>0</td>
<td>newMMIS_Subsystems.tptTesting@36f6e879</td></tr>
<tr>
<td title='newMMIS_Subsystems.tptTesting.download834_monthly()'><b>download834_monthly</b><br>Test class: newMMIS_Subsystems.tptTesting<br>Parameters: 110088791B, 100226125803, 02/18/2020, 45<br/>
<a href="#Output-404222443" onClick='toggleBox("Output-404222443", this, "Show output", "Hide output");'>Show output</a>

<a href="#Output-404222443" onClick="toggleAllBoxes();">Show all outputs</a>
<div class='log' id="Output-404222443">
16.C:\Users\agandhi20\Desktop\Anshul\Workspace\Regression_TR\ScreenShots\_25_Feb_2020__07_24_21PM_172.31.86.14_TC download834.png<br/>
</div>
</td>
<td><div><pre>java.lang.AssertionError: Member 100226125803 is not in this 834 expected [true] but found [false]
	at newMMIS_Subsystems.Managedcare_Common.get834_tptTesting_monthlyFull(Unknown Source)
	at newMMIS_Subsystems.tptTesting.download834_monthly(Unknown Source)
... Removed 25 stack frames</pre></div><a href='#' onClick='toggleBox("stack-trace404222443", this, "Click to show all stack frames", "Click to hide stack frames")'>Click to show all stack frames</a>
<div class='stack-trace' id='stack-trace404222443'><pre>java.lang.AssertionError: Member 100226125803 is not in this 834 expected [true] but found [false]
	at org.testng.Assert.fail(Assert.java:94)
	at org.testng.Assert.failNotEquals(Assert.java:496)
	at org.testng.Assert.assertTrue(Assert.java:42)
	at newMMIS_Subsystems.Managedcare_Common.get834_tptTesting_monthlyFull(Unknown Source)
	at newMMIS_Subsystems.tptTesting.download834_monthly(Unknown Source)
	at sun.reflect.GeneratedMethodAccessor1.invoke(Unknown Source)
	at sun.reflect.DelegatingMethodAccessorImpl.invoke(DelegatingMethodAccessorImpl.java:43)
	at java.lang.reflect.Method.invoke(Method.java:498)
	at org.testng.internal.MethodInvocationHelper.invokeMethod(MethodInvocationHelper.java:85)
	at org.testng.internal.Invoker.invokeMethod(Invoker.java:639)
	at org.testng.internal.Invoker.invokeTestMethod(Invoker.java:816)
	at org.testng.internal.Invoker.invokeTestMethods(Invoker.java:1124)
	at org.testng.internal.TestMethodWorker.invokeTestMethods(TestMethodWorker.java:125)
	at org.testng.internal.TestMethodWorker.run(TestMethodWorker.java:108)
	at org.testng.TestRunner.privateRun(TestRunner.java:774)
	at org.testng.TestRunner.run(TestRunner.java:624)
	at org.testng.SuiteRunner.runTest(SuiteRunner.java:359)
	at org.testng.SuiteRunner.runSequentially(SuiteRunner.java:354)
	at org.testng.SuiteRunner.privateRun(SuiteRunner.java:312)
	at org.testng.SuiteRunner.run(SuiteRunner.java:261)
	at org.testng.SuiteRunnerWorker.runSuite(SuiteRunnerWorker.java:52)
	at org.testng.SuiteRunnerWorker.run(SuiteRunnerWorker.java:86)
	at org.testng.TestNG.runSuitesSequentially(TestNG.java:1215)
	at org.testng.TestNG.runSuitesLocally(TestNG.java:1140)
	at org.testng.TestNG.run(TestNG.java:1048)
	at org.testng.TestNG.privateMain(TestNG.java:1355)
	at org.testng.TestNG.main(TestNG.java:1324)
</pre></div></td>
<td>0</td>
<td>newMMIS_Subsystems.tptTesting@36f6e879</td></tr>
<tr>
<td title='newMMIS_Subsystems.tptTesting.download834_monthly()'><b>download834_monthly</b><br>Test class: newMMIS_Subsystems.tptTesting<br>Parameters: 110088791B, 100226125886, 02/18/2020, 46<br/>
<a href="#Output-396485834" onClick='toggleBox("Output-396485834", this, "Show output", "Hide output");'>Show output</a>

<a href="#Output-396485834" onClick="toggleAllBoxes();">Show all outputs</a>
<div class='log' id="Output-396485834">
17.C:\Users\agandhi20\Desktop\Anshul\Workspace\Regression_TR\ScreenShots\_25_Feb_2020__07_24_21PM_172.31.86.14_TC download834.png<br/>
</div>
</td>
<td><div><pre>java.lang.AssertionError: Member 100226125886 is not in this 834 expected [true] but found [false]
	at newMMIS_Subsystems.Managedcare_Common.get834_tptTesting_monthlyFull(Unknown Source)
	at newMMIS_Subsystems.tptTesting.download834_monthly(Unknown Source)
... Removed 25 stack frames</pre></div><a href='#' onClick='toggleBox("stack-trace396485834", this, "Click to show all stack frames", "Click to hide stack frames")'>Click to show all stack frames</a>
<div class='stack-trace' id='stack-trace396485834'><pre>java.lang.AssertionError: Member 100226125886 is not in this 834 expected [true] but found [false]
	at org.testng.Assert.fail(Assert.java:94)
	at org.testng.Assert.failNotEquals(Assert.java:496)
	at org.testng.Assert.assertTrue(Assert.java:42)
	at newMMIS_Subsystems.Managedcare_Common.get834_tptTesting_monthlyFull(Unknown Source)
	at newMMIS_Subsystems.tptTesting.download834_monthly(Unknown Source)
	at sun.reflect.GeneratedMethodAccessor1.invoke(Unknown Source)
	at sun.reflect.DelegatingMethodAccessorImpl.invoke(DelegatingMethodAccessorImpl.java:43)
	at java.lang.reflect.Method.invoke(Method.java:498)
	at org.testng.internal.MethodInvocationHelper.invokeMethod(MethodInvocationHelper.java:85)
	at org.testng.internal.Invoker.invokeMethod(Invoker.java:639)
	at org.testng.internal.Invoker.invokeTestMethod(Invoker.java:816)
	at org.testng.internal.Invoker.invokeTestMethods(Invoker.java:1124)
	at org.testng.internal.TestMethodWorker.invokeTestMethods(TestMethodWorker.java:125)
	at org.testng.internal.TestMethodWorker.run(TestMethodWorker.java:108)
	at org.testng.TestRunner.privateRun(TestRunner.java:774)
	at org.testng.TestRunner.run(TestRunner.java:624)
	at org.testng.SuiteRunner.runTest(SuiteRunner.java:359)
	at org.testng.SuiteRunner.runSequentially(SuiteRunner.java:354)
	at org.testng.SuiteRunner.privateRun(SuiteRunner.java:312)
	at org.testng.SuiteRunner.run(SuiteRunner.java:261)
	at org.testng.SuiteRunnerWorker.runSuite(SuiteRunnerWorker.java:52)
	at org.testng.SuiteRunnerWorker.run(SuiteRunnerWorker.java:86)
	at org.testng.TestNG.runSuitesSequentially(TestNG.java:1215)
	at org.testng.TestNG.runSuitesLocally(TestNG.java:1140)
	at org.testng.TestNG.run(TestNG.java:1048)
	at org.testng.TestNG.privateMain(TestNG.java:1355)
	at org.testng.TestNG.main(TestNG.java:1324)
</pre></div></td>
<td>0</td>
<td>newMMIS_Subsystems.tptTesting@36f6e879</td></tr>
<tr>
<td title='newMMIS_Subsystems.tptTesting.download834_monthly()'><b>download834_monthly</b><br>Test class: newMMIS_Subsystems.tptTesting<br>Parameters: 110088791B, 100226125829, 02/18/2020, 47<br/>
<a href="#Output-1376151044" onClick='toggleBox("Output-1376151044", this, "Show output", "Hide output");'>Show output</a>

<a href="#Output-1376151044" onClick="toggleAllBoxes();">Show all outputs</a>
<div class='log' id="Output-1376151044">
18.C:\Users\agandhi20\Desktop\Anshul\Workspace\Regression_TR\ScreenShots\_25_Feb_2020__07_24_21PM_172.31.86.14_TC download834.png<br/>
</div>
</td>
<td><div><pre>java.lang.AssertionError: Member 100226125829 is not in this 834 expected [true] but found [false]
	at newMMIS_Subsystems.Managedcare_Common.get834_tptTesting_monthlyFull(Unknown Source)
	at newMMIS_Subsystems.tptTesting.download834_monthly(Unknown Source)
... Removed 25 stack frames</pre></div><a href='#' onClick='toggleBox("stack-trace1376151044", this, "Click to show all stack frames", "Click to hide stack frames")'>Click to show all stack frames</a>
<div class='stack-trace' id='stack-trace1376151044'><pre>java.lang.AssertionError: Member 100226125829 is not in this 834 expected [true] but found [false]
	at org.testng.Assert.fail(Assert.java:94)
	at org.testng.Assert.failNotEquals(Assert.java:496)
	at org.testng.Assert.assertTrue(Assert.java:42)
	at newMMIS_Subsystems.Managedcare_Common.get834_tptTesting_monthlyFull(Unknown Source)
	at newMMIS_Subsystems.tptTesting.download834_monthly(Unknown Source)
	at sun.reflect.GeneratedMethodAccessor1.invoke(Unknown Source)
	at sun.reflect.DelegatingMethodAccessorImpl.invoke(DelegatingMethodAccessorImpl.java:43)
	at java.lang.reflect.Method.invoke(Method.java:498)
	at org.testng.internal.MethodInvocationHelper.invokeMethod(MethodInvocationHelper.java:85)
	at org.testng.internal.Invoker.invokeMethod(Invoker.java:639)
	at org.testng.internal.Invoker.invokeTestMethod(Invoker.java:816)
	at org.testng.internal.Invoker.invokeTestMethods(Invoker.java:1124)
	at org.testng.internal.TestMethodWorker.invokeTestMethods(TestMethodWorker.java:125)
	at org.testng.internal.TestMethodWorker.run(TestMethodWorker.java:108)
	at org.testng.TestRunner.privateRun(TestRunner.java:774)
	at org.testng.TestRunner.run(TestRunner.java:624)
	at org.testng.SuiteRunner.runTest(SuiteRunner.java:359)
	at org.testng.SuiteRunner.runSequentially(SuiteRunner.java:354)
	at org.testng.SuiteRunner.privateRun(SuiteRunner.java:312)
	at org.testng.SuiteRunner.run(SuiteRunner.java:261)
	at org.testng.SuiteRunnerWorker.runSuite(SuiteRunnerWorker.java:52)
	at org.testng.SuiteRunnerWorker.run(SuiteRunnerWorker.java:86)
	at org.testng.TestNG.runSuitesSequentially(TestNG.java:1215)
	at org.testng.TestNG.runSuitesLocally(TestNG.java:1140)
	at org.testng.TestNG.run(TestNG.java:1048)
	at org.testng.TestNG.privateMain(TestNG.java:1355)
	at org.testng.TestNG.main(TestNG.java:1324)
</pre></div></td>
<td>0</td>
<td>newMMIS_Subsystems.tptTesting@36f6e879</td></tr>
<tr>
<td title='newMMIS_Subsystems.tptTesting.download834_monthly()'><b>download834_monthly</b><br>Test class: newMMIS_Subsystems.tptTesting<br>Parameters: 110088791B, 100226125902, 02/18/2020, 48<br/>
<a href="#Output-926859124" onClick='toggleBox("Output-926859124", this, "Show output", "Hide output");'>Show output</a>

<a href="#Output-926859124" onClick="toggleAllBoxes();">Show all outputs</a>
<div class='log' id="Output-926859124">
19.C:\Users\agandhi20\Desktop\Anshul\Workspace\Regression_TR\ScreenShots\_25_Feb_2020__07_24_22PM_172.31.86.14_TC download834.png<br/>
</div>
</td>
<td><div><pre>java.lang.AssertionError: Member 100226125902 is not in this 834 expected [true] but found [false]
	at newMMIS_Subsystems.Managedcare_Common.get834_tptTesting_monthlyFull(Unknown Source)
	at newMMIS_Subsystems.tptTesting.download834_monthly(Unknown Source)
... Removed 25 stack frames</pre></div><a href='#' onClick='toggleBox("stack-trace926859124", this, "Click to show all stack frames", "Click to hide stack frames")'>Click to show all stack frames</a>
<div class='stack-trace' id='stack-trace926859124'><pre>java.lang.AssertionError: Member 100226125902 is not in this 834 expected [true] but found [false]
	at org.testng.Assert.fail(Assert.java:94)
	at org.testng.Assert.failNotEquals(Assert.java:496)
	at org.testng.Assert.assertTrue(Assert.java:42)
	at newMMIS_Subsystems.Managedcare_Common.get834_tptTesting_monthlyFull(Unknown Source)
	at newMMIS_Subsystems.tptTesting.download834_monthly(Unknown Source)
	at sun.reflect.GeneratedMethodAccessor1.invoke(Unknown Source)
	at sun.reflect.DelegatingMethodAccessorImpl.invoke(DelegatingMethodAccessorImpl.java:43)
	at java.lang.reflect.Method.invoke(Method.java:498)
	at org.testng.internal.MethodInvocationHelper.invokeMethod(MethodInvocationHelper.java:85)
	at org.testng.internal.Invoker.invokeMethod(Invoker.java:639)
	at org.testng.internal.Invoker.invokeTestMethod(Invoker.java:816)
	at org.testng.internal.Invoker.invokeTestMethods(Invoker.java:1124)
	at org.testng.internal.TestMethodWorker.invokeTestMethods(TestMethodWorker.java:125)
	at org.testng.internal.TestMethodWorker.run(TestMethodWorker.java:108)
	at org.testng.TestRunner.privateRun(TestRunner.java:774)
	at org.testng.TestRunner.run(TestRunner.java:624)
	at org.testng.SuiteRunner.runTest(SuiteRunner.java:359)
	at org.testng.SuiteRunner.runSequentially(SuiteRunner.java:354)
	at org.testng.SuiteRunner.privateRun(SuiteRunner.java:312)
	at org.testng.SuiteRunner.run(SuiteRunner.java:261)
	at org.testng.SuiteRunnerWorker.runSuite(SuiteRunnerWorker.java:52)
	at org.testng.SuiteRunnerWorker.run(SuiteRunnerWorker.java:86)
	at org.testng.TestNG.runSuitesSequentially(TestNG.java:1215)
	at org.testng.TestNG.runSuitesLocally(TestNG.java:1140)
	at org.testng.TestNG.run(TestNG.java:1048)
	at org.testng.TestNG.privateMain(TestNG.java:1355)
	at org.testng.TestNG.main(TestNG.java:1324)
</pre></div></td>
<td>0</td>
<td>newMMIS_Subsystems.tptTesting@36f6e879</td></tr>
<tr>
<td title='newMMIS_Subsystems.tptTesting.download834_monthly()'><b>download834_monthly</b><br>Test class: newMMIS_Subsystems.tptTesting<br>Parameters: 110088791B, 100226125845, 02/18/2020, 49<br/>
<a href="#Output-1520267010" onClick='toggleBox("Output-1520267010", this, "Show output", "Hide output");'>Show output</a>

<a href="#Output-1520267010" onClick="toggleAllBoxes();">Show all outputs</a>
<div class='log' id="Output-1520267010">
20.C:\Users\agandhi20\Desktop\Anshul\Workspace\Regression_TR\ScreenShots\_25_Feb_2020__07_24_22PM_172.31.86.14_TC download834.png<br/>
</div>
</td>
<td><div><pre>java.lang.AssertionError: Member 100226125845 is not in this 834 expected [true] but found [false]
	at newMMIS_Subsystems.Managedcare_Common.get834_tptTesting_monthlyFull(Unknown Source)
	at newMMIS_Subsystems.tptTesting.download834_monthly(Unknown Source)
... Removed 25 stack frames</pre></div><a href='#' onClick='toggleBox("stack-trace1520267010", this, "Click to show all stack frames", "Click to hide stack frames")'>Click to show all stack frames</a>
<div class='stack-trace' id='stack-trace1520267010'><pre>java.lang.AssertionError: Member 100226125845 is not in this 834 expected [true] but found [false]
	at org.testng.Assert.fail(Assert.java:94)
	at org.testng.Assert.failNotEquals(Assert.java:496)
	at org.testng.Assert.assertTrue(Assert.java:42)
	at newMMIS_Subsystems.Managedcare_Common.get834_tptTesting_monthlyFull(Unknown Source)
	at newMMIS_Subsystems.tptTesting.download834_monthly(Unknown Source)
	at sun.reflect.GeneratedMethodAccessor1.invoke(Unknown Source)
	at sun.reflect.DelegatingMethodAccessorImpl.invoke(DelegatingMethodAccessorImpl.java:43)
	at java.lang.reflect.Method.invoke(Method.java:498)
	at org.testng.internal.MethodInvocationHelper.invokeMethod(MethodInvocationHelper.java:85)
	at org.testng.internal.Invoker.invokeMethod(Invoker.java:639)
	at org.testng.internal.Invoker.invokeTestMethod(Invoker.java:816)
	at org.testng.internal.Invoker.invokeTestMethods(Invoker.java:1124)
	at org.testng.internal.TestMethodWorker.invokeTestMethods(TestMethodWorker.java:125)
	at org.testng.internal.TestMethodWorker.run(TestMethodWorker.java:108)
	at org.testng.TestRunner.privateRun(TestRunner.java:774)
	at org.testng.TestRunner.run(TestRunner.java:624)
	at org.testng.SuiteRunner.runTest(SuiteRunner.java:359)
	at org.testng.SuiteRunner.runSequentially(SuiteRunner.java:354)
	at org.testng.SuiteRunner.privateRun(SuiteRunner.java:312)
	at org.testng.SuiteRunner.run(SuiteRunner.java:261)
	at org.testng.SuiteRunnerWorker.runSuite(SuiteRunnerWorker.java:52)
	at org.testng.SuiteRunnerWorker.run(SuiteRunnerWorker.java:86)
	at org.testng.TestNG.runSuitesSequentially(TestNG.java:1215)
	at org.testng.TestNG.runSuitesLocally(TestNG.java:1140)
	at org.testng.TestNG.run(TestNG.java:1048)
	at org.testng.TestNG.privateMain(TestNG.java:1355)
	at org.testng.TestNG.main(TestNG.java:1324)
</pre></div></td>
<td>0</td>
<td>newMMIS_Subsystems.tptTesting@36f6e879</td></tr>
<tr>
<td title='newMMIS_Subsystems.tptTesting.download834_monthly()'><b>download834_monthly</b><br>Test class: newMMIS_Subsystems.tptTesting<br>Parameters: 110088791B, 100226125911, 02/18/2020, 50<br/>
<a href="#Output-1839168128" onClick='toggleBox("Output-1839168128", this, "Show output", "Hide output");'>Show output</a>

<a href="#Output-1839168128" onClick="toggleAllBoxes();">Show all outputs</a>
<div class='log' id="Output-1839168128">
21.C:\Users\agandhi20\Desktop\Anshul\Workspace\Regression_TR\ScreenShots\_25_Feb_2020__07_24_22PM_172.31.86.14_TC download834.png<br/>
</div>
</td>
<td><div><pre>java.lang.AssertionError: Member 100226125911 is not in this 834 expected [true] but found [false]
	at newMMIS_Subsystems.Managedcare_Common.get834_tptTesting_monthlyFull(Unknown Source)
	at newMMIS_Subsystems.tptTesting.download834_monthly(Unknown Source)
... Removed 25 stack frames</pre></div><a href='#' onClick='toggleBox("stack-trace1839168128", this, "Click to show all stack frames", "Click to hide stack frames")'>Click to show all stack frames</a>
<div class='stack-trace' id='stack-trace1839168128'><pre>java.lang.AssertionError: Member 100226125911 is not in this 834 expected [true] but found [false]
	at org.testng.Assert.fail(Assert.java:94)
	at org.testng.Assert.failNotEquals(Assert.java:496)
	at org.testng.Assert.assertTrue(Assert.java:42)
	at newMMIS_Subsystems.Managedcare_Common.get834_tptTesting_monthlyFull(Unknown Source)
	at newMMIS_Subsystems.tptTesting.download834_monthly(Unknown Source)
	at sun.reflect.GeneratedMethodAccessor1.invoke(Unknown Source)
	at sun.reflect.DelegatingMethodAccessorImpl.invoke(DelegatingMethodAccessorImpl.java:43)
	at java.lang.reflect.Method.invoke(Method.java:498)
	at org.testng.internal.MethodInvocationHelper.invokeMethod(MethodInvocationHelper.java:85)
	at org.testng.internal.Invoker.invokeMethod(Invoker.java:639)
	at org.testng.internal.Invoker.invokeTestMethod(Invoker.java:816)
	at org.testng.internal.Invoker.invokeTestMethods(Invoker.java:1124)
	at org.testng.internal.TestMethodWorker.invokeTestMethods(TestMethodWorker.java:125)
	at org.testng.internal.TestMethodWorker.run(TestMethodWorker.java:108)
	at org.testng.TestRunner.privateRun(TestRunner.java:774)
	at org.testng.TestRunner.run(TestRunner.java:624)
	at org.testng.SuiteRunner.runTest(SuiteRunner.java:359)
	at org.testng.SuiteRunner.runSequentially(SuiteRunner.java:354)
	at org.testng.SuiteRunner.privateRun(SuiteRunner.java:312)
	at org.testng.SuiteRunner.run(SuiteRunner.java:261)
	at org.testng.SuiteRunnerWorker.runSuite(SuiteRunnerWorker.java:52)
	at org.testng.SuiteRunnerWorker.run(SuiteRunnerWorker.java:86)
	at org.testng.TestNG.runSuitesSequentially(TestNG.java:1215)
	at org.testng.TestNG.runSuitesLocally(TestNG.java:1140)
	at org.testng.TestNG.run(TestNG.java:1048)
	at org.testng.TestNG.privateMain(TestNG.java:1355)
	at org.testng.TestNG.main(TestNG.java:1324)
</pre></div></td>
<td>0</td>
<td>newMMIS_Subsystems.tptTesting@36f6e879</td></tr>
<tr>
<td title='newMMIS_Subsystems.tptTesting.download834_monthly()'><b>download834_monthly</b><br>Test class: newMMIS_Subsystems.tptTesting<br>Parameters: 110088791A, 100226125134, 02/18/2020, 59<br/>
<a href="#Output-902860396" onClick='toggleBox("Output-902860396", this, "Show output", "Hide output");'>Show output</a>

<a href="#Output-902860396" onClick="toggleAllBoxes();">Show all outputs</a>
<div class='log' id="Output-902860396">
22.C:\Users\agandhi20\Desktop\Anshul\Workspace\Regression_TR\ScreenShots\_25_Feb_2020__07_24_23PM_172.31.86.14_TC download834.png<br/>
</div>
</td>
<td><div><pre>java.lang.AssertionError: Member 100226125134 is not in this 834 expected [true] but found [false]
	at newMMIS_Subsystems.Managedcare_Common.get834_tptTesting_monthlyFull(Unknown Source)
	at newMMIS_Subsystems.tptTesting.download834_monthly(Unknown Source)
... Removed 25 stack frames</pre></div><a href='#' onClick='toggleBox("stack-trace902860396", this, "Click to show all stack frames", "Click to hide stack frames")'>Click to show all stack frames</a>
<div class='stack-trace' id='stack-trace902860396'><pre>java.lang.AssertionError: Member 100226125134 is not in this 834 expected [true] but found [false]
	at org.testng.Assert.fail(Assert.java:94)
	at org.testng.Assert.failNotEquals(Assert.java:496)
	at org.testng.Assert.assertTrue(Assert.java:42)
	at newMMIS_Subsystems.Managedcare_Common.get834_tptTesting_monthlyFull(Unknown Source)
	at newMMIS_Subsystems.tptTesting.download834_monthly(Unknown Source)
	at sun.reflect.GeneratedMethodAccessor1.invoke(Unknown Source)
	at sun.reflect.DelegatingMethodAccessorImpl.invoke(DelegatingMethodAccessorImpl.java:43)
	at java.lang.reflect.Method.invoke(Method.java:498)
	at org.testng.internal.MethodInvocationHelper.invokeMethod(MethodInvocationHelper.java:85)
	at org.testng.internal.Invoker.invokeMethod(Invoker.java:639)
	at org.testng.internal.Invoker.invokeTestMethod(Invoker.java:816)
	at org.testng.internal.Invoker.invokeTestMethods(Invoker.java:1124)
	at org.testng.internal.TestMethodWorker.invokeTestMethods(TestMethodWorker.java:125)
	at org.testng.internal.TestMethodWorker.run(TestMethodWorker.java:108)
	at org.testng.TestRunner.privateRun(TestRunner.java:774)
	at org.testng.TestRunner.run(TestRunner.java:624)
	at org.testng.SuiteRunner.runTest(SuiteRunner.java:359)
	at org.testng.SuiteRunner.runSequentially(SuiteRunner.java:354)
	at org.testng.SuiteRunner.privateRun(SuiteRunner.java:312)
	at org.testng.SuiteRunner.run(SuiteRunner.java:261)
	at org.testng.SuiteRunnerWorker.runSuite(SuiteRunnerWorker.java:52)
	at org.testng.SuiteRunnerWorker.run(SuiteRunnerWorker.java:86)
	at org.testng.TestNG.runSuitesSequentially(TestNG.java:1215)
	at org.testng.TestNG.runSuitesLocally(TestNG.java:1140)
	at org.testng.TestNG.run(TestNG.java:1048)
	at org.testng.TestNG.privateMain(TestNG.java:1355)
	at org.testng.TestNG.main(TestNG.java:1324)
</pre></div></td>
<td>0</td>
<td>newMMIS_Subsystems.tptTesting@36f6e879</td></tr>
<tr>
<td title='newMMIS_Subsystems.tptTesting.download834_monthly()'><b>download834_monthly</b><br>Test class: newMMIS_Subsystems.tptTesting<br>Parameters: 110088791A, 100226125183, 02/18/2020, 60<br/>
<a href="#Output-1521238608" onClick='toggleBox("Output-1521238608", this, "Show output", "Hide output");'>Show output</a>

<a href="#Output-1521238608" onClick="toggleAllBoxes();">Show all outputs</a>
<div class='log' id="Output-1521238608">
23.C:\Users\agandhi20\Desktop\Anshul\Workspace\Regression_TR\ScreenShots\_25_Feb_2020__07_24_23PM_172.31.86.14_TC download834.png<br/>
</div>
</td>
<td><div><pre>java.lang.AssertionError: Member 100226125183 is not in this 834 expected [true] but found [false]
	at newMMIS_Subsystems.Managedcare_Common.get834_tptTesting_monthlyFull(Unknown Source)
	at newMMIS_Subsystems.tptTesting.download834_monthly(Unknown Source)
... Removed 25 stack frames</pre></div><a href='#' onClick='toggleBox("stack-trace1521238608", this, "Click to show all stack frames", "Click to hide stack frames")'>Click to show all stack frames</a>
<div class='stack-trace' id='stack-trace1521238608'><pre>java.lang.AssertionError: Member 100226125183 is not in this 834 expected [true] but found [false]
	at org.testng.Assert.fail(Assert.java:94)
	at org.testng.Assert.failNotEquals(Assert.java:496)
	at org.testng.Assert.assertTrue(Assert.java:42)
	at newMMIS_Subsystems.Managedcare_Common.get834_tptTesting_monthlyFull(Unknown Source)
	at newMMIS_Subsystems.tptTesting.download834_monthly(Unknown Source)
	at sun.reflect.GeneratedMethodAccessor1.invoke(Unknown Source)
	at sun.reflect.DelegatingMethodAccessorImpl.invoke(DelegatingMethodAccessorImpl.java:43)
	at java.lang.reflect.Method.invoke(Method.java:498)
	at org.testng.internal.MethodInvocationHelper.invokeMethod(MethodInvocationHelper.java:85)
	at org.testng.internal.Invoker.invokeMethod(Invoker.java:639)
	at org.testng.internal.Invoker.invokeTestMethod(Invoker.java:816)
	at org.testng.internal.Invoker.invokeTestMethods(Invoker.java:1124)
	at org.testng.internal.TestMethodWorker.invokeTestMethods(TestMethodWorker.java:125)
	at org.testng.internal.TestMethodWorker.run(TestMethodWorker.java:108)
	at org.testng.TestRunner.privateRun(TestRunner.java:774)
	at org.testng.TestRunner.run(TestRunner.java:624)
	at org.testng.SuiteRunner.runTest(SuiteRunner.java:359)
	at org.testng.SuiteRunner.runSequentially(SuiteRunner.java:354)
	at org.testng.SuiteRunner.privateRun(SuiteRunner.java:312)
	at org.testng.SuiteRunner.run(SuiteRunner.java:261)
	at org.testng.SuiteRunnerWorker.runSuite(SuiteRunnerWorker.java:52)
	at org.testng.SuiteRunnerWorker.run(SuiteRunnerWorker.java:86)
	at org.testng.TestNG.runSuitesSequentially(TestNG.java:1215)
	at org.testng.TestNG.runSuitesLocally(TestNG.java:1140)
	at org.testng.TestNG.run(TestNG.java:1048)
	at org.testng.TestNG.privateMain(TestNG.java:1355)
	at org.testng.TestNG.main(TestNG.java:1324)
</pre></div></td>
<td>0</td>
<td>newMMIS_Subsystems.tptTesting@36f6e879</td></tr>
<tr>
<td title='newMMIS_Subsystems.tptTesting.download834_monthly()'><b>download834_monthly</b><br>Test class: newMMIS_Subsystems.tptTesting<br>Parameters: 110088791A, 100226125555, 02/18/2020, 63<br/>
<a href="#Output-263053820" onClick='toggleBox("Output-263053820", this, "Show output", "Hide output");'>Show output</a>

<a href="#Output-263053820" onClick="toggleAllBoxes();">Show all outputs</a>
<div class='log' id="Output-263053820">
24.C:\Users\agandhi20\Desktop\Anshul\Workspace\Regression_TR\ScreenShots\_25_Feb_2020__07_24_23PM_172.31.86.14_TC download834.png<br/>
</div>
</td>
<td><div><pre>java.lang.AssertionError: Member 100226125555 is not in this 834 expected [true] but found [false]
	at newMMIS_Subsystems.Managedcare_Common.get834_tptTesting_monthlyFull(Unknown Source)
	at newMMIS_Subsystems.tptTesting.download834_monthly(Unknown Source)
... Removed 25 stack frames</pre></div><a href='#' onClick='toggleBox("stack-trace263053820", this, "Click to show all stack frames", "Click to hide stack frames")'>Click to show all stack frames</a>
<div class='stack-trace' id='stack-trace263053820'><pre>java.lang.AssertionError: Member 100226125555 is not in this 834 expected [true] but found [false]
	at org.testng.Assert.fail(Assert.java:94)
	at org.testng.Assert.failNotEquals(Assert.java:496)
	at org.testng.Assert.assertTrue(Assert.java:42)
	at newMMIS_Subsystems.Managedcare_Common.get834_tptTesting_monthlyFull(Unknown Source)
	at newMMIS_Subsystems.tptTesting.download834_monthly(Unknown Source)
	at sun.reflect.GeneratedMethodAccessor1.invoke(Unknown Source)
	at sun.reflect.DelegatingMethodAccessorImpl.invoke(DelegatingMethodAccessorImpl.java:43)
	at java.lang.reflect.Method.invoke(Method.java:498)
	at org.testng.internal.MethodInvocationHelper.invokeMethod(MethodInvocationHelper.java:85)
	at org.testng.internal.Invoker.invokeMethod(Invoker.java:639)
	at org.testng.internal.Invoker.invokeTestMethod(Invoker.java:816)
	at org.testng.internal.Invoker.invokeTestMethods(Invoker.java:1124)
	at org.testng.internal.TestMethodWorker.invokeTestMethods(TestMethodWorker.java:125)
	at org.testng.internal.TestMethodWorker.run(TestMethodWorker.java:108)
	at org.testng.TestRunner.privateRun(TestRunner.java:774)
	at org.testng.TestRunner.run(TestRunner.java:624)
	at org.testng.SuiteRunner.runTest(SuiteRunner.java:359)
	at org.testng.SuiteRunner.runSequentially(SuiteRunner.java:354)
	at org.testng.SuiteRunner.privateRun(SuiteRunner.java:312)
	at org.testng.SuiteRunner.run(SuiteRunner.java:261)
	at org.testng.SuiteRunnerWorker.runSuite(SuiteRunnerWorker.java:52)
	at org.testng.SuiteRunnerWorker.run(SuiteRunnerWorker.java:86)
	at org.testng.TestNG.runSuitesSequentially(TestNG.java:1215)
	at org.testng.TestNG.runSuitesLocally(TestNG.java:1140)
	at org.testng.TestNG.run(TestNG.java:1048)
	at org.testng.TestNG.privateMain(TestNG.java:1355)
	at org.testng.TestNG.main(TestNG.java:1324)
</pre></div></td>
<td>0</td>
<td>newMMIS_Subsystems.tptTesting@36f6e879</td></tr>
<tr>
<td title='newMMIS_Subsystems.tptTesting.download834_monthly()'><b>download834_monthly</b><br>Test class: newMMIS_Subsystems.tptTesting<br>Parameters: 110088791A, 100226125571, 02/18/2020, 69<br/>
<a href="#Output-25764044" onClick='toggleBox("Output-25764044", this, "Show output", "Hide output");'>Show output</a>

<a href="#Output-25764044" onClick="toggleAllBoxes();">Show all outputs</a>
<div class='log' id="Output-25764044">
25.C:\Users\agandhi20\Desktop\Anshul\Workspace\Regression_TR\ScreenShots\_25_Feb_2020__07_24_24PM_172.31.86.14_TC download834.png<br/>
</div>
</td>
<td><div><pre>java.lang.AssertionError: Member 100226125571 is not in this 834 expected [true] but found [false]
	at newMMIS_Subsystems.Managedcare_Common.get834_tptTesting_monthlyFull(Unknown Source)
	at newMMIS_Subsystems.tptTesting.download834_monthly(Unknown Source)
... Removed 25 stack frames</pre></div><a href='#' onClick='toggleBox("stack-trace25764044", this, "Click to show all stack frames", "Click to hide stack frames")'>Click to show all stack frames</a>
<div class='stack-trace' id='stack-trace25764044'><pre>java.lang.AssertionError: Member 100226125571 is not in this 834 expected [true] but found [false]
	at org.testng.Assert.fail(Assert.java:94)
	at org.testng.Assert.failNotEquals(Assert.java:496)
	at org.testng.Assert.assertTrue(Assert.java:42)
	at newMMIS_Subsystems.Managedcare_Common.get834_tptTesting_monthlyFull(Unknown Source)
	at newMMIS_Subsystems.tptTesting.download834_monthly(Unknown Source)
	at sun.reflect.GeneratedMethodAccessor1.invoke(Unknown Source)
	at sun.reflect.DelegatingMethodAccessorImpl.invoke(DelegatingMethodAccessorImpl.java:43)
	at java.lang.reflect.Method.invoke(Method.java:498)
	at org.testng.internal.MethodInvocationHelper.invokeMethod(MethodInvocationHelper.java:85)
	at org.testng.internal.Invoker.invokeMethod(Invoker.java:639)
	at org.testng.internal.Invoker.invokeTestMethod(Invoker.java:816)
	at org.testng.internal.Invoker.invokeTestMethods(Invoker.java:1124)
	at org.testng.internal.TestMethodWorker.invokeTestMethods(TestMethodWorker.java:125)
	at org.testng.internal.TestMethodWorker.run(TestMethodWorker.java:108)
	at org.testng.TestRunner.privateRun(TestRunner.java:774)
	at org.testng.TestRunner.run(TestRunner.java:624)
	at org.testng.SuiteRunner.runTest(SuiteRunner.java:359)
	at org.testng.SuiteRunner.runSequentially(SuiteRunner.java:354)
	at org.testng.SuiteRunner.privateRun(SuiteRunner.java:312)
	at org.testng.SuiteRunner.run(SuiteRunner.java:261)
	at org.testng.SuiteRunnerWorker.runSuite(SuiteRunnerWorker.java:52)
	at org.testng.SuiteRunnerWorker.run(SuiteRunnerWorker.java:86)
	at org.testng.TestNG.runSuitesSequentially(TestNG.java:1215)
	at org.testng.TestNG.runSuitesLocally(TestNG.java:1140)
	at org.testng.TestNG.run(TestNG.java:1048)
	at org.testng.TestNG.privateMain(TestNG.java:1355)
	at org.testng.TestNG.main(TestNG.java:1324)
</pre></div></td>
<td>0</td>
<td>newMMIS_Subsystems.tptTesting@36f6e879</td></tr>
<tr>
<td title='newMMIS_Subsystems.tptTesting.download834_monthly()'><b>download834_monthly</b><br>Test class: newMMIS_Subsystems.tptTesting<br>Parameters: 110088791A, 100226125647, 02/18/2020, 70<br/>
<a href="#Output-743778731" onClick='toggleBox("Output-743778731", this, "Show output", "Hide output");'>Show output</a>

<a href="#Output-743778731" onClick="toggleAllBoxes();">Show all outputs</a>
<div class='log' id="Output-743778731">
26.C:\Users\agandhi20\Desktop\Anshul\Workspace\Regression_TR\ScreenShots\_25_Feb_2020__07_24_24PM_172.31.86.14_TC download834.png<br/>
</div>
</td>
<td><div><pre>java.lang.AssertionError: Member 100226125647 is not in this 834 expected [true] but found [false]
	at newMMIS_Subsystems.Managedcare_Common.get834_tptTesting_monthlyFull(Unknown Source)
	at newMMIS_Subsystems.tptTesting.download834_monthly(Unknown Source)
... Removed 25 stack frames</pre></div><a href='#' onClick='toggleBox("stack-trace743778731", this, "Click to show all stack frames", "Click to hide stack frames")'>Click to show all stack frames</a>
<div class='stack-trace' id='stack-trace743778731'><pre>java.lang.AssertionError: Member 100226125647 is not in this 834 expected [true] but found [false]
	at org.testng.Assert.fail(Assert.java:94)
	at org.testng.Assert.failNotEquals(Assert.java:496)
	at org.testng.Assert.assertTrue(Assert.java:42)
	at newMMIS_Subsystems.Managedcare_Common.get834_tptTesting_monthlyFull(Unknown Source)
	at newMMIS_Subsystems.tptTesting.download834_monthly(Unknown Source)
	at sun.reflect.GeneratedMethodAccessor1.invoke(Unknown Source)
	at sun.reflect.DelegatingMethodAccessorImpl.invoke(DelegatingMethodAccessorImpl.java:43)
	at java.lang.reflect.Method.invoke(Method.java:498)
	at org.testng.internal.MethodInvocationHelper.invokeMethod(MethodInvocationHelper.java:85)
	at org.testng.internal.Invoker.invokeMethod(Invoker.java:639)
	at org.testng.internal.Invoker.invokeTestMethod(Invoker.java:816)
	at org.testng.internal.Invoker.invokeTestMethods(Invoker.java:1124)
	at org.testng.internal.TestMethodWorker.invokeTestMethods(TestMethodWorker.java:125)
	at org.testng.internal.TestMethodWorker.run(TestMethodWorker.java:108)
	at org.testng.TestRunner.privateRun(TestRunner.java:774)
	at org.testng.TestRunner.run(TestRunner.java:624)
	at org.testng.SuiteRunner.runTest(SuiteRunner.java:359)
	at org.testng.SuiteRunner.runSequentially(SuiteRunner.java:354)
	at org.testng.SuiteRunner.privateRun(SuiteRunner.java:312)
	at org.testng.SuiteRunner.run(SuiteRunner.java:261)
	at org.testng.SuiteRunnerWorker.runSuite(SuiteRunnerWorker.java:52)
	at org.testng.SuiteRunnerWorker.run(SuiteRunnerWorker.java:86)
	at org.testng.TestNG.runSuitesSequentially(TestNG.java:1215)
	at org.testng.TestNG.runSuitesLocally(TestNG.java:1140)
	at org.testng.TestNG.run(TestNG.java:1048)
	at org.testng.TestNG.privateMain(TestNG.java:1355)
	at org.testng.TestNG.main(TestNG.java:1324)
</pre></div></td>
<td>0</td>
<td>newMMIS_Subsystems.tptTesting@36f6e879</td></tr>
<tr>
<td title='newMMIS_Subsystems.tptTesting.download834_monthly()'><b>download834_monthly</b><br>Test class: newMMIS_Subsystems.tptTesting<br>Parameters: 110031470B, 100226126058, 02/18/2020, 71<br/>
<a href="#Output-692998280" onClick='toggleBox("Output-692998280", this, "Show output", "Hide output");'>Show output</a>

<a href="#Output-692998280" onClick="toggleAllBoxes();">Show all outputs</a>
<div class='log' id="Output-692998280">
27.C:\Users\agandhi20\Desktop\Anshul\Workspace\Regression_TR\ScreenShots\_25_Feb_2020__07_24_24PM_172.31.86.14_TC download834.png<br/>
</div>
</td>
<td><div><pre>java.lang.AssertionError: Member 100226126058 is not in this 834 expected [true] but found [false]
	at newMMIS_Subsystems.Managedcare_Common.get834_tptTesting_monthlyFull(Unknown Source)
	at newMMIS_Subsystems.tptTesting.download834_monthly(Unknown Source)
... Removed 25 stack frames</pre></div><a href='#' onClick='toggleBox("stack-trace692998280", this, "Click to show all stack frames", "Click to hide stack frames")'>Click to show all stack frames</a>
<div class='stack-trace' id='stack-trace692998280'><pre>java.lang.AssertionError: Member 100226126058 is not in this 834 expected [true] but found [false]
	at org.testng.Assert.fail(Assert.java:94)
	at org.testng.Assert.failNotEquals(Assert.java:496)
	at org.testng.Assert.assertTrue(Assert.java:42)
	at newMMIS_Subsystems.Managedcare_Common.get834_tptTesting_monthlyFull(Unknown Source)
	at newMMIS_Subsystems.tptTesting.download834_monthly(Unknown Source)
	at sun.reflect.GeneratedMethodAccessor1.invoke(Unknown Source)
	at sun.reflect.DelegatingMethodAccessorImpl.invoke(DelegatingMethodAccessorImpl.java:43)
	at java.lang.reflect.Method.invoke(Method.java:498)
	at org.testng.internal.MethodInvocationHelper.invokeMethod(MethodInvocationHelper.java:85)
	at org.testng.internal.Invoker.invokeMethod(Invoker.java:639)
	at org.testng.internal.Invoker.invokeTestMethod(Invoker.java:816)
	at org.testng.internal.Invoker.invokeTestMethods(Invoker.java:1124)
	at org.testng.internal.TestMethodWorker.invokeTestMethods(TestMethodWorker.java:125)
	at org.testng.internal.TestMethodWorker.run(TestMethodWorker.java:108)
	at org.testng.TestRunner.privateRun(TestRunner.java:774)
	at org.testng.TestRunner.run(TestRunner.java:624)
	at org.testng.SuiteRunner.runTest(SuiteRunner.java:359)
	at org.testng.SuiteRunner.runSequentially(SuiteRunner.java:354)
	at org.testng.SuiteRunner.privateRun(SuiteRunner.java:312)
	at org.testng.SuiteRunner.run(SuiteRunner.java:261)
	at org.testng.SuiteRunnerWorker.runSuite(SuiteRunnerWorker.java:52)
	at org.testng.SuiteRunnerWorker.run(SuiteRunnerWorker.java:86)
	at org.testng.TestNG.runSuitesSequentially(TestNG.java:1215)
	at org.testng.TestNG.runSuitesLocally(TestNG.java:1140)
	at org.testng.TestNG.run(TestNG.java:1048)
	at org.testng.TestNG.privateMain(TestNG.java:1355)
	at org.testng.TestNG.main(TestNG.java:1324)
</pre></div></td>
<td>0</td>
<td>newMMIS_Subsystems.tptTesting@36f6e879</td></tr>
<tr>
<td title='newMMIS_Subsystems.tptTesting.download834_monthly()'><b>download834_monthly</b><br>Test class: newMMIS_Subsystems.tptTesting<br>Parameters: 110031470B, 100226126116, 02/18/2020, 72<br/>
<a href="#Output-1494346128" onClick='toggleBox("Output-1494346128", this, "Show output", "Hide output");'>Show output</a>

<a href="#Output-1494346128" onClick="toggleAllBoxes();">Show all outputs</a>
<div class='log' id="Output-1494346128">
28.C:\Users\agandhi20\Desktop\Anshul\Workspace\Regression_TR\ScreenShots\_25_Feb_2020__07_24_25PM_172.31.86.14_TC download834.png<br/>
</div>
</td>
<td><div><pre>java.lang.AssertionError: Member 100226126116 is not in this 834 expected [true] but found [false]
	at newMMIS_Subsystems.Managedcare_Common.get834_tptTesting_monthlyFull(Unknown Source)
	at newMMIS_Subsystems.tptTesting.download834_monthly(Unknown Source)
... Removed 25 stack frames</pre></div><a href='#' onClick='toggleBox("stack-trace1494346128", this, "Click to show all stack frames", "Click to hide stack frames")'>Click to show all stack frames</a>
<div class='stack-trace' id='stack-trace1494346128'><pre>java.lang.AssertionError: Member 100226126116 is not in this 834 expected [true] but found [false]
	at org.testng.Assert.fail(Assert.java:94)
	at org.testng.Assert.failNotEquals(Assert.java:496)
	at org.testng.Assert.assertTrue(Assert.java:42)
	at newMMIS_Subsystems.Managedcare_Common.get834_tptTesting_monthlyFull(Unknown Source)
	at newMMIS_Subsystems.tptTesting.download834_monthly(Unknown Source)
	at sun.reflect.GeneratedMethodAccessor1.invoke(Unknown Source)
	at sun.reflect.DelegatingMethodAccessorImpl.invoke(DelegatingMethodAccessorImpl.java:43)
	at java.lang.reflect.Method.invoke(Method.java:498)
	at org.testng.internal.MethodInvocationHelper.invokeMethod(MethodInvocationHelper.java:85)
	at org.testng.internal.Invoker.invokeMethod(Invoker.java:639)
	at org.testng.internal.Invoker.invokeTestMethod(Invoker.java:816)
	at org.testng.internal.Invoker.invokeTestMethods(Invoker.java:1124)
	at org.testng.internal.TestMethodWorker.invokeTestMethods(TestMethodWorker.java:125)
	at org.testng.internal.TestMethodWorker.run(TestMethodWorker.java:108)
	at org.testng.TestRunner.privateRun(TestRunner.java:774)
	at org.testng.TestRunner.run(TestRunner.java:624)
	at org.testng.SuiteRunner.runTest(SuiteRunner.java:359)
	at org.testng.SuiteRunner.runSequentially(SuiteRunner.java:354)
	at org.testng.SuiteRunner.privateRun(SuiteRunner.java:312)
	at org.testng.SuiteRunner.run(SuiteRunner.java:261)
	at org.testng.SuiteRunnerWorker.runSuite(SuiteRunnerWorker.java:52)
	at org.testng.SuiteRunnerWorker.run(SuiteRunnerWorker.java:86)
	at org.testng.TestNG.runSuitesSequentially(TestNG.java:1215)
	at org.testng.TestNG.runSuitesLocally(TestNG.java:1140)
	at org.testng.TestNG.run(TestNG.java:1048)
	at org.testng.TestNG.privateMain(TestNG.java:1355)
	at org.testng.TestNG.main(TestNG.java:1324)
</pre></div></td>
<td>0</td>
<td>newMMIS_Subsystems.tptTesting@36f6e879</td></tr>
<tr>
<td title='newMMIS_Subsystems.tptTesting.download834_monthly()'><b>download834_monthly</b><br>Test class: newMMIS_Subsystems.tptTesting<br>Parameters: 110031470B, 100226126066, 02/18/2020, 73<br/>
<a href="#Output-1422273905" onClick='toggleBox("Output-1422273905", this, "Show output", "Hide output");'>Show output</a>

<a href="#Output-1422273905" onClick="toggleAllBoxes();">Show all outputs</a>
<div class='log' id="Output-1422273905">
29.C:\Users\agandhi20\Desktop\Anshul\Workspace\Regression_TR\ScreenShots\_25_Feb_2020__07_24_25PM_172.31.86.14_TC download834.png<br/>
</div>
</td>
<td><div><pre>java.lang.AssertionError: Member 100226126066 is not in this 834 expected [true] but found [false]
	at newMMIS_Subsystems.Managedcare_Common.get834_tptTesting_monthlyFull(Unknown Source)
	at newMMIS_Subsystems.tptTesting.download834_monthly(Unknown Source)
... Removed 25 stack frames</pre></div><a href='#' onClick='toggleBox("stack-trace1422273905", this, "Click to show all stack frames", "Click to hide stack frames")'>Click to show all stack frames</a>
<div class='stack-trace' id='stack-trace1422273905'><pre>java.lang.AssertionError: Member 100226126066 is not in this 834 expected [true] but found [false]
	at org.testng.Assert.fail(Assert.java:94)
	at org.testng.Assert.failNotEquals(Assert.java:496)
	at org.testng.Assert.assertTrue(Assert.java:42)
	at newMMIS_Subsystems.Managedcare_Common.get834_tptTesting_monthlyFull(Unknown Source)
	at newMMIS_Subsystems.tptTesting.download834_monthly(Unknown Source)
	at sun.reflect.GeneratedMethodAccessor1.invoke(Unknown Source)
	at sun.reflect.DelegatingMethodAccessorImpl.invoke(DelegatingMethodAccessorImpl.java:43)
	at java.lang.reflect.Method.invoke(Method.java:498)
	at org.testng.internal.MethodInvocationHelper.invokeMethod(MethodInvocationHelper.java:85)
	at org.testng.internal.Invoker.invokeMethod(Invoker.java:639)
	at org.testng.internal.Invoker.invokeTestMethod(Invoker.java:816)
	at org.testng.internal.Invoker.invokeTestMethods(Invoker.java:1124)
	at org.testng.internal.TestMethodWorker.invokeTestMethods(TestMethodWorker.java:125)
	at org.testng.internal.TestMethodWorker.run(TestMethodWorker.java:108)
	at org.testng.TestRunner.privateRun(TestRunner.java:774)
	at org.testng.TestRunner.run(TestRunner.java:624)
	at org.testng.SuiteRunner.runTest(SuiteRunner.java:359)
	at org.testng.SuiteRunner.runSequentially(SuiteRunner.java:354)
	at org.testng.SuiteRunner.privateRun(SuiteRunner.java:312)
	at org.testng.SuiteRunner.run(SuiteRunner.java:261)
	at org.testng.SuiteRunnerWorker.runSuite(SuiteRunnerWorker.java:52)
	at org.testng.SuiteRunnerWorker.run(SuiteRunnerWorker.java:86)
	at org.testng.TestNG.runSuitesSequentially(TestNG.java:1215)
	at org.testng.TestNG.runSuitesLocally(TestNG.java:1140)
	at org.testng.TestNG.run(TestNG.java:1048)
	at org.testng.TestNG.privateMain(TestNG.java:1355)
	at org.testng.TestNG.main(TestNG.java:1324)
</pre></div></td>
<td>0</td>
<td>newMMIS_Subsystems.tptTesting@36f6e879</td></tr>
<tr>
<td title='newMMIS_Subsystems.tptTesting.download834_monthly()'><b>download834_monthly</b><br>Test class: newMMIS_Subsystems.tptTesting<br>Parameters: 110031470B, 100226126124, 02/18/2020, 74<br/>
<a href="#Output-1221981006" onClick='toggleBox("Output-1221981006", this, "Show output", "Hide output");'>Show output</a>

<a href="#Output-1221981006" onClick="toggleAllBoxes();">Show all outputs</a>
<div class='log' id="Output-1221981006">
30.C:\Users\agandhi20\Desktop\Anshul\Workspace\Regression_TR\ScreenShots\_25_Feb_2020__07_24_25PM_172.31.86.14_TC download834.png<br/>
</div>
</td>
<td><div><pre>java.lang.AssertionError: Member 100226126124 is not in this 834 expected [true] but found [false]
	at newMMIS_Subsystems.Managedcare_Common.get834_tptTesting_monthlyFull(Unknown Source)
	at newMMIS_Subsystems.tptTesting.download834_monthly(Unknown Source)
... Removed 25 stack frames</pre></div><a href='#' onClick='toggleBox("stack-trace1221981006", this, "Click to show all stack frames", "Click to hide stack frames")'>Click to show all stack frames</a>
<div class='stack-trace' id='stack-trace1221981006'><pre>java.lang.AssertionError: Member 100226126124 is not in this 834 expected [true] but found [false]
	at org.testng.Assert.fail(Assert.java:94)
	at org.testng.Assert.failNotEquals(Assert.java:496)
	at org.testng.Assert.assertTrue(Assert.java:42)
	at newMMIS_Subsystems.Managedcare_Common.get834_tptTesting_monthlyFull(Unknown Source)
	at newMMIS_Subsystems.tptTesting.download834_monthly(Unknown Source)
	at sun.reflect.GeneratedMethodAccessor1.invoke(Unknown Source)
	at sun.reflect.DelegatingMethodAccessorImpl.invoke(DelegatingMethodAccessorImpl.java:43)
	at java.lang.reflect.Method.invoke(Method.java:498)
	at org.testng.internal.MethodInvocationHelper.invokeMethod(MethodInvocationHelper.java:85)
	at org.testng.internal.Invoker.invokeMethod(Invoker.java:639)
	at org.testng.internal.Invoker.invokeTestMethod(Invoker.java:816)
	at org.testng.internal.Invoker.invokeTestMethods(Invoker.java:1124)
	at org.testng.internal.TestMethodWorker.invokeTestMethods(TestMethodWorker.java:125)
	at org.testng.internal.TestMethodWorker.run(TestMethodWorker.java:108)
	at org.testng.TestRunner.privateRun(TestRunner.java:774)
	at org.testng.TestRunner.run(TestRunner.java:624)
	at org.testng.SuiteRunner.runTest(SuiteRunner.java:359)
	at org.testng.SuiteRunner.runSequentially(SuiteRunner.java:354)
	at org.testng.SuiteRunner.privateRun(SuiteRunner.java:312)
	at org.testng.SuiteRunner.run(SuiteRunner.java:261)
	at org.testng.SuiteRunnerWorker.runSuite(SuiteRunnerWorker.java:52)
	at org.testng.SuiteRunnerWorker.run(SuiteRunnerWorker.java:86)
	at org.testng.TestNG.runSuitesSequentially(TestNG.java:1215)
	at org.testng.TestNG.runSuitesLocally(TestNG.java:1140)
	at org.testng.TestNG.run(TestNG.java:1048)
	at org.testng.TestNG.privateMain(TestNG.java:1355)
	at org.testng.TestNG.main(TestNG.java:1324)
</pre></div></td>
<td>0</td>
<td>newMMIS_Subsystems.tptTesting@36f6e879</td></tr>
<tr>
<td title='newMMIS_Subsystems.tptTesting.download834_monthly()'><b>download834_monthly</b><br>Test class: newMMIS_Subsystems.tptTesting<br>Parameters: 110031470B, 100226126074, 02/18/2020, 75<br/>
<a href="#Output-1257299717" onClick='toggleBox("Output-1257299717", this, "Show output", "Hide output");'>Show output</a>

<a href="#Output-1257299717" onClick="toggleAllBoxes();">Show all outputs</a>
<div class='log' id="Output-1257299717">
31.C:\Users\agandhi20\Desktop\Anshul\Workspace\Regression_TR\ScreenShots\_25_Feb_2020__07_24_25PM_172.31.86.14_TC download834.png<br/>
</div>
</td>
<td><div><pre>java.lang.AssertionError: Member 100226126074 is not in this 834 expected [true] but found [false]
	at newMMIS_Subsystems.Managedcare_Common.get834_tptTesting_monthlyFull(Unknown Source)
	at newMMIS_Subsystems.tptTesting.download834_monthly(Unknown Source)
... Removed 25 stack frames</pre></div><a href='#' onClick='toggleBox("stack-trace1257299717", this, "Click to show all stack frames", "Click to hide stack frames")'>Click to show all stack frames</a>
<div class='stack-trace' id='stack-trace1257299717'><pre>java.lang.AssertionError: Member 100226126074 is not in this 834 expected [true] but found [false]
	at org.testng.Assert.fail(Assert.java:94)
	at org.testng.Assert.failNotEquals(Assert.java:496)
	at org.testng.Assert.assertTrue(Assert.java:42)
	at newMMIS_Subsystems.Managedcare_Common.get834_tptTesting_monthlyFull(Unknown Source)
	at newMMIS_Subsystems.tptTesting.download834_monthly(Unknown Source)
	at sun.reflect.GeneratedMethodAccessor1.invoke(Unknown Source)
	at sun.reflect.DelegatingMethodAccessorImpl.invoke(DelegatingMethodAccessorImpl.java:43)
	at java.lang.reflect.Method.invoke(Method.java:498)
	at org.testng.internal.MethodInvocationHelper.invokeMethod(MethodInvocationHelper.java:85)
	at org.testng.internal.Invoker.invokeMethod(Invoker.java:639)
	at org.testng.internal.Invoker.invokeTestMethod(Invoker.java:816)
	at org.testng.internal.Invoker.invokeTestMethods(Invoker.java:1124)
	at org.testng.internal.TestMethodWorker.invokeTestMethods(TestMethodWorker.java:125)
	at org.testng.internal.TestMethodWorker.run(TestMethodWorker.java:108)
	at org.testng.TestRunner.privateRun(TestRunner.java:774)
	at org.testng.TestRunner.run(TestRunner.java:624)
	at org.testng.SuiteRunner.runTest(SuiteRunner.java:359)
	at org.testng.SuiteRunner.runSequentially(SuiteRunner.java:354)
	at org.testng.SuiteRunner.privateRun(SuiteRunner.java:312)
	at org.testng.SuiteRunner.run(SuiteRunner.java:261)
	at org.testng.SuiteRunnerWorker.runSuite(SuiteRunnerWorker.java:52)
	at org.testng.SuiteRunnerWorker.run(SuiteRunnerWorker.java:86)
	at org.testng.TestNG.runSuitesSequentially(TestNG.java:1215)
	at org.testng.TestNG.runSuitesLocally(TestNG.java:1140)
	at org.testng.TestNG.run(TestNG.java:1048)
	at org.testng.TestNG.privateMain(TestNG.java:1355)
	at org.testng.TestNG.main(TestNG.java:1324)
</pre></div></td>
<td>0</td>
<td>newMMIS_Subsystems.tptTesting@36f6e879</td></tr>
<tr>
<td title='newMMIS_Subsystems.tptTesting.download834_monthly()'><b>download834_monthly</b><br>Test class: newMMIS_Subsystems.tptTesting<br>Parameters: 110031470B, 100226126132, 02/18/2020, 76<br/>
<a href="#Output-722417467" onClick='toggleBox("Output-722417467", this, "Show output", "Hide output");'>Show output</a>

<a href="#Output-722417467" onClick="toggleAllBoxes();">Show all outputs</a>
<div class='log' id="Output-722417467">
32.C:\Users\agandhi20\Desktop\Anshul\Workspace\Regression_TR\ScreenShots\_25_Feb_2020__07_24_26PM_172.31.86.14_TC download834.png<br/>
</div>
</td>
<td><div><pre>java.lang.AssertionError: Member 100226126132 is not in this 834 expected [true] but found [false]
	at newMMIS_Subsystems.Managedcare_Common.get834_tptTesting_monthlyFull(Unknown Source)
	at newMMIS_Subsystems.tptTesting.download834_monthly(Unknown Source)
... Removed 25 stack frames</pre></div><a href='#' onClick='toggleBox("stack-trace722417467", this, "Click to show all stack frames", "Click to hide stack frames")'>Click to show all stack frames</a>
<div class='stack-trace' id='stack-trace722417467'><pre>java.lang.AssertionError: Member 100226126132 is not in this 834 expected [true] but found [false]
	at org.testng.Assert.fail(Assert.java:94)
	at org.testng.Assert.failNotEquals(Assert.java:496)
	at org.testng.Assert.assertTrue(Assert.java:42)
	at newMMIS_Subsystems.Managedcare_Common.get834_tptTesting_monthlyFull(Unknown Source)
	at newMMIS_Subsystems.tptTesting.download834_monthly(Unknown Source)
	at sun.reflect.GeneratedMethodAccessor1.invoke(Unknown Source)
	at sun.reflect.DelegatingMethodAccessorImpl.invoke(DelegatingMethodAccessorImpl.java:43)
	at java.lang.reflect.Method.invoke(Method.java:498)
	at org.testng.internal.MethodInvocationHelper.invokeMethod(MethodInvocationHelper.java:85)
	at org.testng.internal.Invoker.invokeMethod(Invoker.java:639)
	at org.testng.internal.Invoker.invokeTestMethod(Invoker.java:816)
	at org.testng.internal.Invoker.invokeTestMethods(Invoker.java:1124)
	at org.testng.internal.TestMethodWorker.invokeTestMethods(TestMethodWorker.java:125)
	at org.testng.internal.TestMethodWorker.run(TestMethodWorker.java:108)
	at org.testng.TestRunner.privateRun(TestRunner.java:774)
	at org.testng.TestRunner.run(TestRunner.java:624)
	at org.testng.SuiteRunner.runTest(SuiteRunner.java:359)
	at org.testng.SuiteRunner.runSequentially(SuiteRunner.java:354)
	at org.testng.SuiteRunner.privateRun(SuiteRunner.java:312)
	at org.testng.SuiteRunner.run(SuiteRunner.java:261)
	at org.testng.SuiteRunnerWorker.runSuite(SuiteRunnerWorker.java:52)
	at org.testng.SuiteRunnerWorker.run(SuiteRunnerWorker.java:86)
	at org.testng.TestNG.runSuitesSequentially(TestNG.java:1215)
	at org.testng.TestNG.runSuitesLocally(TestNG.java:1140)
	at org.testng.TestNG.run(TestNG.java:1048)
	at org.testng.TestNG.privateMain(TestNG.java:1355)
	at org.testng.TestNG.main(TestNG.java:1324)
</pre></div></td>
<td>0</td>
<td>newMMIS_Subsystems.tptTesting@36f6e879</td></tr>
<tr>
<td title='newMMIS_Subsystems.tptTesting.download834_monthly()'><b>download834_monthly</b><br>Test class: newMMIS_Subsystems.tptTesting<br>Parameters: 110031470B, 100226126082, 02/18/2020, 77<br/>
<a href="#Output-544386226" onClick='toggleBox("Output-544386226", this, "Show output", "Hide output");'>Show output</a>

<a href="#Output-544386226" onClick="toggleAllBoxes();">Show all outputs</a>
<div class='log' id="Output-544386226">
33.C:\Users\agandhi20\Desktop\Anshul\Workspace\Regression_TR\ScreenShots\_25_Feb_2020__07_24_26PM_172.31.86.14_TC download834.png<br/>
</div>
</td>
<td><div><pre>java.lang.AssertionError: Member 100226126082 is not in this 834 expected [true] but found [false]
	at newMMIS_Subsystems.Managedcare_Common.get834_tptTesting_monthlyFull(Unknown Source)
	at newMMIS_Subsystems.tptTesting.download834_monthly(Unknown Source)
... Removed 25 stack frames</pre></div><a href='#' onClick='toggleBox("stack-trace544386226", this, "Click to show all stack frames", "Click to hide stack frames")'>Click to show all stack frames</a>
<div class='stack-trace' id='stack-trace544386226'><pre>java.lang.AssertionError: Member 100226126082 is not in this 834 expected [true] but found [false]
	at org.testng.Assert.fail(Assert.java:94)
	at org.testng.Assert.failNotEquals(Assert.java:496)
	at org.testng.Assert.assertTrue(Assert.java:42)
	at newMMIS_Subsystems.Managedcare_Common.get834_tptTesting_monthlyFull(Unknown Source)
	at newMMIS_Subsystems.tptTesting.download834_monthly(Unknown Source)
	at sun.reflect.GeneratedMethodAccessor1.invoke(Unknown Source)
	at sun.reflect.DelegatingMethodAccessorImpl.invoke(DelegatingMethodAccessorImpl.java:43)
	at java.lang.reflect.Method.invoke(Method.java:498)
	at org.testng.internal.MethodInvocationHelper.invokeMethod(MethodInvocationHelper.java:85)
	at org.testng.internal.Invoker.invokeMethod(Invoker.java:639)
	at org.testng.internal.Invoker.invokeTestMethod(Invoker.java:816)
	at org.testng.internal.Invoker.invokeTestMethods(Invoker.java:1124)
	at org.testng.internal.TestMethodWorker.invokeTestMethods(TestMethodWorker.java:125)
	at org.testng.internal.TestMethodWorker.run(TestMethodWorker.java:108)
	at org.testng.TestRunner.privateRun(TestRunner.java:774)
	at org.testng.TestRunner.run(TestRunner.java:624)
	at org.testng.SuiteRunner.runTest(SuiteRunner.java:359)
	at org.testng.SuiteRunner.runSequentially(SuiteRunner.java:354)
	at org.testng.SuiteRunner.privateRun(SuiteRunner.java:312)
	at org.testng.SuiteRunner.run(SuiteRunner.java:261)
	at org.testng.SuiteRunnerWorker.runSuite(SuiteRunnerWorker.java:52)
	at org.testng.SuiteRunnerWorker.run(SuiteRunnerWorker.java:86)
	at org.testng.TestNG.runSuitesSequentially(TestNG.java:1215)
	at org.testng.TestNG.runSuitesLocally(TestNG.java:1140)
	at org.testng.TestNG.run(TestNG.java:1048)
	at org.testng.TestNG.privateMain(TestNG.java:1355)
	at org.testng.TestNG.main(TestNG.java:1324)
</pre></div></td>
<td>0</td>
<td>newMMIS_Subsystems.tptTesting@36f6e879</td></tr>
<tr>
<td title='newMMIS_Subsystems.tptTesting.download834_monthly()'><b>download834_monthly</b><br>Test class: newMMIS_Subsystems.tptTesting<br>Parameters: 110031470B, 100226126157, 02/18/2020, 78<br/>
<a href="#Output-1166106620" onClick='toggleBox("Output-1166106620", this, "Show output", "Hide output");'>Show output</a>

<a href="#Output-1166106620" onClick="toggleAllBoxes();">Show all outputs</a>
<div class='log' id="Output-1166106620">
34.C:\Users\agandhi20\Desktop\Anshul\Workspace\Regression_TR\ScreenShots\_25_Feb_2020__07_24_26PM_172.31.86.14_TC download834.png<br/>
</div>
</td>
<td><div><pre>java.lang.AssertionError: Member 100226126157 is not in this 834 expected [true] but found [false]
	at newMMIS_Subsystems.Managedcare_Common.get834_tptTesting_monthlyFull(Unknown Source)
	at newMMIS_Subsystems.tptTesting.download834_monthly(Unknown Source)
... Removed 25 stack frames</pre></div><a href='#' onClick='toggleBox("stack-trace1166106620", this, "Click to show all stack frames", "Click to hide stack frames")'>Click to show all stack frames</a>
<div class='stack-trace' id='stack-trace1166106620'><pre>java.lang.AssertionError: Member 100226126157 is not in this 834 expected [true] but found [false]
	at org.testng.Assert.fail(Assert.java:94)
	at org.testng.Assert.failNotEquals(Assert.java:496)
	at org.testng.Assert.assertTrue(Assert.java:42)
	at newMMIS_Subsystems.Managedcare_Common.get834_tptTesting_monthlyFull(Unknown Source)
	at newMMIS_Subsystems.tptTesting.download834_monthly(Unknown Source)
	at sun.reflect.GeneratedMethodAccessor1.invoke(Unknown Source)
	at sun.reflect.DelegatingMethodAccessorImpl.invoke(DelegatingMethodAccessorImpl.java:43)
	at java.lang.reflect.Method.invoke(Method.java:498)
	at org.testng.internal.MethodInvocationHelper.invokeMethod(MethodInvocationHelper.java:85)
	at org.testng.internal.Invoker.invokeMethod(Invoker.java:639)
	at org.testng.internal.Invoker.invokeTestMethod(Invoker.java:816)
	at org.testng.internal.Invoker.invokeTestMethods(Invoker.java:1124)
	at org.testng.internal.TestMethodWorker.invokeTestMethods(TestMethodWorker.java:125)
	at org.testng.internal.TestMethodWorker.run(TestMethodWorker.java:108)
	at org.testng.TestRunner.privateRun(TestRunner.java:774)
	at org.testng.TestRunner.run(TestRunner.java:624)
	at org.testng.SuiteRunner.runTest(SuiteRunner.java:359)
	at org.testng.SuiteRunner.runSequentially(SuiteRunner.java:354)
	at org.testng.SuiteRunner.privateRun(SuiteRunner.java:312)
	at org.testng.SuiteRunner.run(SuiteRunner.java:261)
	at org.testng.SuiteRunnerWorker.runSuite(SuiteRunnerWorker.java:52)
	at org.testng.SuiteRunnerWorker.run(SuiteRunnerWorker.java:86)
	at org.testng.TestNG.runSuitesSequentially(TestNG.java:1215)
	at org.testng.TestNG.runSuitesLocally(TestNG.java:1140)
	at org.testng.TestNG.run(TestNG.java:1048)
	at org.testng.TestNG.privateMain(TestNG.java:1355)
	at org.testng.TestNG.main(TestNG.java:1324)
</pre></div></td>
<td>0</td>
<td>newMMIS_Subsystems.tptTesting@36f6e879</td></tr>
<tr>
<td title='newMMIS_Subsystems.tptTesting.download834_monthly()'><b>download834_monthly</b><br>Test class: newMMIS_Subsystems.tptTesting<br>Parameters: 110031470B, 100226126091, 02/18/2020, 79<br/>
<a href="#Output-697508322" onClick='toggleBox("Output-697508322", this, "Show output", "Hide output");'>Show output</a>

<a href="#Output-697508322" onClick="toggleAllBoxes();">Show all outputs</a>
<div class='log' id="Output-697508322">
35.C:\Users\agandhi20\Desktop\Anshul\Workspace\Regression_TR\ScreenShots\_25_Feb_2020__07_24_26PM_172.31.86.14_TC download834.png<br/>
</div>
</td>
<td><div><pre>java.lang.AssertionError: Member 100226126091 is not in this 834 expected [true] but found [false]
	at newMMIS_Subsystems.Managedcare_Common.get834_tptTesting_monthlyFull(Unknown Source)
	at newMMIS_Subsystems.tptTesting.download834_monthly(Unknown Source)
... Removed 25 stack frames</pre></div><a href='#' onClick='toggleBox("stack-trace697508322", this, "Click to show all stack frames", "Click to hide stack frames")'>Click to show all stack frames</a>
<div class='stack-trace' id='stack-trace697508322'><pre>java.lang.AssertionError: Member 100226126091 is not in this 834 expected [true] but found [false]
	at org.testng.Assert.fail(Assert.java:94)
	at org.testng.Assert.failNotEquals(Assert.java:496)
	at org.testng.Assert.assertTrue(Assert.java:42)
	at newMMIS_Subsystems.Managedcare_Common.get834_tptTesting_monthlyFull(Unknown Source)
	at newMMIS_Subsystems.tptTesting.download834_monthly(Unknown Source)
	at sun.reflect.GeneratedMethodAccessor1.invoke(Unknown Source)
	at sun.reflect.DelegatingMethodAccessorImpl.invoke(DelegatingMethodAccessorImpl.java:43)
	at java.lang.reflect.Method.invoke(Method.java:498)
	at org.testng.internal.MethodInvocationHelper.invokeMethod(MethodInvocationHelper.java:85)
	at org.testng.internal.Invoker.invokeMethod(Invoker.java:639)
	at org.testng.internal.Invoker.invokeTestMethod(Invoker.java:816)
	at org.testng.internal.Invoker.invokeTestMethods(Invoker.java:1124)
	at org.testng.internal.TestMethodWorker.invokeTestMethods(TestMethodWorker.java:125)
	at org.testng.internal.TestMethodWorker.run(TestMethodWorker.java:108)
	at org.testng.TestRunner.privateRun(TestRunner.java:774)
	at org.testng.TestRunner.run(TestRunner.java:624)
	at org.testng.SuiteRunner.runTest(SuiteRunner.java:359)
	at org.testng.SuiteRunner.runSequentially(SuiteRunner.java:354)
	at org.testng.SuiteRunner.privateRun(SuiteRunner.java:312)
	at org.testng.SuiteRunner.run(SuiteRunner.java:261)
	at org.testng.SuiteRunnerWorker.runSuite(SuiteRunnerWorker.java:52)
	at org.testng.SuiteRunnerWorker.run(SuiteRunnerWorker.java:86)
	at org.testng.TestNG.runSuitesSequentially(TestNG.java:1215)
	at org.testng.TestNG.runSuitesLocally(TestNG.java:1140)
	at org.testng.TestNG.run(TestNG.java:1048)
	at org.testng.TestNG.privateMain(TestNG.java:1355)
	at org.testng.TestNG.main(TestNG.java:1324)
</pre></div></td>
<td>0</td>
<td>newMMIS_Subsystems.tptTesting@36f6e879</td></tr>
<tr>
<td title='newMMIS_Subsystems.tptTesting.download834_monthly()'><b>download834_monthly</b><br>Test class: newMMIS_Subsystems.tptTesting<br>Parameters: 110031470B, 100226126165, 02/18/2020, 80<br/>
<a href="#Output-631673932" onClick='toggleBox("Output-631673932", this, "Show output", "Hide output");'>Show output</a>

<a href="#Output-631673932" onClick="toggleAllBoxes();">Show all outputs</a>
<div class='log' id="Output-631673932">
36.C:\Users\agandhi20\Desktop\Anshul\Workspace\Regression_TR\ScreenShots\_25_Feb_2020__07_24_27PM_172.31.86.14_TC download834.png<br/>
</div>
</td>
<td><div><pre>java.lang.AssertionError: Member 100226126165 is not in this 834 expected [true] but found [false]
	at newMMIS_Subsystems.Managedcare_Common.get834_tptTesting_monthlyFull(Unknown Source)
	at newMMIS_Subsystems.tptTesting.download834_monthly(Unknown Source)
... Removed 25 stack frames</pre></div><a href='#' onClick='toggleBox("stack-trace631673932", this, "Click to show all stack frames", "Click to hide stack frames")'>Click to show all stack frames</a>
<div class='stack-trace' id='stack-trace631673932'><pre>java.lang.AssertionError: Member 100226126165 is not in this 834 expected [true] but found [false]
	at org.testng.Assert.fail(Assert.java:94)
	at org.testng.Assert.failNotEquals(Assert.java:496)
	at org.testng.Assert.assertTrue(Assert.java:42)
	at newMMIS_Subsystems.Managedcare_Common.get834_tptTesting_monthlyFull(Unknown Source)
	at newMMIS_Subsystems.tptTesting.download834_monthly(Unknown Source)
	at sun.reflect.GeneratedMethodAccessor1.invoke(Unknown Source)
	at sun.reflect.DelegatingMethodAccessorImpl.invoke(DelegatingMethodAccessorImpl.java:43)
	at java.lang.reflect.Method.invoke(Method.java:498)
	at org.testng.internal.MethodInvocationHelper.invokeMethod(MethodInvocationHelper.java:85)
	at org.testng.internal.Invoker.invokeMethod(Invoker.java:639)
	at org.testng.internal.Invoker.invokeTestMethod(Invoker.java:816)
	at org.testng.internal.Invoker.invokeTestMethods(Invoker.java:1124)
	at org.testng.internal.TestMethodWorker.invokeTestMethods(TestMethodWorker.java:125)
	at org.testng.internal.TestMethodWorker.run(TestMethodWorker.java:108)
	at org.testng.TestRunner.privateRun(TestRunner.java:774)
	at org.testng.TestRunner.run(TestRunner.java:624)
	at org.testng.SuiteRunner.runTest(SuiteRunner.java:359)
	at org.testng.SuiteRunner.runSequentially(SuiteRunner.java:354)
	at org.testng.SuiteRunner.privateRun(SuiteRunner.java:312)
	at org.testng.SuiteRunner.run(SuiteRunner.java:261)
	at org.testng.SuiteRunnerWorker.runSuite(SuiteRunnerWorker.java:52)
	at org.testng.SuiteRunnerWorker.run(SuiteRunnerWorker.java:86)
	at org.testng.TestNG.runSuitesSequentially(TestNG.java:1215)
	at org.testng.TestNG.runSuitesLocally(TestNG.java:1140)
	at org.testng.TestNG.run(TestNG.java:1048)
	at org.testng.TestNG.privateMain(TestNG.java:1355)
	at org.testng.TestNG.main(TestNG.java:1324)
</pre></div></td>
<td>0</td>
<td>newMMIS_Subsystems.tptTesting@36f6e879</td></tr>
<tr>
<td title='newMMIS_Subsystems.tptTesting.download834_monthly()'><b>download834_monthly</b><br>Test class: newMMIS_Subsystems.tptTesting<br>Parameters: 110020754C, 100226125936, 02/18/2020, 81<br/>
<a href="#Output-1048712791" onClick='toggleBox("Output-1048712791", this, "Show output", "Hide output");'>Show output</a>

<a href="#Output-1048712791" onClick="toggleAllBoxes();">Show all outputs</a>
<div class='log' id="Output-1048712791">
37.C:\Users\agandhi20\Desktop\Anshul\Workspace\Regression_TR\ScreenShots\_25_Feb_2020__07_24_27PM_172.31.86.14_TC download834.png<br/>
</div>
</td>
<td><div><pre>java.lang.AssertionError: Member 100226125936 is not in this 834 expected [true] but found [false]
	at newMMIS_Subsystems.Managedcare_Common.get834_tptTesting_monthlyFull(Unknown Source)
	at newMMIS_Subsystems.tptTesting.download834_monthly(Unknown Source)
... Removed 25 stack frames</pre></div><a href='#' onClick='toggleBox("stack-trace1048712791", this, "Click to show all stack frames", "Click to hide stack frames")'>Click to show all stack frames</a>
<div class='stack-trace' id='stack-trace1048712791'><pre>java.lang.AssertionError: Member 100226125936 is not in this 834 expected [true] but found [false]
	at org.testng.Assert.fail(Assert.java:94)
	at org.testng.Assert.failNotEquals(Assert.java:496)
	at org.testng.Assert.assertTrue(Assert.java:42)
	at newMMIS_Subsystems.Managedcare_Common.get834_tptTesting_monthlyFull(Unknown Source)
	at newMMIS_Subsystems.tptTesting.download834_monthly(Unknown Source)
	at sun.reflect.GeneratedMethodAccessor1.invoke(Unknown Source)
	at sun.reflect.DelegatingMethodAccessorImpl.invoke(DelegatingMethodAccessorImpl.java:43)
	at java.lang.reflect.Method.invoke(Method.java:498)
	at org.testng.internal.MethodInvocationHelper.invokeMethod(MethodInvocationHelper.java:85)
	at org.testng.internal.Invoker.invokeMethod(Invoker.java:639)
	at org.testng.internal.Invoker.invokeTestMethod(Invoker.java:816)
	at org.testng.internal.Invoker.invokeTestMethods(Invoker.java:1124)
	at org.testng.internal.TestMethodWorker.invokeTestMethods(TestMethodWorker.java:125)
	at org.testng.internal.TestMethodWorker.run(TestMethodWorker.java:108)
	at org.testng.TestRunner.privateRun(TestRunner.java:774)
	at org.testng.TestRunner.run(TestRunner.java:624)
	at org.testng.SuiteRunner.runTest(SuiteRunner.java:359)
	at org.testng.SuiteRunner.runSequentially(SuiteRunner.java:354)
	at org.testng.SuiteRunner.privateRun(SuiteRunner.java:312)
	at org.testng.SuiteRunner.run(SuiteRunner.java:261)
	at org.testng.SuiteRunnerWorker.runSuite(SuiteRunnerWorker.java:52)
	at org.testng.SuiteRunnerWorker.run(SuiteRunnerWorker.java:86)
	at org.testng.TestNG.runSuitesSequentially(TestNG.java:1215)
	at org.testng.TestNG.runSuitesLocally(TestNG.java:1140)
	at org.testng.TestNG.run(TestNG.java:1048)
	at org.testng.TestNG.privateMain(TestNG.java:1355)
	at org.testng.TestNG.main(TestNG.java:1324)
</pre></div></td>
<td>0</td>
<td>newMMIS_Subsystems.tptTesting@36f6e879</td></tr>
<tr>
<td title='newMMIS_Subsystems.tptTesting.download834_monthly()'><b>download834_monthly</b><br>Test class: newMMIS_Subsystems.tptTesting<br>Parameters: 110020754C, 100226125993, 02/18/2020, 82<br/>
<a href="#Output-1338905451" onClick='toggleBox("Output-1338905451", this, "Show output", "Hide output");'>Show output</a>

<a href="#Output-1338905451" onClick="toggleAllBoxes();">Show all outputs</a>
<div class='log' id="Output-1338905451">
38.C:\Users\agandhi20\Desktop\Anshul\Workspace\Regression_TR\ScreenShots\_25_Feb_2020__07_24_27PM_172.31.86.14_TC download834.png<br/>
</div>
</td>
<td><div><pre>java.lang.AssertionError: Member 100226125993 is not in this 834 expected [true] but found [false]
	at newMMIS_Subsystems.Managedcare_Common.get834_tptTesting_monthlyFull(Unknown Source)
	at newMMIS_Subsystems.tptTesting.download834_monthly(Unknown Source)
... Removed 25 stack frames</pre></div><a href='#' onClick='toggleBox("stack-trace1338905451", this, "Click to show all stack frames", "Click to hide stack frames")'>Click to show all stack frames</a>
<div class='stack-trace' id='stack-trace1338905451'><pre>java.lang.AssertionError: Member 100226125993 is not in this 834 expected [true] but found [false]
	at org.testng.Assert.fail(Assert.java:94)
	at org.testng.Assert.failNotEquals(Assert.java:496)
	at org.testng.Assert.assertTrue(Assert.java:42)
	at newMMIS_Subsystems.Managedcare_Common.get834_tptTesting_monthlyFull(Unknown Source)
	at newMMIS_Subsystems.tptTesting.download834_monthly(Unknown Source)
	at sun.reflect.GeneratedMethodAccessor1.invoke(Unknown Source)
	at sun.reflect.DelegatingMethodAccessorImpl.invoke(DelegatingMethodAccessorImpl.java:43)
	at java.lang.reflect.Method.invoke(Method.java:498)
	at org.testng.internal.MethodInvocationHelper.invokeMethod(MethodInvocationHelper.java:85)
	at org.testng.internal.Invoker.invokeMethod(Invoker.java:639)
	at org.testng.internal.Invoker.invokeTestMethod(Invoker.java:816)
	at org.testng.internal.Invoker.invokeTestMethods(Invoker.java:1124)
	at org.testng.internal.TestMethodWorker.invokeTestMethods(TestMethodWorker.java:125)
	at org.testng.internal.TestMethodWorker.run(TestMethodWorker.java:108)
	at org.testng.TestRunner.privateRun(TestRunner.java:774)
	at org.testng.TestRunner.run(TestRunner.java:624)
	at org.testng.SuiteRunner.runTest(SuiteRunner.java:359)
	at org.testng.SuiteRunner.runSequentially(SuiteRunner.java:354)
	at org.testng.SuiteRunner.privateRun(SuiteRunner.java:312)
	at org.testng.SuiteRunner.run(SuiteRunner.java:261)
	at org.testng.SuiteRunnerWorker.runSuite(SuiteRunnerWorker.java:52)
	at org.testng.SuiteRunnerWorker.run(SuiteRunnerWorker.java:86)
	at org.testng.TestNG.runSuitesSequentially(TestNG.java:1215)
	at org.testng.TestNG.runSuitesLocally(TestNG.java:1140)
	at org.testng.TestNG.run(TestNG.java:1048)
	at org.testng.TestNG.privateMain(TestNG.java:1355)
	at org.testng.TestNG.main(TestNG.java:1324)
</pre></div></td>
<td>0</td>
<td>newMMIS_Subsystems.tptTesting@36f6e879</td></tr>
<tr>
<td title='newMMIS_Subsystems.tptTesting.download834_monthly()'><b>download834_monthly</b><br>Test class: newMMIS_Subsystems.tptTesting<br>Parameters: 110020754C, 100226125944, 02/18/2020, 83<br/>
<a href="#Output-426019904" onClick='toggleBox("Output-426019904", this, "Show output", "Hide output");'>Show output</a>

<a href="#Output-426019904" onClick="toggleAllBoxes();">Show all outputs</a>
<div class='log' id="Output-426019904">
39.C:\Users\agandhi20\Desktop\Anshul\Workspace\Regression_TR\ScreenShots\_25_Feb_2020__07_24_28PM_172.31.86.14_TC download834.png<br/>
</div>
</td>
<td><div><pre>java.lang.AssertionError: Member 100226125944 is not in this 834 expected [true] but found [false]
	at newMMIS_Subsystems.Managedcare_Common.get834_tptTesting_monthlyFull(Unknown Source)
	at newMMIS_Subsystems.tptTesting.download834_monthly(Unknown Source)
... Removed 25 stack frames</pre></div><a href='#' onClick='toggleBox("stack-trace426019904", this, "Click to show all stack frames", "Click to hide stack frames")'>Click to show all stack frames</a>
<div class='stack-trace' id='stack-trace426019904'><pre>java.lang.AssertionError: Member 100226125944 is not in this 834 expected [true] but found [false]
	at org.testng.Assert.fail(Assert.java:94)
	at org.testng.Assert.failNotEquals(Assert.java:496)
	at org.testng.Assert.assertTrue(Assert.java:42)
	at newMMIS_Subsystems.Managedcare_Common.get834_tptTesting_monthlyFull(Unknown Source)
	at newMMIS_Subsystems.tptTesting.download834_monthly(Unknown Source)
	at sun.reflect.GeneratedMethodAccessor1.invoke(Unknown Source)
	at sun.reflect.DelegatingMethodAccessorImpl.invoke(DelegatingMethodAccessorImpl.java:43)
	at java.lang.reflect.Method.invoke(Method.java:498)
	at org.testng.internal.MethodInvocationHelper.invokeMethod(MethodInvocationHelper.java:85)
	at org.testng.internal.Invoker.invokeMethod(Invoker.java:639)
	at org.testng.internal.Invoker.invokeTestMethod(Invoker.java:816)
	at org.testng.internal.Invoker.invokeTestMethods(Invoker.java:1124)
	at org.testng.internal.TestMethodWorker.invokeTestMethods(TestMethodWorker.java:125)
	at org.testng.internal.TestMethodWorker.run(TestMethodWorker.java:108)
	at org.testng.TestRunner.privateRun(TestRunner.java:774)
	at org.testng.TestRunner.run(TestRunner.java:624)
	at org.testng.SuiteRunner.runTest(SuiteRunner.java:359)
	at org.testng.SuiteRunner.runSequentially(SuiteRunner.java:354)
	at org.testng.SuiteRunner.privateRun(SuiteRunner.java:312)
	at org.testng.SuiteRunner.run(SuiteRunner.java:261)
	at org.testng.SuiteRunnerWorker.runSuite(SuiteRunnerWorker.java:52)
	at org.testng.SuiteRunnerWorker.run(SuiteRunnerWorker.java:86)
	at org.testng.TestNG.runSuitesSequentially(TestNG.java:1215)
	at org.testng.TestNG.runSuitesLocally(TestNG.java:1140)
	at org.testng.TestNG.run(TestNG.java:1048)
	at org.testng.TestNG.privateMain(TestNG.java:1355)
	at org.testng.TestNG.main(TestNG.java:1324)
</pre></div></td>
<td>0</td>
<td>newMMIS_Subsystems.tptTesting@36f6e879</td></tr>
<tr>
<td title='newMMIS_Subsystems.tptTesting.download834_monthly()'><b>download834_monthly</b><br>Test class: newMMIS_Subsystems.tptTesting<br>Parameters: 110020754C, 100226126009, 02/18/2020, 84<br/>
<a href="#Output-247162961" onClick='toggleBox("Output-247162961", this, "Show output", "Hide output");'>Show output</a>

<a href="#Output-247162961" onClick="toggleAllBoxes();">Show all outputs</a>
<div class='log' id="Output-247162961">
40.C:\Users\agandhi20\Desktop\Anshul\Workspace\Regression_TR\ScreenShots\_25_Feb_2020__07_24_28PM_172.31.86.14_TC download834.png<br/>
</div>
</td>
<td><div><pre>java.lang.AssertionError: Member 100226126009 is not in this 834 expected [true] but found [false]
	at newMMIS_Subsystems.Managedcare_Common.get834_tptTesting_monthlyFull(Unknown Source)
	at newMMIS_Subsystems.tptTesting.download834_monthly(Unknown Source)
... Removed 25 stack frames</pre></div><a href='#' onClick='toggleBox("stack-trace247162961", this, "Click to show all stack frames", "Click to hide stack frames")'>Click to show all stack frames</a>
<div class='stack-trace' id='stack-trace247162961'><pre>java.lang.AssertionError: Member 100226126009 is not in this 834 expected [true] but found [false]
	at org.testng.Assert.fail(Assert.java:94)
	at org.testng.Assert.failNotEquals(Assert.java:496)
	at org.testng.Assert.assertTrue(Assert.java:42)
	at newMMIS_Subsystems.Managedcare_Common.get834_tptTesting_monthlyFull(Unknown Source)
	at newMMIS_Subsystems.tptTesting.download834_monthly(Unknown Source)
	at sun.reflect.GeneratedMethodAccessor1.invoke(Unknown Source)
	at sun.reflect.DelegatingMethodAccessorImpl.invoke(DelegatingMethodAccessorImpl.java:43)
	at java.lang.reflect.Method.invoke(Method.java:498)
	at org.testng.internal.MethodInvocationHelper.invokeMethod(MethodInvocationHelper.java:85)
	at org.testng.internal.Invoker.invokeMethod(Invoker.java:639)
	at org.testng.internal.Invoker.invokeTestMethod(Invoker.java:816)
	at org.testng.internal.Invoker.invokeTestMethods(Invoker.java:1124)
	at org.testng.internal.TestMethodWorker.invokeTestMethods(TestMethodWorker.java:125)
	at org.testng.internal.TestMethodWorker.run(TestMethodWorker.java:108)
	at org.testng.TestRunner.privateRun(TestRunner.java:774)
	at org.testng.TestRunner.run(TestRunner.java:624)
	at org.testng.SuiteRunner.runTest(SuiteRunner.java:359)
	at org.testng.SuiteRunner.runSequentially(SuiteRunner.java:354)
	at org.testng.SuiteRunner.privateRun(SuiteRunner.java:312)
	at org.testng.SuiteRunner.run(SuiteRunner.java:261)
	at org.testng.SuiteRunnerWorker.runSuite(SuiteRunnerWorker.java:52)
	at org.testng.SuiteRunnerWorker.run(SuiteRunnerWorker.java:86)
	at org.testng.TestNG.runSuitesSequentially(TestNG.java:1215)
	at org.testng.TestNG.runSuitesLocally(TestNG.java:1140)
	at org.testng.TestNG.run(TestNG.java:1048)
	at org.testng.TestNG.privateMain(TestNG.java:1355)
	at org.testng.TestNG.main(TestNG.java:1324)
</pre></div></td>
<td>0</td>
<td>newMMIS_Subsystems.tptTesting@36f6e879</td></tr>
<tr>
<td title='newMMIS_Subsystems.tptTesting.download834_monthly()'><b>download834_monthly</b><br>Test class: newMMIS_Subsystems.tptTesting<br>Parameters: 110020754C, 100226125951, 02/18/2020, 85<br/>
<a href="#Output-976827477" onClick='toggleBox("Output-976827477", this, "Show output", "Hide output");'>Show output</a>

<a href="#Output-976827477" onClick="toggleAllBoxes();">Show all outputs</a>
<div class='log' id="Output-976827477">
41.C:\Users\agandhi20\Desktop\Anshul\Workspace\Regression_TR\ScreenShots\_25_Feb_2020__07_24_28PM_172.31.86.14_TC download834.png<br/>
</div>
</td>
<td><div><pre>java.lang.AssertionError: Member 100226125951 is not in this 834 expected [true] but found [false]
	at newMMIS_Subsystems.Managedcare_Common.get834_tptTesting_monthlyFull(Unknown Source)
	at newMMIS_Subsystems.tptTesting.download834_monthly(Unknown Source)
... Removed 25 stack frames</pre></div><a href='#' onClick='toggleBox("stack-trace976827477", this, "Click to show all stack frames", "Click to hide stack frames")'>Click to show all stack frames</a>
<div class='stack-trace' id='stack-trace976827477'><pre>java.lang.AssertionError: Member 100226125951 is not in this 834 expected [true] but found [false]
	at org.testng.Assert.fail(Assert.java:94)
	at org.testng.Assert.failNotEquals(Assert.java:496)
	at org.testng.Assert.assertTrue(Assert.java:42)
	at newMMIS_Subsystems.Managedcare_Common.get834_tptTesting_monthlyFull(Unknown Source)
	at newMMIS_Subsystems.tptTesting.download834_monthly(Unknown Source)
	at sun.reflect.GeneratedMethodAccessor1.invoke(Unknown Source)
	at sun.reflect.DelegatingMethodAccessorImpl.invoke(DelegatingMethodAccessorImpl.java:43)
	at java.lang.reflect.Method.invoke(Method.java:498)
	at org.testng.internal.MethodInvocationHelper.invokeMethod(MethodInvocationHelper.java:85)
	at org.testng.internal.Invoker.invokeMethod(Invoker.java:639)
	at org.testng.internal.Invoker.invokeTestMethod(Invoker.java:816)
	at org.testng.internal.Invoker.invokeTestMethods(Invoker.java:1124)
	at org.testng.internal.TestMethodWorker.invokeTestMethods(TestMethodWorker.java:125)
	at org.testng.internal.TestMethodWorker.run(TestMethodWorker.java:108)
	at org.testng.TestRunner.privateRun(TestRunner.java:774)
	at org.testng.TestRunner.run(TestRunner.java:624)
	at org.testng.SuiteRunner.runTest(SuiteRunner.java:359)
	at org.testng.SuiteRunner.runSequentially(SuiteRunner.java:354)
	at org.testng.SuiteRunner.privateRun(SuiteRunner.java:312)
	at org.testng.SuiteRunner.run(SuiteRunner.java:261)
	at org.testng.SuiteRunnerWorker.runSuite(SuiteRunnerWorker.java:52)
	at org.testng.SuiteRunnerWorker.run(SuiteRunnerWorker.java:86)
	at org.testng.TestNG.runSuitesSequentially(TestNG.java:1215)
	at org.testng.TestNG.runSuitesLocally(TestNG.java:1140)
	at org.testng.TestNG.run(TestNG.java:1048)
	at org.testng.TestNG.privateMain(TestNG.java:1355)
	at org.testng.TestNG.main(TestNG.java:1324)
</pre></div></td>
<td>0</td>
<td>newMMIS_Subsystems.tptTesting@36f6e879</td></tr>
<tr>
<td title='newMMIS_Subsystems.tptTesting.download834_monthly()'><b>download834_monthly</b><br>Test class: newMMIS_Subsystems.tptTesting<br>Parameters: 110020754C, 100226126017, 02/18/2020, 86<br/>
<a href="#Output-1233595751" onClick='toggleBox("Output-1233595751", this, "Show output", "Hide output");'>Show output</a>

<a href="#Output-1233595751" onClick="toggleAllBoxes();">Show all outputs</a>
<div class='log' id="Output-1233595751">
42.C:\Users\agandhi20\Desktop\Anshul\Workspace\Regression_TR\ScreenShots\_25_Feb_2020__07_24_28PM_172.31.86.14_TC download834.png<br/>
</div>
</td>
<td><div><pre>java.lang.AssertionError: Member 100226126017 is not in this 834 expected [true] but found [false]
	at newMMIS_Subsystems.Managedcare_Common.get834_tptTesting_monthlyFull(Unknown Source)
	at newMMIS_Subsystems.tptTesting.download834_monthly(Unknown Source)
... Removed 25 stack frames</pre></div><a href='#' onClick='toggleBox("stack-trace1233595751", this, "Click to show all stack frames", "Click to hide stack frames")'>Click to show all stack frames</a>
<div class='stack-trace' id='stack-trace1233595751'><pre>java.lang.AssertionError: Member 100226126017 is not in this 834 expected [true] but found [false]
	at org.testng.Assert.fail(Assert.java:94)
	at org.testng.Assert.failNotEquals(Assert.java:496)
	at org.testng.Assert.assertTrue(Assert.java:42)
	at newMMIS_Subsystems.Managedcare_Common.get834_tptTesting_monthlyFull(Unknown Source)
	at newMMIS_Subsystems.tptTesting.download834_monthly(Unknown Source)
	at sun.reflect.GeneratedMethodAccessor1.invoke(Unknown Source)
	at sun.reflect.DelegatingMethodAccessorImpl.invoke(DelegatingMethodAccessorImpl.java:43)
	at java.lang.reflect.Method.invoke(Method.java:498)
	at org.testng.internal.MethodInvocationHelper.invokeMethod(MethodInvocationHelper.java:85)
	at org.testng.internal.Invoker.invokeMethod(Invoker.java:639)
	at org.testng.internal.Invoker.invokeTestMethod(Invoker.java:816)
	at org.testng.internal.Invoker.invokeTestMethods(Invoker.java:1124)
	at org.testng.internal.TestMethodWorker.invokeTestMethods(TestMethodWorker.java:125)
	at org.testng.internal.TestMethodWorker.run(TestMethodWorker.java:108)
	at org.testng.TestRunner.privateRun(TestRunner.java:774)
	at org.testng.TestRunner.run(TestRunner.java:624)
	at org.testng.SuiteRunner.runTest(SuiteRunner.java:359)
	at org.testng.SuiteRunner.runSequentially(SuiteRunner.java:354)
	at org.testng.SuiteRunner.privateRun(SuiteRunner.java:312)
	at org.testng.SuiteRunner.run(SuiteRunner.java:261)
	at org.testng.SuiteRunnerWorker.runSuite(SuiteRunnerWorker.java:52)
	at org.testng.SuiteRunnerWorker.run(SuiteRunnerWorker.java:86)
	at org.testng.TestNG.runSuitesSequentially(TestNG.java:1215)
	at org.testng.TestNG.runSuitesLocally(TestNG.java:1140)
	at org.testng.TestNG.run(TestNG.java:1048)
	at org.testng.TestNG.privateMain(TestNG.java:1355)
	at org.testng.TestNG.main(TestNG.java:1324)
</pre></div></td>
<td>0</td>
<td>newMMIS_Subsystems.tptTesting@36f6e879</td></tr>
<tr>
<td title='newMMIS_Subsystems.tptTesting.download834_monthly()'><b>download834_monthly</b><br>Test class: newMMIS_Subsystems.tptTesting<br>Parameters: 110020754C, 100226125969, 02/18/2020, 87<br/>
<a href="#Output-2029372696" onClick='toggleBox("Output-2029372696", this, "Show output", "Hide output");'>Show output</a>

<a href="#Output-2029372696" onClick="toggleAllBoxes();">Show all outputs</a>
<div class='log' id="Output-2029372696">
43.C:\Users\agandhi20\Desktop\Anshul\Workspace\Regression_TR\ScreenShots\_25_Feb_2020__07_24_29PM_172.31.86.14_TC download834.png<br/>
</div>
</td>
<td><div><pre>java.lang.AssertionError: Member 100226125969 is not in this 834 expected [true] but found [false]
	at newMMIS_Subsystems.Managedcare_Common.get834_tptTesting_monthlyFull(Unknown Source)
	at newMMIS_Subsystems.tptTesting.download834_monthly(Unknown Source)
... Removed 25 stack frames</pre></div><a href='#' onClick='toggleBox("stack-trace2029372696", this, "Click to show all stack frames", "Click to hide stack frames")'>Click to show all stack frames</a>
<div class='stack-trace' id='stack-trace2029372696'><pre>java.lang.AssertionError: Member 100226125969 is not in this 834 expected [true] but found [false]
	at org.testng.Assert.fail(Assert.java:94)
	at org.testng.Assert.failNotEquals(Assert.java:496)
	at org.testng.Assert.assertTrue(Assert.java:42)
	at newMMIS_Subsystems.Managedcare_Common.get834_tptTesting_monthlyFull(Unknown Source)
	at newMMIS_Subsystems.tptTesting.download834_monthly(Unknown Source)
	at sun.reflect.GeneratedMethodAccessor1.invoke(Unknown Source)
	at sun.reflect.DelegatingMethodAccessorImpl.invoke(DelegatingMethodAccessorImpl.java:43)
	at java.lang.reflect.Method.invoke(Method.java:498)
	at org.testng.internal.MethodInvocationHelper.invokeMethod(MethodInvocationHelper.java:85)
	at org.testng.internal.Invoker.invokeMethod(Invoker.java:639)
	at org.testng.internal.Invoker.invokeTestMethod(Invoker.java:816)
	at org.testng.internal.Invoker.invokeTestMethods(Invoker.java:1124)
	at org.testng.internal.TestMethodWorker.invokeTestMethods(TestMethodWorker.java:125)
	at org.testng.internal.TestMethodWorker.run(TestMethodWorker.java:108)
	at org.testng.TestRunner.privateRun(TestRunner.java:774)
	at org.testng.TestRunner.run(TestRunner.java:624)
	at org.testng.SuiteRunner.runTest(SuiteRunner.java:359)
	at org.testng.SuiteRunner.runSequentially(SuiteRunner.java:354)
	at org.testng.SuiteRunner.privateRun(SuiteRunner.java:312)
	at org.testng.SuiteRunner.run(SuiteRunner.java:261)
	at org.testng.SuiteRunnerWorker.runSuite(SuiteRunnerWorker.java:52)
	at org.testng.SuiteRunnerWorker.run(SuiteRunnerWorker.java:86)
	at org.testng.TestNG.runSuitesSequentially(TestNG.java:1215)
	at org.testng.TestNG.runSuitesLocally(TestNG.java:1140)
	at org.testng.TestNG.run(TestNG.java:1048)
	at org.testng.TestNG.privateMain(TestNG.java:1355)
	at org.testng.TestNG.main(TestNG.java:1324)
</pre></div></td>
<td>0</td>
<td>newMMIS_Subsystems.tptTesting@36f6e879</td></tr>
<tr>
<td title='newMMIS_Subsystems.tptTesting.download834_monthly()'><b>download834_monthly</b><br>Test class: newMMIS_Subsystems.tptTesting<br>Parameters: 110020754C, 100226126033, 02/18/2020, 88<br/>
<a href="#Output-599782425" onClick='toggleBox("Output-599782425", this, "Show output", "Hide output");'>Show output</a>

<a href="#Output-599782425" onClick="toggleAllBoxes();">Show all outputs</a>
<div class='log' id="Output-599782425">
44.C:\Users\agandhi20\Desktop\Anshul\Workspace\Regression_TR\ScreenShots\_25_Feb_2020__07_24_29PM_172.31.86.14_TC download834.png<br/>
</div>
</td>
<td><div><pre>java.lang.AssertionError: Member 100226126033 is not in this 834 expected [true] but found [false]
	at newMMIS_Subsystems.Managedcare_Common.get834_tptTesting_monthlyFull(Unknown Source)
	at newMMIS_Subsystems.tptTesting.download834_monthly(Unknown Source)
... Removed 25 stack frames</pre></div><a href='#' onClick='toggleBox("stack-trace599782425", this, "Click to show all stack frames", "Click to hide stack frames")'>Click to show all stack frames</a>
<div class='stack-trace' id='stack-trace599782425'><pre>java.lang.AssertionError: Member 100226126033 is not in this 834 expected [true] but found [false]
	at org.testng.Assert.fail(Assert.java:94)
	at org.testng.Assert.failNotEquals(Assert.java:496)
	at org.testng.Assert.assertTrue(Assert.java:42)
	at newMMIS_Subsystems.Managedcare_Common.get834_tptTesting_monthlyFull(Unknown Source)
	at newMMIS_Subsystems.tptTesting.download834_monthly(Unknown Source)
	at sun.reflect.GeneratedMethodAccessor1.invoke(Unknown Source)
	at sun.reflect.DelegatingMethodAccessorImpl.invoke(DelegatingMethodAccessorImpl.java:43)
	at java.lang.reflect.Method.invoke(Method.java:498)
	at org.testng.internal.MethodInvocationHelper.invokeMethod(MethodInvocationHelper.java:85)
	at org.testng.internal.Invoker.invokeMethod(Invoker.java:639)
	at org.testng.internal.Invoker.invokeTestMethod(Invoker.java:816)
	at org.testng.internal.Invoker.invokeTestMethods(Invoker.java:1124)
	at org.testng.internal.TestMethodWorker.invokeTestMethods(TestMethodWorker.java:125)
	at org.testng.internal.TestMethodWorker.run(TestMethodWorker.java:108)
	at org.testng.TestRunner.privateRun(TestRunner.java:774)
	at org.testng.TestRunner.run(TestRunner.java:624)
	at org.testng.SuiteRunner.runTest(SuiteRunner.java:359)
	at org.testng.SuiteRunner.runSequentially(SuiteRunner.java:354)
	at org.testng.SuiteRunner.privateRun(SuiteRunner.java:312)
	at org.testng.SuiteRunner.run(SuiteRunner.java:261)
	at org.testng.SuiteRunnerWorker.runSuite(SuiteRunnerWorker.java:52)
	at org.testng.SuiteRunnerWorker.run(SuiteRunnerWorker.java:86)
	at org.testng.TestNG.runSuitesSequentially(TestNG.java:1215)
	at org.testng.TestNG.runSuitesLocally(TestNG.java:1140)
	at org.testng.TestNG.run(TestNG.java:1048)
	at org.testng.TestNG.privateMain(TestNG.java:1355)
	at org.testng.TestNG.main(TestNG.java:1324)
</pre></div></td>
<td>0</td>
<td>newMMIS_Subsystems.tptTesting@36f6e879</td></tr>
<tr>
<td title='newMMIS_Subsystems.tptTesting.download834_monthly()'><b>download834_monthly</b><br>Test class: newMMIS_Subsystems.tptTesting<br>Parameters: 110020754C, 100226125977, 02/18/2020, 89<br/>
<a href="#Output-1280641161" onClick='toggleBox("Output-1280641161", this, "Show output", "Hide output");'>Show output</a>

<a href="#Output-1280641161" onClick="toggleAllBoxes();">Show all outputs</a>
<div class='log' id="Output-1280641161">
45.C:\Users\agandhi20\Desktop\Anshul\Workspace\Regression_TR\ScreenShots\_25_Feb_2020__07_24_29PM_172.31.86.14_TC download834.png<br/>
</div>
</td>
<td><div><pre>java.lang.AssertionError: Member 100226125977 is not in this 834 expected [true] but found [false]
	at newMMIS_Subsystems.Managedcare_Common.get834_tptTesting_monthlyFull(Unknown Source)
	at newMMIS_Subsystems.tptTesting.download834_monthly(Unknown Source)
... Removed 25 stack frames</pre></div><a href='#' onClick='toggleBox("stack-trace1280641161", this, "Click to show all stack frames", "Click to hide stack frames")'>Click to show all stack frames</a>
<div class='stack-trace' id='stack-trace1280641161'><pre>java.lang.AssertionError: Member 100226125977 is not in this 834 expected [true] but found [false]
	at org.testng.Assert.fail(Assert.java:94)
	at org.testng.Assert.failNotEquals(Assert.java:496)
	at org.testng.Assert.assertTrue(Assert.java:42)
	at newMMIS_Subsystems.Managedcare_Common.get834_tptTesting_monthlyFull(Unknown Source)
	at newMMIS_Subsystems.tptTesting.download834_monthly(Unknown Source)
	at sun.reflect.GeneratedMethodAccessor1.invoke(Unknown Source)
	at sun.reflect.DelegatingMethodAccessorImpl.invoke(DelegatingMethodAccessorImpl.java:43)
	at java.lang.reflect.Method.invoke(Method.java:498)
	at org.testng.internal.MethodInvocationHelper.invokeMethod(MethodInvocationHelper.java:85)
	at org.testng.internal.Invoker.invokeMethod(Invoker.java:639)
	at org.testng.internal.Invoker.invokeTestMethod(Invoker.java:816)
	at org.testng.internal.Invoker.invokeTestMethods(Invoker.java:1124)
	at org.testng.internal.TestMethodWorker.invokeTestMethods(TestMethodWorker.java:125)
	at org.testng.internal.TestMethodWorker.run(TestMethodWorker.java:108)
	at org.testng.TestRunner.privateRun(TestRunner.java:774)
	at org.testng.TestRunner.run(TestRunner.java:624)
	at org.testng.SuiteRunner.runTest(SuiteRunner.java:359)
	at org.testng.SuiteRunner.runSequentially(SuiteRunner.java:354)
	at org.testng.SuiteRunner.privateRun(SuiteRunner.java:312)
	at org.testng.SuiteRunner.run(SuiteRunner.java:261)
	at org.testng.SuiteRunnerWorker.runSuite(SuiteRunnerWorker.java:52)
	at org.testng.SuiteRunnerWorker.run(SuiteRunnerWorker.java:86)
	at org.testng.TestNG.runSuitesSequentially(TestNG.java:1215)
	at org.testng.TestNG.runSuitesLocally(TestNG.java:1140)
	at org.testng.TestNG.run(TestNG.java:1048)
	at org.testng.TestNG.privateMain(TestNG.java:1355)
	at org.testng.TestNG.main(TestNG.java:1324)
</pre></div></td>
<td>0</td>
<td>newMMIS_Subsystems.tptTesting@36f6e879</td></tr>
<tr>
<td title='newMMIS_Subsystems.tptTesting.download834_monthly()'><b>download834_monthly</b><br>Test class: newMMIS_Subsystems.tptTesting<br>Parameters: 110020754C, 100226126041, 02/18/2020, 90<br/>
<a href="#Output-25936709" onClick='toggleBox("Output-25936709", this, "Show output", "Hide output");'>Show output</a>

<a href="#Output-25936709" onClick="toggleAllBoxes();">Show all outputs</a>
<div class='log' id="Output-25936709">
46.C:\Users\agandhi20\Desktop\Anshul\Workspace\Regression_TR\ScreenShots\_25_Feb_2020__07_24_29PM_172.31.86.14_TC download834.png<br/>
</div>
</td>
<td><div><pre>java.lang.AssertionError: Member 100226126041 is not in this 834 expected [true] but found [false]
	at newMMIS_Subsystems.Managedcare_Common.get834_tptTesting_monthlyFull(Unknown Source)
	at newMMIS_Subsystems.tptTesting.download834_monthly(Unknown Source)
... Removed 25 stack frames</pre></div><a href='#' onClick='toggleBox("stack-trace25936709", this, "Click to show all stack frames", "Click to hide stack frames")'>Click to show all stack frames</a>
<div class='stack-trace' id='stack-trace25936709'><pre>java.lang.AssertionError: Member 100226126041 is not in this 834 expected [true] but found [false]
	at org.testng.Assert.fail(Assert.java:94)
	at org.testng.Assert.failNotEquals(Assert.java:496)
	at org.testng.Assert.assertTrue(Assert.java:42)
	at newMMIS_Subsystems.Managedcare_Common.get834_tptTesting_monthlyFull(Unknown Source)
	at newMMIS_Subsystems.tptTesting.download834_monthly(Unknown Source)
	at sun.reflect.GeneratedMethodAccessor1.invoke(Unknown Source)
	at sun.reflect.DelegatingMethodAccessorImpl.invoke(DelegatingMethodAccessorImpl.java:43)
	at java.lang.reflect.Method.invoke(Method.java:498)
	at org.testng.internal.MethodInvocationHelper.invokeMethod(MethodInvocationHelper.java:85)
	at org.testng.internal.Invoker.invokeMethod(Invoker.java:639)
	at org.testng.internal.Invoker.invokeTestMethod(Invoker.java:816)
	at org.testng.internal.Invoker.invokeTestMethods(Invoker.java:1124)
	at org.testng.internal.TestMethodWorker.invokeTestMethods(TestMethodWorker.java:125)
	at org.testng.internal.TestMethodWorker.run(TestMethodWorker.java:108)
	at org.testng.TestRunner.privateRun(TestRunner.java:774)
	at org.testng.TestRunner.run(TestRunner.java:624)
	at org.testng.SuiteRunner.runTest(SuiteRunner.java:359)
	at org.testng.SuiteRunner.runSequentially(SuiteRunner.java:354)
	at org.testng.SuiteRunner.privateRun(SuiteRunner.java:312)
	at org.testng.SuiteRunner.run(SuiteRunner.java:261)
	at org.testng.SuiteRunnerWorker.runSuite(SuiteRunnerWorker.java:52)
	at org.testng.SuiteRunnerWorker.run(SuiteRunnerWorker.java:86)
	at org.testng.TestNG.runSuitesSequentially(TestNG.java:1215)
	at org.testng.TestNG.runSuitesLocally(TestNG.java:1140)
	at org.testng.TestNG.run(TestNG.java:1048)
	at org.testng.TestNG.privateMain(TestNG.java:1355)
	at org.testng.TestNG.main(TestNG.java:1324)
</pre></div></td>
<td>0</td>
<td>newMMIS_Subsystems.tptTesting@36f6e879</td></tr>
</table><p>
<table width='100%' border='1' class='invocation-passed'>
<tr><td colspan='4' align='center'><b>PASSED TESTS</b></td></tr>
<tr><td><b>Test method</b></td>
<td width="30%"><b>Exception</b></td>
<td width="10%"><b>Time (seconds)</b></td>
<td><b>Instance</b></td>
</tr>
<tr>
<td title='newMMIS_Subsystems.tptTesting.download834_monthly()'><b>download834_monthly</b><br>Test class: newMMIS_Subsystems.tptTesting<br>Parameters: 110088791D, 100226125101, 02/18/2020, 1</td>
<td></td>
<td>0</td>
<td>newMMIS_Subsystems.tptTesting@36f6e879</td></tr>
<tr>
<td title='newMMIS_Subsystems.tptTesting.download834_monthly()'><b>download834_monthly</b><br>Test class: newMMIS_Subsystems.tptTesting<br>Parameters: 110088791D, 100226125159, 02/18/2020, 2</td>
<td></td>
<td>0</td>
<td>newMMIS_Subsystems.tptTesting@36f6e879</td></tr>
<tr>
<td title='newMMIS_Subsystems.tptTesting.download834_monthly()'><b>download834_monthly</b><br>Test class: newMMIS_Subsystems.tptTesting<br>Parameters: 110088791D, 100226124913, 02/18/2020, 3</td>
<td></td>
<td>0</td>
<td>newMMIS_Subsystems.tptTesting@36f6e879</td></tr>
<tr>
<td title='newMMIS_Subsystems.tptTesting.download834_monthly()'><b>download834_monthly</b><br>Test class: newMMIS_Subsystems.tptTesting<br>Parameters: 110088791D, 100226124954, 02/18/2020, 4</td>
<td></td>
<td>0</td>
<td>newMMIS_Subsystems.tptTesting@36f6e879</td></tr>
<tr>
<td title='newMMIS_Subsystems.tptTesting.download834_monthly()'><b>download834_monthly</b><br>Test class: newMMIS_Subsystems.tptTesting<br>Parameters: 110088791D, 100226125241, 02/18/2020, 6</td>
<td></td>
<td>0</td>
<td>newMMIS_Subsystems.tptTesting@36f6e879</td></tr>
<tr>
<td title='newMMIS_Subsystems.tptTesting.download834_monthly()'><b>download834_monthly</b><br>Test class: newMMIS_Subsystems.tptTesting<br>Parameters: 110088791D, 100226125449, 02/18/2020, 7</td>
<td></td>
<td>0</td>
<td>newMMIS_Subsystems.tptTesting@36f6e879</td></tr>
<tr>
<td title='newMMIS_Subsystems.tptTesting.download834_monthly()'><b>download834_monthly</b><br>Test class: newMMIS_Subsystems.tptTesting<br>Parameters: 110088791D, 100226125589, 02/18/2020, 8</td>
<td></td>
<td>0</td>
<td>newMMIS_Subsystems.tptTesting@36f6e879</td></tr>
<tr>
<td title='newMMIS_Subsystems.tptTesting.download834_monthly()'><b>download834_monthly</b><br>Test class: newMMIS_Subsystems.tptTesting<br>Parameters: 110088791D, 100226125464, 02/18/2020, 9</td>
<td></td>
<td>0</td>
<td>newMMIS_Subsystems.tptTesting@36f6e879</td></tr>
<tr>
<td title='newMMIS_Subsystems.tptTesting.download834_monthly()'><b>download834_monthly</b><br>Test class: newMMIS_Subsystems.tptTesting<br>Parameters: 110088791D, 100226125597, 02/18/2020, 10</td>
<td></td>
<td>0</td>
<td>newMMIS_Subsystems.tptTesting@36f6e879</td></tr>
<tr>
<td title='newMMIS_Subsystems.tptTesting.download834_monthly()'><b>download834_monthly</b><br>Test class: newMMIS_Subsystems.tptTesting<br>Parameters: 110088791D, 100226125126, 02/18/2020, 15</td>
<td></td>
<td>0</td>
<td>newMMIS_Subsystems.tptTesting@36f6e879</td></tr>
<tr>
<td title='newMMIS_Subsystems.tptTesting.download834_monthly()'><b>download834_monthly</b><br>Test class: newMMIS_Subsystems.tptTesting<br>Parameters: 110088791D, 100226125167, 02/18/2020, 16</td>
<td></td>
<td>0</td>
<td>newMMIS_Subsystems.tptTesting@36f6e879</td></tr>
<tr>
<td title='newMMIS_Subsystems.tptTesting.download834_monthly()'><b>download834_monthly</b><br>Test class: newMMIS_Subsystems.tptTesting<br>Parameters: 110088791D, 100226125274, 02/18/2020, 19</td>
<td></td>
<td>0</td>
<td>newMMIS_Subsystems.tptTesting@36f6e879</td></tr>
<tr>
<td title='newMMIS_Subsystems.tptTesting.download834_monthly()'><b>download834_monthly</b><br>Test class: newMMIS_Subsystems.tptTesting<br>Parameters: 110088791D, 100226125282, 02/18/2020, 20</td>
<td></td>
<td>0</td>
<td>newMMIS_Subsystems.tptTesting@36f6e879</td></tr>
<tr>
<td title='newMMIS_Subsystems.tptTesting.download834_monthly()'><b>download834_monthly</b><br>Test class: newMMIS_Subsystems.tptTesting<br>Parameters: 110117869B, 100226125671, 02/18/2020, 21</td>
<td></td>
<td>0</td>
<td>newMMIS_Subsystems.tptTesting@36f6e879</td></tr>
<tr>
<td title='newMMIS_Subsystems.tptTesting.download834_monthly()'><b>download834_monthly</b><br>Test class: newMMIS_Subsystems.tptTesting<br>Parameters: 110117869B, 100226125721, 02/18/2020, 22</td>
<td></td>
<td>0</td>
<td>newMMIS_Subsystems.tptTesting@36f6e879</td></tr>
<tr>
<td title='newMMIS_Subsystems.tptTesting.download834_monthly()'><b>download834_monthly</b><br>Test class: newMMIS_Subsystems.tptTesting<br>Parameters: 110117869B, 100226125191, 02/18/2020, 23</td>
<td></td>
<td>0</td>
<td>newMMIS_Subsystems.tptTesting@36f6e879</td></tr>
<tr>
<td title='newMMIS_Subsystems.tptTesting.download834_monthly()'><b>download834_monthly</b><br>Test class: newMMIS_Subsystems.tptTesting<br>Parameters: 110117869B, 100226125209, 02/18/2020, 24</td>
<td></td>
<td>0</td>
<td>newMMIS_Subsystems.tptTesting@36f6e879</td></tr>
<tr>
<td title='newMMIS_Subsystems.tptTesting.download834_monthly()'><b>download834_monthly</b><br>Test class: newMMIS_Subsystems.tptTesting<br>Parameters: 110117869B, 100226124996, 02/18/2020, 25</td>
<td></td>
<td>0</td>
<td>newMMIS_Subsystems.tptTesting@36f6e879</td></tr>
<tr>
<td title='newMMIS_Subsystems.tptTesting.download834_monthly()'><b>download834_monthly</b><br>Test class: newMMIS_Subsystems.tptTesting<br>Parameters: 110117869B, 100226125001, 02/18/2020, 26</td>
<td></td>
<td>0</td>
<td>newMMIS_Subsystems.tptTesting@36f6e879</td></tr>
<tr>
<td title='newMMIS_Subsystems.tptTesting.download834_monthly()'><b>download834_monthly</b><br>Test class: newMMIS_Subsystems.tptTesting<br>Parameters: 110117869B, 100226125291, 02/18/2020, 27</td>
<td></td>
<td>0</td>
<td>newMMIS_Subsystems.tptTesting@36f6e879</td></tr>
<tr>
<td title='newMMIS_Subsystems.tptTesting.download834_monthly()'><b>download834_monthly</b><br>Test class: newMMIS_Subsystems.tptTesting<br>Parameters: 110117869B, 100226125308, 02/18/2020, 28</td>
<td></td>
<td>0</td>
<td>newMMIS_Subsystems.tptTesting@36f6e879</td></tr>
<tr>
<td title='newMMIS_Subsystems.tptTesting.download834_monthly()'><b>download834_monthly</b><br>Test class: newMMIS_Subsystems.tptTesting<br>Parameters: 110117869B, 100226125688, 02/18/2020, 33</td>
<td></td>
<td>0</td>
<td>newMMIS_Subsystems.tptTesting@36f6e879</td></tr>
<tr>
<td title='newMMIS_Subsystems.tptTesting.download834_monthly()'><b>download834_monthly</b><br>Test class: newMMIS_Subsystems.tptTesting<br>Parameters: 110117869B, 100226125712, 02/18/2020, 34</td>
<td></td>
<td>0</td>
<td>newMMIS_Subsystems.tptTesting@36f6e879</td></tr>
<tr>
<td title='newMMIS_Subsystems.tptTesting.download834_monthly()'><b>download834_monthly</b><br>Test class: newMMIS_Subsystems.tptTesting<br>Parameters: 110117869B, 100226125217, 02/18/2020, 35</td>
<td></td>
<td>0</td>
<td>newMMIS_Subsystems.tptTesting@36f6e879</td></tr>
<tr>
<td title='newMMIS_Subsystems.tptTesting.download834_monthly()'><b>download834_monthly</b><br>Test class: newMMIS_Subsystems.tptTesting<br>Parameters: 110117869B, 100226125225, 02/18/2020, 36</td>
<td></td>
<td>0</td>
<td>newMMIS_Subsystems.tptTesting@36f6e879</td></tr>
<tr>
<td title='newMMIS_Subsystems.tptTesting.download834_monthly()'><b>download834_monthly</b><br>Test class: newMMIS_Subsystems.tptTesting<br>Parameters: 110117869B, 100226125019, 02/18/2020, 37</td>
<td></td>
<td>0</td>
<td>newMMIS_Subsystems.tptTesting@36f6e879</td></tr>
<tr>
<td title='newMMIS_Subsystems.tptTesting.download834_monthly()'><b>download834_monthly</b><br>Test class: newMMIS_Subsystems.tptTesting<br>Parameters: 110117869B, 100226125027, 02/18/2020, 38</td>
<td></td>
<td>0</td>
<td>newMMIS_Subsystems.tptTesting@36f6e879</td></tr>
<tr>
<td title='newMMIS_Subsystems.tptTesting.download834_monthly()'><b>download834_monthly</b><br>Test class: newMMIS_Subsystems.tptTesting<br>Parameters: 110117869B, 100226125316, 02/18/2020, 39</td>
<td></td>
<td>0</td>
<td>newMMIS_Subsystems.tptTesting@36f6e879</td></tr>
<tr>
<td title='newMMIS_Subsystems.tptTesting.download834_monthly()'><b>download834_monthly</b><br>Test class: newMMIS_Subsystems.tptTesting<br>Parameters: 110117869B, 100226125324, 02/18/2020, 40</td>
<td></td>
<td>0</td>
<td>newMMIS_Subsystems.tptTesting@36f6e879</td></tr>
<tr>
<td title='newMMIS_Subsystems.tptTesting.download834_monthly()'><b>download834_monthly</b><br>Test class: newMMIS_Subsystems.tptTesting<br>Parameters: 110088791A, 100226125381, 02/18/2020, 51</td>
<td></td>
<td>0</td>
<td>newMMIS_Subsystems.tptTesting@36f6e879</td></tr>
<tr>
<td title='newMMIS_Subsystems.tptTesting.download834_monthly()'><b>download834_monthly</b><br>Test class: newMMIS_Subsystems.tptTesting<br>Parameters: 110088791A, 100226125407, 02/18/2020, 52</td>
<td></td>
<td>0</td>
<td>newMMIS_Subsystems.tptTesting@36f6e879</td></tr>
<tr>
<td title='newMMIS_Subsystems.tptTesting.download834_monthly()'><b>download834_monthly</b><br>Test class: newMMIS_Subsystems.tptTesting<br>Parameters: 110088791A, 100226125506, 02/18/2020, 53</td>
<td></td>
<td>0</td>
<td>newMMIS_Subsystems.tptTesting@36f6e879</td></tr>
<tr>
<td title='newMMIS_Subsystems.tptTesting.download834_monthly()'><b>download834_monthly</b><br>Test class: newMMIS_Subsystems.tptTesting<br>Parameters: 110088791A, 100226125514, 02/18/2020, 54</td>
<td></td>
<td>0</td>
<td>newMMIS_Subsystems.tptTesting@36f6e879</td></tr>
<tr>
<td title='newMMIS_Subsystems.tptTesting.download834_monthly()'><b>download834_monthly</b><br>Test class: newMMIS_Subsystems.tptTesting<br>Parameters: 110088791A, 100226125522, 02/18/2020, 55</td>
<td></td>
<td>0</td>
<td>newMMIS_Subsystems.tptTesting@36f6e879</td></tr>
<tr>
<td title='newMMIS_Subsystems.tptTesting.download834_monthly()'><b>download834_monthly</b><br>Test class: newMMIS_Subsystems.tptTesting<br>Parameters: 110088791A, 100226125639, 02/18/2020, 56</td>
<td></td>
<td>0</td>
<td>newMMIS_Subsystems.tptTesting@36f6e879</td></tr>
<tr>
<td title='newMMIS_Subsystems.tptTesting.download834_monthly()'><b>download834_monthly</b><br>Test class: newMMIS_Subsystems.tptTesting<br>Parameters: 110088791A, 100226125531, 02/18/2020, 57</td>
<td></td>
<td>0</td>
<td>newMMIS_Subsystems.tptTesting@36f6e879</td></tr>
<tr>
<td title='newMMIS_Subsystems.tptTesting.download834_monthly()'><b>download834_monthly</b><br>Test class: newMMIS_Subsystems.tptTesting<br>Parameters: 110088791A, 100226125548, 02/18/2020, 58</td>
<td></td>
<td>0</td>
<td>newMMIS_Subsystems.tptTesting@36f6e879</td></tr>
<tr>
<td title='newMMIS_Subsystems.tptTesting.download834_monthly()'><b>download834_monthly</b><br>Test class: newMMIS_Subsystems.tptTesting<br>Parameters: 110088791A, 100226124947, 02/18/2020, 61</td>
<td></td>
<td>0</td>
<td>newMMIS_Subsystems.tptTesting@36f6e879</td></tr>
<tr>
<td title='newMMIS_Subsystems.tptTesting.download834_monthly()'><b>download834_monthly</b><br>Test class: newMMIS_Subsystems.tptTesting<br>Parameters: 110088791A, 100226124988, 02/18/2020, 62</td>
<td></td>
<td>0</td>
<td>newMMIS_Subsystems.tptTesting@36f6e879</td></tr>
<tr>
<td title='newMMIS_Subsystems.tptTesting.download834_monthly()'><b>download834_monthly</b><br>Test class: newMMIS_Subsystems.tptTesting<br>Parameters: 110088791A, 100226125266, 02/18/2020, 64</td>
<td></td>
<td>0</td>
<td>newMMIS_Subsystems.tptTesting@36f6e879</td></tr>
<tr>
<td title='newMMIS_Subsystems.tptTesting.download834_monthly()'><b>download834_monthly</b><br>Test class: newMMIS_Subsystems.tptTesting<br>Parameters: 110088791A, 100226125415, 02/18/2020, 65</td>
<td></td>
<td>0</td>
<td>newMMIS_Subsystems.tptTesting@36f6e879</td></tr>
<tr>
<td title='newMMIS_Subsystems.tptTesting.download834_monthly()'><b>download834_monthly</b><br>Test class: newMMIS_Subsystems.tptTesting<br>Parameters: 110088791A, 100226125431, 02/18/2020, 66</td>
<td></td>
<td>0</td>
<td>newMMIS_Subsystems.tptTesting@36f6e879</td></tr>
<tr>
<td title='newMMIS_Subsystems.tptTesting.download834_monthly()'><b>download834_monthly</b><br>Test class: newMMIS_Subsystems.tptTesting<br>Parameters: 110088791A, 100226125563, 02/18/2020, 67</td>
<td></td>
<td>0</td>
<td>newMMIS_Subsystems.tptTesting@36f6e879</td></tr>
<tr>
<td title='newMMIS_Subsystems.tptTesting.download834_monthly()'><b>download834_monthly</b><br>Test class: newMMIS_Subsystems.tptTesting<br>Parameters: 110088791A, 100226125621, 02/18/2020, 68</td>
<td></td>
<td>0</td>
<td>newMMIS_Subsystems.tptTesting@36f6e879</td></tr>
</table><p>
</body>
</html>