<?xml version="1.0" encoding="UTF-8"?>
<!-- Generated by org.testng.reporters.JUnitXMLReporter -->
<testsuite hostname="US5CG4371HS5" name="TPT test" tests="90" failures="46" timestamp="26 Feb 2020 00:24:30 GMT" time="15.252" errors="0">
  <testcase name="download834_monthly" time="0.132" classname="newMMIS_Subsystems.tptTesting"/>
  <testcase name="download834_monthly" time="0.069" classname="newMMIS_Subsystems.tptTesting"/>
  <testcase name="download834_monthly" time="0.138" classname="newMMIS_Subsystems.tptTesting"/>
  <testcase name="download834_monthly" time="0.062" classname="newMMIS_Subsystems.tptTesting"/>
  <testcase name="download834_monthly" time="0.089" classname="newMMIS_Subsystems.tptTesting">
    <failure type="java.lang.AssertionError" message="Member 100226125233 is not in this 834 expected [true] but found [false]">
      <![CDATA[java.lang.AssertionError: Member 100226125233 is not in this 834 expected [true] but found [false]
	at newMMIS_Subsystems.Managedcare_Common.get834_tptTesting_monthlyFull(Unknown Source)
	at newMMIS_Subsystems.tptTesting.download834_monthly(Unknown Source)
... Removed 26 stack frames]]>
    </failure>
  </testcase> <!-- download834_monthly -->
  <testcase name="download834_monthly" time="0.075" classname="newMMIS_Subsystems.tptTesting"/>
  <testcase name="download834_monthly" time="0.033" classname="newMMIS_Subsystems.tptTesting"/>
  <testcase name="download834_monthly" time="0.179" classname="newMMIS_Subsystems.tptTesting"/>
  <testcase name="download834_monthly" time="0.028" classname="newMMIS_Subsystems.tptTesting"/>
  <testcase name="download834_monthly" time="0.044" classname="newMMIS_Subsystems.tptTesting"/>
  <testcase name="download834_monthly" time="0.03" classname="newMMIS_Subsystems.tptTesting">
    <failure type="java.lang.AssertionError" message="Member 100226125472 is not in this 834 expected [true] but found [false]">
      <![CDATA[java.lang.AssertionError: Member 100226125472 is not in this 834 expected [true] but found [false]
	at newMMIS_Subsystems.Managedcare_Common.get834_tptTesting_monthlyFull(Unknown Source)
	at newMMIS_Subsystems.tptTesting.download834_monthly(Unknown Source)
... Removed 26 stack frames]]>
    </failure>
  </testcase> <!-- download834_monthly -->
  <testcase name="download834_monthly" time="0.018" classname="newMMIS_Subsystems.tptTesting">
    <failure type="java.lang.AssertionError" message="Member 100226125605 is not in this 834 expected [true] but found [false]">
      <![CDATA[java.lang.AssertionError: Member 100226125605 is not in this 834 expected [true] but found [false]
	at newMMIS_Subsystems.Managedcare_Common.get834_tptTesting_monthlyFull(Unknown Source)
	at newMMIS_Subsystems.tptTesting.download834_monthly(Unknown Source)
... Removed 26 stack frames]]>
    </failure>
  </testcase> <!-- download834_monthly -->
  <testcase name="download834_monthly" time="0.017" classname="newMMIS_Subsystems.tptTesting">
    <failure type="java.lang.AssertionError" message="Member 100226125498 is not in this 834 expected [true] but found [false]">
      <![CDATA[java.lang.AssertionError: Member 100226125498 is not in this 834 expected [true] but found [false]
	at newMMIS_Subsystems.Managedcare_Common.get834_tptTesting_monthlyFull(Unknown Source)
	at newMMIS_Subsystems.tptTesting.download834_monthly(Unknown Source)
... Removed 26 stack frames]]>
    </failure>
  </testcase> <!-- download834_monthly -->
  <testcase name="download834_monthly" time="0.035" classname="newMMIS_Subsystems.tptTesting">
    <failure type="java.lang.AssertionError" message="Member 100226125613 is not in this 834 expected [true] but found [false]">
      <![CDATA[java.lang.AssertionError: Member 100226125613 is not in this 834 expected [true] but found [false]
	at newMMIS_Subsystems.Managedcare_Common.get834_tptTesting_monthlyFull(Unknown Source)
	at newMMIS_Subsystems.tptTesting.download834_monthly(Unknown Source)
... Removed 26 stack frames]]>
    </failure>
  </testcase> <!-- download834_monthly -->
  <testcase name="download834_monthly" time="0.03" classname="newMMIS_Subsystems.tptTesting"/>
  <testcase name="download834_monthly" time="0.054" classname="newMMIS_Subsystems.tptTesting"/>
  <testcase name="download834_monthly" time="0.044" classname="newMMIS_Subsystems.tptTesting">
    <failure type="java.lang.AssertionError" message="Member 100226124921 is not in this 834 expected [true] but found [false]">
      <![CDATA[java.lang.AssertionError: Member 100226124921 is not in this 834 expected [true] but found [false]
	at newMMIS_Subsystems.Managedcare_Common.get834_tptTesting_monthlyFull(Unknown Source)
	at newMMIS_Subsystems.tptTesting.download834_monthly(Unknown Source)
... Removed 25 stack frames]]>
    </failure>
  </testcase> <!-- download834_monthly -->
  <testcase name="download834_monthly" time="0.021" classname="newMMIS_Subsystems.tptTesting">
    <failure type="java.lang.AssertionError" message="Member 100226124971 is not in this 834 expected [true] but found [false]">
      <![CDATA[java.lang.AssertionError: Member 100226124971 is not in this 834 expected [true] but found [false]
	at newMMIS_Subsystems.Managedcare_Common.get834_tptTesting_monthlyFull(Unknown Source)
	at newMMIS_Subsystems.tptTesting.download834_monthly(Unknown Source)
... Removed 25 stack frames]]>
    </failure>
  </testcase> <!-- download834_monthly -->
  <testcase name="download834_monthly" time="0.028" classname="newMMIS_Subsystems.tptTesting"/>
  <testcase name="download834_monthly" time="0.026" classname="newMMIS_Subsystems.tptTesting"/>
  <testcase name="download834_monthly" time="0.033" classname="newMMIS_Subsystems.tptTesting"/>
  <testcase name="download834_monthly" time="0.031" classname="newMMIS_Subsystems.tptTesting"/>
  <testcase name="download834_monthly" time="0.025" classname="newMMIS_Subsystems.tptTesting"/>
  <testcase name="download834_monthly" time="0.022" classname="newMMIS_Subsystems.tptTesting"/>
  <testcase name="download834_monthly" time="0.013" classname="newMMIS_Subsystems.tptTesting"/>
  <testcase name="download834_monthly" time="0.017" classname="newMMIS_Subsystems.tptTesting"/>
  <testcase name="download834_monthly" time="0.012" classname="newMMIS_Subsystems.tptTesting"/>
  <testcase name="download834_monthly" time="0.012" classname="newMMIS_Subsystems.tptTesting"/>
  <testcase name="download834_monthly" time="0.014" classname="newMMIS_Subsystems.tptTesting">
    <failure type="java.lang.AssertionError" message="Member 100226125654 is not in this 834 expected [true] but found [false]">
      <![CDATA[java.lang.AssertionError: Member 100226125654 is not in this 834 expected [true] but found [false]
	at newMMIS_Subsystems.Managedcare_Common.get834_tptTesting_monthlyFull(Unknown Source)
	at newMMIS_Subsystems.tptTesting.download834_monthly(Unknown Source)
... Removed 25 stack frames]]>
    </failure>
  </testcase> <!-- download834_monthly -->
  <testcase name="download834_monthly" time="0.015" classname="newMMIS_Subsystems.tptTesting">
    <failure type="java.lang.AssertionError" message="Member 100226125696 is not in this 834 expected [true] but found [false]">
      <![CDATA[java.lang.AssertionError: Member 100226125696 is not in this 834 expected [true] but found [false]
	at newMMIS_Subsystems.Managedcare_Common.get834_tptTesting_monthlyFull(Unknown Source)
	at newMMIS_Subsystems.tptTesting.download834_monthly(Unknown Source)
... Removed 25 stack frames]]>
    </failure>
  </testcase> <!-- download834_monthly -->
  <testcase name="download834_monthly" time="0.02" classname="newMMIS_Subsystems.tptTesting">
    <failure type="java.lang.AssertionError" message="Member 100226125662 is not in this 834 expected [true] but found [false]">
      <![CDATA[java.lang.AssertionError: Member 100226125662 is not in this 834 expected [true] but found [false]
	at newMMIS_Subsystems.Managedcare_Common.get834_tptTesting_monthlyFull(Unknown Source)
	at newMMIS_Subsystems.tptTesting.download834_monthly(Unknown Source)
... Removed 25 stack frames]]>
    </failure>
  </testcase> <!-- download834_monthly -->
  <testcase name="download834_monthly" time="0.024" classname="newMMIS_Subsystems.tptTesting">
    <failure type="java.lang.AssertionError" message="Member 100226125704 is not in this 834 expected [true] but found [false]">
      <![CDATA[java.lang.AssertionError: Member 100226125704 is not in this 834 expected [true] but found [false]
	at newMMIS_Subsystems.Managedcare_Common.get834_tptTesting_monthlyFull(Unknown Source)
	at newMMIS_Subsystems.tptTesting.download834_monthly(Unknown Source)
... Removed 25 stack frames]]>
    </failure>
  </testcase> <!-- download834_monthly -->
  <testcase name="download834_monthly" time="0.029" classname="newMMIS_Subsystems.tptTesting"/>
  <testcase name="download834_monthly" time="0.022" classname="newMMIS_Subsystems.tptTesting"/>
  <testcase name="download834_monthly" time="0.029" classname="newMMIS_Subsystems.tptTesting"/>
  <testcase name="download834_monthly" time="0.034" classname="newMMIS_Subsystems.tptTesting"/>
  <testcase name="download834_monthly" time="0.037" classname="newMMIS_Subsystems.tptTesting"/>
  <testcase name="download834_monthly" time="0.025" classname="newMMIS_Subsystems.tptTesting"/>
  <testcase name="download834_monthly" time="0.029" classname="newMMIS_Subsystems.tptTesting"/>
  <testcase name="download834_monthly" time="0.028" classname="newMMIS_Subsystems.tptTesting"/>
  <testcase name="download834_monthly" time="0.031" classname="newMMIS_Subsystems.tptTesting">
    <failure type="java.lang.AssertionError" message="Member 100226125787 is not in this 834 expected [true] but found [false]">
      <![CDATA[java.lang.AssertionError: Member 100226125787 is not in this 834 expected [true] but found [false]
	at newMMIS_Subsystems.Managedcare_Common.get834_tptTesting_monthlyFull(Unknown Source)
	at newMMIS_Subsystems.tptTesting.download834_monthly(Unknown Source)
... Removed 25 stack frames]]>
    </failure>
  </testcase> <!-- download834_monthly -->
  <testcase name="download834_monthly" time="0.021" classname="newMMIS_Subsystems.tptTesting">
    <failure type="java.lang.AssertionError" message="Member 100226125861 is not in this 834 expected [true] but found [false]">
      <![CDATA[java.lang.AssertionError: Member 100226125861 is not in this 834 expected [true] but found [false]
	at newMMIS_Subsystems.Managedcare_Common.get834_tptTesting_monthlyFull(Unknown Source)
	at newMMIS_Subsystems.tptTesting.download834_monthly(Unknown Source)
... Removed 25 stack frames]]>
    </failure>
  </testcase> <!-- download834_monthly -->
  <testcase name="download834_monthly" time="0.016" classname="newMMIS_Subsystems.tptTesting">
    <failure type="java.lang.AssertionError" message="Member 100226125795 is not in this 834 expected [true] but found [false]">
      <![CDATA[java.lang.AssertionError: Member 100226125795 is not in this 834 expected [true] but found [false]
	at newMMIS_Subsystems.Managedcare_Common.get834_tptTesting_monthlyFull(Unknown Source)
	at newMMIS_Subsystems.tptTesting.download834_monthly(Unknown Source)
... Removed 25 stack frames]]>
    </failure>
  </testcase> <!-- download834_monthly -->
  <testcase name="download834_monthly" time="0.017" classname="newMMIS_Subsystems.tptTesting">
    <failure type="java.lang.AssertionError" message="Member 100226125878 is not in this 834 expected [true] but found [false]">
      <![CDATA[java.lang.AssertionError: Member 100226125878 is not in this 834 expected [true] but found [false]
	at newMMIS_Subsystems.Managedcare_Common.get834_tptTesting_monthlyFull(Unknown Source)
	at newMMIS_Subsystems.tptTesting.download834_monthly(Unknown Source)
... Removed 25 stack frames]]>
    </failure>
  </testcase> <!-- download834_monthly -->
  <testcase name="download834_monthly" time="0.019" classname="newMMIS_Subsystems.tptTesting">
    <failure type="java.lang.AssertionError" message="Member 100226125803 is not in this 834 expected [true] but found [false]">
      <![CDATA[java.lang.AssertionError: Member 100226125803 is not in this 834 expected [true] but found [false]
	at newMMIS_Subsystems.Managedcare_Common.get834_tptTesting_monthlyFull(Unknown Source)
	at newMMIS_Subsystems.tptTesting.download834_monthly(Unknown Source)
... Removed 25 stack frames]]>
    </failure>
  </testcase> <!-- download834_monthly -->
  <testcase name="download834_monthly" time="0.017" classname="newMMIS_Subsystems.tptTesting">
    <failure type="java.lang.AssertionError" message="Member 100226125886 is not in this 834 expected [true] but found [false]">
      <![CDATA[java.lang.AssertionError: Member 100226125886 is not in this 834 expected [true] but found [false]
	at newMMIS_Subsystems.Managedcare_Common.get834_tptTesting_monthlyFull(Unknown Source)
	at newMMIS_Subsystems.tptTesting.download834_monthly(Unknown Source)
... Removed 25 stack frames]]>
    </failure>
  </testcase> <!-- download834_monthly -->
  <testcase name="download834_monthly" time="0.019" classname="newMMIS_Subsystems.tptTesting">
    <failure type="java.lang.AssertionError" message="Member 100226125829 is not in this 834 expected [true] but found [false]">
      <![CDATA[java.lang.AssertionError: Member 100226125829 is not in this 834 expected [true] but found [false]
	at newMMIS_Subsystems.Managedcare_Common.get834_tptTesting_monthlyFull(Unknown Source)
	at newMMIS_Subsystems.tptTesting.download834_monthly(Unknown Source)
... Removed 25 stack frames]]>
    </failure>
  </testcase> <!-- download834_monthly -->
  <testcase name="download834_monthly" time="0.073" classname="newMMIS_Subsystems.tptTesting">
    <failure type="java.lang.AssertionError" message="Member 100226125902 is not in this 834 expected [true] but found [false]">
      <![CDATA[java.lang.AssertionError: Member 100226125902 is not in this 834 expected [true] but found [false]
	at newMMIS_Subsystems.Managedcare_Common.get834_tptTesting_monthlyFull(Unknown Source)
	at newMMIS_Subsystems.tptTesting.download834_monthly(Unknown Source)
... Removed 25 stack frames]]>
    </failure>
  </testcase> <!-- download834_monthly -->
  <testcase name="download834_monthly" time="0.017" classname="newMMIS_Subsystems.tptTesting">
    <failure type="java.lang.AssertionError" message="Member 100226125845 is not in this 834 expected [true] but found [false]">
      <![CDATA[java.lang.AssertionError: Member 100226125845 is not in this 834 expected [true] but found [false]
	at newMMIS_Subsystems.Managedcare_Common.get834_tptTesting_monthlyFull(Unknown Source)
	at newMMIS_Subsystems.tptTesting.download834_monthly(Unknown Source)
... Removed 25 stack frames]]>
    </failure>
  </testcase> <!-- download834_monthly -->
  <testcase name="download834_monthly" time="0.016" classname="newMMIS_Subsystems.tptTesting">
    <failure type="java.lang.AssertionError" message="Member 100226125911 is not in this 834 expected [true] but found [false]">
      <![CDATA[java.lang.AssertionError: Member 100226125911 is not in this 834 expected [true] but found [false]
	at newMMIS_Subsystems.Managedcare_Common.get834_tptTesting_monthlyFull(Unknown Source)
	at newMMIS_Subsystems.tptTesting.download834_monthly(Unknown Source)
... Removed 25 stack frames]]>
    </failure>
  </testcase> <!-- download834_monthly -->
  <testcase name="download834_monthly" time="0.024" classname="newMMIS_Subsystems.tptTesting"/>
  <testcase name="download834_monthly" time="0.013" classname="newMMIS_Subsystems.tptTesting"/>
  <testcase name="download834_monthly" time="0.021" classname="newMMIS_Subsystems.tptTesting"/>
  <testcase name="download834_monthly" time="0.029" classname="newMMIS_Subsystems.tptTesting"/>
  <testcase name="download834_monthly" time="0.013" classname="newMMIS_Subsystems.tptTesting"/>
  <testcase name="download834_monthly" time="0.019" classname="newMMIS_Subsystems.tptTesting"/>
  <testcase name="download834_monthly" time="0.013" classname="newMMIS_Subsystems.tptTesting"/>
  <testcase name="download834_monthly" time="0.013" classname="newMMIS_Subsystems.tptTesting"/>
  <testcase name="download834_monthly" time="0.015" classname="newMMIS_Subsystems.tptTesting">
    <failure type="java.lang.AssertionError" message="Member 100226125134 is not in this 834 expected [true] but found [false]">
      <![CDATA[java.lang.AssertionError: Member 100226125134 is not in this 834 expected [true] but found [false]
	at newMMIS_Subsystems.Managedcare_Common.get834_tptTesting_monthlyFull(Unknown Source)
	at newMMIS_Subsystems.tptTesting.download834_monthly(Unknown Source)
... Removed 25 stack frames]]>
    </failure>
  </testcase> <!-- download834_monthly -->
  <testcase name="download834_monthly" time="0.016" classname="newMMIS_Subsystems.tptTesting">
    <failure type="java.lang.AssertionError" message="Member 100226125183 is not in this 834 expected [true] but found [false]">
      <![CDATA[java.lang.AssertionError: Member 100226125183 is not in this 834 expected [true] but found [false]
	at newMMIS_Subsystems.Managedcare_Common.get834_tptTesting_monthlyFull(Unknown Source)
	at newMMIS_Subsystems.tptTesting.download834_monthly(Unknown Source)
... Removed 25 stack frames]]>
    </failure>
  </testcase> <!-- download834_monthly -->
  <testcase name="download834_monthly" time="0.038" classname="newMMIS_Subsystems.tptTesting"/>
  <testcase name="download834_monthly" time="0.034" classname="newMMIS_Subsystems.tptTesting"/>
  <testcase name="download834_monthly" time="0.029" classname="newMMIS_Subsystems.tptTesting">
    <failure type="java.lang.AssertionError" message="Member 100226125555 is not in this 834 expected [true] but found [false]">
      <![CDATA[java.lang.AssertionError: Member 100226125555 is not in this 834 expected [true] but found [false]
	at newMMIS_Subsystems.Managedcare_Common.get834_tptTesting_monthlyFull(Unknown Source)
	at newMMIS_Subsystems.tptTesting.download834_monthly(Unknown Source)
... Removed 25 stack frames]]>
    </failure>
  </testcase> <!-- download834_monthly -->
  <testcase name="download834_monthly" time="0.034" classname="newMMIS_Subsystems.tptTesting"/>
  <testcase name="download834_monthly" time="0.03" classname="newMMIS_Subsystems.tptTesting"/>
  <testcase name="download834_monthly" time="0.032" classname="newMMIS_Subsystems.tptTesting"/>
  <testcase name="download834_monthly" time="0.032" classname="newMMIS_Subsystems.tptTesting"/>
  <testcase name="download834_monthly" time="0.034" classname="newMMIS_Subsystems.tptTesting"/>
  <testcase name="download834_monthly" time="0.042" classname="newMMIS_Subsystems.tptTesting">
    <failure type="java.lang.AssertionError" message="Member 100226125571 is not in this 834 expected [true] but found [false]">
      <![CDATA[java.lang.AssertionError: Member 100226125571 is not in this 834 expected [true] but found [false]
	at newMMIS_Subsystems.Managedcare_Common.get834_tptTesting_monthlyFull(Unknown Source)
	at newMMIS_Subsystems.tptTesting.download834_monthly(Unknown Source)
... Removed 25 stack frames]]>
    </failure>
  </testcase> <!-- download834_monthly -->
  <testcase name="download834_monthly" time="0.025" classname="newMMIS_Subsystems.tptTesting">
    <failure type="java.lang.AssertionError" message="Member 100226125647 is not in this 834 expected [true] but found [false]">
      <![CDATA[java.lang.AssertionError: Member 100226125647 is not in this 834 expected [true] but found [false]
	at newMMIS_Subsystems.Managedcare_Common.get834_tptTesting_monthlyFull(Unknown Source)
	at newMMIS_Subsystems.tptTesting.download834_monthly(Unknown Source)
... Removed 25 stack frames]]>
    </failure>
  </testcase> <!-- download834_monthly -->
  <testcase name="download834_monthly" time="0.037" classname="newMMIS_Subsystems.tptTesting">
    <failure type="java.lang.AssertionError" message="Member 100226126058 is not in this 834 expected [true] but found [false]">
      <![CDATA[java.lang.AssertionError: Member 100226126058 is not in this 834 expected [true] but found [false]
	at newMMIS_Subsystems.Managedcare_Common.get834_tptTesting_monthlyFull(Unknown Source)
	at newMMIS_Subsystems.tptTesting.download834_monthly(Unknown Source)
... Removed 25 stack frames]]>
    </failure>
  </testcase> <!-- download834_monthly -->
  <testcase name="download834_monthly" time="0.016" classname="newMMIS_Subsystems.tptTesting">
    <failure type="java.lang.AssertionError" message="Member 100226126116 is not in this 834 expected [true] but found [false]">
      <![CDATA[java.lang.AssertionError: Member 100226126116 is not in this 834 expected [true] but found [false]
	at newMMIS_Subsystems.Managedcare_Common.get834_tptTesting_monthlyFull(Unknown Source)
	at newMMIS_Subsystems.tptTesting.download834_monthly(Unknown Source)
... Removed 25 stack frames]]>
    </failure>
  </testcase> <!-- download834_monthly -->
  <testcase name="download834_monthly" time="0.017" classname="newMMIS_Subsystems.tptTesting">
    <failure type="java.lang.AssertionError" message="Member 100226126066 is not in this 834 expected [true] but found [false]">
      <![CDATA[java.lang.AssertionError: Member 100226126066 is not in this 834 expected [true] but found [false]
	at newMMIS_Subsystems.Managedcare_Common.get834_tptTesting_monthlyFull(Unknown Source)
	at newMMIS_Subsystems.tptTesting.download834_monthly(Unknown Source)
... Removed 25 stack frames]]>
    </failure>
  </testcase> <!-- download834_monthly -->
  <testcase name="download834_monthly" time="0.028" classname="newMMIS_Subsystems.tptTesting">
    <failure type="java.lang.AssertionError" message="Member 100226126124 is not in this 834 expected [true] but found [false]">
      <![CDATA[java.lang.AssertionError: Member 100226126124 is not in this 834 expected [true] but found [false]
	at newMMIS_Subsystems.Managedcare_Common.get834_tptTesting_monthlyFull(Unknown Source)
	at newMMIS_Subsystems.tptTesting.download834_monthly(Unknown Source)
... Removed 25 stack frames]]>
    </failure>
  </testcase> <!-- download834_monthly -->
  <testcase name="download834_monthly" time="0.019" classname="newMMIS_Subsystems.tptTesting">
    <failure type="java.lang.AssertionError" message="Member 100226126074 is not in this 834 expected [true] but found [false]">
      <![CDATA[java.lang.AssertionError: Member 100226126074 is not in this 834 expected [true] but found [false]
	at newMMIS_Subsystems.Managedcare_Common.get834_tptTesting_monthlyFull(Unknown Source)
	at newMMIS_Subsystems.tptTesting.download834_monthly(Unknown Source)
... Removed 25 stack frames]]>
    </failure>
  </testcase> <!-- download834_monthly -->
  <testcase name="download834_monthly" time="0.016" classname="newMMIS_Subsystems.tptTesting">
    <failure type="java.lang.AssertionError" message="Member 100226126132 is not in this 834 expected [true] but found [false]">
      <![CDATA[java.lang.AssertionError: Member 100226126132 is not in this 834 expected [true] but found [false]
	at newMMIS_Subsystems.Managedcare_Common.get834_tptTesting_monthlyFull(Unknown Source)
	at newMMIS_Subsystems.tptTesting.download834_monthly(Unknown Source)
... Removed 25 stack frames]]>
    </failure>
  </testcase> <!-- download834_monthly -->
  <testcase name="download834_monthly" time="0.02" classname="newMMIS_Subsystems.tptTesting">
    <failure type="java.lang.AssertionError" message="Member 100226126082 is not in this 834 expected [true] but found [false]">
      <![CDATA[java.lang.AssertionError: Member 100226126082 is not in this 834 expected [true] but found [false]
	at newMMIS_Subsystems.Managedcare_Common.get834_tptTesting_monthlyFull(Unknown Source)
	at newMMIS_Subsystems.tptTesting.download834_monthly(Unknown Source)
... Removed 25 stack frames]]>
    </failure>
  </testcase> <!-- download834_monthly -->
  <testcase name="download834_monthly" time="0.021" classname="newMMIS_Subsystems.tptTesting">
    <failure type="java.lang.AssertionError" message="Member 100226126157 is not in this 834 expected [true] but found [false]">
      <![CDATA[java.lang.AssertionError: Member 100226126157 is not in this 834 expected [true] but found [false]
	at newMMIS_Subsystems.Managedcare_Common.get834_tptTesting_monthlyFull(Unknown Source)
	at newMMIS_Subsystems.tptTesting.download834_monthly(Unknown Source)
... Removed 25 stack frames]]>
    </failure>
  </testcase> <!-- download834_monthly -->
  <testcase name="download834_monthly" time="0.025" classname="newMMIS_Subsystems.tptTesting">
    <failure type="java.lang.AssertionError" message="Member 100226126091 is not in this 834 expected [true] but found [false]">
      <![CDATA[java.lang.AssertionError: Member 100226126091 is not in this 834 expected [true] but found [false]
	at newMMIS_Subsystems.Managedcare_Common.get834_tptTesting_monthlyFull(Unknown Source)
	at newMMIS_Subsystems.tptTesting.download834_monthly(Unknown Source)
... Removed 25 stack frames]]>
    </failure>
  </testcase> <!-- download834_monthly -->
  <testcase name="download834_monthly" time="0.097" classname="newMMIS_Subsystems.tptTesting">
    <failure type="java.lang.AssertionError" message="Member 100226126165 is not in this 834 expected [true] but found [false]">
      <![CDATA[java.lang.AssertionError: Member 100226126165 is not in this 834 expected [true] but found [false]
	at newMMIS_Subsystems.Managedcare_Common.get834_tptTesting_monthlyFull(Unknown Source)
	at newMMIS_Subsystems.tptTesting.download834_monthly(Unknown Source)
... Removed 25 stack frames]]>
    </failure>
  </testcase> <!-- download834_monthly -->
  <testcase name="download834_monthly" time="0.037" classname="newMMIS_Subsystems.tptTesting">
    <failure type="java.lang.AssertionError" message="Member 100226125936 is not in this 834 expected [true] but found [false]">
      <![CDATA[java.lang.AssertionError: Member 100226125936 is not in this 834 expected [true] but found [false]
	at newMMIS_Subsystems.Managedcare_Common.get834_tptTesting_monthlyFull(Unknown Source)
	at newMMIS_Subsystems.tptTesting.download834_monthly(Unknown Source)
... Removed 25 stack frames]]>
    </failure>
  </testcase> <!-- download834_monthly -->
  <testcase name="download834_monthly" time="0.018" classname="newMMIS_Subsystems.tptTesting">
    <failure type="java.lang.AssertionError" message="Member 100226125993 is not in this 834 expected [true] but found [false]">
      <![CDATA[java.lang.AssertionError: Member 100226125993 is not in this 834 expected [true] but found [false]
	at newMMIS_Subsystems.Managedcare_Common.get834_tptTesting_monthlyFull(Unknown Source)
	at newMMIS_Subsystems.tptTesting.download834_monthly(Unknown Source)
... Removed 25 stack frames]]>
    </failure>
  </testcase> <!-- download834_monthly -->
  <testcase name="download834_monthly" time="0.022" classname="newMMIS_Subsystems.tptTesting">
    <failure type="java.lang.AssertionError" message="Member 100226125944 is not in this 834 expected [true] but found [false]">
      <![CDATA[java.lang.AssertionError: Member 100226125944 is not in this 834 expected [true] but found [false]
	at newMMIS_Subsystems.Managedcare_Common.get834_tptTesting_monthlyFull(Unknown Source)
	at newMMIS_Subsystems.tptTesting.download834_monthly(Unknown Source)
... Removed 25 stack frames]]>
    </failure>
  </testcase> <!-- download834_monthly -->
  <testcase name="download834_monthly" time="0.016" classname="newMMIS_Subsystems.tptTesting">
    <failure type="java.lang.AssertionError" message="Member 100226126009 is not in this 834 expected [true] but found [false]">
      <![CDATA[java.lang.AssertionError: Member 100226126009 is not in this 834 expected [true] but found [false]
	at newMMIS_Subsystems.Managedcare_Common.get834_tptTesting_monthlyFull(Unknown Source)
	at newMMIS_Subsystems.tptTesting.download834_monthly(Unknown Source)
... Removed 25 stack frames]]>
    </failure>
  </testcase> <!-- download834_monthly -->
  <testcase name="download834_monthly" time="0.021" classname="newMMIS_Subsystems.tptTesting">
    <failure type="java.lang.AssertionError" message="Member 100226125951 is not in this 834 expected [true] but found [false]">
      <![CDATA[java.lang.AssertionError: Member 100226125951 is not in this 834 expected [true] but found [false]
	at newMMIS_Subsystems.Managedcare_Common.get834_tptTesting_monthlyFull(Unknown Source)
	at newMMIS_Subsystems.tptTesting.download834_monthly(Unknown Source)
... Removed 25 stack frames]]>
    </failure>
  </testcase> <!-- download834_monthly -->
  <testcase name="download834_monthly" time="0.033" classname="newMMIS_Subsystems.tptTesting">
    <failure type="java.lang.AssertionError" message="Member 100226126017 is not in this 834 expected [true] but found [false]">
      <![CDATA[java.lang.AssertionError: Member 100226126017 is not in this 834 expected [true] but found [false]
	at newMMIS_Subsystems.Managedcare_Common.get834_tptTesting_monthlyFull(Unknown Source)
	at newMMIS_Subsystems.tptTesting.download834_monthly(Unknown Source)
... Removed 25 stack frames]]>
    </failure>
  </testcase> <!-- download834_monthly -->
  <testcase name="download834_monthly" time="0.019" classname="newMMIS_Subsystems.tptTesting">
    <failure type="java.lang.AssertionError" message="Member 100226125969 is not in this 834 expected [true] but found [false]">
      <![CDATA[java.lang.AssertionError: Member 100226125969 is not in this 834 expected [true] but found [false]
	at newMMIS_Subsystems.Managedcare_Common.get834_tptTesting_monthlyFull(Unknown Source)
	at newMMIS_Subsystems.tptTesting.download834_monthly(Unknown Source)
... Removed 25 stack frames]]>
    </failure>
  </testcase> <!-- download834_monthly -->
  <testcase name="download834_monthly" time="0.02" classname="newMMIS_Subsystems.tptTesting">
    <failure type="java.lang.AssertionError" message="Member 100226126033 is not in this 834 expected [true] but found [false]">
      <![CDATA[java.lang.AssertionError: Member 100226126033 is not in this 834 expected [true] but found [false]
	at newMMIS_Subsystems.Managedcare_Common.get834_tptTesting_monthlyFull(Unknown Source)
	at newMMIS_Subsystems.tptTesting.download834_monthly(Unknown Source)
... Removed 25 stack frames]]>
    </failure>
  </testcase> <!-- download834_monthly -->
  <testcase name="download834_monthly" time="0.018" classname="newMMIS_Subsystems.tptTesting">
    <failure type="java.lang.AssertionError" message="Member 100226125977 is not in this 834 expected [true] but found [false]">
      <![CDATA[java.lang.AssertionError: Member 100226125977 is not in this 834 expected [true] but found [false]
	at newMMIS_Subsystems.Managedcare_Common.get834_tptTesting_monthlyFull(Unknown Source)
	at newMMIS_Subsystems.tptTesting.download834_monthly(Unknown Source)
... Removed 25 stack frames]]>
    </failure>
  </testcase> <!-- download834_monthly -->
  <testcase name="download834_monthly" time="0.015" classname="newMMIS_Subsystems.tptTesting">
    <failure type="java.lang.AssertionError" message="Member 100226126041 is not in this 834 expected [true] but found [false]">
      <![CDATA[java.lang.AssertionError: Member 100226126041 is not in this 834 expected [true] but found [false]
	at newMMIS_Subsystems.Managedcare_Common.get834_tptTesting_monthlyFull(Unknown Source)
	at newMMIS_Subsystems.tptTesting.download834_monthly(Unknown Source)
... Removed 25 stack frames]]>
    </failure>
  </testcase> <!-- download834_monthly -->
</testsuite> <!-- TPT test -->
