<html>
<head>
<title>TestNG:  Portal1 test</title>
<link href="../testng.css" rel="stylesheet" type="text/css" />
<link href="../my-testng.css" rel="stylesheet" type="text/css" />

<style type="text/css">
.log { display: none;} 
.stack-trace { display: none;} 
</style>
<script type="text/javascript">
<!--
function flip(e) {
  current = e.style.display;
  if (current == 'block') {
    e.style.display = 'none';
    return 0;
  }
  else {
    e.style.display = 'block';
    return 1;
  }
}

function toggleBox(szDivId, elem, msg1, msg2)
{
  var res = -1;  if (document.getElementById) {
    res = flip(document.getElementById(szDivId));
  }
  else if (document.all) {
    // this is the way old msie versions work
    res = flip(document.all[szDivId]);
  }
  if(elem) {
    if(res == 0) elem.innerHTML = msg1; else elem.innerHTML = msg2;
  }

}

function toggleAllBoxes() {
  if (document.getElementsByTagName) {
    d = document.getElementsByTagName('div');
    for (i = 0; i < d.length; i++) {
      if (d[i].className == 'log') {
        flip(d[i]);
      }
    }
  }
}

// -->
</script>

</head>
<body>
<h2 align='center'>Portal1 test</h2><table border='1' align="center">
<tr>
<td>Tests passed/Failed/Skipped:</td><td>120/7/12</td>
</tr><tr>
<td>Started on:</td><td>Wed Sep 18 21:26:53 EDT 2013</td>
</tr>
<tr><td>Total time:</td><td>5559 seconds (5559271 ms)</td>
</tr><tr>
<td>Included groups:</td><td></td>
</tr><tr>
<td>Excluded groups:</td><td></td>
</tr>
</table><p/>
<small><i>(Hover the method name to see the test class name)</i></small><p/>
<table width='100%' border='1' class='invocation-failed'>
<tr><td colspan='4' align='center'><b>FAILED TESTS</b></td></tr>
<tr><td><b>Test method</b></td>
<td width="30%"><b>Exception</b></td>
<td width="10%"><b>Time (seconds)</b></td>
<td><b>Instance</b></td>
</tr>
<tr>
<td title='newMMIS_Subsystems.Portal1.RM_1231_665()'><b>RM_1231_665</b><br>Test class: newMMIS_Subsystems.Portal1<br/>
<a href="#Output-1368060462" onClick='toggleBox("Output-1368060462", this, "Show output", "Hide output");'>Show output</a>

<a href="#Output-1368060462" onClick="toggleAllBoxes();">Show all outputs</a>
<div class='log' id="Output-1368060462">
8.C:\Users\gandhian\Desktop\Anshul\Workspace\Regression\ScreenShots\_18_Sep_2013__10_53_17PM_172.31.59.34_TC RM_1231_665.png<br/>
</div>
</td>
<td><div><pre>java.lang.AssertionError: Did not get RM 1231 / 665 Senior Care Options. Payment limited to SCO. Authorization needed for all services except emergencies. Call Tufts Health Plan Senior Care Options - 855-670-5934 expected [true] but found [false]
	at newMMIS_Subsystems.Portal1.rmCommon(Unknown Source)
	at newMMIS_Subsystems.Portal1.RM_1231_665(Unknown Source)
... Removed 26 stack frames</pre></div><a href='#' onClick='toggleBox("stack-trace1368060462", this, "Click to show all stack frames", "Click to hide stack frames")'>Click to show all stack frames</a>
<div class='stack-trace' id='stack-trace1368060462'><pre>java.lang.AssertionError: Did not get RM 1231 / 665 Senior Care Options. Payment limited to SCO. Authorization needed for all services except emergencies. Call Tufts Health Plan Senior Care Options - 855-670-5934 expected [true] but found [false]
	at org.testng.Assert.fail(Assert.java:94)
	at org.testng.Assert.failNotEquals(Assert.java:494)
	at org.testng.Assert.assertTrue(Assert.java:42)
	at newMMIS_Subsystems.Portal1.rmCommon(Unknown Source)
	at newMMIS_Subsystems.Portal1.RM_1231_665(Unknown Source)
	at sun.reflect.NativeMethodAccessorImpl.invoke0(Native Method)
	at sun.reflect.NativeMethodAccessorImpl.invoke(Unknown Source)
	at sun.reflect.DelegatingMethodAccessorImpl.invoke(Unknown Source)
	at java.lang.reflect.Method.invoke(Unknown Source)
	at org.testng.internal.MethodInvocationHelper.invokeMethod(MethodInvocationHelper.java:80)
	at org.testng.internal.Invoker.invokeMethod(Invoker.java:714)
	at org.testng.internal.Invoker.invokeTestMethod(Invoker.java:901)
	at org.testng.internal.Invoker.invokeTestMethods(Invoker.java:1231)
	at org.testng.internal.TestMethodWorker.invokeTestMethods(TestMethodWorker.java:127)
	at org.testng.internal.TestMethodWorker.run(TestMethodWorker.java:111)
	at org.testng.TestRunner.privateRun(TestRunner.java:767)
	at org.testng.TestRunner.run(TestRunner.java:617)
	at org.testng.SuiteRunner.runTest(SuiteRunner.java:334)
	at org.testng.SuiteRunner.runSequentially(SuiteRunner.java:329)
	at org.testng.SuiteRunner.privateRun(SuiteRunner.java:291)
	at org.testng.SuiteRunner.run(SuiteRunner.java:240)
	at org.testng.SuiteRunnerWorker.runSuite(SuiteRunnerWorker.java:52)
	at org.testng.SuiteRunnerWorker.run(SuiteRunnerWorker.java:86)
	at org.testng.TestNG.runSuitesSequentially(TestNG.java:1198)
	at org.testng.TestNG.runSuitesLocally(TestNG.java:1123)
	at org.testng.TestNG.run(TestNG.java:1031)
	at org.testng.TestNG.privateMain(TestNG.java:1338)
	at org.testng.TestNG.main(TestNG.java:1307)
</pre></div></td>
<td>6</td>
<td>newMMIS_Subsystems.Portal1@3e478ad6</td></tr>
<tr>
<td title='newMMIS_Subsystems.Portal1.RM_35_522()'><b>RM_35_522</b><br>Test class: newMMIS_Subsystems.Portal1<br/>
<a href="#Output-399301897" onClick='toggleBox("Output-399301897", this, "Show output", "Hide output");'>Show output</a>

<a href="#Output-399301897" onClick="toggleAllBoxes();">Show all outputs</a>
<div class='log' id="Output-399301897">
2.C:\Users\gandhian\Desktop\Anshul\Workspace\Regression\ScreenShots\_18_Sep_2013__09_32_43PM_172.31.59.34_TC RM_35_522.png<br/>
</div>
</td>
<td><div><pre>java.lang.AssertionError: Did not get RM 35 / 522 Eligible for emergency services only. expected [true] but found [false]
	at newMMIS_Subsystems.Portal1.rmCommon(Unknown Source)
	at newMMIS_Subsystems.Portal1.RM_35_522(Unknown Source)
... Removed 26 stack frames</pre></div><a href='#' onClick='toggleBox("stack-trace399301897", this, "Click to show all stack frames", "Click to hide stack frames")'>Click to show all stack frames</a>
<div class='stack-trace' id='stack-trace399301897'><pre>java.lang.AssertionError: Did not get RM 35 / 522 Eligible for emergency services only. expected [true] but found [false]
	at org.testng.Assert.fail(Assert.java:94)
	at org.testng.Assert.failNotEquals(Assert.java:494)
	at org.testng.Assert.assertTrue(Assert.java:42)
	at newMMIS_Subsystems.Portal1.rmCommon(Unknown Source)
	at newMMIS_Subsystems.Portal1.RM_35_522(Unknown Source)
	at sun.reflect.NativeMethodAccessorImpl.invoke0(Native Method)
	at sun.reflect.NativeMethodAccessorImpl.invoke(Unknown Source)
	at sun.reflect.DelegatingMethodAccessorImpl.invoke(Unknown Source)
	at java.lang.reflect.Method.invoke(Unknown Source)
	at org.testng.internal.MethodInvocationHelper.invokeMethod(MethodInvocationHelper.java:80)
	at org.testng.internal.Invoker.invokeMethod(Invoker.java:714)
	at org.testng.internal.Invoker.invokeTestMethod(Invoker.java:901)
	at org.testng.internal.Invoker.invokeTestMethods(Invoker.java:1231)
	at org.testng.internal.TestMethodWorker.invokeTestMethods(TestMethodWorker.java:127)
	at org.testng.internal.TestMethodWorker.run(TestMethodWorker.java:111)
	at org.testng.TestRunner.privateRun(TestRunner.java:767)
	at org.testng.TestRunner.run(TestRunner.java:617)
	at org.testng.SuiteRunner.runTest(SuiteRunner.java:334)
	at org.testng.SuiteRunner.runSequentially(SuiteRunner.java:329)
	at org.testng.SuiteRunner.privateRun(SuiteRunner.java:291)
	at org.testng.SuiteRunner.run(SuiteRunner.java:240)
	at org.testng.SuiteRunnerWorker.runSuite(SuiteRunnerWorker.java:52)
	at org.testng.SuiteRunnerWorker.run(SuiteRunnerWorker.java:86)
	at org.testng.TestNG.runSuitesSequentially(TestNG.java:1198)
	at org.testng.TestNG.runSuitesLocally(TestNG.java:1123)
	at org.testng.TestNG.run(TestNG.java:1031)
	at org.testng.TestNG.privateMain(TestNG.java:1338)
	at org.testng.TestNG.main(TestNG.java:1307)
</pre></div></td>
<td>7</td>
<td>newMMIS_Subsystems.Portal1@3e478ad6</td></tr>
<tr>
<td title='newMMIS_Subsystems.Portal1.RM_953_611()'><b>RM_953_611</b><br>Test class: newMMIS_Subsystems.Portal1<br/>
<a href="#Output-1962891902" onClick='toggleBox("Output-1962891902", this, "Show output", "Hide output");'>Show output</a>

<a href="#Output-1962891902" onClick="toggleAllBoxes();">Show all outputs</a>
<div class='log' id="Output-1962891902">
9.C:\Users\gandhian\Desktop\Anshul\Workspace\Regression\ScreenShots\_18_Sep_2013__10_54_02PM_172.31.59.34_TC RM_953_611.png<br/>
</div>
</td>
<td><div><pre>java.lang.AssertionError: Did not get RM 953 / 611 Member is Qualified Medicare Beneficiary. See 130 CMR 519.010. expected [true] but found [false]
	at newMMIS_Subsystems.Portal1.rmCommon(Unknown Source)
	at newMMIS_Subsystems.Portal1.RM_953_611(Unknown Source)
... Removed 26 stack frames</pre></div><a href='#' onClick='toggleBox("stack-trace1962891902", this, "Click to show all stack frames", "Click to hide stack frames")'>Click to show all stack frames</a>
<div class='stack-trace' id='stack-trace1962891902'><pre>java.lang.AssertionError: Did not get RM 953 / 611 Member is Qualified Medicare Beneficiary. See 130 CMR 519.010. expected [true] but found [false]
	at org.testng.Assert.fail(Assert.java:94)
	at org.testng.Assert.failNotEquals(Assert.java:494)
	at org.testng.Assert.assertTrue(Assert.java:42)
	at newMMIS_Subsystems.Portal1.rmCommon(Unknown Source)
	at newMMIS_Subsystems.Portal1.RM_953_611(Unknown Source)
	at sun.reflect.NativeMethodAccessorImpl.invoke0(Native Method)
	at sun.reflect.NativeMethodAccessorImpl.invoke(Unknown Source)
	at sun.reflect.DelegatingMethodAccessorImpl.invoke(Unknown Source)
	at java.lang.reflect.Method.invoke(Unknown Source)
	at org.testng.internal.MethodInvocationHelper.invokeMethod(MethodInvocationHelper.java:80)
	at org.testng.internal.Invoker.invokeMethod(Invoker.java:714)
	at org.testng.internal.Invoker.invokeTestMethod(Invoker.java:901)
	at org.testng.internal.Invoker.invokeTestMethods(Invoker.java:1231)
	at org.testng.internal.TestMethodWorker.invokeTestMethods(TestMethodWorker.java:127)
	at org.testng.internal.TestMethodWorker.run(TestMethodWorker.java:111)
	at org.testng.TestRunner.privateRun(TestRunner.java:767)
	at org.testng.TestRunner.run(TestRunner.java:617)
	at org.testng.SuiteRunner.runTest(SuiteRunner.java:334)
	at org.testng.SuiteRunner.runSequentially(SuiteRunner.java:329)
	at org.testng.SuiteRunner.privateRun(SuiteRunner.java:291)
	at org.testng.SuiteRunner.run(SuiteRunner.java:240)
	at org.testng.SuiteRunnerWorker.runSuite(SuiteRunnerWorker.java:52)
	at org.testng.SuiteRunnerWorker.run(SuiteRunnerWorker.java:86)
	at org.testng.TestNG.runSuitesSequentially(TestNG.java:1198)
	at org.testng.TestNG.runSuitesLocally(TestNG.java:1123)
	at org.testng.TestNG.run(TestNG.java:1031)
	at org.testng.TestNG.privateMain(TestNG.java:1338)
	at org.testng.TestNG.main(TestNG.java:1307)
</pre></div></td>
<td>5</td>
<td>newMMIS_Subsystems.Portal1@3e478ad6</td></tr>
<tr>
<td title='newMMIS_Subsystems.Portal1.RM_960_611()'><b>RM_960_611</b><br>Test class: newMMIS_Subsystems.Portal1<br/>
<a href="#Output-729356108" onClick='toggleBox("Output-729356108", this, "Show output", "Hide output");'>Show output</a>

<a href="#Output-729356108" onClick="toggleAllBoxes();">Show all outputs</a>
<div class='log' id="Output-729356108">
12.C:\Users\gandhian\Desktop\Anshul\Workspace\Regression\ScreenShots\_18_Sep_2013__10_55_26PM_172.31.59.34_TC RM_960_611.png<br/>
</div>
</td>
<td><div><pre>java.lang.AssertionError: Did not get RM 960 / 611 Member is Qualified Medicare Beneficiary. See 130 CMR 519.010. expected [true] but found [false]
	at newMMIS_Subsystems.Portal1.rmCommon(Unknown Source)
	at newMMIS_Subsystems.Portal1.RM_960_611(Unknown Source)
... Removed 26 stack frames</pre></div><a href='#' onClick='toggleBox("stack-trace729356108", this, "Click to show all stack frames", "Click to hide stack frames")'>Click to show all stack frames</a>
<div class='stack-trace' id='stack-trace729356108'><pre>java.lang.AssertionError: Did not get RM 960 / 611 Member is Qualified Medicare Beneficiary. See 130 CMR 519.010. expected [true] but found [false]
	at org.testng.Assert.fail(Assert.java:94)
	at org.testng.Assert.failNotEquals(Assert.java:494)
	at org.testng.Assert.assertTrue(Assert.java:42)
	at newMMIS_Subsystems.Portal1.rmCommon(Unknown Source)
	at newMMIS_Subsystems.Portal1.RM_960_611(Unknown Source)
	at sun.reflect.NativeMethodAccessorImpl.invoke0(Native Method)
	at sun.reflect.NativeMethodAccessorImpl.invoke(Unknown Source)
	at sun.reflect.DelegatingMethodAccessorImpl.invoke(Unknown Source)
	at java.lang.reflect.Method.invoke(Unknown Source)
	at org.testng.internal.MethodInvocationHelper.invokeMethod(MethodInvocationHelper.java:80)
	at org.testng.internal.Invoker.invokeMethod(Invoker.java:714)
	at org.testng.internal.Invoker.invokeTestMethod(Invoker.java:901)
	at org.testng.internal.Invoker.invokeTestMethods(Invoker.java:1231)
	at org.testng.internal.TestMethodWorker.invokeTestMethods(TestMethodWorker.java:127)
	at org.testng.internal.TestMethodWorker.run(TestMethodWorker.java:111)
	at org.testng.TestRunner.privateRun(TestRunner.java:767)
	at org.testng.TestRunner.run(TestRunner.java:617)
	at org.testng.SuiteRunner.runTest(SuiteRunner.java:334)
	at org.testng.SuiteRunner.runSequentially(SuiteRunner.java:329)
	at org.testng.SuiteRunner.privateRun(SuiteRunner.java:291)
	at org.testng.SuiteRunner.run(SuiteRunner.java:240)
	at org.testng.SuiteRunnerWorker.runSuite(SuiteRunnerWorker.java:52)
	at org.testng.SuiteRunnerWorker.run(SuiteRunnerWorker.java:86)
	at org.testng.TestNG.runSuitesSequentially(TestNG.java:1198)
	at org.testng.TestNG.runSuitesLocally(TestNG.java:1123)
	at org.testng.TestNG.run(TestNG.java:1031)
	at org.testng.TestNG.privateMain(TestNG.java:1338)
	at org.testng.TestNG.main(TestNG.java:1307)
</pre></div></td>
<td>6</td>
<td>newMMIS_Subsystems.Portal1@3e478ad6</td></tr>
<tr>
<td title='newMMIS_Subsystems.Portal1.RM_965_611()'><b>RM_965_611</b><br>Test class: newMMIS_Subsystems.Portal1<br/>
<a href="#Output-1525843564" onClick='toggleBox("Output-1525843564", this, "Show output", "Hide output");'>Show output</a>

<a href="#Output-1525843564" onClick="toggleAllBoxes();">Show all outputs</a>
<div class='log' id="Output-1525843564">
13.C:\Users\gandhian\Desktop\Anshul\Workspace\Regression\ScreenShots\_18_Sep_2013__10_56_11PM_172.31.59.34_TC RM_965_611.png<br/>
</div>
</td>
<td><div><pre>java.lang.AssertionError: Did not get RM 965 / 611 Member is Qualified Medicare Beneficiary. See 130 CMR 519.010. expected [true] but found [false]
	at newMMIS_Subsystems.Portal1.rmCommon(Unknown Source)
	at newMMIS_Subsystems.Portal1.RM_965_611(Unknown Source)
... Removed 26 stack frames</pre></div><a href='#' onClick='toggleBox("stack-trace1525843564", this, "Click to show all stack frames", "Click to hide stack frames")'>Click to show all stack frames</a>
<div class='stack-trace' id='stack-trace1525843564'><pre>java.lang.AssertionError: Did not get RM 965 / 611 Member is Qualified Medicare Beneficiary. See 130 CMR 519.010. expected [true] but found [false]
	at org.testng.Assert.fail(Assert.java:94)
	at org.testng.Assert.failNotEquals(Assert.java:494)
	at org.testng.Assert.assertTrue(Assert.java:42)
	at newMMIS_Subsystems.Portal1.rmCommon(Unknown Source)
	at newMMIS_Subsystems.Portal1.RM_965_611(Unknown Source)
	at sun.reflect.NativeMethodAccessorImpl.invoke0(Native Method)
	at sun.reflect.NativeMethodAccessorImpl.invoke(Unknown Source)
	at sun.reflect.DelegatingMethodAccessorImpl.invoke(Unknown Source)
	at java.lang.reflect.Method.invoke(Unknown Source)
	at org.testng.internal.MethodInvocationHelper.invokeMethod(MethodInvocationHelper.java:80)
	at org.testng.internal.Invoker.invokeMethod(Invoker.java:714)
	at org.testng.internal.Invoker.invokeTestMethod(Invoker.java:901)
	at org.testng.internal.Invoker.invokeTestMethods(Invoker.java:1231)
	at org.testng.internal.TestMethodWorker.invokeTestMethods(TestMethodWorker.java:127)
	at org.testng.internal.TestMethodWorker.run(TestMethodWorker.java:111)
	at org.testng.TestRunner.privateRun(TestRunner.java:767)
	at org.testng.TestRunner.run(TestRunner.java:617)
	at org.testng.SuiteRunner.runTest(SuiteRunner.java:334)
	at org.testng.SuiteRunner.runSequentially(SuiteRunner.java:329)
	at org.testng.SuiteRunner.privateRun(SuiteRunner.java:291)
	at org.testng.SuiteRunner.run(SuiteRunner.java:240)
	at org.testng.SuiteRunnerWorker.runSuite(SuiteRunnerWorker.java:52)
	at org.testng.SuiteRunnerWorker.run(SuiteRunnerWorker.java:86)
	at org.testng.TestNG.runSuitesSequentially(TestNG.java:1198)
	at org.testng.TestNG.runSuitesLocally(TestNG.java:1123)
	at org.testng.TestNG.run(TestNG.java:1031)
	at org.testng.TestNG.privateMain(TestNG.java:1338)
	at org.testng.TestNG.main(TestNG.java:1307)
</pre></div></td>
<td>6</td>
<td>newMMIS_Subsystems.Portal1@3e478ad6</td></tr>
<tr>
<td title='newMMIS_Subsystems.Portal1.RM_973_611()'><b>RM_973_611</b><br>Test class: newMMIS_Subsystems.Portal1<br/>
<a href="#Output-473754317" onClick='toggleBox("Output-473754317", this, "Show output", "Hide output");'>Show output</a>

<a href="#Output-473754317" onClick="toggleAllBoxes();">Show all outputs</a>
<div class='log' id="Output-473754317">
15.C:\Users\gandhian\Desktop\Anshul\Workspace\Regression\ScreenShots\_18_Sep_2013__10_58_21PM_172.31.59.34_TC RM_973_611.png<br/>
</div>
</td>
<td><div><pre>java.lang.AssertionError: Did not get RM 973 / 611 Member is Qualified Medicare Beneficiary. See 130 CMR 519.010. expected [true] but found [false]
	at newMMIS_Subsystems.Portal1.rmCommon(Unknown Source)
	at newMMIS_Subsystems.Portal1.RM_973_611(Unknown Source)
... Removed 26 stack frames</pre></div><a href='#' onClick='toggleBox("stack-trace473754317", this, "Click to show all stack frames", "Click to hide stack frames")'>Click to show all stack frames</a>
<div class='stack-trace' id='stack-trace473754317'><pre>java.lang.AssertionError: Did not get RM 973 / 611 Member is Qualified Medicare Beneficiary. See 130 CMR 519.010. expected [true] but found [false]
	at org.testng.Assert.fail(Assert.java:94)
	at org.testng.Assert.failNotEquals(Assert.java:494)
	at org.testng.Assert.assertTrue(Assert.java:42)
	at newMMIS_Subsystems.Portal1.rmCommon(Unknown Source)
	at newMMIS_Subsystems.Portal1.RM_973_611(Unknown Source)
	at sun.reflect.NativeMethodAccessorImpl.invoke0(Native Method)
	at sun.reflect.NativeMethodAccessorImpl.invoke(Unknown Source)
	at sun.reflect.DelegatingMethodAccessorImpl.invoke(Unknown Source)
	at java.lang.reflect.Method.invoke(Unknown Source)
	at org.testng.internal.MethodInvocationHelper.invokeMethod(MethodInvocationHelper.java:80)
	at org.testng.internal.Invoker.invokeMethod(Invoker.java:714)
	at org.testng.internal.Invoker.invokeTestMethod(Invoker.java:901)
	at org.testng.internal.Invoker.invokeTestMethods(Invoker.java:1231)
	at org.testng.internal.TestMethodWorker.invokeTestMethods(TestMethodWorker.java:127)
	at org.testng.internal.TestMethodWorker.run(TestMethodWorker.java:111)
	at org.testng.TestRunner.privateRun(TestRunner.java:767)
	at org.testng.TestRunner.run(TestRunner.java:617)
	at org.testng.SuiteRunner.runTest(SuiteRunner.java:334)
	at org.testng.SuiteRunner.runSequentially(SuiteRunner.java:329)
	at org.testng.SuiteRunner.privateRun(SuiteRunner.java:291)
	at org.testng.SuiteRunner.run(SuiteRunner.java:240)
	at org.testng.SuiteRunnerWorker.runSuite(SuiteRunnerWorker.java:52)
	at org.testng.SuiteRunnerWorker.run(SuiteRunnerWorker.java:86)
	at org.testng.TestNG.runSuitesSequentially(TestNG.java:1198)
	at org.testng.TestNG.runSuitesLocally(TestNG.java:1123)
	at org.testng.TestNG.run(TestNG.java:1031)
	at org.testng.TestNG.privateMain(TestNG.java:1338)
	at org.testng.TestNG.main(TestNG.java:1307)
</pre></div></td>
<td>5</td>
<td>newMMIS_Subsystems.Portal1@3e478ad6</td></tr>
<tr>
<td title='newMMIS_Subsystems.Portal1.RM_975_611()'><b>RM_975_611</b><br>Test class: newMMIS_Subsystems.Portal1<br/>
<a href="#Output-2075588998" onClick='toggleBox("Output-2075588998", this, "Show output", "Hide output");'>Show output</a>

<a href="#Output-2075588998" onClick="toggleAllBoxes();">Show all outputs</a>
<div class='log' id="Output-2075588998">
16.C:\Users\gandhian\Desktop\Anshul\Workspace\Regression\ScreenShots\_18_Sep_2013__10_58_43PM_172.31.59.34_TC RM_975_611.png<br/>
</div>
</td>
<td><div><pre>java.lang.AssertionError: Did not get RM 975 / 611 Member is Qualified Medicare Beneficiary. See 130 CMR 519.010. expected [true] but found [false]
	at newMMIS_Subsystems.Portal1.rmCommon(Unknown Source)
	at newMMIS_Subsystems.Portal1.RM_975_611(Unknown Source)
... Removed 26 stack frames</pre></div><a href='#' onClick='toggleBox("stack-trace2075588998", this, "Click to show all stack frames", "Click to hide stack frames")'>Click to show all stack frames</a>
<div class='stack-trace' id='stack-trace2075588998'><pre>java.lang.AssertionError: Did not get RM 975 / 611 Member is Qualified Medicare Beneficiary. See 130 CMR 519.010. expected [true] but found [false]
	at org.testng.Assert.fail(Assert.java:94)
	at org.testng.Assert.failNotEquals(Assert.java:494)
	at org.testng.Assert.assertTrue(Assert.java:42)
	at newMMIS_Subsystems.Portal1.rmCommon(Unknown Source)
	at newMMIS_Subsystems.Portal1.RM_975_611(Unknown Source)
	at sun.reflect.NativeMethodAccessorImpl.invoke0(Native Method)
	at sun.reflect.NativeMethodAccessorImpl.invoke(Unknown Source)
	at sun.reflect.DelegatingMethodAccessorImpl.invoke(Unknown Source)
	at java.lang.reflect.Method.invoke(Unknown Source)
	at org.testng.internal.MethodInvocationHelper.invokeMethod(MethodInvocationHelper.java:80)
	at org.testng.internal.Invoker.invokeMethod(Invoker.java:714)
	at org.testng.internal.Invoker.invokeTestMethod(Invoker.java:901)
	at org.testng.internal.Invoker.invokeTestMethods(Invoker.java:1231)
	at org.testng.internal.TestMethodWorker.invokeTestMethods(TestMethodWorker.java:127)
	at org.testng.internal.TestMethodWorker.run(TestMethodWorker.java:111)
	at org.testng.TestRunner.privateRun(TestRunner.java:767)
	at org.testng.TestRunner.run(TestRunner.java:617)
	at org.testng.SuiteRunner.runTest(SuiteRunner.java:334)
	at org.testng.SuiteRunner.runSequentially(SuiteRunner.java:329)
	at org.testng.SuiteRunner.privateRun(SuiteRunner.java:291)
	at org.testng.SuiteRunner.run(SuiteRunner.java:240)
	at org.testng.SuiteRunnerWorker.runSuite(SuiteRunnerWorker.java:52)
	at org.testng.SuiteRunnerWorker.run(SuiteRunnerWorker.java:86)
	at org.testng.TestNG.runSuitesSequentially(TestNG.java:1198)
	at org.testng.TestNG.runSuitesLocally(TestNG.java:1123)
	at org.testng.TestNG.run(TestNG.java:1031)
	at org.testng.TestNG.privateMain(TestNG.java:1338)
	at org.testng.TestNG.main(TestNG.java:1307)
</pre></div></td>
<td>5</td>
<td>newMMIS_Subsystems.Portal1@3e478ad6</td></tr>
</table><p>
<table width='100%' border='1' class='invocation-passed'>
<tr><td colspan='4' align='center'><b>PASSED TESTS</b></td></tr>
<tr><td><b>Test method</b></td>
<td width="30%"><b>Exception</b></td>
<td width="10%"><b>Time (seconds)</b></td>
<td><b>Instance</b></td>
</tr>
<tr>
<td title='newMMIS_Subsystems.Portal1.RM_1055_617()'><b>RM_1055_617</b><br>Test class: newMMIS_Subsystems.Portal1</td>
<td></td>
<td>15</td>
<td>newMMIS_Subsystems.Portal1@3e478ad6</td></tr>
<tr>
<td title='newMMIS_Subsystems.Portal1.RM_1056_617()'><b>RM_1056_617</b><br>Test class: newMMIS_Subsystems.Portal1</td>
<td></td>
<td>67</td>
<td>newMMIS_Subsystems.Portal1@3e478ad6</td></tr>
<tr>
<td title='newMMIS_Subsystems.Portal1.RM_1059_618()'><b>RM_1059_618</b><br>Test class: newMMIS_Subsystems.Portal1</td>
<td></td>
<td>7</td>
<td>newMMIS_Subsystems.Portal1@3e478ad6</td></tr>
<tr>
<td title='newMMIS_Subsystems.Portal1.RM_1060_618()'><b>RM_1060_618</b><br>Test class: newMMIS_Subsystems.Portal1</td>
<td></td>
<td>71</td>
<td>newMMIS_Subsystems.Portal1@3e478ad6</td></tr>
<tr>
<td title='newMMIS_Subsystems.Portal1.RM_1061_618()'><b>RM_1061_618</b><br>Test class: newMMIS_Subsystems.Portal1</td>
<td></td>
<td>72</td>
<td>newMMIS_Subsystems.Portal1@3e478ad6</td></tr>
<tr>
<td title='newMMIS_Subsystems.Portal1.RM_1063_619()'><b>RM_1063_619</b><br>Test class: newMMIS_Subsystems.Portal1</td>
<td></td>
<td>9</td>
<td>newMMIS_Subsystems.Portal1@3e478ad6</td></tr>
<tr>
<td title='newMMIS_Subsystems.Portal1.RM_1064_619()'><b>RM_1064_619</b><br>Test class: newMMIS_Subsystems.Portal1</td>
<td></td>
<td>15</td>
<td>newMMIS_Subsystems.Portal1@3e478ad6</td></tr>
<tr>
<td title='newMMIS_Subsystems.Portal1.RM_1065_619()'><b>RM_1065_619</b><br>Test class: newMMIS_Subsystems.Portal1</td>
<td></td>
<td>9</td>
<td>newMMIS_Subsystems.Portal1@3e478ad6</td></tr>
<tr>
<td title='newMMIS_Subsystems.Portal1.RM_10_006()'><b>RM_10_006</b><br>Test class: newMMIS_Subsystems.Portal1</td>
<td></td>
<td>7</td>
<td>newMMIS_Subsystems.Portal1@3e478ad6</td></tr>
<tr>
<td title='newMMIS_Subsystems.Portal1.RM_1119_663()'><b>RM_1119_663</b><br>Test class: newMMIS_Subsystems.Portal1</td>
<td></td>
<td>8</td>
<td>newMMIS_Subsystems.Portal1@3e478ad6</td></tr>
<tr>
<td title='newMMIS_Subsystems.Portal1.RM_1120_664()'><b>RM_1120_664</b><br>Test class: newMMIS_Subsystems.Portal1</td>
<td></td>
<td>6</td>
<td>newMMIS_Subsystems.Portal1@3e478ad6</td></tr>
<tr>
<td title='newMMIS_Subsystems.Portal1.RM_1136_616()'><b>RM_1136_616</b><br>Test class: newMMIS_Subsystems.Portal1</td>
<td></td>
<td>14</td>
<td>newMMIS_Subsystems.Portal1@3e478ad6</td></tr>
<tr>
<td title='newMMIS_Subsystems.Portal1.RM_1137_616()'><b>RM_1137_616</b><br>Test class: newMMIS_Subsystems.Portal1</td>
<td></td>
<td>8</td>
<td>newMMIS_Subsystems.Portal1@3e478ad6</td></tr>
<tr>
<td title='newMMIS_Subsystems.Portal1.RM_1138_616()'><b>RM_1138_616</b><br>Test class: newMMIS_Subsystems.Portal1</td>
<td></td>
<td>8</td>
<td>newMMIS_Subsystems.Portal1@3e478ad6</td></tr>
<tr>
<td title='newMMIS_Subsystems.Portal1.RM_1144_056()'><b>RM_1144_056</b><br>Test class: newMMIS_Subsystems.Portal1</td>
<td></td>
<td>8</td>
<td>newMMIS_Subsystems.Portal1@3e478ad6</td></tr>
<tr>
<td title='newMMIS_Subsystems.Portal1.RM_1145_056()'><b>RM_1145_056</b><br>Test class: newMMIS_Subsystems.Portal1</td>
<td></td>
<td>9</td>
<td>newMMIS_Subsystems.Portal1@3e478ad6</td></tr>
<tr>
<td title='newMMIS_Subsystems.Portal1.RM_1146_056()'><b>RM_1146_056</b><br>Test class: newMMIS_Subsystems.Portal1</td>
<td></td>
<td>7</td>
<td>newMMIS_Subsystems.Portal1@3e478ad6</td></tr>
<tr>
<td title='newMMIS_Subsystems.Portal1.RM_1147_056()'><b>RM_1147_056</b><br>Test class: newMMIS_Subsystems.Portal1</td>
<td></td>
<td>7</td>
<td>newMMIS_Subsystems.Portal1@3e478ad6</td></tr>
<tr>
<td title='newMMIS_Subsystems.Portal1.RM_1148_616()'><b>RM_1148_616</b><br>Test class: newMMIS_Subsystems.Portal1</td>
<td></td>
<td>8</td>
<td>newMMIS_Subsystems.Portal1@3e478ad6</td></tr>
<tr>
<td title='newMMIS_Subsystems.Portal1.RM_1151_634()'><b>RM_1151_634</b><br>Test class: newMMIS_Subsystems.Portal1</td>
<td></td>
<td>6</td>
<td>newMMIS_Subsystems.Portal1@3e478ad6</td></tr>
<tr>
<td title='newMMIS_Subsystems.Portal1.RM_1155_634()'><b>RM_1155_634</b><br>Test class: newMMIS_Subsystems.Portal1</td>
<td></td>
<td>5</td>
<td>newMMIS_Subsystems.Portal1@3e478ad6</td></tr>
<tr>
<td title='newMMIS_Subsystems.Portal1.RM_1156_634()'><b>RM_1156_634</b><br>Test class: newMMIS_Subsystems.Portal1</td>
<td></td>
<td>5</td>
<td>newMMIS_Subsystems.Portal1@3e478ad6</td></tr>
<tr>
<td title='newMMIS_Subsystems.Portal1.RM_1157_634()'><b>RM_1157_634</b><br>Test class: newMMIS_Subsystems.Portal1</td>
<td></td>
<td>6</td>
<td>newMMIS_Subsystems.Portal1@3e478ad6</td></tr>
<tr>
<td title='newMMIS_Subsystems.Portal1.RM_1158_634()'><b>RM_1158_634</b><br>Test class: newMMIS_Subsystems.Portal1</td>
<td></td>
<td>5</td>
<td>newMMIS_Subsystems.Portal1@3e478ad6</td></tr>
<tr>
<td title='newMMIS_Subsystems.Portal1.RM_121_121()'><b>RM_121_121</b><br>Test class: newMMIS_Subsystems.Portal1</td>
<td></td>
<td>6</td>
<td>newMMIS_Subsystems.Portal1@3e478ad6</td></tr>
<tr>
<td title='newMMIS_Subsystems.Portal1.RM_12_031()'><b>RM_12_031</b><br>Test class: newMMIS_Subsystems.Portal1</td>
<td></td>
<td>9</td>
<td>newMMIS_Subsystems.Portal1@3e478ad6</td></tr>
<tr>
<td title='newMMIS_Subsystems.Portal1.RM_13_036()'><b>RM_13_036</b><br>Test class: newMMIS_Subsystems.Portal1</td>
<td></td>
<td>7</td>
<td>newMMIS_Subsystems.Portal1@3e478ad6</td></tr>
<tr>
<td title='newMMIS_Subsystems.Portal1.RM_14_041()'><b>RM_14_041</b><br>Test class: newMMIS_Subsystems.Portal1</td>
<td></td>
<td>7</td>
<td>newMMIS_Subsystems.Portal1@3e478ad6</td></tr>
<tr>
<td title='newMMIS_Subsystems.Portal1.RM_15_046()'><b>RM_15_046</b><br>Test class: newMMIS_Subsystems.Portal1</td>
<td></td>
<td>8</td>
<td>newMMIS_Subsystems.Portal1@3e478ad6</td></tr>
<tr>
<td title='newMMIS_Subsystems.Portal1.RM_16_051()'><b>RM_16_051</b><br>Test class: newMMIS_Subsystems.Portal1</td>
<td></td>
<td>9</td>
<td>newMMIS_Subsystems.Portal1@3e478ad6</td></tr>
<tr>
<td title='newMMIS_Subsystems.Portal1.RM_186_186()'><b>RM_186_186</b><br>Test class: newMMIS_Subsystems.Portal1</td>
<td></td>
<td>1169</td>
<td>newMMIS_Subsystems.Portal1@3e478ad6</td></tr>
<tr>
<td title='newMMIS_Subsystems.Portal1.RM_19_171()'><b>RM_19_171</b><br>Test class: newMMIS_Subsystems.Portal1</td>
<td></td>
<td>9</td>
<td>newMMIS_Subsystems.Portal1@3e478ad6</td></tr>
<tr>
<td title='newMMIS_Subsystems.Portal1.RM_1_035()'><b>RM_1_035</b><br>Test class: newMMIS_Subsystems.Portal1</td>
<td></td>
<td>10</td>
<td>newMMIS_Subsystems.Portal1@3e478ad6</td></tr>
<tr>
<td title='newMMIS_Subsystems.Portal1.RM_20_201()'><b>RM_20_201</b><br>Test class: newMMIS_Subsystems.Portal1</td>
<td></td>
<td>9</td>
<td>newMMIS_Subsystems.Portal1@3e478ad6</td></tr>
<tr>
<td title='newMMIS_Subsystems.Portal1.RM_20_231()'><b>RM_20_231</b><br>Test class: newMMIS_Subsystems.Portal1</td>
<td></td>
<td>7</td>
<td>newMMIS_Subsystems.Portal1@3e478ad6</td></tr>
<tr>
<td title='newMMIS_Subsystems.Portal1.RM_246_246()'><b>RM_246_246</b><br>Test class: newMMIS_Subsystems.Portal1</td>
<td></td>
<td>1100</td>
<td>newMMIS_Subsystems.Portal1@3e478ad6</td></tr>
<tr>
<td title='newMMIS_Subsystems.Portal1.RM_28_391()'><b>RM_28_391</b><br>Test class: newMMIS_Subsystems.Portal1</td>
<td></td>
<td>9</td>
<td>newMMIS_Subsystems.Portal1@3e478ad6</td></tr>
<tr>
<td title='newMMIS_Subsystems.Portal1.RM_29_495()'><b>RM_29_495</b><br>Test class: newMMIS_Subsystems.Portal1</td>
<td></td>
<td>8</td>
<td>newMMIS_Subsystems.Portal1@3e478ad6</td></tr>
<tr>
<td title='newMMIS_Subsystems.Portal1.RM_2_111()'><b>RM_2_111</b><br>Test class: newMMIS_Subsystems.Portal1</td>
<td></td>
<td>8</td>
<td>newMMIS_Subsystems.Portal1@3e478ad6</td></tr>
<tr>
<td title='newMMIS_Subsystems.Portal1.RM_30_495()'><b>RM_30_495</b><br>Test class: newMMIS_Subsystems.Portal1</td>
<td></td>
<td>8</td>
<td>newMMIS_Subsystems.Portal1@3e478ad6</td></tr>
<tr>
<td title='newMMIS_Subsystems.Portal1.RM_32_495()'><b>RM_32_495</b><br>Test class: newMMIS_Subsystems.Portal1</td>
<td></td>
<td>7</td>
<td>newMMIS_Subsystems.Portal1@3e478ad6</td></tr>
<tr>
<td title='newMMIS_Subsystems.Portal1.RM_34_520()'><b>RM_34_520</b><br>Test class: newMMIS_Subsystems.Portal1</td>
<td></td>
<td>8</td>
<td>newMMIS_Subsystems.Portal1@3e478ad6</td></tr>
<tr>
<td title='newMMIS_Subsystems.Portal1.RM_366_366()'><b>RM_366_366</b><br>Test class: newMMIS_Subsystems.Portal1</td>
<td></td>
<td>7</td>
<td>newMMIS_Subsystems.Portal1@3e478ad6</td></tr>
<tr>
<td title='newMMIS_Subsystems.Portal1.RM_3_116()'><b>RM_3_116</b><br>Test class: newMMIS_Subsystems.Portal1</td>
<td></td>
<td>7</td>
<td>newMMIS_Subsystems.Portal1@3e478ad6</td></tr>
<tr>
<td title='newMMIS_Subsystems.Portal1.RM_40_601()'><b>RM_40_601</b><br>Test class: newMMIS_Subsystems.Portal1</td>
<td></td>
<td>9</td>
<td>newMMIS_Subsystems.Portal1@3e478ad6</td></tr>
<tr>
<td title='newMMIS_Subsystems.Portal1.RM_41_602()'><b>RM_41_602</b><br>Test class: newMMIS_Subsystems.Portal1</td>
<td></td>
<td>7</td>
<td>newMMIS_Subsystems.Portal1@3e478ad6</td></tr>
<tr>
<td title='newMMIS_Subsystems.Portal1.RM_42_603()'><b>RM_42_603</b><br>Test class: newMMIS_Subsystems.Portal1</td>
<td></td>
<td>7</td>
<td>newMMIS_Subsystems.Portal1@3e478ad6</td></tr>
<tr>
<td title='newMMIS_Subsystems.Portal1.RM_43_604()'><b>RM_43_604</b><br>Test class: newMMIS_Subsystems.Portal1</td>
<td></td>
<td>5</td>
<td>newMMIS_Subsystems.Portal1@3e478ad6</td></tr>
<tr>
<td title='newMMIS_Subsystems.Portal1.RM_45_608()'><b>RM_45_608</b><br>Test class: newMMIS_Subsystems.Portal1</td>
<td></td>
<td>6</td>
<td>newMMIS_Subsystems.Portal1@3e478ad6</td></tr>
<tr>
<td title='newMMIS_Subsystems.Portal1.RM_461_461()'><b>RM_461_461</b><br>Test class: newMMIS_Subsystems.Portal1</td>
<td></td>
<td>6</td>
<td>newMMIS_Subsystems.Portal1@3e478ad6</td></tr>
<tr>
<td title='newMMIS_Subsystems.Portal1.RM_46_611()'><b>RM_46_611</b><br>Test class: newMMIS_Subsystems.Portal1</td>
<td></td>
<td>10</td>
<td>newMMIS_Subsystems.Portal1@3e478ad6</td></tr>
<tr>
<td title='newMMIS_Subsystems.Portal1.RM_48_612()'><b>RM_48_612</b><br>Test class: newMMIS_Subsystems.Portal1</td>
<td></td>
<td>7</td>
<td>newMMIS_Subsystems.Portal1@3e478ad6</td></tr>
<tr>
<td title='newMMIS_Subsystems.Portal1.RM_49_612()'><b>RM_49_612</b><br>Test class: newMMIS_Subsystems.Portal1</td>
<td></td>
<td>7</td>
<td>newMMIS_Subsystems.Portal1@3e478ad6</td></tr>
<tr>
<td title='newMMIS_Subsystems.Portal1.RM_50_613()'><b>RM_50_613</b><br>Test class: newMMIS_Subsystems.Portal1</td>
<td></td>
<td>6</td>
<td>newMMIS_Subsystems.Portal1@3e478ad6</td></tr>
<tr>
<td title='newMMIS_Subsystems.Portal1.RM_51_613()'><b>RM_51_613</b><br>Test class: newMMIS_Subsystems.Portal1</td>
<td></td>
<td>7</td>
<td>newMMIS_Subsystems.Portal1@3e478ad6</td></tr>
<tr>
<td title='newMMIS_Subsystems.Portal1.RM_530_530()'><b>RM_530_530</b><br>Test class: newMMIS_Subsystems.Portal1</td>
<td></td>
<td>55</td>
<td>newMMIS_Subsystems.Portal1@3e478ad6</td></tr>
<tr>
<td title='newMMIS_Subsystems.Portal1.RM_596_596()'><b>RM_596_596</b><br>Test class: newMMIS_Subsystems.Portal1</td>
<td></td>
<td>10</td>
<td>newMMIS_Subsystems.Portal1@3e478ad6</td></tr>
<tr>
<td title='newMMIS_Subsystems.Portal1.RM_597_597()'><b>RM_597_597</b><br>Test class: newMMIS_Subsystems.Portal1</td>
<td></td>
<td>5</td>
<td>newMMIS_Subsystems.Portal1@3e478ad6</td></tr>
<tr>
<td title='newMMIS_Subsystems.Portal1.RM_5_480()'><b>RM_5_480</b><br>Test class: newMMIS_Subsystems.Portal1</td>
<td></td>
<td>8</td>
<td>newMMIS_Subsystems.Portal1@3e478ad6</td></tr>
<tr>
<td title='newMMIS_Subsystems.Portal1.RM_614_614()'><b>RM_614_614</b><br>Test class: newMMIS_Subsystems.Portal1</td>
<td></td>
<td>5</td>
<td>newMMIS_Subsystems.Portal1@3e478ad6</td></tr>
<tr>
<td title='newMMIS_Subsystems.Portal1.RM_640_640()'><b>RM_640_640</b><br>Test class: newMMIS_Subsystems.Portal1</td>
<td></td>
<td>7</td>
<td>newMMIS_Subsystems.Portal1@3e478ad6</td></tr>
<tr>
<td title='newMMIS_Subsystems.Portal1.RM_650_650()'><b>RM_650_650</b><br>Test class: newMMIS_Subsystems.Portal1</td>
<td></td>
<td>443</td>
<td>newMMIS_Subsystems.Portal1@3e478ad6</td></tr>
<tr>
<td title='newMMIS_Subsystems.Portal1.RM_68_126()'><b>RM_68_126</b><br>Test class: newMMIS_Subsystems.Portal1</td>
<td></td>
<td>7</td>
<td>newMMIS_Subsystems.Portal1@3e478ad6</td></tr>
<tr>
<td title='newMMIS_Subsystems.Portal1.RM_6_480()'><b>RM_6_480</b><br>Test class: newMMIS_Subsystems.Portal1</td>
<td></td>
<td>7</td>
<td>newMMIS_Subsystems.Portal1@3e478ad6</td></tr>
<tr>
<td title='newMMIS_Subsystems.Portal1.RM_71_071()'><b>RM_71_071</b><br>Test class: newMMIS_Subsystems.Portal1</td>
<td></td>
<td>8</td>
<td>newMMIS_Subsystems.Portal1@3e478ad6</td></tr>
<tr>
<td title='newMMIS_Subsystems.Portal1.RM_740_311()'><b>RM_740_311</b><br>Test class: newMMIS_Subsystems.Portal1</td>
<td></td>
<td>11</td>
<td>newMMIS_Subsystems.Portal1@3e478ad6</td></tr>
<tr>
<td title='newMMIS_Subsystems.Portal1.RM_741_311()'><b>RM_741_311</b><br>Test class: newMMIS_Subsystems.Portal1</td>
<td></td>
<td>17</td>
<td>newMMIS_Subsystems.Portal1@3e478ad6</td></tr>
<tr>
<td title='newMMIS_Subsystems.Portal1.RM_742_311()'><b>RM_742_311</b><br>Test class: newMMIS_Subsystems.Portal1</td>
<td></td>
<td>6</td>
<td>newMMIS_Subsystems.Portal1@3e478ad6</td></tr>
<tr>
<td title='newMMIS_Subsystems.Portal1.RM_747_021()'><b>RM_747_021</b><br>Test class: newMMIS_Subsystems.Portal1</td>
<td></td>
<td>6</td>
<td>newMMIS_Subsystems.Portal1@3e478ad6</td></tr>
<tr>
<td title='newMMIS_Subsystems.Portal1.RM_748_021()'><b>RM_748_021</b><br>Test class: newMMIS_Subsystems.Portal1</td>
<td></td>
<td>65</td>
<td>newMMIS_Subsystems.Portal1@3e478ad6</td></tr>
<tr>
<td title='newMMIS_Subsystems.Portal1.RM_749_021()'><b>RM_749_021</b><br>Test class: newMMIS_Subsystems.Portal1</td>
<td></td>
<td>63</td>
<td>newMMIS_Subsystems.Portal1@3e478ad6</td></tr>
<tr>
<td title='newMMIS_Subsystems.Portal1.RM_74_490()'><b>RM_74_490</b><br>Test class: newMMIS_Subsystems.Portal1</td>
<td></td>
<td>7</td>
<td>newMMIS_Subsystems.Portal1@3e478ad6</td></tr>
<tr>
<td title='newMMIS_Subsystems.Portal1.RM_76_525()'><b>RM_76_525</b><br>Test class: newMMIS_Subsystems.Portal1</td>
<td></td>
<td>33</td>
<td>newMMIS_Subsystems.Portal1@3e478ad6</td></tr>
<tr>
<td title='newMMIS_Subsystems.Portal1.RM_770_648()'><b>RM_770_648</b><br>Test class: newMMIS_Subsystems.Portal1</td>
<td></td>
<td>5</td>
<td>newMMIS_Subsystems.Portal1@3e478ad6</td></tr>
<tr>
<td title='newMMIS_Subsystems.Portal1.RM_773_500()'><b>RM_773_500</b><br>Test class: newMMIS_Subsystems.Portal1</td>
<td></td>
<td>5</td>
<td>newMMIS_Subsystems.Portal1@3e478ad6</td></tr>
<tr>
<td title='newMMIS_Subsystems.Portal1.RM_791_637()'><b>RM_791_637</b><br>Test class: newMMIS_Subsystems.Portal1</td>
<td></td>
<td>5</td>
<td>newMMIS_Subsystems.Portal1@3e478ad6</td></tr>
<tr>
<td title='newMMIS_Subsystems.Portal1.RM_792_637()'><b>RM_792_637</b><br>Test class: newMMIS_Subsystems.Portal1</td>
<td></td>
<td>6</td>
<td>newMMIS_Subsystems.Portal1@3e478ad6</td></tr>
<tr>
<td title='newMMIS_Subsystems.Portal1.RM_7_485()'><b>RM_7_485</b><br>Test class: newMMIS_Subsystems.Portal1</td>
<td></td>
<td>8</td>
<td>newMMIS_Subsystems.Portal1@3e478ad6</td></tr>
<tr>
<td title='newMMIS_Subsystems.Portal1.RM_827_386()'><b>RM_827_386</b><br>Test class: newMMIS_Subsystems.Portal1</td>
<td></td>
<td>6</td>
<td>newMMIS_Subsystems.Portal1@3e478ad6</td></tr>
<tr>
<td title='newMMIS_Subsystems.Portal1.RM_831_386()'><b>RM_831_386</b><br>Test class: newMMIS_Subsystems.Portal1</td>
<td></td>
<td>7</td>
<td>newMMIS_Subsystems.Portal1@3e478ad6</td></tr>
<tr>
<td title='newMMIS_Subsystems.Portal1.RM_832_386()'><b>RM_832_386</b><br>Test class: newMMIS_Subsystems.Portal1</td>
<td></td>
<td>5</td>
<td>newMMIS_Subsystems.Portal1@3e478ad6</td></tr>
<tr>
<td title='newMMIS_Subsystems.Portal1.RM_853_636()'><b>RM_853_636</b><br>Test class: newMMIS_Subsystems.Portal1</td>
<td></td>
<td>5</td>
<td>newMMIS_Subsystems.Portal1@3e478ad6</td></tr>
<tr>
<td title='newMMIS_Subsystems.Portal1.RM_89_646()'><b>RM_89_646</b><br>Test class: newMMIS_Subsystems.Portal1</td>
<td></td>
<td>691</td>
<td>newMMIS_Subsystems.Portal1@3e478ad6</td></tr>
<tr>
<td title='newMMIS_Subsystems.Portal1.RM_8_485()'><b>RM_8_485</b><br>Test class: newMMIS_Subsystems.Portal1</td>
<td></td>
<td>7</td>
<td>newMMIS_Subsystems.Portal1@3e478ad6</td></tr>
<tr>
<td title='newMMIS_Subsystems.Portal1.RM_915_647()'><b>RM_915_647</b><br>Test class: newMMIS_Subsystems.Portal1</td>
<td></td>
<td>5</td>
<td>newMMIS_Subsystems.Portal1@3e478ad6</td></tr>
<tr>
<td title='newMMIS_Subsystems.Portal1.RM_937_656()'><b>RM_937_656</b><br>Test class: newMMIS_Subsystems.Portal1</td>
<td></td>
<td>5</td>
<td>newMMIS_Subsystems.Portal1@3e478ad6</td></tr>
<tr>
<td title='newMMIS_Subsystems.Portal1.RM_938_656()'><b>RM_938_656</b><br>Test class: newMMIS_Subsystems.Portal1</td>
<td></td>
<td>5</td>
<td>newMMIS_Subsystems.Portal1@3e478ad6</td></tr>
<tr>
<td title='newMMIS_Subsystems.Portal1.RM_939_656()'><b>RM_939_656</b><br>Test class: newMMIS_Subsystems.Portal1</td>
<td></td>
<td>5</td>
<td>newMMIS_Subsystems.Portal1@3e478ad6</td></tr>
<tr>
<td title='newMMIS_Subsystems.Portal1.RM_940_656()'><b>RM_940_656</b><br>Test class: newMMIS_Subsystems.Portal1</td>
<td></td>
<td>5</td>
<td>newMMIS_Subsystems.Portal1@3e478ad6</td></tr>
<tr>
<td title='newMMIS_Subsystems.Portal1.RM_941_656()'><b>RM_941_656</b><br>Test class: newMMIS_Subsystems.Portal1</td>
<td></td>
<td>5</td>
<td>newMMIS_Subsystems.Portal1@3e478ad6</td></tr>
<tr>
<td title='newMMIS_Subsystems.Portal1.RM_942_656()'><b>RM_942_656</b><br>Test class: newMMIS_Subsystems.Portal1</td>
<td></td>
<td>6</td>
<td>newMMIS_Subsystems.Portal1@3e478ad6</td></tr>
<tr>
<td title='newMMIS_Subsystems.Portal1.RM_943_657()'><b>RM_943_657</b><br>Test class: newMMIS_Subsystems.Portal1</td>
<td></td>
<td>5</td>
<td>newMMIS_Subsystems.Portal1@3e478ad6</td></tr>
<tr>
<td title='newMMIS_Subsystems.Portal1.RM_944_657()'><b>RM_944_657</b><br>Test class: newMMIS_Subsystems.Portal1</td>
<td></td>
<td>6</td>
<td>newMMIS_Subsystems.Portal1@3e478ad6</td></tr>
<tr>
<td title='newMMIS_Subsystems.Portal1.RM_945_657()'><b>RM_945_657</b><br>Test class: newMMIS_Subsystems.Portal1</td>
<td></td>
<td>5</td>
<td>newMMIS_Subsystems.Portal1@3e478ad6</td></tr>
<tr>
<td title='newMMIS_Subsystems.Portal1.RM_946_657()'><b>RM_946_657</b><br>Test class: newMMIS_Subsystems.Portal1</td>
<td></td>
<td>5</td>
<td>newMMIS_Subsystems.Portal1@3e478ad6</td></tr>
<tr>
<td title='newMMIS_Subsystems.Portal1.RM_947_657()'><b>RM_947_657</b><br>Test class: newMMIS_Subsystems.Portal1</td>
<td></td>
<td>6</td>
<td>newMMIS_Subsystems.Portal1@3e478ad6</td></tr>
<tr>
<td title='newMMIS_Subsystems.Portal1.RM_948_657()'><b>RM_948_657</b><br>Test class: newMMIS_Subsystems.Portal1</td>
<td></td>
<td>5</td>
<td>newMMIS_Subsystems.Portal1@3e478ad6</td></tr>
<tr>
<td title='newMMIS_Subsystems.Portal1.RM_950_611()'><b>RM_950_611</b><br>Test class: newMMIS_Subsystems.Portal1</td>
<td></td>
<td>6</td>
<td>newMMIS_Subsystems.Portal1@3e478ad6</td></tr>
<tr>
<td title='newMMIS_Subsystems.Portal1.RM_951_611()'><b>RM_951_611</b><br>Test class: newMMIS_Subsystems.Portal1</td>
<td></td>
<td>6</td>
<td>newMMIS_Subsystems.Portal1@3e478ad6</td></tr>
<tr>
<td title='newMMIS_Subsystems.Portal1.RM_952_611()'><b>RM_952_611</b><br>Test class: newMMIS_Subsystems.Portal1</td>
<td></td>
<td>6</td>
<td>newMMIS_Subsystems.Portal1@3e478ad6</td></tr>
<tr>
<td title='newMMIS_Subsystems.Portal1.RM_954_611()'><b>RM_954_611</b><br>Test class: newMMIS_Subsystems.Portal1</td>
<td></td>
<td>5</td>
<td>newMMIS_Subsystems.Portal1@3e478ad6</td></tr>
<tr>
<td title='newMMIS_Subsystems.Portal1.RM_955_611()'><b>RM_955_611</b><br>Test class: newMMIS_Subsystems.Portal1</td>
<td></td>
<td>8</td>
<td>newMMIS_Subsystems.Portal1@3e478ad6</td></tr>
<tr>
<td title='newMMIS_Subsystems.Portal1.RM_956_611()'><b>RM_956_611</b><br>Test class: newMMIS_Subsystems.Portal1</td>
<td></td>
<td>5</td>
<td>newMMIS_Subsystems.Portal1@3e478ad6</td></tr>
<tr>
<td title='newMMIS_Subsystems.Portal1.RM_957_611()'><b>RM_957_611</b><br>Test class: newMMIS_Subsystems.Portal1</td>
<td></td>
<td>6</td>
<td>newMMIS_Subsystems.Portal1@3e478ad6</td></tr>
<tr>
<td title='newMMIS_Subsystems.Portal1.RM_962_611()'><b>RM_962_611</b><br>Test class: newMMIS_Subsystems.Portal1</td>
<td></td>
<td>5</td>
<td>newMMIS_Subsystems.Portal1@3e478ad6</td></tr>
<tr>
<td title='newMMIS_Subsystems.Portal1.RM_963_611()'><b>RM_963_611</b><br>Test class: newMMIS_Subsystems.Portal1</td>
<td></td>
<td>5</td>
<td>newMMIS_Subsystems.Portal1@3e478ad6</td></tr>
<tr>
<td title='newMMIS_Subsystems.Portal1.RM_964_611()'><b>RM_964_611</b><br>Test class: newMMIS_Subsystems.Portal1</td>
<td></td>
<td>5</td>
<td>newMMIS_Subsystems.Portal1@3e478ad6</td></tr>
<tr>
<td title='newMMIS_Subsystems.Portal1.RM_966_611()'><b>RM_966_611</b><br>Test class: newMMIS_Subsystems.Portal1</td>
<td></td>
<td>7</td>
<td>newMMIS_Subsystems.Portal1@3e478ad6</td></tr>
<tr>
<td title='newMMIS_Subsystems.Portal1.RM_967_611()'><b>RM_967_611</b><br>Test class: newMMIS_Subsystems.Portal1</td>
<td></td>
<td>5</td>
<td>newMMIS_Subsystems.Portal1@3e478ad6</td></tr>
<tr>
<td title='newMMIS_Subsystems.Portal1.RM_968_611()'><b>RM_968_611</b><br>Test class: newMMIS_Subsystems.Portal1</td>
<td></td>
<td>6</td>
<td>newMMIS_Subsystems.Portal1@3e478ad6</td></tr>
<tr>
<td title='newMMIS_Subsystems.Portal1.RM_970_611()'><b>RM_970_611</b><br>Test class: newMMIS_Subsystems.Portal1</td>
<td></td>
<td>12</td>
<td>newMMIS_Subsystems.Portal1@3e478ad6</td></tr>
<tr>
<td title='newMMIS_Subsystems.Portal1.RM_971_611()'><b>RM_971_611</b><br>Test class: newMMIS_Subsystems.Portal1</td>
<td></td>
<td>42</td>
<td>newMMIS_Subsystems.Portal1@3e478ad6</td></tr>
<tr>
<td title='newMMIS_Subsystems.Portal1.RM_972_611()'><b>RM_972_611</b><br>Test class: newMMIS_Subsystems.Portal1</td>
<td></td>
<td>5</td>
<td>newMMIS_Subsystems.Portal1@3e478ad6</td></tr>
<tr>
<td title='newMMIS_Subsystems.Portal1.RM_974_611()'><b>RM_974_611</b><br>Test class: newMMIS_Subsystems.Portal1</td>
<td></td>
<td>5</td>
<td>newMMIS_Subsystems.Portal1@3e478ad6</td></tr>
<tr>
<td title='newMMIS_Subsystems.Portal1.RM_976_611()'><b>RM_976_611</b><br>Test class: newMMIS_Subsystems.Portal1</td>
<td></td>
<td>6</td>
<td>newMMIS_Subsystems.Portal1@3e478ad6</td></tr>
<tr>
<td title='newMMIS_Subsystems.Portal1.RM_977_611()'><b>RM_977_611</b><br>Test class: newMMIS_Subsystems.Portal1</td>
<td></td>
<td>5</td>
<td>newMMIS_Subsystems.Portal1@3e478ad6</td></tr>
<tr>
<td title='newMMIS_Subsystems.Portal1.RM_985_658()'><b>RM_985_658</b><br>Test class: newMMIS_Subsystems.Portal1</td>
<td></td>
<td>5</td>
<td>newMMIS_Subsystems.Portal1@3e478ad6</td></tr>
<tr>
<td title='newMMIS_Subsystems.Portal1.RM_986_661()'><b>RM_986_661</b><br>Test class: newMMIS_Subsystems.Portal1</td>
<td></td>
<td>5</td>
<td>newMMIS_Subsystems.Portal1@3e478ad6</td></tr>
<tr>
<td title='newMMIS_Subsystems.Portal1.RM_987_662()'><b>RM_987_662</b><br>Test class: newMMIS_Subsystems.Portal1</td>
<td></td>
<td>5</td>
<td>newMMIS_Subsystems.Portal1@3e478ad6</td></tr>
<tr>
<td title='newMMIS_Subsystems.Portal1.RM_9_516()'><b>RM_9_516</b><br>Test class: newMMIS_Subsystems.Portal1</td>
<td></td>
<td>8</td>
<td>newMMIS_Subsystems.Portal1@3e478ad6</td></tr>
</table><p>
<table width='100%' border='1' class='invocation-skipped'>
<tr><td colspan='4' align='center'><b>SKIPPED TESTS</b></td></tr>
<tr><td><b>Test method</b></td>
<td width="30%"><b>Exception</b></td>
<td width="10%"><b>Time (seconds)</b></td>
<td><b>Instance</b></td>
</tr>
<tr>
<td title='newMMIS_Subsystems.Portal1.RM_271_271()'><b>RM_271_271</b><br>Test class: newMMIS_Subsystems.Portal1<br/>
<a href="#Output-943034708" onClick='toggleBox("Output-943034708", this, "Show output", "Hide output");'>Show output</a>

<a href="#Output-943034708" onClick="toggleAllBoxes();">Show all outputs</a>
<div class='log' id="Output-943034708">
3.C:\Users\gandhian\Desktop\Anshul\Workspace\Regression\ScreenShots\_18_Sep_2013__10_26_23PM_172.31.59.34_TC RM_271_271.png<br/>
</div>
</td>
<td><div><pre>org.testng.SkipException: Skipping this because no member found for this RM
	at newMMIS_Subsystems.Portal1.RMreset(Unknown Source)
	at newMMIS_Subsystems.Portal1.RM_271_271(Unknown Source)
... Removed 23 stack frames</pre></div><a href='#' onClick='toggleBox("stack-trace943034708", this, "Click to show all stack frames", "Click to hide stack frames")'>Click to show all stack frames</a>
<div class='stack-trace' id='stack-trace943034708'><pre>org.testng.SkipException: Skipping this because no member found for this RM
	at newMMIS_Subsystems.Portal1.RMreset(Unknown Source)
	at newMMIS_Subsystems.Portal1.RM_271_271(Unknown Source)
	at sun.reflect.NativeMethodAccessorImpl.invoke0(Native Method)
	at sun.reflect.NativeMethodAccessorImpl.invoke(Unknown Source)
	at sun.reflect.DelegatingMethodAccessorImpl.invoke(Unknown Source)
	at java.lang.reflect.Method.invoke(Unknown Source)
	at org.testng.internal.MethodInvocationHelper.invokeMethod(MethodInvocationHelper.java:80)
	at org.testng.internal.Invoker.invokeMethod(Invoker.java:714)
	at org.testng.internal.Invoker.invokeTestMethod(Invoker.java:901)
	at org.testng.internal.Invoker.invokeTestMethods(Invoker.java:1231)
	at org.testng.internal.TestMethodWorker.invokeTestMethods(TestMethodWorker.java:127)
	at org.testng.internal.TestMethodWorker.run(TestMethodWorker.java:111)
	at org.testng.TestRunner.privateRun(TestRunner.java:767)
	at org.testng.TestRunner.run(TestRunner.java:617)
	at org.testng.SuiteRunner.runTest(SuiteRunner.java:334)
	at org.testng.SuiteRunner.runSequentially(SuiteRunner.java:329)
	at org.testng.SuiteRunner.privateRun(SuiteRunner.java:291)
	at org.testng.SuiteRunner.run(SuiteRunner.java:240)
	at org.testng.SuiteRunnerWorker.runSuite(SuiteRunnerWorker.java:52)
	at org.testng.SuiteRunnerWorker.run(SuiteRunnerWorker.java:86)
	at org.testng.TestNG.runSuitesSequentially(TestNG.java:1198)
	at org.testng.TestNG.runSuitesLocally(TestNG.java:1123)
	at org.testng.TestNG.run(TestNG.java:1031)
	at org.testng.TestNG.privateMain(TestNG.java:1338)
	at org.testng.TestNG.main(TestNG.java:1307)
</pre></div></td>
<td>3</td>
<td>newMMIS_Subsystems.Portal1@3e478ad6</td></tr>
<tr>
<td title='newMMIS_Subsystems.Portal1.RM_31_495()'><b>RM_31_495</b><br>Test class: newMMIS_Subsystems.Portal1<br/>
<a href="#Output-339323167" onClick='toggleBox("Output-339323167", this, "Show output", "Hide output");'>Show output</a>

<a href="#Output-339323167" onClick="toggleAllBoxes();">Show all outputs</a>
<div class='log' id="Output-339323167">
1.C:\Users\gandhian\Desktop\Anshul\Workspace\Regression\ScreenShots\_18_Sep_2013__09_32_00PM_172.31.59.34_TC RM_31_495.png<br/>
</div>
</td>
<td><div><pre>org.testng.SkipException: Skipping this because no member found for this RM
	at newMMIS_Subsystems.Portal1.RMreset(Unknown Source)
	at newMMIS_Subsystems.Portal1.RM_31_495(Unknown Source)
... Removed 23 stack frames</pre></div><a href='#' onClick='toggleBox("stack-trace339323167", this, "Click to show all stack frames", "Click to hide stack frames")'>Click to show all stack frames</a>
<div class='stack-trace' id='stack-trace339323167'><pre>org.testng.SkipException: Skipping this because no member found for this RM
	at newMMIS_Subsystems.Portal1.RMreset(Unknown Source)
	at newMMIS_Subsystems.Portal1.RM_31_495(Unknown Source)
	at sun.reflect.NativeMethodAccessorImpl.invoke0(Native Method)
	at sun.reflect.NativeMethodAccessorImpl.invoke(Unknown Source)
	at sun.reflect.DelegatingMethodAccessorImpl.invoke(Unknown Source)
	at java.lang.reflect.Method.invoke(Unknown Source)
	at org.testng.internal.MethodInvocationHelper.invokeMethod(MethodInvocationHelper.java:80)
	at org.testng.internal.Invoker.invokeMethod(Invoker.java:714)
	at org.testng.internal.Invoker.invokeTestMethod(Invoker.java:901)
	at org.testng.internal.Invoker.invokeTestMethods(Invoker.java:1231)
	at org.testng.internal.TestMethodWorker.invokeTestMethods(TestMethodWorker.java:127)
	at org.testng.internal.TestMethodWorker.run(TestMethodWorker.java:111)
	at org.testng.TestRunner.privateRun(TestRunner.java:767)
	at org.testng.TestRunner.run(TestRunner.java:617)
	at org.testng.SuiteRunner.runTest(SuiteRunner.java:334)
	at org.testng.SuiteRunner.runSequentially(SuiteRunner.java:329)
	at org.testng.SuiteRunner.privateRun(SuiteRunner.java:291)
	at org.testng.SuiteRunner.run(SuiteRunner.java:240)
	at org.testng.SuiteRunnerWorker.runSuite(SuiteRunnerWorker.java:52)
	at org.testng.SuiteRunnerWorker.run(SuiteRunnerWorker.java:86)
	at org.testng.TestNG.runSuitesSequentially(TestNG.java:1198)
	at org.testng.TestNG.runSuitesLocally(TestNG.java:1123)
	at org.testng.TestNG.run(TestNG.java:1031)
	at org.testng.TestNG.privateMain(TestNG.java:1338)
	at org.testng.TestNG.main(TestNG.java:1307)
</pre></div></td>
<td>4</td>
<td>newMMIS_Subsystems.Portal1@3e478ad6</td></tr>
<tr>
<td title='newMMIS_Subsystems.Portal1.RM_840_386()'><b>RM_840_386</b><br>Test class: newMMIS_Subsystems.Portal1<br/>
<a href="#Output-897574993" onClick='toggleBox("Output-897574993", this, "Show output", "Hide output");'>Show output</a>

<a href="#Output-897574993" onClick="toggleAllBoxes();">Show all outputs</a>
<div class='log' id="Output-897574993">
4.C:\Users\gandhian\Desktop\Anshul\Workspace\Regression\ScreenShots\_18_Sep_2013__10_41_00PM_172.31.59.34_TC RM_840_386.png<br/>
</div>
</td>
<td><div><pre>org.testng.SkipException: Skipping this because no member found for this RM
	at newMMIS_Subsystems.Portal1.RMreset(Unknown Source)
	at newMMIS_Subsystems.Portal1.RM_840_386(Unknown Source)
... Removed 23 stack frames</pre></div><a href='#' onClick='toggleBox("stack-trace897574993", this, "Click to show all stack frames", "Click to hide stack frames")'>Click to show all stack frames</a>
<div class='stack-trace' id='stack-trace897574993'><pre>org.testng.SkipException: Skipping this because no member found for this RM
	at newMMIS_Subsystems.Portal1.RMreset(Unknown Source)
	at newMMIS_Subsystems.Portal1.RM_840_386(Unknown Source)
	at sun.reflect.NativeMethodAccessorImpl.invoke0(Native Method)
	at sun.reflect.NativeMethodAccessorImpl.invoke(Unknown Source)
	at sun.reflect.DelegatingMethodAccessorImpl.invoke(Unknown Source)
	at java.lang.reflect.Method.invoke(Unknown Source)
	at org.testng.internal.MethodInvocationHelper.invokeMethod(MethodInvocationHelper.java:80)
	at org.testng.internal.Invoker.invokeMethod(Invoker.java:714)
	at org.testng.internal.Invoker.invokeTestMethod(Invoker.java:901)
	at org.testng.internal.Invoker.invokeTestMethods(Invoker.java:1231)
	at org.testng.internal.TestMethodWorker.invokeTestMethods(TestMethodWorker.java:127)
	at org.testng.internal.TestMethodWorker.run(TestMethodWorker.java:111)
	at org.testng.TestRunner.privateRun(TestRunner.java:767)
	at org.testng.TestRunner.run(TestRunner.java:617)
	at org.testng.SuiteRunner.runTest(SuiteRunner.java:334)
	at org.testng.SuiteRunner.runSequentially(SuiteRunner.java:329)
	at org.testng.SuiteRunner.privateRun(SuiteRunner.java:291)
	at org.testng.SuiteRunner.run(SuiteRunner.java:240)
	at org.testng.SuiteRunnerWorker.runSuite(SuiteRunnerWorker.java:52)
	at org.testng.SuiteRunnerWorker.run(SuiteRunnerWorker.java:86)
	at org.testng.TestNG.runSuitesSequentially(TestNG.java:1198)
	at org.testng.TestNG.runSuitesLocally(TestNG.java:1123)
	at org.testng.TestNG.run(TestNG.java:1031)
	at org.testng.TestNG.privateMain(TestNG.java:1338)
	at org.testng.TestNG.main(TestNG.java:1307)
</pre></div></td>
<td>2</td>
<td>newMMIS_Subsystems.Portal1@3e478ad6</td></tr>
<tr>
<td title='newMMIS_Subsystems.Portal1.RM_841_386()'><b>RM_841_386</b><br>Test class: newMMIS_Subsystems.Portal1<br/>
<a href="#Output-29039109" onClick='toggleBox("Output-29039109", this, "Show output", "Hide output");'>Show output</a>

<a href="#Output-29039109" onClick="toggleAllBoxes();">Show all outputs</a>
<div class='log' id="Output-29039109">
5.C:\Users\gandhian\Desktop\Anshul\Workspace\Regression\ScreenShots\_18_Sep_2013__10_41_09PM_172.31.59.34_TC RM_841_386.png<br/>
</div>
</td>
<td><div><pre>org.testng.SkipException: Skipping this because no member found for this RM
	at newMMIS_Subsystems.Portal1.RMreset(Unknown Source)
	at newMMIS_Subsystems.Portal1.RM_841_386(Unknown Source)
... Removed 23 stack frames</pre></div><a href='#' onClick='toggleBox("stack-trace29039109", this, "Click to show all stack frames", "Click to hide stack frames")'>Click to show all stack frames</a>
<div class='stack-trace' id='stack-trace29039109'><pre>org.testng.SkipException: Skipping this because no member found for this RM
	at newMMIS_Subsystems.Portal1.RMreset(Unknown Source)
	at newMMIS_Subsystems.Portal1.RM_841_386(Unknown Source)
	at sun.reflect.NativeMethodAccessorImpl.invoke0(Native Method)
	at sun.reflect.NativeMethodAccessorImpl.invoke(Unknown Source)
	at sun.reflect.DelegatingMethodAccessorImpl.invoke(Unknown Source)
	at java.lang.reflect.Method.invoke(Unknown Source)
	at org.testng.internal.MethodInvocationHelper.invokeMethod(MethodInvocationHelper.java:80)
	at org.testng.internal.Invoker.invokeMethod(Invoker.java:714)
	at org.testng.internal.Invoker.invokeTestMethod(Invoker.java:901)
	at org.testng.internal.Invoker.invokeTestMethods(Invoker.java:1231)
	at org.testng.internal.TestMethodWorker.invokeTestMethods(TestMethodWorker.java:127)
	at org.testng.internal.TestMethodWorker.run(TestMethodWorker.java:111)
	at org.testng.TestRunner.privateRun(TestRunner.java:767)
	at org.testng.TestRunner.run(TestRunner.java:617)
	at org.testng.SuiteRunner.runTest(SuiteRunner.java:334)
	at org.testng.SuiteRunner.runSequentially(SuiteRunner.java:329)
	at org.testng.SuiteRunner.privateRun(SuiteRunner.java:291)
	at org.testng.SuiteRunner.run(SuiteRunner.java:240)
	at org.testng.SuiteRunnerWorker.runSuite(SuiteRunnerWorker.java:52)
	at org.testng.SuiteRunnerWorker.run(SuiteRunnerWorker.java:86)
	at org.testng.TestNG.runSuitesSequentially(TestNG.java:1198)
	at org.testng.TestNG.runSuitesLocally(TestNG.java:1123)
	at org.testng.TestNG.run(TestNG.java:1031)
	at org.testng.TestNG.privateMain(TestNG.java:1338)
	at org.testng.TestNG.main(TestNG.java:1307)
</pre></div></td>
<td>2</td>
<td>newMMIS_Subsystems.Portal1@3e478ad6</td></tr>
<tr>
<td title='newMMIS_Subsystems.Portal1.RM_936_656()'><b>RM_936_656</b><br>Test class: newMMIS_Subsystems.Portal1<br/>
<a href="#Output-550214444" onClick='toggleBox("Output-550214444", this, "Show output", "Hide output");'>Show output</a>

<a href="#Output-550214444" onClick="toggleAllBoxes();">Show all outputs</a>
<div class='log' id="Output-550214444">
6.C:\Users\gandhian\Desktop\Anshul\Workspace\Regression\ScreenShots\_18_Sep_2013__10_41_41PM_172.31.59.34_TC RM_936_656.png<br/>
</div>
</td>
<td><div><pre>org.testng.SkipException: Skipping this because no member found for this RM
	at newMMIS_Subsystems.Portal1.RMreset(Unknown Source)
	at newMMIS_Subsystems.Portal1.RM_936_656(Unknown Source)
... Removed 23 stack frames</pre></div><a href='#' onClick='toggleBox("stack-trace550214444", this, "Click to show all stack frames", "Click to hide stack frames")'>Click to show all stack frames</a>
<div class='stack-trace' id='stack-trace550214444'><pre>org.testng.SkipException: Skipping this because no member found for this RM
	at newMMIS_Subsystems.Portal1.RMreset(Unknown Source)
	at newMMIS_Subsystems.Portal1.RM_936_656(Unknown Source)
	at sun.reflect.NativeMethodAccessorImpl.invoke0(Native Method)
	at sun.reflect.NativeMethodAccessorImpl.invoke(Unknown Source)
	at sun.reflect.DelegatingMethodAccessorImpl.invoke(Unknown Source)
	at java.lang.reflect.Method.invoke(Unknown Source)
	at org.testng.internal.MethodInvocationHelper.invokeMethod(MethodInvocationHelper.java:80)
	at org.testng.internal.Invoker.invokeMethod(Invoker.java:714)
	at org.testng.internal.Invoker.invokeTestMethod(Invoker.java:901)
	at org.testng.internal.Invoker.invokeTestMethods(Invoker.java:1231)
	at org.testng.internal.TestMethodWorker.invokeTestMethods(TestMethodWorker.java:127)
	at org.testng.internal.TestMethodWorker.run(TestMethodWorker.java:111)
	at org.testng.TestRunner.privateRun(TestRunner.java:767)
	at org.testng.TestRunner.run(TestRunner.java:617)
	at org.testng.SuiteRunner.runTest(SuiteRunner.java:334)
	at org.testng.SuiteRunner.runSequentially(SuiteRunner.java:329)
	at org.testng.SuiteRunner.privateRun(SuiteRunner.java:291)
	at org.testng.SuiteRunner.run(SuiteRunner.java:240)
	at org.testng.SuiteRunnerWorker.runSuite(SuiteRunnerWorker.java:52)
	at org.testng.SuiteRunnerWorker.run(SuiteRunnerWorker.java:86)
	at org.testng.TestNG.runSuitesSequentially(TestNG.java:1198)
	at org.testng.TestNG.runSuitesLocally(TestNG.java:1123)
	at org.testng.TestNG.run(TestNG.java:1031)
	at org.testng.TestNG.privateMain(TestNG.java:1338)
	at org.testng.TestNG.main(TestNG.java:1307)
</pre></div></td>
<td>4</td>
<td>newMMIS_Subsystems.Portal1@3e478ad6</td></tr>
<tr>
<td title='newMMIS_Subsystems.Portal1.RM_949_657()'><b>RM_949_657</b><br>Test class: newMMIS_Subsystems.Portal1<br/>
<a href="#Output-1953167364" onClick='toggleBox("Output-1953167364", this, "Show output", "Hide output");'>Show output</a>

<a href="#Output-1953167364" onClick="toggleAllBoxes();">Show all outputs</a>
<div class='log' id="Output-1953167364">
7.C:\Users\gandhian\Desktop\Anshul\Workspace\Regression\ScreenShots\_18_Sep_2013__10_44_04PM_172.31.59.34_TC RM_949_657.png<br/>
</div>
</td>
<td><div><pre>org.testng.SkipException: Skipping this because no member found for this RM
	at newMMIS_Subsystems.Portal1.RMreset(Unknown Source)
	at newMMIS_Subsystems.Portal1.RM_949_657(Unknown Source)
... Removed 23 stack frames</pre></div><a href='#' onClick='toggleBox("stack-trace1953167364", this, "Click to show all stack frames", "Click to hide stack frames")'>Click to show all stack frames</a>
<div class='stack-trace' id='stack-trace1953167364'><pre>org.testng.SkipException: Skipping this because no member found for this RM
	at newMMIS_Subsystems.Portal1.RMreset(Unknown Source)
	at newMMIS_Subsystems.Portal1.RM_949_657(Unknown Source)
	at sun.reflect.NativeMethodAccessorImpl.invoke0(Native Method)
	at sun.reflect.NativeMethodAccessorImpl.invoke(Unknown Source)
	at sun.reflect.DelegatingMethodAccessorImpl.invoke(Unknown Source)
	at java.lang.reflect.Method.invoke(Unknown Source)
	at org.testng.internal.MethodInvocationHelper.invokeMethod(MethodInvocationHelper.java:80)
	at org.testng.internal.Invoker.invokeMethod(Invoker.java:714)
	at org.testng.internal.Invoker.invokeTestMethod(Invoker.java:901)
	at org.testng.internal.Invoker.invokeTestMethods(Invoker.java:1231)
	at org.testng.internal.TestMethodWorker.invokeTestMethods(TestMethodWorker.java:127)
	at org.testng.internal.TestMethodWorker.run(TestMethodWorker.java:111)
	at org.testng.TestRunner.privateRun(TestRunner.java:767)
	at org.testng.TestRunner.run(TestRunner.java:617)
	at org.testng.SuiteRunner.runTest(SuiteRunner.java:334)
	at org.testng.SuiteRunner.runSequentially(SuiteRunner.java:329)
	at org.testng.SuiteRunner.privateRun(SuiteRunner.java:291)
	at org.testng.SuiteRunner.run(SuiteRunner.java:240)
	at org.testng.SuiteRunnerWorker.runSuite(SuiteRunnerWorker.java:52)
	at org.testng.SuiteRunnerWorker.run(SuiteRunnerWorker.java:86)
	at org.testng.TestNG.runSuitesSequentially(TestNG.java:1198)
	at org.testng.TestNG.runSuitesLocally(TestNG.java:1123)
	at org.testng.TestNG.run(TestNG.java:1031)
	at org.testng.TestNG.privateMain(TestNG.java:1338)
	at org.testng.TestNG.main(TestNG.java:1307)
</pre></div></td>
<td>2</td>
<td>newMMIS_Subsystems.Portal1@3e478ad6</td></tr>
<tr>
<td title='newMMIS_Subsystems.Portal1.RM_958_611()'><b>RM_958_611</b><br>Test class: newMMIS_Subsystems.Portal1<br/>
<a href="#Output-2029131482" onClick='toggleBox("Output-2029131482", this, "Show output", "Hide output");'>Show output</a>

<a href="#Output-2029131482" onClick="toggleAllBoxes();">Show all outputs</a>
<div class='log' id="Output-2029131482">
10.C:\Users\gandhian\Desktop\Anshul\Workspace\Regression\ScreenShots\_18_Sep_2013__10_55_03PM_172.31.59.34_TC RM_958_611.png<br/>
</div>
</td>
<td><div><pre>org.testng.SkipException: Skipping this because no member found for this RM
	at newMMIS_Subsystems.Portal1.RMreset(Unknown Source)
	at newMMIS_Subsystems.Portal1.RM_958_611(Unknown Source)
... Removed 23 stack frames</pre></div><a href='#' onClick='toggleBox("stack-trace2029131482", this, "Click to show all stack frames", "Click to hide stack frames")'>Click to show all stack frames</a>
<div class='stack-trace' id='stack-trace2029131482'><pre>org.testng.SkipException: Skipping this because no member found for this RM
	at newMMIS_Subsystems.Portal1.RMreset(Unknown Source)
	at newMMIS_Subsystems.Portal1.RM_958_611(Unknown Source)
	at sun.reflect.NativeMethodAccessorImpl.invoke0(Native Method)
	at sun.reflect.NativeMethodAccessorImpl.invoke(Unknown Source)
	at sun.reflect.DelegatingMethodAccessorImpl.invoke(Unknown Source)
	at java.lang.reflect.Method.invoke(Unknown Source)
	at org.testng.internal.MethodInvocationHelper.invokeMethod(MethodInvocationHelper.java:80)
	at org.testng.internal.Invoker.invokeMethod(Invoker.java:714)
	at org.testng.internal.Invoker.invokeTestMethod(Invoker.java:901)
	at org.testng.internal.Invoker.invokeTestMethods(Invoker.java:1231)
	at org.testng.internal.TestMethodWorker.invokeTestMethods(TestMethodWorker.java:127)
	at org.testng.internal.TestMethodWorker.run(TestMethodWorker.java:111)
	at org.testng.TestRunner.privateRun(TestRunner.java:767)
	at org.testng.TestRunner.run(TestRunner.java:617)
	at org.testng.SuiteRunner.runTest(SuiteRunner.java:334)
	at org.testng.SuiteRunner.runSequentially(SuiteRunner.java:329)
	at org.testng.SuiteRunner.privateRun(SuiteRunner.java:291)
	at org.testng.SuiteRunner.run(SuiteRunner.java:240)
	at org.testng.SuiteRunnerWorker.runSuite(SuiteRunnerWorker.java:52)
	at org.testng.SuiteRunnerWorker.run(SuiteRunnerWorker.java:86)
	at org.testng.TestNG.runSuitesSequentially(TestNG.java:1198)
	at org.testng.TestNG.runSuitesLocally(TestNG.java:1123)
	at org.testng.TestNG.run(TestNG.java:1031)
	at org.testng.TestNG.privateMain(TestNG.java:1338)
	at org.testng.TestNG.main(TestNG.java:1307)
</pre></div></td>
<td>8</td>
<td>newMMIS_Subsystems.Portal1@3e478ad6</td></tr>
<tr>
<td title='newMMIS_Subsystems.Portal1.RM_959_611()'><b>RM_959_611</b><br>Test class: newMMIS_Subsystems.Portal1<br/>
<a href="#Output-776100616" onClick='toggleBox("Output-776100616", this, "Show output", "Hide output");'>Show output</a>

<a href="#Output-776100616" onClick="toggleAllBoxes();">Show all outputs</a>
<div class='log' id="Output-776100616">
11.C:\Users\gandhian\Desktop\Anshul\Workspace\Regression\ScreenShots\_18_Sep_2013__10_55_12PM_172.31.59.34_TC RM_959_611.png<br/>
</div>
</td>
<td><div><pre>org.testng.SkipException: Skipping this because no member found for this RM
	at newMMIS_Subsystems.Portal1.RMreset(Unknown Source)
	at newMMIS_Subsystems.Portal1.RM_959_611(Unknown Source)
... Removed 23 stack frames</pre></div><a href='#' onClick='toggleBox("stack-trace776100616", this, "Click to show all stack frames", "Click to hide stack frames")'>Click to show all stack frames</a>
<div class='stack-trace' id='stack-trace776100616'><pre>org.testng.SkipException: Skipping this because no member found for this RM
	at newMMIS_Subsystems.Portal1.RMreset(Unknown Source)
	at newMMIS_Subsystems.Portal1.RM_959_611(Unknown Source)
	at sun.reflect.NativeMethodAccessorImpl.invoke0(Native Method)
	at sun.reflect.NativeMethodAccessorImpl.invoke(Unknown Source)
	at sun.reflect.DelegatingMethodAccessorImpl.invoke(Unknown Source)
	at java.lang.reflect.Method.invoke(Unknown Source)
	at org.testng.internal.MethodInvocationHelper.invokeMethod(MethodInvocationHelper.java:80)
	at org.testng.internal.Invoker.invokeMethod(Invoker.java:714)
	at org.testng.internal.Invoker.invokeTestMethod(Invoker.java:901)
	at org.testng.internal.Invoker.invokeTestMethods(Invoker.java:1231)
	at org.testng.internal.TestMethodWorker.invokeTestMethods(TestMethodWorker.java:127)
	at org.testng.internal.TestMethodWorker.run(TestMethodWorker.java:111)
	at org.testng.TestRunner.privateRun(TestRunner.java:767)
	at org.testng.TestRunner.run(TestRunner.java:617)
	at org.testng.SuiteRunner.runTest(SuiteRunner.java:334)
	at org.testng.SuiteRunner.runSequentially(SuiteRunner.java:329)
	at org.testng.SuiteRunner.privateRun(SuiteRunner.java:291)
	at org.testng.SuiteRunner.run(SuiteRunner.java:240)
	at org.testng.SuiteRunnerWorker.runSuite(SuiteRunnerWorker.java:52)
	at org.testng.SuiteRunnerWorker.run(SuiteRunnerWorker.java:86)
	at org.testng.TestNG.runSuitesSequentially(TestNG.java:1198)
	at org.testng.TestNG.runSuitesLocally(TestNG.java:1123)
	at org.testng.TestNG.run(TestNG.java:1031)
	at org.testng.TestNG.privateMain(TestNG.java:1338)
	at org.testng.TestNG.main(TestNG.java:1307)
</pre></div></td>
<td>2</td>
<td>newMMIS_Subsystems.Portal1@3e478ad6</td></tr>
<tr>
<td title='newMMIS_Subsystems.Portal1.RM_969_611()'><b>RM_969_611</b><br>Test class: newMMIS_Subsystems.Portal1<br/>
<a href="#Output-1027398715" onClick='toggleBox("Output-1027398715", this, "Show output", "Hide output");'>Show output</a>

<a href="#Output-1027398715" onClick="toggleAllBoxes();">Show all outputs</a>
<div class='log' id="Output-1027398715">
14.C:\Users\gandhian\Desktop\Anshul\Workspace\Regression\ScreenShots\_18_Sep_2013__10_56_53PM_172.31.59.34_TC RM_969_611.png<br/>
</div>
</td>
<td><div><pre>org.testng.SkipException: Skipping this because no member found for this RM
	at newMMIS_Subsystems.Portal1.RMreset(Unknown Source)
	at newMMIS_Subsystems.Portal1.RM_969_611(Unknown Source)
... Removed 23 stack frames</pre></div><a href='#' onClick='toggleBox("stack-trace1027398715", this, "Click to show all stack frames", "Click to hide stack frames")'>Click to show all stack frames</a>
<div class='stack-trace' id='stack-trace1027398715'><pre>org.testng.SkipException: Skipping this because no member found for this RM
	at newMMIS_Subsystems.Portal1.RMreset(Unknown Source)
	at newMMIS_Subsystems.Portal1.RM_969_611(Unknown Source)
	at sun.reflect.NativeMethodAccessorImpl.invoke0(Native Method)
	at sun.reflect.NativeMethodAccessorImpl.invoke(Unknown Source)
	at sun.reflect.DelegatingMethodAccessorImpl.invoke(Unknown Source)
	at java.lang.reflect.Method.invoke(Unknown Source)
	at org.testng.internal.MethodInvocationHelper.invokeMethod(MethodInvocationHelper.java:80)
	at org.testng.internal.Invoker.invokeMethod(Invoker.java:714)
	at org.testng.internal.Invoker.invokeTestMethod(Invoker.java:901)
	at org.testng.internal.Invoker.invokeTestMethods(Invoker.java:1231)
	at org.testng.internal.TestMethodWorker.invokeTestMethods(TestMethodWorker.java:127)
	at org.testng.internal.TestMethodWorker.run(TestMethodWorker.java:111)
	at org.testng.TestRunner.privateRun(TestRunner.java:767)
	at org.testng.TestRunner.run(TestRunner.java:617)
	at org.testng.SuiteRunner.runTest(SuiteRunner.java:334)
	at org.testng.SuiteRunner.runSequentially(SuiteRunner.java:329)
	at org.testng.SuiteRunner.privateRun(SuiteRunner.java:291)
	at org.testng.SuiteRunner.run(SuiteRunner.java:240)
	at org.testng.SuiteRunnerWorker.runSuite(SuiteRunnerWorker.java:52)
	at org.testng.SuiteRunnerWorker.run(SuiteRunnerWorker.java:86)
	at org.testng.TestNG.runSuitesSequentially(TestNG.java:1198)
	at org.testng.TestNG.runSuitesLocally(TestNG.java:1123)
	at org.testng.TestNG.run(TestNG.java:1031)
	at org.testng.TestNG.privateMain(TestNG.java:1338)
	at org.testng.TestNG.main(TestNG.java:1307)
</pre></div></td>
<td>2</td>
<td>newMMIS_Subsystems.Portal1@3e478ad6</td></tr>
<tr>
<td title='newMMIS_Subsystems.Portal1.RM_980_611()'><b>RM_980_611</b><br>Test class: newMMIS_Subsystems.Portal1<br/>
<a href="#Output-244979161" onClick='toggleBox("Output-244979161", this, "Show output", "Hide output");'>Show output</a>

<a href="#Output-244979161" onClick="toggleAllBoxes();">Show all outputs</a>
<div class='log' id="Output-244979161">
17.C:\Users\gandhian\Desktop\Anshul\Workspace\Regression\ScreenShots\_18_Sep_2013__10_59_14PM_172.31.59.34_TC RM_980_611.png<br/>
</div>
</td>
<td><div><pre>org.testng.SkipException: Skipping this because no member found for this RM
	at newMMIS_Subsystems.Portal1.RMreset(Unknown Source)
	at newMMIS_Subsystems.Portal1.RM_980_611(Unknown Source)
... Removed 23 stack frames</pre></div><a href='#' onClick='toggleBox("stack-trace244979161", this, "Click to show all stack frames", "Click to hide stack frames")'>Click to show all stack frames</a>
<div class='stack-trace' id='stack-trace244979161'><pre>org.testng.SkipException: Skipping this because no member found for this RM
	at newMMIS_Subsystems.Portal1.RMreset(Unknown Source)
	at newMMIS_Subsystems.Portal1.RM_980_611(Unknown Source)
	at sun.reflect.NativeMethodAccessorImpl.invoke0(Native Method)
	at sun.reflect.NativeMethodAccessorImpl.invoke(Unknown Source)
	at sun.reflect.DelegatingMethodAccessorImpl.invoke(Unknown Source)
	at java.lang.reflect.Method.invoke(Unknown Source)
	at org.testng.internal.MethodInvocationHelper.invokeMethod(MethodInvocationHelper.java:80)
	at org.testng.internal.Invoker.invokeMethod(Invoker.java:714)
	at org.testng.internal.Invoker.invokeTestMethod(Invoker.java:901)
	at org.testng.internal.Invoker.invokeTestMethods(Invoker.java:1231)
	at org.testng.internal.TestMethodWorker.invokeTestMethods(TestMethodWorker.java:127)
	at org.testng.internal.TestMethodWorker.run(TestMethodWorker.java:111)
	at org.testng.TestRunner.privateRun(TestRunner.java:767)
	at org.testng.TestRunner.run(TestRunner.java:617)
	at org.testng.SuiteRunner.runTest(SuiteRunner.java:334)
	at org.testng.SuiteRunner.runSequentially(SuiteRunner.java:329)
	at org.testng.SuiteRunner.privateRun(SuiteRunner.java:291)
	at org.testng.SuiteRunner.run(SuiteRunner.java:240)
	at org.testng.SuiteRunnerWorker.runSuite(SuiteRunnerWorker.java:52)
	at org.testng.SuiteRunnerWorker.run(SuiteRunnerWorker.java:86)
	at org.testng.TestNG.runSuitesSequentially(TestNG.java:1198)
	at org.testng.TestNG.runSuitesLocally(TestNG.java:1123)
	at org.testng.TestNG.run(TestNG.java:1031)
	at org.testng.TestNG.privateMain(TestNG.java:1338)
	at org.testng.TestNG.main(TestNG.java:1307)
</pre></div></td>
<td>2</td>
<td>newMMIS_Subsystems.Portal1@3e478ad6</td></tr>
<tr>
<td title='newMMIS_Subsystems.Portal1.RM_981_611()'><b>RM_981_611</b><br>Test class: newMMIS_Subsystems.Portal1<br/>
<a href="#Output-75632614" onClick='toggleBox("Output-75632614", this, "Show output", "Hide output");'>Show output</a>

<a href="#Output-75632614" onClick="toggleAllBoxes();">Show all outputs</a>
<div class='log' id="Output-75632614">
18.C:\Users\gandhian\Desktop\Anshul\Workspace\Regression\ScreenShots\_18_Sep_2013__10_59_23PM_172.31.59.34_TC RM_981_611.png<br/>
</div>
</td>
<td><div><pre>org.testng.SkipException: Skipping this because no member found for this RM
	at newMMIS_Subsystems.Portal1.RMreset(Unknown Source)
	at newMMIS_Subsystems.Portal1.RM_981_611(Unknown Source)
... Removed 23 stack frames</pre></div><a href='#' onClick='toggleBox("stack-trace75632614", this, "Click to show all stack frames", "Click to hide stack frames")'>Click to show all stack frames</a>
<div class='stack-trace' id='stack-trace75632614'><pre>org.testng.SkipException: Skipping this because no member found for this RM
	at newMMIS_Subsystems.Portal1.RMreset(Unknown Source)
	at newMMIS_Subsystems.Portal1.RM_981_611(Unknown Source)
	at sun.reflect.NativeMethodAccessorImpl.invoke0(Native Method)
	at sun.reflect.NativeMethodAccessorImpl.invoke(Unknown Source)
	at sun.reflect.DelegatingMethodAccessorImpl.invoke(Unknown Source)
	at java.lang.reflect.Method.invoke(Unknown Source)
	at org.testng.internal.MethodInvocationHelper.invokeMethod(MethodInvocationHelper.java:80)
	at org.testng.internal.Invoker.invokeMethod(Invoker.java:714)
	at org.testng.internal.Invoker.invokeTestMethod(Invoker.java:901)
	at org.testng.internal.Invoker.invokeTestMethods(Invoker.java:1231)
	at org.testng.internal.TestMethodWorker.invokeTestMethods(TestMethodWorker.java:127)
	at org.testng.internal.TestMethodWorker.run(TestMethodWorker.java:111)
	at org.testng.TestRunner.privateRun(TestRunner.java:767)
	at org.testng.TestRunner.run(TestRunner.java:617)
	at org.testng.SuiteRunner.runTest(SuiteRunner.java:334)
	at org.testng.SuiteRunner.runSequentially(SuiteRunner.java:329)
	at org.testng.SuiteRunner.privateRun(SuiteRunner.java:291)
	at org.testng.SuiteRunner.run(SuiteRunner.java:240)
	at org.testng.SuiteRunnerWorker.runSuite(SuiteRunnerWorker.java:52)
	at org.testng.SuiteRunnerWorker.run(SuiteRunnerWorker.java:86)
	at org.testng.TestNG.runSuitesSequentially(TestNG.java:1198)
	at org.testng.TestNG.runSuitesLocally(TestNG.java:1123)
	at org.testng.TestNG.run(TestNG.java:1031)
	at org.testng.TestNG.privateMain(TestNG.java:1338)
	at org.testng.TestNG.main(TestNG.java:1307)
</pre></div></td>
<td>2</td>
<td>newMMIS_Subsystems.Portal1@3e478ad6</td></tr>
<tr>
<td title='newMMIS_Subsystems.Portal1.RM_982_611()'><b>RM_982_611</b><br>Test class: newMMIS_Subsystems.Portal1<br/>
<a href="#Output-1422201948" onClick='toggleBox("Output-1422201948", this, "Show output", "Hide output");'>Show output</a>

<a href="#Output-1422201948" onClick="toggleAllBoxes();">Show all outputs</a>
<div class='log' id="Output-1422201948">
19.C:\Users\gandhian\Desktop\Anshul\Workspace\Regression\ScreenShots\_18_Sep_2013__10_59_33PM_172.31.59.34_TC RM_976_611.png<br/>
</div>
</td>
<td><div><pre>org.testng.SkipException: Skipping this because no member found for this RM
	at newMMIS_Subsystems.Portal1.RMreset(Unknown Source)
	at newMMIS_Subsystems.Portal1.RM_982_611(Unknown Source)
... Removed 23 stack frames</pre></div><a href='#' onClick='toggleBox("stack-trace1422201948", this, "Click to show all stack frames", "Click to hide stack frames")'>Click to show all stack frames</a>
<div class='stack-trace' id='stack-trace1422201948'><pre>org.testng.SkipException: Skipping this because no member found for this RM
	at newMMIS_Subsystems.Portal1.RMreset(Unknown Source)
	at newMMIS_Subsystems.Portal1.RM_982_611(Unknown Source)
	at sun.reflect.NativeMethodAccessorImpl.invoke0(Native Method)
	at sun.reflect.NativeMethodAccessorImpl.invoke(Unknown Source)
	at sun.reflect.DelegatingMethodAccessorImpl.invoke(Unknown Source)
	at java.lang.reflect.Method.invoke(Unknown Source)
	at org.testng.internal.MethodInvocationHelper.invokeMethod(MethodInvocationHelper.java:80)
	at org.testng.internal.Invoker.invokeMethod(Invoker.java:714)
	at org.testng.internal.Invoker.invokeTestMethod(Invoker.java:901)
	at org.testng.internal.Invoker.invokeTestMethods(Invoker.java:1231)
	at org.testng.internal.TestMethodWorker.invokeTestMethods(TestMethodWorker.java:127)
	at org.testng.internal.TestMethodWorker.run(TestMethodWorker.java:111)
	at org.testng.TestRunner.privateRun(TestRunner.java:767)
	at org.testng.TestRunner.run(TestRunner.java:617)
	at org.testng.SuiteRunner.runTest(SuiteRunner.java:334)
	at org.testng.SuiteRunner.runSequentially(SuiteRunner.java:329)
	at org.testng.SuiteRunner.privateRun(SuiteRunner.java:291)
	at org.testng.SuiteRunner.run(SuiteRunner.java:240)
	at org.testng.SuiteRunnerWorker.runSuite(SuiteRunnerWorker.java:52)
	at org.testng.SuiteRunnerWorker.run(SuiteRunnerWorker.java:86)
	at org.testng.TestNG.runSuitesSequentially(TestNG.java:1198)
	at org.testng.TestNG.runSuitesLocally(TestNG.java:1123)
	at org.testng.TestNG.run(TestNG.java:1031)
	at org.testng.TestNG.privateMain(TestNG.java:1338)
	at org.testng.TestNG.main(TestNG.java:1307)
</pre></div></td>
<td>2</td>
<td>newMMIS_Subsystems.Portal1@3e478ad6</td></tr>
</table><p>
</body>
</html>