<html>
<head>
<title>TestNG:  EVS test</title>
<link href="../testng.css" rel="stylesheet" type="text/css" />
<link href="../my-testng.css" rel="stylesheet" type="text/css" />

<style type="text/css">
.log { display: none;} 
.stack-trace { display: none;} 
</style>
<script type="text/javascript">
<!--
function flip(e) {
  current = e.style.display;
  if (current == 'block') {
    e.style.display = 'none';
    return 0;
  }
  else {
    e.style.display = 'block';
    return 1;
  }
}

function toggleBox(szDivId, elem, msg1, msg2)
{
  var res = -1;  if (document.getElementById) {
    res = flip(document.getElementById(szDivId));
  }
  else if (document.all) {
    // this is the way old msie versions work
    res = flip(document.all[szDivId]);
  }
  if(elem) {
    if(res == 0) elem.innerHTML = msg1; else elem.innerHTML = msg2;
  }

}

function toggleAllBoxes() {
  if (document.getElementsByTagName) {
    d = document.getElementsByTagName('div');
    for (i = 0; i < d.length; i++) {
      if (d[i].className == 'log') {
        flip(d[i]);
      }
    }
  }
}

// -->
</script>

</head>
<body>
<h2 align='center'>EVS test</h2><table border='1' align="center">
<tr>
<td>Tests passed/Failed/Skipped:</td><td>0/0/2</td>
</tr><tr>
<td>Started on:</td><td>Thu Apr 21 11:30:46 EDT 2016</td>
</tr>
<tr><td>Total time:</td><td>5 seconds (5480 ms)</td>
</tr><tr>
<td>Included groups:</td><td></td>
</tr><tr>
<td>Excluded groups:</td><td></td>
</tr>
</table><p/>
<small><i>(Hover the method name to see the test class name)</i></small><p/>
<table width='100%' border='1' class='invocation-failed'>
<tr><td colspan='4' align='center'><b>FAILED CONFIGURATIONS</b></td></tr>
<tr><td><b>Test method</b></td>
<td width="30%"><b>Exception</b></td>
<td width="10%"><b>Time (seconds)</b></td>
<td><b>Instance</b></td>
</tr>
<tr>
<td title='newMMIS_Subsystems.EVS.LoginCheck()'><b>LoginCheck</b><br>Test class: newMMIS_Subsystems.EVS</td>
<td><div><pre>org.openqa.selenium.NoSuchWindowException: Window not found. The browser window may have been closed.
Command duration or timeout: 131 milliseconds
Build info: version: &apos;2.32.0&apos;, revision: &apos;6c40c18&apos;, time: &apos;2013-04-09 17:22:56&apos;
System info: os.name: &apos;Windows 7&apos;, os.arch: &apos;amd64&apos;, os.version: &apos;6.1&apos;, java.version: &apos;1.7.0_21&apos;
Session ID: 28394fa5-75be-404e-89d5-64ec5129410b
Driver info: org.openqa.selenium.firefox.FirefoxDriver
Capabilities [{platform=XP, databaseEnabled=true, cssSelectorsEnabled=true, javascriptEnabled=true, acceptSslCerts=true, handlesAlerts=true, browserName=firefox, browserConnectionEnabled=true, nativeEvents=true, webStorageEnabled=true, rotatable=false, locationContextEnabled=true, applicationCacheEnabled=true, takesScreenshot=true, version=21.0}]
	at org.openqa.selenium.remote.ErrorHandler.createThrowable(ErrorHandler.java:187)
	at org.openqa.selenium.remote.ErrorHandler.throwIfResponseFailed(ErrorHandler.java:145)
	at org.openqa.selenium.remote.RemoteWebDriver.execute(RemoteWebDriver.java:554)
	at org.openqa.selenium.remote.RemoteWebElement.execute(RemoteWebElement.java:268)
	at org.openqa.selenium.remote.RemoteWebElement.clear(RemoteWebElement.java:113)
	at newMMIS_Subsystems.Login.testLoginPortal(Unknown Source)
	at newMMIS_Subsystems.Common.resetPortal(Unknown Source)
	at newMMIS_Subsystems.EVS.LoginCheck(Unknown Source)
Caused by: org.openqa.selenium.remote.ErrorHandler$UnknownServerException: Window not found. The browser window may have been closed.
Build info: version: &apos;2.32.0&apos;, revision: &apos;6c40c18&apos;, time: &apos;2013-04-09 17:22:56&apos;
System info: os.name: &apos;Windows 7&apos;, os.arch: &apos;amd64&apos;, os.version: &apos;6.1&apos;, java.version: &apos;1.7.0_21&apos;
Driver info: driver.version: unknown
	at &lt;anonymous class&gt;.nsCommandProcessor.prototype.execute(file:///C:/Users/gandhian/AppData/Local/Temp/anonymous8753909661073676024webdriver-profile/extensions/fxdriver@googlecode.com/components/command_processor.js:10491)
	at &lt;anonymous class&gt;.Dispatcher.executeAs/&lt;(file:///C:/Users/gandhian/AppData/Local/Temp/anonymous8753909661073676024webdriver-profile/extensions/fxdriver@googlecode.com/components/driver_component.js:7471)
	at &lt;anonymous class&gt;.Resource.prototype.handle(file:///C:/Users/gandhian/AppData/Local/Temp/anonymous8753909661073676024webdriver-profile/extensions/fxdriver@googlecode.com/components/driver_component.js:7629)
	at &lt;anonymous class&gt;.Dispatcher.prototype.dispatch(file:///C:/Users/gandhian/AppData/Local/Temp/anonymous8753909661073676024webdriver-profile/extensions/fxdriver@googlecode.com/components/driver_component.js:7576)
	at &lt;anonymous class&gt;.WebDriverServer/&lt;.handle(file:///C:/Users/gandhian/AppData/Local/Temp/anonymous8753909661073676024webdriver-profile/extensions/fxdriver@googlecode.com/components/driver_component.js:10301)
	at &lt;anonymous class&gt;.&lt;anonymous method&gt;(file:///C:/Users/gandhian/AppData/Local/Temp/anonymous8753909661073676024webdriver-profile/extensions/fxdriver@googlecode.com/components/httpd.js:1935)
	at &lt;anonymous class&gt;.ServerHandler.prototype.handleResponse(file:///C:/Users/gandhian/AppData/Local/Temp/anonymous8753909661073676024webdriver-profile/extensions/fxdriver@googlecode.com/components/httpd.js:2261)
	at &lt;anonymous class&gt;.Connection.prototype.process(file:///C:/Users/gandhian/AppData/Local/Temp/anonymous8753909661073676024webdriver-profile/extensions/fxdriver@googlecode.com/components/httpd.js:1168)
	at &lt;anonymous class&gt;.RequestReader.prototype._handleResponse(file:///C:/Users/gandhian/AppData/Local/Temp/anonymous8753909661073676024webdriver-profile/extensions/fxdriver@googlecode.com/components/httpd.js:1616)
	at &lt;anonymous class&gt;.RequestReader.prototype._processBody(file:///C:/Users/gandhian/AppData/Local/Temp/anonymous8753909661073676024webdriver-profile/extensions/fxdriver@googlecode.com/components/httpd.js:1464)
	at &lt;anonymous class&gt;.RequestReader.prototype.onInputStreamReady(file:///C:/Users/gandhian/AppData/Local/Temp/anonymous8753909661073676024webdriver-profile/extensions/fxdriver@googlecode.com/components/httpd.js:1333)
... Removed 29 stack frames</pre></div><a href='#' onClick='toggleBox("stack-trace1363824043", this, "Click to show all stack frames", "Click to hide stack frames")'>Click to show all stack frames</a>
<div class='stack-trace' id='stack-trace1363824043'><pre>org.openqa.selenium.NoSuchWindowException: Window not found. The browser window may have been closed.
Command duration or timeout: 131 milliseconds
Build info: version: &apos;2.32.0&apos;, revision: &apos;6c40c18&apos;, time: &apos;2013-04-09 17:22:56&apos;
System info: os.name: &apos;Windows 7&apos;, os.arch: &apos;amd64&apos;, os.version: &apos;6.1&apos;, java.version: &apos;1.7.0_21&apos;
Session ID: 28394fa5-75be-404e-89d5-64ec5129410b
Driver info: org.openqa.selenium.firefox.FirefoxDriver
Capabilities [{platform=XP, databaseEnabled=true, cssSelectorsEnabled=true, javascriptEnabled=true, acceptSslCerts=true, handlesAlerts=true, browserName=firefox, browserConnectionEnabled=true, nativeEvents=true, webStorageEnabled=true, rotatable=false, locationContextEnabled=true, applicationCacheEnabled=true, takesScreenshot=true, version=21.0}]
	at sun.reflect.NativeConstructorAccessorImpl.newInstance0(Native Method)
	at sun.reflect.NativeConstructorAccessorImpl.newInstance(Unknown Source)
	at sun.reflect.DelegatingConstructorAccessorImpl.newInstance(Unknown Source)
	at java.lang.reflect.Constructor.newInstance(Unknown Source)
	at org.openqa.selenium.remote.ErrorHandler.createThrowable(ErrorHandler.java:187)
	at org.openqa.selenium.remote.ErrorHandler.throwIfResponseFailed(ErrorHandler.java:145)
	at org.openqa.selenium.remote.RemoteWebDriver.execute(RemoteWebDriver.java:554)
	at org.openqa.selenium.remote.RemoteWebElement.execute(RemoteWebElement.java:268)
	at org.openqa.selenium.remote.RemoteWebElement.clear(RemoteWebElement.java:113)
	at newMMIS_Subsystems.Login.testLoginPortal(Unknown Source)
	at newMMIS_Subsystems.Common.resetPortal(Unknown Source)
	at newMMIS_Subsystems.EVS.LoginCheck(Unknown Source)
	at sun.reflect.NativeMethodAccessorImpl.invoke0(Native Method)
	at sun.reflect.NativeMethodAccessorImpl.invoke(Unknown Source)
	at sun.reflect.DelegatingMethodAccessorImpl.invoke(Unknown Source)
	at java.lang.reflect.Method.invoke(Unknown Source)
	at org.testng.internal.MethodInvocationHelper.invokeMethod(MethodInvocationHelper.java:80)
	at org.testng.internal.Invoker.invokeConfigurationMethod(Invoker.java:564)
	at org.testng.internal.Invoker.invokeConfigurations(Invoker.java:213)
	at org.testng.internal.Invoker.invokeMethod(Invoker.java:653)
	at org.testng.internal.Invoker.invokeTestMethod(Invoker.java:901)
	at org.testng.internal.Invoker.invokeTestMethods(Invoker.java:1231)
	at org.testng.internal.TestMethodWorker.invokeTestMethods(TestMethodWorker.java:127)
	at org.testng.internal.TestMethodWorker.run(TestMethodWorker.java:111)
	at org.testng.TestRunner.privateRun(TestRunner.java:767)
	at org.testng.TestRunner.run(TestRunner.java:617)
	at org.testng.SuiteRunner.runTest(SuiteRunner.java:334)
	at org.testng.SuiteRunner.runSequentially(SuiteRunner.java:329)
	at org.testng.SuiteRunner.privateRun(SuiteRunner.java:291)
	at org.testng.SuiteRunner.run(SuiteRunner.java:240)
	at org.testng.SuiteRunnerWorker.runSuite(SuiteRunnerWorker.java:52)
	at org.testng.SuiteRunnerWorker.run(SuiteRunnerWorker.java:86)
	at org.testng.TestNG.runSuitesSequentially(TestNG.java:1198)
	at org.testng.TestNG.runSuitesLocally(TestNG.java:1123)
	at org.testng.TestNG.run(TestNG.java:1031)
	at org.testng.TestNG.privateMain(TestNG.java:1338)
	at org.testng.TestNG.main(TestNG.java:1307)
Caused by: org.openqa.selenium.remote.ErrorHandler$UnknownServerException: Window not found. The browser window may have been closed.
Build info: version: &apos;2.32.0&apos;, revision: &apos;6c40c18&apos;, time: &apos;2013-04-09 17:22:56&apos;
System info: os.name: &apos;Windows 7&apos;, os.arch: &apos;amd64&apos;, os.version: &apos;6.1&apos;, java.version: &apos;1.7.0_21&apos;
Driver info: driver.version: unknown
	at &lt;anonymous class&gt;.nsCommandProcessor.prototype.execute(file:///C:/Users/gandhian/AppData/Local/Temp/anonymous8753909661073676024webdriver-profile/extensions/fxdriver@googlecode.com/components/command_processor.js:10491)
	at &lt;anonymous class&gt;.Dispatcher.executeAs/&lt;(file:///C:/Users/gandhian/AppData/Local/Temp/anonymous8753909661073676024webdriver-profile/extensions/fxdriver@googlecode.com/components/driver_component.js:7471)
	at &lt;anonymous class&gt;.Resource.prototype.handle(file:///C:/Users/gandhian/AppData/Local/Temp/anonymous8753909661073676024webdriver-profile/extensions/fxdriver@googlecode.com/components/driver_component.js:7629)
	at &lt;anonymous class&gt;.Dispatcher.prototype.dispatch(file:///C:/Users/gandhian/AppData/Local/Temp/anonymous8753909661073676024webdriver-profile/extensions/fxdriver@googlecode.com/components/driver_component.js:7576)
	at &lt;anonymous class&gt;.WebDriverServer/&lt;.handle(file:///C:/Users/gandhian/AppData/Local/Temp/anonymous8753909661073676024webdriver-profile/extensions/fxdriver@googlecode.com/components/driver_component.js:10301)
	at &lt;anonymous class&gt;.&lt;anonymous method&gt;(file:///C:/Users/gandhian/AppData/Local/Temp/anonymous8753909661073676024webdriver-profile/extensions/fxdriver@googlecode.com/components/httpd.js:1935)
	at &lt;anonymous class&gt;.ServerHandler.prototype.handleResponse(file:///C:/Users/gandhian/AppData/Local/Temp/anonymous8753909661073676024webdriver-profile/extensions/fxdriver@googlecode.com/components/httpd.js:2261)
	at &lt;anonymous class&gt;.Connection.prototype.process(file:///C:/Users/gandhian/AppData/Local/Temp/anonymous8753909661073676024webdriver-profile/extensions/fxdriver@googlecode.com/components/httpd.js:1168)
	at &lt;anonymous class&gt;.RequestReader.prototype._handleResponse(file:///C:/Users/gandhian/AppData/Local/Temp/anonymous8753909661073676024webdriver-profile/extensions/fxdriver@googlecode.com/components/httpd.js:1616)
	at &lt;anonymous class&gt;.RequestReader.prototype._processBody(file:///C:/Users/gandhian/AppData/Local/Temp/anonymous8753909661073676024webdriver-profile/extensions/fxdriver@googlecode.com/components/httpd.js:1464)
	at &lt;anonymous class&gt;.RequestReader.prototype.onInputStreamReady(file:///C:/Users/gandhian/AppData/Local/Temp/anonymous8753909661073676024webdriver-profile/extensions/fxdriver@googlecode.com/components/httpd.js:1333)
</pre></div></td>
<td>0</td>
<td>newMMIS_Subsystems.EVS@36fb8c7a</td></tr>
</table><p>
<table width='100%' border='1' class='invocation-skipped'>
<tr><td colspan='4' align='center'><b>SKIPPED CONFIGURATIONS</b></td></tr>
<tr><td><b>Test method</b></td>
<td width="30%"><b>Exception</b></td>
<td width="10%"><b>Time (seconds)</b></td>
<td><b>Instance</b></td>
</tr>
<tr>
<td title='newMMIS_Subsystems.EVS.LoginCheck()'><b>LoginCheck</b><br>Test class: newMMIS_Subsystems.EVS</td>
<td></td>
<td>0</td>
<td>newMMIS_Subsystems.EVS@36fb8c7a</td></tr>
</table><p>
<table width='100%' border='1' class='invocation-skipped'>
<tr><td colspan='4' align='center'><b>SKIPPED TESTS</b></td></tr>
<tr><td><b>Test method</b></td>
<td width="30%"><b>Exception</b></td>
<td width="10%"><b>Time (seconds)</b></td>
<td><b>Instance</b></td>
</tr>
<tr>
<td title='newMMIS_Subsystems.EVS.RM_1561_part1()'><b>RM_1561_part1</b><br>Test class: newMMIS_Subsystems.EVS</td>
<td></td>
<td>0</td>
<td>newMMIS_Subsystems.EVS@36fb8c7a</td></tr>
<tr>
<td title='newMMIS_Subsystems.EVS.RM_1561_part2()'><b>RM_1561_part2</b><br>Test class: newMMIS_Subsystems.EVS</td>
<td></td>
<td>0</td>
<td>newMMIS_Subsystems.EVS@36fb8c7a</td></tr>
</table><p>
</body>
</html>