<?xml version="1.0" encoding="UTF-8"?>
<!-- Generated by org.testng.reporters.JUnitXMLReporter -->
<testsuite hostname="GANDHIAN1" name="Day2 test" tests="3" failures="1" timestamp="11 Sep 2013 16:26:48 GMT" time="93.265" errors="0">
  <testcase name="test22554b_23403" time="11.848" classname="newMMIS_Subsystems.day2"/>
  <testcase name="test23472b" time="36.362" classname="newMMIS_Subsystems.day2">
    <failure type="java.lang.AssertionError" message="Did not get the expected MMQ response expected [true] but found [false]">
      <![CDATA[java.lang.AssertionError: Did not get the expected MMQ response expected [true] but found [false]
	at newMMIS_Subsystems.day2.test23472b(Unknown Source)
... Removed 26 stack frames]]>
    </failure>
  </testcase> <!-- test23472b -->
  <testcase name="test23375b" time="6.263" classname="newMMIS_Subsystems.day2"/>
</testsuite> <!-- Day2 test -->
