<?xml version="1.0" encoding="UTF-8"?>
<!-- Generated by org.testng.reporters.JUnitXMLReporter -->
<testsuite hostname="GANDHIAN5" name="AIMS test" tests="10" failures="0" timestamp="18 Apr 2017 16:49:13 GMT" time="841.763" errors="0">
  <testcase name="test1" time="85.504" classname="newMMIS_Subsystems.aims"/>
  <testcase name="test2" time="85.622" classname="newMMIS_Subsystems.aims"/>
  <testcase name="test3" time="76.158" classname="newMMIS_Subsystems.aims"/>
  <testcase name="test4" time="82.643" classname="newMMIS_Subsystems.aims"/>
  <testcase name="test5" time="85.004" classname="newMMIS_Subsystems.aims"/>
  <testcase name="test6" time="83.71" classname="newMMIS_Subsystems.aims"/>
  <testcase name="test7" time="79.156" classname="newMMIS_Subsystems.aims"/>
  <testcase name="test8" time="78.502" classname="newMMIS_Subsystems.aims"/>
  <testcase name="test9" time="79.05" classname="newMMIS_Subsystems.aims"/>
  <testcase name="test10" time="73.947" classname="newMMIS_Subsystems.aims"/>
</testsuite> <!-- AIMS test -->
