<?xml version="1.0" encoding="UTF-8"?>
<!-- Generated by org.testng.reporters.JUnitXMLReporter -->
<testsuite hostname="GWT-DFGS3G4" failures="0" tests="344" name="COB Claims Test" time="28.512" errors="0" timestamp="10 Mar 2026 14:19:08 GMT">
  <testcase classname="newMMIS_Subsystems.claims" name="@BeforeMethod LoginCheck" time="0.0">
    <failure type="org.openqa.selenium.remote.SessionNotFoundException" message="Session ID is null. Using WebDriver after calling quit()?
Build info: version: &amp;apos;2.49.1&amp;apos;, revision: &amp;apos;7203e46&amp;apos;, time: &amp;apos;2016-01-21 17:35:35&amp;apos;
System info: host: &amp;apos;GWT-DFGS3G4&amp;apos;, ip: &amp;apos;192.168.1.155&amp;apos;, os.name: &amp;apos;Windows 11&amp;apos;, os.arch: &amp;apos;amd64&amp;apos;, os.version: &amp;apos;10.0&amp;apos;, java.version: &amp;apos;21.0.10&amp;apos;
Driver info: driver.version: RemoteWebDriver">
      <![CDATA[org.openqa.selenium.remote.SessionNotFoundException: Session ID is null. Using WebDriver after calling quit()?
Build info: version: '2.49.1', revision: '7203e46', time: '2016-01-21 17:35:35'
System info: host: 'GWT-DFGS3G4', ip: '192.168.1.155', os.name: 'Windows 11', os.arch: 'amd64', os.version: '10.0', java.version: '21.0.10'
Driver info: driver.version: RemoteWebDriver
	at org.openqa.selenium.remote.HttpCommandExecutor.execute(HttpCommandExecutor.java:134)
	at org.openqa.selenium.remote.service.DriverCommandExecutor.execute(DriverCommandExecutor.java:82)
	at org.openqa.selenium.remote.RemoteWebDriver.execute(RemoteWebDriver.java:644)
	at org.openqa.selenium.remote.RemoteWebDriver$RemoteWebDriverOptions$RemoteTimeouts.implicitlyWait(RemoteWebDriver.java:863)
	at newMMIS_Subsystems.Common.resetPortal(Common.java:98)
	at newMMIS_Subsystems.claims.LoginCheck(claims.java:85)
... Removed 24 stack frames]]>
    </failure>
  </testcase> <!-- @BeforeMethod LoginCheck -->
  <testcase classname="newMMIS_Subsystems.claims" name="@BeforeMethod LoginCheck" time="0.0">
    <failure type="org.openqa.selenium.remote.SessionNotFoundException" message="Session ID is null. Using WebDriver after calling quit()?
Build info: version: &amp;apos;2.49.1&amp;apos;, revision: &amp;apos;7203e46&amp;apos;, time: &amp;apos;2016-01-21 17:35:35&amp;apos;
System info: host: &amp;apos;GWT-DFGS3G4&amp;apos;, ip: &amp;apos;192.168.1.155&amp;apos;, os.name: &amp;apos;Windows 11&amp;apos;, os.arch: &amp;apos;amd64&amp;apos;, os.version: &amp;apos;10.0&amp;apos;, java.version: &amp;apos;21.0.10&amp;apos;
Driver info: driver.version: RemoteWebDriver">
      <![CDATA[org.openqa.selenium.remote.SessionNotFoundException: Session ID is null. Using WebDriver after calling quit()?
Build info: version: '2.49.1', revision: '7203e46', time: '2016-01-21 17:35:35'
System info: host: 'GWT-DFGS3G4', ip: '192.168.1.155', os.name: 'Windows 11', os.arch: 'amd64', os.version: '10.0', java.version: '21.0.10'
Driver info: driver.version: RemoteWebDriver
	at org.openqa.selenium.remote.HttpCommandExecutor.execute(HttpCommandExecutor.java:134)
	at org.openqa.selenium.remote.service.DriverCommandExecutor.execute(DriverCommandExecutor.java:82)
	at org.openqa.selenium.remote.RemoteWebDriver.execute(RemoteWebDriver.java:644)
	at org.openqa.selenium.remote.RemoteWebDriver$RemoteWebDriverOptions$RemoteTimeouts.implicitlyWait(RemoteWebDriver.java:863)
	at newMMIS_Subsystems.Common.resetPortal(Common.java:98)
	at newMMIS_Subsystems.claims.LoginCheck(claims.java:85)
... Removed 24 stack frames]]>
    </failure>
  </testcase> <!-- @BeforeMethod LoginCheck -->
  <testcase classname="newMMIS_Subsystems.claims" name="@BeforeMethod LoginCheck" time="0.0">
    <failure type="org.openqa.selenium.remote.SessionNotFoundException" message="Session ID is null. Using WebDriver after calling quit()?
Build info: version: &amp;apos;2.49.1&amp;apos;, revision: &amp;apos;7203e46&amp;apos;, time: &amp;apos;2016-01-21 17:35:35&amp;apos;
System info: host: &amp;apos;GWT-DFGS3G4&amp;apos;, ip: &amp;apos;192.168.1.155&amp;apos;, os.name: &amp;apos;Windows 11&amp;apos;, os.arch: &amp;apos;amd64&amp;apos;, os.version: &amp;apos;10.0&amp;apos;, java.version: &amp;apos;21.0.10&amp;apos;
Driver info: driver.version: RemoteWebDriver">
      <![CDATA[org.openqa.selenium.remote.SessionNotFoundException: Session ID is null. Using WebDriver after calling quit()?
Build info: version: '2.49.1', revision: '7203e46', time: '2016-01-21 17:35:35'
System info: host: 'GWT-DFGS3G4', ip: '192.168.1.155', os.name: 'Windows 11', os.arch: 'amd64', os.version: '10.0', java.version: '21.0.10'
Driver info: driver.version: RemoteWebDriver
	at org.openqa.selenium.remote.HttpCommandExecutor.execute(HttpCommandExecutor.java:134)
	at org.openqa.selenium.remote.service.DriverCommandExecutor.execute(DriverCommandExecutor.java:82)
	at org.openqa.selenium.remote.RemoteWebDriver.execute(RemoteWebDriver.java:644)
	at org.openqa.selenium.remote.RemoteWebDriver$RemoteWebDriverOptions$RemoteTimeouts.implicitlyWait(RemoteWebDriver.java:863)
	at newMMIS_Subsystems.Common.resetPortal(Common.java:98)
	at newMMIS_Subsystems.claims.LoginCheck(claims.java:85)
... Removed 24 stack frames]]>
    </failure>
  </testcase> <!-- @BeforeMethod LoginCheck -->
  <testcase classname="newMMIS_Subsystems.claims" name="@BeforeMethod LoginCheck" time="0.0">
    <failure type="org.openqa.selenium.remote.SessionNotFoundException" message="Session ID is null. Using WebDriver after calling quit()?
Build info: version: &amp;apos;2.49.1&amp;apos;, revision: &amp;apos;7203e46&amp;apos;, time: &amp;apos;2016-01-21 17:35:35&amp;apos;
System info: host: &amp;apos;GWT-DFGS3G4&amp;apos;, ip: &amp;apos;192.168.1.155&amp;apos;, os.name: &amp;apos;Windows 11&amp;apos;, os.arch: &amp;apos;amd64&amp;apos;, os.version: &amp;apos;10.0&amp;apos;, java.version: &amp;apos;21.0.10&amp;apos;
Driver info: driver.version: RemoteWebDriver">
      <![CDATA[org.openqa.selenium.remote.SessionNotFoundException: Session ID is null. Using WebDriver after calling quit()?
Build info: version: '2.49.1', revision: '7203e46', time: '2016-01-21 17:35:35'
System info: host: 'GWT-DFGS3G4', ip: '192.168.1.155', os.name: 'Windows 11', os.arch: 'amd64', os.version: '10.0', java.version: '21.0.10'
Driver info: driver.version: RemoteWebDriver
	at org.openqa.selenium.remote.HttpCommandExecutor.execute(HttpCommandExecutor.java:134)
	at org.openqa.selenium.remote.service.DriverCommandExecutor.execute(DriverCommandExecutor.java:82)
	at org.openqa.selenium.remote.RemoteWebDriver.execute(RemoteWebDriver.java:644)
	at org.openqa.selenium.remote.RemoteWebDriver$RemoteWebDriverOptions$RemoteTimeouts.implicitlyWait(RemoteWebDriver.java:863)
	at newMMIS_Subsystems.Common.resetPortal(Common.java:98)
	at newMMIS_Subsystems.claims.LoginCheck(claims.java:85)
... Removed 24 stack frames]]>
    </failure>
  </testcase> <!-- @BeforeMethod LoginCheck -->
  <testcase classname="newMMIS_Subsystems.claims" name="@BeforeMethod LoginCheck" time="0.0">
    <failure type="org.openqa.selenium.remote.SessionNotFoundException" message="Session ID is null. Using WebDriver after calling quit()?
Build info: version: &amp;apos;2.49.1&amp;apos;, revision: &amp;apos;7203e46&amp;apos;, time: &amp;apos;2016-01-21 17:35:35&amp;apos;
System info: host: &amp;apos;GWT-DFGS3G4&amp;apos;, ip: &amp;apos;192.168.1.155&amp;apos;, os.name: &amp;apos;Windows 11&amp;apos;, os.arch: &amp;apos;amd64&amp;apos;, os.version: &amp;apos;10.0&amp;apos;, java.version: &amp;apos;21.0.10&amp;apos;
Driver info: driver.version: RemoteWebDriver">
      <![CDATA[org.openqa.selenium.remote.SessionNotFoundException: Session ID is null. Using WebDriver after calling quit()?
Build info: version: '2.49.1', revision: '7203e46', time: '2016-01-21 17:35:35'
System info: host: 'GWT-DFGS3G4', ip: '192.168.1.155', os.name: 'Windows 11', os.arch: 'amd64', os.version: '10.0', java.version: '21.0.10'
Driver info: driver.version: RemoteWebDriver
	at org.openqa.selenium.remote.HttpCommandExecutor.execute(HttpCommandExecutor.java:134)
	at org.openqa.selenium.remote.service.DriverCommandExecutor.execute(DriverCommandExecutor.java:82)
	at org.openqa.selenium.remote.RemoteWebDriver.execute(RemoteWebDriver.java:644)
	at org.openqa.selenium.remote.RemoteWebDriver$RemoteWebDriverOptions$RemoteTimeouts.implicitlyWait(RemoteWebDriver.java:863)
	at newMMIS_Subsystems.Common.resetPortal(Common.java:98)
	at newMMIS_Subsystems.claims.LoginCheck(claims.java:85)
... Removed 24 stack frames]]>
    </failure>
  </testcase> <!-- @BeforeMethod LoginCheck -->
  <testcase classname="newMMIS_Subsystems.claims" name="@BeforeMethod LoginCheck" time="0.0">
    <failure type="org.openqa.selenium.remote.SessionNotFoundException" message="Session ID is null. Using WebDriver after calling quit()?
Build info: version: &amp;apos;2.49.1&amp;apos;, revision: &amp;apos;7203e46&amp;apos;, time: &amp;apos;2016-01-21 17:35:35&amp;apos;
System info: host: &amp;apos;GWT-DFGS3G4&amp;apos;, ip: &amp;apos;192.168.1.155&amp;apos;, os.name: &amp;apos;Windows 11&amp;apos;, os.arch: &amp;apos;amd64&amp;apos;, os.version: &amp;apos;10.0&amp;apos;, java.version: &amp;apos;21.0.10&amp;apos;
Driver info: driver.version: RemoteWebDriver">
      <![CDATA[org.openqa.selenium.remote.SessionNotFoundException: Session ID is null. Using WebDriver after calling quit()?
Build info: version: '2.49.1', revision: '7203e46', time: '2016-01-21 17:35:35'
System info: host: 'GWT-DFGS3G4', ip: '192.168.1.155', os.name: 'Windows 11', os.arch: 'amd64', os.version: '10.0', java.version: '21.0.10'
Driver info: driver.version: RemoteWebDriver
	at org.openqa.selenium.remote.HttpCommandExecutor.execute(HttpCommandExecutor.java:134)
	at org.openqa.selenium.remote.service.DriverCommandExecutor.execute(DriverCommandExecutor.java:82)
	at org.openqa.selenium.remote.RemoteWebDriver.execute(RemoteWebDriver.java:644)
	at org.openqa.selenium.remote.RemoteWebDriver$RemoteWebDriverOptions$RemoteTimeouts.implicitlyWait(RemoteWebDriver.java:863)
	at newMMIS_Subsystems.Common.resetPortal(Common.java:98)
	at newMMIS_Subsystems.claims.LoginCheck(claims.java:85)
... Removed 24 stack frames]]>
    </failure>
  </testcase> <!-- @BeforeMethod LoginCheck -->
  <testcase classname="newMMIS_Subsystems.claims" name="@BeforeMethod LoginCheck" time="0.0">
    <failure type="org.openqa.selenium.remote.SessionNotFoundException" message="Session ID is null. Using WebDriver after calling quit()?
Build info: version: &amp;apos;2.49.1&amp;apos;, revision: &amp;apos;7203e46&amp;apos;, time: &amp;apos;2016-01-21 17:35:35&amp;apos;
System info: host: &amp;apos;GWT-DFGS3G4&amp;apos;, ip: &amp;apos;192.168.1.155&amp;apos;, os.name: &amp;apos;Windows 11&amp;apos;, os.arch: &amp;apos;amd64&amp;apos;, os.version: &amp;apos;10.0&amp;apos;, java.version: &amp;apos;21.0.10&amp;apos;
Driver info: driver.version: RemoteWebDriver">
      <![CDATA[org.openqa.selenium.remote.SessionNotFoundException: Session ID is null. Using WebDriver after calling quit()?
Build info: version: '2.49.1', revision: '7203e46', time: '2016-01-21 17:35:35'
System info: host: 'GWT-DFGS3G4', ip: '192.168.1.155', os.name: 'Windows 11', os.arch: 'amd64', os.version: '10.0', java.version: '21.0.10'
Driver info: driver.version: RemoteWebDriver
	at org.openqa.selenium.remote.HttpCommandExecutor.execute(HttpCommandExecutor.java:134)
	at org.openqa.selenium.remote.service.DriverCommandExecutor.execute(DriverCommandExecutor.java:82)
	at org.openqa.selenium.remote.RemoteWebDriver.execute(RemoteWebDriver.java:644)
	at org.openqa.selenium.remote.RemoteWebDriver$RemoteWebDriverOptions$RemoteTimeouts.implicitlyWait(RemoteWebDriver.java:863)
	at newMMIS_Subsystems.Common.resetPortal(Common.java:98)
	at newMMIS_Subsystems.claims.LoginCheck(claims.java:85)
... Removed 24 stack frames]]>
    </failure>
  </testcase> <!-- @BeforeMethod LoginCheck -->
  <testcase classname="newMMIS_Subsystems.claims" name="@BeforeMethod LoginCheck" time="0.0">
    <failure type="org.openqa.selenium.remote.SessionNotFoundException" message="Session ID is null. Using WebDriver after calling quit()?
Build info: version: &amp;apos;2.49.1&amp;apos;, revision: &amp;apos;7203e46&amp;apos;, time: &amp;apos;2016-01-21 17:35:35&amp;apos;
System info: host: &amp;apos;GWT-DFGS3G4&amp;apos;, ip: &amp;apos;192.168.1.155&amp;apos;, os.name: &amp;apos;Windows 11&amp;apos;, os.arch: &amp;apos;amd64&amp;apos;, os.version: &amp;apos;10.0&amp;apos;, java.version: &amp;apos;21.0.10&amp;apos;
Driver info: driver.version: RemoteWebDriver">
      <![CDATA[org.openqa.selenium.remote.SessionNotFoundException: Session ID is null. Using WebDriver after calling quit()?
Build info: version: '2.49.1', revision: '7203e46', time: '2016-01-21 17:35:35'
System info: host: 'GWT-DFGS3G4', ip: '192.168.1.155', os.name: 'Windows 11', os.arch: 'amd64', os.version: '10.0', java.version: '21.0.10'
Driver info: driver.version: RemoteWebDriver
	at org.openqa.selenium.remote.HttpCommandExecutor.execute(HttpCommandExecutor.java:134)
	at org.openqa.selenium.remote.service.DriverCommandExecutor.execute(DriverCommandExecutor.java:82)
	at org.openqa.selenium.remote.RemoteWebDriver.execute(RemoteWebDriver.java:644)
	at org.openqa.selenium.remote.RemoteWebDriver$RemoteWebDriverOptions$RemoteTimeouts.implicitlyWait(RemoteWebDriver.java:863)
	at newMMIS_Subsystems.Common.resetPortal(Common.java:98)
	at newMMIS_Subsystems.claims.LoginCheck(claims.java:85)
... Removed 24 stack frames]]>
    </failure>
  </testcase> <!-- @BeforeMethod LoginCheck -->
  <testcase classname="newMMIS_Subsystems.claims" name="@BeforeMethod LoginCheck" time="0.0">
    <failure type="org.openqa.selenium.remote.SessionNotFoundException" message="Session ID is null. Using WebDriver after calling quit()?
Build info: version: &amp;apos;2.49.1&amp;apos;, revision: &amp;apos;7203e46&amp;apos;, time: &amp;apos;2016-01-21 17:35:35&amp;apos;
System info: host: &amp;apos;GWT-DFGS3G4&amp;apos;, ip: &amp;apos;192.168.1.155&amp;apos;, os.name: &amp;apos;Windows 11&amp;apos;, os.arch: &amp;apos;amd64&amp;apos;, os.version: &amp;apos;10.0&amp;apos;, java.version: &amp;apos;21.0.10&amp;apos;
Driver info: driver.version: RemoteWebDriver">
      <![CDATA[org.openqa.selenium.remote.SessionNotFoundException: Session ID is null. Using WebDriver after calling quit()?
Build info: version: '2.49.1', revision: '7203e46', time: '2016-01-21 17:35:35'
System info: host: 'GWT-DFGS3G4', ip: '192.168.1.155', os.name: 'Windows 11', os.arch: 'amd64', os.version: '10.0', java.version: '21.0.10'
Driver info: driver.version: RemoteWebDriver
	at org.openqa.selenium.remote.HttpCommandExecutor.execute(HttpCommandExecutor.java:134)
	at org.openqa.selenium.remote.service.DriverCommandExecutor.execute(DriverCommandExecutor.java:82)
	at org.openqa.selenium.remote.RemoteWebDriver.execute(RemoteWebDriver.java:644)
	at org.openqa.selenium.remote.RemoteWebDriver$RemoteWebDriverOptions$RemoteTimeouts.implicitlyWait(RemoteWebDriver.java:863)
	at newMMIS_Subsystems.Common.resetPortal(Common.java:98)
	at newMMIS_Subsystems.claims.LoginCheck(claims.java:85)
... Removed 24 stack frames]]>
    </failure>
  </testcase> <!-- @BeforeMethod LoginCheck -->
  <testcase classname="newMMIS_Subsystems.claims" name="@BeforeMethod LoginCheck" time="0.0">
    <failure type="org.openqa.selenium.remote.SessionNotFoundException" message="Session ID is null. Using WebDriver after calling quit()?
Build info: version: &amp;apos;2.49.1&amp;apos;, revision: &amp;apos;7203e46&amp;apos;, time: &amp;apos;2016-01-21 17:35:35&amp;apos;
System info: host: &amp;apos;GWT-DFGS3G4&amp;apos;, ip: &amp;apos;192.168.1.155&amp;apos;, os.name: &amp;apos;Windows 11&amp;apos;, os.arch: &amp;apos;amd64&amp;apos;, os.version: &amp;apos;10.0&amp;apos;, java.version: &amp;apos;21.0.10&amp;apos;
Driver info: driver.version: RemoteWebDriver">
      <![CDATA[org.openqa.selenium.remote.SessionNotFoundException: Session ID is null. Using WebDriver after calling quit()?
Build info: version: '2.49.1', revision: '7203e46', time: '2016-01-21 17:35:35'
System info: host: 'GWT-DFGS3G4', ip: '192.168.1.155', os.name: 'Windows 11', os.arch: 'amd64', os.version: '10.0', java.version: '21.0.10'
Driver info: driver.version: RemoteWebDriver
	at org.openqa.selenium.remote.HttpCommandExecutor.execute(HttpCommandExecutor.java:134)
	at org.openqa.selenium.remote.service.DriverCommandExecutor.execute(DriverCommandExecutor.java:82)
	at org.openqa.selenium.remote.RemoteWebDriver.execute(RemoteWebDriver.java:644)
	at org.openqa.selenium.remote.RemoteWebDriver$RemoteWebDriverOptions$RemoteTimeouts.implicitlyWait(RemoteWebDriver.java:863)
	at newMMIS_Subsystems.Common.resetPortal(Common.java:98)
	at newMMIS_Subsystems.claims.LoginCheck(claims.java:85)
... Removed 24 stack frames]]>
    </failure>
  </testcase> <!-- @BeforeMethod LoginCheck -->
  <testcase classname="newMMIS_Subsystems.claims" name="@BeforeMethod LoginCheck" time="0.0">
    <failure type="org.openqa.selenium.remote.SessionNotFoundException" message="Session ID is null. Using WebDriver after calling quit()?
Build info: version: &amp;apos;2.49.1&amp;apos;, revision: &amp;apos;7203e46&amp;apos;, time: &amp;apos;2016-01-21 17:35:35&amp;apos;
System info: host: &amp;apos;GWT-DFGS3G4&amp;apos;, ip: &amp;apos;192.168.1.155&amp;apos;, os.name: &amp;apos;Windows 11&amp;apos;, os.arch: &amp;apos;amd64&amp;apos;, os.version: &amp;apos;10.0&amp;apos;, java.version: &amp;apos;21.0.10&amp;apos;
Driver info: driver.version: RemoteWebDriver">
      <![CDATA[org.openqa.selenium.remote.SessionNotFoundException: Session ID is null. Using WebDriver after calling quit()?
Build info: version: '2.49.1', revision: '7203e46', time: '2016-01-21 17:35:35'
System info: host: 'GWT-DFGS3G4', ip: '192.168.1.155', os.name: 'Windows 11', os.arch: 'amd64', os.version: '10.0', java.version: '21.0.10'
Driver info: driver.version: RemoteWebDriver
	at org.openqa.selenium.remote.HttpCommandExecutor.execute(HttpCommandExecutor.java:134)
	at org.openqa.selenium.remote.service.DriverCommandExecutor.execute(DriverCommandExecutor.java:82)
	at org.openqa.selenium.remote.RemoteWebDriver.execute(RemoteWebDriver.java:644)
	at org.openqa.selenium.remote.RemoteWebDriver$RemoteWebDriverOptions$RemoteTimeouts.implicitlyWait(RemoteWebDriver.java:863)
	at newMMIS_Subsystems.Common.resetPortal(Common.java:98)
	at newMMIS_Subsystems.claims.LoginCheck(claims.java:85)
... Removed 24 stack frames]]>
    </failure>
  </testcase> <!-- @BeforeMethod LoginCheck -->
  <testcase classname="newMMIS_Subsystems.claims" name="@BeforeMethod LoginCheck" time="0.0">
    <failure type="org.openqa.selenium.remote.SessionNotFoundException" message="Session ID is null. Using WebDriver after calling quit()?
Build info: version: &amp;apos;2.49.1&amp;apos;, revision: &amp;apos;7203e46&amp;apos;, time: &amp;apos;2016-01-21 17:35:35&amp;apos;
System info: host: &amp;apos;GWT-DFGS3G4&amp;apos;, ip: &amp;apos;192.168.1.155&amp;apos;, os.name: &amp;apos;Windows 11&amp;apos;, os.arch: &amp;apos;amd64&amp;apos;, os.version: &amp;apos;10.0&amp;apos;, java.version: &amp;apos;21.0.10&amp;apos;
Driver info: driver.version: RemoteWebDriver">
      <![CDATA[org.openqa.selenium.remote.SessionNotFoundException: Session ID is null. Using WebDriver after calling quit()?
Build info: version: '2.49.1', revision: '7203e46', time: '2016-01-21 17:35:35'
System info: host: 'GWT-DFGS3G4', ip: '192.168.1.155', os.name: 'Windows 11', os.arch: 'amd64', os.version: '10.0', java.version: '21.0.10'
Driver info: driver.version: RemoteWebDriver
	at org.openqa.selenium.remote.HttpCommandExecutor.execute(HttpCommandExecutor.java:134)
	at org.openqa.selenium.remote.service.DriverCommandExecutor.execute(DriverCommandExecutor.java:82)
	at org.openqa.selenium.remote.RemoteWebDriver.execute(RemoteWebDriver.java:644)
	at org.openqa.selenium.remote.RemoteWebDriver$RemoteWebDriverOptions$RemoteTimeouts.implicitlyWait(RemoteWebDriver.java:863)
	at newMMIS_Subsystems.Common.resetPortal(Common.java:98)
	at newMMIS_Subsystems.claims.LoginCheck(claims.java:85)
... Removed 24 stack frames]]>
    </failure>
  </testcase> <!-- @BeforeMethod LoginCheck -->
  <testcase classname="newMMIS_Subsystems.claims" name="@BeforeMethod LoginCheck" time="0.0">
    <failure type="org.openqa.selenium.remote.SessionNotFoundException" message="Session ID is null. Using WebDriver after calling quit()?
Build info: version: &amp;apos;2.49.1&amp;apos;, revision: &amp;apos;7203e46&amp;apos;, time: &amp;apos;2016-01-21 17:35:35&amp;apos;
System info: host: &amp;apos;GWT-DFGS3G4&amp;apos;, ip: &amp;apos;192.168.1.155&amp;apos;, os.name: &amp;apos;Windows 11&amp;apos;, os.arch: &amp;apos;amd64&amp;apos;, os.version: &amp;apos;10.0&amp;apos;, java.version: &amp;apos;21.0.10&amp;apos;
Driver info: driver.version: RemoteWebDriver">
      <![CDATA[org.openqa.selenium.remote.SessionNotFoundException: Session ID is null. Using WebDriver after calling quit()?
Build info: version: '2.49.1', revision: '7203e46', time: '2016-01-21 17:35:35'
System info: host: 'GWT-DFGS3G4', ip: '192.168.1.155', os.name: 'Windows 11', os.arch: 'amd64', os.version: '10.0', java.version: '21.0.10'
Driver info: driver.version: RemoteWebDriver
	at org.openqa.selenium.remote.HttpCommandExecutor.execute(HttpCommandExecutor.java:134)
	at org.openqa.selenium.remote.service.DriverCommandExecutor.execute(DriverCommandExecutor.java:82)
	at org.openqa.selenium.remote.RemoteWebDriver.execute(RemoteWebDriver.java:644)
	at org.openqa.selenium.remote.RemoteWebDriver$RemoteWebDriverOptions$RemoteTimeouts.implicitlyWait(RemoteWebDriver.java:863)
	at newMMIS_Subsystems.Common.resetPortal(Common.java:98)
	at newMMIS_Subsystems.claims.LoginCheck(claims.java:85)
... Removed 24 stack frames]]>
    </failure>
  </testcase> <!-- @BeforeMethod LoginCheck -->
  <testcase classname="newMMIS_Subsystems.claims" name="@BeforeMethod LoginCheck" time="0.0">
    <failure type="org.openqa.selenium.remote.SessionNotFoundException" message="Session ID is null. Using WebDriver after calling quit()?
Build info: version: &amp;apos;2.49.1&amp;apos;, revision: &amp;apos;7203e46&amp;apos;, time: &amp;apos;2016-01-21 17:35:35&amp;apos;
System info: host: &amp;apos;GWT-DFGS3G4&amp;apos;, ip: &amp;apos;192.168.1.155&amp;apos;, os.name: &amp;apos;Windows 11&amp;apos;, os.arch: &amp;apos;amd64&amp;apos;, os.version: &amp;apos;10.0&amp;apos;, java.version: &amp;apos;21.0.10&amp;apos;
Driver info: driver.version: RemoteWebDriver">
      <![CDATA[org.openqa.selenium.remote.SessionNotFoundException: Session ID is null. Using WebDriver after calling quit()?
Build info: version: '2.49.1', revision: '7203e46', time: '2016-01-21 17:35:35'
System info: host: 'GWT-DFGS3G4', ip: '192.168.1.155', os.name: 'Windows 11', os.arch: 'amd64', os.version: '10.0', java.version: '21.0.10'
Driver info: driver.version: RemoteWebDriver
	at org.openqa.selenium.remote.HttpCommandExecutor.execute(HttpCommandExecutor.java:134)
	at org.openqa.selenium.remote.service.DriverCommandExecutor.execute(DriverCommandExecutor.java:82)
	at org.openqa.selenium.remote.RemoteWebDriver.execute(RemoteWebDriver.java:644)
	at org.openqa.selenium.remote.RemoteWebDriver$RemoteWebDriverOptions$RemoteTimeouts.implicitlyWait(RemoteWebDriver.java:863)
	at newMMIS_Subsystems.Common.resetPortal(Common.java:98)
	at newMMIS_Subsystems.claims.LoginCheck(claims.java:85)
... Removed 24 stack frames]]>
    </failure>
  </testcase> <!-- @BeforeMethod LoginCheck -->
  <testcase classname="newMMIS_Subsystems.claims" name="@BeforeMethod LoginCheck" time="0.0">
    <failure type="org.openqa.selenium.remote.SessionNotFoundException" message="Session ID is null. Using WebDriver after calling quit()?
Build info: version: &amp;apos;2.49.1&amp;apos;, revision: &amp;apos;7203e46&amp;apos;, time: &amp;apos;2016-01-21 17:35:35&amp;apos;
System info: host: &amp;apos;GWT-DFGS3G4&amp;apos;, ip: &amp;apos;192.168.1.155&amp;apos;, os.name: &amp;apos;Windows 11&amp;apos;, os.arch: &amp;apos;amd64&amp;apos;, os.version: &amp;apos;10.0&amp;apos;, java.version: &amp;apos;21.0.10&amp;apos;
Driver info: driver.version: RemoteWebDriver">
      <![CDATA[org.openqa.selenium.remote.SessionNotFoundException: Session ID is null. Using WebDriver after calling quit()?
Build info: version: '2.49.1', revision: '7203e46', time: '2016-01-21 17:35:35'
System info: host: 'GWT-DFGS3G4', ip: '192.168.1.155', os.name: 'Windows 11', os.arch: 'amd64', os.version: '10.0', java.version: '21.0.10'
Driver info: driver.version: RemoteWebDriver
	at org.openqa.selenium.remote.HttpCommandExecutor.execute(HttpCommandExecutor.java:134)
	at org.openqa.selenium.remote.service.DriverCommandExecutor.execute(DriverCommandExecutor.java:82)
	at org.openqa.selenium.remote.RemoteWebDriver.execute(RemoteWebDriver.java:644)
	at org.openqa.selenium.remote.RemoteWebDriver$RemoteWebDriverOptions$RemoteTimeouts.implicitlyWait(RemoteWebDriver.java:863)
	at newMMIS_Subsystems.Common.resetPortal(Common.java:98)
	at newMMIS_Subsystems.claims.LoginCheck(claims.java:85)
... Removed 24 stack frames]]>
    </failure>
  </testcase> <!-- @BeforeMethod LoginCheck -->
  <testcase classname="newMMIS_Subsystems.claims" name="@BeforeMethod LoginCheck" time="0.0">
    <failure type="org.openqa.selenium.remote.SessionNotFoundException" message="Session ID is null. Using WebDriver after calling quit()?
Build info: version: &amp;apos;2.49.1&amp;apos;, revision: &amp;apos;7203e46&amp;apos;, time: &amp;apos;2016-01-21 17:35:35&amp;apos;
System info: host: &amp;apos;GWT-DFGS3G4&amp;apos;, ip: &amp;apos;192.168.1.155&amp;apos;, os.name: &amp;apos;Windows 11&amp;apos;, os.arch: &amp;apos;amd64&amp;apos;, os.version: &amp;apos;10.0&amp;apos;, java.version: &amp;apos;21.0.10&amp;apos;
Driver info: driver.version: RemoteWebDriver">
      <![CDATA[org.openqa.selenium.remote.SessionNotFoundException: Session ID is null. Using WebDriver after calling quit()?
Build info: version: '2.49.1', revision: '7203e46', time: '2016-01-21 17:35:35'
System info: host: 'GWT-DFGS3G4', ip: '192.168.1.155', os.name: 'Windows 11', os.arch: 'amd64', os.version: '10.0', java.version: '21.0.10'
Driver info: driver.version: RemoteWebDriver
	at org.openqa.selenium.remote.HttpCommandExecutor.execute(HttpCommandExecutor.java:134)
	at org.openqa.selenium.remote.service.DriverCommandExecutor.execute(DriverCommandExecutor.java:82)
	at org.openqa.selenium.remote.RemoteWebDriver.execute(RemoteWebDriver.java:644)
	at org.openqa.selenium.remote.RemoteWebDriver$RemoteWebDriverOptions$RemoteTimeouts.implicitlyWait(RemoteWebDriver.java:863)
	at newMMIS_Subsystems.Common.resetPortal(Common.java:98)
	at newMMIS_Subsystems.claims.LoginCheck(claims.java:85)
... Removed 24 stack frames]]>
    </failure>
  </testcase> <!-- @BeforeMethod LoginCheck -->
  <testcase classname="newMMIS_Subsystems.claims" name="@BeforeMethod LoginCheck" time="0.0">
    <failure type="org.openqa.selenium.remote.SessionNotFoundException" message="Session ID is null. Using WebDriver after calling quit()?
Build info: version: &amp;apos;2.49.1&amp;apos;, revision: &amp;apos;7203e46&amp;apos;, time: &amp;apos;2016-01-21 17:35:35&amp;apos;
System info: host: &amp;apos;GWT-DFGS3G4&amp;apos;, ip: &amp;apos;192.168.1.155&amp;apos;, os.name: &amp;apos;Windows 11&amp;apos;, os.arch: &amp;apos;amd64&amp;apos;, os.version: &amp;apos;10.0&amp;apos;, java.version: &amp;apos;21.0.10&amp;apos;
Driver info: driver.version: RemoteWebDriver">
      <![CDATA[org.openqa.selenium.remote.SessionNotFoundException: Session ID is null. Using WebDriver after calling quit()?
Build info: version: '2.49.1', revision: '7203e46', time: '2016-01-21 17:35:35'
System info: host: 'GWT-DFGS3G4', ip: '192.168.1.155', os.name: 'Windows 11', os.arch: 'amd64', os.version: '10.0', java.version: '21.0.10'
Driver info: driver.version: RemoteWebDriver
	at org.openqa.selenium.remote.HttpCommandExecutor.execute(HttpCommandExecutor.java:134)
	at org.openqa.selenium.remote.service.DriverCommandExecutor.execute(DriverCommandExecutor.java:82)
	at org.openqa.selenium.remote.RemoteWebDriver.execute(RemoteWebDriver.java:644)
	at org.openqa.selenium.remote.RemoteWebDriver$RemoteWebDriverOptions$RemoteTimeouts.implicitlyWait(RemoteWebDriver.java:863)
	at newMMIS_Subsystems.Common.resetPortal(Common.java:98)
	at newMMIS_Subsystems.claims.LoginCheck(claims.java:85)
... Removed 24 stack frames]]>
    </failure>
  </testcase> <!-- @BeforeMethod LoginCheck -->
  <testcase classname="newMMIS_Subsystems.claims" name="@BeforeMethod LoginCheck" time="0.0">
    <failure type="org.openqa.selenium.remote.SessionNotFoundException" message="Session ID is null. Using WebDriver after calling quit()?
Build info: version: &amp;apos;2.49.1&amp;apos;, revision: &amp;apos;7203e46&amp;apos;, time: &amp;apos;2016-01-21 17:35:35&amp;apos;
System info: host: &amp;apos;GWT-DFGS3G4&amp;apos;, ip: &amp;apos;192.168.1.155&amp;apos;, os.name: &amp;apos;Windows 11&amp;apos;, os.arch: &amp;apos;amd64&amp;apos;, os.version: &amp;apos;10.0&amp;apos;, java.version: &amp;apos;21.0.10&amp;apos;
Driver info: driver.version: RemoteWebDriver">
      <![CDATA[org.openqa.selenium.remote.SessionNotFoundException: Session ID is null. Using WebDriver after calling quit()?
Build info: version: '2.49.1', revision: '7203e46', time: '2016-01-21 17:35:35'
System info: host: 'GWT-DFGS3G4', ip: '192.168.1.155', os.name: 'Windows 11', os.arch: 'amd64', os.version: '10.0', java.version: '21.0.10'
Driver info: driver.version: RemoteWebDriver
	at org.openqa.selenium.remote.HttpCommandExecutor.execute(HttpCommandExecutor.java:134)
	at org.openqa.selenium.remote.service.DriverCommandExecutor.execute(DriverCommandExecutor.java:82)
	at org.openqa.selenium.remote.RemoteWebDriver.execute(RemoteWebDriver.java:644)
	at org.openqa.selenium.remote.RemoteWebDriver$RemoteWebDriverOptions$RemoteTimeouts.implicitlyWait(RemoteWebDriver.java:863)
	at newMMIS_Subsystems.Common.resetPortal(Common.java:98)
	at newMMIS_Subsystems.claims.LoginCheck(claims.java:85)
... Removed 24 stack frames]]>
    </failure>
  </testcase> <!-- @BeforeMethod LoginCheck -->
  <testcase classname="newMMIS_Subsystems.claims" name="@BeforeMethod LoginCheck" time="0.0">
    <failure type="org.openqa.selenium.remote.SessionNotFoundException" message="Session ID is null. Using WebDriver after calling quit()?
Build info: version: &amp;apos;2.49.1&amp;apos;, revision: &amp;apos;7203e46&amp;apos;, time: &amp;apos;2016-01-21 17:35:35&amp;apos;
System info: host: &amp;apos;GWT-DFGS3G4&amp;apos;, ip: &amp;apos;192.168.1.155&amp;apos;, os.name: &amp;apos;Windows 11&amp;apos;, os.arch: &amp;apos;amd64&amp;apos;, os.version: &amp;apos;10.0&amp;apos;, java.version: &amp;apos;21.0.10&amp;apos;
Driver info: driver.version: RemoteWebDriver">
      <![CDATA[org.openqa.selenium.remote.SessionNotFoundException: Session ID is null. Using WebDriver after calling quit()?
Build info: version: '2.49.1', revision: '7203e46', time: '2016-01-21 17:35:35'
System info: host: 'GWT-DFGS3G4', ip: '192.168.1.155', os.name: 'Windows 11', os.arch: 'amd64', os.version: '10.0', java.version: '21.0.10'
Driver info: driver.version: RemoteWebDriver
	at org.openqa.selenium.remote.HttpCommandExecutor.execute(HttpCommandExecutor.java:134)
	at org.openqa.selenium.remote.service.DriverCommandExecutor.execute(DriverCommandExecutor.java:82)
	at org.openqa.selenium.remote.RemoteWebDriver.execute(RemoteWebDriver.java:644)
	at org.openqa.selenium.remote.RemoteWebDriver$RemoteWebDriverOptions$RemoteTimeouts.implicitlyWait(RemoteWebDriver.java:863)
	at newMMIS_Subsystems.Common.resetPortal(Common.java:98)
	at newMMIS_Subsystems.claims.LoginCheck(claims.java:85)
... Removed 24 stack frames]]>
    </failure>
  </testcase> <!-- @BeforeMethod LoginCheck -->
  <testcase classname="newMMIS_Subsystems.claims" name="@BeforeMethod LoginCheck" time="0.0">
    <failure type="org.openqa.selenium.remote.SessionNotFoundException" message="Session ID is null. Using WebDriver after calling quit()?
Build info: version: &amp;apos;2.49.1&amp;apos;, revision: &amp;apos;7203e46&amp;apos;, time: &amp;apos;2016-01-21 17:35:35&amp;apos;
System info: host: &amp;apos;GWT-DFGS3G4&amp;apos;, ip: &amp;apos;192.168.1.155&amp;apos;, os.name: &amp;apos;Windows 11&amp;apos;, os.arch: &amp;apos;amd64&amp;apos;, os.version: &amp;apos;10.0&amp;apos;, java.version: &amp;apos;21.0.10&amp;apos;
Driver info: driver.version: RemoteWebDriver">
      <![CDATA[org.openqa.selenium.remote.SessionNotFoundException: Session ID is null. Using WebDriver after calling quit()?
Build info: version: '2.49.1', revision: '7203e46', time: '2016-01-21 17:35:35'
System info: host: 'GWT-DFGS3G4', ip: '192.168.1.155', os.name: 'Windows 11', os.arch: 'amd64', os.version: '10.0', java.version: '21.0.10'
Driver info: driver.version: RemoteWebDriver
	at org.openqa.selenium.remote.HttpCommandExecutor.execute(HttpCommandExecutor.java:134)
	at org.openqa.selenium.remote.service.DriverCommandExecutor.execute(DriverCommandExecutor.java:82)
	at org.openqa.selenium.remote.RemoteWebDriver.execute(RemoteWebDriver.java:644)
	at org.openqa.selenium.remote.RemoteWebDriver$RemoteWebDriverOptions$RemoteTimeouts.implicitlyWait(RemoteWebDriver.java:863)
	at newMMIS_Subsystems.Common.resetPortal(Common.java:98)
	at newMMIS_Subsystems.claims.LoginCheck(claims.java:85)
... Removed 24 stack frames]]>
    </failure>
  </testcase> <!-- @BeforeMethod LoginCheck -->
  <testcase classname="newMMIS_Subsystems.claims" name="@BeforeMethod LoginCheck" time="0.0">
    <failure type="org.openqa.selenium.remote.SessionNotFoundException" message="Session ID is null. Using WebDriver after calling quit()?
Build info: version: &amp;apos;2.49.1&amp;apos;, revision: &amp;apos;7203e46&amp;apos;, time: &amp;apos;2016-01-21 17:35:35&amp;apos;
System info: host: &amp;apos;GWT-DFGS3G4&amp;apos;, ip: &amp;apos;192.168.1.155&amp;apos;, os.name: &amp;apos;Windows 11&amp;apos;, os.arch: &amp;apos;amd64&amp;apos;, os.version: &amp;apos;10.0&amp;apos;, java.version: &amp;apos;21.0.10&amp;apos;
Driver info: driver.version: RemoteWebDriver">
      <![CDATA[org.openqa.selenium.remote.SessionNotFoundException: Session ID is null. Using WebDriver after calling quit()?
Build info: version: '2.49.1', revision: '7203e46', time: '2016-01-21 17:35:35'
System info: host: 'GWT-DFGS3G4', ip: '192.168.1.155', os.name: 'Windows 11', os.arch: 'amd64', os.version: '10.0', java.version: '21.0.10'
Driver info: driver.version: RemoteWebDriver
	at org.openqa.selenium.remote.HttpCommandExecutor.execute(HttpCommandExecutor.java:134)
	at org.openqa.selenium.remote.service.DriverCommandExecutor.execute(DriverCommandExecutor.java:82)
	at org.openqa.selenium.remote.RemoteWebDriver.execute(RemoteWebDriver.java:644)
	at org.openqa.selenium.remote.RemoteWebDriver$RemoteWebDriverOptions$RemoteTimeouts.implicitlyWait(RemoteWebDriver.java:863)
	at newMMIS_Subsystems.Common.resetPortal(Common.java:98)
	at newMMIS_Subsystems.claims.LoginCheck(claims.java:85)
... Removed 24 stack frames]]>
    </failure>
  </testcase> <!-- @BeforeMethod LoginCheck -->
  <testcase classname="newMMIS_Subsystems.claims" name="@BeforeMethod LoginCheck" time="0.0">
    <failure type="org.openqa.selenium.remote.SessionNotFoundException" message="Session ID is null. Using WebDriver after calling quit()?
Build info: version: &amp;apos;2.49.1&amp;apos;, revision: &amp;apos;7203e46&amp;apos;, time: &amp;apos;2016-01-21 17:35:35&amp;apos;
System info: host: &amp;apos;GWT-DFGS3G4&amp;apos;, ip: &amp;apos;192.168.1.155&amp;apos;, os.name: &amp;apos;Windows 11&amp;apos;, os.arch: &amp;apos;amd64&amp;apos;, os.version: &amp;apos;10.0&amp;apos;, java.version: &amp;apos;21.0.10&amp;apos;
Driver info: driver.version: RemoteWebDriver">
      <![CDATA[org.openqa.selenium.remote.SessionNotFoundException: Session ID is null. Using WebDriver after calling quit()?
Build info: version: '2.49.1', revision: '7203e46', time: '2016-01-21 17:35:35'
System info: host: 'GWT-DFGS3G4', ip: '192.168.1.155', os.name: 'Windows 11', os.arch: 'amd64', os.version: '10.0', java.version: '21.0.10'
Driver info: driver.version: RemoteWebDriver
	at org.openqa.selenium.remote.HttpCommandExecutor.execute(HttpCommandExecutor.java:134)
	at org.openqa.selenium.remote.service.DriverCommandExecutor.execute(DriverCommandExecutor.java:82)
	at org.openqa.selenium.remote.RemoteWebDriver.execute(RemoteWebDriver.java:644)
	at org.openqa.selenium.remote.RemoteWebDriver$RemoteWebDriverOptions$RemoteTimeouts.implicitlyWait(RemoteWebDriver.java:863)
	at newMMIS_Subsystems.Common.resetPortal(Common.java:98)
	at newMMIS_Subsystems.claims.LoginCheck(claims.java:85)
... Removed 24 stack frames]]>
    </failure>
  </testcase> <!-- @BeforeMethod LoginCheck -->
  <testcase classname="newMMIS_Subsystems.claims" name="@BeforeMethod LoginCheck" time="0.0">
    <failure type="org.openqa.selenium.remote.SessionNotFoundException" message="Session ID is null. Using WebDriver after calling quit()?
Build info: version: &amp;apos;2.49.1&amp;apos;, revision: &amp;apos;7203e46&amp;apos;, time: &amp;apos;2016-01-21 17:35:35&amp;apos;
System info: host: &amp;apos;GWT-DFGS3G4&amp;apos;, ip: &amp;apos;192.168.1.155&amp;apos;, os.name: &amp;apos;Windows 11&amp;apos;, os.arch: &amp;apos;amd64&amp;apos;, os.version: &amp;apos;10.0&amp;apos;, java.version: &amp;apos;21.0.10&amp;apos;
Driver info: driver.version: RemoteWebDriver">
      <![CDATA[org.openqa.selenium.remote.SessionNotFoundException: Session ID is null. Using WebDriver after calling quit()?
Build info: version: '2.49.1', revision: '7203e46', time: '2016-01-21 17:35:35'
System info: host: 'GWT-DFGS3G4', ip: '192.168.1.155', os.name: 'Windows 11', os.arch: 'amd64', os.version: '10.0', java.version: '21.0.10'
Driver info: driver.version: RemoteWebDriver
	at org.openqa.selenium.remote.HttpCommandExecutor.execute(HttpCommandExecutor.java:134)
	at org.openqa.selenium.remote.service.DriverCommandExecutor.execute(DriverCommandExecutor.java:82)
	at org.openqa.selenium.remote.RemoteWebDriver.execute(RemoteWebDriver.java:644)
	at org.openqa.selenium.remote.RemoteWebDriver$RemoteWebDriverOptions$RemoteTimeouts.implicitlyWait(RemoteWebDriver.java:863)
	at newMMIS_Subsystems.Common.resetPortal(Common.java:98)
	at newMMIS_Subsystems.claims.LoginCheck(claims.java:85)
... Removed 24 stack frames]]>
    </failure>
  </testcase> <!-- @BeforeMethod LoginCheck -->
  <testcase classname="newMMIS_Subsystems.claims" name="@BeforeMethod LoginCheck" time="0.0">
    <failure type="org.openqa.selenium.remote.SessionNotFoundException" message="Session ID is null. Using WebDriver after calling quit()?
Build info: version: &amp;apos;2.49.1&amp;apos;, revision: &amp;apos;7203e46&amp;apos;, time: &amp;apos;2016-01-21 17:35:35&amp;apos;
System info: host: &amp;apos;GWT-DFGS3G4&amp;apos;, ip: &amp;apos;192.168.1.155&amp;apos;, os.name: &amp;apos;Windows 11&amp;apos;, os.arch: &amp;apos;amd64&amp;apos;, os.version: &amp;apos;10.0&amp;apos;, java.version: &amp;apos;21.0.10&amp;apos;
Driver info: driver.version: RemoteWebDriver">
      <![CDATA[org.openqa.selenium.remote.SessionNotFoundException: Session ID is null. Using WebDriver after calling quit()?
Build info: version: '2.49.1', revision: '7203e46', time: '2016-01-21 17:35:35'
System info: host: 'GWT-DFGS3G4', ip: '192.168.1.155', os.name: 'Windows 11', os.arch: 'amd64', os.version: '10.0', java.version: '21.0.10'
Driver info: driver.version: RemoteWebDriver
	at org.openqa.selenium.remote.HttpCommandExecutor.execute(HttpCommandExecutor.java:134)
	at org.openqa.selenium.remote.service.DriverCommandExecutor.execute(DriverCommandExecutor.java:82)
	at org.openqa.selenium.remote.RemoteWebDriver.execute(RemoteWebDriver.java:644)
	at org.openqa.selenium.remote.RemoteWebDriver$RemoteWebDriverOptions$RemoteTimeouts.implicitlyWait(RemoteWebDriver.java:863)
	at newMMIS_Subsystems.Common.resetPortal(Common.java:98)
	at newMMIS_Subsystems.claims.LoginCheck(claims.java:85)
... Removed 24 stack frames]]>
    </failure>
  </testcase> <!-- @BeforeMethod LoginCheck -->
  <testcase classname="newMMIS_Subsystems.claims" name="@BeforeMethod LoginCheck" time="0.0">
    <failure type="org.openqa.selenium.remote.SessionNotFoundException" message="Session ID is null. Using WebDriver after calling quit()?
Build info: version: &amp;apos;2.49.1&amp;apos;, revision: &amp;apos;7203e46&amp;apos;, time: &amp;apos;2016-01-21 17:35:35&amp;apos;
System info: host: &amp;apos;GWT-DFGS3G4&amp;apos;, ip: &amp;apos;192.168.1.155&amp;apos;, os.name: &amp;apos;Windows 11&amp;apos;, os.arch: &amp;apos;amd64&amp;apos;, os.version: &amp;apos;10.0&amp;apos;, java.version: &amp;apos;21.0.10&amp;apos;
Driver info: driver.version: RemoteWebDriver">
      <![CDATA[org.openqa.selenium.remote.SessionNotFoundException: Session ID is null. Using WebDriver after calling quit()?
Build info: version: '2.49.1', revision: '7203e46', time: '2016-01-21 17:35:35'
System info: host: 'GWT-DFGS3G4', ip: '192.168.1.155', os.name: 'Windows 11', os.arch: 'amd64', os.version: '10.0', java.version: '21.0.10'
Driver info: driver.version: RemoteWebDriver
	at org.openqa.selenium.remote.HttpCommandExecutor.execute(HttpCommandExecutor.java:134)
	at org.openqa.selenium.remote.service.DriverCommandExecutor.execute(DriverCommandExecutor.java:82)
	at org.openqa.selenium.remote.RemoteWebDriver.execute(RemoteWebDriver.java:644)
	at org.openqa.selenium.remote.RemoteWebDriver$RemoteWebDriverOptions$RemoteTimeouts.implicitlyWait(RemoteWebDriver.java:863)
	at newMMIS_Subsystems.Common.resetPortal(Common.java:98)
	at newMMIS_Subsystems.claims.LoginCheck(claims.java:85)
... Removed 24 stack frames]]>
    </failure>
  </testcase> <!-- @BeforeMethod LoginCheck -->
  <testcase classname="newMMIS_Subsystems.claims" name="@BeforeMethod LoginCheck" time="0.0">
    <failure type="org.openqa.selenium.remote.SessionNotFoundException" message="Session ID is null. Using WebDriver after calling quit()?
Build info: version: &amp;apos;2.49.1&amp;apos;, revision: &amp;apos;7203e46&amp;apos;, time: &amp;apos;2016-01-21 17:35:35&amp;apos;
System info: host: &amp;apos;GWT-DFGS3G4&amp;apos;, ip: &amp;apos;192.168.1.155&amp;apos;, os.name: &amp;apos;Windows 11&amp;apos;, os.arch: &amp;apos;amd64&amp;apos;, os.version: &amp;apos;10.0&amp;apos;, java.version: &amp;apos;21.0.10&amp;apos;
Driver info: driver.version: RemoteWebDriver">
      <![CDATA[org.openqa.selenium.remote.SessionNotFoundException: Session ID is null. Using WebDriver after calling quit()?
Build info: version: '2.49.1', revision: '7203e46', time: '2016-01-21 17:35:35'
System info: host: 'GWT-DFGS3G4', ip: '192.168.1.155', os.name: 'Windows 11', os.arch: 'amd64', os.version: '10.0', java.version: '21.0.10'
Driver info: driver.version: RemoteWebDriver
	at org.openqa.selenium.remote.HttpCommandExecutor.execute(HttpCommandExecutor.java:134)
	at org.openqa.selenium.remote.service.DriverCommandExecutor.execute(DriverCommandExecutor.java:82)
	at org.openqa.selenium.remote.RemoteWebDriver.execute(RemoteWebDriver.java:644)
	at org.openqa.selenium.remote.RemoteWebDriver$RemoteWebDriverOptions$RemoteTimeouts.implicitlyWait(RemoteWebDriver.java:863)
	at newMMIS_Subsystems.Common.resetPortal(Common.java:98)
	at newMMIS_Subsystems.claims.LoginCheck(claims.java:85)
... Removed 24 stack frames]]>
    </failure>
  </testcase> <!-- @BeforeMethod LoginCheck -->
  <testcase classname="newMMIS_Subsystems.claims" name="@BeforeMethod LoginCheck" time="0.0">
    <failure type="org.openqa.selenium.remote.SessionNotFoundException" message="Session ID is null. Using WebDriver after calling quit()?
Build info: version: &amp;apos;2.49.1&amp;apos;, revision: &amp;apos;7203e46&amp;apos;, time: &amp;apos;2016-01-21 17:35:35&amp;apos;
System info: host: &amp;apos;GWT-DFGS3G4&amp;apos;, ip: &amp;apos;192.168.1.155&amp;apos;, os.name: &amp;apos;Windows 11&amp;apos;, os.arch: &amp;apos;amd64&amp;apos;, os.version: &amp;apos;10.0&amp;apos;, java.version: &amp;apos;21.0.10&amp;apos;
Driver info: driver.version: RemoteWebDriver">
      <![CDATA[org.openqa.selenium.remote.SessionNotFoundException: Session ID is null. Using WebDriver after calling quit()?
Build info: version: '2.49.1', revision: '7203e46', time: '2016-01-21 17:35:35'
System info: host: 'GWT-DFGS3G4', ip: '192.168.1.155', os.name: 'Windows 11', os.arch: 'amd64', os.version: '10.0', java.version: '21.0.10'
Driver info: driver.version: RemoteWebDriver
	at org.openqa.selenium.remote.HttpCommandExecutor.execute(HttpCommandExecutor.java:134)
	at org.openqa.selenium.remote.service.DriverCommandExecutor.execute(DriverCommandExecutor.java:82)
	at org.openqa.selenium.remote.RemoteWebDriver.execute(RemoteWebDriver.java:644)
	at org.openqa.selenium.remote.RemoteWebDriver$RemoteWebDriverOptions$RemoteTimeouts.implicitlyWait(RemoteWebDriver.java:863)
	at newMMIS_Subsystems.Common.resetPortal(Common.java:98)
	at newMMIS_Subsystems.claims.LoginCheck(claims.java:85)
... Removed 24 stack frames]]>
    </failure>
  </testcase> <!-- @BeforeMethod LoginCheck -->
  <testcase classname="newMMIS_Subsystems.claims" name="@BeforeMethod LoginCheck" time="0.0">
    <failure type="org.openqa.selenium.remote.SessionNotFoundException" message="Session ID is null. Using WebDriver after calling quit()?
Build info: version: &amp;apos;2.49.1&amp;apos;, revision: &amp;apos;7203e46&amp;apos;, time: &amp;apos;2016-01-21 17:35:35&amp;apos;
System info: host: &amp;apos;GWT-DFGS3G4&amp;apos;, ip: &amp;apos;192.168.1.155&amp;apos;, os.name: &amp;apos;Windows 11&amp;apos;, os.arch: &amp;apos;amd64&amp;apos;, os.version: &amp;apos;10.0&amp;apos;, java.version: &amp;apos;21.0.10&amp;apos;
Driver info: driver.version: RemoteWebDriver">
      <![CDATA[org.openqa.selenium.remote.SessionNotFoundException: Session ID is null. Using WebDriver after calling quit()?
Build info: version: '2.49.1', revision: '7203e46', time: '2016-01-21 17:35:35'
System info: host: 'GWT-DFGS3G4', ip: '192.168.1.155', os.name: 'Windows 11', os.arch: 'amd64', os.version: '10.0', java.version: '21.0.10'
Driver info: driver.version: RemoteWebDriver
	at org.openqa.selenium.remote.HttpCommandExecutor.execute(HttpCommandExecutor.java:134)
	at org.openqa.selenium.remote.service.DriverCommandExecutor.execute(DriverCommandExecutor.java:82)
	at org.openqa.selenium.remote.RemoteWebDriver.execute(RemoteWebDriver.java:644)
	at org.openqa.selenium.remote.RemoteWebDriver$RemoteWebDriverOptions$RemoteTimeouts.implicitlyWait(RemoteWebDriver.java:863)
	at newMMIS_Subsystems.Common.resetPortal(Common.java:98)
	at newMMIS_Subsystems.claims.LoginCheck(claims.java:85)
... Removed 24 stack frames]]>
    </failure>
  </testcase> <!-- @BeforeMethod LoginCheck -->
  <testcase classname="newMMIS_Subsystems.claims" name="@BeforeMethod LoginCheck" time="0.0">
    <failure type="org.openqa.selenium.remote.SessionNotFoundException" message="Session ID is null. Using WebDriver after calling quit()?
Build info: version: &amp;apos;2.49.1&amp;apos;, revision: &amp;apos;7203e46&amp;apos;, time: &amp;apos;2016-01-21 17:35:35&amp;apos;
System info: host: &amp;apos;GWT-DFGS3G4&amp;apos;, ip: &amp;apos;192.168.1.155&amp;apos;, os.name: &amp;apos;Windows 11&amp;apos;, os.arch: &amp;apos;amd64&amp;apos;, os.version: &amp;apos;10.0&amp;apos;, java.version: &amp;apos;21.0.10&amp;apos;
Driver info: driver.version: RemoteWebDriver">
      <![CDATA[org.openqa.selenium.remote.SessionNotFoundException: Session ID is null. Using WebDriver after calling quit()?
Build info: version: '2.49.1', revision: '7203e46', time: '2016-01-21 17:35:35'
System info: host: 'GWT-DFGS3G4', ip: '192.168.1.155', os.name: 'Windows 11', os.arch: 'amd64', os.version: '10.0', java.version: '21.0.10'
Driver info: driver.version: RemoteWebDriver
	at org.openqa.selenium.remote.HttpCommandExecutor.execute(HttpCommandExecutor.java:134)
	at org.openqa.selenium.remote.service.DriverCommandExecutor.execute(DriverCommandExecutor.java:82)
	at org.openqa.selenium.remote.RemoteWebDriver.execute(RemoteWebDriver.java:644)
	at org.openqa.selenium.remote.RemoteWebDriver$RemoteWebDriverOptions$RemoteTimeouts.implicitlyWait(RemoteWebDriver.java:863)
	at newMMIS_Subsystems.Common.resetPortal(Common.java:98)
	at newMMIS_Subsystems.claims.LoginCheck(claims.java:85)
... Removed 24 stack frames]]>
    </failure>
  </testcase> <!-- @BeforeMethod LoginCheck -->
  <testcase classname="newMMIS_Subsystems.claims" name="@BeforeMethod LoginCheck" time="0.0">
    <failure type="org.openqa.selenium.remote.SessionNotFoundException" message="Session ID is null. Using WebDriver after calling quit()?
Build info: version: &amp;apos;2.49.1&amp;apos;, revision: &amp;apos;7203e46&amp;apos;, time: &amp;apos;2016-01-21 17:35:35&amp;apos;
System info: host: &amp;apos;GWT-DFGS3G4&amp;apos;, ip: &amp;apos;192.168.1.155&amp;apos;, os.name: &amp;apos;Windows 11&amp;apos;, os.arch: &amp;apos;amd64&amp;apos;, os.version: &amp;apos;10.0&amp;apos;, java.version: &amp;apos;21.0.10&amp;apos;
Driver info: driver.version: RemoteWebDriver">
      <![CDATA[org.openqa.selenium.remote.SessionNotFoundException: Session ID is null. Using WebDriver after calling quit()?
Build info: version: '2.49.1', revision: '7203e46', time: '2016-01-21 17:35:35'
System info: host: 'GWT-DFGS3G4', ip: '192.168.1.155', os.name: 'Windows 11', os.arch: 'amd64', os.version: '10.0', java.version: '21.0.10'
Driver info: driver.version: RemoteWebDriver
	at org.openqa.selenium.remote.HttpCommandExecutor.execute(HttpCommandExecutor.java:134)
	at org.openqa.selenium.remote.service.DriverCommandExecutor.execute(DriverCommandExecutor.java:82)
	at org.openqa.selenium.remote.RemoteWebDriver.execute(RemoteWebDriver.java:644)
	at org.openqa.selenium.remote.RemoteWebDriver$RemoteWebDriverOptions$RemoteTimeouts.implicitlyWait(RemoteWebDriver.java:863)
	at newMMIS_Subsystems.Common.resetPortal(Common.java:98)
	at newMMIS_Subsystems.claims.LoginCheck(claims.java:85)
... Removed 24 stack frames]]>
    </failure>
  </testcase> <!-- @BeforeMethod LoginCheck -->
  <testcase classname="newMMIS_Subsystems.claims" name="@BeforeMethod LoginCheck" time="0.0">
    <failure type="org.openqa.selenium.remote.SessionNotFoundException" message="Session ID is null. Using WebDriver after calling quit()?
Build info: version: &amp;apos;2.49.1&amp;apos;, revision: &amp;apos;7203e46&amp;apos;, time: &amp;apos;2016-01-21 17:35:35&amp;apos;
System info: host: &amp;apos;GWT-DFGS3G4&amp;apos;, ip: &amp;apos;192.168.1.155&amp;apos;, os.name: &amp;apos;Windows 11&amp;apos;, os.arch: &amp;apos;amd64&amp;apos;, os.version: &amp;apos;10.0&amp;apos;, java.version: &amp;apos;21.0.10&amp;apos;
Driver info: driver.version: RemoteWebDriver">
      <![CDATA[org.openqa.selenium.remote.SessionNotFoundException: Session ID is null. Using WebDriver after calling quit()?
Build info: version: '2.49.1', revision: '7203e46', time: '2016-01-21 17:35:35'
System info: host: 'GWT-DFGS3G4', ip: '192.168.1.155', os.name: 'Windows 11', os.arch: 'amd64', os.version: '10.0', java.version: '21.0.10'
Driver info: driver.version: RemoteWebDriver
	at org.openqa.selenium.remote.HttpCommandExecutor.execute(HttpCommandExecutor.java:134)
	at org.openqa.selenium.remote.service.DriverCommandExecutor.execute(DriverCommandExecutor.java:82)
	at org.openqa.selenium.remote.RemoteWebDriver.execute(RemoteWebDriver.java:644)
	at org.openqa.selenium.remote.RemoteWebDriver$RemoteWebDriverOptions$RemoteTimeouts.implicitlyWait(RemoteWebDriver.java:863)
	at newMMIS_Subsystems.Common.resetPortal(Common.java:98)
	at newMMIS_Subsystems.claims.LoginCheck(claims.java:85)
... Removed 24 stack frames]]>
    </failure>
  </testcase> <!-- @BeforeMethod LoginCheck -->
  <testcase classname="newMMIS_Subsystems.claims" name="@BeforeMethod LoginCheck" time="0.0">
    <failure type="org.openqa.selenium.remote.SessionNotFoundException" message="Session ID is null. Using WebDriver after calling quit()?
Build info: version: &amp;apos;2.49.1&amp;apos;, revision: &amp;apos;7203e46&amp;apos;, time: &amp;apos;2016-01-21 17:35:35&amp;apos;
System info: host: &amp;apos;GWT-DFGS3G4&amp;apos;, ip: &amp;apos;192.168.1.155&amp;apos;, os.name: &amp;apos;Windows 11&amp;apos;, os.arch: &amp;apos;amd64&amp;apos;, os.version: &amp;apos;10.0&amp;apos;, java.version: &amp;apos;21.0.10&amp;apos;
Driver info: driver.version: RemoteWebDriver">
      <![CDATA[org.openqa.selenium.remote.SessionNotFoundException: Session ID is null. Using WebDriver after calling quit()?
Build info: version: '2.49.1', revision: '7203e46', time: '2016-01-21 17:35:35'
System info: host: 'GWT-DFGS3G4', ip: '192.168.1.155', os.name: 'Windows 11', os.arch: 'amd64', os.version: '10.0', java.version: '21.0.10'
Driver info: driver.version: RemoteWebDriver
	at org.openqa.selenium.remote.HttpCommandExecutor.execute(HttpCommandExecutor.java:134)
	at org.openqa.selenium.remote.service.DriverCommandExecutor.execute(DriverCommandExecutor.java:82)
	at org.openqa.selenium.remote.RemoteWebDriver.execute(RemoteWebDriver.java:644)
	at org.openqa.selenium.remote.RemoteWebDriver$RemoteWebDriverOptions$RemoteTimeouts.implicitlyWait(RemoteWebDriver.java:863)
	at newMMIS_Subsystems.Common.resetPortal(Common.java:98)
	at newMMIS_Subsystems.claims.LoginCheck(claims.java:85)
... Removed 24 stack frames]]>
    </failure>
  </testcase> <!-- @BeforeMethod LoginCheck -->
  <testcase classname="newMMIS_Subsystems.claims" name="@BeforeMethod LoginCheck" time="0.0">
    <failure type="org.openqa.selenium.remote.SessionNotFoundException" message="Session ID is null. Using WebDriver after calling quit()?
Build info: version: &amp;apos;2.49.1&amp;apos;, revision: &amp;apos;7203e46&amp;apos;, time: &amp;apos;2016-01-21 17:35:35&amp;apos;
System info: host: &amp;apos;GWT-DFGS3G4&amp;apos;, ip: &amp;apos;192.168.1.155&amp;apos;, os.name: &amp;apos;Windows 11&amp;apos;, os.arch: &amp;apos;amd64&amp;apos;, os.version: &amp;apos;10.0&amp;apos;, java.version: &amp;apos;21.0.10&amp;apos;
Driver info: driver.version: RemoteWebDriver">
      <![CDATA[org.openqa.selenium.remote.SessionNotFoundException: Session ID is null. Using WebDriver after calling quit()?
Build info: version: '2.49.1', revision: '7203e46', time: '2016-01-21 17:35:35'
System info: host: 'GWT-DFGS3G4', ip: '192.168.1.155', os.name: 'Windows 11', os.arch: 'amd64', os.version: '10.0', java.version: '21.0.10'
Driver info: driver.version: RemoteWebDriver
	at org.openqa.selenium.remote.HttpCommandExecutor.execute(HttpCommandExecutor.java:134)
	at org.openqa.selenium.remote.service.DriverCommandExecutor.execute(DriverCommandExecutor.java:82)
	at org.openqa.selenium.remote.RemoteWebDriver.execute(RemoteWebDriver.java:644)
	at org.openqa.selenium.remote.RemoteWebDriver$RemoteWebDriverOptions$RemoteTimeouts.implicitlyWait(RemoteWebDriver.java:863)
	at newMMIS_Subsystems.Common.resetPortal(Common.java:98)
	at newMMIS_Subsystems.claims.LoginCheck(claims.java:85)
... Removed 24 stack frames]]>
    </failure>
  </testcase> <!-- @BeforeMethod LoginCheck -->
  <testcase classname="newMMIS_Subsystems.claims" name="@BeforeMethod LoginCheck" time="0.0">
    <failure type="org.openqa.selenium.remote.SessionNotFoundException" message="Session ID is null. Using WebDriver after calling quit()?
Build info: version: &amp;apos;2.49.1&amp;apos;, revision: &amp;apos;7203e46&amp;apos;, time: &amp;apos;2016-01-21 17:35:35&amp;apos;
System info: host: &amp;apos;GWT-DFGS3G4&amp;apos;, ip: &amp;apos;192.168.1.155&amp;apos;, os.name: &amp;apos;Windows 11&amp;apos;, os.arch: &amp;apos;amd64&amp;apos;, os.version: &amp;apos;10.0&amp;apos;, java.version: &amp;apos;21.0.10&amp;apos;
Driver info: driver.version: RemoteWebDriver">
      <![CDATA[org.openqa.selenium.remote.SessionNotFoundException: Session ID is null. Using WebDriver after calling quit()?
Build info: version: '2.49.1', revision: '7203e46', time: '2016-01-21 17:35:35'
System info: host: 'GWT-DFGS3G4', ip: '192.168.1.155', os.name: 'Windows 11', os.arch: 'amd64', os.version: '10.0', java.version: '21.0.10'
Driver info: driver.version: RemoteWebDriver
	at org.openqa.selenium.remote.HttpCommandExecutor.execute(HttpCommandExecutor.java:134)
	at org.openqa.selenium.remote.service.DriverCommandExecutor.execute(DriverCommandExecutor.java:82)
	at org.openqa.selenium.remote.RemoteWebDriver.execute(RemoteWebDriver.java:644)
	at org.openqa.selenium.remote.RemoteWebDriver$RemoteWebDriverOptions$RemoteTimeouts.implicitlyWait(RemoteWebDriver.java:863)
	at newMMIS_Subsystems.Common.resetPortal(Common.java:98)
	at newMMIS_Subsystems.claims.LoginCheck(claims.java:85)
... Removed 24 stack frames]]>
    </failure>
  </testcase> <!-- @BeforeMethod LoginCheck -->
  <testcase classname="newMMIS_Subsystems.claims" name="@BeforeMethod LoginCheck" time="0.0">
    <failure type="org.openqa.selenium.remote.SessionNotFoundException" message="Session ID is null. Using WebDriver after calling quit()?
Build info: version: &amp;apos;2.49.1&amp;apos;, revision: &amp;apos;7203e46&amp;apos;, time: &amp;apos;2016-01-21 17:35:35&amp;apos;
System info: host: &amp;apos;GWT-DFGS3G4&amp;apos;, ip: &amp;apos;192.168.1.155&amp;apos;, os.name: &amp;apos;Windows 11&amp;apos;, os.arch: &amp;apos;amd64&amp;apos;, os.version: &amp;apos;10.0&amp;apos;, java.version: &amp;apos;21.0.10&amp;apos;
Driver info: driver.version: RemoteWebDriver">
      <![CDATA[org.openqa.selenium.remote.SessionNotFoundException: Session ID is null. Using WebDriver after calling quit()?
Build info: version: '2.49.1', revision: '7203e46', time: '2016-01-21 17:35:35'
System info: host: 'GWT-DFGS3G4', ip: '192.168.1.155', os.name: 'Windows 11', os.arch: 'amd64', os.version: '10.0', java.version: '21.0.10'
Driver info: driver.version: RemoteWebDriver
	at org.openqa.selenium.remote.HttpCommandExecutor.execute(HttpCommandExecutor.java:134)
	at org.openqa.selenium.remote.service.DriverCommandExecutor.execute(DriverCommandExecutor.java:82)
	at org.openqa.selenium.remote.RemoteWebDriver.execute(RemoteWebDriver.java:644)
	at org.openqa.selenium.remote.RemoteWebDriver$RemoteWebDriverOptions$RemoteTimeouts.implicitlyWait(RemoteWebDriver.java:863)
	at newMMIS_Subsystems.Common.resetPortal(Common.java:98)
	at newMMIS_Subsystems.claims.LoginCheck(claims.java:85)
... Removed 24 stack frames]]>
    </failure>
  </testcase> <!-- @BeforeMethod LoginCheck -->
  <testcase classname="newMMIS_Subsystems.claims" name="@BeforeMethod LoginCheck" time="0.0">
    <failure type="org.openqa.selenium.remote.SessionNotFoundException" message="Session ID is null. Using WebDriver after calling quit()?
Build info: version: &amp;apos;2.49.1&amp;apos;, revision: &amp;apos;7203e46&amp;apos;, time: &amp;apos;2016-01-21 17:35:35&amp;apos;
System info: host: &amp;apos;GWT-DFGS3G4&amp;apos;, ip: &amp;apos;192.168.1.155&amp;apos;, os.name: &amp;apos;Windows 11&amp;apos;, os.arch: &amp;apos;amd64&amp;apos;, os.version: &amp;apos;10.0&amp;apos;, java.version: &amp;apos;21.0.10&amp;apos;
Driver info: driver.version: RemoteWebDriver">
      <![CDATA[org.openqa.selenium.remote.SessionNotFoundException: Session ID is null. Using WebDriver after calling quit()?
Build info: version: '2.49.1', revision: '7203e46', time: '2016-01-21 17:35:35'
System info: host: 'GWT-DFGS3G4', ip: '192.168.1.155', os.name: 'Windows 11', os.arch: 'amd64', os.version: '10.0', java.version: '21.0.10'
Driver info: driver.version: RemoteWebDriver
	at org.openqa.selenium.remote.HttpCommandExecutor.execute(HttpCommandExecutor.java:134)
	at org.openqa.selenium.remote.service.DriverCommandExecutor.execute(DriverCommandExecutor.java:82)
	at org.openqa.selenium.remote.RemoteWebDriver.execute(RemoteWebDriver.java:644)
	at org.openqa.selenium.remote.RemoteWebDriver$RemoteWebDriverOptions$RemoteTimeouts.implicitlyWait(RemoteWebDriver.java:863)
	at newMMIS_Subsystems.Common.resetPortal(Common.java:98)
	at newMMIS_Subsystems.claims.LoginCheck(claims.java:85)
... Removed 24 stack frames]]>
    </failure>
  </testcase> <!-- @BeforeMethod LoginCheck -->
  <testcase classname="newMMIS_Subsystems.claims" name="@BeforeMethod LoginCheck" time="0.0">
    <failure type="org.openqa.selenium.remote.SessionNotFoundException" message="Session ID is null. Using WebDriver after calling quit()?
Build info: version: &amp;apos;2.49.1&amp;apos;, revision: &amp;apos;7203e46&amp;apos;, time: &amp;apos;2016-01-21 17:35:35&amp;apos;
System info: host: &amp;apos;GWT-DFGS3G4&amp;apos;, ip: &amp;apos;192.168.1.155&amp;apos;, os.name: &amp;apos;Windows 11&amp;apos;, os.arch: &amp;apos;amd64&amp;apos;, os.version: &amp;apos;10.0&amp;apos;, java.version: &amp;apos;21.0.10&amp;apos;
Driver info: driver.version: RemoteWebDriver">
      <![CDATA[org.openqa.selenium.remote.SessionNotFoundException: Session ID is null. Using WebDriver after calling quit()?
Build info: version: '2.49.1', revision: '7203e46', time: '2016-01-21 17:35:35'
System info: host: 'GWT-DFGS3G4', ip: '192.168.1.155', os.name: 'Windows 11', os.arch: 'amd64', os.version: '10.0', java.version: '21.0.10'
Driver info: driver.version: RemoteWebDriver
	at org.openqa.selenium.remote.HttpCommandExecutor.execute(HttpCommandExecutor.java:134)
	at org.openqa.selenium.remote.service.DriverCommandExecutor.execute(DriverCommandExecutor.java:82)
	at org.openqa.selenium.remote.RemoteWebDriver.execute(RemoteWebDriver.java:644)
	at org.openqa.selenium.remote.RemoteWebDriver$RemoteWebDriverOptions$RemoteTimeouts.implicitlyWait(RemoteWebDriver.java:863)
	at newMMIS_Subsystems.Common.resetPortal(Common.java:98)
	at newMMIS_Subsystems.claims.LoginCheck(claims.java:85)
... Removed 24 stack frames]]>
    </failure>
  </testcase> <!-- @BeforeMethod LoginCheck -->
  <testcase classname="newMMIS_Subsystems.claims" name="@BeforeMethod LoginCheck" time="0.0">
    <failure type="org.openqa.selenium.remote.SessionNotFoundException" message="Session ID is null. Using WebDriver after calling quit()?
Build info: version: &amp;apos;2.49.1&amp;apos;, revision: &amp;apos;7203e46&amp;apos;, time: &amp;apos;2016-01-21 17:35:35&amp;apos;
System info: host: &amp;apos;GWT-DFGS3G4&amp;apos;, ip: &amp;apos;192.168.1.155&amp;apos;, os.name: &amp;apos;Windows 11&amp;apos;, os.arch: &amp;apos;amd64&amp;apos;, os.version: &amp;apos;10.0&amp;apos;, java.version: &amp;apos;21.0.10&amp;apos;
Driver info: driver.version: RemoteWebDriver">
      <![CDATA[org.openqa.selenium.remote.SessionNotFoundException: Session ID is null. Using WebDriver after calling quit()?
Build info: version: '2.49.1', revision: '7203e46', time: '2016-01-21 17:35:35'
System info: host: 'GWT-DFGS3G4', ip: '192.168.1.155', os.name: 'Windows 11', os.arch: 'amd64', os.version: '10.0', java.version: '21.0.10'
Driver info: driver.version: RemoteWebDriver
	at org.openqa.selenium.remote.HttpCommandExecutor.execute(HttpCommandExecutor.java:134)
	at org.openqa.selenium.remote.service.DriverCommandExecutor.execute(DriverCommandExecutor.java:82)
	at org.openqa.selenium.remote.RemoteWebDriver.execute(RemoteWebDriver.java:644)
	at org.openqa.selenium.remote.RemoteWebDriver$RemoteWebDriverOptions$RemoteTimeouts.implicitlyWait(RemoteWebDriver.java:863)
	at newMMIS_Subsystems.Common.resetPortal(Common.java:98)
	at newMMIS_Subsystems.claims.LoginCheck(claims.java:85)
... Removed 24 stack frames]]>
    </failure>
  </testcase> <!-- @BeforeMethod LoginCheck -->
  <testcase classname="newMMIS_Subsystems.claims" name="@BeforeMethod LoginCheck" time="0.0">
    <failure type="org.openqa.selenium.remote.SessionNotFoundException" message="Session ID is null. Using WebDriver after calling quit()?
Build info: version: &amp;apos;2.49.1&amp;apos;, revision: &amp;apos;7203e46&amp;apos;, time: &amp;apos;2016-01-21 17:35:35&amp;apos;
System info: host: &amp;apos;GWT-DFGS3G4&amp;apos;, ip: &amp;apos;192.168.1.155&amp;apos;, os.name: &amp;apos;Windows 11&amp;apos;, os.arch: &amp;apos;amd64&amp;apos;, os.version: &amp;apos;10.0&amp;apos;, java.version: &amp;apos;21.0.10&amp;apos;
Driver info: driver.version: RemoteWebDriver">
      <![CDATA[org.openqa.selenium.remote.SessionNotFoundException: Session ID is null. Using WebDriver after calling quit()?
Build info: version: '2.49.1', revision: '7203e46', time: '2016-01-21 17:35:35'
System info: host: 'GWT-DFGS3G4', ip: '192.168.1.155', os.name: 'Windows 11', os.arch: 'amd64', os.version: '10.0', java.version: '21.0.10'
Driver info: driver.version: RemoteWebDriver
	at org.openqa.selenium.remote.HttpCommandExecutor.execute(HttpCommandExecutor.java:134)
	at org.openqa.selenium.remote.service.DriverCommandExecutor.execute(DriverCommandExecutor.java:82)
	at org.openqa.selenium.remote.RemoteWebDriver.execute(RemoteWebDriver.java:644)
	at org.openqa.selenium.remote.RemoteWebDriver$RemoteWebDriverOptions$RemoteTimeouts.implicitlyWait(RemoteWebDriver.java:863)
	at newMMIS_Subsystems.Common.resetPortal(Common.java:98)
	at newMMIS_Subsystems.claims.LoginCheck(claims.java:85)
... Removed 24 stack frames]]>
    </failure>
  </testcase> <!-- @BeforeMethod LoginCheck -->
  <testcase classname="newMMIS_Subsystems.claims" name="@BeforeMethod LoginCheck" time="0.0">
    <failure type="org.openqa.selenium.remote.SessionNotFoundException" message="Session ID is null. Using WebDriver after calling quit()?
Build info: version: &amp;apos;2.49.1&amp;apos;, revision: &amp;apos;7203e46&amp;apos;, time: &amp;apos;2016-01-21 17:35:35&amp;apos;
System info: host: &amp;apos;GWT-DFGS3G4&amp;apos;, ip: &amp;apos;192.168.1.155&amp;apos;, os.name: &amp;apos;Windows 11&amp;apos;, os.arch: &amp;apos;amd64&amp;apos;, os.version: &amp;apos;10.0&amp;apos;, java.version: &amp;apos;21.0.10&amp;apos;
Driver info: driver.version: RemoteWebDriver">
      <![CDATA[org.openqa.selenium.remote.SessionNotFoundException: Session ID is null. Using WebDriver after calling quit()?
Build info: version: '2.49.1', revision: '7203e46', time: '2016-01-21 17:35:35'
System info: host: 'GWT-DFGS3G4', ip: '192.168.1.155', os.name: 'Windows 11', os.arch: 'amd64', os.version: '10.0', java.version: '21.0.10'
Driver info: driver.version: RemoteWebDriver
	at org.openqa.selenium.remote.HttpCommandExecutor.execute(HttpCommandExecutor.java:134)
	at org.openqa.selenium.remote.service.DriverCommandExecutor.execute(DriverCommandExecutor.java:82)
	at org.openqa.selenium.remote.RemoteWebDriver.execute(RemoteWebDriver.java:644)
	at org.openqa.selenium.remote.RemoteWebDriver$RemoteWebDriverOptions$RemoteTimeouts.implicitlyWait(RemoteWebDriver.java:863)
	at newMMIS_Subsystems.Common.resetPortal(Common.java:98)
	at newMMIS_Subsystems.claims.LoginCheck(claims.java:85)
... Removed 24 stack frames]]>
    </failure>
  </testcase> <!-- @BeforeMethod LoginCheck -->
  <testcase classname="newMMIS_Subsystems.claims" name="@BeforeMethod LoginCheck" time="0.0">
    <failure type="org.openqa.selenium.remote.SessionNotFoundException" message="Session ID is null. Using WebDriver after calling quit()?
Build info: version: &amp;apos;2.49.1&amp;apos;, revision: &amp;apos;7203e46&amp;apos;, time: &amp;apos;2016-01-21 17:35:35&amp;apos;
System info: host: &amp;apos;GWT-DFGS3G4&amp;apos;, ip: &amp;apos;192.168.1.155&amp;apos;, os.name: &amp;apos;Windows 11&amp;apos;, os.arch: &amp;apos;amd64&amp;apos;, os.version: &amp;apos;10.0&amp;apos;, java.version: &amp;apos;21.0.10&amp;apos;
Driver info: driver.version: RemoteWebDriver">
      <![CDATA[org.openqa.selenium.remote.SessionNotFoundException: Session ID is null. Using WebDriver after calling quit()?
Build info: version: '2.49.1', revision: '7203e46', time: '2016-01-21 17:35:35'
System info: host: 'GWT-DFGS3G4', ip: '192.168.1.155', os.name: 'Windows 11', os.arch: 'amd64', os.version: '10.0', java.version: '21.0.10'
Driver info: driver.version: RemoteWebDriver
	at org.openqa.selenium.remote.HttpCommandExecutor.execute(HttpCommandExecutor.java:134)
	at org.openqa.selenium.remote.service.DriverCommandExecutor.execute(DriverCommandExecutor.java:82)
	at org.openqa.selenium.remote.RemoteWebDriver.execute(RemoteWebDriver.java:644)
	at org.openqa.selenium.remote.RemoteWebDriver$RemoteWebDriverOptions$RemoteTimeouts.implicitlyWait(RemoteWebDriver.java:863)
	at newMMIS_Subsystems.Common.resetPortal(Common.java:98)
	at newMMIS_Subsystems.claims.LoginCheck(claims.java:85)
... Removed 24 stack frames]]>
    </failure>
  </testcase> <!-- @BeforeMethod LoginCheck -->
  <testcase classname="newMMIS_Subsystems.claims" name="@BeforeMethod LoginCheck" time="0.0">
    <failure type="org.openqa.selenium.remote.SessionNotFoundException" message="Session ID is null. Using WebDriver after calling quit()?
Build info: version: &amp;apos;2.49.1&amp;apos;, revision: &amp;apos;7203e46&amp;apos;, time: &amp;apos;2016-01-21 17:35:35&amp;apos;
System info: host: &amp;apos;GWT-DFGS3G4&amp;apos;, ip: &amp;apos;192.168.1.155&amp;apos;, os.name: &amp;apos;Windows 11&amp;apos;, os.arch: &amp;apos;amd64&amp;apos;, os.version: &amp;apos;10.0&amp;apos;, java.version: &amp;apos;21.0.10&amp;apos;
Driver info: driver.version: RemoteWebDriver">
      <![CDATA[org.openqa.selenium.remote.SessionNotFoundException: Session ID is null. Using WebDriver after calling quit()?
Build info: version: '2.49.1', revision: '7203e46', time: '2016-01-21 17:35:35'
System info: host: 'GWT-DFGS3G4', ip: '192.168.1.155', os.name: 'Windows 11', os.arch: 'amd64', os.version: '10.0', java.version: '21.0.10'
Driver info: driver.version: RemoteWebDriver
	at org.openqa.selenium.remote.HttpCommandExecutor.execute(HttpCommandExecutor.java:134)
	at org.openqa.selenium.remote.service.DriverCommandExecutor.execute(DriverCommandExecutor.java:82)
	at org.openqa.selenium.remote.RemoteWebDriver.execute(RemoteWebDriver.java:644)
	at org.openqa.selenium.remote.RemoteWebDriver$RemoteWebDriverOptions$RemoteTimeouts.implicitlyWait(RemoteWebDriver.java:863)
	at newMMIS_Subsystems.Common.resetPortal(Common.java:98)
	at newMMIS_Subsystems.claims.LoginCheck(claims.java:85)
... Removed 24 stack frames]]>
    </failure>
  </testcase> <!-- @BeforeMethod LoginCheck -->
  <testcase classname="newMMIS_Subsystems.claims" name="@BeforeMethod LoginCheck" time="0.0">
    <failure type="org.openqa.selenium.remote.SessionNotFoundException" message="Session ID is null. Using WebDriver after calling quit()?
Build info: version: &amp;apos;2.49.1&amp;apos;, revision: &amp;apos;7203e46&amp;apos;, time: &amp;apos;2016-01-21 17:35:35&amp;apos;
System info: host: &amp;apos;GWT-DFGS3G4&amp;apos;, ip: &amp;apos;192.168.1.155&amp;apos;, os.name: &amp;apos;Windows 11&amp;apos;, os.arch: &amp;apos;amd64&amp;apos;, os.version: &amp;apos;10.0&amp;apos;, java.version: &amp;apos;21.0.10&amp;apos;
Driver info: driver.version: RemoteWebDriver">
      <![CDATA[org.openqa.selenium.remote.SessionNotFoundException: Session ID is null. Using WebDriver after calling quit()?
Build info: version: '2.49.1', revision: '7203e46', time: '2016-01-21 17:35:35'
System info: host: 'GWT-DFGS3G4', ip: '192.168.1.155', os.name: 'Windows 11', os.arch: 'amd64', os.version: '10.0', java.version: '21.0.10'
Driver info: driver.version: RemoteWebDriver
	at org.openqa.selenium.remote.HttpCommandExecutor.execute(HttpCommandExecutor.java:134)
	at org.openqa.selenium.remote.service.DriverCommandExecutor.execute(DriverCommandExecutor.java:82)
	at org.openqa.selenium.remote.RemoteWebDriver.execute(RemoteWebDriver.java:644)
	at org.openqa.selenium.remote.RemoteWebDriver$RemoteWebDriverOptions$RemoteTimeouts.implicitlyWait(RemoteWebDriver.java:863)
	at newMMIS_Subsystems.Common.resetPortal(Common.java:98)
	at newMMIS_Subsystems.claims.LoginCheck(claims.java:85)
... Removed 24 stack frames]]>
    </failure>
  </testcase> <!-- @BeforeMethod LoginCheck -->
  <testcase classname="newMMIS_Subsystems.claims" name="@BeforeMethod LoginCheck" time="0.0">
    <failure type="org.openqa.selenium.remote.SessionNotFoundException" message="Session ID is null. Using WebDriver after calling quit()?
Build info: version: &amp;apos;2.49.1&amp;apos;, revision: &amp;apos;7203e46&amp;apos;, time: &amp;apos;2016-01-21 17:35:35&amp;apos;
System info: host: &amp;apos;GWT-DFGS3G4&amp;apos;, ip: &amp;apos;192.168.1.155&amp;apos;, os.name: &amp;apos;Windows 11&amp;apos;, os.arch: &amp;apos;amd64&amp;apos;, os.version: &amp;apos;10.0&amp;apos;, java.version: &amp;apos;21.0.10&amp;apos;
Driver info: driver.version: RemoteWebDriver">
      <![CDATA[org.openqa.selenium.remote.SessionNotFoundException: Session ID is null. Using WebDriver after calling quit()?
Build info: version: '2.49.1', revision: '7203e46', time: '2016-01-21 17:35:35'
System info: host: 'GWT-DFGS3G4', ip: '192.168.1.155', os.name: 'Windows 11', os.arch: 'amd64', os.version: '10.0', java.version: '21.0.10'
Driver info: driver.version: RemoteWebDriver
	at org.openqa.selenium.remote.HttpCommandExecutor.execute(HttpCommandExecutor.java:134)
	at org.openqa.selenium.remote.service.DriverCommandExecutor.execute(DriverCommandExecutor.java:82)
	at org.openqa.selenium.remote.RemoteWebDriver.execute(RemoteWebDriver.java:644)
	at org.openqa.selenium.remote.RemoteWebDriver$RemoteWebDriverOptions$RemoteTimeouts.implicitlyWait(RemoteWebDriver.java:863)
	at newMMIS_Subsystems.Common.resetPortal(Common.java:98)
	at newMMIS_Subsystems.claims.LoginCheck(claims.java:85)
... Removed 24 stack frames]]>
    </failure>
  </testcase> <!-- @BeforeMethod LoginCheck -->
  <testcase classname="newMMIS_Subsystems.claims" name="@BeforeMethod LoginCheck" time="0.0">
    <failure type="org.openqa.selenium.remote.SessionNotFoundException" message="Session ID is null. Using WebDriver after calling quit()?
Build info: version: &amp;apos;2.49.1&amp;apos;, revision: &amp;apos;7203e46&amp;apos;, time: &amp;apos;2016-01-21 17:35:35&amp;apos;
System info: host: &amp;apos;GWT-DFGS3G4&amp;apos;, ip: &amp;apos;192.168.1.155&amp;apos;, os.name: &amp;apos;Windows 11&amp;apos;, os.arch: &amp;apos;amd64&amp;apos;, os.version: &amp;apos;10.0&amp;apos;, java.version: &amp;apos;21.0.10&amp;apos;
Driver info: driver.version: RemoteWebDriver">
      <![CDATA[org.openqa.selenium.remote.SessionNotFoundException: Session ID is null. Using WebDriver after calling quit()?
Build info: version: '2.49.1', revision: '7203e46', time: '2016-01-21 17:35:35'
System info: host: 'GWT-DFGS3G4', ip: '192.168.1.155', os.name: 'Windows 11', os.arch: 'amd64', os.version: '10.0', java.version: '21.0.10'
Driver info: driver.version: RemoteWebDriver
	at org.openqa.selenium.remote.HttpCommandExecutor.execute(HttpCommandExecutor.java:134)
	at org.openqa.selenium.remote.service.DriverCommandExecutor.execute(DriverCommandExecutor.java:82)
	at org.openqa.selenium.remote.RemoteWebDriver.execute(RemoteWebDriver.java:644)
	at org.openqa.selenium.remote.RemoteWebDriver$RemoteWebDriverOptions$RemoteTimeouts.implicitlyWait(RemoteWebDriver.java:863)
	at newMMIS_Subsystems.Common.resetPortal(Common.java:98)
	at newMMIS_Subsystems.claims.LoginCheck(claims.java:85)
... Removed 24 stack frames]]>
    </failure>
  </testcase> <!-- @BeforeMethod LoginCheck -->
  <testcase classname="newMMIS_Subsystems.claims" name="@BeforeMethod LoginCheck" time="0.0">
    <failure type="org.openqa.selenium.remote.SessionNotFoundException" message="Session ID is null. Using WebDriver after calling quit()?
Build info: version: &amp;apos;2.49.1&amp;apos;, revision: &amp;apos;7203e46&amp;apos;, time: &amp;apos;2016-01-21 17:35:35&amp;apos;
System info: host: &amp;apos;GWT-DFGS3G4&amp;apos;, ip: &amp;apos;192.168.1.155&amp;apos;, os.name: &amp;apos;Windows 11&amp;apos;, os.arch: &amp;apos;amd64&amp;apos;, os.version: &amp;apos;10.0&amp;apos;, java.version: &amp;apos;21.0.10&amp;apos;
Driver info: driver.version: RemoteWebDriver">
      <![CDATA[org.openqa.selenium.remote.SessionNotFoundException: Session ID is null. Using WebDriver after calling quit()?
Build info: version: '2.49.1', revision: '7203e46', time: '2016-01-21 17:35:35'
System info: host: 'GWT-DFGS3G4', ip: '192.168.1.155', os.name: 'Windows 11', os.arch: 'amd64', os.version: '10.0', java.version: '21.0.10'
Driver info: driver.version: RemoteWebDriver
	at org.openqa.selenium.remote.HttpCommandExecutor.execute(HttpCommandExecutor.java:134)
	at org.openqa.selenium.remote.service.DriverCommandExecutor.execute(DriverCommandExecutor.java:82)
	at org.openqa.selenium.remote.RemoteWebDriver.execute(RemoteWebDriver.java:644)
	at org.openqa.selenium.remote.RemoteWebDriver$RemoteWebDriverOptions$RemoteTimeouts.implicitlyWait(RemoteWebDriver.java:863)
	at newMMIS_Subsystems.Common.resetPortal(Common.java:98)
	at newMMIS_Subsystems.claims.LoginCheck(claims.java:85)
... Removed 24 stack frames]]>
    </failure>
  </testcase> <!-- @BeforeMethod LoginCheck -->
  <testcase classname="newMMIS_Subsystems.claims" name="@BeforeMethod LoginCheck" time="0.0">
    <failure type="org.openqa.selenium.remote.SessionNotFoundException" message="Session ID is null. Using WebDriver after calling quit()?
Build info: version: &amp;apos;2.49.1&amp;apos;, revision: &amp;apos;7203e46&amp;apos;, time: &amp;apos;2016-01-21 17:35:35&amp;apos;
System info: host: &amp;apos;GWT-DFGS3G4&amp;apos;, ip: &amp;apos;192.168.1.155&amp;apos;, os.name: &amp;apos;Windows 11&amp;apos;, os.arch: &amp;apos;amd64&amp;apos;, os.version: &amp;apos;10.0&amp;apos;, java.version: &amp;apos;21.0.10&amp;apos;
Driver info: driver.version: RemoteWebDriver">
      <![CDATA[org.openqa.selenium.remote.SessionNotFoundException: Session ID is null. Using WebDriver after calling quit()?
Build info: version: '2.49.1', revision: '7203e46', time: '2016-01-21 17:35:35'
System info: host: 'GWT-DFGS3G4', ip: '192.168.1.155', os.name: 'Windows 11', os.arch: 'amd64', os.version: '10.0', java.version: '21.0.10'
Driver info: driver.version: RemoteWebDriver
	at org.openqa.selenium.remote.HttpCommandExecutor.execute(HttpCommandExecutor.java:134)
	at org.openqa.selenium.remote.service.DriverCommandExecutor.execute(DriverCommandExecutor.java:82)
	at org.openqa.selenium.remote.RemoteWebDriver.execute(RemoteWebDriver.java:644)
	at org.openqa.selenium.remote.RemoteWebDriver$RemoteWebDriverOptions$RemoteTimeouts.implicitlyWait(RemoteWebDriver.java:863)
	at newMMIS_Subsystems.Common.resetPortal(Common.java:98)
	at newMMIS_Subsystems.claims.LoginCheck(claims.java:85)
... Removed 24 stack frames]]>
    </failure>
  </testcase> <!-- @BeforeMethod LoginCheck -->
  <testcase classname="newMMIS_Subsystems.claims" name="@BeforeMethod LoginCheck" time="0.0">
    <failure type="org.openqa.selenium.remote.SessionNotFoundException" message="Session ID is null. Using WebDriver after calling quit()?
Build info: version: &amp;apos;2.49.1&amp;apos;, revision: &amp;apos;7203e46&amp;apos;, time: &amp;apos;2016-01-21 17:35:35&amp;apos;
System info: host: &amp;apos;GWT-DFGS3G4&amp;apos;, ip: &amp;apos;192.168.1.155&amp;apos;, os.name: &amp;apos;Windows 11&amp;apos;, os.arch: &amp;apos;amd64&amp;apos;, os.version: &amp;apos;10.0&amp;apos;, java.version: &amp;apos;21.0.10&amp;apos;
Driver info: driver.version: RemoteWebDriver">
      <![CDATA[org.openqa.selenium.remote.SessionNotFoundException: Session ID is null. Using WebDriver after calling quit()?
Build info: version: '2.49.1', revision: '7203e46', time: '2016-01-21 17:35:35'
System info: host: 'GWT-DFGS3G4', ip: '192.168.1.155', os.name: 'Windows 11', os.arch: 'amd64', os.version: '10.0', java.version: '21.0.10'
Driver info: driver.version: RemoteWebDriver
	at org.openqa.selenium.remote.HttpCommandExecutor.execute(HttpCommandExecutor.java:134)
	at org.openqa.selenium.remote.service.DriverCommandExecutor.execute(DriverCommandExecutor.java:82)
	at org.openqa.selenium.remote.RemoteWebDriver.execute(RemoteWebDriver.java:644)
	at org.openqa.selenium.remote.RemoteWebDriver$RemoteWebDriverOptions$RemoteTimeouts.implicitlyWait(RemoteWebDriver.java:863)
	at newMMIS_Subsystems.Common.resetPortal(Common.java:98)
	at newMMIS_Subsystems.claims.LoginCheck(claims.java:85)
... Removed 24 stack frames]]>
    </failure>
  </testcase> <!-- @BeforeMethod LoginCheck -->
  <testcase classname="newMMIS_Subsystems.claims" name="@BeforeMethod LoginCheck" time="0.0">
[...]
    <skipped/>
  </testcase> <!-- test32263a -->
  <testcase classname="newMMIS_Subsystems.claims" name="test32263b" time="0.001">
    <skipped/>
  </testcase> <!-- test32263b -->
  <testcase classname="newMMIS_Subsystems.claims" name="test32263c" time="0.0">
    <skipped/>
  </testcase> <!-- test32263c -->
  <testcase classname="newMMIS_Subsystems.claims" name="test32263d" time="0.001">
    <skipped/>
  </testcase> <!-- test32263d -->
  <testcase classname="newMMIS_Subsystems.claims" name="test32265" time="0.001">
    <skipped/>
  </testcase> <!-- test32265 -->
  <testcase classname="newMMIS_Subsystems.claims" name="test32267" time="0.001">
    <skipped/>
  </testcase> <!-- test32267 -->
  <testcase classname="newMMIS_Subsystems.claims" name="test32268" time="0.001">
    <skipped/>
  </testcase> <!-- test32268 -->
  <testcase classname="newMMIS_Subsystems.claims" name="test32269" time="0.0">
    <skipped/>
  </testcase> <!-- test32269 -->
  <testcase classname="newMMIS_Subsystems.claims" name="test32270" time="0.0">
    <skipped/>
  </testcase> <!-- test32270 -->
  <testcase classname="newMMIS_Subsystems.claims" name="test32271" time="0.0">
    <skipped/>
  </testcase> <!-- test32271 -->
  <testcase classname="newMMIS_Subsystems.claims" name="test32272" time="0.0">
    <skipped/>
  </testcase> <!-- test32272 -->
  <testcase classname="newMMIS_Subsystems.claims" name="test32273" time="0.001">
    <skipped/>
  </testcase> <!-- test32273 -->
  <testcase classname="newMMIS_Subsystems.claims" name="test32274" time="0.0">
    <skipped/>
  </testcase> <!-- test32274 -->
  <testcase classname="newMMIS_Subsystems.claims" name="test32277" time="0.001">
    <skipped/>
  </testcase> <!-- test32277 -->
  <testcase classname="newMMIS_Subsystems.claims" name="test32279" time="0.0">
    <skipped/>
  </testcase> <!-- test32279 -->
  <testcase classname="newMMIS_Subsystems.claims" name="test32284" time="0.0">
    <skipped/>
  </testcase> <!-- test32284 -->
  <testcase classname="newMMIS_Subsystems.claims" name="test32286" time="0.001">
    <skipped/>
  </testcase> <!-- test32286 -->
  <testcase classname="newMMIS_Subsystems.claims" name="test32287" time="0.001">
    <skipped/>
  </testcase> <!-- test32287 -->
  <testcase classname="newMMIS_Subsystems.claims" name="test32288" time="0.0">
    <skipped/>
  </testcase> <!-- test32288 -->
  <testcase classname="newMMIS_Subsystems.claims" name="test32289" time="0.001">
    <skipped/>
  </testcase> <!-- test32289 -->
  <testcase classname="newMMIS_Subsystems.claims" name="test32290" time="0.0">
    <skipped/>
  </testcase> <!-- test32290 -->
  <testcase classname="newMMIS_Subsystems.claims" name="test32291" time="0.001">
    <skipped/>
  </testcase> <!-- test32291 -->
  <testcase classname="newMMIS_Subsystems.claims" name="test32292" time="0.001">
    <skipped/>
  </testcase> <!-- test32292 -->
  <testcase classname="newMMIS_Subsystems.claims" name="test32293" time="0.0">
    <skipped/>
  </testcase> <!-- test32293 -->
  <testcase classname="newMMIS_Subsystems.claims" name="test32310" time="0.001">
    <skipped/>
  </testcase> <!-- test32310 -->
  <testcase classname="newMMIS_Subsystems.claims" name="test32312" time="0.0">
    <skipped/>
  </testcase> <!-- test32312 -->
  <testcase classname="newMMIS_Subsystems.claims" name="test32313" time="0.001">
    <skipped/>
  </testcase> <!-- test32313 -->
  <testcase classname="newMMIS_Subsystems.claims" name="test32314" time="0.001">
    <skipped/>
  </testcase> <!-- test32314 -->
  <testcase classname="newMMIS_Subsystems.claims" name="test32315" time="0.001">
    <skipped/>
  </testcase> <!-- test32315 -->
  <testcase classname="newMMIS_Subsystems.claims" name="test32316" time="0.0">
    <skipped/>
  </testcase> <!-- test32316 -->
  <testcase classname="newMMIS_Subsystems.claims" name="test32317" time="0.001">
    <skipped/>
  </testcase> <!-- test32317 -->
  <testcase classname="newMMIS_Subsystems.claims" name="test32318" time="0.0">
    <skipped/>
  </testcase> <!-- test32318 -->
  <testcase classname="newMMIS_Subsystems.claims" name="test32320" time="0.001">
    <skipped/>
  </testcase> <!-- test32320 -->
  <testcase classname="newMMIS_Subsystems.claims" name="test32321" time="0.001">
    <skipped/>
  </testcase> <!-- test32321 -->
  <testcase classname="newMMIS_Subsystems.claims" name="test32323" time="0.0">
    <skipped/>
  </testcase> <!-- test32323 -->
  <testcase classname="newMMIS_Subsystems.claims" name="test32324" time="0.0">
    <skipped/>
  </testcase> <!-- test32324 -->
  <testcase classname="newMMIS_Subsystems.claims" name="test32325" time="0.001">
    <skipped/>
  </testcase> <!-- test32325 -->
  <testcase classname="newMMIS_Subsystems.claims" name="test32349" time="0.0">
    <skipped/>
  </testcase> <!-- test32349 -->
  <testcase classname="newMMIS_Subsystems.claims" name="test32387" time="0.001">
    <skipped/>
  </testcase> <!-- test32387 -->
  <testcase classname="newMMIS_Subsystems.claims" name="test32388" time="0.001">
    <skipped/>
  </testcase> <!-- test32388 -->
  <testcase classname="newMMIS_Subsystems.claims" name="test32389" time="0.0">
    <skipped/>
  </testcase> <!-- test32389 -->
  <testcase classname="newMMIS_Subsystems.claims" name="test32390" time="0.0">
    <skipped/>
  </testcase> <!-- test32390 -->
  <testcase classname="newMMIS_Subsystems.claims" name="test32392" time="0.0">
    <skipped/>
  </testcase> <!-- test32392 -->
  <testcase classname="newMMIS_Subsystems.claims" name="test32427" time="0.0">
    <skipped/>
  </testcase> <!-- test32427 -->
  <testcase classname="newMMIS_Subsystems.claims" name="test32468" time="0.001">
    <skipped/>
  </testcase> <!-- test32468 -->
  <testcase classname="newMMIS_Subsystems.claims" name="test32513" time="0.0">
    <skipped/>
  </testcase> <!-- test32513 -->
  <testcase classname="newMMIS_Subsystems.claims" name="test32517" time="0.0">
    <skipped/>
  </testcase> <!-- test32517 -->
  <testcase classname="newMMIS_Subsystems.claims" name="test33894" time="0.0">
    <skipped/>
  </testcase> <!-- test33894 -->
  <testcase classname="newMMIS_Subsystems.claims" name="test33908" time="0.0">
    <skipped/>
  </testcase> <!-- test33908 -->
  <testcase classname="newMMIS_Subsystems.claims" name="test33933" time="0.0">
    <skipped/>
  </testcase> <!-- test33933 -->
  <testcase classname="newMMIS_Subsystems.claims" name="test33934" time="0.001">
    <skipped/>
  </testcase> <!-- test33934 -->
  <testcase classname="newMMIS_Subsystems.claims" name="test33942" time="0.0">
    <skipped/>
  </testcase> <!-- test33942 -->
  <testcase classname="newMMIS_Subsystems.claims" name="test33974a" time="0.0">
    <skipped/>
  </testcase> <!-- test33974a -->
  <testcase classname="newMMIS_Subsystems.claims" name="test33974b" time="0.0">
    <skipped/>
  </testcase> <!-- test33974b -->
  <testcase classname="newMMIS_Subsystems.claims" name="test33986a" time="0.001">
    <skipped/>
  </testcase> <!-- test33986a -->
  <testcase classname="newMMIS_Subsystems.claims" name="test33986b" time="0.001">
    <skipped/>
  </testcase> <!-- test33986b -->
  <testcase classname="newMMIS_Subsystems.claims" name="test33988" time="0.001">
    <skipped/>
  </testcase> <!-- test33988 -->
  <testcase classname="newMMIS_Subsystems.claims" name="test33989a" time="0.0">
    <skipped/>
  </testcase> <!-- test33989a -->
  <testcase classname="newMMIS_Subsystems.claims" name="test33989b" time="0.0">
    <skipped/>
  </testcase> <!-- test33989b -->
  <testcase classname="newMMIS_Subsystems.claims" name="test33995" time="0.0">
    <skipped/>
  </testcase> <!-- test33995 -->
  <testcase classname="newMMIS_Subsystems.claims" name="test34114" time="0.001">
    <skipped/>
  </testcase> <!-- test34114 -->
  <testcase classname="newMMIS_Subsystems.claims" name="test34124" time="0.0">
    <skipped/>
  </testcase> <!-- test34124 -->
  <testcase classname="newMMIS_Subsystems.claims" name="test34125" time="0.001">
    <skipped/>
  </testcase> <!-- test34125 -->
  <testcase classname="newMMIS_Subsystems.claims" name="test34141" time="0.0">
    <skipped/>
  </testcase> <!-- test34141 -->
  <testcase classname="newMMIS_Subsystems.claims" name="test34143a" time="0.0">
    <skipped/>
  </testcase> <!-- test34143a -->
  <testcase classname="newMMIS_Subsystems.claims" name="test34143b" time="0.0">
    <skipped/>
  </testcase> <!-- test34143b -->
  <testcase classname="newMMIS_Subsystems.claims" name="test34143c" time="0.0">
    <skipped/>
  </testcase> <!-- test34143c -->
  <testcase classname="newMMIS_Subsystems.claims" name="test34199" time="0.0">
    <skipped/>
  </testcase> <!-- test34199 -->
  <testcase classname="newMMIS_Subsystems.claims" name="test34305a" time="0.0">
    <skipped/>
  </testcase> <!-- test34305a -->
  <testcase classname="newMMIS_Subsystems.claims" name="test34305b" time="0.0">
    <skipped/>
  </testcase> <!-- test34305b -->
  <testcase classname="newMMIS_Subsystems.claims" name="test34306" time="0.001">
    <skipped/>
  </testcase> <!-- test34306 -->
  <testcase classname="newMMIS_Subsystems.claims" name="test34530" time="0.001">
    <skipped/>
  </testcase> <!-- test34530 -->
  <testcase classname="newMMIS_Subsystems.claims" name="test34531" time="0.0">
    <skipped/>
  </testcase> <!-- test34531 -->
  <testcase classname="newMMIS_Subsystems.claims" name="test34532" time="0.0">
    <skipped/>
  </testcase> <!-- test34532 -->
  <testcase classname="newMMIS_Subsystems.claims" name="test34533" time="0.001">
    <skipped/>
  </testcase> <!-- test34533 -->
  <testcase classname="newMMIS_Subsystems.claims" name="test34534" time="0.001">
    <skipped/>
  </testcase> <!-- test34534 -->
  <testcase classname="newMMIS_Subsystems.claims" name="test34545" time="0.0">
    <skipped/>
  </testcase> <!-- test34545 -->
  <testcase classname="newMMIS_Subsystems.claims" name="test34549" time="0.0">
    <skipped/>
  </testcase> <!-- test34549 -->
  <testcase classname="newMMIS_Subsystems.claims" name="test34550" time="0.0">
    <skipped/>
  </testcase> <!-- test34550 -->
  <testcase classname="newMMIS_Subsystems.claims" name="test34551" time="0.001">
    <skipped/>
  </testcase> <!-- test34551 -->
  <testcase classname="newMMIS_Subsystems.claims" name="test34553" time="0.001">
    <skipped/>
  </testcase> <!-- test34553 -->
  <testcase classname="newMMIS_Subsystems.claims" name="test34556a" time="0.003">
    <skipped/>
  </testcase> <!-- test34556a -->
  <testcase classname="newMMIS_Subsystems.claims" name="test34556b" time="0.0">
    <skipped/>
  </testcase> <!-- test34556b -->
  <testcase classname="newMMIS_Subsystems.claims" name="test34557a" time="0.0">
    <skipped/>
  </testcase> <!-- test34557a -->
  <testcase classname="newMMIS_Subsystems.claims" name="test34557b" time="0.001">
    <skipped/>
  </testcase> <!-- test34557b -->
  <testcase classname="newMMIS_Subsystems.claims" name="test34653" time="0.001">
    <skipped/>
  </testcase> <!-- test34653 -->
  <testcase classname="newMMIS_Subsystems.claims" name="test34654" time="0.001">
    <skipped/>
  </testcase> <!-- test34654 -->
  <testcase classname="newMMIS_Subsystems.claims" name="test34659" time="0.0">
    <skipped/>
  </testcase> <!-- test34659 -->
  <testcase classname="newMMIS_Subsystems.claims" name="test34660" time="0.001">
    <skipped/>
  </testcase> <!-- test34660 -->
  <testcase classname="newMMIS_Subsystems.claims" name="test34661" time="0.001">
    <skipped/>
  </testcase> <!-- test34661 -->
  <testcase classname="newMMIS_Subsystems.claims" name="test35679" time="0.001">
    <skipped/>
  </testcase> <!-- test35679 -->
  <testcase classname="newMMIS_Subsystems.claims" name="test35685" time="0.0">
    <skipped/>
  </testcase> <!-- test35685 -->
  <testcase classname="newMMIS_Subsystems.claims" name="test35704" time="0.001">
    <skipped/>
  </testcase> <!-- test35704 -->
  <testcase classname="newMMIS_Subsystems.claims" name="test35711" time="0.001">
    <skipped/>
  </testcase> <!-- test35711 -->
  <testcase classname="newMMIS_Subsystems.claims" name="test35715" time="0.001">
    <skipped/>
  </testcase> <!-- test35715 -->
  <testcase classname="newMMIS_Subsystems.claims" name="test35885" time="0.0">
    <skipped/>
  </testcase> <!-- test35885 -->
  <testcase classname="newMMIS_Subsystems.claims" name="test35888" time="0.001">
    <skipped/>
  </testcase> <!-- test35888 -->
  <testcase classname="newMMIS_Subsystems.claims" name="test35890" time="0.001">
    <skipped/>
  </testcase> <!-- test35890 -->
  <testcase classname="newMMIS_Subsystems.claims" name="test35892" time="0.0">
    <skipped/>
  </testcase> <!-- test35892 -->
  <testcase classname="newMMIS_Subsystems.claims" name="test35904" time="0.0">
    <skipped/>
  </testcase> <!-- test35904 -->
  <testcase classname="newMMIS_Subsystems.claims" name="test35911" time="0.0">
    <skipped/>
  </testcase> <!-- test35911 -->
  <testcase classname="newMMIS_Subsystems.claims" name="test35932" time="0.001">
    <skipped/>
  </testcase> <!-- test35932 -->
  <testcase classname="newMMIS_Subsystems.claims" name="test35941A" time="0.001">
    <skipped/>
  </testcase> <!-- test35941A -->
  <testcase classname="newMMIS_Subsystems.claims" name="test35941B" time="0.0">
    <skipped/>
  </testcase> <!-- test35941B -->
  <testcase classname="newMMIS_Subsystems.claims" name="test35949" time="0.001">
    <skipped/>
  </testcase> <!-- test35949 -->
  <testcase classname="newMMIS_Subsystems.claims" name="test35960" time="0.001">
    <skipped/>
  </testcase> <!-- test35960 -->
  <testcase classname="newMMIS_Subsystems.claims" name="test35963" time="0.001">
    <skipped/>
  </testcase> <!-- test35963 -->
  <testcase classname="newMMIS_Subsystems.claims" name="test35993" time="0.001">
    <skipped/>
  </testcase> <!-- test35993 -->
  <testcase classname="newMMIS_Subsystems.claims" name="test35996" time="0.001">
    <skipped/>
  </testcase> <!-- test35996 -->
  <testcase classname="newMMIS_Subsystems.claims" name="test36775" time="0.001">
    <skipped/>
  </testcase> <!-- test36775 -->
  <testcase classname="newMMIS_Subsystems.claims" name="test36784" time="0.0">
    <skipped/>
  </testcase> <!-- test36784 -->
  <testcase classname="newMMIS_Subsystems.claims" name="test38612" time="0.0">
    <skipped/>
  </testcase> <!-- test38612 -->
  <testcase classname="newMMIS_Subsystems.claims" name="test38923" time="0.001">
    <skipped/>
  </testcase> <!-- test38923 -->
  <testcase classname="newMMIS_Subsystems.claims" name="test38932" time="0.001">
    <skipped/>
  </testcase> <!-- test38932 -->
  <testcase classname="newMMIS_Subsystems.claims" name="test39053" time="0.001">
    <skipped/>
  </testcase> <!-- test39053 -->
  <testcase classname="newMMIS_Subsystems.claims" name="test39135" time="0.001">
    <skipped/>
  </testcase> <!-- test39135 -->
  <testcase classname="newMMIS_Subsystems.claims" name="test39153" time="0.001">
    <skipped/>
  </testcase> <!-- test39153 -->
  <testcase classname="newMMIS_Subsystems.claims" name="test39248" time="0.0">
    <skipped/>
  </testcase> <!-- test39248 -->
  <testcase classname="newMMIS_Subsystems.claims" name="test39251" time="0.001">
    <skipped/>
  </testcase> <!-- test39251 -->
  <testcase classname="newMMIS_Subsystems.claims" name="test39252" time="0.001">
    <skipped/>
  </testcase> <!-- test39252 -->
  <testcase classname="newMMIS_Subsystems.claims" name="test39253" time="0.001">
    <skipped/>
  </testcase> <!-- test39253 -->
  <testcase classname="newMMIS_Subsystems.claims" name="test39272" time="0.0">
    <skipped/>
  </testcase> <!-- test39272 -->
  <testcase classname="newMMIS_Subsystems.claims" name="test39538" time="0.001">
    <skipped/>
  </testcase> <!-- test39538 -->
  <testcase classname="newMMIS_Subsystems.claims" name="test39539a" time="0.001">
    <skipped/>
  </testcase> <!-- test39539a -->
  <testcase classname="newMMIS_Subsystems.claims" name="test39539b" time="0.001">
    <skipped/>
  </testcase> <!-- test39539b -->
  <testcase classname="newMMIS_Subsystems.claims" name="test39618" time="0.0">
    <skipped/>
  </testcase> <!-- test39618 -->
  <testcase classname="newMMIS_Subsystems.claims" name="test39619" time="0.0">
    <skipped/>
  </testcase> <!-- test39619 -->
  <testcase classname="newMMIS_Subsystems.claims" name="test41409" time="0.001">
    <skipped/>
  </testcase> <!-- test41409 -->
  <testcase classname="newMMIS_Subsystems.claims" name="test41412" time="0.0">
    <skipped/>
  </testcase> <!-- test41412 -->
  <testcase classname="newMMIS_Subsystems.claims" name="test41498" time="0.0">
    <skipped/>
  </testcase> <!-- test41498 -->
  <testcase classname="newMMIS_Subsystems.claims" name="test41506" time="0.0">
    <skipped/>
  </testcase> <!-- test41506 -->
  <testcase classname="newMMIS_Subsystems.claims" name="test41507" time="0.0">
    <skipped/>
  </testcase> <!-- test41507 -->
  <testcase classname="newMMIS_Subsystems.claims" name="test41510" time="0.001">
    <skipped/>
  </testcase> <!-- test41510 -->
  <testcase classname="newMMIS_Subsystems.claims" name="test41512" time="0.001">
    <skipped/>
  </testcase> <!-- test41512 -->
  <testcase classname="newMMIS_Subsystems.claims" name="test41514" time="0.0">
    <skipped/>
  </testcase> <!-- test41514 -->
  <testcase classname="newMMIS_Subsystems.claims" name="test41515" time="0.0">
    <skipped/>
  </testcase> <!-- test41515 -->
  <testcase classname="newMMIS_Subsystems.claims" name="test41534" time="0.0">
    <skipped/>
  </testcase> <!-- test41534 -->
  <testcase classname="newMMIS_Subsystems.claims" name="test41541" time="0.0">
    <skipped/>
  </testcase> <!-- test41541 -->
  <testcase classname="newMMIS_Subsystems.claims" name="test42033" time="0.0">
    <skipped/>
  </testcase> <!-- test42033 -->
  <testcase classname="newMMIS_Subsystems.claims" name="test42035" time="0.001">
    <skipped/>
  </testcase> <!-- test42035 -->
  <testcase classname="newMMIS_Subsystems.claims" name="test43479" time="0.0">
    <skipped/>
  </testcase> <!-- test43479 -->
  <testcase classname="newMMIS_Subsystems.claims" name="test43507" time="0.001">
    <skipped/>
  </testcase> <!-- test43507 -->
  <testcase classname="newMMIS_Subsystems.claims" name="test43824" time="0.001">
    <skipped/>
  </testcase> <!-- test43824 -->
  <testcase classname="newMMIS_Subsystems.claims" name="test46046" time="0.0">
    <skipped/>
  </testcase> <!-- test46046 -->
  <testcase classname="newMMIS_Subsystems.claims" name="test46048" time="0.001">
    <skipped/>
  </testcase> <!-- test46048 -->
  <testcase classname="newMMIS_Subsystems.claims" name="test46050" time="0.001">
    <skipped/>
  </testcase> <!-- test46050 -->
  <testcase classname="newMMIS_Subsystems.claims" name="test46051" time="0.001">
    <skipped/>
  </testcase> <!-- test46051 -->
  <testcase classname="newMMIS_Subsystems.claims" name="test46052" time="0.001">
    <skipped/>
  </testcase> <!-- test46052 -->
  <testcase classname="newMMIS_Subsystems.claims" name="test46053" time="0.0">
    <skipped/>
  </testcase> <!-- test46053 -->
  <testcase classname="newMMIS_Subsystems.claims" name="test46054" time="0.001">
    <skipped/>
  </testcase> <!-- test46054 -->
  <testcase classname="newMMIS_Subsystems.claims" name="test46055" time="0.001">
    <skipped/>
  </testcase> <!-- test46055 -->
  <testcase classname="newMMIS_Subsystems.claims" name="test46058" time="0.0">
    <skipped/>
  </testcase> <!-- test46058 -->
  <testcase classname="newMMIS_Subsystems.claims" name="test46059" time="0.0">
    <skipped/>
  </testcase> <!-- test46059 -->
  <testcase classname="newMMIS_Subsystems.claims" name="test46061" time="0.0">
    <skipped/>
  </testcase> <!-- test46061 -->
  <testcase classname="newMMIS_Subsystems.claims" name="test46062" time="0.0">
    <skipped/>
  </testcase> <!-- test46062 -->
  <testcase classname="newMMIS_Subsystems.claims" name="test46064" time="0.0">
    <skipped/>
  </testcase> <!-- test46064 -->
</testsuite> <!-- COB Claims Test -->
