<?xml version="1.0" encoding="UTF-8"?>
<!-- Generated by org.testng.reporters.JUnitXMLReporter -->
<testsuite hostname="GANDHIAN1" name="ManagedcareDay2 test" tests="1" failures="1" timestamp="1 Jul 2014 17:35:51 GMT" time="5.707" errors="0">
  <testcase name="test27058" time="2.564" classname="newMMIS_Subsystems.ManagedcareDay2">
    <failure type="java.lang.AssertionError" message="End Date segment is not found in MSTD output 834 file expected [true] but found [false]">
      <![CDATA[java.lang.AssertionError: End Date segment is not found in MSTD output 834 file expected [true] but found [false]
	at newMMIS_Subsystems.ManagedcareDay2.test27058(Unknown Source)
... Removed 26 stack frames]]>
    </failure>
  </testcase> <!-- test27058 -->
</testsuite> <!-- ManagedcareDay2 test -->
