<?xml version="1.0" encoding="UTF-8"?>
<!-- Generated by org.testng.reporters.JUnitXMLReporter -->
<testsuite hostname="GANDHIAN1" name="Portal1 test" tests="139" failures="7" timestamp="19 Sep 2013 02:59:33 GMT" time="5559.271" errors="0">
  <testcase name="RM_1_035" time="10.146" classname="newMMIS_Subsystems.Portal1"/>
  <testcase name="RM_2_111" time="8.123" classname="newMMIS_Subsystems.Portal1"/>
  <testcase name="RM_3_116" time="7.649" classname="newMMIS_Subsystems.Portal1"/>
  <testcase name="RM_5_480" time="8.033" classname="newMMIS_Subsystems.Portal1"/>
  <testcase name="RM_6_480" time="7.785" classname="newMMIS_Subsystems.Portal1"/>
  <testcase name="RM_7_485" time="8.928" classname="newMMIS_Subsystems.Portal1"/>
  <testcase name="RM_8_485" time="7.298" classname="newMMIS_Subsystems.Portal1"/>
  <testcase name="RM_9_516" time="8.792" classname="newMMIS_Subsystems.Portal1"/>
  <testcase name="RM_10_006" time="7.635" classname="newMMIS_Subsystems.Portal1"/>
  <testcase name="RM_12_031" time="9.436" classname="newMMIS_Subsystems.Portal1"/>
  <testcase name="RM_13_036" time="7.329" classname="newMMIS_Subsystems.Portal1"/>
  <testcase name="RM_14_041" time="7.826" classname="newMMIS_Subsystems.Portal1"/>
  <testcase name="RM_15_046" time="8.48" classname="newMMIS_Subsystems.Portal1"/>
  <testcase name="RM_16_051" time="9.485" classname="newMMIS_Subsystems.Portal1"/>
  <testcase name="RM_19_171" time="9.509" classname="newMMIS_Subsystems.Portal1"/>
  <testcase name="RM_20_201" time="9.406" classname="newMMIS_Subsystems.Portal1"/>
  <testcase name="RM_20_231" time="7.208" classname="newMMIS_Subsystems.Portal1"/>
  <testcase name="RM_28_391" time="9.424" classname="newMMIS_Subsystems.Portal1"/>
  <testcase name="RM_29_495" time="8.835" classname="newMMIS_Subsystems.Portal1"/>
  <testcase name="RM_30_495" time="8.99" classname="newMMIS_Subsystems.Portal1"/>
  <testcase name="RM_31_495" time="4.25" classname="newMMIS_Subsystems.Portal1">
    <skipped/>
  </testcase> <!-- RM_31_495 -->
  <testcase name="RM_32_495" time="7.328" classname="newMMIS_Subsystems.Portal1"/>
  <testcase name="RM_34_520" time="8.829" classname="newMMIS_Subsystems.Portal1"/>
  <testcase name="RM_35_522" time="7.11" classname="newMMIS_Subsystems.Portal1">
    <failure type="java.lang.AssertionError" message="Did not get RM 35 / 522 Eligible for emergency services only. expected [true] but found [false]">
      <![CDATA[java.lang.AssertionError: Did not get RM 35 / 522 Eligible for emergency services only. expected [true] but found [false]
	at newMMIS_Subsystems.Portal1.rmCommon(Unknown Source)
	at newMMIS_Subsystems.Portal1.RM_35_522(Unknown Source)
... Removed 26 stack frames]]>
    </failure>
  </testcase> <!-- RM_35_522 -->
  <testcase name="RM_40_601" time="9.605" classname="newMMIS_Subsystems.Portal1"/>
  <testcase name="RM_41_602" time="7.462" classname="newMMIS_Subsystems.Portal1"/>
  <testcase name="RM_42_603" time="7.528" classname="newMMIS_Subsystems.Portal1"/>
  <testcase name="RM_43_604" time="5.604" classname="newMMIS_Subsystems.Portal1"/>
  <testcase name="RM_45_608" time="6.833" classname="newMMIS_Subsystems.Portal1"/>
  <testcase name="RM_46_611" time="10.301" classname="newMMIS_Subsystems.Portal1"/>
  <testcase name="RM_48_612" time="7.237" classname="newMMIS_Subsystems.Portal1"/>
  <testcase name="RM_49_612" time="7.401" classname="newMMIS_Subsystems.Portal1"/>
  <testcase name="RM_50_613" time="6.141" classname="newMMIS_Subsystems.Portal1"/>
  <testcase name="RM_51_613" time="7.845" classname="newMMIS_Subsystems.Portal1"/>
  <testcase name="RM_68_126" time="7.034" classname="newMMIS_Subsystems.Portal1"/>
  <testcase name="RM_71_071" time="8.648" classname="newMMIS_Subsystems.Portal1"/>
  <testcase name="RM_74_490" time="7.333" classname="newMMIS_Subsystems.Portal1"/>
  <testcase name="RM_76_525" time="33.94" classname="newMMIS_Subsystems.Portal1"/>
  <testcase name="RM_89_646" time="691.757" classname="newMMIS_Subsystems.Portal1"/>
  <testcase name="RM_121_121" time="6.173" classname="newMMIS_Subsystems.Portal1"/>
  <testcase name="RM_186_186" time="1169.35" classname="newMMIS_Subsystems.Portal1"/>
  <testcase name="RM_246_246" time="1100.812" classname="newMMIS_Subsystems.Portal1"/>
  <testcase name="RM_271_271" time="3.254" classname="newMMIS_Subsystems.Portal1">
    <skipped/>
  </testcase> <!-- RM_271_271 -->
  <testcase name="RM_366_366" time="7.053" classname="newMMIS_Subsystems.Portal1"/>
  <testcase name="RM_461_461" time="6.439" classname="newMMIS_Subsystems.Portal1"/>
  <testcase name="RM_530_530" time="55.789" classname="newMMIS_Subsystems.Portal1"/>
  <testcase name="RM_596_596" time="10.58" classname="newMMIS_Subsystems.Portal1"/>
  <testcase name="RM_597_597" time="5.219" classname="newMMIS_Subsystems.Portal1"/>
  <testcase name="RM_614_614" time="5.678" classname="newMMIS_Subsystems.Portal1"/>
  <testcase name="RM_640_640" time="7.722" classname="newMMIS_Subsystems.Portal1"/>
  <testcase name="RM_650_650" time="443.534" classname="newMMIS_Subsystems.Portal1"/>
  <testcase name="RM_740_311" time="11.811" classname="newMMIS_Subsystems.Portal1"/>
  <testcase name="RM_741_311" time="17.357" classname="newMMIS_Subsystems.Portal1"/>
  <testcase name="RM_742_311" time="6.397" classname="newMMIS_Subsystems.Portal1"/>
  <testcase name="RM_747_021" time="6.406" classname="newMMIS_Subsystems.Portal1"/>
  <testcase name="RM_748_021" time="65.444" classname="newMMIS_Subsystems.Portal1"/>
  <testcase name="RM_749_021" time="63.905" classname="newMMIS_Subsystems.Portal1"/>
  <testcase name="RM_770_648" time="5.548" classname="newMMIS_Subsystems.Portal1"/>
  <testcase name="RM_773_500" time="5.988" classname="newMMIS_Subsystems.Portal1"/>
  <testcase name="RM_791_637" time="5.162" classname="newMMIS_Subsystems.Portal1"/>
  <testcase name="RM_792_637" time="6.155" classname="newMMIS_Subsystems.Portal1"/>
  <testcase name="RM_827_386" time="6.497" classname="newMMIS_Subsystems.Portal1"/>
  <testcase name="RM_831_386" time="7.055" classname="newMMIS_Subsystems.Portal1"/>
  <testcase name="RM_832_386" time="5.457" classname="newMMIS_Subsystems.Portal1"/>
  <testcase name="RM_840_386" time="2.261" classname="newMMIS_Subsystems.Portal1">
    <skipped/>
  </testcase> <!-- RM_840_386 -->
  <testcase name="RM_841_386" time="2.268" classname="newMMIS_Subsystems.Portal1">
    <skipped/>
  </testcase> <!-- RM_841_386 -->
  <testcase name="RM_853_636" time="5.143" classname="newMMIS_Subsystems.Portal1"/>
  <testcase name="RM_915_647" time="5.122" classname="newMMIS_Subsystems.Portal1"/>
  <testcase name="RM_936_656" time="4.337" classname="newMMIS_Subsystems.Portal1">
    <skipped/>
  </testcase> <!-- RM_936_656 -->
  <testcase name="RM_937_656" time="5.717" classname="newMMIS_Subsystems.Portal1"/>
  <testcase name="RM_938_656" time="5.648" classname="newMMIS_Subsystems.Portal1"/>
  <testcase name="RM_939_656" time="5.704" classname="newMMIS_Subsystems.Portal1"/>
  <testcase name="RM_940_656" time="5.482" classname="newMMIS_Subsystems.Portal1"/>
  <testcase name="RM_941_656" time="5.359" classname="newMMIS_Subsystems.Portal1"/>
  <testcase name="RM_942_656" time="6.576" classname="newMMIS_Subsystems.Portal1"/>
  <testcase name="RM_943_657" time="5.963" classname="newMMIS_Subsystems.Portal1"/>
  <testcase name="RM_944_657" time="6.147" classname="newMMIS_Subsystems.Portal1"/>
  <testcase name="RM_945_657" time="5.941" classname="newMMIS_Subsystems.Portal1"/>
  <testcase name="RM_946_657" time="5.575" classname="newMMIS_Subsystems.Portal1"/>
  <testcase name="RM_947_657" time="6.204" classname="newMMIS_Subsystems.Portal1"/>
  <testcase name="RM_948_657" time="5.596" classname="newMMIS_Subsystems.Portal1"/>
  <testcase name="RM_949_657" time="2.331" classname="newMMIS_Subsystems.Portal1">
    <skipped/>
  </testcase> <!-- RM_949_657 -->
  <testcase name="RM_985_658" time="5.337" classname="newMMIS_Subsystems.Portal1"/>
  <testcase name="RM_986_661" time="5.891" classname="newMMIS_Subsystems.Portal1"/>
  <testcase name="RM_987_662" time="5.916" classname="newMMIS_Subsystems.Portal1"/>
  <testcase name="RM_1055_617" time="15.39" classname="newMMIS_Subsystems.Portal1"/>
  <testcase name="RM_1056_617" time="67.279" classname="newMMIS_Subsystems.Portal1"/>
  <testcase name="RM_1059_618" time="7.449" classname="newMMIS_Subsystems.Portal1"/>
  <testcase name="RM_1060_618" time="71.402" classname="newMMIS_Subsystems.Portal1"/>
  <testcase name="RM_1061_618" time="72.385" classname="newMMIS_Subsystems.Portal1"/>
  <testcase name="RM_1063_619" time="9.154" classname="newMMIS_Subsystems.Portal1"/>
  <testcase name="RM_1064_619" time="15.646" classname="newMMIS_Subsystems.Portal1"/>
  <testcase name="RM_1065_619" time="9.014" classname="newMMIS_Subsystems.Portal1"/>
  <testcase name="RM_1119_663" time="8.047" classname="newMMIS_Subsystems.Portal1"/>
  <testcase name="RM_1120_664" time="6.081" classname="newMMIS_Subsystems.Portal1"/>
  <testcase name="RM_1136_616" time="14.884" classname="newMMIS_Subsystems.Portal1"/>
  <testcase name="RM_1137_616" time="8.222" classname="newMMIS_Subsystems.Portal1"/>
  <testcase name="RM_1138_616" time="8.269" classname="newMMIS_Subsystems.Portal1"/>
  <testcase name="RM_1144_056" time="8.551" classname="newMMIS_Subsystems.Portal1"/>
  <testcase name="RM_1145_056" time="9.024" classname="newMMIS_Subsystems.Portal1"/>
  <testcase name="RM_1146_056" time="7.849" classname="newMMIS_Subsystems.Portal1"/>
  <testcase name="RM_1147_056" time="7.348" classname="newMMIS_Subsystems.Portal1"/>
  <testcase name="RM_1148_616" time="8.664" classname="newMMIS_Subsystems.Portal1"/>
  <testcase name="RM_1151_634" time="6.39" classname="newMMIS_Subsystems.Portal1"/>
  <testcase name="RM_1155_634" time="5.893" classname="newMMIS_Subsystems.Portal1"/>
  <testcase name="RM_1156_634" time="5.687" classname="newMMIS_Subsystems.Portal1"/>
  <testcase name="RM_1157_634" time="6.19" classname="newMMIS_Subsystems.Portal1"/>
  <testcase name="RM_1158_634" time="5.595" classname="newMMIS_Subsystems.Portal1"/>
  <testcase name="RM_1231_665" time="6.991" classname="newMMIS_Subsystems.Portal1">
    <failure type="java.lang.AssertionError" message="Did not get RM 1231 / 665 Senior Care Options. Payment limited to SCO. Authorization needed for all services except emergencies. Call Tufts Health Plan Senior Care Options - 855-670-5934 expected [true] but found [false]">
      <![CDATA[java.lang.AssertionError: Did not get RM 1231 / 665 Senior Care Options. Payment limited to SCO. Authorization needed for all services except emergencies. Call Tufts Health Plan Senior Care Options - 855-670-5934 expected [true] but found [false]
	at newMMIS_Subsystems.Portal1.rmCommon(Unknown Source)
	at newMMIS_Subsystems.Portal1.RM_1231_665(Unknown Source)
... Removed 26 stack frames]]>
    </failure>
  </testcase> <!-- RM_1231_665 -->
  <testcase name="RM_950_611" time="6.504" classname="newMMIS_Subsystems.Portal1"/>
  <testcase name="RM_951_611" time="6.281" classname="newMMIS_Subsystems.Portal1"/>
  <testcase name="RM_952_611" time="6.016" classname="newMMIS_Subsystems.Portal1"/>
  <testcase name="RM_953_611" time="5.86" classname="newMMIS_Subsystems.Portal1">
    <failure type="java.lang.AssertionError" message="Did not get RM 953 / 611 Member is Qualified Medicare Beneficiary. See 130 CMR 519.010. expected [true] but found [false]">
      <![CDATA[java.lang.AssertionError: Did not get RM 953 / 611 Member is Qualified Medicare Beneficiary. See 130 CMR 519.010. expected [true] but found [false]
	at newMMIS_Subsystems.Portal1.rmCommon(Unknown Source)
	at newMMIS_Subsystems.Portal1.RM_953_611(Unknown Source)
... Removed 26 stack frames]]>
    </failure>
  </testcase> <!-- RM_953_611 -->
  <testcase name="RM_954_611" time="5.546" classname="newMMIS_Subsystems.Portal1"/>
  <testcase name="RM_955_611" time="8.57" classname="newMMIS_Subsystems.Portal1"/>
  <testcase name="RM_956_611" time="5.348" classname="newMMIS_Subsystems.Portal1"/>
  <testcase name="RM_957_611" time="6.463" classname="newMMIS_Subsystems.Portal1"/>
  <testcase name="RM_958_611" time="8.901" classname="newMMIS_Subsystems.Portal1">
    <skipped/>
  </testcase> <!-- RM_958_611 -->
  <testcase name="RM_959_611" time="2.359" classname="newMMIS_Subsystems.Portal1">
    <skipped/>
  </testcase> <!-- RM_959_611 -->
  <testcase name="RM_960_611" time="6.217" classname="newMMIS_Subsystems.Portal1">
    <failure type="java.lang.AssertionError" message="Did not get RM 960 / 611 Member is Qualified Medicare Beneficiary. See 130 CMR 519.010. expected [true] but found [false]">
      <![CDATA[java.lang.AssertionError: Did not get RM 960 / 611 Member is Qualified Medicare Beneficiary. See 130 CMR 519.010. expected [true] but found [false]
	at newMMIS_Subsystems.Portal1.rmCommon(Unknown Source)
	at newMMIS_Subsystems.Portal1.RM_960_611(Unknown Source)
... Removed 26 stack frames]]>
    </failure>
  </testcase> <!-- RM_960_611 -->
  <testcase name="RM_962_611" time="5.83" classname="newMMIS_Subsystems.Portal1"/>
  <testcase name="RM_963_611" time="5.671" classname="newMMIS_Subsystems.Portal1"/>
  <testcase name="RM_964_611" time="5.466" classname="newMMIS_Subsystems.Portal1"/>
  <testcase name="RM_965_611" time="6.283" classname="newMMIS_Subsystems.Portal1">
    <failure type="java.lang.AssertionError" message="Did not get RM 965 / 611 Member is Qualified Medicare Beneficiary. See 130 CMR 519.010. expected [true] but found [false]">
      <![CDATA[java.lang.AssertionError: Did not get RM 965 / 611 Member is Qualified Medicare Beneficiary. See 130 CMR 519.010. expected [true] but found [false]
	at newMMIS_Subsystems.Portal1.rmCommon(Unknown Source)
	at newMMIS_Subsystems.Portal1.RM_965_611(Unknown Source)
... Removed 26 stack frames]]>
    </failure>
  </testcase> <!-- RM_965_611 -->
  <testcase name="RM_966_611" time="7.114" classname="newMMIS_Subsystems.Portal1"/>
  <testcase name="RM_967_611" time="5.138" classname="newMMIS_Subsystems.Portal1"/>
  <testcase name="RM_968_611" time="6.035" classname="newMMIS_Subsystems.Portal1"/>
  <testcase name="RM_969_611" time="2.651" classname="newMMIS_Subsystems.Portal1">
    <skipped/>
  </testcase> <!-- RM_969_611 -->
  <testcase name="RM_970_611" time="12.235" classname="newMMIS_Subsystems.Portal1"/>
  <testcase name="RM_971_611" time="42.782" classname="newMMIS_Subsystems.Portal1"/>
  <testcase name="RM_972_611" time="5.274" classname="newMMIS_Subsystems.Portal1"/>
  <testcase name="RM_973_611" time="5.964" classname="newMMIS_Subsystems.Portal1">
    <failure type="java.lang.AssertionError" message="Did not get RM 973 / 611 Member is Qualified Medicare Beneficiary. See 130 CMR 519.010. expected [true] but found [false]">
      <![CDATA[java.lang.AssertionError: Did not get RM 973 / 611 Member is Qualified Medicare Beneficiary. See 130 CMR 519.010. expected [true] but found [false]
	at newMMIS_Subsystems.Portal1.rmCommon(Unknown Source)
	at newMMIS_Subsystems.Portal1.RM_973_611(Unknown Source)
... Removed 26 stack frames]]>
    </failure>
  </testcase> <!-- RM_973_611 -->
  <testcase name="RM_974_611" time="5.333" classname="newMMIS_Subsystems.Portal1"/>
  <testcase name="RM_975_611" time="5.447" classname="newMMIS_Subsystems.Portal1">
    <failure type="java.lang.AssertionError" message="Did not get RM 975 / 611 Member is Qualified Medicare Beneficiary. See 130 CMR 519.010. expected [true] but found [false]">
      <![CDATA[java.lang.AssertionError: Did not get RM 975 / 611 Member is Qualified Medicare Beneficiary. See 130 CMR 519.010. expected [true] but found [false]
	at newMMIS_Subsystems.Portal1.rmCommon(Unknown Source)
	at newMMIS_Subsystems.Portal1.RM_975_611(Unknown Source)
... Removed 26 stack frames]]>
    </failure>
  </testcase> <!-- RM_975_611 -->
  <testcase name="RM_976_611" time="6.967" classname="newMMIS_Subsystems.Portal1"/>
  <testcase name="RM_977_611" time="5.692" classname="newMMIS_Subsystems.Portal1"/>
  <testcase name="RM_980_611" time="2.499" classname="newMMIS_Subsystems.Portal1">
    <skipped/>
  </testcase> <!-- RM_980_611 -->
  <testcase name="RM_981_611" time="2.519" classname="newMMIS_Subsystems.Portal1">
    <skipped/>
  </testcase> <!-- RM_981_611 -->
  <testcase name="RM_982_611" time="2.685" classname="newMMIS_Subsystems.Portal1">
    <skipped/>
  </testcase> <!-- RM_982_611 -->
</testsuite> <!-- Portal1 test -->
